<?xml version="1.0" encoding="UTF-8"?>
<testsuite name="tests.ResponseJSONSchemeTests" tests="2" skipped="0" failures="0" errors="0" timestamp="2024-05-13T12:52:03" hostname="MacBook-Pro.local" time="2.073">
  <properties/>
  <testcase name="checkNewsSectionNamesSuccessfulStatusCode()" classname="tests.ResponseJSONSchemeTests" time="1.35"/>
  <testcase name="checkCorsNewsSectionNamesSuccessfulStatusCode()" classname="tests.ResponseJSONSchemeTests" time="0.721"/>
  <system-out><![CDATA[Request URI:	https://ok.surf/api/v1/news-section-names
HTTP/1.1 200 OK
[
    "US",
    "World",
    "Business",
    "Technology",
    "Entertainment",
    "Sports",
    "Science",
    "Health"
]
Request URI:	https://ok.surf/api/v1/cors/news-section-names
HTTP/1.1 200 OK
[
    "US",
    "World",
    "Business",
    "Technology",
    "Entertainment",
    "Sports",
    "Science",
    "Health"
]
]]></system-out>
  <system-err><![CDATA[]]></system-err>
</testsuite>
