<?xml version="1.0" encoding="UTF-8"?>
<testsuite name="tests.SuccessStatusCodeTests" tests="5" skipped="0" failures="0" errors="0" timestamp="2024-05-14T11:07:44" hostname="MacBook-Pro.local" time="3.816">
  <properties/>
  <testcase name="Позитивная проверка на статус код при получении списка новостей (CORS)" classname="tests.SuccessStatusCodeTests" time="0.794"/>
  <testcase name="Позитивная проверка на статус код при получении списка заголовков новостей" classname="tests.SuccessStatusCodeTests" time="0.428"/>
  <testcase name="Позитивная проверка на статус код при получении списка заголовков новостей" classname="tests.SuccessStatusCodeTests" time="0.438"/>
  <testcase name="Позитивная проверка на статус код при получении списка новостей" classname="tests.SuccessStatusCodeTests" time="0.994"/>
  <testcase name="Позитивная проверка на статус код при получении списка новостей по определенным заголовкам" classname="tests.SuccessStatusCodeTests" time="1.152"/>
  <system-out><![CDATA[Request URI:	https://ok.surf/api/v1/cors/news-feed
{
    "Business": [
        {
            "link": "https://news.google.com/articles/CBMiaGh0dHBzOi8vd3d3LnRoZWd1YXJkaWFuLmNvbS9idXNpbmVzcy9hcnRpY2xlLzIwMjQvbWF5LzE0L2pvZS1iaWRlbi10YXJpZmYtY2hpbmVzZS1tYWRlLWVsZWN0cmljLXZlaGljbGVz0gFoaHR0cHM6Ly9hbXAudGhlZ3VhcmRpYW4uY29tL2J1c2luZXNzL2FydGljbGUvMjAyNC9tYXkvMTQvam9lLWJpZGVuLXRhcmlmZi1jaGluZXNlLW1hZGUtZWxlY3RyaWMtdmVoaWNsZXM?hl=en-US&gl=US&ceid=US%3Aen",
            "og": "https://encrypted-tbn2.gstatic.com/images?q=tbn:ANd9GcQ32aEMY6aA-I3hp3_FxW5ht6YnUX8Bf-lw8NMl2oCXoW_po3Z9SNDztW3R3R7zL7UDh1bMlLgbI5tVa64D-ezm0m9XFl6weAXYMP5NhoUGl7kE2w",
            "source": "The Guardian",
            "source_icon": "https://encrypted-tbn0.gstatic.com/faviconV2?url=https://www.theguardian.com&client=NEWS_360&size=96&type=FAVICON&fallback_opts=TYPE,SIZE,URL",
            "title": "Biden announces 100% tariff on Chinese-made electric vehicles"
        },
        {
            "link": "https://news.google.com/articles/CBMigAFodHRwczovL3d3dy5jbmJjLmNvbS8yMDI0LzA1LzE0L2dhbWVzdG9wLWFtYy1zaGFyZXMtanVtcC1hbm90aGVyLTQwcGVyY2VudC1pbi1wcmVtYXJrZXQtdHJhZGluZy1hcy1tZW1lLXN0b2NrLWNyYXplLXJldHVybnMuaHRtbNIBhAFodHRwczovL3d3dy5jbmJjLmNvbS9hbXAvMjAyNC8wNS8xNC9nYW1lc3RvcC1hbWMtc2hhcmVzLWp1bXAtYW5vdGhlci00MHBlcmNlbnQtaW4tcHJlbWFya2V0LXRyYWRpbmctYXMtbWVtZS1zdG9jay1jcmF6ZS1yZXR1cm5zLmh0bWw?hl=en-US&gl=US&ceid=US%3Aen",
            "og": "https://encrypted-tbn0.gstatic.com/images?q=tbn:ANd9GcR3lS1mXIfeogYuiAVbL3P3GzNNDzKR_nDGgpodL5Jf_qDdeI49VqIgOBrT-ZARNNsEE9fi1FSAwbJMvqjsgOJrbDxnTW0wEqqbcwLBePq8Qb-EhQ",
            "source": "CNBC",
            "source_icon": "https://encrypted-tbn0.gstatic.com/faviconV2?url=https://www.cnbc.com&client=NEWS_360&size=96&type=FAVICON&fallback_opts=TYPE,SIZE,URL",
            "title": "GameStop, AMC shares jump another 50% in premarket trading as meme stock craze returns"
        },
        {
            "link": "https://news.google.com/articles/CBMiRGh0dHBzOi8vd3d3LmNuYmMuY29tLzIwMjQvMDUvMTQvaG9tZS1kZXBvdC1oZC1xMS0yMDI0LWVhcm5pbmdzLS5odG1s0gFIaHR0cHM6Ly93d3cuY25iYy5jb20vYW1wLzIwMjQvMDUvMTQvaG9tZS1kZXBvdC1oZC1xMS0yMDI0LWVhcm5pbmdzLS5odG1s?hl=en-US&gl=US&ceid=US%3Aen",
            "og": "https://encrypted-tbn2.gstatic.com/images?q=tbn:ANd9GcSOrd1F5rzeD-w8iYLZ1xH_9S29COJpqCfD6S2-Fe74iclWyqYh9f28GlFnI6rT0H7yAT1Yy7K4tIfY0f5Vb9mKgbAw-BGUJlXpYoKDFpDdY_CW4A",
            "source": "CNBC",
            "source_icon": "https://encrypted-tbn0.gstatic.com/faviconV2?url=https://www.cnbc.com&client=NEWS_360&size=96&type=FAVICON&fallback_opts=TYPE,SIZE,URL",
            "title": "Home Depot misses on revenue, as high interest rates hurt sales"
        },
        {
            "link": "https://news.google.com/articles/CBMiaGh0dHBzOi8vd3d3LmNuYmMuY29tLzIwMjQvMDUvMTQvYW5nbG8tYW1lcmljYW4tdG8tc3Bpbi1vZmYtZGUtYmVlcnMtYXMtYmhwLXRha2VvdmVyLXByZXNzdXJlLW1vdW50cy5odG1s0gFsaHR0cHM6Ly93d3cuY25iYy5jb20vYW1wLzIwMjQvMDUvMTQvYW5nbG8tYW1lcmljYW4tdG8tc3Bpbi1vZmYtZGUtYmVlcnMtYXMtYmhwLXRha2VvdmVyLXByZXNzdXJlLW1vdW50cy5odG1s?hl=en-US&gl=US&ceid=US%3Aen",
            "og": "https://encrypted-tbn1.gstatic.com/images?q=tbn:ANd9GcRTNK-8Yy344ZyJXg-MwivyRzqhmnsWqqSbZAYeNNnQqydCJBCFbtpO2jT_HvDEs9aORkBg7UfjKKMtNlvbjPaQnruKdcbAcrMOG_UR6uj9p8I2Gw",
            "source": "CNBC",
            "source_icon": "https://encrypted-tbn0.gstatic.com/faviconV2?url=https://www.cnbc.com&client=NEWS_360&size=96&type=FAVICON&fallback_opts=TYPE,SIZE,URL",
            "title": "Diamond giant De Beers faces spin-off amid wider restructuring as Anglo American takeover pressure mounts"
        },
        {
            "link": "https://news.google.com/articles/CBMiWGh0dHBzOi8vd3d3LnJldXRlcnMuY29tL21hcmtldHMvdXMvZnV0dXJlcy1lZGdlLWhpZ2hlci1zdGFydC1kYXRhLWhlYXZ5LXdlZWstMjAyNC0wNS0xMy_SAQA?hl=en-US&gl=US&ceid=US%3Aen",
            "og": "https://encrypted-tbn2.gstatic.com/images?q=tbn:ANd9GcSUcxUXg6ec3ZfLxJ1DgVoLJTPyc24Vp0qPYzR80s5UUoH9P_pinfdvwYLd0GvJfTY-RvABIGGG13_224ZzQ1H2YULty4nSrC7gs-rr_1HPRsOGHg",
            "source": "Reuters",
            "source_icon": "https://encrypted-tbn2.gstatic.com/faviconV2?url=https://www.reuters.com&client=NEWS_360&size=96&type=FAVICON&fallback_opts=TYPE,SIZE,URL",
            "title": "S&P 500 barely changes as investors hold tight ahead of inflation data"
        },
        {
            "link": "https://news.google.com/articles/CBMiXGh0dHBzOi8vYXBuZXdzLmNvbS9hcnRpY2xlL3N0b2NrLW1hcmtldC1yYXRlcy1jaGluYS10YXJpZmZzLTAwMWQ0NDc4OTkzM2ZlY2E0NGQ0ZTEzNGY1NWI3ZDNk0gEA?hl=en-US&gl=US&ceid=US%3Aen",
            "og": "https://encrypted-tbn0.gstatic.com/images?q=tbn:ANd9GcRVB4d36D0T84_IepuONQ0cRNsPBovz2f4CfnNm3crHQ8eHTwG0jS-rERW6Weczh_pd1iDZH-6PQiZ2jkrYWsKqyNV6k-GdHWieWaXtcpjw0vvM0Q",
            "source": "The Associated Press",
            "source_icon": "https://encrypted-tbn2.gstatic.com/faviconV2?url=https://apnews.com&client=NEWS_360&size=96&type=FAVICON&fallback_opts=TYPE,SIZE,URL",
            "title": "Stock market today: Asian shares mixed in muted trading after Wall Street barely budges"
        },
        {
            "link": "https://news.google.com/articles/CBMicGh0dHBzOi8vd3d3LmJsb29tYmVyZy5jb20vbmV3cy9hcnRpY2xlcy8yMDI0LTA1LTE0L3dhbG1hcnQtd2lsbC1jdXQtcmVsb2NhdGUtaHVuZHJlZHMtb2YtY29ycG9yYXRlLWpvYnMtd3NqLXNheXPSAQA?hl=en-US&gl=US&ceid=US%3Aen",
            "og": "https://encrypted-tbn1.gstatic.com/images?q=tbn:ANd9GcSz6kLJrnN4hEwDZVbvns-XUHrPktQnkX11eCpPowWnnIJQgb0fxYtjjWnR3OcCyCgWJKa45TJlIaC7ItTKhgxaPnFBdO2404Zx_6IafRQhO8lzhQ",
            "source": "Bloomberg",
            "source_icon": "https://encrypted-tbn1.gstatic.com/faviconV2?url=https://www.bloomberg.com&client=NEWS_360&size=96&type=FAVICON&fallback_opts=TYPE,SIZE,URL",
            "title": "Walmart Will Cut, Relocate Hundreds of Corporate Jobs, WSJ Says"
        },
        {
            "link": "https://news.google.com/articles/CBMibWh0dHBzOi8vd3d3LnJldXRlcnMuY29tL3RlY2hub2xvZ3kvYXBwbGUtc3VwcGxpZXItZm94Y29ubnMtcTEtcHJvZml0LWp1bXBzLTcyLXl5LW1pc3Nlcy1mb3JlY2FzdHMtMjAyNC0wNS0xNC_SAQA?hl=en-US&gl=US&ceid=US%3Aen",
            "og": "https://encrypted-tbn1.gstatic.com/images?q=tbn:ANd9GcTeLAeF92CnWWC6pxZX7-gTQ0Jgq5vlw5dUCkH4dJ53DV5P7QOIgXinMQRozznYWpSDVO8_kWdn5-SiF5eGgGOLll18gWGI7ug_m-85_Hemqhln4w",
            "source": "Reuters",
            "source_icon": "https://encrypted-tbn2.gstatic.com/faviconV2?url=https://www.reuters.com&client=NEWS_360&size=96&type=FAVICON&fallback_opts=TYPE,SIZE,URL",
            "title": "Foxconn upbeat on AI demand, stands by Sharp following writedown"
        },
        {
            "link": "https://news.google.com/articles/CBMiWmh0dHBzOi8vd3d3LnJldXRlcnMuY29tL3dvcmxkL2V1cm9wZS9nZXJtYW4tZmluYWwtaW5mbGF0aW9uLWNvbmZpcm1lZC0yNC1hcHJpbC0yMDI0LTA1LTE0L9IBAA?hl=en-US&gl=US&ceid=US%3Aen",
            "og": "https://encrypted-tbn3.gstatic.com/images?q=tbn:ANd9GcR_3Zgk0zsIUSNHifUAlie1U_H14RaQW3P-F_ktFfNJWvlDtt8Z31IYe6wn98dqIHBhqLOcXbftbTAnSvqZbyCT7hVawcnaZNnAWa4Va8oz3PfK5w",
            "source": "Reuters",
            "source_icon": "https://encrypted-tbn2.gstatic.com/faviconV2?url=https://www.reuters.com&client=NEWS_360&size=96&type=FAVICON&fallback_opts=TYPE,SIZE,URL",
            "title": "German final inflation confirmed at 2.4% in April"
        },
        {
            "link": "https://news.google.com/articles/CBMiUGh0dHBzOi8vd3d3Lm55dGltZXMuY29tLzIwMjQvMDUvMTQvYnVzaW5lc3MvZWNvbm9teS9pbnRlcmVzdC1yYXRlLWZvcmVjYXN0cy5odG1s0gEA?hl=en-US&gl=US&ceid=US%3Aen",
            "og": "https://encrypted-tbn0.gstatic.com/images?q=tbn:ANd9GcQxhZAYRZF4jUGxzg6Vk4oSEyW956who1YaBvlnvx__SfsyEn3CfanW9JWd4EV2woNMaIHFAWmmLEFaFRFKchPfwgkKBzBF7VNiCeejIlL0ZmwjPA",
            "source": "The New York Times",
            "source_icon": "https://encrypted-tbn2.gstatic.com/faviconV2?url=https://www.nytimes.com&client=NEWS_360&size=96&type=FAVICON&fallback_opts=TYPE,SIZE,URL",
            "title": "What Forecasters Say About Interest Rates (and Why They Disagree)"
        },
        {
            "link": "https://news.google.com/articles/CBMiU2h0dHBzOi8vd3d3LmNuYmMuY29tLzIwMjQvMDUvMTQvdGhlc2UtYXJlLXRoZS0yMDI0LWNuYmMtZGlzcnVwdG9yLTUwLWNvbXBhbmllcy5odG1s0gFXaHR0cHM6Ly93d3cuY25iYy5jb20vYW1wLzIwMjQvMDUvMTQvdGhlc2UtYXJlLXRoZS0yMDI0LWNuYmMtZGlzcnVwdG9yLTUwLWNvbXBhbmllcy5odG1s?hl=en-US&gl=US&ceid=US%3Aen",
            "og": "https://encrypted-tbn1.gstatic.com/images?q=tbn:ANd9GcReQ9x5XWzy9jvypbJI01jlr4HmVTQ6breq3TKdI_QmRGEiGoC6VGU0lttLRj8wCI1XQH9XEHuuR3jWvEWDQ_tKP5FA30y8Dp3xHYSRzgeS0QSy3w",
            "source": "CNBC",
            "source_icon": "https://encrypted-tbn0.gstatic.com/faviconV2?url=https://www.cnbc.com&client=NEWS_360&size=96&type=FAVICON&fallback_opts=TYPE,SIZE,URL",
            "title": "These are the 2024 CNBC Disruptor 50 companies: See the full list of startups riding the AI wave"
        },
        {
            "link": "https://news.google.com/articles/CBMiYWh0dHBzOi8vd3d3LmRlbnZlcnBvc3QuY29tLzIwMjQvMDUvMTMvcmVkLWxvYnN0ZXItY2xvc2VzLWRlbnZlci13aGVhdC1yaWRnZS1sYWtld29vZC1yZXN0YXVyYW50cy_SAWVodHRwczovL3d3dy5kZW52ZXJwb3N0LmNvbS8yMDI0LzA1LzEzL3JlZC1sb2JzdGVyLWNsb3Nlcy1kZW52ZXItd2hlYXQtcmlkZ2UtbGFrZXdvb2QtcmVzdGF1cmFudHMvYW1wLw?hl=en-US&gl=US&ceid=US%3Aen",
            "og": "https://encrypted-tbn1.gstatic.com/images?q=tbn:ANd9GcTFVxP5Dqj96EguuakUFRcFIyTFlyTKvEiLy-gL7u9q66sP88DQ7SK04hKqkKrQnky8K50VsRkJYhk2PLhHGM4aabI8wzomf0vJ8zOS7V3yUikJYQ",
            "source": "The Denver Post",
            "source_icon": "https://encrypted-tbn0.gstatic.com/faviconV2?url=https://www.denverpost.com&client=NEWS_360&size=96&type=FAVICON&fallback_opts=TYPE,SIZE,URL",
            "title": "Red Lobster closes several Denver-area restaurants"
        },
        {
            "link": "https://news.google.com/articles/CBMiTWh0dHBzOi8vd3d3LnJldXRlcnMuY29tL21hcmtldHMvZXVyb3BlL2dsb2JhbC1tYXJrZXRzLXZpZXctZXVyb3BlLTIwMjQtMDUtMTQv0gEA?hl=en-US&gl=US&ceid=US%3Aen",
            "og": "https://encrypted-tbn1.gstatic.com/images?q=tbn:ANd9GcSzEfQ3SkolrDzhu_7x1Ct6zwlyNE15Ixxz6Qd0Ya1esGYiJDNCQBjiHUDcQej7bjwAJ9vGLPyygja7sNhzvwHmmbAlZrdx6eYSdEzK4auRmwwwyQ",
            "source": "Reuters",
            "source_icon": "https://encrypted-tbn2.gstatic.com/faviconV2?url=https://www.reuters.com&client=NEWS_360&size=96&type=FAVICON&fallback_opts=TYPE,SIZE,URL",
            "title": "Morning Bid: Markets eye US CPI and record high"
        },
        {
            "link": "https://news.google.com/articles/CBMiUWh0dHBzOi8vd3d3LmNvaW5kZXNrLmNvbS9idXNpbmVzcy8yMDI0LzA1LzE0L2NvaW5iYXNlLXJlcG9ydHMtc3lzdGVtLXdpZGUtb3V0YWdlL9IBAA?hl=en-US&gl=US&ceid=US%3Aen",
            "og": "https://encrypted-tbn3.gstatic.com/images?q=tbn:ANd9GcSwFN0qsbw5WF74PlEg_M7AcNC1udGLv0RpuHP00c5kPnAHS8ovX3urdvQE9SG9vvg",
            "source": "CoinDesk",
            "source_icon": "https://encrypted-tbn0.gstatic.com/faviconV2?url=https://www.coindesk.com&client=NEWS_360&size=96&type=FAVICON&fallback_opts=TYPE,SIZE,URL",
            "title": "Coinbase Reports System-Wide Outage"
        },
        {
            "link": "https://news.google.com/articles/CBMicGh0dHBzOi8vd3d3LnJldXRlcnMuY29tL2xlZ2FsL2JpbGwtaHdhbmctdHJpYWwtb3Zlci0zNi1iaWxsaW9uLWFyY2hlZ29zLWNvbGxhcHNlLWJlZ2lucy13aXRoLW9wZW5pbmctMjAyNC0wNS0xMy_SAQA?hl=en-US&gl=US&ceid=US%3Aen",
            "og": "https://encrypted-tbn2.gstatic.com/images?q=tbn:ANd9GcTCRIoMfTVDTpLebnOjYOmQLyQjzdr6a3SqcHrgpbLSWcUU07l8rSlmq1RYaQe6XhUf_X_0-QKiCRp2nGoHYACfm_yKvruv3deXsp58xKFFLp31PQ",
            "source": "Reuters",
            "source_icon": "https://encrypted-tbn2.gstatic.com/faviconV2?url=https://www.reuters.com&client=NEWS_360&size=96&type=FAVICON&fallback_opts=TYPE,SIZE,URL",
            "title": "Archegos' Hwang lied to become Wall Street legend, prosecutors say as trial begins"
        },
        {
            "link": "https://news.google.com/articles/CBMiXWh0dHBzOi8vd3d3Lndhc2hpbmd0b25wb3N0LmNvbS9idXNpbmVzcy8yMDI0LzA1LzEzL3Bvd2VyLWdyaWQtdHJhbnNtaXNzaW9uLWxpbmVzLWVsZWN0cmljaXR5L9IBAA?hl=en-US&gl=US&ceid=US%3Aen",
            "og": "https://encrypted-tbn2.gstatic.com/images?q=tbn:ANd9GcTdZtiONlacKtMyrI4C_A9U4Q_svPPuZRmh30VJLc4TuuTWWSaUuB7_2MHRUI8aiq-LlDkmttiVR8LLO5rlWogIPtGImtvGSLSMadWt9NgUSOy90w",
            "source": "The Washington Post",
            "source_icon": "https://encrypted-tbn3.gstatic.com/faviconV2?url=https://www.washingtonpost.com&client=NEWS_360&size=96&type=FAVICON&fallback_opts=TYPE,SIZE,URL",
            "title": "Sweeping reforms aim to stabilize nation’s wheezing power grid"
        },
        {
            "link": "https://news.google.com/articles/CBMiXGh0dHBzOi8vd3d3LmNuYmMuY29tLzIwMjQvMDUvMTMvbnJmLXJlamVjdHMtc2hlaW4tbWVtYmVyc2hpcC1hcy1yZXRhaWxlci1wdXJzdWVzLXVzLWlwby5odG1s0gFgaHR0cHM6Ly93d3cuY25iYy5jb20vYW1wLzIwMjQvMDUvMTMvbnJmLXJlamVjdHMtc2hlaW4tbWVtYmVyc2hpcC1hcy1yZXRhaWxlci1wdXJzdWVzLXVzLWlwby5odG1s?hl=en-US&gl=US&ceid=US%3Aen",
            "og": "https://encrypted-tbn3.gstatic.com/images?q=tbn:ANd9GcTSfXX1L7JAC73oeOrefUCQO8emNlCOH0llAYGcMghPW-etjzLguYmTy-WGKQFxWVhGqx4LvHtUSwPlKTOr7zsWDKyt3qJViBMqeijKY1sA4bnjeg",
            "source": "CNBC",
            "source_icon": "https://encrypted-tbn0.gstatic.com/faviconV2?url=https://www.cnbc.com&client=NEWS_360&size=96&type=FAVICON&fallback_opts=TYPE,SIZE,URL",
            "title": "NRF rejects Shein membership as retailer pursues U.S. IPO"
        },
        {
            "link": "https://news.google.com/articles/CBMiemh0dHBzOi8vd3d3LmFsLmNvbS9uZXdzLzIwMjQvMDUvYWxhYmFtYS1pcy1ub3QtbWljaGlnYW4taXZleS1zaWducy11bmlvbi1iaWxsLWFzLW1lcmNlZGVzLXdvcmtlcnMtdm90ZS1vbi1qb2luaW5nLXVhdy5odG1s0gGJAWh0dHBzOi8vd3d3LmFsLmNvbS9uZXdzLzIwMjQvMDUvYWxhYmFtYS1pcy1ub3QtbWljaGlnYW4taXZleS1zaWducy11bmlvbi1iaWxsLWFzLW1lcmNlZGVzLXdvcmtlcnMtdm90ZS1vbi1qb2luaW5nLXVhdy5odG1sP291dHB1dFR5cGU9YW1w?hl=en-US&gl=US&ceid=US%3Aen",
            "og": "https://encrypted-tbn3.gstatic.com/images?q=tbn:ANd9GcQDzWUfJlzdCbAaMMBsgeq-g8mHBQv8F9d7XMEF4Sh9yVObxsDInA-SHEiUZMuAdHAp-_H8nHO5MQwO2ts4raE8QqYg4-rnQdNM6gnPXi2W60zZpg",
            "source": "AL.com",
            "source_icon": "https://encrypted-tbn0.gstatic.com/faviconV2?url=https://www.al.com&client=NEWS_360&size=96&type=FAVICON&fallback_opts=TYPE,SIZE,URL",
            "title": "‘Alabama is not Michigan’: Ivey signs union bill as Mercedes workers vote on joining UAW"
        },
        {
            "link": "https://news.google.com/articles/CBMiSGh0dHBzOi8vd3d3LmNuYmMuY29tLzIwMjQvMDUvMTQvc29ueS1xNC1hbmQtZnVsbC15ZWFyLTIwMjMtZWFybmluZ3MuaHRtbNIBTGh0dHBzOi8vd3d3LmNuYmMuY29tL2FtcC8yMDI0LzA1LzE0L3NvbnktcTQtYW5kLWZ1bGwteWVhci0yMDIzLWVhcm5pbmdzLmh0bWw?hl=en-US&gl=US&ceid=US%3Aen",
            "og": "https://encrypted-tbn1.gstatic.com/images?q=tbn:ANd9GcRmcxDUUW__9Ff0NM8Il_ySG1_QGkfLq8Sk-0s9_Bui9XCXuzTknZCtPokI-ufKTPs_MQ67jyytIksNgRe_EUGcT44Q8e9x1MVt1ZD2rkXYV6YiHw",
            "source": "CNBC",
            "source_icon": "https://encrypted-tbn0.gstatic.com/faviconV2?url=https://www.cnbc.com&client=NEWS_360&size=96&type=FAVICON&fallback_opts=TYPE,SIZE,URL",
            "title": "Sony reports 7% drop in annual profit as PlayStation 5 sales miss trimmed target"
        },
        {
            "link": "https://news.google.com/articles/CBMiYmh0dHBzOi8vYWJjbmV3cy5nby5jb20vVVMvd2lyZVN0b3J5L3VzLWFpcmxpbmVzLXN1aW5nLWJpZGVuLWFkbWluaXN0cmF0aW9uLW5ldy1ydWxlLW1ha2UtMTEwMTgxMDc10gFmaHR0cHM6Ly9hYmNuZXdzLmdvLmNvbS9hbXAvVVMvd2lyZVN0b3J5L3VzLWFpcmxpbmVzLXN1aW5nLWJpZGVuLWFkbWluaXN0cmF0aW9uLW5ldy1ydWxlLW1ha2UtMTEwMTgxMDc1?hl=en-US&gl=US&ceid=US%3Aen",
            "og": "https://encrypted-tbn0.gstatic.com/images?q=tbn:ANd9GcTJ5QzV5hO12ez_U9GV0HDZmQvns0xIq4HYDhA_Ehd6IsC_XF5ZvrZRnStlOGtZ42PDAnd5uvm4RUE2k4KjagZB9gehxluw-SAF-9IktMBH7DKB4A",
            "source": "ABC News",
            "source_icon": "https://encrypted-tbn3.gstatic.com/faviconV2?url=https://abcnews.go.com&client=NEWS_360&size=96&type=FAVICON&fallback_opts=TYPE,SIZE,URL",
            "title": "US airlines are suing the Biden administration over a new rule to make certain fees easier to spot"
        },
        {
            "link": "https://news.google.com/articles/CBMibGh0dHBzOi8vd3d3LmJsb29tYmVyZy5jb20vbmV3cy9mZWF0dXJlcy8yMDI0LTA1LTEzL21hY3Jvbi1zdWdnZXN0cy1iaWctbS1hLXBsYW4tZm9yLWV1cm9wZS1zLWVjb25vbXktcmV2aXZhbNIBAA?hl=en-US&gl=US&ceid=US%3Aen",
            "og": "https://encrypted-tbn3.gstatic.com/images?q=tbn:ANd9GcTXoNbq2a8PQsJ7tGiIXAPXoMN-_zHXBqfLUkJHzptbVRmmh9QDQ8Tiu6ayKDri959WUkN4qD_DC3jPNZXfpn5c1-nEjdsS295sOxmrJxfnaRYzaA",
            "source": "Bloomberg",
            "source_icon": "https://encrypted-tbn1.gstatic.com/faviconV2?url=https://www.bloomberg.com&client=NEWS_360&size=96&type=FAVICON&fallback_opts=TYPE,SIZE,URL",
            "title": "Macron Leaves Door Open for Big M&A Plan for Europe's Economy Revival"
        },
        {
            "link": "https://news.google.com/articles/CBMiSGh0dHBzOi8vZmluYW5jZS55YWhvby5jb20vbmV3cy93aGVyZS1udmlkaWEtc3RvY2stMy15ZWFycy0wMDE1MDA5MDYuaHRtbNIBAA?hl=en-US&gl=US&ceid=US%3Aen",
            "og": "https://encrypted-tbn2.gstatic.com/images?q=tbn:ANd9GcQziuA6KVuQtx0AN_2wZt0NdVYhn4xAvzivo6Y2MWg1YNM-2VYdDWzm0XWANF-LGSZ87xSAQuLpOTrgMUIDQ5c1pyuKyeuKvQM4qlgyKCaYM3PPMA",
            "source": "Yahoo Finance",
            "source_icon": "https://encrypted-tbn1.gstatic.com/faviconV2?url=https://finance.yahoo.com&client=NEWS_360&size=96&type=FAVICON&fallback_opts=TYPE,SIZE,URL",
            "title": "Where Will Nvidia Stock Be in 3 Years?"
        },
        {
            "link": "https://news.google.com/articles/CBMibWh0dHBzOi8va3RsYS5jb20vbmV3cy9sb2NhbC1uZXdzL2hvbGx5d29vZC1idXNpbmVzc2VzLXRyeWluZy1hLW5ldy1hcHByb2FjaC10by1jbGVhcmluZy1ob21lbGVzcy1lbmNhbXBtZW50cy_SAXFodHRwczovL2t0bGEuY29tL25ld3MvbG9jYWwtbmV3cy9ob2xseXdvb2QtYnVzaW5lc3Nlcy10cnlpbmctYS1uZXctYXBwcm9hY2gtdG8tY2xlYXJpbmctaG9tZWxlc3MtZW5jYW1wbWVudHMvYW1wLw?hl=en-US&gl=US&ceid=US%3Aen",
            "og": "https://encrypted-tbn3.gstatic.com/images?q=tbn:ANd9GcSTD9fRxzsfXPLmHHWAPiMREWpNQBEKQfo7QMp24gFyHzwMZVbQAu9J0xUEk4bzUDVSqrjT8atpX2iCJ0PTEPID7zbIpWYxKK59O-NPiS7Wm5kyCA",
            "source": "KTLA Los Angeles",
            "source_icon": "https://encrypted-tbn2.gstatic.com/faviconV2?url=https://ktla.com&client=NEWS_360&size=96&type=FAVICON&fallback_opts=TYPE,SIZE,URL",
            "title": "Hollywood businesses trying a new approach to clearing homeless encampments"
        },
        {
            "link": "https://news.google.com/articles/CBMiO2h0dHBzOi8vYWJjNy5jb20vcG9zdC9tY2RvbmFsZHMtNS12YWx1ZS1tZWFsLWRlYWwvMTQ4MDgwMzkv0gEA?hl=en-US&gl=US&ceid=US%3Aen",
            "og": "https://encrypted-tbn2.gstatic.com/images?q=tbn:ANd9GcTi4i2ZKQ7KH-y1hFkwiZR8xdTsZObIPuNE9MerDYZeXiFgu7ZS_5cYvgZcXjxV-jyyAfhOeShGj1HWjNlaE7nWYVFGOr-b2rARdhfanWBU8_3G7g",
            "source": "KABC-TV",
            "source_icon": "https://encrypted-tbn1.gstatic.com/faviconV2?url=https://abc7.com&client=NEWS_360&size=96&type=FAVICON&fallback_opts=TYPE,SIZE,URL",
            "title": "McDonald's may consider $5 value meal as food prices continue to soar"
        },
        {
            "link": "https://news.google.com/articles/CBMiTmh0dHBzOi8vd3d3Lm15c2FuYW50b25pby5jb20vYnVzaW5lc3MvYXJ0aWNsZS9pbmRlZWQtbGF5b2Zmcy0yMDI0LTE5NDU1OTYwLnBocNIBAA?hl=en-US&gl=US&ceid=US%3Aen",
            "og": "https://encrypted-tbn3.gstatic.com/images?q=tbn:ANd9GcQ0HmtT_AcWSpalfgNyEJ7AhDofDbDUOk4WMdJUK7YUUbrJjEJx1WL9WX8Ql2BmUcpkfUBq1zjqZdc5AvxXoglss0Xn6cQW0ACqIHTTfu9ZVCst9A",
            "source": "mySA",
            "source_icon": "https://encrypted-tbn1.gstatic.com/faviconV2?url=https://www.mysanantonio.com&client=NEWS_360&size=96&type=FAVICON&fallback_opts=TYPE,SIZE,URL",
            "title": "Texas-based tech company Indeed announces 1,000 layoffs"
        },
        {
            "link": "https://news.google.com/articles/CBMiSWh0dHBzOi8vdGhlaGFja2VybmV3cy5jb20vMjAyNC8wNS9ibGFjay1iYXN0YS1yYW5zb213YXJlLXN0cmlrZXMtNTAwLmh0bWzSAQA?hl=en-US&gl=US&ceid=US%3Aen",
            "og": "https://encrypted-tbn3.gstatic.com/images?q=tbn:ANd9GcQl3L76sfTeRDoEr9UEO2HHU3kkWFcYlGMYXJUN75iqzI_9ZcaqdKME0o6V-nt0qA5BLnrAgfEJdEwDR4h0HM9Q4S4P0WjgYuY6X2UegtbiH1gTnQ",
            "source": "The Hacker News",
            "source_icon": "https://encrypted-tbn3.gstatic.com/faviconV2?url=https://thehackernews.com&client=NEWS_360&size=96&type=FAVICON&fallback_opts=TYPE,SIZE,URL",
            "title": "Black Basta Ransomware Strikes 500+ Entities Across North America, Europe, and Australia"
        },
        {
            "link": "https://news.google.com/articles/CBMibGh0dHBzOi8vd3d3LmludGMuY29tL25ld3MtZXZlbnRzL3ByZXNzLXJlbGVhc2VzL2RldGFpbC8xNjk1L2tldmluLW9idWNrbGV5LXRvLWxlYWQtZm91bmRyeS1zZXJ2aWNlcy1hdC1pbnRlbNIBAA?hl=en-US&gl=US&ceid=US%3Aen",
            "og": "https://encrypted-tbn0.gstatic.com/images?q=tbn:ANd9GcRVs0kRdN5hnrEri3zNwJAheAmtvbvn4deKqgNwSdbZ2pMvcl5l46MG893KERJn2gyCr6rcxVxDe1HPmrOHvoKoK4wHd-MHbnQ5lt58qOxOY5foXA",
            "source": "Investor Relations :: Intel Corporation (INTC)",
            "source_icon": "https://encrypted-tbn2.gstatic.com/faviconV2?url=https://www.intc.com&client=NEWS_360&size=96&type=FAVICON&fallback_opts=TYPE,SIZE,URL",
            "title": "Kevin O'Buckley to Lead Foundry Services at Intel"
        },
        {
            "link": "https://news.google.com/articles/CBMiemh0dHBzOi8vd3d3LnBicy5vcmcvbmV3c2hvdXIvZWNvbm9teS9zbWFsbC13ZWxsLWJ1aWx0LWNoaW5lc2UtZWxlY3RyaWMtdmVoaWNsZS1wb3Nlcy1hLWJpZy10aHJlYXQtdG8tdGhlLXUtcy1hdXRvLWluZHVzdHJ50gF-aHR0cHM6Ly93d3cucGJzLm9yZy9uZXdzaG91ci9hbXAvZWNvbm9teS9zbWFsbC13ZWxsLWJ1aWx0LWNoaW5lc2UtZWxlY3RyaWMtdmVoaWNsZS1wb3Nlcy1hLWJpZy10aHJlYXQtdG8tdGhlLXUtcy1hdXRvLWluZHVzdHJ5?hl=en-US&gl=US&ceid=US%3Aen",
            "og": "https://encrypted-tbn0.gstatic.com/images?q=tbn:ANd9GcRd9jmFF4w0Wjp_xbTLQirLKOgz59470g6DJ590MaxnyAOVADY1OlA8PGjOWkuJqvEijGtlSagfJWKVbrzGfpru2tnr2OC121LmlI94F1F0zYsfvw",
            "source": "PBS NewsHour",
            "source_icon": "https://encrypted-tbn1.gstatic.com/faviconV2?url=https://www.pbs.org&client=NEWS_360&size=96&type=FAVICON&fallback_opts=TYPE,SIZE,URL",
            "title": "Small, well-built Chinese electric vehicle poses a big threat to the U.S. auto industry"
        },
        {
            "link": "https://news.google.com/articles/CBMidmh0dHBzOi8vd3d3LnRoZXN0cmVldC5jb20vYXV0b21vdGl2ZS9wb3JzY2hlcy11cGRhdGVkLXZlcnNpb24tb2YtaXRzLWxlZ2VuZGFyeS1zcG9ydHMtY2FyLWxlYXZlcy10aGUtcGFzdC1pbi10aGUtZHVzdC3SAQA?hl=en-US&gl=US&ceid=US%3Aen",
            "og": "https://encrypted-tbn3.gstatic.com/images?q=tbn:ANd9GcQ4_b8uY6o6-gIH2z0jR0qyn24kFtFLj_zTWHlzhMYsrANmUPcHE8sQ3I4vy1yHzSeUSnOauYeHpR8wnObI1YXhE5zTyYbbkMyjIwEMevGaatrQaw",
            "source": "TheStreet",
            "source_icon": "https://encrypted-tbn1.gstatic.com/faviconV2?url=https://www.thestreet.com&client=NEWS_360&size=96&type=FAVICON&fallback_opts=TYPE,SIZE,URL",
            "title": "Porsche's updated version of its legendary sports car leaves the past in the dust"
        },
        {
            "link": "https://news.google.com/articles/CBMiSGh0dHBzOi8vZmluYW5jZS55YWhvby5jb20vbmV3cy9ub3ZhdmF4LWluYy1uYXNkYXEtbnZheC1xMS0xNDI0MjUyMzUuaHRtbNIBAA?hl=en-US&gl=US&ceid=US%3Aen",
            "og": "https://encrypted-tbn0.gstatic.com/images?q=tbn:ANd9GcT9uI9LFwcsMYmfdzD2VGg5VXHe_u1nBx-Ugaw3QZH2EeXTHDSM_cv3GrpLpqOjKjfwYexRKrUMzxQ61hTgfxKnHiyi9Wr_Wbs8jFlvwGLM46d5vg",
            "source": "Yahoo Finance",
            "source_icon": "https://encrypted-tbn1.gstatic.com/faviconV2?url=https://finance.yahoo.com&client=NEWS_360&size=96&type=FAVICON&fallback_opts=TYPE,SIZE,URL",
            "title": "Novavax, Inc. (NASDAQ:NVAX) Q1 2024 Earnings Call Transcript"
        },
        {
            "link": "https://news.google.com/articles/CBMi6wFodHRwczovL2xvY2FsMTIuY29tL25ld3MvbmF0aW9uLXdvcmxkL2FwcGxlLXN0b3JlLWVtcGxveWVlcy1tYXJ5bGFuZC11bmlvbi12b3RlLWF1dGhvcml6ZS1maXJzdC1zdHJpa2Utd29ya2luZy1jb25kaXRpb25zLXRvd3Nvbi1tYWxsLWludGVybmF0aW9uYWwtYXNzb2NpYXRpb24tb2YtbWFjaGluaXN0cy1hbmQtYWVyb3NwYWNlLXdvcmtlcnMtY29hbGl0aW9uLW9mLW9yZ2FuaXplZC1yZXRhaWwtZW1wbG95ZWVz0gHvAWh0dHBzOi8vbG9jYWwxMi5jb20vYW1wL25ld3MvbmF0aW9uLXdvcmxkL2FwcGxlLXN0b3JlLWVtcGxveWVlcy1tYXJ5bGFuZC11bmlvbi12b3RlLWF1dGhvcml6ZS1maXJzdC1zdHJpa2Utd29ya2luZy1jb25kaXRpb25zLXRvd3Nvbi1tYWxsLWludGVybmF0aW9uYWwtYXNzb2NpYXRpb24tb2YtbWFjaGluaXN0cy1hbmQtYWVyb3NwYWNlLXdvcmtlcnMtY29hbGl0aW9uLW9mLW9yZ2FuaXplZC1yZXRhaWwtZW1wbG95ZWVz?hl=en-US&gl=US&ceid=US%3Aen",
            "og": "https://encrypted-tbn1.gstatic.com/images?q=tbn:ANd9GcRD64_QPhJB1-8kzPgGKP-D7R7wafE-Wd_iQlbropwr9rO-HXUH-X0pC8li3MBCmZUBKtA-qWYPDDqlmc6fuqsFt29CFnYdiYXoHFJ3gDkFWhpvRQ",
            "source": "WKRC TV Cincinnati",
            "source_icon": "https://encrypted-tbn1.gstatic.com/faviconV2?url=https://local12.com&client=NEWS_360&size=96&type=FAVICON&fallback_opts=TYPE,SIZE,URL",
            "title": "Apple Store employees in Maryland vote to authorize a first strike over working conditions"
        },
        {
            "link": "https://news.google.com/articles/CBMiRmh0dHBzOi8vd3d3LmF4aW9zLmNvbS8yMDI0LzA1LzEzL2FtZXJpY2Fucy1oaWdoLWluZmxhdGlvbi1leHBlY3RhdGlvbnPSAQA?hl=en-US&gl=US&ceid=US%3Aen",
            "og": "https://encrypted-tbn1.gstatic.com/images?q=tbn:ANd9GcR7doZFtZngOCrPpkYz9gHP792Mb4mCj9MGT40ypoYuaQXMOmBD1mgHK0ZgdcbpRubMHnmcXp4VVXEFobsPTT2EtvFomsczSJK3ni7JtYfnxCTFlg",
            "source": "Axios",
            "source_icon": "https://encrypted-tbn0.gstatic.com/faviconV2?url=https://www.axios.com&client=NEWS_360&size=96&type=FAVICON&fallback_opts=TYPE,SIZE,URL",
            "title": "Inflation expectations creep up"
        },
        {
            "link": "https://news.google.com/articles/CBMia2h0dHBzOi8vZmluYW5jZS55YWhvby5jb20vbmV3cy9zdG9jay1tYXJrZXQtdG9kYXktc3RvY2tzLXdvYmJsZS13aXRoLWluZmxhdGlvbi1kYXRhLWluLWZvY3VzLTEzMzAzNDcyNi5odG1s0gEA?hl=en-US&gl=US&ceid=US%3Aen",
            "og": "https://encrypted-tbn2.gstatic.com/images?q=tbn:ANd9GcSkv3FK907s8wveJbCzbuBTgJkj6LWFXeKdPkNPNUmm-iBbD8OLwLu1cQEP99CjxYo",
            "source": "Yahoo Finance",
            "source_icon": "https://encrypted-tbn1.gstatic.com/faviconV2?url=https://finance.yahoo.com&client=NEWS_360&size=96&type=FAVICON&fallback_opts=TYPE,SIZE,URL",
            "title": "Stock market today: Stocks wobble with inflation data in focus"
        }
    ],
    "Entertainment": [
        {
            "link": "https://news.google.com/articles/CBMiLmh0dHBzOi8vd3d3LmJiYy5jb20vbmV3cy9hcnRpY2xlcy9jcWVubmxqcDRxNW_SATJodHRwczovL3d3dy5iYmMuY29tL25ld3MvYXJ0aWNsZXMvY3Flbm5sanA0cTVvLmFtcA?hl=en-US&gl=US&ceid=US%3Aen",
            "og": "https://encrypted-tbn3.gstatic.com/images?q=tbn:ANd9GcRJpf4pEQLHaDZLpWDnaavBF5KOuLYp1kccnwEz0hj0FVEX0yIzQJq2KwWNO6fpPytt4AHqi7C2PYv1OMBlZ4H3qUElcSMTXpgUMHju-n7OLVl4uA",
            "source": "BBC.com",
            "source_icon": "https://encrypted-tbn2.gstatic.com/faviconV2?url=https://www.bbc.com&client=NEWS_360&size=96&type=FAVICON&fallback_opts=TYPE,SIZE,URL",
            "title": "Cannes 2024: Drama on and off screen as film festival kicks off"
        },
        {
            "link": "https://news.google.com/articles/CBMic2h0dHBzOi8vbnlwb3N0LmNvbS8yMDI0LzA1LzE0L2VudGVydGFpbm1lbnQva2VsbHktY2xhcmtzb24tYWRtaXRzLXRvLXVzaW5nLXdlaWdodC1sb3NzLWRydWctYWZ0ZXItbG9zaW5nLTYwLXBvdW5kcy_SAXdodHRwczovL255cG9zdC5jb20vMjAyNC8wNS8xNC9lbnRlcnRhaW5tZW50L2tlbGx5LWNsYXJrc29uLWFkbWl0cy10by11c2luZy13ZWlnaHQtbG9zcy1kcnVnLWFmdGVyLWxvc2luZy02MC1wb3VuZHMvYW1wLw?hl=en-US&gl=US&ceid=US%3Aen",
            "og": "https://encrypted-tbn0.gstatic.com/images?q=tbn:ANd9GcQFayojB7TVtwxkv1OgC-iNh0rP-MS6tmZnxAJz2hxO-AJ-TRutgqYLZBN52V9s_968aUWe9RTBCLA1VwIh7QmkAZXeUBNpcGegPRcuojYWX0y6Pw",
            "source": "New York Post",
            "source_icon": "https://encrypted-tbn3.gstatic.com/faviconV2?url=https://nypost.com&client=NEWS_360&size=96&type=FAVICON&fallback_opts=TYPE,SIZE,URL",
            "title": "Kelly Clarkson admits to using weight loss drug after losing 60 pounds"
        },
        {
            "link": "https://news.google.com/articles/CBMiSWh0dHBzOi8vZGVhZGxpbmUuY29tLzIwMjQvMDUvc2FtLXJ1YmluLXNvbi1jb2xieS10cmlidXRlLWt0bGEtMTIzNTkxNDYzOS_SAU1odHRwczovL2RlYWRsaW5lLmNvbS8yMDI0LzA1L3NhbS1ydWJpbi1zb24tY29sYnktdHJpYnV0ZS1rdGxhLTEyMzU5MTQ2MzkvYW1wLw?hl=en-US&gl=US&ceid=US%3Aen",
            "og": "https://encrypted-tbn3.gstatic.com/images?q=tbn:ANd9GcTSitcUcRHkfoAyXfcV6bbGC_rEPPdr3r_9vxT81bmOOGjZVOClecck40YuthNHaMVqWFd8AAyBKlqXQC6dtJY-Jm3A5bZND2Xgm3mxqUUt1088Sg",
            "source": "Deadline",
            "source_icon": "https://encrypted-tbn0.gstatic.com/faviconV2?url=https://deadline.com&client=NEWS_360&size=96&type=FAVICON&fallback_opts=TYPE,SIZE,URL",
            "title": "Sam Rubin’s Son Colby Shares Touching Tribute To His Dad On KTLA Morning News"
        },
        {
            "link": "https://news.google.com/articles/CBMia2h0dHBzOi8vd3d3LmVvbmxpbmUuY29tL25ld3MvMTQwMTUzNC93aHktZmFucy10aGluay1jaHJpcy1wcmF0dC1zaGFkZWQtZXgtYW5uYS1mYXJpcy1pbi1tb3RoZXJzLWRheS10cmlidXRl0gEA?hl=en-US&gl=US&ceid=US%3Aen",
            "og": "https://encrypted-tbn2.gstatic.com/images?q=tbn:ANd9GcRrmq115sgdf5CVbtwx575W-U5lAgDfaW1HAimeKMJY_1CcxNDxbVZnslM4IpBmnMlQM71SjDboEWKlnXEPTB6r-NGpJoKCgmYeBIGUh1xT6abFrA",
            "source": "E! NEWS",
            "source_icon": "https://encrypted-tbn3.gstatic.com/faviconV2?url=https://www.eonline.com&client=NEWS_360&size=96&type=FAVICON&fallback_opts=TYPE,SIZE,URL",
            "title": "Why Fans Think Chris Pratt Shaded Ex Anna Faris in Mother’s Day Tribute"
        },
        {
            "link": "https://news.google.com/articles/CBMiP2h0dHBzOi8vd3d3LnlvdXJ0YW5nby5jb20vMjAyNDM3NDMzMi9sb3ZlLWhvcm9zY29wZS1tYXktMTQtMjAyNNIBQ2h0dHBzOi8vd3d3LnlvdXJ0YW5nby5jb20vMjAyNDM3NDMzMi9sb3ZlLWhvcm9zY29wZS1tYXktMTQtMjAyND9hbXA?hl=en-US&gl=US&ceid=US%3Aen",
            "og": "https://encrypted-tbn1.gstatic.com/images?q=tbn:ANd9GcRUqSSf_LZu1ATZn-UmG7rQHJg3qV3WtggLP07oEKnRKqnNQ8WEOOXcYChr0VMmiopuPCmL9702hZx4Su6EtVbs7wRXy3qxSL4Yxo8Ukw-eHEZB3A",
            "source": "YourTango",
            "source_icon": "https://encrypted-tbn0.gstatic.com/faviconV2?url=https://www.yourtango.com&client=NEWS_360&size=96&type=FAVICON&fallback_opts=TYPE,SIZE,URL",
            "title": "The Love Horoscope For Each Zodiac Sign On May 14, 2024"
        },
        {
            "link": "https://news.google.com/articles/CBMiT2h0dHBzOi8vd3d3LnRoZWRhaWx5YmVhc3QuY29tL2hvdy10aGUtbWlzcy11c2EtcGFnZWFudC1lbmRlZC11cC1zdWNoLWEtaG90LW1lc3PSAQA?hl=en-US&gl=US&ceid=US%3Aen",
            "og": "https://encrypted-tbn2.gstatic.com/images?q=tbn:ANd9GcQC2cyGl8VeumipHmeOY55k_1tVa2nAzBDJ6W20Yrt2vfsl0gH5ZRD4vmHOJuV7rlIRv0LWhjZuvVnRHEKjH6ls",
            "source": "The Daily Beast",
            "source_icon": "https://encrypted-tbn0.gstatic.com/faviconV2?url=https://www.thedailybeast.com&client=NEWS_360&size=96&type=FAVICON&fallback_opts=TYPE,SIZE,URL",
            "title": "How the Miss USA Pageant Ended Up Such a Hot Mess"
        },
        {
            "link": "https://news.google.com/articles/CBMiJ2h0dHBzOi8vd3d3LmJiYy5jb20vbmV3cy9hdi91ay02OTAwNTE3NdIBAA?hl=en-US&gl=US&ceid=US%3Aen",
            "og": "https://encrypted-tbn3.gstatic.com/images?q=tbn:ANd9GcRoHy7nawjFYUOVTUovhgej1JdDRkLRTGKktlbFNAo_zjoTAPtbtYBreITUjsi5q9rPizhn13oW1Q1a6481Db-A",
            "source": "BBC.com",
            "source_icon": "https://encrypted-tbn2.gstatic.com/faviconV2?url=https://www.bbc.com&client=NEWS_360&size=96&type=FAVICON&fallback_opts=TYPE,SIZE,URL",
            "title": "Prince William flies helicopter as Army Air Corps' new colonel-in-chief"
        },
        {
            "link": "https://news.google.com/articles/CBMiaGh0dHBzOi8vd3d3LmhvbGx5d29vZHJlcG9ydGVyLmNvbS9tb3ZpZXMvbW92aWUtbmV3cy9tZWdhbG9wb2xpcy10cmFpbGVyLWZyYW5jaXMtZm9yZC1jb3Bwb2xhLTEyMzU4OTgzNjcv0gFsaHR0cHM6Ly93d3cuaG9sbHl3b29kcmVwb3J0ZXIuY29tL21vdmllcy9tb3ZpZS1uZXdzL21lZ2Fsb3BvbGlzLXRyYWlsZXItZnJhbmNpcy1mb3JkLWNvcHBvbGEtMTIzNTg5ODM2Ny9hbXAv?hl=en-US&gl=US&ceid=US%3Aen",
            "og": "https://encrypted-tbn0.gstatic.com/images?q=tbn:ANd9GcQX8JK6qwuhixFs71KQasPlzQyotgM7M8kL2OY1Sbo-vLKshLHWNRRRYYbQIgSUDff1pBTiRauT4bE2GG-qDLgnr8ENzz60c5SRNB-blIS93Q1FXA",
            "source": "Hollywood Reporter",
            "source_icon": "https://encrypted-tbn1.gstatic.com/faviconV2?url=https://www.hollywoodreporter.com&client=NEWS_360&size=96&type=FAVICON&fallback_opts=TYPE,SIZE,URL",
            "title": "Francis Ford Coppola Releases First Teaser Trailer for Epic ‘Megalopolis’"
        },
        {
            "link": "https://news.google.com/articles/CBMicmh0dHBzOi8vbnlwb3N0LmNvbS8yMDI0LzA1LzEyL3VzLW5ld3MvYm9hcmR3YWxrLWVtcGlyZS1zdGFyLXN0ZXZlLWJ1c2NlbWktYXR0YWNrZWQtYnktcm9jay13aWVsZGluZy1tYW5pYWMtaW4tbnljL9IBAA?hl=en-US&gl=US&ceid=US%3Aen",
            "og": "https://encrypted-tbn2.gstatic.com/images?q=tbn:ANd9GcRs5OfS25DAYJG0xi3VDd5_-3BhNHCfVUVD3xB0ckVByblKYBFFjnMvN9yP8eaqVDlYtRq0PnqdEEECCwvDW-dhcdX7DhJ7OA-uYxUMnx2KuXzZUQ",
            "source": "New York Post",
            "source_icon": "https://encrypted-tbn3.gstatic.com/faviconV2?url=https://nypost.com&client=NEWS_360&size=96&type=FAVICON&fallback_opts=TYPE,SIZE,URL",
            "title": "'Boardwalk Empire' star Steve Buscemi punched by maniac in random NYC attack"
        },
        {
            "link": "https://news.google.com/articles/CBMilQFodHRwczovL3d3dy51c21hZ2F6aW5lLmNvbS9jZWxlYnJpdHktbmV3cy9uZXdzL2hvZGEta290Yi1qb2tlcy1nYXZpbi1yb3NzZGFsZS1oYXMtYS10eXBlLXdpdGgtZ2lybGZyaWVuZC14aG9hbmEteGhlbmV0aXMtcmVzZW1ibGFuY2UtdG8tZ3dlbi1zdGVmYW5pL9IBAA?hl=en-US&gl=US&ceid=US%3Aen",
            "og": "https://encrypted-tbn2.gstatic.com/images?q=tbn:ANd9GcQI55pOYJeCmbeKANI6tZE_gBsQpSez81pJJ18tW6zFax4Dqlf7suJRF1YIpNClquMxpMlHWkZYT1whxIgbfdAEWZFBtaanvAFH4aWoBI6XDr-Qzw",
            "source": "Us Weekly",
            "source_icon": "https://encrypted-tbn2.gstatic.com/faviconV2?url=https://www.usmagazine.com&client=NEWS_360&size=96&type=FAVICON&fallback_opts=TYPE,SIZE,URL",
            "title": "Hoda Kotb Jokes Gavin Rossdale Has a 'Type' With Gwen Stefani Lookalike GF"
        },
        {
            "link": "https://news.google.com/articles/CBMidGh0dHBzOi8vdGhlaGlsbC5jb20vcG9saWN5L2ludGVybmF0aW9uYWwvNDY2MTcyMy1pcmFuaWFuLWZpbG1tYWtlci1mbGVlcy1oaXMtY291bnRyeS1hZnRlci1mbG9nZ2luZy1wcmlzb24tc2VudGVuY2Uv0gF4aHR0cHM6Ly90aGVoaWxsLmNvbS9wb2xpY3kvaW50ZXJuYXRpb25hbC80NjYxNzIzLWlyYW5pYW4tZmlsbW1ha2VyLWZsZWVzLWhpcy1jb3VudHJ5LWFmdGVyLWZsb2dnaW5nLXByaXNvbi1zZW50ZW5jZS9hbXAv?hl=en-US&gl=US&ceid=US%3Aen",
            "og": "https://encrypted-tbn1.gstatic.com/images?q=tbn:ANd9GcS_WIABtqnkUgO-20vUAUA-0qg2-IZQZSiS4dBnrxvOwH-7FhwwDYYyxieNwmH7SJCjuqwxYfwZVk5yFmdobgis9LCcpaQuBU178kcXre9qBO0yaA",
            "source": "The Hill",
            "source_icon": "https://encrypted-tbn2.gstatic.com/faviconV2?url=https://thehill.com&client=NEWS_360&size=96&type=FAVICON&fallback_opts=TYPE,SIZE,URL",
            "title": "Iranian filmmaker flees his country after flogging, prison sentence"
        },
        {
            "link": "https://news.google.com/articles/CBMicWh0dHBzOi8vd3d3LmluZGVwZW5kZW50LmNvLnVrL2FydHMtZW50ZXJ0YWlubWVudC9ldXJvdmlzaW9uL2V1cm92aXNpb24tMjAyNC13aW5uZXItbmVtby1zd2l0emVybGFuZC1iMjU0NDU2NC5odG1s0gEA?hl=en-US&gl=US&ceid=US%3Aen",
            "og": "https://encrypted-tbn3.gstatic.com/images?q=tbn:ANd9GcR_4TOFeMX5Zm2hxizLofPNN1NWOQWL7T96B_3605xCoomsyTDYKoYTZ3bYSpAuXYFfHkJn-FNzPY8wNmy-e8pzcAp6ygCKFwqhLSdyJYNfQVoxbw",
            "source": "The Independent",
            "source_icon": "https://encrypted-tbn1.gstatic.com/faviconV2?url=https://www.independent.co.uk&client=NEWS_360&size=96&type=FAVICON&fallback_opts=TYPE,SIZE,URL",
            "title": "Eurovision winner Nemo hits out at organisers over 'unbelievable double standard'"
        },
        {
            "link": "https://news.google.com/articles/CBMiUGh0dHBzOi8vd3d3LnZvZ3VlLmNvbS9hcnRpY2xlL21lZ2hhbi1tYXJrbGUtbmlnZXJpYS10b3VyLXdhcmRyb2JlLWRlZXBlci1tZWFuaW5n0gEA?hl=en-US&gl=US&ceid=US%3Aen",
            "og": "https://encrypted-tbn0.gstatic.com/images?q=tbn:ANd9GcSfgR3Rk7dMPzyPICrEJo-MIP5pAGpWFH80M-V_jOPwnPFj8IqYlHgObr0_of-cefRWIv5BH2PT0332J-ReoipimrfSrjDJ60NBqXhks58IcaoB5A",
            "source": "Vogue",
            "source_icon": "https://encrypted-tbn3.gstatic.com/faviconV2?url=https://www.vogue.com&client=NEWS_360&size=96&type=FAVICON&fallback_opts=TYPE,SIZE,URL",
            "title": "The Deeper Meaning Behind Meghan Markle's Embrace of Her Former Royal Wardrobe"
        },
        {
            "link": "https://news.google.com/articles/CBMiRWh0dHBzOi8vd3d3Lm55dGltZXMuY29tLzIwMjQvMDUvMTMvYXJ0cy9tdXNpYy9kYXZpZC1zYW5ib3JuLWRlYWQuaHRtbNIBAA?hl=en-US&gl=US&ceid=US%3Aen",
            "og": "https://encrypted-tbn3.gstatic.com/images?q=tbn:ANd9GcSi3h0a-FC0639nKgDW3u9t_I1SuW_D9-8saCXMV2SL5vr1P7eve_43XkOpUFTz1sJsNV6tk4cAojSeN5ndD36Cv2Iuj3Iq5RAewPsu9OKTpfWc0w",
            "source": "The New York Times",
            "source_icon": "https://encrypted-tbn2.gstatic.com/faviconV2?url=https://www.nytimes.com&client=NEWS_360&size=96&type=FAVICON&fallback_opts=TYPE,SIZE,URL",
            "title": "David Sanborn, Saxophonist Who Defied Pigeonholing, Dies at 78"
        },
        {
            "link": "https://news.google.com/articles/CBMie2h0dHBzOi8vd3d3Lm5iY25ld3MuY29tL3BvcC1jdWx0dXJlL3BvcC1jdWx0dXJlLW5ld3Mva2VuZHJpY2stbGFtYXItZHJha2Utbm90LWxpa2UtdXMtbnVtYmVyLW9uZS1iaWxsYm9hcmQtY2hhcnQtcmNuYTE1MjA1MtIBK2h0dHBzOi8vd3d3Lm5iY25ld3MuY29tL25ld3MvYW1wL3JjbmExNTIwNTI?hl=en-US&gl=US&ceid=US%3Aen",
            "og": "https://encrypted-tbn2.gstatic.com/images?q=tbn:ANd9GcTJuZa2IP84JSxWVH1XOyscXAckSv2AeS4p5v3gwKsIQqOZs6kCWPUznwz_8qhv39k6ogJ5K4HAh9eegx7VTT1Rvy-T37klw-H1N4YJSzRvIOybvA",
            "source": "NBC News",
            "source_icon": "https://encrypted-tbn1.gstatic.com/faviconV2?url=https://www.nbcnews.com&client=NEWS_360&size=96&type=FAVICON&fallback_opts=TYPE,SIZE,URL",
            "title": "Kendrick Lamar nabs No. 1 spot on Billboard Hot 100 after Drake feud"
        },
        {
            "link": "https://news.google.com/articles/CBMiX2h0dHBzOi8vd3d3LnJvbGxpbmdzdG9uZS5jb20vbXVzaWMvbXVzaWMtbmV3cy9jaGlsZGlzaC1nYW1iaW5vLWRyb3BzLWF0YXZpc3RhLWFsYnVtLTEyMzUwMTg3Nzgv0gEA?hl=en-US&gl=US&ceid=US%3Aen",
            "og": "https://encrypted-tbn1.gstatic.com/images?q=tbn:ANd9GcSYIWyq75vC5ZaMAS--I3rTh_P5sCV4VY7uYGHPo4ru9qMAEJ95_Mus90jLrXR77OrlMrY0Hs3Sck7hmFi0HQvat7cSpewai3546fhVpQhhA_wfrA",
            "source": "Rolling Stone",
            "source_icon": "https://encrypted-tbn2.gstatic.com/faviconV2?url=https://www.rollingstone.com&client=NEWS_360&size=96&type=FAVICON&fallback_opts=TYPE,SIZE,URL",
            "title": "Childish Gambino Surprise-Drops New Album 'Atavista'"
        },
        {
            "link": "https://news.google.com/articles/CBMiZ2h0dHBzOi8vd3d3LmhvbGx5d29vZHJlcG9ydGVyLmNvbS9tb3ZpZXMvbW92aWUtbmV3cy9hbnlhLXRheWxvci1qb3ktaW50ZW5zZS1mdXJpb3NhLWZpbG1pbmctMTIzNTg5ODMxNy_SAWtodHRwczovL3d3dy5ob2xseXdvb2RyZXBvcnRlci5jb20vbW92aWVzL21vdmllLW5ld3MvYW55YS10YXlsb3Itam95LWludGVuc2UtZnVyaW9zYS1maWxtaW5nLTEyMzU4OTgzMTcvYW1wLw?hl=en-US&gl=US&ceid=US%3Aen",
            "og": "https://encrypted-tbn3.gstatic.com/images?q=tbn:ANd9GcQTB2u7s6BYFEvjPzgdSMUdAH3cqZi_jLNd-rqCl1xZs6a0Tqs3zDDRDm20_MUmE-HHyddULpCaAYZVfp9dD81M4H3ly30qQVL6MPFdIx3TdD76WQ",
            "source": "Hollywood Reporter",
            "source_icon": "https://encrypted-tbn1.gstatic.com/faviconV2?url=https://www.hollywoodreporter.com&client=NEWS_360&size=96&type=FAVICON&fallback_opts=TYPE,SIZE,URL",
            "title": "Anya Taylor-Joy Reflects on Intense ‘Furiosa’ Filming: “I’ve Never Been More Alone”"
        },
        {
            "link": "https://news.google.com/articles/CBMicGh0dHBzOi8vd2R3bnQuY29tLzIwMjQvMDUvbmV3LTUwLWZvb3QtcGx1bmdlLWFoZWFkLXNpZ25zLWFkZGVkLXRvLXRpYW5hcy1iYXlvdS1hZHZlbnR1cmUtcXVldWUtaW4tbWFnaWMta2luZ2RvbS_SAQA?hl=en-US&gl=US&ceid=US%3Aen",
            "og": "https://encrypted-tbn1.gstatic.com/images?q=tbn:ANd9GcQVAYY8ZO5nFiDOHHTLUHCuzcNTPu81BNabYHJ2QEp-1UG97bTrf5qHq4MMJHL-nMXLQaQ3NCYcJOlcVSSGy7qHfPQAljOgCdoT-dJwgfDxj0b49A",
            "source": "WDW News Today",
            "source_icon": "https://encrypted-tbn3.gstatic.com/faviconV2?url=https://wdwnt.com&client=NEWS_360&size=96&type=FAVICON&fallback_opts=TYPE,SIZE,URL",
            "title": "New '50 Foot Plunge Ahead' Signs Added to Tiana's Bayou Adventure Queue in Magic Kingdom"
        },
        {
            "link": "https://news.google.com/articles/CBMidGh0dHBzOi8vd3d3LmluZGVwZW5kZW50LmNvLnVrL25ld3Mvd29ybGQvYW1lcmljYXMvaGFycnktbWVnaGFuLWNoYXJpdHktYXJjaGV3ZWxsLWZvdW5kYXRpb24tZGVsaW5xdWVudC1iMjU0NDU2OS5odG1s0gEA?hl=en-US&gl=US&ceid=US%3Aen",
            "og": "https://encrypted-tbn1.gstatic.com/images?q=tbn:ANd9GcSTCQkq0k8QXybh07qYlcHr6E7K0hIJQPFuITktg40Nep1LJFSX9bCkIkAxwa8zn_TjODFLDofsIBdJnB0vn8Gp2npwReIYLlrh9REQnYglThpiLw",
            "source": "The Independent",
            "source_icon": "https://encrypted-tbn1.gstatic.com/faviconV2?url=https://www.independent.co.uk&client=NEWS_360&size=96&type=FAVICON&fallback_opts=TYPE,SIZE,URL",
            "title": "Harry and Meghan's Archewell charity found delinquent and unable to fundraise"
        },
        {
            "link": "https://news.google.com/articles/CBMiJ2h0dHA6Ly93d3cud3dlLmNvbS9zaG93cy9yYXcvMjAyNC0wNS0xM9IBAA?hl=en-US&gl=US&ceid=US%3Aen",
            "og": "https://encrypted-tbn1.gstatic.com/images?q=tbn:ANd9GcQByhMKfZtXTjucga1GWjMPhDD6de51H80WoWkiDUiQQiqeYXbaYP__cU0iAkDuDWkxx_h8OwGiNx06n7kHsIz9Asdmh1ORMPd3lAZD",
            "source": "WWE",
            "source_icon": "https://encrypted-tbn0.gstatic.com/faviconV2?url=http://www.wwe.com&client=NEWS_360&size=96&type=FAVICON&fallback_opts=TYPE,SIZE,URL",
            "title": "Raw: May 13, 2024"
        },
        {
            "link": "https://news.google.com/articles/CBMiUmh0dHBzOi8vd3d3LnlhaG9vLmNvbS9lbnRlcnRhaW5tZW50L2thdGUtZ29zc2VsaW4tc2hhcmVzLXJhcmUtcGhvdG8tMTg1MzU3MjM5Lmh0bWzSAQA?hl=en-US&gl=US&ceid=US%3Aen",
            "og": "https://encrypted-tbn0.gstatic.com/images?q=tbn:ANd9GcSpaEV4zmY7ev9pdoFTB8Cye86EL5KJcLeXsMVkp4gD8W0mHkyd59n1u_r7CBlk71s3PHCvL1HCHWKeaReyY-_KCwBPyrHYl_RhuA-1uc_pFNBfkA",
            "source": "Yahoo Entertainment",
            "source_icon": "https://encrypted-tbn1.gstatic.com/faviconV2?url=https://www.yahoo.com&client=NEWS_360&size=96&type=FAVICON&fallback_opts=TYPE,SIZE,URL",
            "title": "Kate Gosselin shares rare photo of grown up sextuplets after years of family drama in the spotlight"
        },
        {
            "link": "https://news.google.com/articles/CBMibmh0dHBzOi8vd3d3LmFsamF6ZWVyYS5jb20vbmV3cy8yMDI0LzUvMTMvd2h5LWFyZS1zb2NpYWwtbWVkaWEtdXNlcnMtYmxvY2tpbmctY2VsZWJyaXRpZXMtb3Zlci1pc3JhZWxzLWdhemEtd2Fy0gFyaHR0cHM6Ly93d3cuYWxqYXplZXJhLmNvbS9hbXAvbmV3cy8yMDI0LzUvMTMvd2h5LWFyZS1zb2NpYWwtbWVkaWEtdXNlcnMtYmxvY2tpbmctY2VsZWJyaXRpZXMtb3Zlci1pc3JhZWxzLWdhemEtd2Fy?hl=en-US&gl=US&ceid=US%3Aen",
            "og": "https://encrypted-tbn2.gstatic.com/images?q=tbn:ANd9GcS3LF1bLz3Di1jeVsEDShv3RQUrhrPFJZg4qKDnrWJTV5QDtvYLwNVclfFD_TMeq1A-Yvu55eXSTA7UEH0kWEtdvgG5KMjQ35iCsYIxrWMp-9b7JQ",
            "source": "Al Jazeera English",
            "source_icon": "https://encrypted-tbn0.gstatic.com/faviconV2?url=https://www.aljazeera.com&client=NEWS_360&size=96&type=FAVICON&fallback_opts=TYPE,SIZE,URL",
            "title": "Why are social media users blocking celebrities over Israel’s Gaza war?"
        },
        {
            "link": "https://news.google.com/articles/CBMiVmh0dHBzOi8vZ2l6bW9kby5jb20va2luZ2RvbS1vZi1wbGFuZXQtb2YtYXBlcy1zcG9pbGVycy1lbmRpbmctc2VxdWVscy1jYWVzYS0xODUxNDYyMjcz0gEA?hl=en-US&gl=US&ceid=US%3Aen",
            "og": "https://encrypted-tbn1.gstatic.com/images?q=tbn:ANd9GcTxB2P0ZFdZRUUSSKsvGnQ7SL6JRtPGTwSnd69WyWwp7eC-TeEmtAv2HqBwXSqlPVjXlUkTYwDaN4A00vSlYP1rbVqNV-YA1uYjZREv",
            "source": "Gizmodo",
            "source_icon": "https://encrypted-tbn1.gstatic.com/faviconV2?url=https://gizmodo.com&client=NEWS_360&size=96&type=FAVICON&fallback_opts=TYPE,SIZE,URL",
            "title": "Wes Ball Talks Kingdom of the Planet of the Apes Spoilers"
        },
        {
            "link": "https://news.google.com/articles/CBMiU2h0dHBzOi8vdmFyaWV0eS5jb20vMjAyNC90di9uZXdzL3dpY2tlZC1uYmN1LXVwZnJvbnQtMjAyNC1kb25uYS1sYW5nbGV5LTEyMzYwMDA3MDgv0gFXaHR0cHM6Ly92YXJpZXR5LmNvbS8yMDI0L3R2L25ld3Mvd2lja2VkLW5iY3UtdXBmcm9udC0yMDI0LWRvbm5hLWxhbmdsZXktMTIzNjAwMDcwOC9hbXAv?hl=en-US&gl=US&ceid=US%3Aen",
            "og": "https://encrypted-tbn2.gstatic.com/images?q=tbn:ANd9GcSwVQ05mrIJnexfQP93ewaNDcTjH160n4LEPYJgjAuQ8eM3RVCdQa52WWlGC1NkAph8eQIS9dq0U00E8h180jxeggugfPQJycM6zRm3-WlKX1sY8A",
            "source": "Variety",
            "source_icon": "https://encrypted-tbn1.gstatic.com/faviconV2?url=https://variety.com&client=NEWS_360&size=96&type=FAVICON&fallback_opts=TYPE,SIZE,URL",
            "title": "‘Wicked’ Movie Gets Big Push at NBCU Upfront as Donna Langley Takes Over the Show"
        },
        {
            "link": "https://news.google.com/articles/CBMiOWh0dHBzOi8vZGVmZWN0b3IuY29tL3RoZS1teXRoLW9mLWFuLWFwb2xpdGljYWwtZXVyb3Zpc2lvbtIBAA?hl=en-US&gl=US&ceid=US%3Aen",
            "og": "https://encrypted-tbn0.gstatic.com/images?q=tbn:ANd9GcTjZORG6fbU8QoXb0xZKwzrYmCnzXPdDpA_6d6qPxexig5ytYnDzLpXsW12R23eThAsI1lRwUfhhoW1qxoQ-B_E",
            "source": "Defector",
            "source_icon": "https://encrypted-tbn0.gstatic.com/faviconV2?url=https://defector.com&client=NEWS_360&size=96&type=FAVICON&fallback_opts=TYPE,SIZE,URL",
            "title": "The Myth Of An Apolitical Eurovision"
        },
        {
            "link": "https://news.google.com/articles/CBMiYmh0dHBzOi8vdmFyaWV0eS5jb20vMjAyNC9maWxtL2dsb2JhbC90aGllcnJ5LWZyZW1hdXgtbWV0b28tY2FubmVzLWZpbG0tZmVzdGl2YWwtcnVtb3JzLTEyMzYwMDA2MDkv0gFmaHR0cHM6Ly92YXJpZXR5LmNvbS8yMDI0L2ZpbG0vZ2xvYmFsL3RoaWVycnktZnJlbWF1eC1tZXRvby1jYW5uZXMtZmlsbS1mZXN0aXZhbC1ydW1vcnMtMTIzNjAwMDYwOS9hbXAv?hl=en-US&gl=US&ceid=US%3Aen",
            "og": "https://encrypted-tbn2.gstatic.com/images?q=tbn:ANd9GcTqa4y5jf7kcJV0u8N0ZBMbnaIhcco1ayKQ3DvMjX2LSiuvG1UMtajL8Q-w_1N1Efj9PLm9h3-OFrB7Ro0bTqHAg134BkkQJXG-po9XPukAFIF7mg",
            "source": "Variety",
            "source_icon": "https://encrypted-tbn1.gstatic.com/faviconV2?url=https://variety.com&client=NEWS_360&size=96&type=FAVICON&fallback_opts=TYPE,SIZE,URL",
            "title": "Thierry Fremaux Responds to Rumors of #MeToo Reckoning at Cannes: These ‘Polemics Don’t Concern’ the Festival"
        },
        {
            "link": "https://news.google.com/articles/CBMiSWh0dHBzOi8vd3d3Lm55dGltZXMuY29tLzIwMjQvMDUvMTAvc3R5bGUvbGFjdGF0aW9uLWNvb2tpZXMtYmlsbGJvYXJkLmh0bWzSAQA?hl=en-US&gl=US&ceid=US%3Aen",
            "og": "https://encrypted-tbn0.gstatic.com/images?q=tbn:ANd9GcTqzA4YwMKXa6LbDabKLlQ117ZiLasVmYdwbyIfo_GyJND7h6VHJX3eBUzepaTeVNWcrGXyScrOIk6NABZYUatzt76tpUdDPfLGnC8coIlub7DWQg",
            "source": "The New York Times",
            "source_icon": "https://encrypted-tbn2.gstatic.com/faviconV2?url=https://www.nytimes.com&client=NEWS_360&size=96&type=FAVICON&fallback_opts=TYPE,SIZE,URL",
            "title": "Molly Baz’s Lactation Cookie Ad Banned From Times Square"
        },
        {
            "link": "https://news.google.com/articles/CBMiW2h0dHBzOi8vYmxvb2R5LWRpc2d1c3RpbmcuY29tL21vdmllLzM4MTE4OTYvcm9nZXItY29ybWFuLWhvcnJvci1tb3ZpZXMtdG8tc3RyZWFtLXRoaXMtd2Vlay_SAQA?hl=en-US&gl=US&ceid=US%3Aen",
            "og": "https://encrypted-tbn2.gstatic.com/images?q=tbn:ANd9GcTnACmdo-uq8Zu4ySOhjb243PpBhWhSEqkwe5Tf1cMX-M-ITqh8mkKziphbt403AXfTJx270SdvSnS9fjbvVt-WRejeqjkmR1BQ-R-_UCCr54TksQ",
            "source": "Bloody Disgusting",
            "source_icon": "https://encrypted-tbn0.gstatic.com/faviconV2?url=https://bloody-disgusting.com&client=NEWS_360&size=96&type=FAVICON&fallback_opts=TYPE,SIZE,URL",
            "title": "Five Roger Corman Horror Movies to Stream This Week"
        },
        {
            "link": "https://news.google.com/articles/CBMic2h0dHBzOi8vd3d3LmhvbGx5d29vZHJlcG9ydGVyLmNvbS9saWZlc3R5bGUvYXJ0cy9nZW9yZ2UtY2xvb25leS1icm9hZHdheS1kZWJ1dC1nb29kLW5pZ2h0LWFuZC1nb29kLWx1Y2stMTIzNTg5NzY0MC_SAXdodHRwczovL3d3dy5ob2xseXdvb2RyZXBvcnRlci5jb20vbGlmZXN0eWxlL2FydHMvZ2VvcmdlLWNsb29uZXktYnJvYWR3YXktZGVidXQtZ29vZC1uaWdodC1hbmQtZ29vZC1sdWNrLTEyMzU4OTc2NDAvYW1wLw?hl=en-US&gl=US&ceid=US%3Aen",
            "og": "https://encrypted-tbn1.gstatic.com/images?q=tbn:ANd9GcR9H7DxXOA8cB_l3_RAdlICCdAlBlLl_Ik1AR0lIkQlbcb9O3t67F9mjhzf2S2oYaKU8B8OSZVuiPfmpVweYaSEhkdISWUtc8Osua12lF8szxOuMg",
            "source": "Hollywood Reporter",
            "source_icon": "https://encrypted-tbn1.gstatic.com/faviconV2?url=https://www.hollywoodreporter.com&client=NEWS_360&size=96&type=FAVICON&fallback_opts=TYPE,SIZE,URL",
            "title": "George Clooney to Make Broadway Debut in ‘Good Night, and Good Luck’"
        },
        {
            "link": "https://news.google.com/articles/CBMic2h0dHBzOi8vd3d3Lmh1ZmZwb3N0LmNvbS9lbnRyeS9vbGl2aWEtbXVubi1oeXN0ZXJlY3RvbXktYmVzdC1kZWNpc2lvbi1mb3ItaGVyLWFuZC1mYW1pbHlfbl82NjQyMjkyMWU0YjA4NjZhNWIyY2MxZmLSAXdodHRwczovL3d3dy5odWZmcG9zdC5jb20vZW50cnkvb2xpdmlhLW11bm4taHlzdGVyZWN0b215LWJlc3QtZGVjaXNpb24tZm9yLWhlci1hbmQtZmFtaWx5X25fNjY0MjI5MjFlNGIwODY2YTViMmNjMWZiL2FtcA?hl=en-US&gl=US&ceid=US%3Aen",
            "og": "https://encrypted-tbn0.gstatic.com/images?q=tbn:ANd9GcSL_8wkykS8MlKcN0nHD17rclC_IUoE-awZvMAhOh_z_op53hvh83Jre7BpuA_NUuEeQUPRzmaPtfRQ85iLv_Wogxs2_Op8q6lQXzhJHEGWjOg0bw",
            "source": "HuffPost",
            "source_icon": "https://encrypted-tbn3.gstatic.com/faviconV2?url=https://www.huffpost.com&client=NEWS_360&size=96&type=FAVICON&fallback_opts=TYPE,SIZE,URL",
            "title": "Olivia Munn Calls Her Hysterectomy The 'Best Decision' For Her And Her Family"
        },
        {
            "link": "https://news.google.com/articles/CBMiT2h0dHBzOi8vd3d3Lm5wci5vcmcvMjAyNC8wNS8xMy8xMjUwNTA3OTAwL2Jpa2luaS1raWxsLWthdGhsZWVuLWhhbm5hLXJlYmVsLWdpcmzSAQA?hl=en-US&gl=US&ceid=US%3Aen",
            "og": "https://encrypted-tbn0.gstatic.com/images?q=tbn:ANd9GcS34I4EwQxOHLakZkFifN76HrAzEkkZMte_Q6lOXQ5ekD_blP_rV7ppz15hZtmC4a1rajKu-ntoM-aTBF_6ctRVz3eFMSXA6GttJjrhA4Z-mQ8P_Q",
            "source": "NPR",
            "source_icon": "https://encrypted-tbn1.gstatic.com/faviconV2?url=https://www.npr.org&client=NEWS_360&size=96&type=FAVICON&fallback_opts=TYPE,SIZE,URL",
            "title": "Bikini Kill frontwoman Kathleen Hanna looks back in the memoir 'Rebel Girl'"
        },
        {
            "link": "https://news.google.com/articles/CBMiY2h0dHBzOi8vdmFyaWV0eS5jb20vMjAyNC90di9uZXdzL3NldGgtbWV5ZXJzLW5iYy11cGZyb250cy1wZWFjb2NrLWZveC1uZXdzLXRvbS1zYW5kb3ZhbC0xMjM2MDAwODQ2L9IBZ2h0dHBzOi8vdmFyaWV0eS5jb20vMjAyNC90di9uZXdzL3NldGgtbWV5ZXJzLW5iYy11cGZyb250cy1wZWFjb2NrLWZveC1uZXdzLXRvbS1zYW5kb3ZhbC0xMjM2MDAwODQ2L2FtcC8?hl=en-US&gl=US&ceid=US%3Aen",
            "og": "https://encrypted-tbn3.gstatic.com/images?q=tbn:ANd9GcSaVK6eWHsu0U29Mtm9ojDRvKv8Xz63kSgO7G-D4XX9ZPwxMbC21XH5lHc3GZWwWktMaSLcxeBndBRjavH0dZOKysGrN5hO-ui1D0Q7KRinc8J52Q",
            "source": "Variety",
            "source_icon": "https://encrypted-tbn1.gstatic.com/faviconV2?url=https://variety.com&client=NEWS_360&size=96&type=FAVICON&fallback_opts=TYPE,SIZE,URL",
            "title": "Seth Meyers Skewers Tom Sandoval, Peacock, Fox News, Linda Yaccarino and More at NBCUniversal Upfronts"
        },
        {
            "link": "https://news.google.com/articles/CBMihQFodHRwczovL255cG9zdC5jb20vMjAyNC8wNS8xMy9lbnRlcnRhaW5tZW50L3ByaW5jZS1oYXJyeS1mb3JjZWQta2luZy1jaGFybGVzLXRvLWNob29zZS1iZXR3ZWVuLWhpbS1hbmQtcXVlZW4tY2FtaWxsYS1zYXlzLWNvbmZpZGFudGUv0gGJAWh0dHBzOi8vbnlwb3N0LmNvbS8yMDI0LzA1LzEzL2VudGVydGFpbm1lbnQvcHJpbmNlLWhhcnJ5LWZvcmNlZC1raW5nLWNoYXJsZXMtdG8tY2hvb3NlLWJldHdlZW4taGltLWFuZC1xdWVlbi1jYW1pbGxhLXNheXMtY29uZmlkYW50ZS9hbXAv?hl=en-US&gl=US&ceid=US%3Aen",
            "og": "https://encrypted-tbn1.gstatic.com/images?q=tbn:ANd9GcSeBMyls9uEAZM7LN3R5-Z0uL95VOvMtu5i54XR1cO-rUwTSsLPRfkoJmRqyl8sWLenSLIPy0zTvzHzpWDFcfwWHZzXIgQ1ZoCvEtGnJyu-vhlKTA",
            "source": "New York Post",
            "source_icon": "https://encrypted-tbn3.gstatic.com/faviconV2?url=https://nypost.com&client=NEWS_360&size=96&type=FAVICON&fallback_opts=TYPE,SIZE,URL",
            "title": "Prince Harry 'forced' King Charles 'to choose' between him and 'villain' Queen Camilla, says confidante"
        },
        {
            "link": "https://news.google.com/articles/CBMiTmh0dHBzOi8vd3d3LnlhaG9vLmNvbS9uZXdzL2tpbmctY2hhcmxlcy1naXZlcy11bnNldHRsaW5nLWhlYWx0aC0xNjA0NDExNjEuaHRtbNIBAA?hl=en-US&gl=US&ceid=US%3Aen",
            "og": "https://encrypted-tbn1.gstatic.com/images?q=tbn:ANd9GcRM1Y48Qb9ILGHqOrln_ia0rBKJmgHcQKDfKJejUllm0Q3yCDJzn1O-SKkfDQxbmLtHt9t9jWtrhfIQvxfW0-D-d-ozs8nTaIlRvv8yL1iw7PcW6w",
            "source": "Yahoo! Voices",
            "source_icon": "https://encrypted-tbn1.gstatic.com/faviconV2?url=https://www.yahoo.com&client=NEWS_360&size=96&type=FAVICON&fallback_opts=TYPE,SIZE,URL",
            "title": "King Charles Gives Unsettling Health Update Amid Cancer Battle"
        },
        {
            "link": "https://news.google.com/articles/CBMiRGh0dHBzOi8vdmFyaWV0eS5jb20vMjAyNC90di9uZXdzL2R1bmUtcHJvcGhlY3ktY2FzdC10YWJ1LTEyMzYwMDA5MDcv0gFIaHR0cHM6Ly92YXJpZXR5LmNvbS8yMDI0L3R2L25ld3MvZHVuZS1wcm9waGVjeS1jYXN0LXRhYnUtMTIzNjAwMDkwNy9hbXAv?hl=en-US&gl=US&ceid=US%3Aen",
            "og": "https://encrypted-tbn1.gstatic.com/images?q=tbn:ANd9GcTOpu2IeFe94FNdgW7gKvxirL4pI1oTwdwmlJ549dDvdA7PcZayJoEIeZBIrhEsfr5kDZr70oyekWMn-eY0epcvGFvmKJ_OdB2O5cdA1jWsrAHUAg",
            "source": "Variety",
            "source_icon": "https://encrypted-tbn1.gstatic.com/faviconV2?url=https://variety.com&client=NEWS_360&size=96&type=FAVICON&fallback_opts=TYPE,SIZE,URL",
            "title": "‘Dune: Prophecy’ Casts Indian Superstar Tabu (EXCLUSIVE)"
        },
        {
            "link": "https://news.google.com/articles/CBMidGh0dHBzOi8vd3d3Lm5iY25ld3MuY29tL25ld3Mvd29ybGQvM3JkLXRyZXNwYXNzaW5nLXJlcG9ydGVkLWRyYWtlcy1tYW5zaW9uLW1hbi1wcmV2aW91cy1pbmNpZGVudC1jYW1lLWJhYy1yY25hMTUxOTUz0gEraHR0cHM6Ly93d3cubmJjbmV3cy5jb20vbmV3cy9hbXAvcmNuYTE1MTk1Mw?hl=en-US&gl=US&ceid=US%3Aen",
            "og": "https://encrypted-tbn0.gstatic.com/images?q=tbn:ANd9GcR-K54J4hREQFqB6T4WBIsKAEgJutq8bzCdMu6yQqfKxk2UnxfngVdxtOlH-GuIjZJYAbiO0X205XaWTswLKdqYeNcAURythar8-n7fRuRsC7Fb-g",
            "source": "NBC News",
            "source_icon": "https://encrypted-tbn1.gstatic.com/faviconV2?url=https://www.nbcnews.com&client=NEWS_360&size=96&type=FAVICON&fallback_opts=TYPE,SIZE,URL",
            "title": "3rd trespassing reported at Drake's mansion as man from previous incident comes back for bike"
        },
        {
            "link": "https://news.google.com/articles/CBMiU2h0dHBzOi8vd3d3LnlhaG9vLmNvbS9lbnRlcnRhaW5tZW50L3Zhbi1odW50LWFjY2lkZW50YWxseS1wb3N0cy1udWRlLTIwNDQwNjg4Mi5odG1s0gEA?hl=en-US&gl=US&ceid=US%3Aen",
            "og": "https://encrypted-tbn3.gstatic.com/images?q=tbn:ANd9GcSnm6FGfmPOeQ7CZb8bZqPE5FhO8B2m9eGWgyE3j6T7mtBZPOd2IB2W3Gflxhywb-OlZprm6WbchaJv5ypXeJ96Anb6uF9NWT8-agIefECneQLQCQ",
            "source": "Yahoo Entertainment",
            "source_icon": "https://encrypted-tbn1.gstatic.com/faviconV2?url=https://www.yahoo.com&client=NEWS_360&size=96&type=FAVICON&fallback_opts=TYPE,SIZE,URL",
            "title": "Van Hunt 'accidentally' posts nude photo of Halle Berry in honour of Mother's Day"
        },
        {
            "link": "https://news.google.com/articles/CBMiRGh0dHBzOi8vd3d3LnRlZW52b2d1ZS5jb20vc3RvcnkvanVzdGluLWhhaWxleS1iaWViZXItZmlyc3QtYmFieS1uYW1l0gEA?hl=en-US&gl=US&ceid=US%3Aen",
            "og": "https://encrypted-tbn2.gstatic.com/images?q=tbn:ANd9GcQHBIDolUfZJlzo_f1tMjwf7AdVcl-j_LvHRwLWMvF6fOmmsiiufHiaQOoEp2dZp9gHIBiIAszOot5hFRE_ywjcWUS0qRiu_qZmWLlJeT5GqcQ7LQ",
            "source": "Teen Vogue",
            "source_icon": "https://encrypted-tbn0.gstatic.com/faviconV2?url=https://www.teenvogue.com&client=NEWS_360&size=96&type=FAVICON&fallback_opts=TYPE,SIZE,URL",
            "title": "Justin & Hailey Bieber Already Have a Name for Their Baby"
        },
        {
            "link": "https://news.google.com/articles/CBMiZGh0dHBzOi8vd3d3LmhvbGx5d29vZHJlcG9ydGVyLmNvbS90di90di1uZXdzL3N0ZXZlLWNhcmVsbC13b250LWFwcGVhci10aGUtb2ZmaWNlLXNwaW5vZmYtMTIzNTg5ODIzNi_SAWhodHRwczovL3d3dy5ob2xseXdvb2RyZXBvcnRlci5jb20vdHYvdHYtbmV3cy9zdGV2ZS1jYXJlbGwtd29udC1hcHBlYXItdGhlLW9mZmljZS1zcGlub2ZmLTEyMzU4OTgyMzYvYW1wLw?hl=en-US&gl=US&ceid=US%3Aen",
            "og": "https://encrypted-tbn2.gstatic.com/images?q=tbn:ANd9GcTHNL_jupSpVJjDy1lQwn3kF8kT5eWJfqeyuPuABCw3H9S0OBFs7q8Y-xYJnjtSYqmtGeD0W6DWoa1AsyLsNCqDu9yJpiPSaf6ERGRfPyQ03TP0gg",
            "source": "Hollywood Reporter",
            "source_icon": "https://encrypted-tbn1.gstatic.com/faviconV2?url=https://www.hollywoodreporter.com&client=NEWS_360&size=96&type=FAVICON&fallback_opts=TYPE,SIZE,URL",
            "title": "Steve Carell Weighs in on New ‘The Office’ Series: “I Will Be Watching But I Will Not Be Showing Up”"
        },
        {
            "link": "https://news.google.com/articles/CBMiiQFodHRwczovL3BhZ2VzaXguY29tLzIwMjQvMDUvMTMvZW50ZXJ0YWlubWVudC9raGxvZS1rYXJkYXNoaWFuLWJyaW5ncy1raWRzLXRvLXNlZS1kYWQtdHJpc3Rhbi10aG9tcHNvbi1wbGF5LXByb2Zlc3Npb25hbGx5LWZvci1maXJzdC10aW1lL9IBjQFodHRwczovL3BhZ2VzaXguY29tLzIwMjQvMDUvMTMvZW50ZXJ0YWlubWVudC9raGxvZS1rYXJkYXNoaWFuLWJyaW5ncy1raWRzLXRvLXNlZS1kYWQtdHJpc3Rhbi10aG9tcHNvbi1wbGF5LXByb2Zlc3Npb25hbGx5LWZvci1maXJzdC10aW1lL2FtcC8?hl=en-US&gl=US&ceid=US%3Aen",
            "og": "https://encrypted-tbn1.gstatic.com/images?q=tbn:ANd9GcS2pF2elREIRi1cYoW2ywqiMN48PwaT3Bg_eU2S2dgK-c_rbNJFdGIKmiAXps6Zg4d_adqTDtnAOEWWpvvEZ19E81qX9_Cbt162u-AXGSI6veZ-pg",
            "source": "Page Six",
            "source_icon": "https://encrypted-tbn1.gstatic.com/faviconV2?url=https://pagesix.com&client=NEWS_360&size=96&type=FAVICON&fallback_opts=TYPE,SIZE,URL",
            "title": "Khloé Kardashian brings kids to see dad Tristan Thompson play professionally for first time"
        }
    ],
    "Health": [
        {
            "link": "https://news.google.com/articles/CBMid2h0dHBzOi8vYXJzdGVjaG5pY2EuY29tL3NjaWVuY2UvMjAyNC8wNS9hbnRpLXBhc3RldXJpemF0aW9uLWNyb3dkLXJlYWZmaXJtcy1sb3ZlLW9mLXJhdy1taWxrLWRlc3BpdGUtYmlyZC1mbHUtb3V0YnJlYWsv0gEA?hl=en-US&gl=US&ceid=US%3Aen",
            "og": "https://encrypted-tbn2.gstatic.com/images?q=tbn:ANd9GcR9A3N6umz6_65KSIFNh8u8G6nqH795NkVpkyhehBuBfjhO2IlsUA2L9oDXNwQ5Njp_2rXWy0PnGVCesCb8hI4_VE7GLgnVMNWN-tCQy6zqM4XS9w",
            "source": "Ars Technica",
            "source_icon": "https://encrypted-tbn0.gstatic.com/faviconV2?url=https://arstechnica.com&client=NEWS_360&size=96&type=FAVICON&fallback_opts=TYPE,SIZE,URL",
            "title": "Raw milk fans plan to drink up as experts warn of high levels of H5N1 virus"
        },
        {
            "link": "https://news.google.com/articles/CBMihwFodHRwczovL3d3dy5yZXV0ZXJzLmNvbS9idXNpbmVzcy9oZWFsdGhjYXJlLXBoYXJtYWNldXRpY2Fscy93ZWdvdnktd2VpZ2h0LWxvc3Mtc3VzdGFpbmVkLWZvdXIteWVhcnMtdHJpYWwtbm92by1ub3JkaXNrLXNheXMtMjAyNC0wNS0xMy_SAQA?hl=en-US&gl=US&ceid=US%3Aen",
            "og": "https://encrypted-tbn2.gstatic.com/images?q=tbn:ANd9GcQN-AK2JjGlOfJ4pA68qOsMErsu1AbT2VQXtvMO41AymTuojVWOx426FQgUaYz3sdAmDOSWy0obUTsm7K44HDmCdLDmUla9RF0pNJ6u_65CgYsDBw",
            "source": "Reuters",
            "source_icon": "https://encrypted-tbn2.gstatic.com/faviconV2?url=https://www.reuters.com&client=NEWS_360&size=96&type=FAVICON&fallback_opts=TYPE,SIZE,URL",
            "title": "Wegovy weight loss sustained for four years in trial, Novo Nordisk says"
        },
        {
            "link": "https://news.google.com/articles/CBMiYGh0dHBzOi8vd3d3LndpcmVkLmNvbS9zdG9yeS9waWcta2lkbmV5LWRlYXRoLXJpY2stc2xheW1hbi10cmFuc3BsYW50LWFuaW1hbC14ZW5vdHJhbnNwbGFudGF0aW9uL9IBAA?hl=en-US&gl=US&ceid=US%3Aen",
            "og": "https://encrypted-tbn1.gstatic.com/images?q=tbn:ANd9GcSh1MGouVvBbZ4re3baZ4WlxYGINU9gxUfHBTs6tT3vrTicz-nJ217S3Llhwf3o10F1I0bDIM0-2viDjpXEuV8ga7v33-eQ5uEcU58a",
            "source": "WIRED",
            "source_icon": "https://encrypted-tbn2.gstatic.com/faviconV2?url=https://www.wired.com&client=NEWS_360&size=96&type=FAVICON&fallback_opts=TYPE,SIZE,URL",
            "title": "The First Person to Receive a Pig Kidney Transplant Has Died"
        },
        {
            "link": "https://news.google.com/articles/CBMiT2h0dHBzOi8vd3d3LmtzYncuY29tL2FydGljbGUvMS1pbi04LWFkdWx0cy1pbi10aGUtdXMtaGFzLXRha2VuLW96ZW1waWMvNjA3NTI5MjHSAQA?hl=en-US&gl=US&ceid=US%3Aen",
            "og": "https://encrypted-tbn1.gstatic.com/images?q=tbn:ANd9GcQqgse7BKOCgyNj124qo0H65Wk0jceAFKvdD8PhVUAU9z5kR4VzO4yIzDMMYWto5v8",
            "source": "KSBW Monterey",
            "source_icon": "https://encrypted-tbn3.gstatic.com/faviconV2?url=https://www.ksbw.com&client=NEWS_360&size=96&type=FAVICON&fallback_opts=TYPE,SIZE,URL",
            "title": "1 in 8 adults in the US has taken Ozempic or another GLP-1 drug, KFF survey finds"
        },
        {
            "link": "https://news.google.com/articles/CBMiYWh0dHBzOi8vYWJjbmV3cy5nby5jb20vSGVhbHRoL2twMi1ub3ctZG9taW5hbnQtY292aWQtdmFyaWFudC1leHBlcnRzLXVzLXN1bW1lci9zdG9yeT9pZD0xMTAxNjYxODfSAWVodHRwczovL2FiY25ld3MuZ28uY29tL2FtcC9IZWFsdGgva3AyLW5vdy1kb21pbmFudC1jb3ZpZC12YXJpYW50LWV4cGVydHMtdXMtc3VtbWVyL3N0b3J5P2lkPTExMDE2NjE4Nw?hl=en-US&gl=US&ceid=US%3Aen",
            "og": "https://encrypted-tbn2.gstatic.com/images?q=tbn:ANd9GcT8caOIWc1XfzS3lvo047ECVgQvWZqLMYgOPpOPre9UGPWhp0UifG2BdvfGmP9w_d85MTNxwths4KopVSzrp9ZIYLVTjvHVKUQza5VBigZp-_eyCQ",
            "source": "ABC News",
            "source_icon": "https://encrypted-tbn3.gstatic.com/faviconV2?url=https://abcnews.go.com&client=NEWS_360&size=96&type=FAVICON&fallback_opts=TYPE,SIZE,URL",
            "title": "KP.2 is now the dominant COVID variant. Experts say US may see a summer increase in cases"
        },
        {
            "link": "https://news.google.com/articles/CBMiamh0dHBzOi8vd3d3LmNpZHJhcC51bW4uZWR1L2F2aWFuLWluZmx1ZW56YS1iaXJkLWZsdS93YXN0ZXdhdGVyLXRlc3RpbmctZmluZHMtaDVuMS1hdmlhbi1mbHUtOS10ZXhhcy1jaXRpZXPSAQA?hl=en-US&gl=US&ceid=US%3Aen",
            "og": "https://encrypted-tbn2.gstatic.com/images?q=tbn:ANd9GcQGlzJYYRXdBs7_bEKDEnUkGoGtglbDnau7-tr0z8lbvH5-hVuh51w1bAHWqbgeOIU",
            "source": "University of Minnesota Twin Cities",
            "source_icon": "https://encrypted-tbn0.gstatic.com/faviconV2?url=https://www.cidrap.umn.edu&client=NEWS_360&size=96&type=FAVICON&fallback_opts=TYPE,SIZE,URL",
            "title": "Wastewater testing finds H5N1 avian flu in 9 Texas cities"
        },
        {
            "link": "https://news.google.com/articles/CBMiUWh0dHBzOi8vc2NpdGVjaGRhaWx5LmNvbS9hbGNvaG9scy1hbnRpZG90ZS1uZXctZ2VsLW5ldXRyYWxpemVzLWJvb3plLWluLXRoZS1ib2R5L9IBAA?hl=en-US&gl=US&ceid=US%3Aen",
            "og": "https://encrypted-tbn1.gstatic.com/images?q=tbn:ANd9GcT5LR_oshjXc2MFB1Ws0qTFuiKmuTBbJoOf1Qd6mKDVHW16I6Yysa9GMaazr2_Zo-ncsE6nfaJrVle0tMfBM_Uw7BetBLi_EweUiFMryJaX6y2G8g",
            "source": "SciTechDaily",
            "source_icon": "https://encrypted-tbn2.gstatic.com/faviconV2?url=https://scitechdaily.com&client=NEWS_360&size=96&type=FAVICON&fallback_opts=TYPE,SIZE,URL",
            "title": "Alcohol's Antidote: New Gel Neutralizes Booze in the Body"
        },
        {
            "link": "https://news.google.com/articles/CBMiQmh0dHBzOi8vbmV1cm9zY2llbmNlbmV3cy5jb20vcHN5Y2hvc2lzLXRoYy1uZXVyb2RldmVsb3BtZW50LTI2MDk0L9IBAA?hl=en-US&gl=US&ceid=US%3Aen",
            "og": "https://encrypted-tbn2.gstatic.com/images?q=tbn:ANd9GcSEGGaplRfWyNwYAGkjwDhYzcA0fx9fQU9cXe_eEWJVtAUaUtijZAE4BPLve2M6l7kZiAd275_cwk89Cazjae4QXiCz-IXB6Eancc14XDoYjnfWWQ",
            "source": "Neuroscience News",
            "source_icon": "https://encrypted-tbn2.gstatic.com/faviconV2?url=https://neurosciencenews.com&client=NEWS_360&size=96&type=FAVICON&fallback_opts=TYPE,SIZE,URL",
            "title": "High-Potency Cannabis Linked to Youth Psychosis"
        },
        {
            "link": "https://news.google.com/articles/CBMifmh0dHBzOi8vd3d3Lm5wci5vcmcvc2VjdGlvbnMvaGVhbHRoLXNob3RzLzIwMjQvMDUvMTMvMTI1MDU1NTYzOS9raWRzLWV5ZXNpZ2h0LW15b3BpYS1uZWFyLXNpZ2h0ZWQtbmVhcnNpZ2h0ZWRuZXNzLW91dGRvb3ItcGxhedIBAA?hl=en-US&gl=US&ceid=US%3Aen",
            "og": "https://encrypted-tbn2.gstatic.com/images?q=tbn:ANd9GcQ2WOMJVez52WW5iMCUZabBIxg73GQmL8WlddW-NVECRgnaqGsCOEu4Wmz1AEOOx1JGPOEylu3-OssFUPr2PmDn6EmGoZr9zBvwi9BatF3KFREhKQ",
            "source": "NPR",
            "source_icon": "https://encrypted-tbn1.gstatic.com/faviconV2?url=https://www.npr.org&client=NEWS_360&size=96&type=FAVICON&fallback_opts=TYPE,SIZE,URL",
            "title": "Outdoor time is good for your kids' eyesight. It protects against myopia : Shots - Health News"
        },
        {
            "link": "https://news.google.com/articles/CBMimAFodHRwczovL3d3dy5yZXV0ZXJzLmNvbS9idXNpbmVzcy9oZWFsdGhjYXJlLXBoYXJtYWNldXRpY2Fscy9uZXctYnJlYXN0LWNhbmNlci1nZW5lcy1mb3VuZC13b21lbi1hZnJpY2FuLWFuY2VzdHJ5LW1heS1pbXByb3ZlLXJpc2stYXNzZXNzbWVudC0yMDI0LTA1LTEzL9IBAA?hl=en-US&gl=US&ceid=US%3Aen",
            "og": "https://encrypted-tbn1.gstatic.com/images?q=tbn:ANd9GcRtXk1NntnPA78UuM2byAndjcGvEUHKML45urQEvEw5C3rpZvUoolV3UnTPKjWlLaZJqoHwH_e2wOQWgeG2RQek8YTmnqGa3scfFyxSN9D484DH_g",
            "source": "Reuters",
            "source_icon": "https://encrypted-tbn2.gstatic.com/faviconV2?url=https://www.reuters.com&client=NEWS_360&size=96&type=FAVICON&fallback_opts=TYPE,SIZE,URL",
            "title": "New breast cancer genes found in women of African ancestry, may improve risk assessment"
        },
        {
            "link": "https://news.google.com/articles/CBMiX2h0dHBzOi8vd3d3LmJ1c2luZXNzaW5zaWRlci5jb20vbG93LXRlc3Rvc3Rlcm9uZS1sZXZlbHMtaGlnaGVyLXJpc2stb2YtZWFybHktZGVhdGgtc3R1ZHktMjAyNC010gFjaHR0cHM6Ly93d3cuYnVzaW5lc3NpbnNpZGVyLmNvbS9sb3ctdGVzdG9zdGVyb25lLWxldmVscy1oaWdoZXItcmlzay1vZi1lYXJseS1kZWF0aC1zdHVkeS0yMDI0LTU_YW1w?hl=en-US&gl=US&ceid=US%3Aen",
            "og": "https://encrypted-tbn0.gstatic.com/images?q=tbn:ANd9GcTV2p-Syx1SZ9UJ9poPTYW2a3Z2c6tJhpX1M54Ml6ouHacq5iyT8dihNSDqvXAGbD1iMm6lVxletm9y1aJx2z0UHee66vzywc6P8C5ySOWgq2RFIQ",
            "source": "Business Insider",
            "source_icon": "https://encrypted-tbn3.gstatic.com/faviconV2?url=https://www.businessinsider.com&client=NEWS_360&size=96&type=FAVICON&fallback_opts=TYPE,SIZE,URL",
            "title": "Low testosterone levels linked to higher risk of early death: study"
        },
        {
            "link": "https://news.google.com/articles/CBMiRWh0dHBzOi8vd3d3LmVhdGluZ3dlbGwuY29tL3N1cHBsZW1lbnRzLW5vdC10YWtlLWZvci1tZW5vcGF1c2UtODY0NjEwNdIBAA?hl=en-US&gl=US&ceid=US%3Aen",
            "og": "https://encrypted-tbn3.gstatic.com/images?q=tbn:ANd9GcTIcChSfFb0QjjCSt5I9c-ZkEJug-GnZ9qdqtTPYiOG57xGXIh2ZBH1EYbMOuVPqSAKtIvBwl-q0v5V0CCJ7qGORNQNKLhC7yRGzB-zpNeXdYf-Ig",
            "source": "EatingWell",
            "source_icon": "https://encrypted-tbn3.gstatic.com/faviconV2?url=https://www.eatingwell.com&client=NEWS_360&size=96&type=FAVICON&fallback_opts=TYPE,SIZE,URL",
            "title": "5 Supplements You Shouldn't Take for Menopause, According to Dietitians"
        },
        {
            "link": "https://news.google.com/articles/CBMiMWh0dHBzOi8vd3d3LmJiYy5jb20vbmV3cy93b3JsZC1hdXN0cmFsaWEtNjkwMDY3MTPSATVodHRwczovL3d3dy5iYmMuY29tL25ld3Mvd29ybGQtYXVzdHJhbGlhLTY5MDA2NzEzLmFtcA?hl=en-US&gl=US&ceid=US%3Aen",
            "og": "https://encrypted-tbn0.gstatic.com/images?q=tbn:ANd9GcSkfBNY960ipvGDflSjWpoEBBqZjM0aK8fmJRwcg6R35efd-kqrpLGAEf_6ZNObAg-HQMs9o3PabrpO_3fNL8eFEFU43kDOPCqPe5Yj2wsvdv3q5w",
            "source": "BBC.com",
            "source_icon": "https://encrypted-tbn2.gstatic.com/faviconV2?url=https://www.bbc.com&client=NEWS_360&size=96&type=FAVICON&fallback_opts=TYPE,SIZE,URL",
            "title": "Richard Scolyer: Top doctor remains brain cancer-free after a year"
        },
        {
            "link": "https://news.google.com/articles/CBMie2h0dHBzOi8vd3d3LnVzYXRvZGF5LmNvbS9zdG9yeS9uZXdzL2hlYWx0aC8yMDI0LzA1LzEyL21lYXNsZXMtcG9saW8tY292aWQtMTktYW50aS12YWNjaW5lLW1vdmVtZW50LXRoZS1leGNlcnB0LzczNjM4NTQ2MDA3L9IBAA?hl=en-US&gl=US&ceid=US%3Aen",
            "og": "https://encrypted-tbn3.gstatic.com/images?q=tbn:ANd9GcQwI4wifK1VXeilCJAcRyWUndgzqWNvyGC083m6tpYwQ7gwB9PUw_ShvSvmHP-mqzsmTzHkrDYuv5hgjL4gs8MxFvmKGQSmxfTa7H4xqnSVpD60Hg",
            "source": "USA TODAY",
            "source_icon": "https://encrypted-tbn0.gstatic.com/faviconV2?url=https://www.usatoday.com&client=NEWS_360&size=96&type=FAVICON&fallback_opts=TYPE,SIZE,URL",
            "title": "What's driving the anti-vax movement? | The Excerpt"
        },
        {
            "link": "https://news.google.com/articles/CBMid2h0dHBzOi8vbnlwb3N0LmNvbS8yMDI0LzA1LzEzL2xpZmVzdHlsZS93ZWlnaHQtdHJhaW5pbmctc3RyZW5ndGhlbnMtbW9yZS10aGFuLW11c2NsZXMtaXQtYWxzby1wdW1wcy11cC10aGUtYnJhaW4tc3R1ZHkv0gF7aHR0cHM6Ly9ueXBvc3QuY29tLzIwMjQvMDUvMTMvbGlmZXN0eWxlL3dlaWdodC10cmFpbmluZy1zdHJlbmd0aGVucy1tb3JlLXRoYW4tbXVzY2xlcy1pdC1hbHNvLXB1bXBzLXVwLXRoZS1icmFpbi1zdHVkeS9hbXAv?hl=en-US&gl=US&ceid=US%3Aen",
            "og": "https://encrypted-tbn0.gstatic.com/images?q=tbn:ANd9GcQvxIQwS067VN1sEaBNi4Lwn0PbiVDmL7o_UksPA8o5gDkz127bpYxV40hDTAyNSz83nueyogZS-rrdwME6GjcjfEF8fR4SGU4yfR5842tdI2397w",
            "source": "New York Post",
            "source_icon": "https://encrypted-tbn3.gstatic.com/faviconV2?url=https://nypost.com&client=NEWS_360&size=96&type=FAVICON&fallback_opts=TYPE,SIZE,URL",
            "title": "Weight training strengthens more than muscles — it also pumps up the brain, study says"
        },
        {
            "link": "https://news.google.com/articles/CBMiiAFodHRwczovL3d3dy5mcmVlcC5jb20vc3RvcnkvbmV3cy9sb2NhbC9taWNoaWdhbi8yMDI0LzA1LzEzL3NlYXNvbmFsLWFsbGVyZ2llcy1hbGxlcmd5LXNlYXNvbi0yMDI0LXNwcmluZy1leWVzLXBvbGxlbi1wbGFudHMvNzMzNjEzNzIwMDcv0gEA?hl=en-US&gl=US&ceid=US%3Aen",
            "og": "https://encrypted-tbn3.gstatic.com/images?q=tbn:ANd9GcRh5mkwSeOumkke8n9sWwUglf-Q3y_SsI37L1w-EFAQONsj9vGGbPV8WwPdaY_h06Jteyr5AbLuv9BdascM1k5RkkHQMtQNUvKuWoYALsX5HvmVKg",
            "source": "Detroit Free Press",
            "source_icon": "https://encrypted-tbn1.gstatic.com/faviconV2?url=https://www.freep.com&client=NEWS_360&size=96&type=FAVICON&fallback_opts=TYPE,SIZE,URL",
            "title": "Seasonal allergies are getting worse: What to do, how to check pollen counts"
        },
        {
            "link": "https://news.google.com/articles/CBMiZWh0dHBzOi8va3RsYS5jb20vbmV3cy9sb2NhbC1uZXdzL2xvcy1hbmdlbGVzLWNvdW50eS1wdWJsaWMtaGVhbHRoLWludmVzdGlnYXRpbmctaGVwYXRpdGlzLWEtb3V0YnJlYWsv0gFpaHR0cHM6Ly9rdGxhLmNvbS9uZXdzL2xvY2FsLW5ld3MvbG9zLWFuZ2VsZXMtY291bnR5LXB1YmxpYy1oZWFsdGgtaW52ZXN0aWdhdGluZy1oZXBhdGl0aXMtYS1vdXRicmVhay9hbXAv?hl=en-US&gl=US&ceid=US%3Aen",
            "og": "https://encrypted-tbn3.gstatic.com/images?q=tbn:ANd9GcRpIJ57NtfMQncPy8dlOYyo3XP4Y4lb-7OKAKh9lpOafJcCJKP3x9xhc2zNWWVfxytUTXUX3SeR2OIvfqSKhFUq_fIrqyeA0Whfw-hOh09gO1U8Xw",
            "source": "KTLA Los Angeles",
            "source_icon": "https://encrypted-tbn2.gstatic.com/faviconV2?url=https://ktla.com&client=NEWS_360&size=96&type=FAVICON&fallback_opts=TYPE,SIZE,URL",
            "title": "Los Angeles County Public Health investigating Hepatitis A outbreak"
        },
        {
            "link": "https://news.google.com/articles/CBMiWmh0dHBzOi8vbGVhcm5pbmdlbmdsaXNoLnZvYW5ld3MuY29tL2EvbGVzcy1vci1uby1hbGNvaG9sLWlzLWJldHRlci1mb3ItaGVhbHRoLzc1OTczMzQuaHRtbNIBXGh0dHBzOi8vbGVhcm5pbmdlbmdsaXNoLnZvYW5ld3MuY29tL2FtcC9sZXNzLW9yLW5vLWFsY29ob2wtaXMtYmV0dGVyLWZvci1oZWFsdGgvNzU5NzMzNC5odG1s?hl=en-US&gl=US&ceid=US%3Aen",
            "og": "https://encrypted-tbn1.gstatic.com/images?q=tbn:ANd9GcR6M4EDiV6nPyNbyKT2GCp0YqvqUIZGLhqCmjdfu2djBTGGfnnxScDbhpRdEBMG9K6p-_WR1g2wNDqhOkA10EEzQFdkbEMZKKXDVkGDgZIYaZma7Q",
            "source": "VOA Learning English",
            "source_icon": "https://encrypted-tbn3.gstatic.com/faviconV2?url=https://learningenglish.voanews.com&client=NEWS_360&size=96&type=FAVICON&fallback_opts=TYPE,SIZE,URL",
            "title": "Less or No Alcohol Is Better for Health"
        },
        {
            "link": "https://news.google.com/articles/CBMiVGh0dHBzOi8vd3d3LnVwaS5jb20vSGVhbHRoX05ld3MvMjAyNC8wNS8xMy9saWZlLXN1cHBvcnQtZW5kZWQtcmVjb3Zlci8yMjgxNzE1NTU1ODg0L9IBAA?hl=en-US&gl=US&ceid=US%3Aen",
            "og": "https://encrypted-tbn2.gstatic.com/images?q=tbn:ANd9GcREV1hwpM8odzfqIqN0-38tl8CjDTyeZ-5GXEXY0SfF4Nt50c9u6WusHaBTUOZa90wwuU3O0mUAw0yX-KqTVTnD27GiF7K3M9mHxrAK4t8KN12WyA",
            "source": "UPI News",
            "source_icon": "https://encrypted-tbn3.gstatic.com/faviconV2?url=https://www.upi.com&client=NEWS_360&size=96&type=FAVICON&fallback_opts=TYPE,SIZE,URL",
            "title": "Study: Brain-injured patients who died after life support ended may have recovered"
        },
        {
            "link": "https://news.google.com/articles/CBMiUmh0dHBzOi8vbWVkaWNhbHhwcmVzcy5jb20vbmV3cy8yMDI0LTA1LWdlbmV0aWMtdmFyaWFudC1jb21tb24tYmxhY2stYW1lcmljYW5zLmh0bWzSAVFodHRwczovL21lZGljYWx4cHJlc3MuY29tL25ld3MvMjAyNC0wNS1nZW5ldGljLXZhcmlhbnQtY29tbW9uLWJsYWNrLWFtZXJpY2Fucy5hbXA?hl=en-US&gl=US&ceid=US%3Aen",
            "og": "https://encrypted-tbn0.gstatic.com/images?q=tbn:ANd9GcTh46Ts7eK6p6zszrf7M88vZGHhIhAMG7zyh85BBeydkAac3yJWoqnYBg53Wo0uoZPmlQpaajpXvux0dogdPB0J8HnavXTxQRDDf3DP2t1kegUHnQ",
            "source": "Medical Xpress",
            "source_icon": "https://encrypted-tbn0.gstatic.com/faviconV2?url=https://medicalxpress.com&client=NEWS_360&size=96&type=FAVICON&fallback_opts=TYPE,SIZE,URL",
            "title": "Researchers show genetic variant common among Black Americans contributes to large cardiovascular disease burden"
        },
        {
            "link": "https://news.google.com/articles/CBMitwFodHRwczovL3d3dy50aGVndWFyZGlhbi5jb20vbGlmZWFuZHN0eWxlL2FydGljbGUvMjAyNC9tYXkvMTMvd2hhdC1pZi1ocnQtaXNudC1yaWdodC1mb3ItbWUtYW5kLWlzLWNvbGQtd2F0ZXItc3dpbW1pbmctcmVhbGx5LXRoZS1hbnN3ZXItdG8tZXZlcnl0aGluZy15b3VyLW1lbm9wYXVzZS1xdWVzdGlvbnMtYW5zd2VyZWTSAbcBaHR0cHM6Ly9hbXAudGhlZ3VhcmRpYW4uY29tL2xpZmVhbmRzdHlsZS9hcnRpY2xlLzIwMjQvbWF5LzEzL3doYXQtaWYtaHJ0LWlzbnQtcmlnaHQtZm9yLW1lLWFuZC1pcy1jb2xkLXdhdGVyLXN3aW1taW5nLXJlYWxseS10aGUtYW5zd2VyLXRvLWV2ZXJ5dGhpbmcteW91ci1tZW5vcGF1c2UtcXVlc3Rpb25zLWFuc3dlcmVk?hl=en-US&gl=US&ceid=US%3Aen",
            "og": "https://encrypted-tbn3.gstatic.com/images?q=tbn:ANd9GcTBMTIiWr-h5OISSDVaXfcRpqx4X7be9wYxDFclWSAzitDG1r2nHxL3cN9uLp2woYy4wXXiNVJjIjeSwT56nvAXH91Cmat1dMs7GSqs2Udv8ltwWA",
            "source": "The Guardian",
            "source_icon": "https://encrypted-tbn0.gstatic.com/faviconV2?url=https://www.theguardian.com&client=NEWS_360&size=96&type=FAVICON&fallback_opts=TYPE,SIZE,URL",
            "title": "What if HRT isn’t right for me? And is cold-water swimming really the answer to everything? Your menopause questions answered"
        },
        {
            "link": "https://news.google.com/articles/CBMiUGh0dHBzOi8vd3d3Lndhc2hpbmd0b25wb3N0LmNvbS9ib29rcy8yMDI0LzA1LzEyL2EtZmF0YWwtaW5oZXJpdGFuY2UtYm9vay1yZXZpZXcv0gEA?hl=en-US&gl=US&ceid=US%3Aen",
            "og": "https://encrypted-tbn0.gstatic.com/images?q=tbn:ANd9GcTvT-20pJ5WqNxu1KAjGACW7eah4ygLME-u8vIhTcvSmFS2dVlBIKR4whEoFkS62AY3wjMNhzigQorJ-f_45JxuGQn6dEAqiAC0BAnxFGSqMvSntw",
            "source": "The Washington Post",
            "source_icon": "https://encrypted-tbn3.gstatic.com/faviconV2?url=https://www.washingtonpost.com&client=NEWS_360&size=96&type=FAVICON&fallback_opts=TYPE,SIZE,URL",
            "title": "‘A Fatal Inheritance,’ by Lawrence Ingrassia book review"
        },
        {
            "link": "https://news.google.com/articles/CBMiXmh0dHBzOi8vd3d3LmRhaWx5bWFpbC5jby51ay9oZWFsdGgvYXJ0aWNsZS0xMzQxMjIzNS9yYWJpZXMtdmFjY2luZS1iYXQtd2lzY29uc2luLXN1cnZpdmFsLmh0bWzSAWJodHRwczovL3d3dy5kYWlseW1haWwuY28udWsvaGVhbHRoL2FydGljbGUtMTM0MTIyMzUvYW1wL3JhYmllcy12YWNjaW5lLWJhdC13aXNjb25zaW4tc3Vydml2YWwuaHRtbA?hl=en-US&gl=US&ceid=US%3Aen",
            "og": "https://encrypted-tbn2.gstatic.com/images?q=tbn:ANd9GcT3GkLZrUuSX2YlO3-LY8qKJ4kWkjHqULSai7p4Q0TP4hvmVVtfFBgV7WKsFuCeVt1L1JuXlPkpcli2Hy5IwB-PCQAXYaPYKt8xQY5RSNCv2QT5fQ",
            "source": "Daily Mail",
            "source_icon": "https://encrypted-tbn1.gstatic.com/faviconV2?url=https://www.dailymail.co.uk&client=NEWS_360&size=96&type=FAVICON&fallback_opts=TYPE,SIZE,URL",
            "title": "I was the first person in the world to survive RABIES without a vaccine - after I got bitten by a bat in a Wis"
        },
        {
            "link": "https://news.google.com/articles/CBMiX2h0dHBzOi8vd3d3Lnd5ZmY0LmNvbS9hcnRpY2xlLzExLXllYXItb2xkLW5ldy1nZW5lLWVkaXRpbmctdHJlYXRtZW50LXRvLXJlc3RvcmUtdmlzaW9uLzYwNzY5MTQz0gEA?hl=en-US&gl=US&ceid=US%3Aen",
            "og": "https://encrypted-tbn2.gstatic.com/images?q=tbn:ANd9GcS6ZmnpUZqMfHLEKczmJoT6_tIfYveFoPikPz0voy2pxtzRwnraeW4I5-mzQuqmuk_ipVNKdEc2j9NbgvRadFJ2",
            "source": "WYFF4 Greenville",
            "source_icon": "https://encrypted-tbn0.gstatic.com/faviconV2?url=https://www.wyff4.com&client=NEWS_360&size=96&type=FAVICON&fallback_opts=TYPE,SIZE,URL",
            "title": "Video: 11-year-old boy receives gene-editing treatment to restore vision"
        },
        {
            "link": "https://news.google.com/articles/CBMifGh0dHBzOi8vdHJpbmlkYWRleHByZXNzLmNvbS9mZWF0dXJlcy9sb2NhbC9vemVtcGljLXdhcm5pbmctZm9yLXdlaWdodC1sb3NzL2FydGljbGVfOGRmNGZiN2MtMTBiOC0xMWVmLTk3YTktMGZlMjg0N2M1NWQ3Lmh0bWzSAYABaHR0cHM6Ly90cmluaWRhZGV4cHJlc3MuY29tL2ZlYXR1cmVzL2xvY2FsL296ZW1waWMtd2FybmluZy1mb3Itd2VpZ2h0LWxvc3MvYXJ0aWNsZV84ZGY0ZmI3Yy0xMGI4LTExZWYtOTdhOS0wZmUyODQ3YzU1ZDcuYW1wLmh0bWw?hl=en-US&gl=US&ceid=US%3Aen",
            "og": "https://encrypted-tbn3.gstatic.com/images?q=tbn:ANd9GcQwsSa80dvbfyNrGxSTNn24jrk17l2atkQPDZddexKQuWZx5Hy1vuMsGZYf5IVK2zFMOr7l_1Wk1Q1jmDZcs6p7sdLSIBUCuPvjF8lZmhjlFnqNhg",
            "source": "Trinidad & Tobago Express Newspapers",
            "source_icon": "https://encrypted-tbn2.gstatic.com/faviconV2?url=https://trinidadexpress.com&client=NEWS_360&size=96&type=FAVICON&fallback_opts=TYPE,SIZE,URL",
            "title": "Ozempic warning for weight loss"
        },
        {
            "link": "https://news.google.com/articles/CBMingFodHRwczovL3RoZWNvbnZlcnNhdGlvbi5jb20vYmluZ2UtZHJpbmtpbmctaXMtYS1ncm93aW5nLXB1YmxpYy1oZWFsdGgtY3Jpc2lzLWEtbmV1cm9iaW9sb2dpc3QtZXhwbGFpbnMtaG93LXJlc2VhcmNoLW9uLWFsY29ob2wtdXNlLWRpc29yZGVyLWhhcy1zaGlmdGVkLTIyNzMxM9IBAA?hl=en-US&gl=US&ceid=US%3Aen",
            "og": "https://encrypted-tbn2.gstatic.com/images?q=tbn:ANd9GcSuvF6zpgndBwFBzCuasc7VCpohr8fht1nbAhLKBsYAcNEWaslfauvf3niD89nUraQYjb-fBnLHZm6_i8cAdPXr",
            "source": "The Conversation Indonesia",
            "source_icon": "https://encrypted-tbn0.gstatic.com/faviconV2?url=https://theconversation.com&client=NEWS_360&size=96&type=FAVICON&fallback_opts=TYPE,SIZE,URL",
            "title": "Binge drinking is a growing public health crisis − a neurobiologist explains how research on alcohol use disorder has shifted"
        },
        {
            "link": "https://news.google.com/articles/CBMimQFodHRwczovL3d3dy50aGVndWFyZGlhbi5jb20vZ2xvYmFsLWRldmVsb3BtZW50L2FydGljbGUvMjAyNC9tYXkvMTMvc3VwZXJidWdzLWFudGliaW90aWNzLWRydWdzLWFudGltaWNyb2JpYWwtcmVzaXN0YW5jZS1pbmZlY3Rpb25zLXBhbmRlbWljcy1zYWxseS1kYXZpZXPSAQA?hl=en-US&gl=US&ceid=US%3Aen",
            "og": "https://encrypted-tbn3.gstatic.com/images?q=tbn:ANd9GcRvkgsLAT-DBKcOHC-AMaz3rw8W9_jbttoOJ17T6fYQwa9ZsD_hLnusghzjGWZNBU--7jMzzMr3iPa0HjhiOO9iswiEAoRmfaAAG53tVzK2rWMg3g",
            "source": "The Guardian",
            "source_icon": "https://encrypted-tbn0.gstatic.com/faviconV2?url=https://www.theguardian.com&client=NEWS_360&size=96&type=FAVICON&fallback_opts=TYPE,SIZE,URL",
            "title": "Rise of drug-resistant superbugs could make Covid pandemic look ‘minor’, expert warns"
        },
        {
            "link": "https://news.google.com/articles/CBMiaGh0dHBzOi8vd3d3LmNhbS5hYy51ay9yZXNlYXJjaC9uZXdzL2JpcnRoLWJ5LWMtc2VjdGlvbi1tb3JlLXRoYW4tZG91Ymxlcy1vZGRzLW9mLW1lYXNsZXMtdmFjY2luZS1mYWlsdXJl0gEA?hl=en-US&gl=US&ceid=US%3Aen",
            "og": "https://encrypted-tbn3.gstatic.com/images?q=tbn:ANd9GcSqQybN6j28-gLmIcQT2VsE2cdK7GP-odX7UX4B1ZyAKPDIrV2Tnp39c0LlW1Fs0_crrdm1zPnHAr3K1U5NsOj_",
            "source": "University of Cambridge news",
            "source_icon": "https://encrypted-tbn3.gstatic.com/faviconV2?url=https://www.cam.ac.uk&client=NEWS_360&size=96&type=FAVICON&fallback_opts=TYPE,SIZE,URL",
            "title": "Birth by C-section more than doubles odds of measles vaccine failure"
        },
        {
            "link": "https://news.google.com/articles/CBMiLmh0dHBzOi8vd3d3LmJiYy5jb20vbmV3cy9hcnRpY2xlcy9jcHdnNzR6bGdsN2_SATJodHRwczovL3d3dy5iYmMuY29tL25ld3MvYXJ0aWNsZXMvY3B3Zzc0emxnbDdvLmFtcA?hl=en-US&gl=US&ceid=US%3Aen",
            "og": "https://encrypted-tbn2.gstatic.com/images?q=tbn:ANd9GcQalUtrPwyd89_xuugtRGN-VaF7M5rEHfilJnoUfceH9_GcC3gRmb_A7gS1-RHbVMQj5XktgPcLSwWy1Y2Zd2qSrI0ZGHNrbBUGX1PS6trfTx1A2A",
            "source": "BBC.com",
            "source_icon": "https://encrypted-tbn2.gstatic.com/faviconV2?url=https://www.bbc.com&client=NEWS_360&size=96&type=FAVICON&fallback_opts=TYPE,SIZE,URL",
            "title": "NHS patients in England can have life-saving heart drug tafamidis"
        },
        {
            "link": "https://news.google.com/articles/CBMiMWh0dHBzOi8vd3d3LmdxLmNvbS9zdG9yeS9iZXN0LWhpZ2gtcHJvdGVpbi1zbmFja3PSAQA?hl=en-US&gl=US&ceid=US%3Aen",
            "og": "https://encrypted-tbn1.gstatic.com/images?q=tbn:ANd9GcR1kuuFMA_Dsg5bhpcHorpvEE2W1uiwzD5ru62o0rfn0vszQ0Wtl4FABTrH_-5LRzysf7NNJYA-Z3_EQ6d9SgJ2SwIRT9LPdXRxDe8rQGTVtF5rjA",
            "source": "GQ",
            "source_icon": "https://encrypted-tbn1.gstatic.com/faviconV2?url=https://www.gq.com&client=NEWS_360&size=96&type=FAVICON&fallback_opts=TYPE,SIZE,URL",
            "title": "The Best High-Protein Snacks for Hitting Your Macros on the Go"
        },
        {
            "link": "https://news.google.com/articles/CBMiM2h0dHBzOi8vd3d3LmhlYWx0aC5jb20vdGVhcy1mb3Itd2VpZ2h0LWxvc3MtODYzOTk4OdIBAA?hl=en-US&gl=US&ceid=US%3Aen",
            "og": "https://encrypted-tbn1.gstatic.com/images?q=tbn:ANd9GcTQdb7bTmI16Ivxy-UUVPqHcZMSK0kqdnhgCuLn2fZaeWn59IzZbXdqKu8lukK_cQaTpxjRgKyOzJk2Qa2zjdT0yTsld5wWGoKKoN--i-aBfd-7GQ",
            "source": "Health.com",
            "source_icon": "https://encrypted-tbn3.gstatic.com/faviconV2?url=https://www.health.com&client=NEWS_360&size=96&type=FAVICON&fallback_opts=TYPE,SIZE,URL",
            "title": "7 Best Teas for Weight Loss, According to a Dietitian"
        },
        {
            "link": "https://news.google.com/articles/CBMiRmh0dHBzOi8vd3d3Lndzai5jb20vaGVhbHRoL3dlbGxuZXNzL2Jpb2xvZ2ljYWwtaGVhcnQtYWdlLXRlc3QtZjkzZTZlMWHSAQA?hl=en-US&gl=US&ceid=US%3Aen",
            "og": "https://encrypted-tbn1.gstatic.com/images?q=tbn:ANd9GcQER6L8YE6UwPgI5sYrIqZbPKWeHNzQ5Vv9E1jOK4bZA-mtEqRTsVNj6H1ilIs9JSD-_kAh8nPfb5EppbfWdS3fzE3F84HhFTIjBr1b3TImyzwftA",
            "source": "The Wall Street Journal",
            "source_icon": "https://encrypted-tbn1.gstatic.com/faviconV2?url=https://www.wsj.com&client=NEWS_360&size=96&type=FAVICON&fallback_opts=TYPE,SIZE,URL",
            "title": "What Your 'Heart Age' Says About Your Health, and How to Measure It - WSJ"
        },
        {
            "link": "https://news.google.com/articles/CBMiQ2h0dHBzOi8vbWVkaWNhbHhwcmVzcy5jb20vbmV3cy8yMDI0LTA1LXNjaWVudGlzdHMtYnJhaW4tdG94aW5zLmh0bWzSAUJodHRwczovL21lZGljYWx4cHJlc3MuY29tL25ld3MvMjAyNC0wNS1zY2llbnRpc3RzLWJyYWluLXRveGlucy5hbXA?hl=en-US&gl=US&ceid=US%3Aen",
            "og": "https://encrypted-tbn0.gstatic.com/images?q=tbn:ANd9GcQRAzs7rhfc4TzXby7HO5r-3oa6k6Vq6op4bROla9Ecu1JcjdzjN7vp9_0oqq4yr99vAom43JRoTirEgfpT8D4-E-0VEn1dFrH963FOm9e5t-SheQ",
            "source": "Medical Xpress",
            "source_icon": "https://encrypted-tbn0.gstatic.com/faviconV2?url=https://medicalxpress.com&client=NEWS_360&size=96&type=FAVICON&fallback_opts=TYPE,SIZE,URL",
            "title": "Scientists find sleep may not clear brain toxins"
        },
        {
            "link": "https://news.google.com/articles/CBMibGh0dHBzOi8vd3d3LnBzeXBvc3Qub3JnL3JlbGF0aW9uc2hpcC1mb3VuZC1iZXR3ZWVuLWNyZWF0aW5lLWluLXRoZS1icmFpbi1hbmQtcmVjb3ZlcnktZnJvbS10cmF1bWF0aWMtc3RyZXNzL9IBAA?hl=en-US&gl=US&ceid=US%3Aen",
            "og": "https://encrypted-tbn0.gstatic.com/images?q=tbn:ANd9GcSYpnaPMHFSdiHJdXzxV1uUB13sMJu-7qRx6LxorQLT7W_HsVJN1rd3h08RW6SfFMNTDVSW4-YA4CNSHSOlG7xtRCaNyIUjLQd-wWgS8jIIfevoiQ",
            "source": "PsyPost",
            "source_icon": "https://encrypted-tbn2.gstatic.com/faviconV2?url=https://www.psypost.org&client=NEWS_360&size=96&type=FAVICON&fallback_opts=TYPE,SIZE,URL",
            "title": "Relationship found between creatine in the brain and recovery from traumatic stress"
        },
        {
            "link": "https://news.google.com/articles/CBMiU2h0dHBzOi8vd3d3Lndhc2hpbmd0b25wb3N0LmNvbS93ZWxsbmVzcy8yMDI0LzA1LzEzL2lyb24tc3VwcGxlbWVudHMtYW5lbWlhLWZhdGlndWUv0gEA?hl=en-US&gl=US&ceid=US%3Aen",
            "og": "https://encrypted-tbn0.gstatic.com/images?q=tbn:ANd9GcTFt1wMoDy2xEEmOIyTvQwliKOY0ItIfLWa7GKn5ouumMwUfS6DbH7HrdGrrUsTRtcYrXfR0IwVoU2DB6fyjBhcWUGyKpBubTec82KmsfzJ_zt8vA",
            "source": "The Washington Post",
            "source_icon": "https://encrypted-tbn3.gstatic.com/faviconV2?url=https://www.washingtonpost.com&client=NEWS_360&size=96&type=FAVICON&fallback_opts=TYPE,SIZE,URL",
            "title": "Advice | Should I take an iron supplement? Here's what the science says."
        },
        {
            "link": "https://news.google.com/articles/CBMiYGh0dHBzOi8vd3d3Lm5ld3NtYXguY29tL2hlYWx0aC9oZWFsdGgtbmV3cy9taWNyb25lZWRsZXMtcGF0Y2hlcy1oYWlyLWxvc3MvMjAyNC8wNS8xMy9pZC8xMTY0NDcxL9IBZGh0dHBzOi8vd3d3Lm5ld3NtYXguY29tL2FtcC9oZWFsdGgvaGVhbHRoLW5ld3MvbWljcm9uZWVkbGVzLXBhdGNoZXMtaGFpci1sb3NzLzIwMjQvMDUvMTMvaWQvMTE2NDQ3MS8?hl=en-US&gl=US&ceid=US%3Aen",
            "og": "https://encrypted-tbn3.gstatic.com/images?q=tbn:ANd9GcTR6kQV_vge7ssUWHcfj-Jh0PPNmCOisdIQG64jlVsnYR2H2laqr0HVuIFQO_NWYXKNaAruxZh3egPB5qPhrmeTSYh-78ji1GvjBFvXTacrI1g",
            "source": "Newsmax",
            "source_icon": "https://encrypted-tbn3.gstatic.com/faviconV2?url=https://www.newsmax.com&client=NEWS_360&size=96&type=FAVICON&fallback_opts=TYPE,SIZE,URL",
            "title": "Microneedle Patches Promising for a Form of Hair Loss"
        },
        {
            "link": "https://news.google.com/articles/CBMiY2h0dHBzOi8vbnlwb3N0LmNvbS8yMDI0LzA1LzEyL2xpZmVzdHlsZS9vemVtcGljLWJyZWFzdHMtdGhlLWxhdGVzdC1zaWRlLWVmZmVjdC1vZi10aGUtcG9wdWxhci1kcnVnL9IBZ2h0dHBzOi8vbnlwb3N0LmNvbS8yMDI0LzA1LzEyL2xpZmVzdHlsZS9vemVtcGljLWJyZWFzdHMtdGhlLWxhdGVzdC1zaWRlLWVmZmVjdC1vZi10aGUtcG9wdWxhci1kcnVnL2FtcC8?hl=en-US&gl=US&ceid=US%3Aen",
            "og": "https://encrypted-tbn2.gstatic.com/images?q=tbn:ANd9GcRNP6rb5FA1BmuRd_4jcRDU4jdAENLTsuVdH39gOhGrtkWzNk-13vpy7Oj57gMczGqSJbf1JotwJxCp1BEhD2n585YTW9tUyBgoy4BFHZHOiBVE2g",
            "source": "New York Post",
            "source_icon": "https://encrypted-tbn3.gstatic.com/faviconV2?url=https://nypost.com&client=NEWS_360&size=96&type=FAVICON&fallback_opts=TYPE,SIZE,URL",
            "title": "'Ozempic breasts' are the latest side effect of the popular drug, leaving users feeling 'deflated'"
        },
        {
            "link": "https://news.google.com/articles/CBMiO2h0dHBzOi8vd3d3LmNic25ld3MuY29tL2Jvc3Rvbi9uZXdzL2Jsb29kLXRlc3Qtc3Ryb2tlLXVjbGEv0gE_aHR0cHM6Ly93d3cuY2JzbmV3cy5jb20vYW1wL2Jvc3Rvbi9uZXdzL2Jsb29kLXRlc3Qtc3Ryb2tlLXVjbGEv?hl=en-US&gl=US&ceid=US%3Aen",
            "og": "https://encrypted-tbn1.gstatic.com/images?q=tbn:ANd9GcToLI96Onj1X8ux5K59fE6c_f-FNA53L1ZJReB4DyXj65dgPoMggor5WDR5PsIShKLUZgHH5jZVik5rhQgJEBKOIkXt-I_S0FR8IyuMM5wazbwvJA",
            "source": "CBS Boston",
            "source_icon": "https://encrypted-tbn0.gstatic.com/faviconV2?url=https://www.cbsnews.com&client=NEWS_360&size=96&type=FAVICON&fallback_opts=TYPE,SIZE,URL",
            "title": "Could a blood test someday be used predict whether someone will have a stroke?"
        },
        {
            "link": "https://news.google.com/articles/CBMiWmh0dHBzOi8vd3d3LmRhaWx5bWFpbC5jby51ay9oZWFsdGgvYXJ0aWNsZS0xMzQxMjY0Ny9VdGFoLUFsemhlaW1lcnMtYnJlYWt0aHJvdWdoLWRydWcuaHRtbNIBXmh0dHBzOi8vd3d3LmRhaWx5bWFpbC5jby51ay9oZWFsdGgvYXJ0aWNsZS0xMzQxMjY0Ny9hbXAvVXRhaC1BbHpoZWltZXJzLWJyZWFrdGhyb3VnaC1kcnVnLmh0bWw?hl=en-US&gl=US&ceid=US%3Aen",
            "og": "https://encrypted-tbn0.gstatic.com/images?q=tbn:ANd9GcTlW-K3gHMPni5yuxPCHTwQKIr7sfn4V7RLnXCWwBDGvwS2czHRuEo3W2wKvpDjJ38bbb7NVpAZ6DG43JEQfjH_Nu6GcxfSeg7V-jog3b6NUDpnMA",
            "source": "Daily Mail",
            "source_icon": "https://encrypted-tbn1.gstatic.com/faviconV2?url=https://www.dailymail.co.uk&client=NEWS_360&size=96&type=FAVICON&fallback_opts=TYPE,SIZE,URL",
            "title": "Meet the Utah professor who believes she's on the cusp of an Alzheimer's breakthrough - after drug caused 'a c"
        },
        {
            "link": "https://news.google.com/articles/CBMiQmh0dHBzOi8vd3d3Lm5iY25ld3MuY29tL3NlbGVjdC9zaG9wcGluZy93YXJ0LXRyZWF0bWVudHMtcmNuYTE1MTk4MtIBLWh0dHBzOi8vd3d3Lm5iY25ld3MuY29tL3NlbGVjdC9hbXAvcmNuYTE1MTk4Mg?hl=en-US&gl=US&ceid=US%3Aen",
            "og": "https://encrypted-tbn2.gstatic.com/images?q=tbn:ANd9GcTnqYhf4Ar2546lIj6fj5dkW6DIleEXd5OA41NbplymqFGmPO4QnaJbGktORG08aXHteORoKwcsyJibKv3xy_eGC_5U0JSKeVTd9Y0vCp71G5iimw",
            "source": "NBC News",
            "source_icon": "https://encrypted-tbn1.gstatic.com/faviconV2?url=https://www.nbcnews.com&client=NEWS_360&size=96&type=FAVICON&fallback_opts=TYPE,SIZE,URL",
            "title": "Best At-Home Wart Treatments, according to experts"
        },
        {
            "link": "https://news.google.com/articles/CBMiTGh0dHBzOi8vd3d3Lndhc2hpbmd0b25wb3N0LmNvbS9oZWFsdGgvMjAyNC8wNS8xMi9oaXAtYm9uZS1mcmFjdHVyZXMtc2VuaW9ycy_SAQA?hl=en-US&gl=US&ceid=US%3Aen",
            "og": "https://encrypted-tbn0.gstatic.com/images?q=tbn:ANd9GcS-pDZvN1JW2LQyZV59hrx1bmt4dUzCBSfOcyyVHWaief6E9MLRmWkwmSlFfS1bGiEZKb8gW7ThuSjmtdhbIu4ztzCTvIZ4EiRL-Xp79bZvboJ6pQ",
            "source": "The Washington Post",
            "source_icon": "https://encrypted-tbn3.gstatic.com/faviconV2?url=https://www.washingtonpost.com&client=NEWS_360&size=96&type=FAVICON&fallback_opts=TYPE,SIZE,URL",
            "title": "Hip breaks more deadly than some cancers in elderly, study finds"
        },
        {
            "link": "https://news.google.com/articles/CBMiQWh0dHBzOi8vd3d3Lm55dGltZXMuY29tLzIwMjQvMDUvMTMvdXMvaW5zdGFncmFtLWNoaWxkLXNhZmV0eS5odG1s0gEA?hl=en-US&gl=US&ceid=US%3Aen",
            "og": "https://encrypted-tbn0.gstatic.com/images?q=tbn:ANd9GcSLpsWvyMzAtk5woNwULqxdjScUN-PB8IyMCd_j0T7ztZS_v6Qm2tuN9ZABMY82qkOXgQU0K7aiKwqcf8c_ym4LtqgsT2K2BfuJwDxMOT-FzfyYJw",
            "source": "The New York Times",
            "source_icon": "https://encrypted-tbn2.gstatic.com/faviconV2?url=https://www.nytimes.com&client=NEWS_360&size=96&type=FAVICON&fallback_opts=TYPE,SIZE,URL",
            "title": "On Instagram, a Jewelry Ad Draws Solicitations for Sex With a 5-Year-Old"
        },
        {
            "link": "https://news.google.com/articles/CBMibmh0dHBzOi8vd3d3LnVzYXRvZGF5LmNvbS9zdG9yeS9uZXdzL2hlYWx0aC8yMDI0LzA1LzEzL3NlbmlvcnMtZW1lcmdlbmN5LWhlYWx0aC1kZWxheXMtZXItYm9hcmRpbmcvNzM2MTcxMzAwMDcv0gEA?hl=en-US&gl=US&ceid=US%3Aen",
            "og": "https://encrypted-tbn1.gstatic.com/images?q=tbn:ANd9GcRCEH5_DjSSZhx85JSIBPLVWUVQKxKiku-aNCD7CRasoUS1K2V0b3rag_NbdlP6diUfEYVQcwbobF7UyzdZskerK0B6LxdDa1ULjMLOu3IslJZrGA",
            "source": "USA TODAY",
            "source_icon": "https://encrypted-tbn0.gstatic.com/faviconV2?url=https://www.usatoday.com&client=NEWS_360&size=96&type=FAVICON&fallback_opts=TYPE,SIZE,URL",
            "title": "ER boarding of seniors awaiting hospital care causes preventable harm"
        },
        {
            "link": "https://news.google.com/articles/CBMiVGh0dHBzOi8vd3d3Lndzai5jb20vaGVhbHRoL3dlbGxuZXNzL2NvcnRpc29sLXN0cmVzcy1ob3Jtb25lLWFkcmVuYWwtZmF0aWd1ZS0wMmFhYjQ5YdIBAA?hl=en-US&gl=US&ceid=US%3Aen",
            "og": "https://encrypted-tbn2.gstatic.com/images?q=tbn:ANd9GcQiumbbwoPPNw9qwtkCiS7J6SUIZP82LeT6-i7lnJRKjqYt0wiw0pTghvb4E7aWyaeWEH0RhVLRF_kSf6l5udIx4pmQpsf9eSwSN6S16J8Lj_CgTw",
            "source": "The Wall Street Journal",
            "source_icon": "https://encrypted-tbn1.gstatic.com/faviconV2?url=https://www.wsj.com&client=NEWS_360&size=96&type=FAVICON&fallback_opts=TYPE,SIZE,URL",
            "title": "The Stress Hormone Isn't All Bad. What to Know About Your Cortisol Levels."
        },
        {
            "link": "https://news.google.com/articles/CBMiU2h0dHBzOi8vZ2l6bW9kby5jb20vYmVhY2gtZ2VybXMtY29tbXVuaWNhYmxlLWRpc2Vhc2VzLWJhY3RlcmlhLXBhcmFzaXRlcy0xODUxNDczMDI00gEA?hl=en-US&gl=US&ceid=US%3Aen",
            "og": "https://encrypted-tbn1.gstatic.com/images?q=tbn:ANd9GcRXNmLhvY2SnLSpH9ER04EOKVwuOacE8PACT7pKpE4foYajwAaz36VHr-ATfi5OLOUbXTYcSKR0ewudyFCSj0oN1SZnMCdgROWNM_2VOjETgw2G0w",
            "source": "Gizmodo",
            "source_icon": "https://encrypted-tbn1.gstatic.com/faviconV2?url=https://gizmodo.com&client=NEWS_360&size=96&type=FAVICON&fallback_opts=TYPE,SIZE,URL",
            "title": "The Scariest Germs You Can Catch at the Beach"
        },
        {
            "link": "https://news.google.com/articles/CBMiZWh0dHBzOi8vd3d3Lndhc2hpbmd0b25wb3N0LmNvbS93ZWxsbmVzcy8yMDI0LzA1LzEyL2Rvd24tc3luZHJvbWUtcmVncmVzc2lvbi1kaXNvcmRlci1tb3RoZXJzLXN1cHBvcnQv0gEA?hl=en-US&gl=US&ceid=US%3Aen",
            "og": "https://encrypted-tbn3.gstatic.com/images?q=tbn:ANd9GcT8qr1Tz2HX-rIC5IDnAIMC6GsMjkwLiiBHcgGDiItkzkx3swY3aWTt8chFLSWbfhQLaxcQ89MK5h6uTWhqasmT4mclxG7egN8eRhIfvxUtLBWWcA",
            "source": "The Washington Post",
            "source_icon": "https://encrypted-tbn3.gstatic.com/faviconV2?url=https://www.washingtonpost.com&client=NEWS_360&size=96&type=FAVICON&fallback_opts=TYPE,SIZE,URL",
            "title": "A strange regression was linked to Down syndrome. These moms found answers."
        },
        {
            "link": "https://news.google.com/articles/CBMiYGh0dHBzOi8vbnlwb3N0LmNvbS8yMDI0LzA1LzEyL2xpZmVzdHlsZS9ob3ctcHJlbWF0dXJlLW1lbm9wYXVzZS1jYW4tY2F1c2UtZWFybHktZGVhdGgtbmV3LXN0dWR5L9IBZGh0dHBzOi8vbnlwb3N0LmNvbS8yMDI0LzA1LzEyL2xpZmVzdHlsZS9ob3ctcHJlbWF0dXJlLW1lbm9wYXVzZS1jYW4tY2F1c2UtZWFybHktZGVhdGgtbmV3LXN0dWR5L2FtcC8?hl=en-US&gl=US&ceid=US%3Aen",
            "og": "https://encrypted-tbn2.gstatic.com/images?q=tbn:ANd9GcSa1mPLogHH3ie6rhNk0mcalmVub8AChKdut-b3d81DfVPTJG72MKtc7B5FHC20aFqFCc_mWF5e4i_VsenPrukqXTUVgG71jfUKGperlq4K70mVvg",
            "source": "New York Post",
            "source_icon": "https://encrypted-tbn3.gstatic.com/faviconV2?url=https://nypost.com&client=NEWS_360&size=96&type=FAVICON&fallback_opts=TYPE,SIZE,URL",
            "title": "How premature menopause can cause early death: new study"
        },
        {
            "link": "https://news.google.com/articles/CBMifWh0dHBzOi8vc2NpdGVjaGRhaWx5LmNvbS9yZXZvbHV0aW9uYXJ5LXF1YXJ0ZXQtbmFub2NhZ2UtdmFjY2luZS1lZmZlY3RpdmUtYWdhaW5zdC1jb3JvbmF2aXJ1c2VzLXRoYXQtaGF2ZW50LWV2ZW4tZW1lcmdlZC15ZXQv0gEA?hl=en-US&gl=US&ceid=US%3Aen",
            "og": "https://encrypted-tbn1.gstatic.com/images?q=tbn:ANd9GcQpWYxfQaC5J4J8Jb8VO1l5Z5iUDNLaLckiqyBZQzGGnPFqtDySfhiWgyC6JPi5guWkQ5WV9bPqRv9OqQgzHl-ol5jdf_UQNGfua1lipifjD-YdBw",
            "source": "SciTechDaily",
            "source_icon": "https://encrypted-tbn2.gstatic.com/faviconV2?url=https://scitechdaily.com&client=NEWS_360&size=96&type=FAVICON&fallback_opts=TYPE,SIZE,URL",
            "title": "Revolutionary “Quartet Nanocage” Vaccine Effective Against Coronaviruses That Haven't Even Emerged Yet"
        },
        {
            "link": "https://news.google.com/articles/CBMiXWh0dHBzOi8vdGhlY29udmVyc2F0aW9uLmNvbS9zdHJlc3NmdWwtbGlmZS1ldmVudHMtY2FuLWluY3JlYXNlLXlvdXItcmlzay1vZi1hbHpoZWltZXJzLTIyODU1NNIBAA?hl=en-US&gl=US&ceid=US%3Aen",
            "og": "https://encrypted-tbn3.gstatic.com/images?q=tbn:ANd9GcR3HFtvC8U4JNCAKgz2_he6YTHXxpN8Kr4RU7l8Kcwzekc7DSEnPRBZ7A-wG3LE0jAUxnvuvYV22qlgvxJjuYyq",
            "source": "The Conversation Indonesia",
            "source_icon": "https://encrypted-tbn0.gstatic.com/faviconV2?url=https://theconversation.com&client=NEWS_360&size=96&type=FAVICON&fallback_opts=TYPE,SIZE,URL",
            "title": "Stressful life events can increase your risk of Alzheimer's"
        },
        {
            "link": "https://news.google.com/articles/CBMiUmh0dHBzOi8vd3d3Lm55dGltZXMuY29tLzIwMjQvMDUvMTMvc2NpZW5jZS9tZWRpY2luZS1nZXJpYXRyaWNzLWZhaWx1cmUtdGhyaXZlLmh0bWzSAQA?hl=en-US&gl=US&ceid=US%3Aen",
            "og": "https://encrypted-tbn3.gstatic.com/images?q=tbn:ANd9GcTQH3VR7TU0FoE7VaUYLd7O6QSxkkSl6ARyxPR0tmPIR2nS2qY-iypt1v_EUQXQm1Wtp8BKHqjqzt0T7d3rOrMwcHebxWKEjecUO8oq9msIoTS8aQ",
            "source": "The New York Times",
            "source_icon": "https://encrypted-tbn2.gstatic.com/faviconV2?url=https://www.nytimes.com&client=NEWS_360&size=96&type=FAVICON&fallback_opts=TYPE,SIZE,URL",
            "title": "‘Failure to Thrive,’ or a Failure to Look?"
        },
        {
            "link": "https://news.google.com/articles/CBMiZWh0dHBzOi8vbnlwb3N0LmNvbS8yMDI0LzA1LzEyL2xpZmVzdHlsZS9jYXJkaW9sb2dpc3RzLXJldmVhbC1iZXN0LWZydWl0LXRvLWVhdC10by1ib29zdC1oZWFydC1oZWFsdGgv0gFpaHR0cHM6Ly9ueXBvc3QuY29tLzIwMjQvMDUvMTIvbGlmZXN0eWxlL2NhcmRpb2xvZ2lzdHMtcmV2ZWFsLWJlc3QtZnJ1aXQtdG8tZWF0LXRvLWJvb3N0LWhlYXJ0LWhlYWx0aC9hbXAv?hl=en-US&gl=US&ceid=US%3Aen",
            "og": "https://encrypted-tbn2.gstatic.com/images?q=tbn:ANd9GcTGxR5kHnuEr1Y0C6LYiPUul3KnYbgNaJfrAQ9UADqbFfBLS5Kf8rEZ2zsI97Z0GGSvFurw4CIPJOmXTaTQtodf56yq6PmHnsKa3iuLJK-uHEyMqg",
            "source": "New York Post",
            "source_icon": "https://encrypted-tbn3.gstatic.com/faviconV2?url=https://nypost.com&client=NEWS_360&size=96&type=FAVICON&fallback_opts=TYPE,SIZE,URL",
            "title": "I'm a cardiologist — this is the best fruit to eat for a healthy heart"
        },
        {
            "link": "https://news.google.com/articles/CBMiTWh0dHBzOi8vd3d3LnlhaG9vLmNvbS9saWZlc3R5bGUvd2FudC1hdm9pZC1mb29kLXBvaXNvbmluZy1za2lwLTA3MDA0MDM3MC5odG1s0gEA?hl=en-US&gl=US&ceid=US%3Aen",
            "og": "https://encrypted-tbn0.gstatic.com/images?q=tbn:ANd9GcRzlJkjpnX6fyL1AippYS42BrP4ciWIfwJPS7IX1Yo2hMwUMo0o423VA_yZymIUCzb0EPz1Vw2EzETnqD1TQoHlkx7s--EOzvkakrN2dl0-NpbmlQ",
            "source": "Yahoo Life",
            "source_icon": "https://encrypted-tbn1.gstatic.com/faviconV2?url=https://www.yahoo.com&client=NEWS_360&size=96&type=FAVICON&fallback_opts=TYPE,SIZE,URL",
            "title": "Want To Avoid Food Poisoning? Skip These Items At Your Hotel's Breakfast Buffet"
        },
        {
            "link": "https://news.google.com/articles/CBMibGh0dHBzOi8vbnlwb3N0LmNvbS8yMDI0LzA1LzEzL2xpZmVzdHlsZS9pbS1hLWRvYy1hbmQtdGhpcy1lbWJhcnJhc3NpbmctaGVhbHRoLWlzc3VlLWlzLWFjdHVhbGx5LXZlcnktY29tbW9uL9IBcGh0dHBzOi8vbnlwb3N0LmNvbS8yMDI0LzA1LzEzL2xpZmVzdHlsZS9pbS1hLWRvYy1hbmQtdGhpcy1lbWJhcnJhc3NpbmctaGVhbHRoLWlzc3VlLWlzLWFjdHVhbGx5LXZlcnktY29tbW9uL2FtcC8?hl=en-US&gl=US&ceid=US%3Aen",
            "og": "https://encrypted-tbn0.gstatic.com/images?q=tbn:ANd9GcRnTtp5J78pXRrbqJEWn3Dy4_Ah11XZccSZZeRcqwkX7Otf4tNI6ir_YVqs3mVPIQYPxAQwxlFAl2vyHolIDvAQ_A_3j_6n3bY4XwhvQTErpjooqg",
            "source": "New York Post",
            "source_icon": "https://encrypted-tbn3.gstatic.com/faviconV2?url=https://nypost.com&client=NEWS_360&size=96&type=FAVICON&fallback_opts=TYPE,SIZE,URL",
            "title": "I'm a doc — and this embarrassing health issue is actually very common"
        },
        {
            "link": "https://news.google.com/articles/CBMiTGh0dHBzOi8vYWxzbmV3c3RvZGF5LmNvbS9uZXdzL2VwaWdlbmV0aWNzLWtleS1hbHMtZGlzZWFzZS1wcm9ncmVzc2lvbi1zdHVkeS_SAQA?hl=en-US&gl=US&ceid=US%3Aen",
            "og": "https://encrypted-tbn0.gstatic.com/images?q=tbn:ANd9GcSoB1IQUMEgUJ387RVQCWcSX99WzzwbN8vhHsD01Ey85LH4nLTGQo6n58FRh5-GrCMu1THwYdboWonf9dHpATvX_pk91xFNnW5V8hHPDiUaGUZ-lA",
            "source": "ALS News Today",
            "source_icon": "https://encrypted-tbn2.gstatic.com/faviconV2?url=https://alsnewstoday.com&client=NEWS_360&size=96&type=FAVICON&fallback_opts=TYPE,SIZE,URL",
            "title": "Epigenetics may be key to ALS disease progression, study shows"
        },
        {
            "link": "https://news.google.com/articles/CBMiWWh0dHBzOi8vd3d3Lndhc2hpbmd0b25wb3N0LmNvbS93ZWxsbmVzcy8yMDI0LzA1LzEzL2JveXMtYWRvbGVzY2VudC1maXRuZXNzLWhlYXJ0LWRpc2Vhc2Uv0gEA?hl=en-US&gl=US&ceid=US%3Aen",
            "og": "https://encrypted-tbn3.gstatic.com/images?q=tbn:ANd9GcTFPh8H5Gl6N0XN4NGEvIAKmxa5qOI3Cqta0f2kphS2-9buInJwAyGeRXC0dydKoSRb6sl2l01xwlzmGloqPRyFQ1ONMIYiGpi9ahnd",
            "source": "The Washington Post",
            "source_icon": "https://encrypted-tbn3.gstatic.com/faviconV2?url=https://www.washingtonpost.com&client=NEWS_360&size=96&type=FAVICON&fallback_opts=TYPE,SIZE,URL",
            "title": "Teen fitness may protect against later heart disease, study indicates"
        },
        {
            "link": "https://news.google.com/articles/CBMiR2h0dHBzOi8vb3Vyd29ybGRpbmRhdGEub3JnL3Jpc2UtdXMtbWF0ZXJuYWwtbW9ydGFsaXR5LXJhdGVzLW1lYXN1cmVtZW500gEA?hl=en-US&gl=US&ceid=US%3Aen",
            "og": "https://encrypted-tbn2.gstatic.com/images?q=tbn:ANd9GcSsc-KUCOF-Hi6gyhz58QTwgiKKasRymCX1-yuo1pwTDsyxfgeqsOjxJ3qscJe2MWuH3tm5cO8Rn7nxkYbyP-vp",
            "source": "Our World in Data",
            "source_icon": "https://encrypted-tbn1.gstatic.com/faviconV2?url=https://ourworldindata.org&client=NEWS_360&size=96&type=FAVICON&fallback_opts=TYPE,SIZE,URL",
            "title": "The rise in reported maternal mortality rates in the US is largely due to a change in measurement"
        },
        {
            "link": "https://news.google.com/articles/CBMiOWh0dHBzOi8vd3d3LnluZXRuZXdzLmNvbS9oZWFsdGhfc2NpZW5jZS9hcnRpY2xlL2J5bmpmdzFxctIBAA?hl=en-US&gl=US&ceid=US%3Aen",
            "og": "https://encrypted-tbn2.gstatic.com/images?q=tbn:ANd9GcSkno9HA1Kj8BQKUUJ9TftQrOhc7K_V8fH95AhbgcsI6T0_HUcOKLliBDniNc65OCw",
            "source": "Ynetnews",
            "source_icon": "https://encrypted-tbn1.gstatic.com/faviconV2?url=https://www.ynetnews.com&client=NEWS_360&size=96&type=FAVICON&fallback_opts=TYPE,SIZE,URL",
            "title": "Insulin in capsule may replace injections for diabetics"
        },
        {
            "link": "https://news.google.com/articles/CBMiWmh0dHBzOi8vaW50ZXJlc3RpbmdlbmdpbmVlcmluZy5jb20vaGVhbHRoL3NjaWVudGlzdHMtZmluZC1tYXN0ZXItcmVndWxhdG9yLW9mLWluZmxhbW1hdGlvbtIBAA?hl=en-US&gl=US&ceid=US%3Aen",
            "og": "https://encrypted-tbn0.gstatic.com/images?q=tbn:ANd9GcRM68bBorBaGRyt8-fBk3fBsaU3HR-CIvDGuum0RkodQLtyF3l6mdrFpQBSausXVcpGdyOVTL5Ob8Rk1zJ4Wd4qH869WHPx7tNtDNVpunOUuYfqfg",
            "source": "Interesting Engineering",
            "source_icon": "https://encrypted-tbn3.gstatic.com/faviconV2?url=https://interestingengineering.com&client=NEWS_360&size=96&type=FAVICON&fallback_opts=TYPE,SIZE,URL",
            "title": "Scientists discover 'master' brain circuit that regulates inflammation"
        },
        {
            "link": "https://news.google.com/articles/CBMiPWh0dHBzOi8vd3d3LnRoZWN1dC5jb20vYXJ0aWNsZS9ldmVyeW9uZS1xdWl0dGluZy10aGVyYXB5Lmh0bWzSAQA?hl=en-US&gl=US&ceid=US%3Aen",
            "og": "https://encrypted-tbn1.gstatic.com/images?q=tbn:ANd9GcQGmFLb_Fs1zUIK8OPI7Vq-_xLZbjSdVeI4X6HsJ3Z1xizZ6rTYcs089vUxur5cWBUqA1ksQvXEMg48cmxh_wHknGSfx45CbZnBKIsg8jpqXJoVYA",
            "source": "The Cut",
            "source_icon": "https://encrypted-tbn3.gstatic.com/faviconV2?url=https://www.thecut.com&client=NEWS_360&size=96&type=FAVICON&fallback_opts=TYPE,SIZE,URL",
            "title": "Can I Just Quit Therapy?"
        },
        {
            "link": "https://news.google.com/articles/CBMiPWh0dHBzOi8vbmV1cm9zY2llbmNlbmV3cy5jb20vcGFyYXNvbW5pYS1icmFpbi1hY3Rpdml0eS0yNjA5MC_SAQA?hl=en-US&gl=US&ceid=US%3Aen",
            "og": "https://encrypted-tbn3.gstatic.com/images?q=tbn:ANd9GcRZfkun_lFmc8SsywNFvGrpEgPEI3dfv-dPpFFt3EDI83IG-Kj9gpEOe1ycZqNFGrCcAfFVFd5lXm88NwUPMUTsHRaynU5LB5lU0RVlLtNyzmHIHw",
            "source": "Neuroscience News",
            "source_icon": "https://encrypted-tbn2.gstatic.com/faviconV2?url=https://neurosciencenews.com&client=NEWS_360&size=96&type=FAVICON&fallback_opts=TYPE,SIZE,URL",
            "title": "Parasomnia: What Happens in the Brain During Sleepwalking?"
        },
        {
            "link": "https://news.google.com/articles/CBMiWWh0dHBzOi8vc2xhdGUuY29tL2FkdmljZS8yMDI0LzA1L2ZhbWlseS1hZHZpY2Utc2lzdGVyLWV4LWh1c2JhbmQtZGVmZW5zaXZlLXBhcmVudGluZy5odG1s0gEA?hl=en-US&gl=US&ceid=US%3Aen",
            "og": "https://encrypted-tbn0.gstatic.com/images?q=tbn:ANd9GcRTZ8bSw_zd3vR7fM8fLkMr4dlWv5sL4cXFSMANys_j5Fo3_E6IBTSBAfnPmbT46hkbP734CENDNT1MkiJl8wdtPGi8Vlqu0Yh_qDqLoy4ef6z2iw",
            "source": "Slate",
            "source_icon": "https://encrypted-tbn3.gstatic.com/faviconV2?url=https://slate.com&client=NEWS_360&size=96&type=FAVICON&fallback_opts=TYPE,SIZE,URL",
            "title": "Family advice: My boyfriend is constantly defending a despicable man. I can't take it anymore."
        },
        {
            "link": "https://news.google.com/articles/CBMiLmh0dHBzOi8vd3d3LmJiYy5jb20vbmV3cy9hcnRpY2xlcy9jM2dlZWxqdjg0bm_SATJodHRwczovL3d3dy5iYmMuY29tL25ld3MvYXJ0aWNsZXMvYzNnZWVsanY4NG5vLmFtcA?hl=en-US&gl=US&ceid=US%3Aen",
            "og": "https://encrypted-tbn0.gstatic.com/images?q=tbn:ANd9GcSULkXuQ01nn4SBLnADSOlJZbZWugf45-nXMYba2tchbcbkMTR0QyrmGh9dlBkVRqAftCX_6IqzGDdfKWoGTqZis09LHoDGk5to5kG0RQF-qubUkw",
            "source": "BBC.com",
            "source_icon": "https://encrypted-tbn2.gstatic.com/faviconV2?url=https://www.bbc.com&client=NEWS_360&size=96&type=FAVICON&fallback_opts=TYPE,SIZE,URL",
            "title": "AI clinical trial to treat depression in Oxford University study"
        },
        {
            "link": "https://news.google.com/articles/CBMiLmh0dHBzOi8vYm9va3Jpb3QuY29tL292ZXJzaXplZC1yZWFkaW5nLWNoYWlycy_SAQA?hl=en-US&gl=US&ceid=US%3Aen",
            "og": "https://encrypted-tbn0.gstatic.com/images?q=tbn:ANd9GcRIK4tBxu0zJ_0TGw0_isW8QNUk7PDAhl9Gv5DDdTp8XYugq4M40aMAqeDtFhTvMIR4rhf6uzl0yMgdIy75Cur6zGlWvay_FFJB1LeWcIqoX-tFjg",
            "source": "Book Riot",
            "source_icon": "https://encrypted-tbn0.gstatic.com/faviconV2?url=https://bookriot.com&client=NEWS_360&size=96&type=FAVICON&fallback_opts=TYPE,SIZE,URL",
            "title": "The Biggest and Comfiest Reading Chairs to Cozy Up In"
        },
        {
            "link": "https://news.google.com/articles/CBMib2h0dHBzOi8vd3d3LmlmbHNjaWVuY2UuY29tL3RpbWUtc2VlbXMtdG8tbW92ZS1zbG93ZXItaW4tdGhpcy1vbmUtcGxhY2UtYW5kLXlvdS1taWdodC1iZS1nb2luZy10aGVyZS10b2RheS03NDE5NtIBAA?hl=en-US&gl=US&ceid=US%3Aen",
            "og": "https://encrypted-tbn2.gstatic.com/images?q=tbn:ANd9GcRgB8-6djgcaEeU_4Cgi9QH41anlvRcqVv7US5aRcEBZrXgY_dFX-sZOFjRrpw1ADKrxCMwMqM_k5gC0DCAvpHB3wL9RBAsqr76IPbPiX701vLElQ",
            "source": "IFLScience",
            "source_icon": "https://encrypted-tbn0.gstatic.com/faviconV2?url=https://www.iflscience.com&client=NEWS_360&size=96&type=FAVICON&fallback_opts=TYPE,SIZE,URL",
            "title": "Time Seems To Move Slower In This One Place, And You Might Be Going There Today"
        },
        {
            "link": "https://news.google.com/articles/CBMiZ2h0dHBzOi8vd3d3LnNjaWVuY2VhbGVydC5jb20vd2hhdC1pcy1hZGVub215b3Npcy10aGlzLWxpdHRsZS1rbm93bi1jb25kaXRpb24tYWZmZWN0cy11cC10by0xLWluLTUtd29tZW7SAQA?hl=en-US&gl=US&ceid=US%3Aen",
            "og": "https://encrypted-tbn3.gstatic.com/images?q=tbn:ANd9GcT6mWbwcPXQXtHELk1q82l5lOSG4XLIH_K2MSUMhKksXrfXWCS_kpnTrslSfCTYCTFLcBcLuWXCNmDMpEN4z_ykqraFYoJjV2vHKPYPRTIxddOsSQ",
            "source": "ScienceAlert",
            "source_icon": "https://encrypted-tbn2.gstatic.com/faviconV2?url=https://www.sciencealert.com&client=NEWS_360&size=96&type=FAVICON&fallback_opts=TYPE,SIZE,URL",
            "title": "What Is Adenomyosis? This Little-Known Condition Affects Up to 1 in 5 Women"
        },
        {
            "link": "https://news.google.com/articles/CBMieGh0dHBzOi8vd3d3LjluZXdzLmNvbS9hcnRpY2xlL25ld3MvbG9jYWwvZmFtaWx5LXNheXMtc29uLXdhcy1oZWFydC1kZWFkLTE0LWhvdXJzLzczLWQ5NmM3YTlhLWM4MzItNGZiYS1iMTRhLTU0ZjVkZTA2ZjdlM9IBAA?hl=en-US&gl=US&ceid=US%3Aen",
            "og": "https://encrypted-tbn3.gstatic.com/images?q=tbn:ANd9GcRvi2bYatb7AjaCkFExb8x26hwO4KpKKgxhT8d5r8-PQQlZ16Csf0_1rxZ3_QCSNHTEl_2yO2IwYYpNngD2OhcjjsCiJycVKGqW4PrsL5WsaCeGfw",
            "source": "9News.com KUSA",
            "source_icon": "https://encrypted-tbn2.gstatic.com/faviconV2?url=https://www.9news.com&client=NEWS_360&size=96&type=FAVICON&fallback_opts=TYPE,SIZE,URL",
            "title": "Family says son was 'heart dead' for 14+ hours"
        },
        {
            "link": "https://news.google.com/articles/CBMiUGh0dHBzOi8vd3d3Lm5ld3N3ZWVrLmNvbS9zY2llbnRpc3RzLXJldmVhbC1oaWRkZW4taW5kaWNhdG9ycy13ZWlnaHQtZ2Fpbi0xODk5ODQw0gEA?hl=en-US&gl=US&ceid=US%3Aen",
            "og": "https://encrypted-tbn0.gstatic.com/images?q=tbn:ANd9GcQbcpRJcUBKdnI2EJzrf1bAcvxtjvrB89gII13nMe8_1PVyscQLujhQ4cgNqFqmqF22cQQQkXlHPqjyAaFycR4wtt9O-eO-Dc40kHlxJl7arXDIDg",
            "source": "Newsweek",
            "source_icon": "https://encrypted-tbn3.gstatic.com/faviconV2?url=https://www.newsweek.com&client=NEWS_360&size=96&type=FAVICON&fallback_opts=TYPE,SIZE,URL",
            "title": "Scientists Reveal Hidden Indicator of Future Weight Gain"
        }
    ],
    "Science": [
        {
            "link": "https://news.google.com/articles/CBMiSGh0dHBzOi8vcGh5cy5vcmcvbmV3cy8yMDI0LTA1LWNoZW1pY2FsLWFuYWx5c2lzLW5hdHVyYWwteWVhcnMtdG9kYXkuaHRtbNIBR2h0dHBzOi8vcGh5cy5vcmcvbmV3cy8yMDI0LTA1LWNoZW1pY2FsLWFuYWx5c2lzLW5hdHVyYWwteWVhcnMtdG9kYXkuYW1w?hl=en-US&gl=US&ceid=US%3Aen",
            "og": "https://encrypted-tbn2.gstatic.com/images?q=tbn:ANd9GcSx9e_FYmhlB4bcd1LmoKli2a3gF1BgTO6xevUU85FPAdzT50funlD5rk3rYRPC7blGXjepk3cHXDNsGIP4dFosRzLL64SXwDTKNzROehAbHGB2Xg",
            "source": "Phys.org",
            "source_icon": "https://encrypted-tbn2.gstatic.com/faviconV2?url=https://phys.org&client=NEWS_360&size=96&type=FAVICON&fallback_opts=TYPE,SIZE,URL",
            "title": "Chemical analysis of natural CO₂ rise over the last 50,000 years shows that today's rate is 10 times faster"
        },
        {
            "link": "https://news.google.com/articles/CBMiVWh0dHBzOi8vZ2l6bW9kby5jb20vbm90LWp1c3QtYXVyb3Jhcy1oZXJlcy10aGUtdGVjaC10aGF0LWdvdC1oaXQtYnktdGhpcy13LTE4NTE0NzI4MzjSAQA?hl=en-US&gl=US&ceid=US%3Aen",
            "og": "https://encrypted-tbn3.gstatic.com/images?q=tbn:ANd9GcTeFpUZuA_ApkUZxzsWowzWuhlBusPyPGHAb7VJHgLpQVG9ETOvPxgdH9CA0clajvjYjfcznu91XXEife23FhlidnBhnnzdq7je8N2e64DWUBPHKg",
            "source": "Gizmodo",
            "source_icon": "https://encrypted-tbn1.gstatic.com/faviconV2?url=https://gizmodo.com&client=NEWS_360&size=96&type=FAVICON&fallback_opts=TYPE,SIZE,URL",
            "title": "Not Just Auroras: Here's the Tech That Got Hit by This Weekend's Solar Storm"
        },
        {
            "link": "https://news.google.com/articles/CBMiOmh0dHBzOi8vd3d3LnNwYWNlLmNvbS9leG9wbGFuZXQtbGF2YS13b3JsZC1qdXBpdGVyLW1vb24taW_SAQA?hl=en-US&gl=US&ceid=US%3Aen",
            "og": "https://encrypted-tbn1.gstatic.com/images?q=tbn:ANd9GcSkIWoh78IS25YgUk_UO9Nqdwovi3SeQqCrI2YQIue_-Zv8fCS59ZDA_gTgvsHr6hABIetXTlSQz-Edgh3Em8m5_0ePm0q2FVtR8lQb3-UV33_YdQ",
            "source": "Space.com",
            "source_icon": "https://encrypted-tbn2.gstatic.com/faviconV2?url=https://www.space.com&client=NEWS_360&size=96&type=FAVICON&fallback_opts=TYPE,SIZE,URL",
            "title": "The surface of this volcanic exoplanet is hotter than some stars"
        },
        {
            "link": "https://news.google.com/articles/CBMiTGh0dHBzOi8vd3d3LnNwYWNlLmNvbS9zcGFjZXgtc3RhcnNoaXAtZm91cnRoLXRlc3QtZmxpZ2h0LWp1bmUtMjAyNC1lbG9uLW11c2vSAQA?hl=en-US&gl=US&ceid=US%3Aen",
            "og": "https://encrypted-tbn2.gstatic.com/images?q=tbn:ANd9GcT7r-TsNWtFckYDf-sSNJ7JMDDhHT8g2bJiexoMEK6sH0T4U0JtNgZir-JpWyoaUX9pcExdainPfylhOyerryHp717fmrQ3oLAECWcYpEzaVwpoqg",
            "source": "Space.com",
            "source_icon": "https://encrypted-tbn2.gstatic.com/faviconV2?url=https://www.space.com&client=NEWS_360&size=96&type=FAVICON&fallback_opts=TYPE,SIZE,URL",
            "title": "SpaceX Starship's next launch 'probably 3 to 5 weeks' away, Elon Musk says"
        },
        {
            "link": "https://news.google.com/articles/CBMibGh0dHBzOi8vd3d3LmtzYnkuY29tL25ld3MvbG9jYWwtbmV3cy9zcGFjZXgtcGxhbm5pbmctdHVlc2RheS1tb3JuaW5nLWxhdW5jaC1mcm9tLXZhbmRlbmJlcmctc3BhY2UtZm9yY2UtYmFzZdIBAA?hl=en-US&gl=US&ceid=US%3Aen",
            "og": "https://encrypted-tbn1.gstatic.com/images?q=tbn:ANd9GcRwJq9RVCGtpkpmB9OB6eskhIR6XEHXfMgZ3fdFaEXLT8yfdZkUyb94KL9EVyGDLuWnNidOzTovvGoFCWp_zkQr",
            "source": "KSBY News",
            "source_icon": "https://encrypted-tbn1.gstatic.com/faviconV2?url=https://www.ksby.com&client=NEWS_360&size=96&type=FAVICON&fallback_opts=TYPE,SIZE,URL",
            "title": "SpaceX planning Tuesday morning launch from Vandenberg Space Force Base"
        },
        {
            "link": "https://news.google.com/articles/CBMiPGh0dHBzOi8vd3d3Lm5hc2FzcGFjZWZsaWdodC5jb20vMjAyNC8wNS9sYXVuY2gtcm91bmR1cC0wNTE3L9IBAA?hl=en-US&gl=US&ceid=US%3Aen",
            "og": "https://encrypted-tbn3.gstatic.com/images?q=tbn:ANd9GcR9cNsO5M7zOaDok9uUJuCtLIcPghZBno_lQ--GYCl6cqidF4OruVfpuh1ZinIo_LmTuECH3UibapoJk9iALjYc2uISWnotEFKjFfum4HxdH5fHjA",
            "source": "NASASpaceflight.com",
            "source_icon": "https://encrypted-tbn0.gstatic.com/faviconV2?url=https://www.nasaspaceflight.com&client=NEWS_360&size=96&type=FAVICON&fallback_opts=TYPE,SIZE,URL",
            "title": "Launch Roundup: Starliner prepares for second launch attempt; Falcon 9 to launch first batch into new spy constellation - NASASpaceFlight.com"
        },
        {
            "link": "https://news.google.com/articles/CBMiZGh0dHBzOi8vbGVhcm5pbmdlbmdsaXNoLnZvYW5ld3MuY29tL2EvbmFzYS1kZXRhaWxzLXBsYW5zLWZvci1yYWlsd2F5LXN5c3RlbS1vbi10aGUtbW9vbi83NjA1MTEzLmh0bWzSAWZodHRwczovL2xlYXJuaW5nZW5nbGlzaC52b2FuZXdzLmNvbS9hbXAvbmFzYS1kZXRhaWxzLXBsYW5zLWZvci1yYWlsd2F5LXN5c3RlbS1vbi10aGUtbW9vbi83NjA1MTEzLmh0bWw?hl=en-US&gl=US&ceid=US%3Aen",
            "og": "https://encrypted-tbn2.gstatic.com/images?q=tbn:ANd9GcQDfq-V_ocYBEMlUXfIFv3ge40F7qKhztMy1O3JRd5XqQmgGiWEPgMFgqjDn3j570YZdVl3rhgATUPeQKrn8QszWMIMLZ_O6RXt0oMqbksib94ryg",
            "source": "VOA Learning English",
            "source_icon": "https://encrypted-tbn3.gstatic.com/faviconV2?url=https://learningenglish.voanews.com&client=NEWS_360&size=96&type=FAVICON&fallback_opts=TYPE,SIZE,URL",
            "title": "NASA Details Plans for Railway System on the Moon"
        },
        {
            "link": "https://news.google.com/articles/CBMiV2h0dHBzOi8vd3d3LndtdXIuY29tL2FydGljbGUvYXVyb3JhLWJvcmVhbGlzLW5vcnRoZXJuLWxpZ2h0cy1uZXctaGFtcHNoaXJlLTUxMy82MDc3Nzc4M9IBAA?hl=en-US&gl=US&ceid=US%3Aen",
            "og": "https://encrypted-tbn0.gstatic.com/images?q=tbn:ANd9GcRm6Th_nH1TnMPy2sT1N2znKjnRDv44MAp29tf9p6ot3YaISSNbUBfMBo_nW51fyWeEhS4PVMunY07Qhq4ss3rx",
            "source": "WMUR Manchester",
            "source_icon": "https://encrypted-tbn1.gstatic.com/faviconV2?url=https://www.wmur.com&client=NEWS_360&size=96&type=FAVICON&fallback_opts=TYPE,SIZE,URL",
            "title": "Northern lights in New Hampshire: How it happened"
        },
        {
            "link": "https://news.google.com/articles/CBMid2h0dHBzOi8vd3d3LmxpdmVzY2llbmNlLmNvbS9zcGFjZS9hc3Ryb25vbXkvc3BhY2UtcGhvdG8tb2YtdGhlLXdlZWstZ29kcy1oYW5kLWxlYXZlcy1hc3Ryb25vbWVycy1zY3JhdGNoaW5nLXRoZWlyLWhlYWRz0gEA?hl=en-US&gl=US&ceid=US%3Aen",
            "og": "https://encrypted-tbn2.gstatic.com/images?q=tbn:ANd9GcQcr7403yHy_M-pyfkkUST39IbcA6QnbbZ7X5r0Xxj4pRPVgLLF4wyFrsRI_pO3WtUkuDkPDvi1sbRVex0DAQpff_XYkhP728KaFMHDErgX7uLBqw",
            "source": "Livescience.com",
            "source_icon": "https://encrypted-tbn2.gstatic.com/faviconV2?url=https://www.livescience.com&client=NEWS_360&size=96&type=FAVICON&fallback_opts=TYPE,SIZE,URL",
            "title": "Space photo of the week: 'God's Hand' leaves astronomers scratching their heads"
        },
        {
            "link": "https://news.google.com/articles/CBMiXmh0dHBzOi8vd3d3LmJ1c2luZXNzaW5zaWRlci5jb20vZmFsbC1pbnNpZGUtYmxhY2staG9sZS1uYXNhLXZpZGVvLXNob3dzLXdoYXQtbG9va3MtbGlrZS0yMDI0LTXSAWJodHRwczovL3d3dy5idXNpbmVzc2luc2lkZXIuY29tL2ZhbGwtaW5zaWRlLWJsYWNrLWhvbGUtbmFzYS12aWRlby1zaG93cy13aGF0LWxvb2tzLWxpa2UtMjAyNC01P2FtcA?hl=en-US&gl=US&ceid=US%3Aen",
            "og": "https://encrypted-tbn2.gstatic.com/images?q=tbn:ANd9GcS_2Dt_Dgqnt4b9cbBpyBn5OLenHCEwAt6L4PeBF-bZjg91388zUi5QaWgaFmwLWIqIPdMTffYU5YX8YfJTKpyiQ0Tz9hO2pVbJ9EW1z-7r7Fw7xQ",
            "source": "Business Insider",
            "source_icon": "https://encrypted-tbn3.gstatic.com/faviconV2?url=https://www.businessinsider.com&client=NEWS_360&size=96&type=FAVICON&fallback_opts=TYPE,SIZE,URL",
            "title": "Fall into a black hole: NASA video shows what it looks like"
        },
        {
            "link": "https://news.google.com/articles/CBMibmh0dHBzOi8vc3BhY2VmbGlnaHRub3cuY29tLzIwMjQvMDUvMTQvc2llcnJhLXNwYWNlcy1kcmVhbS1jaGFzZXItcHJlcGFyaW5nLWZvci1wcmUtbGF1bmNoLWpvdXJuZXktdG8tdGhlLWNhcGUv0gEA?hl=en-US&gl=US&ceid=US%3Aen",
            "og": "https://encrypted-tbn0.gstatic.com/images?q=tbn:ANd9GcSA4RvwOZMPyzttmzZ2aitFPLNuCryruSmLhqk21OdQTiJpeZ1dw96tc9V2cMqBrQI98i8AGvhYneI-GfGeruX-ZwSNGCTvh8sJPLNQvEZtmfHltA",
            "source": "Spaceflight Now",
            "source_icon": "https://encrypted-tbn3.gstatic.com/faviconV2?url=https://spaceflightnow.com&client=NEWS_360&size=96&type=FAVICON&fallback_opts=TYPE,SIZE,URL",
            "title": "Sierra Space's Dream Chaser prepares for pre-launch journey to the Cape – Spaceflight Now"
        },
        {
            "link": "https://news.google.com/articles/CBMiYWh0dHBzOi8vd3d3LmtzbC5jb20vYXJ0aWNsZS81MTAwNjIzOS9hc3Ryb25vbWVycy1maW5hbGx5LWRldGVjdC1hLXJvY2t5LXBsYW5ldC13aXRoLWFuLWF0bW9zcGhlcmXSAQA?hl=en-US&gl=US&ceid=US%3Aen",
            "og": "https://encrypted-tbn3.gstatic.com/images?q=tbn:ANd9GcT4WMpPA2RYfdwAKHb2grwfN1hK3bdKn1fydPYI4SGWTciclbTar0lR_gJUUjUJap-GmLPcF9Sv80N9eUsN5SCUOQlhSBntCQ39n4OdUEduh5Pq9w",
            "source": "KSL.com",
            "source_icon": "https://encrypted-tbn3.gstatic.com/faviconV2?url=https://www.ksl.com&client=NEWS_360&size=96&type=FAVICON&fallback_opts=TYPE,SIZE,URL",
            "title": "Astronomers finally detect a rocky planet with an atmosphere"
        },
        {
            "link": "https://news.google.com/articles/CBMiU2h0dHBzOi8vcGh5cy5vcmcvbmV3cy8yMDI0LTA1LWZ1dHVyZS1kaXNjb3Zlcmllcy1zY2llbnRpc3RzLWV4cGxvcmUtbm9udHJpdmlhbC5odG1s0gFSaHR0cHM6Ly9waHlzLm9yZy9uZXdzLzIwMjQtMDUtZnV0dXJlLWRpc2NvdmVyaWVzLXNjaWVudGlzdHMtZXhwbG9yZS1ub250cml2aWFsLmFtcA?hl=en-US&gl=US&ceid=US%3Aen",
            "og": "https://encrypted-tbn0.gstatic.com/images?q=tbn:ANd9GcTgUWD0JlhKdTLCZRy0G6_NCJCazG4uGzbX8G5NbixbxlNiBVj5XHU1KNLud8icsS5wpSWBg3dxobSYz6njIICjTt3gEctIzn6cvw-7hymXKsG-GQ",
            "source": "Phys.org",
            "source_icon": "https://encrypted-tbn2.gstatic.com/faviconV2?url=https://phys.org&client=NEWS_360&size=96&type=FAVICON&fallback_opts=TYPE,SIZE,URL",
            "title": "Anticipating future discoveries: Scientists explore nontrivial cosmic topology"
        },
        {
            "link": "https://news.google.com/articles/CBMiTGh0dHBzOi8vd3d3Lm5ld3N3ZWVrLmNvbS9leG9wbGFuZXQtbXlzdGVyeS1zY2llbnRpc3RzLXJlZC1naWFudC1zdGFyLTE4OTk3NjTSAQA?hl=en-US&gl=US&ceid=US%3Aen",
            "og": "https://encrypted-tbn0.gstatic.com/images?q=tbn:ANd9GcT8pGGCqug3gfQsNSV8l5PZ6rHj1-H2bTS-5WKuxsM_n3GF4d0mE3-5ZYLA9lBuP1b_HDac6qf0tQzqMbVi0w7unmStByQvdA3cPQkKJhi9M1Q5eg",
            "source": "Newsweek",
            "source_icon": "https://encrypted-tbn3.gstatic.com/faviconV2?url=https://www.newsweek.com&client=NEWS_360&size=96&type=FAVICON&fallback_opts=TYPE,SIZE,URL",
            "title": "Mystery of Planet That Shouldn't Exist Deepens"
        },
        {
            "link": "https://news.google.com/articles/CBMiN2h0dHBzOi8vcGh5cy5vcmcvbmV3cy8yMDI0LTA1LXRoZXJtb2R5bmFtaWMtdGhlb3J5Lmh0bWzSATZodHRwczovL3BoeXMub3JnL25ld3MvMjAyNC0wNS10aGVybW9keW5hbWljLXRoZW9yeS5hbXA?hl=en-US&gl=US&ceid=US%3Aen",
            "og": "https://encrypted-tbn1.gstatic.com/images?q=tbn:ANd9GcTgVFpP1LWVIFfOUt6PDe9ilz10QylX-a1CGm-cplfqy6QTkIESLUgei_Tn0iz77pqMxkBTIOoiNsryGmo4_aojwziFK2G0oIluLftWxD9zTfZ5yg",
            "source": "Phys.org",
            "source_icon": "https://encrypted-tbn2.gstatic.com/faviconV2?url=https://phys.org&client=NEWS_360&size=96&type=FAVICON&fallback_opts=TYPE,SIZE,URL",
            "title": "New work extends the thermodynamic theory of computation"
        },
        {
            "link": "https://news.google.com/articles/CBMiT2h0dHBzOi8vcGh5cy5vcmcvbmV3cy8yMDI0LTA1LWRpc2NvdmVyeS1iaW9tYXJrZXJzLXNwYWNlLWNvbmRpdGlvbnMtc2F0dXJuLmh0bWzSAU5odHRwczovL3BoeXMub3JnL25ld3MvMjAyNC0wNS1kaXNjb3ZlcnktYmlvbWFya2Vycy1zcGFjZS1jb25kaXRpb25zLXNhdHVybi5hbXA?hl=en-US&gl=US&ceid=US%3Aen",
            "og": "https://encrypted-tbn3.gstatic.com/images?q=tbn:ANd9GcSvZx4he4CAaWRHtzrjj-R-yt210BqnwpCq-YuXdWaJw_KEtyuVkPUEgBIggJShflbAlQhlO9haFsMIOyUtRhJS8fWLe7uwEdM2wiCY5Hnrjd7-OA",
            "source": "Phys.org",
            "source_icon": "https://encrypted-tbn2.gstatic.com/faviconV2?url=https://phys.org&client=NEWS_360&size=96&type=FAVICON&fallback_opts=TYPE,SIZE,URL",
            "title": "Discovery of biomarkers in space—conditions on Saturn's moon Enceladus simulated in the laboratory"
        },
        {
            "link": "https://news.google.com/articles/CBMimgFodHRwczovL3d3dy5saXZlc2NpZW5jZS5jb20vcGxhbmV0LWVhcnRoL2dlb2xvZ3kvZWFydGgtbWF5LWhhdmUtaGFkLWZyZXNod2F0ZXItYW5kLWNvbnRpbmVudHMtanVzdC0yMDAtbWlsbGlvbi15ZWFycy1hZnRlci1mb3JtaW5nLWFuY2llbnQtY3J5c3RhbHMtcmV2ZWFs0gEA?hl=en-US&gl=US&ceid=US%3Aen",
            "og": "https://encrypted-tbn3.gstatic.com/images?q=tbn:ANd9GcSiNtnm4Sv8Iwi0CwUuz0wwo18zUvecjiSDiitQvBwaVr9iOnIYLPQXs6wx2iMrvawZzEFcynnIzNnLprOtotKUSeSo",
            "source": "Livescience.com",
            "source_icon": "https://encrypted-tbn2.gstatic.com/faviconV2?url=https://www.livescience.com&client=NEWS_360&size=96&type=FAVICON&fallback_opts=TYPE,SIZE,URL",
            "title": "Earth may have had freshwater and continents just 200 million years after forming, ancient crystals reveal"
        },
        {
            "link": "https://news.google.com/articles/CBMimQFodHRwczovL3d3dy5saXZlc2NpZW5jZS5jb20vcGh5c2ljcy1tYXRoZW1hdGljcy9kYXJrLW1hdHRlci9naWFudC1yb2d1ZS13YXZlcy1vZi1pbnZpc2libGUtbWF0dGVyLW1pZ2h0LWJlLWRpc3J1cHRpbmctdGhlLW9yYml0cy1vZi1zdGFycy1uZXctc3R1ZHktaGludHPSAQA?hl=en-US&gl=US&ceid=US%3Aen",
            "og": "https://encrypted-tbn3.gstatic.com/images?q=tbn:ANd9GcSo9JpMycvsN_lcb7fVEIy19-CVU4MQOL_tLyPFWH0_KN736l_4M9If49bCzBxTHzumo2s5kq_vSmnGzN71fFKhQlqRsYqbRtMGh-_Z3MHK1iu3eQ",
            "source": "Livescience.com",
            "source_icon": "https://encrypted-tbn2.gstatic.com/faviconV2?url=https://www.livescience.com&client=NEWS_360&size=96&type=FAVICON&fallback_opts=TYPE,SIZE,URL",
            "title": "Giant 'rogue waves' of invisible matter might be disrupting the orbits of stars, new study hints"
        },
        {
            "link": "https://news.google.com/articles/CBMigQFodHRwczovL3d3dy5saXZlc2NpZW5jZS5jb20vcGxhbmV0LWVhcnRoL3ZvbGNhbm9zL2VhcnRoLWZyb20tc3BhY2UtbWFqZXN0aWMteWluLXlhbmctY3JhdGVyLXNpdHMtYXRvcC1hLWRvcm1hbnQtdm9sY2Fuby1pbi10dXJrZXnSAQA?hl=en-US&gl=US&ceid=US%3Aen",
            "og": "https://encrypted-tbn2.gstatic.com/images?q=tbn:ANd9GcQ4YTcNy7zKQimZGKZaXL_OMNctdNZ0vXXq8_VF7Uesk8lyX96iKC0PCQ8eG7EUZPxG71aR0_m-4n6sVDWaJAgufya_",
            "source": "Livescience.com",
            "source_icon": "https://encrypted-tbn2.gstatic.com/faviconV2?url=https://www.livescience.com&client=NEWS_360&size=96&type=FAVICON&fallback_opts=TYPE,SIZE,URL",
            "title": "Earth from space: Majestic 'yin-yang' crater sits atop a dormant volcano in Turkey"
        },
        {
            "link": "https://news.google.com/articles/CBMiWWh0dHBzOi8vd3d3LmNocm9uLmNvbS9uZXdzL3NwYWNlL2FydGljbGUvZW5vcm1vdXMtYXN0ZXJvaWQtZGVzdHJ1Y3Rpb24tZWFydGgtMTk0NTQ3NDUucGhw0gEA?hl=en-US&gl=US&ceid=US%3Aen",
            "og": "https://encrypted-tbn2.gstatic.com/images?q=tbn:ANd9GcRG6TRPDHS3nTqZ8L3li92dC9Ma0yJnyF4O5xPi6nRNSb12u7OMN51t239YeJ2QscJwwyGAiQgmPqCwVYicfLuzd2t48Pbnj1KDVcBHqGXCX731hw",
            "source": "Chron",
            "source_icon": "https://encrypted-tbn3.gstatic.com/faviconV2?url=https://www.chron.com&client=NEWS_360&size=96&type=FAVICON&fallback_opts=TYPE,SIZE,URL",
            "title": "Enormous 'God of Destruction' asteroid on its way to Earth"
        },
        {
            "link": "https://news.google.com/articles/CBMiZGh0dHBzOi8vd3d3LmlmbHNjaWVuY2UuY29tL2V1cm9wZXMtYXJpYW5lLTYtcm9ja2V0LWlzLWFib3V0LXRvLWxhdW5jaC1oZXJlcy13aHktaXRzLWEtYmlnLWRlYWwtNzQxNDfSAQA?hl=en-US&gl=US&ceid=US%3Aen",
            "og": "https://encrypted-tbn2.gstatic.com/images?q=tbn:ANd9GcRARsRJEZy6MSYkyCHmBYdXSQH0REqLuSPSQ9iHHVc4j3sJ2JoU60LAb78o3S7hjL7Rm_UlXnBJjpJd8RMFU5lbWYlZC14qZZPj-eH5oIDcipEKww",
            "source": "IFLScience",
            "source_icon": "https://encrypted-tbn0.gstatic.com/faviconV2?url=https://www.iflscience.com&client=NEWS_360&size=96&type=FAVICON&fallback_opts=TYPE,SIZE,URL",
            "title": "Europe's Ariane 6 Rocket Is About To Launch – Here's Why It's A Big Deal"
        },
        {
            "link": "https://news.google.com/articles/CBMiWGh0dHBzOi8vd3d3LnF1YW50YW1hZ2F6aW5lLm9yZy9ob3ctaWRsZS1lZ2ctY2VsbHMtZGVmZW5kLXRoZWlyLWRuYS1mcm9tLWRhbWFnZS0yMDI0MDUxMy_SAQA?hl=en-US&gl=US&ceid=US%3Aen",
            "og": "https://encrypted-tbn1.gstatic.com/images?q=tbn:ANd9GcRkgeKHaZ6fPfARCGuhJbeh6sVGsSawO0pXVmG4j_6DPWBWU5AJWzdSPIQwkn9pOM8",
            "source": "Quanta Magazine",
            "source_icon": "https://encrypted-tbn1.gstatic.com/faviconV2?url=https://www.quantamagazine.org&client=NEWS_360&size=96&type=FAVICON&fallback_opts=TYPE,SIZE,URL",
            "title": "How ‘Idle’ Egg Cells Defend Their DNA From Damage"
        },
        {
            "link": "https://news.google.com/articles/CBMiW2h0dHBzOi8vd3d3LnVuaXZlcnNldG9kYXkuY29tLzE2Njk0MC9zcGFjZXgtc2hvd3Mtb2ZmLWl0cy1uZXctZXh0cmF2ZWhpY3VsYXItYWN0aXZpdHktc3VpdC_SAQA?hl=en-US&gl=US&ceid=US%3Aen",
            "og": "https://encrypted-tbn1.gstatic.com/images?q=tbn:ANd9GcQzT56obSSAdw0m8jh7_HIB5lrGDnmsJSf2PS54ujarZXkwkP-L9Oz-HGWSPO3kgq8aFj3Bmp3XIxDxIrtM4nAJVlUnt3tyghphdm-BDKFKWPZ0HQ",
            "source": "Universe Today",
            "source_icon": "https://encrypted-tbn2.gstatic.com/faviconV2?url=https://www.universetoday.com&client=NEWS_360&size=96&type=FAVICON&fallback_opts=TYPE,SIZE,URL",
            "title": "SpaceX Shows Off Its New Extravehicular Activity Suit"
        },
        {
            "link": "https://news.google.com/articles/CBMiNmh0dHBzOi8vbmV1cm9zY2llbmNlbmV3cy5jb20vcmV2ZW5nZS1wc3ljaG9sb2d5LTI2MDk3L9IBAA?hl=en-US&gl=US&ceid=US%3Aen",
            "og": "https://encrypted-tbn3.gstatic.com/images?q=tbn:ANd9GcRHhK0N0NfnAX5f5l-zHN8n7GdY4SraiDHZy5vKZdOpq9za2pKtLy7WK08rkfx415U1LktadRhiamxUK061G5R4i8JfFmv94KHerd9w1NyXvXsHKQ",
            "source": "Neuroscience News",
            "source_icon": "https://encrypted-tbn2.gstatic.com/faviconV2?url=https://neurosciencenews.com&client=NEWS_360&size=96&type=FAVICON&fallback_opts=TYPE,SIZE,URL",
            "title": "Does Revenge Taste Sweet? New Study Challenges Assumptions"
        },
        {
            "link": "https://news.google.com/articles/CBMiYWh0dHBzOi8vd3d3LnRoZW5ld3MuY29tLnBrL2xhdGVzdC8xMTg4NjA0LW5hc2EtcmV2ZWFscy1yb2NrZXQtdGhhdC1jYW4tdHJhdmVsLXRvLW1hcnMtaW4tMi1tb250aHPSAV5odHRwczovL3d3dy50aGVuZXdzLmNvbS5way9hbXAvMTE4ODYwNC1uYXNhLXJldmVhbHMtcm9ja2V0LXRoYXQtY2FuLXRyYXZlbC10by1tYXJzLWluLTItbW9udGhz?hl=en-US&gl=US&ceid=US%3Aen",
            "og": "https://encrypted-tbn2.gstatic.com/images?q=tbn:ANd9GcR79xEBDMlQjtZQBJw55sM3IOhWx5mMgx7f3dF0nEt5S7gb3udbTHH8EdWqEKvDws6Ru1VEdk6g7PADsJU38yVJC0mnYL6dx7Q4AzQH9XUESB3HiA",
            "source": "The News International",
            "source_icon": "https://encrypted-tbn3.gstatic.com/faviconV2?url=https://www.thenews.com.pk&client=NEWS_360&size=96&type=FAVICON&fallback_opts=TYPE,SIZE,URL",
            "title": "Nasa reveals rocket that can travel to Mars in 2 months"
        },
        {
            "link": "https://news.google.com/articles/CBMiQWh0dHBzOi8vcGh5cy5vcmcvbmV3cy8yMDI0LTA1LXNjaWVudGlzdHMtdW5yYXZlbC1saWZlLWNvc21pYy5odG1s0gFAaHR0cHM6Ly9waHlzLm9yZy9uZXdzLzIwMjQtMDUtc2NpZW50aXN0cy11bnJhdmVsLWxpZmUtY29zbWljLmFtcA?hl=en-US&gl=US&ceid=US%3Aen",
            "og": "https://encrypted-tbn1.gstatic.com/images?q=tbn:ANd9GcSi7wsVT3LTJpqmGuKijyIUs8tk7ans3aJ1K-VHkJF-o-wC0jyGSlmg1CUfB4HuDO2L0BehSC8jIq_ka3-dyEB5_DKRVkGHnksSbCBQk89X3yHnJQ",
            "source": "Phys.org",
            "source_icon": "https://encrypted-tbn2.gstatic.com/faviconV2?url=https://phys.org&client=NEWS_360&size=96&type=FAVICON&fallback_opts=TYPE,SIZE,URL",
            "title": "Scientists help unravel life's cosmic beginnings"
        },
        {
            "link": "https://news.google.com/articles/CBMiYmh0dHBzOi8vd3d3LmlmbHNjaWVuY2UuY29tL3doYXQtZHItdmVyYS1ydWJpbi1zYXctaW4tc3BpcmFsLWdhbGF4aWVzLWNoYW5nZWQtcGh5c2ljcy1mb3JldmVyLTc0MTgx0gEA?hl=en-US&gl=US&ceid=US%3Aen",
            "og": "https://encrypted-tbn0.gstatic.com/images?q=tbn:ANd9GcTaNS9d5ZSWkRfCSxQnclmf09izJxAF6bAzPBxjWMLH-jMeqwFVuhdRcvxFc584iECPhFIgODvG-dnm3lPo6o-mO28VAP8bGeCvXAuEChyCqqeofw",
            "source": "IFLScience",
            "source_icon": "https://encrypted-tbn0.gstatic.com/faviconV2?url=https://www.iflscience.com&client=NEWS_360&size=96&type=FAVICON&fallback_opts=TYPE,SIZE,URL",
            "title": "What Dr Vera Rubin Saw In Spiral Galaxies Changed Physics Forever"
        },
        {
            "link": "https://news.google.com/articles/CBMidWh0dHBzOi8vc2NpdGVjaGRhaWx5LmNvbS9xdWFudHVtLW15c3Rlcnktc29sdmVkLXNjaWVudGlzdHMtc2hlZC1saWdodC1vbi1wZXJwbGV4aW5nLWhpZ2gtdGVtcGVyYXR1cmUtc3VwZXJjb25kdWN0b3JzL9IBAA?hl=en-US&gl=US&ceid=US%3Aen",
            "og": "https://encrypted-tbn3.gstatic.com/images?q=tbn:ANd9GcQO812osyHe22Qn-ij2pBw0pgDZEJg3N2KNzo_b4UCLmNVU8tjahenSSiNgZMmNg4B3msaG-Z2q6Dh_78rThMv7Unrvj1j-3AzHggtUFXQROwUM5A",
            "source": "SciTechDaily",
            "source_icon": "https://encrypted-tbn2.gstatic.com/faviconV2?url=https://scitechdaily.com&client=NEWS_360&size=96&type=FAVICON&fallback_opts=TYPE,SIZE,URL",
            "title": "Quantum Mystery Solved – Scientists Shed Light on Perplexing High-Temperature Superconductors"
        },
        {
            "link": "https://news.google.com/articles/CBMiUGh0dHBzOi8vaW50ZXJlc3RpbmdlbmdpbmVlcmluZy5jb20vaW5ub3ZhdGlvbi90cmFuc3BhcmVudC1nbGFzcy1iYW1ib28tZmlyZXByb29m0gEA?hl=en-US&gl=US&ceid=US%3Aen",
            "og": "https://encrypted-tbn1.gstatic.com/images?q=tbn:ANd9GcSFMI0xSzjae9VKji2gY__YvjBVyyHH0WYt9BdbREfQth_kxnmNUUlQ-vTRDGIAmu0sKtznO-2yYzA7npJpyYJxJtN6DxjmxUdte1DmcT58A5DoFw",
            "source": "Interesting Engineering",
            "source_icon": "https://encrypted-tbn3.gstatic.com/faviconV2?url=https://interestingengineering.com&client=NEWS_360&size=96&type=FAVICON&fallback_opts=TYPE,SIZE,URL",
            "title": "Scientists use bamboo to create transparent glass with fireproof power"
        },
        {
            "link": "https://news.google.com/articles/CBMiWWh0dHBzOi8vd3d3Lm5ld3Nlci5jb20vc3RvcnkvMzQ5OTY1L21heWFuLWludGVyY3JvcHBpbmctY291bGQtYmUta2V5LXRvLWZvb2Qtb24tbWFycy5odG1s0gEA?hl=en-US&gl=US&ceid=US%3Aen",
            "og": "https://encrypted-tbn2.gstatic.com/images?q=tbn:ANd9GcSZSrzYxeIBLZWWRuSjstfjF9zFejNXj57us1s3b5fci0iiQH6kOzGc_IERk_PUoxc",
            "source": "Newser",
            "source_icon": "https://encrypted-tbn2.gstatic.com/faviconV2?url=https://www.newser.com&client=NEWS_360&size=96&type=FAVICON&fallback_opts=TYPE,SIZE,URL",
            "title": "Mayan Intercropping Could Be Key to Food on Mars"
        },
        {
            "link": "https://news.google.com/articles/CBMiUmh0dHBzOi8vd3d3LnNlYXR0bGV0aW1lcy5jb20vbmF0aW9uLXdvcmxkL3dhcy10aGUtc3RvbmUtYWdlLWFjdHVhbGx5LXRoZS13b29kLWFnZS_SAQA?hl=en-US&gl=US&ceid=US%3Aen",
            "og": "https://encrypted-tbn1.gstatic.com/images?q=tbn:ANd9GcTvPrTo6InOhH8XUtgHWsN4lJH6Pf4IquRApuiDhjPjscnm2BZ71r4gk6i9cxBIvf6ZBhMxSocklp8eIsaHM59t4JeyuGIF8dnsGVhJaSjWDSKnsA",
            "source": "The Seattle Times",
            "source_icon": "https://encrypted-tbn1.gstatic.com/faviconV2?url=https://www.seattletimes.com&client=NEWS_360&size=96&type=FAVICON&fallback_opts=TYPE,SIZE,URL",
            "title": "Was the Stone Age actually the Wood Age?"
        },
        {
            "link": "https://news.google.com/articles/CBMiYWh0dHBzOi8vc2NpdGVjaGRhaWx5LmNvbS90aGUtY3JhdG9uLWVuaWdtYS1zY2llbnRpc3RzLXByb3Bvc2UtYS1uZXctY29udGluZW50YWwtZm9ybWF0aW9uLXRoZW9yeS_SAQA?hl=en-US&gl=US&ceid=US%3Aen",
            "og": "https://encrypted-tbn1.gstatic.com/images?q=tbn:ANd9GcQKhgIXPQMfZn4UVBQmrOrwevdRvrX0HhEttYtvD3pnc1xg1urhu7g8yMzmP4PBqeu2mIAUTg1wz_3TUXS00ttjsC3hXTPI0bS9kKRBJsCLRsMJaQ",
            "source": "SciTechDaily",
            "source_icon": "https://encrypted-tbn2.gstatic.com/faviconV2?url=https://scitechdaily.com&client=NEWS_360&size=96&type=FAVICON&fallback_opts=TYPE,SIZE,URL",
            "title": "The Craton Enigma: Scientists Propose a New Continental Formation Theory"
        },
        {
            "link": "https://news.google.com/articles/CBMipQFodHRwczovL3d3dy5kYWlseW1haWwuY28udWsvc2NpZW5jZXRlY2gvYXJ0aWNsZS0xMzQxMzExMy9OZXctY2hpbmNoaWxsYS1saWtlLW1hbW1hbC1kaXNjb3ZlcmVkLUNvbG9yYWRvLXByb3ZpZGVzLW5ldy1jbHVlcy1saWZlLWJvdW5jZWQtYXN0ZXJvaWQtd2lwZWQtZGlub3NhdXJzLmh0bWzSAakBaHR0cHM6Ly93d3cuZGFpbHltYWlsLmNvLnVrL3NjaWVuY2V0ZWNoL2FydGljbGUtMTM0MTMxMTMvYW1wL05ldy1jaGluY2hpbGxhLWxpa2UtbWFtbWFsLWRpc2NvdmVyZWQtQ29sb3JhZG8tcHJvdmlkZXMtbmV3LWNsdWVzLWxpZmUtYm91bmNlZC1hc3Rlcm9pZC13aXBlZC1kaW5vc2F1cnMuaHRtbA?hl=en-US&gl=US&ceid=US%3Aen",
            "og": "https://encrypted-tbn0.gstatic.com/images?q=tbn:ANd9GcQGlZrZTIA8Vj5_R-V0q_4wAZnaO5eKCR_zOJq83dTo1vHxeNYujwQabC6NxDN9AdXR4aIz_wZTF39opl8SHaVPeRDJyShQ8J0DYezM8_y5_Q8CLw",
            "source": "Daily Mail",
            "source_icon": "https://encrypted-tbn1.gstatic.com/faviconV2?url=https://www.dailymail.co.uk&client=NEWS_360&size=96&type=FAVICON&fallback_opts=TYPE,SIZE,URL",
            "title": "New chinchilla-like mammal discovered in Colorado provides new clues about how life bounced back after asteroi"
        },
        {
            "link": "https://news.google.com/articles/CBMiPWh0dHBzOi8vd3d3LmdlYXJwYXRyb2wuY29tL3dhdGNoZXMvZm9ydGlzLW5vdm9uYXV0LWFtYWRlZS0yNC_SAQA?hl=en-US&gl=US&ceid=US%3Aen",
            "og": "https://encrypted-tbn3.gstatic.com/images?q=tbn:ANd9GcRhH3u_2KEOfs3pb67fuJogswHtn4rNOJ-imPUqqlfuigqdIwHx_yq4I6BhDGi_VOdnQLvuBgrmHUVi1KIUwbi0-BrjzjZPeoXJeBPiUZC7vFjJDw",
            "source": "Gear Patrol",
            "source_icon": "https://encrypted-tbn1.gstatic.com/faviconV2?url=https://www.gearpatrol.com&client=NEWS_360&size=96&type=FAVICON&fallback_opts=TYPE,SIZE,URL",
            "title": "This Watch Was Designed to Go to Mars. It's Not What You Think"
        },
        {
            "link": "https://news.google.com/articles/CBMiQ2h0dHBzOi8vd3d3LnNwYWNlLmNvbS9hdG9tLXRyYW5zZm9ybXMtaW50by1xdWFudHVtLXdhdmUtc2Nocm9kaW5nZXLSAQA?hl=en-US&gl=US&ceid=US%3Aen",
            "og": "https://encrypted-tbn3.gstatic.com/images?q=tbn:ANd9GcR_Lyy7AsJs9k9l9Mjq40cdbz3a7beSnVGbecpkamyVYNcUNT3WlW1cEYbQrdaSgRDs1fntmIz7zNWC47hMY6nqW8P0",
            "source": "Space.com",
            "source_icon": "https://encrypted-tbn2.gstatic.com/faviconV2?url=https://www.space.com&client=NEWS_360&size=96&type=FAVICON&fallback_opts=TYPE,SIZE,URL",
            "title": "Stunning image shows atoms transforming into quantum waves — just as Schrödinger predicted"
        },
        {
            "link": "https://news.google.com/articles/CBMiU2h0dHBzOi8vd3d3LnVuaXZlcnNldG9kYXkuY29tLzE2Njk3MC90aGVzZS1yb2Nrcy1mb3JtZWQtaW4tYW4tYW5jaWVudC1sYWtlLW9uLW1hcnMv0gEA?hl=en-US&gl=US&ceid=US%3Aen",
            "og": "https://encrypted-tbn2.gstatic.com/images?q=tbn:ANd9GcRP-PwU38_qeC2_PkzUqWOeBFSEpD5YnUaB6qkUTyq90Js7uvkH4pPtJpSjkFv7oBs6vbZgwPotGWCmvq7JcCegtXwZM0nImOEnskrOZcRXbauDmg",
            "source": "Universe Today",
            "source_icon": "https://encrypted-tbn2.gstatic.com/faviconV2?url=https://www.universetoday.com&client=NEWS_360&size=96&type=FAVICON&fallback_opts=TYPE,SIZE,URL",
            "title": "These Rocks Formed in an Ancient Lake on Mars"
        },
        {
            "link": "https://news.google.com/articles/CBMiXmh0dHBzOi8vaGFja2FkYXkuY29tLzIwMjQvMDUvMTIvaXJjYi1zNzMtNy1zYXRlbGxpdGUtZm91bmQtYWZ0ZXItZ29pbmctdW50cmFja2VkLWZvci0yNS15ZWFycy_SAQA?hl=en-US&gl=US&ceid=US%3Aen",
            "og": "https://encrypted-tbn1.gstatic.com/images?q=tbn:ANd9GcRojyHzAXzCdR-jtVo6JPqkpqTj8hMPmD12YrhLV-dJXsUHpSVBWKlWaQj12Yeng1PAe43z7LiNUw7rk2v19so7VvNKNut63wh7i9v8NAePkn8Xgw",
            "source": "Hackaday",
            "source_icon": "https://encrypted-tbn2.gstatic.com/faviconV2?url=https://hackaday.com&client=NEWS_360&size=96&type=FAVICON&fallback_opts=TYPE,SIZE,URL",
            "title": "IRCB S73-7 Satellite Found After Going Untracked For 25 Years"
        },
        {
            "link": "https://news.google.com/articles/CBMiSWh0dHBzOi8vcGh5cy5vcmcvbmV3cy8yMDI0LTA1LXNjaWVudGlzdHMtaHVnZS1tYWduZXRpYy10b3JvaWRzLW1pbGt5Lmh0bWzSAUhodHRwczovL3BoeXMub3JnL25ld3MvMjAyNC0wNS1zY2llbnRpc3RzLWh1Z2UtbWFnbmV0aWMtdG9yb2lkcy1taWxreS5hbXA?hl=en-US&gl=US&ceid=US%3Aen",
            "og": "https://encrypted-tbn2.gstatic.com/images?q=tbn:ANd9GcSOPx54QWJ6zM1nwAcu_q69WuFNIFQDhvAUA8K_UGrXSlZ46JCNRhUHh2TLWOGkjopucNaBMTYtDiHc4MjviG89l7aELl3Bp0KHLq_TSJFgA1_l4g",
            "source": "Phys.org",
            "source_icon": "https://encrypted-tbn2.gstatic.com/faviconV2?url=https://phys.org&client=NEWS_360&size=96&type=FAVICON&fallback_opts=TYPE,SIZE,URL",
            "title": "Scientists discover huge magnetic toroids in the Milky Way halo"
        },
        {
            "link": "https://news.google.com/articles/CBMiPWh0dHBzOi8vcGh5cy5vcmcvbmV3cy8yMDI0LTA1LWVsZWN0cm9uLXZvcnRpY2VzLWdyYXBoZW5lLmh0bWzSATxodHRwczovL3BoeXMub3JnL25ld3MvMjAyNC0wNS1lbGVjdHJvbi12b3J0aWNlcy1ncmFwaGVuZS5hbXA?hl=en-US&gl=US&ceid=US%3Aen",
            "og": "https://encrypted-tbn0.gstatic.com/images?q=tbn:ANd9GcS-vhjTcZzArUU-o7enL0YUm-Ocwb3A8ZKYqoqydpZJq_aWzhPdHazOkl7P7lwoHvWRGkXYVeHmS4ZE2I86mv8fgifm_Kduh_H5JVSPxD6sXRAMFA",
            "source": "Phys.org",
            "source_icon": "https://encrypted-tbn2.gstatic.com/faviconV2?url=https://phys.org&client=NEWS_360&size=96&type=FAVICON&fallback_opts=TYPE,SIZE,URL",
            "title": "Electron vortices in graphene detected for the first time"
        },
        {
            "link": "https://news.google.com/articles/CBMiW2h0dHBzOi8vaGFja2FkYXkuY29tLzIwMjQvMDUvMTMveW91dmUtcHJvYmFibHktbmV2ZXItY29uc2lkZXJlZC10YWtpbmctYW4tYWlyc2hpcC10by1vcmJpdC_SAQA?hl=en-US&gl=US&ceid=US%3Aen",
            "og": "https://encrypted-tbn2.gstatic.com/images?q=tbn:ANd9GcRQKwymChydQNT0AwYPT-Mqna_Wo2s_-IvKMRdVC8wHitgEYW6MdbfQRctb9KGnXpCjhTUn0Uku0hGWJNFAj-1DFjXLRDWWaJz4ocK0Rl1_Jnvjvw",
            "source": "Hackaday",
            "source_icon": "https://encrypted-tbn2.gstatic.com/faviconV2?url=https://hackaday.com&client=NEWS_360&size=96&type=FAVICON&fallback_opts=TYPE,SIZE,URL",
            "title": "You've Probably Never Considered Taking An Airship To Orbit"
        },
        {
            "link": "https://news.google.com/articles/CBMiamh0dHBzOi8vdGhlZGVicmllZi5vcmcvc3Rhci13YXJzLXRhdG9vaW5lLXN0eWxlLXBsYW5ldC13aXRoLXR3by1zdW5zLWZvdW5kLW9yYml0aW5nLWluLXRoZS1oYWJpdGFibGUtem9uZS_SAQA?hl=en-US&gl=US&ceid=US%3Aen",
            "og": "https://encrypted-tbn2.gstatic.com/images?q=tbn:ANd9GcSEsanLhhL4tY9nO89razT6T5yoffd7e8Dl5BgG32hXiSS-glNj3-pjowUrIYbmb9EdIs8fkvLPUdJI81tQC2J8wHho9I6Z5kEryRRflVq415B4SA",
            "source": "The Debrief",
            "source_icon": "https://encrypted-tbn2.gstatic.com/faviconV2?url=https://thedebrief.org&client=NEWS_360&size=96&type=FAVICON&fallback_opts=TYPE,SIZE,URL",
            "title": "Star Wars Tatooine-Style Planet with Two Suns Found Orbiting in the Habitable Zone"
        },
        {
            "link": "https://news.google.com/articles/CBMiPGh0dHBzOi8vd3d3LmJsb29tYmVyZy5jb20vZmVhdHVyZXMvMjAyNC1tb29uLXJhY2UtZXhwbGFpbmVkL9IBAA?hl=en-US&gl=US&ceid=US%3Aen",
            "og": "https://encrypted-tbn1.gstatic.com/images?q=tbn:ANd9GcRyfNobPs3bfokMpbTnrTD4uR4POaBhpj4v_a-u_tuL2v0hVAaN1mK4hyzm7Q-4z5I",
            "source": "Bloomberg",
            "source_icon": "https://encrypted-tbn1.gstatic.com/faviconV2?url=https://www.bloomberg.com&client=NEWS_360&size=96&type=FAVICON&fallback_opts=TYPE,SIZE,URL",
            "title": "Why the World Wants to Get Back to the Moon"
        },
        {
            "link": "https://news.google.com/articles/CBMiOWh0dHBzOi8vd3d3LnluZXRuZXdzLmNvbS9oZWFsdGhfc2NpZW5jZS9hcnRpY2xlL2hqOHp1dDE3ctIBAA?hl=en-US&gl=US&ceid=US%3Aen",
            "og": "https://encrypted-tbn0.gstatic.com/images?q=tbn:ANd9GcST953GD3gV9jMjkofSFfxy-1o2GGLeHdgLc31ahZyf-MGn4LhE_v08AbwgIMKHNd_kvfYFH1_rbWcTIJ7GexEQ",
            "source": "Ynetnews",
            "source_icon": "https://encrypted-tbn1.gstatic.com/faviconV2?url=https://www.ynetnews.com&client=NEWS_360&size=96&type=FAVICON&fallback_opts=TYPE,SIZE,URL",
            "title": "European Space Agency refuses to name Israeli in sensational discovery"
        },
        {
            "link": "https://news.google.com/articles/CBMid2h0dHBzOi8vd3d3LnNhbG9uLmNvbS8yMDI0LzA1LzEzL2lzLW1vc3QtdG8tZm9yLWNsaW1hdGUtY2hhbmdlLXJlZ2FyZGxlc3Mtb2YtdGhlLWFuc3dlci1nbG9iYWwtY29vcGVyYXRpb24taXMtY3JpdGljYWwv0gEA?hl=en-US&gl=US&ceid=US%3Aen",
            "og": "https://encrypted-tbn1.gstatic.com/images?q=tbn:ANd9GcTej6LrxCg7ZkIXJL4no_viBRBZ7mprYPcgGq4wj0LJqn4dtaJSbCL0_lpDW964G98cAmRJDLtHCG-RKpxwiGQjn7S_J1KeB6wt5o_AdWyqoxqEew",
            "source": "Salon",
            "source_icon": "https://encrypted-tbn1.gstatic.com/faviconV2?url=https://www.salon.com&client=NEWS_360&size=96&type=FAVICON&fallback_opts=TYPE,SIZE,URL",
            "title": "Who is most to blame for climate change? Regardless of the answer, global cooperation is critical"
        },
        {
            "link": "https://news.google.com/articles/CBMiQ2h0dHBzOi8vd3d3Lm5ld3NuYXRpb25ub3cuY29tL3NjaWVuY2UvZWFydGgtcGxhdGUtdGVjdG9uaWNzLXRoZW9yeS_SAUdodHRwczovL3d3dy5uZXdzbmF0aW9ubm93LmNvbS9zY2llbmNlL2VhcnRoLXBsYXRlLXRlY3Rvbmljcy10aGVvcnkvYW1wLw?hl=en-US&gl=US&ceid=US%3Aen",
            "og": "https://encrypted-tbn1.gstatic.com/images?q=tbn:ANd9GcQdnT7NVr_O07xpqf0mdvEaziADtzZnGkWIMFqJF2YWdxrCuktnySwNak8ycJEl9BJYLUEJWM-8a1-BTD4kjteS4IRVUHc66bMUMNX8",
            "source": "NewsNation Now",
            "source_icon": "https://encrypted-tbn2.gstatic.com/faviconV2?url=https://www.newsnationnow.com&client=NEWS_360&size=96&type=FAVICON&fallback_opts=TYPE,SIZE,URL",
            "title": "Scientists offer new theory on the origin of plate tectonics"
        },
        {
            "link": "https://news.google.com/articles/CBMiiwFodHRwczovL3d3dy5saXZlc2NpZW5jZS5jb20vdGVjaG5vbG9neS9hcnRpZmljaWFsLWludGVsbGlnZW5jZS9taXQtZ2l2ZXMtYWktdGhlLXBvd2VyLXRvLXJlYXNvbi1saWtlLWh1bWFucy1ieS1jcmVhdGluZy1oeWJyaWQtYXJjaGl0ZWN0dXJl0gEA?hl=en-US&gl=US&ceid=US%3Aen",
            "og": "https://encrypted-tbn3.gstatic.com/images?q=tbn:ANd9GcSDAjrJNvGCS2TlQPHec9ugEfWK5IgZwLiFreXAVC95w1bbsvS6BLqM5nFYI4pG6UexQjRFFyeG_wFHuYre8FTTtpJgObW08HNnxTl6UIzRB82YHg",
            "source": "Livescience.com",
            "source_icon": "https://encrypted-tbn2.gstatic.com/faviconV2?url=https://www.livescience.com&client=NEWS_360&size=96&type=FAVICON&fallback_opts=TYPE,SIZE,URL",
            "title": "MIT gives AI the power to 'reason like humans' by creating hybrid architecture"
        },
        {
            "link": "https://news.google.com/articles/CBMiXWh0dHBzOi8vc2NpdGVjaGRhaWx5LmNvbS9xdWFudHVtLWJyZWFrdGhyb3VnaC1hcy1taXQtYWNoaWV2ZXMtdW5wcmVjZWRlbnRlZC1hdG9taWMtcHJveGltaXR5L9IBAA?hl=en-US&gl=US&ceid=US%3Aen",
            "og": "https://encrypted-tbn1.gstatic.com/images?q=tbn:ANd9GcQ0NTYzKqsjX-y-SQZEo9vZ7ymYLsDuU-JRt_r2O8fNME96WelOrVwk9Qel6UPgBc4PEE3j6ReyLYA4zlQo3OQRi3RDRiYxWDDFCdhaGXhUUASYVQ",
            "source": "SciTechDaily",
            "source_icon": "https://encrypted-tbn2.gstatic.com/faviconV2?url=https://scitechdaily.com&client=NEWS_360&size=96&type=FAVICON&fallback_opts=TYPE,SIZE,URL",
            "title": "Quantum Breakthrough As MIT Achieves Unprecedented Atomic Proximity"
        },
        {
            "link": "https://news.google.com/articles/CBMiO2h0dHBzOi8vd3d3LnRoZXJlZ2lzdGVyLmNvbS8yMDI0LzA1LzEzL3Rvb3RoX3JlZ3Jvd3RoX2RydWcv0gE_aHR0cHM6Ly93d3cudGhlcmVnaXN0ZXIuY29tL0FNUC8yMDI0LzA1LzEzL3Rvb3RoX3JlZ3Jvd3RoX2RydWcv?hl=en-US&gl=US&ceid=US%3Aen",
            "og": "https://encrypted-tbn1.gstatic.com/images?q=tbn:ANd9GcRYHZiM90m7Vi3xlkJDvMjS4Vzz9kOh8GYVaVpA_Ly53dqbLHUZ4Eayofm34293aH0",
            "source": "The Register",
            "source_icon": "https://encrypted-tbn1.gstatic.com/faviconV2?url=https://www.theregister.com&client=NEWS_360&size=96&type=FAVICON&fallback_opts=TYPE,SIZE,URL",
            "title": "Japanese scientists propose drug to regrow teeth, promise trials won't bite"
        },
        {
            "link": "https://news.google.com/articles/CBMiT2h0dHBzOi8vd3d3LmhvbWVzYW5kZ2FyZGVucy5jb20vZ2FyZGVucy9ob3ctdG8tdHJhaW4tYW5kLXRpZS1pbi13aXN0ZXJpYS1zaG9vdHPSAQA?hl=en-US&gl=US&ceid=US%3Aen",
            "og": "https://encrypted-tbn3.gstatic.com/images?q=tbn:ANd9GcREgGJH7ywx0DDuWTzaEgpUxZSJDmnPVDIjZLNSiHkgZLQtjzxYoJgLAyaCMAFsynNUh5Ayncaj6d_dBR8mABF12vkqwgChxOsR8bUakzOMQSnVjA",
            "source": "Homes & Gardens",
            "source_icon": "https://encrypted-tbn2.gstatic.com/faviconV2?url=https://www.homesandgardens.com&client=NEWS_360&size=96&type=FAVICON&fallback_opts=TYPE,SIZE,URL",
            "title": "How to train and tie in wisteria shoots – expert advice for this sweet-smelling vine"
        },
        {
            "link": "https://news.google.com/articles/CBMiXGh0dHBzOi8vYXJzdGVjaG5pY2EuY29tL3NjaWVuY2UvMjAyNC8wNS9tb25zdGVyLWdhbGFjdGljLW91dGZsb3ctcG93ZXJlZC1ieS1leHBsb2Rpbmctc3RhcnMv0gEA?hl=en-US&gl=US&ceid=US%3Aen",
            "og": "https://encrypted-tbn1.gstatic.com/images?q=tbn:ANd9GcRco7rl0o9TxT8_ch6xpM9PRWXS6SyXa4UlQX95dPbPzAvZrkPN5cLPIY_Se1xu4TQIcCeYNm6R6kScf0Smv1E8H68KPy8YxqaSDgq9cC1iD_zGEg",
            "source": "Ars Technica",
            "source_icon": "https://encrypted-tbn0.gstatic.com/faviconV2?url=https://arstechnica.com&client=NEWS_360&size=96&type=FAVICON&fallback_opts=TYPE,SIZE,URL",
            "title": "Monster galactic outflow powered by exploding stars"
        },
        {
            "link": "https://news.google.com/articles/CBMiP2h0dHBzOi8vZWFydGhza3kub3JnL3NwYWNlL3JhcmUtbmV1dHJpbm9zLWRldGVjdGVkLWljZWN1YmUtdGF1L9IBAA?hl=en-US&gl=US&ceid=US%3Aen",
            "og": "https://encrypted-tbn0.gstatic.com/images?q=tbn:ANd9GcRKyiVPwi6P2cGruVGjUqmEEGJHeqIESmaKEAWIVBmEnVs58r1hHANnZAfg_Lgl5rI0Jg3C54K56GeNSz0_0bY9vzpiLp7tIeR71jlnKXjOk2bZ8g",
            "source": "EarthSky",
            "source_icon": "https://encrypted-tbn0.gstatic.com/faviconV2?url=https://earthsky.org&client=NEWS_360&size=96&type=FAVICON&fallback_opts=TYPE,SIZE,URL",
            "title": "Rare neutrinos detected from under Antarctic ice"
        },
        {
            "link": "https://news.google.com/articles/CBMiX2h0dHBzOi8vd3d3LnNjaWVuY2VhbGVydC5jb20vcGh5c2ljaXN0cy1kZXRlY3QtaGludHMtb2YtYS1teXN0ZXJpb3VzLXBhcnRpY2xlLWNhbGxlZC1hLWdsdWViYWxs0gEA?hl=en-US&gl=US&ceid=US%3Aen",
            "og": "https://encrypted-tbn3.gstatic.com/images?q=tbn:ANd9GcRX7a290dLN1ppPc0ixC90STyjQo5poEduL02yjq82MAp5e5RW4iQbqNVsSoOJa3U2YY9Xnah13fwNDoA5sdyct7QXKqf5SkCaej_gH4zitkvWPhA",
            "source": "ScienceAlert",
            "source_icon": "https://encrypted-tbn2.gstatic.com/faviconV2?url=https://www.sciencealert.com&client=NEWS_360&size=96&type=FAVICON&fallback_opts=TYPE,SIZE,URL",
            "title": "Physicists Detect Hints of a Mysterious Particle Called a 'Glueball'"
        },
        {
            "link": "https://news.google.com/articles/CBMiTmh0dHBzOi8vdGhlcmVhZGVyLm1pdHByZXNzLm1pdC5lZHUvdGhlLWNvbGxhcHNlLWlzLWNvbWluZy13aWxsLWh1bWFuaXR5LWFkYXB0L9IBAA?hl=en-US&gl=US&ceid=US%3Aen",
            "og": "https://encrypted-tbn2.gstatic.com/images?q=tbn:ANd9GcTizO6cOXGVYi8ZhfbfEoraA2SjcE9o0GtfJbSS2OiC0p3_pdP4ZDqD1iZpe5ry6Q6uxzM-ep6cqETZ_vuftpzksYMMBNHreJgBbCM9BLSlqtCzeQ",
            "source": "The MIT Press Reader",
            "source_icon": "https://encrypted-tbn2.gstatic.com/faviconV2?url=https://thereader.mitpress.mit.edu&client=NEWS_360&size=96&type=FAVICON&fallback_opts=TYPE,SIZE,URL",
            "title": "The Collapse Is Coming. Will Humanity Adapt?"
        },
        {
            "link": "https://news.google.com/articles/CBMiZWh0dHBzOi8vd3d3LnNjaWVuY2VhbGVydC5jb20vYXN0cm9ub21lcnMtZmluYWxseS1zb2x2ZS1teXN0ZXJ5LW9mLXN0YXItdmlvbGVudGx5LWVydXB0aW5nLWZvci1kZWNhZGVz0gEA?hl=en-US&gl=US&ceid=US%3Aen",
            "og": "https://encrypted-tbn3.gstatic.com/images?q=tbn:ANd9GcQZK0wHjEvgSGydERveu0FD4a432ZI0kgzu_T-FJrIM4CMRxGGQcIBQ8I60sSMyPcahNygBJUe5W_e2eo4j_rSCPhGFQZxpNpc775mbal7SUgZxQw",
            "source": "ScienceAlert",
            "source_icon": "https://encrypted-tbn2.gstatic.com/faviconV2?url=https://www.sciencealert.com&client=NEWS_360&size=96&type=FAVICON&fallback_opts=TYPE,SIZE,URL",
            "title": "Astronomers Finally Solve Mystery of Star Violently Erupting For Decades"
        }
    ],
    "Sports": [
        {
            "link": "https://news.google.com/articles/CBMiWWh0dHBzOi8vd3d3LmVzcG4uY29tL25iYS9zdG9yeS9fL2lkLzQwMTQzMTYyL3RodW5kZXItcmFsbHktbWF2cy1maW5hbC1taW51dGVzLWV2ZW4tc2VyaWVz0gEA?hl=en-US&gl=US&ceid=US%3Aen",
            "og": "https://encrypted-tbn0.gstatic.com/images?q=tbn:ANd9GcQU3QFi3v3Xbslm06iPmWAD-IHmYie89ILeiBR8a5ud8pkVuNwfT0nOv3VFmPUJFlPJtxUp1ev5O7kBVhI6UthC",
            "source": "ESPN",
            "source_icon": "https://encrypted-tbn2.gstatic.com/faviconV2?url=https://www.espn.com&client=NEWS_360&size=96&type=FAVICON&fallback_opts=TYPE,SIZE,URL",
            "title": "Shai Gilgeous-Alexander rallies Thunder to Game 4 win vs. Mavs"
        },
        {
            "link": "https://news.google.com/articles/CBMiUmh0dHBzOi8vYXBuZXdzLmNvbS9hcnRpY2xlL2xlYnJvbi1qYW1lcy1jYXZhbGllcnMtMGFjN2E2Mjk1ZGQ5MmJiMmMzNTE2NzlmNGZhMjRmMWPSAQA?hl=en-US&gl=US&ceid=US%3Aen",
            "og": "https://encrypted-tbn1.gstatic.com/images?q=tbn:ANd9GcTvDXLP6AwugTtUbbGVHI1ipvyterVWzeHCsveqDXJzjjH1_5IBTELFjdWJJz1TKkZ0JY_MC1IE2jLBD3g0wCQiCNtb7yRLVUWiPdXWn7X6ZX-b9A",
            "source": "The Associated Press",
            "source_icon": "https://encrypted-tbn2.gstatic.com/faviconV2?url=https://apnews.com&client=NEWS_360&size=96&type=FAVICON&fallback_opts=TYPE,SIZE,URL",
            "title": "LeBron James attends Game 4 between Celtics and Cavaliers in Cleveland, his old stomping grounds"
        },
        {
            "link": "https://news.google.com/articles/CBMigQFodHRwczovL255cG9zdC5jb20vMjAyNC8wNS8xMy9waG90b3MvcGFtcGVyZWQtcG9vY2hlcy1hcnJpdmUtaW4tbnljLWZvci10aGUtMTQ4dGgtYW5udWFsLXdlc3RtaW5zdGVyLWtlbm5lbC1jbHViLWRvZy1zaG93LXBob3Rvcy_SAYUBaHR0cHM6Ly9ueXBvc3QuY29tLzIwMjQvMDUvMTMvcGhvdG9zL3BhbXBlcmVkLXBvb2NoZXMtYXJyaXZlLWluLW55Yy1mb3ItdGhlLTE0OHRoLWFubnVhbC13ZXN0bWluc3Rlci1rZW5uZWwtY2x1Yi1kb2ctc2hvdy1waG90b3MvYW1wLw?hl=en-US&gl=US&ceid=US%3Aen",
            "og": "https://encrypted-tbn0.gstatic.com/images?q=tbn:ANd9GcRN9cwfgU1tbqSDXSAk-3DVHa1UscCJhp5DuNMUcSPLlbAnxyDyuhs_NxzZrZiDC9A1CfG01LD0wjgtB2qZd1qbgyRPw2TuAMMmyfarOUcDZ_mD2g",
            "source": "New York Post",
            "source_icon": "https://encrypted-tbn3.gstatic.com/faviconV2?url=https://nypost.com&client=NEWS_360&size=96&type=FAVICON&fallback_opts=TYPE,SIZE,URL",
            "title": "Pampered pooches arrive in NYC for the 148th Annual Westminster Kennel Club Dog Show: photos"
        },
        {
            "link": "https://news.google.com/articles/CBMidGh0dHBzOi8vd3d3LnByaWRlb2ZkZXRyb2l0LmNvbS8yMDI0LzUvMTMvMjQxNTU5NzMvdmlkZW8tZGV0cm9pdC1saW9ucy1xdWFydGVyYmFjay1qYXJlZC1nb2ZmLXBhaWQtY29udHJhY3QtZXh0ZW5zaW9u0gEA?hl=en-US&gl=US&ceid=US%3Aen",
            "og": "https://encrypted-tbn3.gstatic.com/images?q=tbn:ANd9GcS615nNZg5lEUEoAJvP6T-FP1QVHvbS0WfrIjnH5JWCaNv3f_USAfdY9qkBUtscncEBuYmnzt7UlKNPI1Gi4BA5C4ygM336VKDeES3ECRp37X1v1Q",
            "source": "Pride Of Detroit",
            "source_icon": "https://encrypted-tbn1.gstatic.com/faviconV2?url=https://www.prideofdetroit.com&client=NEWS_360&size=96&type=FAVICON&fallback_opts=TYPE,SIZE,URL",
            "title": "Instant reactions to Detroit Lions quarterback Jared Goff getting PAID"
        },
        {
            "link": "https://news.google.com/articles/CBMinAFodHRwczovL3d3dy5wZ2F0b3VyLmNvbS9hcnRpY2xlL25ld3MvcG93ZXItcmFua2luZ3MvMjAyNC8wNS8xMy9wb3dlci1yYW5raW5ncy1wZ2EtY2hhbXBpb25zaGlwLXZhbGhhbGxhLWdvbGYtY2x1Yi10aWdlci13b29kcy1zY290dGllLXNjaGVmZmxlci1yb3J5LW1jaWxyb3nSAQA?hl=en-US&gl=US&ceid=US%3Aen",
            "og": "https://encrypted-tbn2.gstatic.com/images?q=tbn:ANd9GcQslY4o_XhXlufKiw45aUNAmwkEBlxN1uldw_VoBLvq0IG8R1GnBOhI679yjwba4po0Ss46qxAZusLCaPsoNYdn",
            "source": "PGA TOUR",
            "source_icon": "https://encrypted-tbn2.gstatic.com/faviconV2?url=https://www.pgatour.com&client=NEWS_360&size=96&type=FAVICON&fallback_opts=TYPE,SIZE,URL",
            "title": "Power Rankings: PGA Championship - PGA TOUR"
        },
        {
            "link": "https://news.google.com/articles/CBMiU2h0dHBzOi8vYXRobG9uc3BvcnRzLmNvbS9uZmwvY293Ym95cy1mYW5zLXJpcHBpbmctdG9tLWJyYWR5LWFmdGVyLWRhay1wcmVzY290dC10YWtl0gEA?hl=en-US&gl=US&ceid=US%3Aen",
            "og": "https://encrypted-tbn3.gstatic.com/images?q=tbn:ANd9GcQlrQZvXSfg6pEPokWD8RhtiHstK7-wLjLTE613blTGdMgnh0EEoAr0iJFqOYklVmEQcw_wzwvEjeYwsO_XwF95Xw5ilZJZhv7qbqPvbzmbFydC8A",
            "source": "Athlon Sports",
            "source_icon": "https://encrypted-tbn3.gstatic.com/faviconV2?url=https://athlonsports.com&client=NEWS_360&size=96&type=FAVICON&fallback_opts=TYPE,SIZE,URL",
            "title": "Cowboys Fans Are Ripping Tom Brady After Dak Prescott Take"
        },
        {
            "link": "https://news.google.com/articles/CBMiWGh0dHBzOi8vd3d3LmRlbnZlcnBvc3QuY29tLzIwMjQvMDUvMTQvYXZhbGFuY2hlLW5pY2h1c2hraW4tcGxheWVycy1zaG9jay1kaXNhcHBvaW50bWVudC_SAVxodHRwczovL3d3dy5kZW52ZXJwb3N0LmNvbS8yMDI0LzA1LzE0L2F2YWxhbmNoZS1uaWNodXNoa2luLXBsYXllcnMtc2hvY2stZGlzYXBwb2ludG1lbnQvYW1wLw?hl=en-US&gl=US&ceid=US%3Aen",
            "og": "https://encrypted-tbn1.gstatic.com/images?q=tbn:ANd9GcRu7tl67zTUdBtEVtjE5yFElnPTkbnslM4ZYK1UyhZScXuvCKLO_RjKrJK_ck3iUTpwzJp7Bi_dYagStEGYItE7NUxORTXqQxchCvXD42V0m4_2ww",
            "source": "The Denver Post",
            "source_icon": "https://encrypted-tbn0.gstatic.com/faviconV2?url=https://www.denverpost.com&client=NEWS_360&size=96&type=FAVICON&fallback_opts=TYPE,SIZE,URL",
            "title": "Avalanche players express shock, disappointment in Valeri Nichushkin news: “He made his decisions”"
        },
        {
            "link": "https://news.google.com/articles/CBMif2h0dHBzOi8vd3d3LnVzYXRvZGF5LmNvbS9zdG9yeS9zcG9ydHMvYm94aW5nLzIwMjQvMDUvMTMvamFrZS1wYXVsLW1pa2UtdHlzb24tbWVldC1wcmVzcy1jb25mZXJlbmNlLXByb21vdGluZy1maWdodC83MzY3NDk3MTAwNy_SAQA?hl=en-US&gl=US&ceid=US%3Aen",
            "og": "https://encrypted-tbn2.gstatic.com/images?q=tbn:ANd9GcRRzEP1eccVDRLC21T5gA8AWOFbsF22pNbDRYXTtLZVh6Nw2dMbTGvlo_teddS1uSDu3qwQ1AAwzjrZuSPh87tzf96l4q6XYhr4TBf6bayYYtiefQ",
            "source": "USA TODAY",
            "source_icon": "https://encrypted-tbn0.gstatic.com/faviconV2?url=https://www.usatoday.com&client=NEWS_360&size=96&type=FAVICON&fallback_opts=TYPE,SIZE,URL",
            "title": "Jake Paul, Mike Tyson meet at press conference promoting their fight"
        },
        {
            "link": "https://news.google.com/articles/CBMihgFodHRwczovL3d3dy5iYWx0aW1vcmViZWF0ZG93bi5jb20vMjAyNC81LzEzLzI0MTU1NjE0L3N0YWZmLXJlYWN0aW9ucy1yYXZlbnMtdG8tcGxheS1uZmwta2lja29mZi1nYW1lLXZzLWNoaWVmcy13ZWVrLTEtbmZsLWtpY2tvZmYtMjAyNNIBAA?hl=en-US&gl=US&ceid=US%3Aen",
            "og": "https://encrypted-tbn3.gstatic.com/images?q=tbn:ANd9GcSKigZZVhEFrZwzvZHdV3aRHi8QrDzs2KtSUyiDsKQF2z8zyZuQb14liCpgt4SEAYtYXTq7EPOIrGVPHyt__rh9nQhqpcHRB2hpg3s0MAWJAhfYXg",
            "source": "Baltimore Beatdown",
            "source_icon": "https://encrypted-tbn3.gstatic.com/faviconV2?url=https://www.baltimorebeatdown.com&client=NEWS_360&size=96&type=FAVICON&fallback_opts=TYPE,SIZE,URL",
            "title": "Reacting to the Ravens vs. Chiefs Week 1 NFL Kickoff game"
        },
        {
            "link": "https://news.google.com/articles/CBMiaGh0dHBzOi8vd3d3LmVzcG4uY29tL25obC9zdG9yeS9fL2lkLzQwMTQyNzUzL25ldy15b3JrLXJhbmdlcnMtZmFpbC1jbG9zZS1jYXJvbGluYS1odXJyaWNhbmVzLWdhbWUtNS1ob21l0gEA?hl=en-US&gl=US&ceid=US%3Aen",
            "og": "https://encrypted-tbn2.gstatic.com/images?q=tbn:ANd9GcSmc7wI7Rk5Gmb2-Qv-XhjAOcYmNb8pxAf1tXB2ljF0iwIkthkkQ0KlbJgZU7oXTL0n1oKGzfSRZ8WM996nDn7q",
            "source": "ESPN",
            "source_icon": "https://encrypted-tbn2.gstatic.com/faviconV2?url=https://www.espn.com&client=NEWS_360&size=96&type=FAVICON&fallback_opts=TYPE,SIZE,URL",
            "title": "Rangers fail to close out Hurricanes in Game 5 at home"
        },
        {
            "link": "https://news.google.com/articles/CBMiZWh0dHBzOi8vd3d3Lmhvb3BzcnVtb3JzLmNvbS8yMDI0LzA1L3NvdXRoZWFzdC1ub3Rlcy1oYXdrcy1kcmFmdC15b3VuZy1tdXJyYXktd3JpZ2h0LW1pbGxzLWluZ3JhbS5odG1s0gEA?hl=en-US&gl=US&ceid=US%3Aen",
            "og": "https://encrypted-tbn0.gstatic.com/images?q=tbn:ANd9GcSe18i4JVGho5P2alHpVtOYuQRiUXJo5NjNnbVPQgVCtj3diKNtFLloiVKSKh27AWukIznLoebT7JL844o4zqcPdxiFJW4X4CnR7NA0AmjYaRbTOw",
            "source": "hoopsrumors.com",
            "source_icon": "https://encrypted-tbn3.gstatic.com/faviconV2?url=https://www.hoopsrumors.com&client=NEWS_360&size=96&type=FAVICON&fallback_opts=TYPE,SIZE,URL",
            "title": "Southeast Notes: Hawks Draft, Young, Murray, Wright, Mills, Ingram"
        },
        {
            "link": "https://news.google.com/articles/CBMiamh0dHBzOi8vd3d3LmhvcnNlcmFjaW5nbmF0aW9uLmNvbS9uZXdzL1ByZWFrbmVzc18yMDI0X2RyYXdfUG9zdF9wb3NpdGlvbnNfb2Rkc19mb3JfU2F0dXJkYXlfYXRfUGltbGljb18xMjPSAWpodHRwczovL2FtcC5ob3JzZXJhY2luZ25hdGlvbi5jb20vbmV3cy9QcmVha25lc3NfMjAyNF9kcmF3X1Bvc3RfcG9zaXRpb25zX29kZHNfZm9yX1NhdHVyZGF5X2F0X1BpbWxpY29fMTIz?hl=en-US&gl=US&ceid=US%3Aen",
            "og": "https://encrypted-tbn2.gstatic.com/images?q=tbn:ANd9GcQ9IEao7z0EgWjRoUFjxIDnMZ_xwzNhF6_eAVyP2vGxDCUpRy7Hx5j4VpTcuMFe63VJ1T7C4uo7GKQMSOMevxV1WQSgiW33fLY0kYurnqCEbrX66A",
            "source": "Horse Racing Nation",
            "source_icon": "https://encrypted-tbn0.gstatic.com/faviconV2?url=https://www.horseracingnation.com&client=NEWS_360&size=96&type=FAVICON&fallback_opts=TYPE,SIZE,URL",
            "title": "Preakness 2024 draw: Posts, odds for Saturday at Pimlico"
        },
        {
            "link": "https://news.google.com/articles/CBMiUGh0dHBzOi8vd3d3Lm5iY25ld3MuY29tL25ld3Mvc3BvcnRzL2xpc2EtYmx1ZGVyLXJldGlyZXMtaW93YS1oYXdrZXllcy1yY25hMTUyMTAw0gEraHR0cHM6Ly93d3cubmJjbmV3cy5jb20vbmV3cy9hbXAvcmNuYTE1MjEwMA?hl=en-US&gl=US&ceid=US%3Aen",
            "og": "https://encrypted-tbn1.gstatic.com/images?q=tbn:ANd9GcQk3v_yLt4oLZhiWnrK2UjNDMw41MDOa07nDpr0aZCzrKmT6KN9xHNRanwARXtR05aTWketXzHv2rW1MIYyQ8pZQxwcyCDQa0gpQXhTnMdFz3dj4Q",
            "source": "NBC News",
            "source_icon": "https://encrypted-tbn1.gstatic.com/faviconV2?url=https://www.nbcnews.com&client=NEWS_360&size=96&type=FAVICON&fallback_opts=TYPE,SIZE,URL",
            "title": "Lisa Bluder retires after Clark-led Iowa teams reach last 2 NCAA title games"
        },
        {
            "link": "https://news.google.com/articles/CBMic2h0dHBzOi8vd3d3LnNwb3J0c21lZGlhd2F0Y2guY29tLzIwMjQvMDUvZnJpZGF5LTUtMTAtc3BvcnRzLXZpZXdlcnNoaXAtbnVnZ2V0cy10aW1iZXJ3b2x2ZXMtdmlld2Vyc2hpcC1uYmEtbmhsLXBnYS_SAQA?hl=en-US&gl=US&ceid=US%3Aen",
            "og": "https://encrypted-tbn1.gstatic.com/images?q=tbn:ANd9GcQ_ZRwScVin_lchNi2lw5H3kaPQwC7Rk1pz6XBIsiG_4w34JaWa-z2hJ3uBSEvxB0Ei5RiKMSWXnQDY6qYMEFkDlycnYgPMg0E79Gsd3v5U3USwXw",
            "source": "Sports Media Watch",
            "source_icon": "https://encrypted-tbn3.gstatic.com/faviconV2?url=https://www.sportsmediawatch.com&client=NEWS_360&size=96&type=FAVICON&fallback_opts=TYPE,SIZE,URL",
            "title": "Friday (5/10) sports viewership: Over five million for Nuggets-T'Wolves"
        },
        {
            "link": "https://news.google.com/articles/CBMiX2h0dHBzOi8vd3d3Lm5iY3Nwb3J0c2JheWFyZWEuY29tL21sYi9zYW4tZnJhbmNpc2NvLWdpYW50cy9qdW5nLWhvby1sZWUtc2hvdWxkZXItaW5qdXJ5LzE3MzQ2Nzgv0gFlaHR0cHM6Ly93d3cubmJjc3BvcnRzYmF5YXJlYS5jb20vbWxiL3Nhbi1mcmFuY2lzY28tZ2lhbnRzL2p1bmctaG9vLWxlZS1zaG91bGRlci1pbmp1cnkvMTczNDY3OC8_YW1wPTE?hl=en-US&gl=US&ceid=US%3Aen",
            "og": "https://encrypted-tbn1.gstatic.com/images?q=tbn:ANd9GcRFeJTwcAw0PAt6wpdkq1kHktlgrgTb_OWpWXyynPVpJv6675OFNRPyhsh6l1DR3z5bF2WQ2-EPa3e2ltl0ePAKlu94M_L7Gtxmqd0n_pwnRlLyxw",
            "source": "NBC Sports Bay Area",
            "source_icon": "https://encrypted-tbn2.gstatic.com/faviconV2?url=https://www.nbcsportsbayarea.com&client=NEWS_360&size=96&type=FAVICON&fallback_opts=TYPE,SIZE,URL",
            "title": "Doctor explains what Lee's shoulder injury means for Giants star"
        },
        {
            "link": "https://news.google.com/articles/CBMicGh0dHBzOi8vYmxlYWNoZXJyZXBvcnQuY29tL2FydGljbGVzLzEwMTIwODg3LWJyb25ueS1qYW1lcy1uYmEtY29tYmluZS0yMDI0LW1lYXN1cmVtZW50cy1hbmFseXNpcy1hbmQtaW1wcmVzc2lvbnPSAYABaHR0cHM6Ly9zeW5kaWNhdGlvbi5ibGVhY2hlcnJlcG9ydC5jb20vYW1wLzEwMTIwODg3LWJyb25ueS1qYW1lcy1uYmEtY29tYmluZS0yMDI0LW1lYXN1cmVtZW50cy1hbmFseXNpcy1hbmQtaW1wcmVzc2lvbnMuYW1wLmh0bWw?hl=en-US&gl=US&ceid=US%3Aen",
            "og": "https://encrypted-tbn1.gstatic.com/images?q=tbn:ANd9GcSL3YP4_28wrv8Y3tELMMq-c211I2h1WAphmXc_Cf9XT2i00ASJSGxXCRq8BDDj0PTbXEi3Br1VUp4N2wk2O9k1W5uvOO8Df_uLPNjkzbbXNiFdOQ",
            "source": "Bleacher Report",
            "source_icon": "https://encrypted-tbn3.gstatic.com/faviconV2?url=https://bleacherreport.com&client=NEWS_360&size=96&type=FAVICON&fallback_opts=TYPE,SIZE,URL",
            "title": "Bronny James NBA Combine 2024: Measurements, Analysis and Impressions"
        },
        {
            "link": "https://news.google.com/articles/CBMiOGh0dHBzOi8vd3d3LmJiYy5jb20vc3BvcnQvZm9vdGJhbGwvYXJ0aWNsZXMvY3YyeHh2bHludndv0gE8aHR0cHM6Ly93d3cuYmJjLmNvbS9zcG9ydC9mb290YmFsbC9hcnRpY2xlcy9jdjJ4eHZseW52d28uYW1w?hl=en-US&gl=US&ceid=US%3Aen",
            "og": "https://encrypted-tbn0.gstatic.com/images?q=tbn:ANd9GcQzg40IwCnAz5_YLrzS9__ZcFMcriZwjR-gEg_8jvlAOHhispF2-4QjfpX15wK6BRQriuqgRaQgTdlOIUR1pYm4tuEdJT4Y6ppWDO1cYxSIVZzLww",
            "source": "BBC.com",
            "source_icon": "https://encrypted-tbn2.gstatic.com/faviconV2?url=https://www.bbc.com&client=NEWS_360&size=96&type=FAVICON&fallback_opts=TYPE,SIZE,URL",
            "title": "Aston Villa 3-3 Liverpool: 'Emery the star of the show as Villa can taste dream finale'"
        },
        {
            "link": "https://news.google.com/articles/CBMibGh0dHBzOi8vd3d3LnNlYXR0bGV0aW1lcy5jb20vc3BvcnRzL21hcmluZXJzL2dlb3JnZS1raXJieS1yZWRpc2NvdmVycy1mb3JtLWJhcmJlY3Vlcy1yb3lhbHMtaW4tbWFyaW5lcnMtd2luL9IBAA?hl=en-US&gl=US&ceid=US%3Aen",
            "og": "https://encrypted-tbn2.gstatic.com/images?q=tbn:ANd9GcTU2KwM_rFRCZRNJ64Lzy3SxLXM_f9tLoqo2T_hRqJ0_MgZwWzzrvQqrmvXkg79C5yaevRtxgZJCXuimLNtlP_gVlFBDCsiCjORIG8Bx2kaQmCiQw",
            "source": "The Seattle Times",
            "source_icon": "https://encrypted-tbn1.gstatic.com/faviconV2?url=https://www.seattletimes.com&client=NEWS_360&size=96&type=FAVICON&fallback_opts=TYPE,SIZE,URL",
            "title": "Furious George Kirby rediscovers ace-like form as Mariners thump Royals"
        },
        {
            "link": "https://news.google.com/articles/CBMiYGh0dHBzOi8vY29sb3JhZG9ob2NrZXlub3cuY29tLzIwMjQvMDUvMTMvYXZhbGFuY2hlLWdhbWVkYXktcHJlc3N1cmUtaXMtb24taW4tbXVzdC13aW4tZ2FtZS1mb3VyL9IBAA?hl=en-US&gl=US&ceid=US%3Aen",
            "og": "https://encrypted-tbn1.gstatic.com/images?q=tbn:ANd9GcTOY7VGUkUDEP5Gi5IqomQ1Hg_7C3NT_ZKVE8doyek5u7S_xh9OzdJAk7Cn7UpuFjIrTmmy1iHYYDHj1yj5Yf5B1rQHwWQS1thubl_G",
            "source": "Colorado Hockey Now",
            "source_icon": "https://encrypted-tbn1.gstatic.com/faviconV2?url=https://coloradohockeynow.com&client=NEWS_360&size=96&type=FAVICON&fallback_opts=TYPE,SIZE,URL",
            "title": "Avalanche Gameday: Pressure Is On In Must-Win Game Four"
        },
        {
            "link": "https://news.google.com/articles/CBMiZ2h0dHBzOi8vYXRobG9uc3BvcnRzLmNvbS93bmJhL2luZGlhbmEtZmV2ZXItcHJhY3RpY2UtZm9vdGFnZS1zaG93cy1jYWl0bGluLWNsYXJrLXNjcmVhbWluZy1hdC10ZWFtbWF0ZXPSAQA?hl=en-US&gl=US&ceid=US%3Aen",
            "og": "https://encrypted-tbn1.gstatic.com/images?q=tbn:ANd9GcQm5t2XyDaEhAK4irV8g4ZEulgxedm8BbSMzLmjjDEgdzP0IAIj1XU7cLcrIXjFH9PyCl08Ygv8gTxCysg9zswWPqbX76j_GeGG62WhzCJuTc_eQg",
            "source": "Athlon Sports",
            "source_icon": "https://encrypted-tbn3.gstatic.com/faviconV2?url=https://athlonsports.com&client=NEWS_360&size=96&type=FAVICON&fallback_opts=TYPE,SIZE,URL",
            "title": "Indiana Fever Practice Footage Shows Caitlin Clark Screaming At Teammates"
        },
        {
            "link": "https://news.google.com/articles/CBMiTmh0dHBzOi8vd3d3LnRoZXZlcmdlLmNvbS8yMDI0LzUvMTMvMjQxNTU3NzQvcm9rdS1saXZlLW1sYi1nYW1lcy1zdW5kYXktbGVhZG9mZtIBAA?hl=en-US&gl=US&ceid=US%3Aen",
            "og": "https://encrypted-tbn0.gstatic.com/images?q=tbn:ANd9GcQyy0wfe3gFH9L-VWu9TU2VVieRFa9rlrv3tiSY70d1v0TMk9ItoTtTLW9NgqCxlhS74LBNLV7VQj45X4eLerVaYQZJHhCDyDGRToac1mlI1fBIog",
            "source": "The Verge",
            "source_icon": "https://encrypted-tbn2.gstatic.com/faviconV2?url=https://www.theverge.com&client=NEWS_360&size=96&type=FAVICON&fallback_opts=TYPE,SIZE,URL",
            "title": "Roku will start streaming live MLB games for free"
        },
        {
            "link": "https://news.google.com/articles/CBMilwFodHRwczovL3d3dy5uYmNzcG9ydHMuY29tL25mbC9wcm9mb290YmFsbHRhbGsvcnVtb3ItbWlsbC9uZXdzL3RyZXktaGVuZHJpY2tzb24taS13YW50LXRvLWJyaW5nLWEtc3VwZXItYm93bC10by1jaW5jaW5uYXRpLXBsYXktd2l0aC1iZW5nYWxzLWEtbG9uZy10aW1l0gEA?hl=en-US&gl=US&ceid=US%3Aen",
            "og": "https://encrypted-tbn3.gstatic.com/images?q=tbn:ANd9GcTG6ftkOcGPuwJ2eT5U0Z1mHp2YphQoYhqt8LFN7wJeyIpvCrs8a8lSPi7_4RlLSijYULQwhn23r_-vTVUjieDU",
            "source": "NBC Sports",
            "source_icon": "https://encrypted-tbn1.gstatic.com/faviconV2?url=https://www.nbcsports.com&client=NEWS_360&size=96&type=FAVICON&fallback_opts=TYPE,SIZE,URL",
            "title": "Trey Hendrickson: I want to bring a Super Bowl to Cincinnati, play with Bengals a long time"
        },
        {
            "link": "https://news.google.com/articles/CBMiV2h0dHBzOi8vd3d3Lm1sYi5jb20vbmV3cy9kYXVsdG9uLXZhcnNoby1yb2JzLWhvbWVyLWhpdHMtaG9tZXItaW4tYmx1ZS1qYXlzLWNvbWViYWNrLXdpbtIBAA?hl=en-US&gl=US&ceid=US%3Aen",
            "og": "https://encrypted-tbn1.gstatic.com/images?q=tbn:ANd9GcQD-fCB6tywDMnJAGhnczuPdBy4nC4UYEIRdtwTTMEpaqBZrif4Ol9U0_KAOEBmzeNEBjQNK6aAHPawfc4aZqAY",
            "source": "MLB.com",
            "source_icon": "https://encrypted-tbn0.gstatic.com/faviconV2?url=https://www.mlb.com&client=NEWS_360&size=96&type=FAVICON&fallback_opts=TYPE,SIZE,URL",
            "title": "Daulton Varsho robs homer, hits homer in Blue Jays' comeback win"
        },
        {
            "link": "https://news.google.com/articles/CBMiWWh0dHBzOi8vd3d3Lm5obC5jb20vYnJ1aW5zL25ld3Mvc3dlZW5leS1hZGRyZXNzZXMtbWVkaWEtYWhlYWQtb2YtYnJ1aW5zLXJldHVybi10by1mbG9yaWRh0gEA?hl=en-US&gl=US&ceid=US%3Aen",
            "og": "https://encrypted-tbn0.gstatic.com/images?q=tbn:ANd9GcQZ2IjlDYD5WhlacfEXv836EFh5VNgTBwOkUxovNNnq0QZp3vhYaHV8_goz9zcmkqZXaXR9zwv4lEP5ydovENfN",
            "source": "NHL.com",
            "source_icon": "https://encrypted-tbn1.gstatic.com/faviconV2?url=https://www.nhl.com&client=NEWS_360&size=96&type=FAVICON&fallback_opts=TYPE,SIZE,URL",
            "title": "Sweeney Addresses Media Ahead of Bruins' Return to Florida | Boston Bruins"
        },
        {
            "link": "https://news.google.com/articles/CBMiaWh0dHBzOi8vd3d3Lm1sYnRyYWRlcnVtb3JzLmNvbS8yMDI0LzA1L2N1YnMtcGxhY2UtYWRiZXJ0LWFsem9sYXktb24taW5qdXJlZC1saXN0LXdpdGgtZm9yZWFybS1zdHJhaW4uaHRtbNIBAA?hl=en-US&gl=US&ceid=US%3Aen",
            "og": "https://encrypted-tbn0.gstatic.com/images?q=tbn:ANd9GcT7Siod3gVNizAdPIC1cviO4wtLRHFjWmK3hp2Dc-7LNbKEGb3rstc5cRt5qcQaDPMxXFxcykfgz-3PhDV33rHbUztYFCtyeFjngbDwUhzaVN4Yhg",
            "source": "MLB Trade Rumors",
            "source_icon": "https://encrypted-tbn3.gstatic.com/faviconV2?url=https://www.mlbtraderumors.com&client=NEWS_360&size=96&type=FAVICON&fallback_opts=TYPE,SIZE,URL",
            "title": "Cubs Place Adbert Alzolay On Injured List With Forearm Strain"
        },
        {
            "link": "https://news.google.com/articles/CBMiYWh0dHBzOi8vd3d3LnNlY3Nwb3J0cy5jb20vbmV3cy8yMDI0LzA1LzIwMjQtMjUtc2VjLW1lbnMtYmFza2V0YmFsbC1jb25mZXJlbmNlLW9wcG9uZW50cy1hbm5vdW5jZWTSAQA?hl=en-US&gl=US&ceid=US%3Aen",
            "og": "https://encrypted-tbn0.gstatic.com/images?q=tbn:ANd9GcTdPsFTi2K330kBQMovx-Tved0QFGfCPLE2LUfhQQy7cNzG6enE9PFtSyLa-ImkJ1TNnsCp40jTtpKo6WgYf7zN",
            "source": "Southeastern Conference",
            "source_icon": "https://encrypted-tbn3.gstatic.com/faviconV2?url=https://www.secsports.com&client=NEWS_360&size=96&type=FAVICON&fallback_opts=TYPE,SIZE,URL",
            "title": "2024-25 SEC Men's Basketball conference opponents announced"
        },
        {
            "link": "https://news.google.com/articles/CBMiYmh0dHBzOi8vbnlwb3N0LmNvbS8yMDI0LzA1LzEzL3Nwb3J0cy9rbmlja3MtbmVlZC10by1zdGVwLXVwLXdpdGgtamFsZW4tYnJ1bnNvbi1waHlzaWNhbGx5LWxpbWl0ZWQv0gFmaHR0cHM6Ly9ueXBvc3QuY29tLzIwMjQvMDUvMTMvc3BvcnRzL2tuaWNrcy1uZWVkLXRvLXN0ZXAtdXAtd2l0aC1qYWxlbi1icnVuc29uLXBoeXNpY2FsbHktbGltaXRlZC9hbXAv?hl=en-US&gl=US&ceid=US%3Aen",
            "og": "https://encrypted-tbn1.gstatic.com/images?q=tbn:ANd9GcQj3Iu3r4vu2yIyiNZ7DBZ5HUUFB6dEq5nDbChkNRyN4OZtTTLeOaFFatyBVfw30sdsAAerkTuZxQJD7DW11ZBe0DVGFEh9kxzT_Xh7L519_VOQ8A",
            "source": "New York Post",
            "source_icon": "https://encrypted-tbn3.gstatic.com/faviconV2?url=https://nypost.com&client=NEWS_360&size=96&type=FAVICON&fallback_opts=TYPE,SIZE,URL",
            "title": "Knicks need to step up with Jalen Brunson physically limited"
        },
        {
            "link": "https://news.google.com/articles/CBMiZ2h0dHBzOi8vd3d3LmVzcG4uY29tL2dvbGYvc3RvcnkvXy9pZC80MDE0MTA2MC9kdW5uZS1yZXNpZ25zLXBnYS10b3VyLXBvbGljeS1ib2FyZC1lZmZlY3RpdmUtaW1tZWRpYXRlbHnSAQA?hl=en-US&gl=US&ceid=US%3Aen",
            "og": "https://encrypted-tbn0.gstatic.com/images?q=tbn:ANd9GcRj1Y0uxCvEUchZu3SFbcYZxBd_JekihfPc_CiNRg73WwXF-HiEDqWG8fu1Z1H7brjTzdZle85mM-fQmZYUmtXe",
            "source": "ESPN",
            "source_icon": "https://encrypted-tbn2.gstatic.com/faviconV2?url=https://www.espn.com&client=NEWS_360&size=96&type=FAVICON&fallback_opts=TYPE,SIZE,URL",
            "title": "Dunne resigns PGA's Tour policy board, effective immediately"
        },
        {
            "link": "https://news.google.com/articles/CBMiZWh0dHBzOi8vd3d3LmVzcG4uY29tL25iYS9zdG9yeS9fL2lkLzQwMTM5OTc1L3NvdXJjZXMtbGFrZXJzLXN0YXJ0LWNvbnRhY3RpbmctaGVhZC1jb2FjaGluZy1jYW5kaWRhdGVz0gEA?hl=en-US&gl=US&ceid=US%3Aen",
            "og": "https://encrypted-tbn2.gstatic.com/images?q=tbn:ANd9GcRvokcXEHSzG1WOihu-D6I5ej602PR-UwjTBIEchTqZ0nWXhQb14EadoIuOqy6j-uo9EEMt-KGFdbsou4-yP23p",
            "source": "ESPN",
            "source_icon": "https://encrypted-tbn2.gstatic.com/faviconV2?url=https://www.espn.com&client=NEWS_360&size=96&type=FAVICON&fallback_opts=TYPE,SIZE,URL",
            "title": "Sources: Lakers to start contacting head-coaching candidates"
        },
        {
            "link": "https://news.google.com/articles/CBMilQFodHRwczovL3d3dy5wZ2F0b3VyLmNvbS9hcnRpY2xlL25ld3MvbGF0ZXN0LzIwMjQvMDUvMTMvc2NvdHRpZS1zY2hlZmZsZXItd2lmZS1tZXJlZGl0aC13ZWxjb21lLWZpcnN0LWNoaWxkLWJhYnktYm95LWJlbm5ldHQtYWhlYWQtb2YtcGdhLWNoYW1waW9uc2hpcNIBAA?hl=en-US&gl=US&ceid=US%3Aen",
            "og": "https://encrypted-tbn2.gstatic.com/images?q=tbn:ANd9GcRY4EZIAwL5ZrF1m9L9JspaBQRHF7prnUiFammGjSSRUUn5exs9u3OXlsY2xcyuHWJhW0GaCgEcCmCQYknaHvyv",
            "source": "PGA TOUR",
            "source_icon": "https://encrypted-tbn2.gstatic.com/faviconV2?url=https://www.pgatour.com&client=NEWS_360&size=96&type=FAVICON&fallback_opts=TYPE,SIZE,URL",
            "title": "Scottie Scheffler, wife Meredith welcome first child ahead of PGA Championship - PGA TOUR"
        },
        {
            "link": "https://news.google.com/articles/CBMiZGh0dHBzOi8vdHJpYmxpdmUuY29tL3Nwb3J0cy9tYXJrLW1hZGRlbi1wYXVsLXNrZW5lcy1kZWJ1dC13ZW50LWZyb20taHlwZS10by1odW1pbGlhdGlvbi1mb3ItcGlyYXRlcy_SAQA?hl=en-US&gl=US&ceid=US%3Aen",
            "og": "https://encrypted-tbn0.gstatic.com/images?q=tbn:ANd9GcTm-gyXDqSGUMWowVRyNZaO6EF6eqcFyGZjGA88XhbnkHRY4ij9RGkzpDj5rvsc6INOTMxWkHZMjCI3oCWkMCdwhn6llcy9SUMuD2sK",
            "source": "TribLIVE",
            "source_icon": "https://encrypted-tbn1.gstatic.com/faviconV2?url=https://triblive.com&client=NEWS_360&size=96&type=FAVICON&fallback_opts=TYPE,SIZE,URL",
            "title": "Mark Madden: Paul Skenes' debut went from hype to humiliation for Pirates"
        },
        {
            "link": "https://news.google.com/articles/CBMiZGh0dHBzOi8vd3d3Lm1sYnRyYWRlcnVtb3JzLmNvbS8yMDI0LzA1L3JlZHMtcGxhY2UtdGotZnJpZWRsLW9uLWluanVyZWQtbGlzdC13aXRoLXRodW1iLWZyYWN0dXJlLmh0bWzSAQA?hl=en-US&gl=US&ceid=US%3Aen",
            "og": "https://encrypted-tbn1.gstatic.com/images?q=tbn:ANd9GcQBMaPwpvULc2mF-EVmfyREQ2RH-Tbgh7sm8NVrSDNCdgH51jxJNpDL4z2y_zmlPMZT7LcmnUxOdRf3P1GJmmUwVy4pg2SG5JyMpgh-",
            "source": "MLB Trade Rumors",
            "source_icon": "https://encrypted-tbn3.gstatic.com/faviconV2?url=https://www.mlbtraderumors.com&client=NEWS_360&size=96&type=FAVICON&fallback_opts=TYPE,SIZE,URL",
            "title": "Reds Place TJ Friedl On Injured List With Thumb Fracture"
        },
        {
            "link": "https://news.google.com/articles/CBMikwFodHRwczovL3d3dy5wb3VuZGluZ3RoZXJvY2suY29tLzIwMjQvNS8xMy8yNDE1NTg4Ni9ydW1vci1zYW4tYW50b25pby1zcHVycy1jb25zaWRlcmluZy1hLXBhaXItb2YtaW50ZXJuYXRpb25hbC1wcm9zcGVjdHMtaW4tMjAyNC1uYmEtZHJhZnQtcmlzYWNoZXLSAQA?hl=en-US&gl=US&ceid=US%3Aen",
            "og": "https://encrypted-tbn0.gstatic.com/images?q=tbn:ANd9GcRtSpia4586qApAuchCg6rxpfPxGjUYqB0iFoQFiLNAfFgJr4UwgTzWf5ocOn_lsddSLeAJVdtEdqWcq9ASKnMHIjWs4BgueSul9Jpx78DyZERffw",
            "source": "Pounding The Rock",
            "source_icon": "https://encrypted-tbn3.gstatic.com/faviconV2?url=https://www.poundingtherock.com&client=NEWS_360&size=96&type=FAVICON&fallback_opts=TYPE,SIZE,URL",
            "title": "Rumor: Spurs considering a pair of international prospects in 2024 NBA Draft"
        },
        {
            "link": "https://news.google.com/articles/CBMibmh0dHBzOi8vd3d3LmFsLmNvbS9hbGFiYW1hZm9vdGJhbGwvMjAyNC8wNS9raWNrb2ZmLXRpbWUtYW5ub3VuY2VkLWZvci1hbGFiYW1hLWZvb3RiYWxscy10cmlwLXRvLXdpc2NvbnNpbi5odG1s0gF9aHR0cHM6Ly93d3cuYWwuY29tL2FsYWJhbWFmb290YmFsbC8yMDI0LzA1L2tpY2tvZmYtdGltZS1hbm5vdW5jZWQtZm9yLWFsYWJhbWEtZm9vdGJhbGxzLXRyaXAtdG8td2lzY29uc2luLmh0bWw_b3V0cHV0VHlwZT1hbXA?hl=en-US&gl=US&ceid=US%3Aen",
            "og": "https://encrypted-tbn3.gstatic.com/images?q=tbn:ANd9GcRhGnXI0Gc0XRrFmZc0AowJX4qUbOmgCf1_iLXROHYuboIHNCm3PquS5BD4ilsA1HeZiNljnclbvAmENkawLO60hmwIBWcrBU1U5cM3gCMXE6r96w",
            "source": "AL.com",
            "source_icon": "https://encrypted-tbn0.gstatic.com/faviconV2?url=https://www.al.com&client=NEWS_360&size=96&type=FAVICON&fallback_opts=TYPE,SIZE,URL",
            "title": "Kickoff time announced for Alabama football’s trip to Wisconsin"
        },
        {
            "link": "https://news.google.com/articles/CBMid2h0dHBzOi8vd3d3Lm1saXZlLmNvbS93b2x2ZXJpbmVzLzIwMjQvMDUvcGFja2Vycy1wbGFjZS1leC1taWNoaWdhbi1vbC1vbi1yZXNlcnZlcmV0aXJlZC1saXN0LWFmdGVyLXJvb2tpZS1taW5pY2FtcC5odG1s0gGGAWh0dHBzOi8vd3d3Lm1saXZlLmNvbS93b2x2ZXJpbmVzLzIwMjQvMDUvcGFja2Vycy1wbGFjZS1leC1taWNoaWdhbi1vbC1vbi1yZXNlcnZlcmV0aXJlZC1saXN0LWFmdGVyLXJvb2tpZS1taW5pY2FtcC5odG1sP291dHB1dFR5cGU9YW1w?hl=en-US&gl=US&ceid=US%3Aen",
            "og": "https://encrypted-tbn2.gstatic.com/images?q=tbn:ANd9GcRzYD1OXsa72tAj8i9-b1ZmqvvmlPT04d92VuI3OTaq-RnW7xaijEpRNw8Q0q3Mhin-Oa5_4-6Xrd03kLWsQjwuvcwbI7bwpRvO3C5Ux-CTlXWHYA",
            "source": "MLive.com",
            "source_icon": "https://encrypted-tbn3.gstatic.com/faviconV2?url=https://www.mlive.com&client=NEWS_360&size=96&type=FAVICON&fallback_opts=TYPE,SIZE,URL",
            "title": "Packers place ex-Michigan OL on reserve/retired list after rookie minicamp"
        },
        {
            "link": "https://news.google.com/articles/CBMiZWh0dHBzOi8vd3d3LmJhdHRlcnlwb3dlci5jb20vMjAyNC81LzEzLzI0MTU2MDgyL2F1c3Rpbi1yaWxleS1pbmp1cnktdXBkYXRlLW1yaS1yZXN1bHRzLWF0bGFudGEtYnJhdmVz0gEA?hl=en-US&gl=US&ceid=US%3Aen",
            "og": "https://encrypted-tbn0.gstatic.com/images?q=tbn:ANd9GcSzMbMs2AbUIu5yTcSZVi644Eh7VvwV7j1zOzCwbzcUygLwC6tYrneXQBeBDX_8TA1An7M78wvOf0F1HD8z5mH71IS46b-ywwEvzenFpUEAlW42nA",
            "source": "Battery Power",
            "source_icon": "https://encrypted-tbn0.gstatic.com/faviconV2?url=https://www.batterypower.com&client=NEWS_360&size=96&type=FAVICON&fallback_opts=TYPE,SIZE,URL",
            "title": "Braves Notes: Austin Riley update Reynaldo Lopez and more"
        },
        {
            "link": "https://news.google.com/articles/CBMiiAFodHRwczovL3d3dy50aGVmYWxjb2hvbGljLmNvbS8yMDI0LzUvMTMvMjQxNTU4NzIvZmFsY29ucy1zaWduLXRlLXJvc3MtZHdlbGxleS1tYWtlLXRocmVlLXRyeW91dC1wbGF5ZXItc2lnbmluZ3Mtb2ZmaWNpYWwtY2hhcmxpZS13b2VybmVy0gEA?hl=en-US&gl=US&ceid=US%3Aen",
            "og": "https://encrypted-tbn3.gstatic.com/images?q=tbn:ANd9GcQ3q3bc0iYRVzoYGtng0jtuGPyjWYRXPioJ89EyWiz-qDK3mxLREndqYx9td4zg1tnsKBbuCiP9c2tCQF300bPFZ3kwpISLqNagV7czXYPHKyG5Wg",
            "source": "The Falcoholic",
            "source_icon": "https://encrypted-tbn0.gstatic.com/faviconV2?url=https://www.thefalcoholic.com&client=NEWS_360&size=96&type=FAVICON&fallback_opts=TYPE,SIZE,URL",
            "title": "Falcons sign TE Ross Dwelley, make three tryout player signings official"
        },
        {
            "link": "https://news.google.com/articles/CBMiRWh0dHBzOi8vd3d3LnNpLmNvbS9nb2xmL3RpZ2VyLXdvb2RzLWJhY2stYXQtdmFsaGFsbGEtcGdhLWNoYW1waW9uc2hpcNIBAA?hl=en-US&gl=US&ceid=US%3Aen",
            "og": "https://encrypted-tbn0.gstatic.com/images?q=tbn:ANd9GcQfW8_mCeGmWFdnwKk41j4vFqdbxLYBrMWRJX2UxnVcLIbpDy5bRbhv80VQjroEI-SSxVnGUzv-BXSu08FKVj4tnPms2Zoj56QMbK_BfTbjX-iWog",
            "source": "Sports Illustrated",
            "source_icon": "https://encrypted-tbn0.gstatic.com/faviconV2?url=https://www.si.com&client=NEWS_360&size=96&type=FAVICON&fallback_opts=TYPE,SIZE,URL",
            "title": "Tiger Woods Is Back at Valhalla, Where Half a Lifetime Ago He Won a Duel for the Ages"
        },
        {
            "link": "https://news.google.com/articles/CBMiZWh0dHBzOi8vd3d3LmVzcG4uY29tL3duYmEvc3RvcnkvXy9pZC80MDEyOTAzNy93bmJhLTIwMjQtcHJlZGljdGlvbnMtd25iYS1maW5hbHMtcGlja3MtYWNlcy10aHJlZS1wZWF00gEA?hl=en-US&gl=US&ceid=US%3Aen",
            "og": "https://encrypted-tbn2.gstatic.com/images?q=tbn:ANd9GcQfTQnViqVQg1PvColeoFXatXjFy6y_ISJ6ADe6TljV6efrdnGlsLL40jDsU4C5UPLZXRiK0toxCZzM29ei1uN7",
            "source": "ESPN",
            "source_icon": "https://encrypted-tbn2.gstatic.com/faviconV2?url=https://www.espn.com&client=NEWS_360&size=96&type=FAVICON&fallback_opts=TYPE,SIZE,URL",
            "title": "WNBA preseason predictions: Aces three-peat? Finals matchup?"
        },
        {
            "link": "https://news.google.com/articles/CBMilAFodHRwczovL3d3dy5uYmNzcG9ydHNjaGljYWdvLmNvbS9uZmwvY2hpY2Fnby1iZWFycy9iZWFycy1hbmFseXNpcy9iZWFycy1yb29raWUtbWluaWNhbXAtcmVwb3J0LWNhcmQtaG93LWNhbGViLXdpbGxpYW1zLXJvbWUtb2R1bnplLXBlcmZvcm1lZC81NjE4Nzcv0gGaAWh0dHBzOi8vd3d3Lm5iY3Nwb3J0c2NoaWNhZ28uY29tL25mbC9jaGljYWdvLWJlYXJzL2JlYXJzLWFuYWx5c2lzL2JlYXJzLXJvb2tpZS1taW5pY2FtcC1yZXBvcnQtY2FyZC1ob3ctY2FsZWItd2lsbGlhbXMtcm9tZS1vZHVuemUtcGVyZm9ybWVkLzU2MTg3Ny8_YW1wPTE?hl=en-US&gl=US&ceid=US%3Aen",
            "og": "https://encrypted-tbn0.gstatic.com/images?q=tbn:ANd9GcSrJQ6d92IxGRfjrUJU7GY8KfCiiouwQh19gB7o1YeLbaptplUyt6HCxK2CrUQySOgvinPDa0kkZapSAjMcfwBQrDg2BdNYgFVTTv6m",
            "source": "NBC Sports Chicago",
            "source_icon": "https://encrypted-tbn2.gstatic.com/faviconV2?url=https://www.nbcsportschicago.com&client=NEWS_360&size=96&type=FAVICON&fallback_opts=TYPE,SIZE,URL",
            "title": "Bears rookie minicamp report card: How Caleb Williams, Rome Odunze performed"
        },
        {
            "link": "https://news.google.com/articles/CBMiWmh0dHBzOi8vd3d3Lm55dGltZXMuY29tL2F0aGxldGljLzU0ODc1NjcvMjAyNC8wNS8xMy9hcnNlbmFsLW9sZC10cmFmZm9yZC1wcm9ncmVzcy1oaXN0b3J5L9IBAA?hl=en-US&gl=US&ceid=US%3Aen",
            "og": "https://encrypted-tbn1.gstatic.com/images?q=tbn:ANd9GcRMMGj0iowClGCTznDt_HIS7Iv3p7TDbCTISKjH0-f58Cygq9YOERzykLYZilbftrZw69cvmklIvlBDaI3ZjeoyHRKrfgzz6lhxJr5LI8lPBR4WMw",
            "source": "The New York Times",
            "source_icon": "https://encrypted-tbn2.gstatic.com/faviconV2?url=https://www.nytimes.com&client=NEWS_360&size=96&type=FAVICON&fallback_opts=TYPE,SIZE,URL",
            "title": "Arsenal marry progress and history with another 1-0 win at Old Trafford"
        },
        {
            "link": "https://news.google.com/articles/CBMicWh0dHBzOi8vd3d3Lm5iY3Nwb3J0cy5jb20vbmZsL3Byb2Zvb3RiYWxsdGFsay9ydW1vci1taWxsL25ld3MvcmVwb3J0LWJpbGxzLWhpcmUtam9obi1wYXJyeS1hcy1vZmZpY2lhdGluZy1saWFpc29u0gEA?hl=en-US&gl=US&ceid=US%3Aen",
            "og": "https://encrypted-tbn0.gstatic.com/images?q=tbn:ANd9GcRDn_r7VGm0VN9HpaajRQ_5bmU-LE3YYyjh9OwGM-_wV7o1fEgwVhsvw2lMonxESiqf8IXiYEFL0fQoNlYDVu_V",
            "source": "NBC Sports",
            "source_icon": "https://encrypted-tbn1.gstatic.com/faviconV2?url=https://www.nbcsports.com&client=NEWS_360&size=96&type=FAVICON&fallback_opts=TYPE,SIZE,URL",
            "title": "Report: Bills hire John Parry as officiating liaison"
        },
        {
            "link": "https://news.google.com/articles/CBMiZ2h0dHBzOi8vd3d3LnNlYWhhd2tzLmNvbS9uZXdzL3NlYWhhd2tzLXNpZ24tMjAyNC1kcmFmdC1waWNrcy1uZWhlbWlhaC1wcml0Y2hldHQtc2F0YW9hLWxhdW1lYS1kLWotamFtZXPSAQA?hl=en-US&gl=US&ceid=US%3Aen",
            "og": "https://encrypted-tbn3.gstatic.com/images?q=tbn:ANd9GcQdzgxr_GAOWIfe45w2yRRO_j9bG1NWSjetWtvaIkfeizt8MI5QEcJPMMxZZ7O1leAOEtkdEoN96cgH3de6DRzB",
            "source": "Seahawks.com",
            "source_icon": "https://encrypted-tbn2.gstatic.com/faviconV2?url=https://www.seahawks.com&client=NEWS_360&size=96&type=FAVICON&fallback_opts=TYPE,SIZE,URL",
            "title": "Seahawks Sign 2024 Draft Picks Nehemiah Pritchett, Sataoa Laumea & D.J. James"
        },
        {
            "link": "https://news.google.com/articles/CBMiX2h0dHBzOi8vd3d3LmZveHNwb3J0cy5jb20vc3Rvcmllcy9uYXNjYXIvbmFzY2FyLXVudmVpbHMtMS1taWxsaW9uLWluLXNlYXNvbi10b3VybmFtZW50LWZvci0yMDI10gFfaHR0cHM6Ly9hbXAuZm94c3BvcnRzLmNvbS9zdG9yaWVzL25hc2Nhci9uYXNjYXItdW52ZWlscy0xLW1pbGxpb24taW4tc2Vhc29uLXRvdXJuYW1lbnQtZm9yLTIwMjU?hl=en-US&gl=US&ceid=US%3Aen",
            "og": "https://encrypted-tbn0.gstatic.com/images?q=tbn:ANd9GcTDKyLbWu8MoJQf1H8GczTri5GYSOz5mIJlkRdwjMHde3rdoAexubsjZuqYbcwGQK9-i5v_c_iJho9Xv5AftHwLeSCCb_rxsrHWAEuk-mACRWYaFA",
            "source": "FOX Sports",
            "source_icon": "https://encrypted-tbn3.gstatic.com/faviconV2?url=https://www.foxsports.com&client=NEWS_360&size=96&type=FAVICON&fallback_opts=TYPE,SIZE,URL",
            "title": "NASCAR unveils $1M in-season tournament for 2025"
        },
        {
            "link": "https://news.google.com/articles/CBMicGh0dHBzOi8vMjQ3c3BvcnRzLmNvbS9sb25nZm9ybWFydGljbGUvcHJlZGljdGluZy10aGUtMjAyNC1uYmEtZHJhZnQtY29tYmluZXMtdG9wLXN0YXktb3ItZ28tZGVjaXNpb25zLTIzMTcxNzY4MS_SAXRodHRwczovLzI0N3Nwb3J0cy5jb20vbG9uZ2Zvcm1hcnRpY2xlL3ByZWRpY3RpbmctdGhlLTIwMjQtbmJhLWRyYWZ0LWNvbWJpbmVzLXRvcC1zdGF5LW9yLWdvLWRlY2lzaW9ucy0yMzE3MTc2ODEvYW1wLw?hl=en-US&gl=US&ceid=US%3Aen",
            "og": "https://encrypted-tbn3.gstatic.com/images?q=tbn:ANd9GcT4POPBOHpl-Wo8G_GHvhVJUIWQgmOOR03tGWw45IE30H5E9TKnLGjcMSf5o40WIV2jEH2op7jr8YkazQC5Mzdtw_-NXyeomLeAwdUZJiXlOVxQGA",
            "source": "247Sports",
            "source_icon": "https://encrypted-tbn3.gstatic.com/faviconV2?url=https://247sports.com&client=NEWS_360&size=96&type=FAVICON&fallback_opts=TYPE,SIZE,URL",
            "title": "Predicting the 2024 NBA Draft Combine's top stay-or-go decisions"
        },
        {
            "link": "https://news.google.com/articles/CBMiaGh0dHBzOi8vd3d3Lm5mbC5jb20vbmV3cy9idWNjYW5lZXJzLXNhZmV0eS1hbnRvaW5lLXdpbmZpZWxkLWpyLWFncmVlcy10by1mb3VyLXllYXItODQtMS1taWxsaW9uLWNvbnRyYWN00gEA?hl=en-US&gl=US&ceid=US%3Aen",
            "og": "https://encrypted-tbn1.gstatic.com/images?q=tbn:ANd9GcQynTbYusmA6RhyTIASAK8hVfqIj-3PGykminzB6Pgu1_M-foy0XbEXawX5KBRzM8HZWWBjVKtGOz8mjnt861_a",
            "source": "NFL.com",
            "source_icon": "https://encrypted-tbn3.gstatic.com/faviconV2?url=https://www.nfl.com&client=NEWS_360&size=96&type=FAVICON&fallback_opts=TYPE,SIZE,URL",
            "title": "Buccaneers safety Antoine Winfield Jr. agrees to four-year, $84.1 million contract"
        },
        {
            "link": "https://news.google.com/articles/CBMieWh0dHBzOi8vd3d3LmJpZ2JsdWV2aWV3LmNvbS8yMDI0LzUvMTMvMjQxNTU1MzgvbmZsLXNjaGVkdWxlLXJlbGVhc2UtY291bGQtdGhlLW5ldy15b3JrLWdpYW50cy1wbGF5LWluLWdlcm1hbnktdGhpcy1zZWFzb27SAQA?hl=en-US&gl=US&ceid=US%3Aen",
            "og": "https://encrypted-tbn2.gstatic.com/images?q=tbn:ANd9GcQ2zVMeceT6vDSWZoKaWF9qp6pET-uFKHcw2aPDzfTs6RSp4qrVMuMy39zqAZZZmSBHA-lGqaKjnhDzXXjFkbLYg7gav0XLK74hpYGnaAA_6AtUWQ",
            "source": "Big Blue View",
            "source_icon": "https://encrypted-tbn3.gstatic.com/faviconV2?url=https://www.bigblueview.com&client=NEWS_360&size=96&type=FAVICON&fallback_opts=TYPE,SIZE,URL",
            "title": "NFL schedule release: Could the New York Giants play in Germany this season?"
        },
        {
            "link": "https://news.google.com/articles/CBMiggFodHRwczovL3d3dy5kZXNlcmV0LmNvbS9zcG9ydHMvMjAyNC8wNS8xMy9ieXUtdXRhaC1oZWFkLXRvLW5jYWEtYXVzdGluLXJlZ2lvbmFsLW5lZWRpbmctYS10b3AtZml2ZS1maW5pc2gtdG8tYWR2YW5jZS10by1uYXRpb25hbHMv0gEA?hl=en-US&gl=US&ceid=US%3Aen",
            "og": "https://encrypted-tbn0.gstatic.com/images?q=tbn:ANd9GcQ3sRZMZwYgSYr-83kZrs2Cpzea_3ntBO8341YqaMRMg1CzK_w6rxI-Bc4R6APizOI",
            "source": "Deseret News",
            "source_icon": "https://encrypted-tbn1.gstatic.com/faviconV2?url=https://www.deseret.com&client=NEWS_360&size=96&type=FAVICON&fallback_opts=TYPE,SIZE,URL",
            "title": "BYU, Utah golf teams begin play at NCAA regionals on Monday"
        },
        {
            "link": "https://news.google.com/articles/CBMiVWh0dHBzOi8vd3d3LmRlbnZlcmJyb25jb3MuY29tL25ld3MvYnJvbmNvcy1zaWduLXdyLXBoaWxsaXAtZG9yc2V0dC1jYi1xdWludG9uLW5ld3NvbWXSAQA?hl=en-US&gl=US&ceid=US%3Aen",
            "og": "https://encrypted-tbn2.gstatic.com/images?q=tbn:ANd9GcSdhecY5qys--LYTt5cq7BR6kEynQ16L3Lc3navirObyykIc3B4gf43-jLR1tYLZ8pxyXruCMkOBqTAWZUwGMAq",
            "source": "DenverBroncos.com",
            "source_icon": "https://encrypted-tbn1.gstatic.com/faviconV2?url=https://www.denverbroncos.com&client=NEWS_360&size=96&type=FAVICON&fallback_opts=TYPE,SIZE,URL",
            "title": "Broncos sign WR Phillip Dorsett, CB Quinton Newsome"
        },
        {
            "link": "https://news.google.com/articles/CBMie2h0dHBzOi8vd3d3Lm5iY3Nwb3J0cy5jb20vbmZsL3Byb2Zvb3RiYWxsdGFsay9ydW1vci1taWxsL25ld3MvYWxleC12YW4tcGVsdC13aWxsLWJlLXRoZS1sZWFkLWd1eS1pbi13b3JraW5nLXdpdGgtZHJha2UtbWF5ZdIBAA?hl=en-US&gl=US&ceid=US%3Aen",
            "og": "https://encrypted-tbn1.gstatic.com/images?q=tbn:ANd9GcStojEs1OOIM8qOZ80VADBCGKtVjINlVAe-ytjbVImrvRamKsLY09NguKxuuHp2K-68lqVeMwEdlzi5H04FaC43",
            "source": "NBC Sports",
            "source_icon": "https://encrypted-tbn1.gstatic.com/faviconV2?url=https://www.nbcsports.com&client=NEWS_360&size=96&type=FAVICON&fallback_opts=TYPE,SIZE,URL",
            "title": "Alex Van Pelt will be the \"lead guy\" in working with Drake Maye"
        },
        {
            "link": "https://news.google.com/articles/CBMiYmh0dHBzOi8vd3d3LmVzcG4uY29tL25obC9zdG9yeS9fL2lkLzQwMTQwNTg3L25obC1zdXNwZW5kcy1jYW51Y2tzLWNhcnNvbi1zb3VjeS1zaG90LWNvbm5vci1tY2Rhdmlk0gEA?hl=en-US&gl=US&ceid=US%3Aen",
            "og": "https://encrypted-tbn2.gstatic.com/images?q=tbn:ANd9GcQLoJaEDDws72PhvdlfQVOIjVIKSlS0fywO2OoUpP08C3KRvd633dfBKkRS1DhTpH_tw3MczqFWdV_Hbrs4e1F-",
            "source": "ESPN",
            "source_icon": "https://encrypted-tbn2.gstatic.com/faviconV2?url=https://www.espn.com&client=NEWS_360&size=96&type=FAVICON&fallback_opts=TYPE,SIZE,URL",
            "title": "NHL suspends Canucks' Carson Soucy for shot to Connor McDavid"
        },
        {
            "link": "https://news.google.com/articles/CBMicWh0dHBzOi8vd3d3Lm5hc2Nhci5jb20vbmV3cy1tZWRpYS8yMDI0LzA1LzEzL2N1cC1zZXJpZXMtMjAyNC1kYXJsaW5ndG9uLWFuYWx5c2lzLXJmay1yYWNpbmctZm9yZC1icmFkLWtlc2Vsb3dza2kv0gF1aHR0cHM6Ly93d3cubmFzY2FyLmNvbS9uZXdzLW1lZGlhLzIwMjQvMDUvMTMvY3VwLXNlcmllcy0yMDI0LWRhcmxpbmd0b24tYW5hbHlzaXMtcmZrLXJhY2luZy1mb3JkLWJyYWQta2VzZWxvd3NraS9hbXAv?hl=en-US&gl=US&ceid=US%3Aen",
            "og": "https://encrypted-tbn2.gstatic.com/images?q=tbn:ANd9GcSpVXW2UT-VUKhYDFi8LulFyLUZQRA_JjOHk_k19SH_KUjMpQOTs3SCTv_9YVDU6aYi35RxaZQOyAZQsgAqMN15ODlglJva9AZNfZ0eOYHnJK0Pnw",
            "source": "NASCAR",
            "source_icon": "https://encrypted-tbn0.gstatic.com/faviconV2?url=https://www.nascar.com&client=NEWS_360&size=96&type=FAVICON&fallback_opts=TYPE,SIZE,URL",
            "title": "Brad Keselowski, No. 6 pit crew fly the flag after streak-snapping triumph: ‘It’s a heck of a ride’"
        },
        {
            "link": "https://news.google.com/articles/CBMibGh0dHBzOi8vd3d3LmNsZXZlbGFuZC5jb20vY2F2cy8yMDI0LzA1L2Rvbm92YW4tbWl0Y2hlbGwtdG8tbWlzcy1nYW1lLTQtb2YtZWFzdGVybi1jb25mZXJlbmNlLXNlbWlmaW5hbHMuaHRtbNIBe2h0dHBzOi8vd3d3LmNsZXZlbGFuZC5jb20vY2F2cy8yMDI0LzA1L2Rvbm92YW4tbWl0Y2hlbGwtdG8tbWlzcy1nYW1lLTQtb2YtZWFzdGVybi1jb25mZXJlbmNlLXNlbWlmaW5hbHMuaHRtbD9vdXRwdXRUeXBlPWFtcA?hl=en-US&gl=US&ceid=US%3Aen",
            "og": "https://encrypted-tbn3.gstatic.com/images?q=tbn:ANd9GcS9FJf-Ouq3AB-bwWFFYoXCGM3dIF0lZnilkuPZ4XgvZR9gF4kuoX5fgqaNN-xlTy3BTHY_R2C-KQC-3Y3Za3oYaKBFx4DBoySNBZYoCqADbWGNgA",
            "source": "cleveland.com",
            "source_icon": "https://encrypted-tbn2.gstatic.com/faviconV2?url=https://www.cleveland.com&client=NEWS_360&size=96&type=FAVICON&fallback_opts=TYPE,SIZE,URL",
            "title": "Donovan Mitchell out for Game 4 of Eastern Conference semifinals"
        },
        {
            "link": "https://news.google.com/articles/CBMihAFodHRwczovL3Nwb3J0cy55YWhvby5jb20vbWxiLXBvd2VyLXJhbmtpbmdzLXBoaWxsaWVzLWxlYWQtZG9kZ2Vycy1icmF2ZXMtYXMtdHJpby1vZi1ubC1jb250ZW5kZXJzLXRvcC10aGlzLXdlZWtzLWxpc3QtMTk0MDQ5NzYyLmh0bWzSAQA?hl=en-US&gl=US&ceid=US%3Aen",
            "og": "https://encrypted-tbn0.gstatic.com/images?q=tbn:ANd9GcRRdtxsZJfPtMEbdCjGfJaANhX-yEB0iZkNcENVaMKBj8jERY5xoR__ES9DFZjD6TOBSBx02Cr2_Qx3kT2Vc7N3okcuU08q3FMeqglqJ87dc3pb6Q",
            "source": "Yahoo Sports",
            "source_icon": "https://encrypted-tbn3.gstatic.com/faviconV2?url=https://sports.yahoo.com&client=NEWS_360&size=96&type=FAVICON&fallback_opts=TYPE,SIZE,URL",
            "title": "MLB Power Rankings: Phillies lead Dodgers, Braves as trio of NL contenders top this week's list"
        },
        {
            "link": "https://news.google.com/articles/CBMiTWh0dHBzOi8vcmFjZXIuY29tLzIwMjQvMDUvMTMvd2hhdHMtaGFwcGVuaW5nLWFuZC13aGVuLWF0LXRoaXMteWVhcnMtaW5keS01MDAv0gEA?hl=en-US&gl=US&ceid=US%3Aen",
            "og": "https://encrypted-tbn1.gstatic.com/images?q=tbn:ANd9GcRSb4enpOQg7kK3FL_Nn8_elH77fNTaOyrrN21yJnbh8Z8gWvvSaNjh-VTNP-5AE10OI89dUWPl82hRb2xrJrLijLvuX_m34C1fwK7E_gBjRlgsjw",
            "source": "RACER",
            "source_icon": "https://encrypted-tbn2.gstatic.com/faviconV2?url=https://racer.com&client=NEWS_360&size=96&type=FAVICON&fallback_opts=TYPE,SIZE,URL",
            "title": "The Month of May is here. Here's how to follow the Indy 500"
        },
        {
            "link": "https://news.google.com/articles/CBMidGh0dHBzOi8vd3d3Lm5iY3Nwb3J0cy5jb20vbmZsL3Byb2Zvb3RiYWxsdGFsay9ydW1vci1taWxsL25ld3MvYmVhcnMtc2lnbi1mcmVkZGllLXN3YWluLXRvbW15LXN3ZWVuZXktYW5kLWZvdXItb3RoZXJz0gEA?hl=en-US&gl=US&ceid=US%3Aen",
            "og": "https://encrypted-tbn0.gstatic.com/images?q=tbn:ANd9GcTwPif-Hu8zU07M2aG8qbNOLDrIKFGYivvTj8HyzTJaEMuIurWeZDlME9Ym-nkqOV7ZlOg2S63vfbtAkRTbnU_P",
            "source": "NBC Sports",
            "source_icon": "https://encrypted-tbn1.gstatic.com/faviconV2?url=https://www.nbcsports.com&client=NEWS_360&size=96&type=FAVICON&fallback_opts=TYPE,SIZE,URL",
            "title": "Bears sign Freddie Swain, Tommy Sweeney and four others"
        },
        {
            "link": "https://news.google.com/articles/CBMiSWh0dHBzOi8vd3d3Lm5obC5jb20vYnJ1aW5zL25ld3MvYnJ1aW5zLWFubm91bmNlLXJvc3Rlci10cmFuc2FjdGlvbnMteDY0NzTSAQA?hl=en-US&gl=US&ceid=US%3Aen",
            "og": "https://encrypted-tbn3.gstatic.com/images?q=tbn:ANd9GcSU2l6YsriRNKgkUKkqUmJDUNvVM_DrDtjh6fDmBTvx2qXyeQrKUxX2NRkgMF4BhaDwHOb4eSs72PBZX7vO42I_",
            "source": "NHL.com",
            "source_icon": "https://encrypted-tbn1.gstatic.com/faviconV2?url=https://www.nhl.com&client=NEWS_360&size=96&type=FAVICON&fallback_opts=TYPE,SIZE,URL",
            "title": "Bruins Announce Roster Transactions | Boston Bruins"
        },
        {
            "link": "https://news.google.com/articles/CBMiY2h0dHBzOi8vd3d3Lm5iY3Nwb3J0cy5jb20vZmFudGFzeS9iYXNlYmFsbC9uZXdzL2JhdC1zcGVlZC1sZWFkZXJib2FyZC13aGF0LWlzLWl0LWFuZC13aHktZG8td2UtY2FyZdIBAA?hl=en-US&gl=US&ceid=US%3Aen",
            "og": "https://encrypted-tbn0.gstatic.com/images?q=tbn:ANd9GcSMFCfOanhzs3iRCfnsGyV56dq-11URg27WIFnCXz0lrehc-q-52y0XRwSvkL4u0rb3-PazzYdf1lHYAIvBcdHZ",
            "source": "NBC Sports",
            "source_icon": "https://encrypted-tbn1.gstatic.com/faviconV2?url=https://www.nbcsports.com&client=NEWS_360&size=96&type=FAVICON&fallback_opts=TYPE,SIZE,URL",
            "title": "Bat speed leaderboard: What is it and who stands out?"
        },
        {
            "link": "https://news.google.com/articles/CBMiaGh0dHBzOi8vd3d3LmZveHNwb3J0cy5jb20vc3Rvcmllcy9uYXNjYXIvYnViYmxlLWRyaXZlcnMtZGlzY3Vzcy1wbGF5b2ZmLXB1c2gtbWlkd2F5LXBvaW50LXJlZ3VsYXItc2Vhc29u0gFoaHR0cHM6Ly9hbXAuZm94c3BvcnRzLmNvbS9zdG9yaWVzL25hc2Nhci9idWJibGUtZHJpdmVycy1kaXNjdXNzLXBsYXlvZmYtcHVzaC1taWR3YXktcG9pbnQtcmVndWxhci1zZWFzb24?hl=en-US&gl=US&ceid=US%3Aen",
            "og": "https://encrypted-tbn2.gstatic.com/images?q=tbn:ANd9GcRlb1quKnuS7rWDd7TlM6nbds8s5seYfum2bE0uNO9aBJCKfJ8XBsf-F9H9TSWa8tdfbco1ow2Ln3ZhnccInRHciJGZDEj_HVrAFyc7O0pgC906xA",
            "source": "FOX Sports",
            "source_icon": "https://encrypted-tbn3.gstatic.com/faviconV2?url=https://www.foxsports.com&client=NEWS_360&size=96&type=FAVICON&fallback_opts=TYPE,SIZE,URL",
            "title": "Bubble drivers discuss playoff push at midway point of regular season"
        },
        {
            "link": "https://news.google.com/articles/CBMifGh0dHBzOi8vd3d3LmVzcG4uY29tL25iYS9zdG9yeS9fL2lkLzQwMTQyMTI0L2NlbHRpY3MtdGFrZS1jb250cm9sLWVhc3Qtc2VtaWZpbmFsLXNlcmllcy1nYW1lLTQtd2luLXZzLXNob3J0LWhhbmRlZC1jYXZhbGllcnPSAQA?hl=en-US&gl=US&ceid=US%3Aen",
            "og": "https://encrypted-tbn3.gstatic.com/images?q=tbn:ANd9GcTgWV3Y3hc3hLljGpjgZUg-auHDw9qZsxDi-1mUweI6edcTPxrFr9QCyTJOKaFYBEAC_JouiCAE84HXrODE1YYj",
            "source": "ESPN",
            "source_icon": "https://encrypted-tbn2.gstatic.com/faviconV2?url=https://www.espn.com&client=NEWS_360&size=96&type=FAVICON&fallback_opts=TYPE,SIZE,URL",
            "title": "Celtics outlast hobbled Cavaliers to take 3-1 series lead"
        }
    ],
    "Technology": [
        {
            "link": "https://news.google.com/articles/CBMiXWh0dHBzOi8vd3d3LmJ1c2luZXNzaW5zaWRlci5jb20vY2hhdGdwdC00by1zYW0tYWx0bWFuLWFwcGxlLXNpcmktdGltLWNvb2stY29tcGFyZWQtaG93LTIwMjQtNdIBYWh0dHBzOi8vd3d3LmJ1c2luZXNzaW5zaWRlci5jb20vY2hhdGdwdC00by1zYW0tYWx0bWFuLWFwcGxlLXNpcmktdGltLWNvb2stY29tcGFyZWQtaG93LTIwMjQtNT9hbXA?hl=en-US&gl=US&ceid=US%3Aen",
            "og": "https://encrypted-tbn0.gstatic.com/images?q=tbn:ANd9GcTiV0yg9c9-QSWHzSFrGYaUyePYlmf2Eh3hb62BWpHH_wwcdTq4EjsebOJ2iHenVdCQAoWxstUF1wTi2SvcItpB5GGhWh6WeWtLglqDs1prQZjBag",
            "source": "Business Insider",
            "source_icon": "https://encrypted-tbn3.gstatic.com/faviconV2?url=https://www.businessinsider.com&client=NEWS_360&size=96&type=FAVICON&fallback_opts=TYPE,SIZE,URL",
            "title": "OpenAI's new voice assistant ChatGPT-4o smokes Apple's Siri"
        },
        {
            "link": "https://news.google.com/articles/CBMiOWh0dHBzOi8vOXRvNW1hYy5jb20vMjAyNC8wNS8xMy9maXJzdC1tMi1pcGFkLWFpci1yZXZpZXdzL9IBAA?hl=en-US&gl=US&ceid=US%3Aen",
            "og": "https://encrypted-tbn0.gstatic.com/images?q=tbn:ANd9GcT3YahoAJlpfdg2an2CnVW-le6geeb0iP_qvxV2gA5B85-kV6ylGWZza2tbGjFdkPmflH1wGKLW2nDeToNdPj8e_W4c_cBF24884RJPZX-5H3CucA",
            "source": "9to5Mac",
            "source_icon": "https://encrypted-tbn0.gstatic.com/faviconV2?url=https://9to5mac.com&client=NEWS_360&size=96&type=FAVICON&fallback_opts=TYPE,SIZE,URL",
            "title": "First M2 iPad Air reviews call it 'the iPad to get'"
        },
        {
            "link": "https://news.google.com/articles/CBMiTWh0dHBzOi8vdGhlaGFja2VybmV3cy5jb20vMjAyNC8wNS9hcHBsZS1hbmQtZ29vZ2xlLWxhdW5jaC1jcm9zcy1wbGF0Zm9ybS5odG1s0gEA?hl=en-US&gl=US&ceid=US%3Aen",
            "og": "https://encrypted-tbn2.gstatic.com/images?q=tbn:ANd9GcSngJzQmib1fjB_4HG5Co6_zEvWb66dTZNusVncrOUzyUOakWOLm935Ydic6OQM5aPUCmLJCRUP3yS5b1IvFrRRcOU94j_o0-3i5CJLCUg26Xe4Og",
            "source": "The Hacker News",
            "source_icon": "https://encrypted-tbn3.gstatic.com/faviconV2?url=https://thehackernews.com&client=NEWS_360&size=96&type=FAVICON&fallback_opts=TYPE,SIZE,URL",
            "title": "Apple and Google Launch Cross-Platform Feature to Detect Unwanted Bluetooth Tracking Devices"
        },
        {
            "link": "https://news.google.com/articles/CBMiYGh0dHBzOi8vd3d3LnRoZXZlcmdlLmNvbS8yMDI0LzUvMTMvMjQxNTU5ODIvc29ueS1wbGF5c3RhdGlvbi1jby1jZW8taGVybWVuLWh1bHN0LWhpZGVha2ktbmlzaGlub9IBAA?hl=en-US&gl=US&ceid=US%3Aen",
            "og": "https://encrypted-tbn1.gstatic.com/images?q=tbn:ANd9GcQsZKKfrfopysKK88LxRTYeEPDSe8tNgTug5UveMXUsIL-rE45lESZIEg6qq_MLaOohfQYlizd_9IgyxXENcYn0R0vRI4u4M4PwEk5mYd-oOaDbdQ",
            "source": "The Verge",
            "source_icon": "https://encrypted-tbn2.gstatic.com/faviconV2?url=https://www.theverge.com&client=NEWS_360&size=96&type=FAVICON&fallback_opts=TYPE,SIZE,URL",
            "title": "Sony names new PlayStation leaders following Jim Ryan's retirement"
        },
        {
            "link": "https://news.google.com/articles/CBMiSWh0dHBzOi8vOXRvNWdvb2dsZS5jb20vMjAyNC8wNS8xMy9nb29nbGUtcGl4ZWwtOC1hbmRyb2lkLWNocm9tZW9zLXJlcG9ydC_SAQA?hl=en-US&gl=US&ceid=US%3Aen",
            "og": "https://encrypted-tbn0.gstatic.com/images?q=tbn:ANd9GcT-TQ6jkSDvEnbARcgtx2MQ821SoKu3nykB4SuLzXnfDDYahjko9RTocMCXxf-gxROw9OJnFWVFXBWw43q0u_5qLfN7KuvDMXapacFpazRQSEJPsA",
            "source": "9to5Google",
            "source_icon": "https://encrypted-tbn3.gstatic.com/faviconV2?url=https://9to5google.com&client=NEWS_360&size=96&type=FAVICON&fallback_opts=TYPE,SIZE,URL",
            "title": "Google may have shown off a Pixel 8 running ChromeOS"
        },
        {
            "link": "https://news.google.com/articles/CBMiO2h0dHBzOi8vOXRvNWdvb2dsZS5jb20vMjAyNC8wNS8xMy9waXhlbC04YS1zbmFwc2hvdC13aWRnZXQv0gEA?hl=en-US&gl=US&ceid=US%3Aen",
            "og": "https://encrypted-tbn2.gstatic.com/images?q=tbn:ANd9GcQOfVef_A6hQJz2J5P1lpUCVqzercfjLmykGH2658kxrdCwUPttU8oXCR8DMh0T9WPcXQw1H-FVISxY__h2z8EOJmnTnQE2Y6vQwdec84i1KB9vCQ",
            "source": "9to5Google",
            "source_icon": "https://encrypted-tbn3.gstatic.com/faviconV2?url=https://9to5google.com&client=NEWS_360&size=96&type=FAVICON&fallback_opts=TYPE,SIZE,URL",
            "title": "The Pixel 8a has a 'Snapshot' widget and 'Inside Out' wallpapers"
        },
        {
            "link": "https://news.google.com/articles/CBMigAFodHRwczovL3d3dy50b21zZ3VpZGUuY29tL2FpL2dvb2dsZS1nZW1pbmkvZ29vZ2xlLWp1c3QtYW5zd2VyZWQtZ3B0LTRvLXdpdGgtZ2VtaW5pLXByb3RvdHlwZS10aGF0cy1jb252ZXJzYXRpb25hbC1hbmQtdXNlcy12aWRlb9IBAA?hl=en-US&gl=US&ceid=US%3Aen",
            "og": "https://encrypted-tbn1.gstatic.com/images?q=tbn:ANd9GcQFciIwLl2et-0v-mF9Q8EAB6sRfnPVoYDXg3yCzkCx-OkH9P-EfgpnKc6Z5bfjTgXf9IwWKFz39-mkUZSF9YDJ5j43z_REV_aj9cmnrD2L_5-sxQ",
            "source": "Tom's Guide",
            "source_icon": "https://encrypted-tbn0.gstatic.com/faviconV2?url=https://www.tomsguide.com&client=NEWS_360&size=96&type=FAVICON&fallback_opts=TYPE,SIZE,URL",
            "title": "Google just answered GPT-4o with Gemini demo that's conversational and uses video"
        },
        {
            "link": "https://news.google.com/articles/CBMibWh0dHBzOi8vd3d3LmVuZ2FkZ2V0LmNvbS9nb29nbGVzLXByb2plY3Qtc3RhcmxpbmUtdmlkZW8tY29uZmVyZW5jaW5nLXRlY2gtaXMtY29taW5nLXRvLW9mZmljZXMtMTcxNjIyOTgwLmh0bWzSAQA?hl=en-US&gl=US&ceid=US%3Aen",
            "og": "https://encrypted-tbn0.gstatic.com/images?q=tbn:ANd9GcRPccMxs_cJ3HiyBdJLg6fK3fPXBCccDJCCIpQbWl5iNFlapyhbaSX7pR1J72CjTaH3xTdV72GgWih-4WntAP1MXomn1eQi8yJfRkkVBb2EbGC0iA",
            "source": "Engadget",
            "source_icon": "https://encrypted-tbn1.gstatic.com/faviconV2?url=https://www.engadget.com&client=NEWS_360&size=96&type=FAVICON&fallback_opts=TYPE,SIZE,URL",
            "title": "Google's Project Starline video conferencing tech is coming to offices"
        },
        {
            "link": "https://news.google.com/articles/CBMiZGh0dHBzOi8vd3d3LnpkbmV0LmNvbS9hcnRpY2xlL3doYXQtdG8tZXhwZWN0LWZyb20tZ29vZ2xlLWlvLTIwMjQtYW5kcm9pZC0xNS1nZW1pbmktd2Vhci1vcy1hbmQtbW9yZS_SAQA?hl=en-US&gl=US&ceid=US%3Aen",
            "og": "https://encrypted-tbn3.gstatic.com/images?q=tbn:ANd9GcSTZg6OfOUCjMZ23-NhN-_3VeC-qilxzCoNmr5svEihNcPg_d-4Y6VRQxsEnaQBuwM8flZwNQGQ7Shl-W4wS02uzFuy78EYD7-5h09-cr_JsT45Qg",
            "source": "ZDNet",
            "source_icon": "https://encrypted-tbn3.gstatic.com/faviconV2?url=https://www.zdnet.com&client=NEWS_360&size=96&type=FAVICON&fallback_opts=TYPE,SIZE,URL",
            "title": "What to expect from Google I/O 2024: Android 15, Gemini, Wear OS, and more"
        },
        {
            "link": "https://news.google.com/articles/CBMiXWh0dHBzOi8vd3d3LmludmVzdG9ycy5jb20vbmV3cy90ZWNobm9sb2d5L2FwcGxlLXN0b2NrLWlwaG9uZS1tYWtlci1jbG9zZS10by1kZWFsLXdpdGgtb3BlbmFpL9IBAA?hl=en-US&gl=US&ceid=US%3Aen",
            "og": "https://encrypted-tbn1.gstatic.com/images?q=tbn:ANd9GcRGFxxh-z0VOcptLT5nCZlvSAqaV8hQJA5znMe0uSCw3AoqyPG5Rq1ERvpjH0xvlIXTIMO9UYN6cuupTqVDOLAYPxHJiYQcyRiUYX9VdFH3wDmGcQ",
            "source": "Investor's Business Daily",
            "source_icon": "https://encrypted-tbn0.gstatic.com/faviconV2?url=https://www.investors.com&client=NEWS_360&size=96&type=FAVICON&fallback_opts=TYPE,SIZE,URL",
            "title": "Apple Stock: iPhone Maker Close To Deal With OpenAI"
        },
        {
            "link": "https://news.google.com/articles/CBMiZWh0dHBzOi8vcGV0YXBpeGVsLmNvbS8yMDI0LzA1LzEzL2FwcGxlLWFwb2xvZ2l6ZXMtZm9yLWNydXNoaW5nLWNhbWVyYS1nZWFyLWNyZWF0aXZlLXRvb2xzLWluLWlwYWQtYWQv0gEA?hl=en-US&gl=US&ceid=US%3Aen",
            "og": "https://encrypted-tbn0.gstatic.com/images?q=tbn:ANd9GcQrBlZ6puQK6toHI5BV3_pS_NWc_JehUC37AdCFejNT31EOwq3MCu1pv-V4y3QVA8i5SCZR41rWwyIko-I-XUAZFK1YiB4FfpbkTHTblyytEvT8jw",
            "source": "PetaPixel",
            "source_icon": "https://encrypted-tbn2.gstatic.com/faviconV2?url=https://petapixel.com&client=NEWS_360&size=96&type=FAVICON&fallback_opts=TYPE,SIZE,URL",
            "title": "Apple Apologizes for Crushing Camera Gear, Creative Tools in iPad Ad"
        },
        {
            "link": "https://news.google.com/articles/CBMiTWh0dHBzOi8vd3d3Lndhc2hpbmd0b25wb3N0LmNvbS90ZWNobm9sb2d5LzIwMjQvMDUvMTMvZ29vZ2xlLWFpLXNlYXJjaC1pby1zZ2Uv0gEA?hl=en-US&gl=US&ceid=US%3Aen",
            "og": "https://encrypted-tbn0.gstatic.com/images?q=tbn:ANd9GcQ93aH5np6oWTlCQ6vSW9GPD9hSmV2oMaZspWIxrnMS4WqXtRZJ-XRs6FS_goLqJtNvtKELAJLg5gRugWi22lHDC5iNDQaoBm6grJqOGGaPdkZFEQ",
            "source": "The Washington Post",
            "source_icon": "https://encrypted-tbn3.gstatic.com/faviconV2?url=https://www.washingtonpost.com&client=NEWS_360&size=96&type=FAVICON&fallback_opts=TYPE,SIZE,URL",
            "title": "As Google AI search rolls out to more people, websites brace for carnage"
        },
        {
            "link": "https://news.google.com/articles/CBMidmh0dHBzOi8vd3d3LmJsb29tYmVyZy5jb20vbmV3cy9hcnRpY2xlcy8yMDI0LTA1LTEzL2FwcGxlLXNldC10by1zZWxsLXZpc2lvbi1wcm8taGVhZHNldC1pbnRlcm5hdGlvbmFsbHktZm9yLWZpcnN0LXRpbWXSAQA?hl=en-US&gl=US&ceid=US%3Aen",
            "og": "https://encrypted-tbn2.gstatic.com/images?q=tbn:ANd9GcRO4QDZMxjDp6AicqfmXQuAV2Mg6KXfCYwywXH6dHS1qqBZ11X8dvvgkSmzg9cz8F2uevG7_2XbMs0Mw-ZGJllN",
            "source": "Bloomberg",
            "source_icon": "https://encrypted-tbn1.gstatic.com/faviconV2?url=https://www.bloomberg.com&client=NEWS_360&size=96&type=FAVICON&fallback_opts=TYPE,SIZE,URL",
            "title": "Apple Prepares to Sell Vision Pro Outside US for the First Time"
        },
        {
            "link": "https://news.google.com/articles/CBMiU2h0dHBzOi8vd3d3LnRoZXZlcmdlLmNvbS8yMDI0LzUvMTMvMjQxNTU2MDQvc3F1YXJlLWVuaXgtbXVsdGlwbGF0Zm9ybS1nYW1lcy14Ym94LXBj0gEA?hl=en-US&gl=US&ceid=US%3Aen",
            "og": "https://encrypted-tbn3.gstatic.com/images?q=tbn:ANd9GcR-P_CkReQwIGuPGordan5uaJD2hV98vQOMYX1BInjKowZk6tLmC0P1LvrVZUVt0jaWhZGEY8MXI2R24WGwRCcdWMgDvYthQiqV8CdbLf_56BgbRQ",
            "source": "The Verge",
            "source_icon": "https://encrypted-tbn2.gstatic.com/faviconV2?url=https://www.theverge.com&client=NEWS_360&size=96&type=FAVICON&fallback_opts=TYPE,SIZE,URL",
            "title": "Square Enix plans to “aggressively pursue” multiplatform game releases"
        }
    ],
    "US": [
        {
            "link": "https://news.google.com/articles/CBMiUmh0dHBzOi8vd3d3LmF4aW9zLmNvbS8yMDI0LzA1LzEzL3dpbGRmaXJlLWNhbmFkYS1ldmFjdWF0aW9ucy1haXItcXVhbGl0eS11cy1zdGF0ZXPSAQA?hl=en-US&gl=US&ceid=US%3Aen",
            "og": "https://encrypted-tbn2.gstatic.com/images?q=tbn:ANd9GcQDKboGEuGoYJVBR9dggmJ9y45T1UAdC94KUtrhY-7siLOpsWc9Ly7F-NNTV2c4SGjrkI0kFbizOMQxf-STlOqRrhQrmSkAKQtC-BIZ-a3MwTsKWA",
            "source": "Axios",
            "source_icon": "https://encrypted-tbn0.gstatic.com/faviconV2?url=https://www.axios.com&client=NEWS_360&size=96&type=FAVICON&fallback_opts=TYPE,SIZE,URL",
            "title": "Canada wildfires hit northern U.S. air quality"
        },
        {
            "link": "https://news.google.com/articles/CBMiYGh0dHBzOi8vd3d3LnBvbGl0aWNvLmNvbS9uZXdzLzIwMjQvMDUvMTQvbWFyeWxhbmQtZGVtb2NyYXRpYy1zZW5hdGUtcHJpbWFyeS1sYXJyeS1ob2dhbi0wMDE1NzM5OdIBAA?hl=en-US&gl=US&ceid=US%3Aen",
            "og": "https://encrypted-tbn0.gstatic.com/images?q=tbn:ANd9GcTYiywO903CQ0OFQsIAy7UNlVD4jrSsOPetFMMc1qd1hRafWHSuLXjWIgIEpOWMXZY",
            "source": "POLITICO",
            "source_icon": "https://encrypted-tbn1.gstatic.com/faviconV2?url=https://www.politico.com&client=NEWS_360&size=96&type=FAVICON&fallback_opts=TYPE,SIZE,URL",
            "title": "Dems' ugliest Senate primary ends with a bad grand prize: Facing Larry Hogan"
        },
        {
            "link": "https://news.google.com/articles/CBMiZ2h0dHBzOi8vd3d3Lm5iY25ld3MuY29tL25ld3MvdXMtbmV3cy9ib2R5LWZvdW5kLXNlYXJjaC1tYW4td2VudC1jb2xvcmFkby1yaXZlci1ob21lbWFkZS1yYWZ0LXJjbmExNTIwOTbSAStodHRwczovL3d3dy5uYmNuZXdzLmNvbS9uZXdzL2FtcC9yY25hMTUyMDk2?hl=en-US&gl=US&ceid=US%3Aen",
            "og": "https://encrypted-tbn3.gstatic.com/images?q=tbn:ANd9GcTOhrkUV18BNkY3nsDLqf0aCtMp9MMDmw_sEQzldZMYctQGDiem2ulYpDHvGyOxsykiJaQNbsFVDBtSmXjMwwzHQBTvW77Vr-b2arRjXiSFU9Zytw",
            "source": "NBC News",
            "source_icon": "https://encrypted-tbn1.gstatic.com/faviconV2?url=https://www.nbcnews.com&client=NEWS_360&size=96&type=FAVICON&fallback_opts=TYPE,SIZE,URL",
            "title": "Body found in search of man who went into Colorado River on homemade raft"
        },
        {
            "link": "https://news.google.com/articles/CBMiZGh0dHBzOi8vYXBuZXdzLmNvbS9hcnRpY2xlL3doaXRleS1idWxnZXItcHJpc29uLWtpbGxpbmctcGxlYS1jaGFuZ2UtOGY5ZWUxYjlkMTY5ODliZDY5ZTE0NGM4MDIyNWIxYTDSAQA?hl=en-US&gl=US&ceid=US%3Aen",
            "og": "https://encrypted-tbn3.gstatic.com/images?q=tbn:ANd9GcRldTJpG68XCCr2DbO8ZOpdacW4QMyPrizNgNYKJnj4eaEawvCvAPL2rI1PkfzjuwSuM4awo-9QD68fT-sHMd71V01q",
            "source": "The Associated Press",
            "source_icon": "https://encrypted-tbn2.gstatic.com/faviconV2?url=https://apnews.com&client=NEWS_360&size=96&type=FAVICON&fallback_opts=TYPE,SIZE,URL",
            "title": "3 men charged in Whitey Bulger's 2018 prison killing have plea deals, prosecutors say"
        },
        {
            "link": "https://news.google.com/articles/CBMiMWh0dHBzOi8vd3d3LmJiYy5jb20vbmV3cy93b3JsZC11cy1jYW5hZGEtNjkwMDY0NTXSATVodHRwczovL3d3dy5iYmMuY29tL25ld3Mvd29ybGQtdXMtY2FuYWRhLTY5MDA2NDU1LmFtcA?hl=en-US&gl=US&ceid=US%3Aen",
            "og": "https://encrypted-tbn0.gstatic.com/images?q=tbn:ANd9GcRWC5hWBeGuw2iNm16s2IdpTaEEb_5F-1p80QOOroyx2cx1J9mK8-1x1PPNx9xa_WJyscd2eNaRatFGkE7S8yW-WbEPKrBwgWEiUVxWCCl9ykdXdQ",
            "source": "BBC.com",
            "source_icon": "https://encrypted-tbn2.gstatic.com/faviconV2?url=https://www.bbc.com&client=NEWS_360&size=96&type=FAVICON&fallback_opts=TYPE,SIZE,URL",
            "title": "Michael Cohen details what life was like as Trump's lawyer"
        },
        {
            "link": "https://news.google.com/articles/CBMibWh0dHBzOi8vd3d3LmZveG5ld3MuY29tL3VzL2NvbGxhcHNlZC1mcmFuY2lzLXNjb3R0LWtleS1icmlkZ2UtZGV0b25hdGVkLWhlbHAtZnJlZS1zaGlwLWZyb20tcG9ydC1vZi1iYWx0aW1vcmXSAXFodHRwczovL3d3dy5mb3huZXdzLmNvbS91cy9jb2xsYXBzZWQtZnJhbmNpcy1zY290dC1rZXktYnJpZGdlLWRldG9uYXRlZC1oZWxwLWZyZWUtc2hpcC1mcm9tLXBvcnQtb2YtYmFsdGltb3JlLmFtcA?hl=en-US&gl=US&ceid=US%3Aen",
            "og": "https://encrypted-tbn0.gstatic.com/images?q=tbn:ANd9GcTimXCfTYyXN-e82R00ARVTQM4W5J10nLGZSdpTwQ-nRNrE2TYA76pBQxRz2NwRfY2DkcsIQNDAoR249txr_h10zdiruoeiksXwMzbAkxeo4KFBWA",
            "source": "Fox News",
            "source_icon": "https://encrypted-tbn3.gstatic.com/faviconV2?url=https://www.foxnews.com&client=NEWS_360&size=96&type=FAVICON&fallback_opts=TYPE,SIZE,URL",
            "title": "Collapsed Francis Scott Key Bridge detonated to help free ship from Port of Baltimore"
        },
        {
            "link": "https://news.google.com/articles/CBMiTmh0dHBzOi8vd3d3Lm55dGltZXMuY29tLzIwMjQvMDUvMTMvdXMvcG9saXRpY3MvYmxpbmtlbi11a3JhaW5lLXJ1c3NpYS13YXIuaHRtbNIBAA?hl=en-US&gl=US&ceid=US%3Aen",
            "og": "https://encrypted-tbn3.gstatic.com/images?q=tbn:ANd9GcSGjXfdJJY3rSBZrjThrIBMauW1_bB0864FUWimUiZhq-m99R4CaBivlFGvukQjhf7O5sD-scc4AZqNpQpv2dr_hv22v7FMs8jGeoqZAabBGlncpw",
            "source": "The New York Times",
            "source_icon": "https://encrypted-tbn2.gstatic.com/faviconV2?url=https://www.nytimes.com&client=NEWS_360&size=96&type=FAVICON&fallback_opts=TYPE,SIZE,URL",
            "title": "On Surprise Visit to Ukraine, Blinken Reassures Zelensky of U.S. Support"
        },
        {
            "link": "https://news.google.com/articles/CBMiUmh0dHBzOi8vd3d3LnBvbGl0aWNvLmNvbS9uZXdzLzIwMjQvMDUvMTMvanVyeS1zZWxlY3Rpb24tYm9iLW1lbmVuZGV6LWNhc2UtMDAxNTc3NjfSAQA?hl=en-US&gl=US&ceid=US%3Aen",
            "og": "https://encrypted-tbn1.gstatic.com/images?q=tbn:ANd9GcQ7y-SQr09FLBRWFcqtC3gXijVOmHyj082873Gu27Xi_NRMBi5iFaPZ11eG0IWJ_58",
            "source": "POLITICO",
            "source_icon": "https://encrypted-tbn1.gstatic.com/faviconV2?url=https://www.politico.com&client=NEWS_360&size=96&type=FAVICON&fallback_opts=TYPE,SIZE,URL",
            "title": "Menendez trial doesn't have a full jury yet, but he's not the main reason why"
        },
        {
            "link": "https://news.google.com/articles/CBMiRmh0dHBzOi8vd3d3Lm55dGltZXMuY29tLzIwMjQvMDUvMTMvbnlyZWdpb24vYm93bWFuLWxhdGltZXItZGViYXRlLmh0bWzSAQA?hl=en-US&gl=US&ceid=US%3Aen",
            "og": "https://encrypted-tbn0.gstatic.com/images?q=tbn:ANd9GcTkD-MKAqZw6mUnk-yrvv2VX41x15nmXjC-D1m-f2IvRI34QhyNe64VviA0IY8GgIashfUaI6zzJcMKhKsltj-w87DSe95xbdSYFI6jJwaoK7SLBw",
            "source": "The New York Times",
            "source_icon": "https://encrypted-tbn2.gstatic.com/faviconV2?url=https://www.nytimes.com&client=NEWS_360&size=96&type=FAVICON&fallback_opts=TYPE,SIZE,URL",
            "title": "Democrats' Split Over Israel Takes Center Stage in Tense Primary Debate"
        },
        {
            "link": "https://news.google.com/articles/CBMicWh0dHBzOi8vd3d3LnBicy5vcmcvbmV3c2hvdXIvc2hvdy90YW1hcmEta2VpdGgtYW5kLWFteS13YWx0ZXItb24tcG9sbHMtc2hvd2luZy1iaWRlbi10cmFpbGluZy10cnVtcC1pbi1rZXktc3RhdGVz0gF1aHR0cHM6Ly93d3cucGJzLm9yZy9uZXdzaG91ci9hbXAvc2hvdy90YW1hcmEta2VpdGgtYW5kLWFteS13YWx0ZXItb24tcG9sbHMtc2hvd2luZy1iaWRlbi10cmFpbGluZy10cnVtcC1pbi1rZXktc3RhdGVz?hl=en-US&gl=US&ceid=US%3Aen",
            "og": "https://encrypted-tbn2.gstatic.com/images?q=tbn:ANd9GcQyZeV0GMquk42G9dy7Hh1bztU67k1T7QRiGuAQOoOVPmZSgqzLRyVdoHMeXnOsM2IYYgKt_r1_cAuPcV65pIkC2JsF7nxfqH5juBz41cLyfcFr8Q",
            "source": "PBS NewsHour",
            "source_icon": "https://encrypted-tbn1.gstatic.com/faviconV2?url=https://www.pbs.org&client=NEWS_360&size=96&type=FAVICON&fallback_opts=TYPE,SIZE,URL",
            "title": "Tamara Keith and Amy Walter on polls showing Biden trailing Trump in key states"
        },
        {
            "link": "https://news.google.com/articles/CBMiZ2h0dHBzOi8vd3d3LnRoZWRhaWx5YmVhc3QuY29tL2plcnJ5LXNlaW5mZWxkcy0xNy15ZWFyLW9sZC1naXJsZnJpZW5kLXNhZ2EtcmVzdXJmYWNlcy1hZnRlci1kdWtlLXdhbGtvdXTSAQA?hl=en-US&gl=US&ceid=US%3Aen",
            "og": "https://encrypted-tbn2.gstatic.com/images?q=tbn:ANd9GcStCo1v31G4-k7pBf5dkg95FJgoQof67ihfc-36a4j2dn9BuVaiYgCBbM2ph0HDVzVrV-nvuLwmPE8",
            "source": "The Daily Beast",
            "source_icon": "https://encrypted-tbn0.gstatic.com/faviconV2?url=https://www.thedailybeast.com&client=NEWS_360&size=96&type=FAVICON&fallback_opts=TYPE,SIZE,URL",
            "title": "Jerry Seinfeld's Teen Girlfriend Saga Resurfaces After Duke Walkout"
        },
        {
            "link": "https://news.google.com/articles/CBMicmh0dHBzOi8vYWJjbmV3cy5nby5jb20vUG9saXRpY3MvdHJ1bXAtYWxsaWVzLXBvdGVudGlhbC12cC1jb250ZW5kZXJzLWZsb2NrLW1hbmhhdHRhbi1jb3VydGhvdXNlL3N0b3J5P2lkPTExMDE4MzkxMNIBdmh0dHBzOi8vYWJjbmV3cy5nby5jb20vYW1wL1BvbGl0aWNzL3RydW1wLWFsbGllcy1wb3RlbnRpYWwtdnAtY29udGVuZGVycy1mbG9jay1tYW5oYXR0YW4tY291cnRob3VzZS9zdG9yeT9pZD0xMTAxODM5MTA?hl=en-US&gl=US&ceid=US%3Aen",
            "og": "https://encrypted-tbn0.gstatic.com/images?q=tbn:ANd9GcTJAxC9sU4RJF0fSuEmKR_V-SLTvFIlpP-_8wH2iMo-0E4mJpWk6PnKBCkFy0XUi0N4jgFvBy7r70eP7YlcqMVe44rXjHuQa7bEzK_eiWQF4OHsmQ",
            "source": "ABC News",
            "source_icon": "https://encrypted-tbn3.gstatic.com/faviconV2?url=https://abcnews.go.com&client=NEWS_360&size=96&type=FAVICON&fallback_opts=TYPE,SIZE,URL",
            "title": "Trump allies, potential VP contenders flock to Manhattan courthouse"
        },
        {
            "link": "https://news.google.com/articles/CBMiamh0dHBzOi8vd3d3LmNuYmMuY29tLzIwMjQvMDUvMTQvdXMtb3JkZXJzLWNoaW5lc2UtYmFja2VkLWNyeXB0by1taW5lci10by1zZWxsLWxhbmQtbmVhci1taWxpdGFyeS1iYXNlLmh0bWzSAW5odHRwczovL3d3dy5jbmJjLmNvbS9hbXAvMjAyNC8wNS8xNC91cy1vcmRlcnMtY2hpbmVzZS1iYWNrZWQtY3J5cHRvLW1pbmVyLXRvLXNlbGwtbGFuZC1uZWFyLW1pbGl0YXJ5LWJhc2UuaHRtbA?hl=en-US&gl=US&ceid=US%3Aen",
            "og": "https://encrypted-tbn2.gstatic.com/images?q=tbn:ANd9GcToYBqn-z68yFdznX3AzSy04RA2HukoGDWeEwUhSw9hpW6aSmhQ5mmfutaIISH3ghwg-ErVNJxQRyaWRjhrd64Ch4XNXYfRrpax_RbJ2z2CuMVj0w",
            "source": "CNBC",
            "source_icon": "https://encrypted-tbn0.gstatic.com/faviconV2?url=https://www.cnbc.com&client=NEWS_360&size=96&type=FAVICON&fallback_opts=TYPE,SIZE,URL",
            "title": "U.S. orders Chinese-backed crypto miner to sell land near nuclear missile base"
        },
        {
            "link": "https://news.google.com/articles/CBMieWh0dHBzOi8vd3d3Lm5iY25ld3MuY29tL3BvbGl0aWNzL3BvbGl0aWNzLW5ld3MvYXJpem9uYS1zdXByZW1lLWNvdXJ0LXB1c2hlcy1iYWNrLWVuZm9yY2VtZW50LTE4NjQtYWJvcnRpb24tYmFuLXJjbmExNTIwOTLSAStodHRwczovL3d3dy5uYmNuZXdzLmNvbS9uZXdzL2FtcC9yY25hMTUyMDky?hl=en-US&gl=US&ceid=US%3Aen",
            "og": "https://encrypted-tbn2.gstatic.com/images?q=tbn:ANd9GcRmgZS93WqFfJ9DuJGWz-7ifjNO_ZKXn1gjM1MuYa4NqVo9dsgD5r66AC48D9P7JInMMI63WrsEZfMlVfjKfzYaXUrctC7wg96oPVHSmxUY8SR7Aw",
            "source": "NBC News",
            "source_icon": "https://encrypted-tbn1.gstatic.com/faviconV2?url=https://www.nbcnews.com&client=NEWS_360&size=96&type=FAVICON&fallback_opts=TYPE,SIZE,URL",
            "title": "Arizona Supreme Court pushes back enforcement of 1864 abortion ban"
        },
        {
            "link": "https://news.google.com/articles/CBMiYmh0dHBzOi8vd3d3LndjdHYudHYvMjAyNC8wNS8xNC9maXJzdC1hbGVydC13ZWF0aGVyLWRheS1zdHJvbmctc3Rvcm1zLW1vdmUtdGhyb3VnaC10dWVzZGF5LW1vcm5pbmcv0gFxaHR0cHM6Ly93d3cud2N0di50di8yMDI0LzA1LzE0L2ZpcnN0LWFsZXJ0LXdlYXRoZXItZGF5LXN0cm9uZy1zdG9ybXMtbW92ZS10aHJvdWdoLXR1ZXNkYXktbW9ybmluZy8_b3V0cHV0VHlwZT1hbXA?hl=en-US&gl=US&ceid=US%3Aen",
            "og": "https://encrypted-tbn1.gstatic.com/images?q=tbn:ANd9GcT3a9mM4TviUojvUvbpwc85wWQkC7xOZu6dNwOtmGLtqbI7kVM2U52C7qMY9tlxZLN1L9eTauXcUY6AeSNhLQ6__mzCNa6F-Y3pIKu9EHtq7rYCmQ",
            "source": "WCTV",
            "source_icon": "https://encrypted-tbn1.gstatic.com/faviconV2?url=https://www.wctv.tv&client=NEWS_360&size=96&type=FAVICON&fallback_opts=TYPE,SIZE,URL",
            "title": "First Alert Weather Day: Strong storms to move through Tuesday morning"
        },
        {
            "link": "https://news.google.com/articles/CBMiWmh0dHBzOi8va3RsYS5jb20vbmV3cy9sb2NhbC1uZXdzL3ZpZGVvLXNob3dzLW1vbWVudC1vZi1mYXRhbC1wYXNhZGVuYS1jcmFzaC10aGF0LWtpbGxlZC0zL9IBXmh0dHBzOi8va3RsYS5jb20vbmV3cy9sb2NhbC1uZXdzL3ZpZGVvLXNob3dzLW1vbWVudC1vZi1mYXRhbC1wYXNhZGVuYS1jcmFzaC10aGF0LWtpbGxlZC0zL2FtcC8?hl=en-US&gl=US&ceid=US%3Aen",
            "og": "https://encrypted-tbn2.gstatic.com/images?q=tbn:ANd9GcSs5JGPUMkkKasWrrgF_aKVJrW6dbZ2s2F4NxVlQPRkmoLigVgI4elfvdGU5ACXkkj5VR4u8PMujjxjxmuRZWWeGW4_pIsrhyORmQU1ODnTyEkTqA",
            "source": "KTLA Los Angeles",
            "source_icon": "https://encrypted-tbn2.gstatic.com/faviconV2?url=https://ktla.com&client=NEWS_360&size=96&type=FAVICON&fallback_opts=TYPE,SIZE,URL",
            "title": "Video shows moment of fatal Pasadena crash that killed 3"
        },
        {
            "link": "https://news.google.com/articles/CBMiWmh0dHBzOi8vd3d3LmF4aW9zLmNvbS8yMDI0LzA1LzE0L2p1c3RpY2UtZGVwYXJ0bWVudC1lbGVjdGlvbi13b3JrZXJzLXRocmVhdHMtYWktdGVjaG5vbG9nedIBAA?hl=en-US&gl=US&ceid=US%3Aen",
            "og": "https://encrypted-tbn1.gstatic.com/images?q=tbn:ANd9GcR2uL-p54S5BBd4CSEuH7bfw81H4wlG2K9SVYy8CL-bQo-sD5GmqXw4a4EZLy6hBTfWQk3-Cio6s5LNwc7XPar_R0qy4MeaaWURB1zNZ69UcExYFA",
            "source": "Axios",
            "source_icon": "https://encrypted-tbn0.gstatic.com/faviconV2?url=https://www.axios.com&client=NEWS_360&size=96&type=FAVICON&fallback_opts=TYPE,SIZE,URL",
            "title": "Justice Department: Poll workers face AI-fueled threats ahead of election"
        },
        {
            "link": "https://news.google.com/articles/CBMiXmh0dHBzOi8vd3d3LmtjY2kuY29tL2FydGljbGUvZm9ybWVyLWlvd2EtcHJpZXN0LWFwcGVhcnMtaW4tY291cnQtb24tc2V4LWFidXNlLWNoYXJnZXMvNjA3Nzg3OTfSAQA?hl=en-US&gl=US&ceid=US%3Aen",
            "og": "https://encrypted-tbn1.gstatic.com/images?q=tbn:ANd9GcTQxR2bnBi5Hwju6ii_LF6ZN4QuyZylc08yFWW0nS5SvSsYA_bYPsg00lfTMQZtQLDSy0Yq35x-Vkol4Hqa-dgt",
            "source": "KCCI Des Moines",
            "source_icon": "https://encrypted-tbn3.gstatic.com/faviconV2?url=https://www.kcci.com&client=NEWS_360&size=96&type=FAVICON&fallback_opts=TYPE,SIZE,URL",
            "title": "Former Iowa priest appears in court on sex abuse charges"
        },
        {
            "link": "https://news.google.com/articles/CBMieWh0dHBzOi8vd3d3LnNlYXR0bGV0aW1lcy5jb20vc2VhdHRsZS1uZXdzL2xhdy1qdXN0aWNlL21hbi1hcnJlc3RlZC1pbi1kZWFkbHktc3RhYmJpbmctYXQtY2FwaXRvbC1oaWxsLWxpZ2h0LXJhaWwtc3RhdGlvbi_SAQA?hl=en-US&gl=US&ceid=US%3Aen",
            "og": "https://encrypted-tbn0.gstatic.com/images?q=tbn:ANd9GcS1hym1O74sRB-zizxeK9eRbFysxE8iReh2gGFsVxki6rC2KXhfXbr4o_SK1QzCwKD858ePFyZQ2xdFvlUSerw_SQpoBQ75W9_7MbsIm_Io6LR3aA",
            "source": "The Seattle Times",
            "source_icon": "https://encrypted-tbn1.gstatic.com/faviconV2?url=https://www.seattletimes.com&client=NEWS_360&size=96&type=FAVICON&fallback_opts=TYPE,SIZE,URL",
            "title": "Man arrested in deadly stabbing at Capitol Hill light rail station"
        },
        {
            "link": "https://news.google.com/articles/CBMibGh0dHBzOi8vd3d3Lm5iY25ld3MuY29tL25ld3MvdXMtbmV3cy9tYW4td2hvc2UtbW9tLXNpc3RlcnMtZm91bmQtZGVhZC1tb3RoZXJzLWRheS1raWxsZWQtZ3VuZmlnaHQtcmNuYTE1MjA4M9IBK2h0dHBzOi8vd3d3Lm5iY25ld3MuY29tL25ld3MvYW1wL3JjbmExNTIwODM?hl=en-US&gl=US&ceid=US%3Aen",
            "og": "https://encrypted-tbn1.gstatic.com/images?q=tbn:ANd9GcQSnJiYmDcUKAF6NZXdih_d4tzNx1X5E__37KDPaInl7C_hanpamnuWXlW-tLl3yy8p88DKFa2ni1Ko0yNBmB7I12ejaecuZBv1xSX1Q-uLyZILdw",
            "source": "NBC News",
            "source_icon": "https://encrypted-tbn1.gstatic.com/faviconV2?url=https://www.nbcnews.com&client=NEWS_360&size=96&type=FAVICON&fallback_opts=TYPE,SIZE,URL",
            "title": "Man whose mom, sisters were found dead on Mother's Day is killed in gunfight"
        },
        {
            "link": "https://news.google.com/articles/CBMiVmh0dHBzOi8vd3d3Lndhc2hpbmd0b25wb3N0LmNvbS9wb2xpdGljcy8yMDI0LzA1LzEzL3dpc2NvbnNpbi1zdXByZW1lLWNvdXJ0LWRyb3AtYm94ZXMv0gEA?hl=en-US&gl=US&ceid=US%3Aen",
            "og": "https://encrypted-tbn0.gstatic.com/images?q=tbn:ANd9GcTfXiQDv34a1MU24LT1sX1Df0Q1T9B29sdy-tkryTBSJd2x4ntiDxr6nedRnRYK-kdDH08PRj7nHBfB0vlPYXMkqhkqJh01yUgRNugWxL4P38vwNg",
            "source": "The Washington Post",
            "source_icon": "https://encrypted-tbn3.gstatic.com/faviconV2?url=https://www.washingtonpost.com&client=NEWS_360&size=96&type=FAVICON&fallback_opts=TYPE,SIZE,URL",
            "title": "Wisconsin's top court signals it will reinstate ballot drop boxes"
        },
        {
            "link": "https://news.google.com/articles/CBMimwFodHRwczovL3d3dy5raW5nNS5jb20vYXJ0aWNsZS9uZXdzL2xvY2FsL2RhdmUtcmVpY2hlcnQtZGlzYXBwb2ludGVkLWFib3V0LWJvYi1mZXJndXNvbnMtd2FzaGluZ3Rvbi1nb3Zlcm5vci1iYWxsb3QvMjgxLWM2ZTVhNDcwLWM4MDgtNDRiZi1hZTc3LTI4MzJkYzRmNTE4MdIBAA?hl=en-US&gl=US&ceid=US%3Aen",
            "og": "https://encrypted-tbn0.gstatic.com/images?q=tbn:ANd9GcRCaQ1lq1D9I-v2k-9KErp_rcm_-j36gQf2NDxZO5tCjsoGApUP-P4unLoGqeZ6l0wU1SmoxEAuFy0EaazGa_WjpQNavyZlhnaXX8LJlbg2C2sT4A",
            "source": "KING5.com",
            "source_icon": "https://encrypted-tbn2.gstatic.com/faviconV2?url=https://www.king5.com&client=NEWS_360&size=96&type=FAVICON&fallback_opts=TYPE,SIZE,URL",
            "title": "Dave Reichert 'disappointed' about Bob Fergusons on Washington governor ballot"
        },
        {
            "link": "https://news.google.com/articles/CBMiVWh0dHBzOi8vd3d3LmZveHdlYXRoZXIuY29tL3dlYXRoZXItbmV3cy9sYWtlLWNoYXJsZXMtbG91aXNpYW5hLXRvcm5hZG8td2FsbWFydC1kYW1hZ2XSAVlodHRwczovL3d3dy5mb3h3ZWF0aGVyLmNvbS93ZWF0aGVyLW5ld3MvbGFrZS1jaGFybGVzLWxvdWlzaWFuYS10b3JuYWRvLXdhbG1hcnQtZGFtYWdlLmFtcA?hl=en-US&gl=US&ceid=US%3Aen",
            "og": "https://encrypted-tbn3.gstatic.com/images?q=tbn:ANd9GcRoiUajfP5ksqEe-10n50_VAyhRoNor2qeZYmFJlTxmfz_98tTm7eeMh5w3dNpoIzkOsKHMvAIj34SM3kxzwmKIvtZXNUHZL_VgCRWGWYDNDhynzg",
            "source": "Fox Weather",
            "source_icon": "https://encrypted-tbn3.gstatic.com/faviconV2?url=https://www.foxweather.com&client=NEWS_360&size=96&type=FAVICON&fallback_opts=TYPE,SIZE,URL",
            "title": "Possible tornado leaves trail of damage across southwest Louisiana town"
        },
        {
            "link": "https://news.google.com/articles/CBMicGh0dHBzOi8vd3d3Lmhhd2FpaW5ld3Nub3cuY29tLzIwMjQvMDUvMTMvc2V2ZXJhbC12ZWhpY2xlcy1zdGFsbGVkLWZsYXNoLWZsb29kaW5nLWgtMy1mcmVld2F5LWthbWVoYW1laGEtaGlnaHdheS_SAQA?hl=en-US&gl=US&ceid=US%3Aen",
            "og": "https://encrypted-tbn2.gstatic.com/images?q=tbn:ANd9GcQNApGQe41yig2lUs7duIOdSdU7YVUgfoK8ty89byVGQ3nkBvMb9ZfvdxmdYaL_63qp9gFuWU6W4Yk7dWT0j6Gyh5SZpK3gVU7WYiz1HyP0w8oqzQ",
            "source": "Hawaii News Now",
            "source_icon": "https://encrypted-tbn1.gstatic.com/faviconV2?url=https://www.hawaiinewsnow.com&client=NEWS_360&size=96&type=FAVICON&fallback_opts=TYPE,SIZE,URL",
            "title": "Torrential rains pummel Windward Oahu, inundating major roads and triggering landslides"
        },
        {
            "link": "https://news.google.com/articles/CBMiWmh0dHBzOi8vd3d3LnBvbGl0aWNvLmNvbS9uZXdzLzIwMjQvMDUvMTMvcmZrLWpyLWdldHRpbmctb24tYmFsbG90cy1hcm91bmQtY291bnRyeS0wMDE1Nzc4MNIBAA?hl=en-US&gl=US&ceid=US%3Aen",
            "og": "https://encrypted-tbn2.gstatic.com/images?q=tbn:ANd9GcRixmFN6NxdtarlQFer3R-fMjOxbkIoyr7Pd2dMN_3yN1Lkl6PuJ84NweVlcNUS61E",
            "source": "POLITICO",
            "source_icon": "https://encrypted-tbn1.gstatic.com/faviconV2?url=https://www.politico.com&client=NEWS_360&size=96&type=FAVICON&fallback_opts=TYPE,SIZE,URL",
            "title": "RFK Jr. is defying the odds — against getting on ballots around the country"
        },
        {
            "link": "https://news.google.com/articles/CBMigQFodHRwczovL2FiYzcuY29tL3Bvc3QvbG91aXNpYW5hLXBhcmlzaGlvbmVycy1zdG9wLXRlZW4td2l0aC1ndW4td2hvLXdhbGtlZC1pbnRvLWNodXJjaC1kdXJpbmctbWFzcy1hYmJldmlsbGUtcG9saWNlLXNheS8xNDgxMDEyNy_SAYUBaHR0cHM6Ly9hYmM3LmNvbS9hbXAvcG9zdC9sb3Vpc2lhbmEtcGFyaXNoaW9uZXJzLXN0b3AtdGVlbi13aXRoLWd1bi13aG8td2Fsa2VkLWludG8tY2h1cmNoLWR1cmluZy1tYXNzLWFiYmV2aWxsZS1wb2xpY2Utc2F5LzE0ODEwMTI3Lw?hl=en-US&gl=US&ceid=US%3Aen",
            "og": "https://encrypted-tbn3.gstatic.com/images?q=tbn:ANd9GcSWSsYxb-iuJMoSBZ_fZSIm9GAfdU3ChrpavO8n1w4szKGg9KwDvJlzOf8OqrXFYtYg7mwuNPsQ4uClzYEJZ3REd4U4zrC55mF5Yin_4Lf1onlSIw",
            "source": "KABC-TV",
            "source_icon": "https://encrypted-tbn1.gstatic.com/faviconV2?url=https://abc7.com&client=NEWS_360&size=96&type=FAVICON&fallback_opts=TYPE,SIZE,URL",
            "title": "Louisiana parishioners stop teen with gun who walked into church during Mass, Abbeville police say"
        },
        {
            "link": "https://news.google.com/articles/CBMiXmh0dHBzOi8vd3d3LnRoZWd1YXJkaWFuLmNvbS91cy1uZXdzL2FydGljbGUvMjAyNC9tYXkvMTMva3Jpc3RpLW5vZW0tYmFubmVkLXRyaWJlcy1zb3V0aC1kYWtvdGHSAV5odHRwczovL2FtcC50aGVndWFyZGlhbi5jb20vdXMtbmV3cy9hcnRpY2xlLzIwMjQvbWF5LzEzL2tyaXN0aS1ub2VtLWJhbm5lZC10cmliZXMtc291dGgtZGFrb3Rh?hl=en-US&gl=US&ceid=US%3Aen",
            "og": "https://encrypted-tbn3.gstatic.com/images?q=tbn:ANd9GcTZg9Ooxozd_pUvLinDC6PmT2evFo-aOfQVWCDN4115GAoKzvVDkBc1GcXVdN4ULXbGIqEfZNA2vBbQ9DRMt7B5puEz93YyLdFjIbQYw225pril5w",
            "source": "The Guardian US",
            "source_icon": "https://encrypted-tbn0.gstatic.com/faviconV2?url=https://www.theguardian.com&client=NEWS_360&size=96&type=FAVICON&fallback_opts=TYPE,SIZE,URL",
            "title": "Kristi Noem banned by two more Native tribes in South Dakota"
        },
        {
            "link": "https://news.google.com/articles/CBMiW2h0dHBzOi8vd3d3Lndhc2hpbmd0b25wb3N0LmNvbS9kYy1tZC12YS8yMDI0LzA1LzEzL3ZpcmdpbmlhLWJ1ZGdldC15b3VuZ2tpbi1hc3NlbWJseS10YXhlcy_SAQA?hl=en-US&gl=US&ceid=US%3Aen",
            "og": "https://encrypted-tbn1.gstatic.com/images?q=tbn:ANd9GcRjoqZ9v-L567m4ov1HOCpsWM53FnW8b7Usp_DWJme5QGb6kgYfpRvX8c08BHEkMJOkRQPzBKktoCrkanhgRiaPfG-irY3GfHJcuVHsRBNGzp8SuA",
            "source": "The Washington Post",
            "source_icon": "https://encrypted-tbn3.gstatic.com/faviconV2?url=https://www.washingtonpost.com&client=NEWS_360&size=96&type=FAVICON&fallback_opts=TYPE,SIZE,URL",
            "title": "Va. lawmakers avert budget crisis, approve bipartisan spending plan"
        },
        {
            "link": "https://news.google.com/articles/CBMibmh0dHBzOi8vYXBuZXdzLmNvbS9hcnRpY2xlL2hhcnJpcy1wcm9mYW5pdHktYXNpYW4tYW1lcmljYW5zLWFkdmljZS1jb25mZXJlbmNlLWU2MzdhMWVkOWUxMDJmY2UzNmRmNDlkMmJiYzliYWM50gEA?hl=en-US&gl=US&ceid=US%3Aen",
            "og": "https://encrypted-tbn2.gstatic.com/images?q=tbn:ANd9GcTsfPxlzp63QYSfKMRgGgyuB815ZWafGHrE4znbO9OFsCpvSdwRHVdrTu3XfcFu3orVDI4JoOb0mLN7PB-Za8GJJHwRz6UO6FODhFlDEFp_ONujRQ",
            "source": "The Associated Press",
            "source_icon": "https://encrypted-tbn2.gstatic.com/faviconV2?url=https://apnews.com&client=NEWS_360&size=96&type=FAVICON&fallback_opts=TYPE,SIZE,URL",
            "title": "Vice President Kamala Harris used a profanity while offering advice on breaking down barriers"
        },
        {
            "link": "https://news.google.com/articles/CBMiOmh0dHBzOi8vd3d3LmF4aW9zLmNvbS8yMDI0LzA1LzE0L2JpZGVuLXJ1c3NpYW4tdXJhbml1bS1iYW7SAQA?hl=en-US&gl=US&ceid=US%3Aen",
            "og": "https://encrypted-tbn1.gstatic.com/images?q=tbn:ANd9GcQILgs6ED1YAHmcbxivt2J5HHcF0ldZMuBc9WWOcO6NJUWfJB82zVQhDYdEpL3THXDC00df_-JWQ8dxjrCLjWzPXEG6blsVUOIWilzDFsqpr5liVw",
            "source": "Axios",
            "source_icon": "https://encrypted-tbn0.gstatic.com/faviconV2?url=https://www.axios.com&client=NEWS_360&size=96&type=FAVICON&fallback_opts=TYPE,SIZE,URL",
            "title": "Biden signs Russian uranium imports ban into law"
        },
        {
            "link": "https://news.google.com/articles/CBMiVmh0dHBzOi8vYWJjbmV3cy5nby5jb20vVVMvbWlhbWktd2F0ZXJza2lpbmctdGVlbi1raWxsZWQtYm9hdC1zb3VnaHQvc3Rvcnk_aWQ9MTEwMTgwMDYx0gFaaHR0cHM6Ly9hYmNuZXdzLmdvLmNvbS9hbXAvVVMvbWlhbWktd2F0ZXJza2lpbmctdGVlbi1raWxsZWQtYm9hdC1zb3VnaHQvc3Rvcnk_aWQ9MTEwMTgwMDYx?hl=en-US&gl=US&ceid=US%3Aen",
            "og": "https://encrypted-tbn0.gstatic.com/images?q=tbn:ANd9GcSTpmmUeCdrwnSQlz75589MgSZ9YxVgNzSYAHNUcrIqhZ5tkpAkP7KZfC08J9qpq2RpPC7FzQNpFjLiH_X8LST4kAO-Q1ACNVIR2fcgyuwC2sGIJA",
            "source": "ABC News",
            "source_icon": "https://encrypted-tbn3.gstatic.com/faviconV2?url=https://abcnews.go.com&client=NEWS_360&size=96&type=FAVICON&fallback_opts=TYPE,SIZE,URL",
            "title": "Boat sought in hit-and-run that killed teen wakeboarding in Miami area"
        },
        {
            "link": "https://news.google.com/articles/CBMiR2h0dHBzOi8vd3d3LmZveGJ1c2luZXNzLmNvbS9tZWRpYS9sYXJyeS1rdWRsb3ctZGVtb2NyYXRzLXJ1bm5pbmctc2NhcmVk0gFLaHR0cHM6Ly93d3cuZm94YnVzaW5lc3MuY29tL21lZGlhL2xhcnJ5LWt1ZGxvdy1kZW1vY3JhdHMtcnVubmluZy1zY2FyZWQuYW1w?hl=en-US&gl=US&ceid=US%3Aen",
            "og": "https://encrypted-tbn3.gstatic.com/images?q=tbn:ANd9GcRo9OewfRK8IKidNXdNszd-wCk1MTFSPBXJ_qxfz11U8SwBBWP_bplXLQlJoJi04qRKtSddQn064J1cfCNWTJQgkbvT4NZ5mBjutXYlrUDfETQZRg",
            "source": "Fox Business",
            "source_icon": "https://encrypted-tbn1.gstatic.com/faviconV2?url=https://www.foxbusiness.com&client=NEWS_360&size=96&type=FAVICON&fallback_opts=TYPE,SIZE,URL",
            "title": "LARRY KUDLOW: Democrats look like they're running scared"
        },
        {
            "link": "https://news.google.com/articles/CBMiS2h0dHBzOi8vd3d3Lm55dGltZXMuY29tLzIwMjQvMDUvMTMvdXMvYXJteS1vZmZpY2VyLXJlc2lnbnMtZ2F6YS1pc3JhZWwuaHRtbNIBAA?hl=en-US&gl=US&ceid=US%3Aen",
            "og": "https://encrypted-tbn0.gstatic.com/images?q=tbn:ANd9GcSOMWzezxp_UKBVqxKdorInCVOUs2ds04sbVuXF8FeqvFB1iWXv9CkpiBIhExpEcud3EuNy_tAfBmaCi_41tVSY6mhFbRDdGl85NJK30IcBfWzNSg",
            "source": "The New York Times",
            "source_icon": "https://encrypted-tbn2.gstatic.com/faviconV2?url=https://www.nytimes.com&client=NEWS_360&size=96&type=FAVICON&fallback_opts=TYPE,SIZE,URL",
            "title": "Army Officer Resigns in Protest of 'Unqualified' U.S. Support to Israel"
        },
        {
            "link": "https://news.google.com/articles/CBMicWh0dHBzOi8vd3d3Lm5iY25ld3MuY29tL25ld3Mvd29ybGQvaXNyYWVsLWJhdHRsZXMtaGFtYXMtbm9ydGhlcm4tZ2F6YS1qYWJhbGl5YS1yZWdyb3VwZWQtcmFmYWgtYmxpbmtlbi1yY25hMTUxOTE50gEraHR0cHM6Ly93d3cubmJjbmV3cy5jb20vbmV3cy9hbXAvcmNuYTE1MTkxOQ?hl=en-US&gl=US&ceid=US%3Aen",
            "og": "https://encrypted-tbn0.gstatic.com/images?q=tbn:ANd9GcQMyScUy_NC0jYYxZVF5PYE92mAehNqEIntd5V83WSwi319rldxfhFUzSgqQadA6WvU2JzYzGqybNLz7a9IVoPD7l7mdVy5mc2A-xqcA5RWohlnlQ",
            "source": "NBC News",
            "source_icon": "https://encrypted-tbn1.gstatic.com/faviconV2?url=https://www.nbcnews.com&client=NEWS_360&size=96&type=FAVICON&fallback_opts=TYPE,SIZE,URL",
            "title": "Israel battles regrouped Hamas in northern Gaza; U.S. warns Rafah assault risks 'anarchy'"
        },
        {
            "link": "https://news.google.com/articles/CBMidWh0dHBzOi8vd3d3LnRoZWd1YXJkaWFuLmNvbS91cy1uZXdzL2FydGljbGUvMjAyNC9tYXkvMTMvdW5pdmVyc2l0eS1vZi1ub3J0aC1jYXJvbGluYS1kZWktZnVuZGluZy1wdWJsaWMtc2FmZXR5LXBvbGljZdIBdWh0dHBzOi8vYW1wLnRoZWd1YXJkaWFuLmNvbS91cy1uZXdzL2FydGljbGUvMjAyNC9tYXkvMTMvdW5pdmVyc2l0eS1vZi1ub3J0aC1jYXJvbGluYS1kZWktZnVuZGluZy1wdWJsaWMtc2FmZXR5LXBvbGljZQ?hl=en-US&gl=US&ceid=US%3Aen",
            "og": "https://encrypted-tbn1.gstatic.com/images?q=tbn:ANd9GcSmTf_337RlzdhMMg6sLSLyCjCisoqq1t0dKRoNIlag-ky-ce-_DOSs1FeikiZvvunj9GKvHZOsLd-iXXsidG4NRUCo12uxoc4j5UJ8Vq7evVJWmQ",
            "source": "The Guardian US",
            "source_icon": "https://encrypted-tbn0.gstatic.com/faviconV2?url=https://www.theguardian.com&client=NEWS_360&size=96&type=FAVICON&fallback_opts=TYPE,SIZE,URL",
            "title": "University of North Carolina to divert $2.3m DEI budget to safety and policing"
        },
        {
            "link": "https://news.google.com/articles/CBMiXWh0dHBzOi8vYXBuZXdzLmNvbS9hcnRpY2xlL25lYnJhc2thLXJlcHVibGljYW4tcGFydHktcHJpbWFyeS01MjJlZGNhNmEzMzRlZjgyMDAwMTQ3MDFiY2IxNzJmMdIBAA?hl=en-US&gl=US&ceid=US%3Aen",
            "og": "https://encrypted-tbn0.gstatic.com/images?q=tbn:ANd9GcSrkjH0RpiKvY-0Jy35cqjwyPKplVLdxuphJDqXAvqFUAHK1isIWLKtkhqLlxYnkTPWqzPhKuPwg1cUI6Ff4XXE3zBQ",
            "source": "The Associated Press",
            "source_icon": "https://encrypted-tbn2.gstatic.com/faviconV2?url=https://apnews.com&client=NEWS_360&size=96&type=FAVICON&fallback_opts=TYPE,SIZE,URL",
            "title": "The Nebraska GOP is rejecting all Republican congressional incumbents in Tuesday's primary election"
        },
        {
            "link": "https://news.google.com/articles/CBMiZmh0dHBzOi8vd3d3LmV4cHJlc3NuZXdzLmNvbS9uZXdzL2FydGljbGUvY3VlbGxhci1hemVyYmFpamFuLXBsZWEtaG91c3Rvbi13b21hbi1hemVyYmFpamFuLTE5NDU0ODg3LnBocNIBAA?hl=en-US&gl=US&ceid=US%3Aen",
            "og": "https://encrypted-tbn1.gstatic.com/images?q=tbn:ANd9GcQyPlD45evlzzMd6uja_YYJuWf_48t_uRHkaka5PFRnnZcDFu3BH4M2qSiEKyYgB4DiBpGVKXdhaxGtXY5ztogR1xlbvo_xoOaABpvevb9ji7AfjA",
            "source": "San Antonio Express-News",
            "source_icon": "https://encrypted-tbn2.gstatic.com/faviconV2?url=https://www.expressnews.com&client=NEWS_360&size=96&type=FAVICON&fallback_opts=TYPE,SIZE,URL",
            "title": "Houston woman pleads guilty in Henry Cuellar bribery case"
        },
        {
            "link": "https://news.google.com/articles/CBMihAFodHRwczovL3d3dy5hbC5jb20vbmV3cy8yMDI0LzA1LzMtY2hpbGRyZW4tc2hvdC1pbi1iaXJtaW5naGFtLWNlbnRlci1wb2ludC1vbi1tb3RoZXJzLWRheS1pcy1hYnNvbHV0ZWx5LXVuYWNjZXB0YWJsZS1wb2xpY2Utc2F5Lmh0bWzSAZMBaHR0cHM6Ly93d3cuYWwuY29tL25ld3MvMjAyNC8wNS8zLWNoaWxkcmVuLXNob3QtaW4tYmlybWluZ2hhbS1jZW50ZXItcG9pbnQtb24tbW90aGVycy1kYXktaXMtYWJzb2x1dGVseS11bmFjY2VwdGFibGUtcG9saWNlLXNheS5odG1sP291dHB1dFR5cGU9YW1w?hl=en-US&gl=US&ceid=US%3Aen",
            "og": "https://encrypted-tbn3.gstatic.com/images?q=tbn:ANd9GcTrTQqSWsG3Uv7JCO8yRTx2s2CfBD0eg7BPrMAD4kxeY47NqNtzo-wzHOE1Pncnk5bkY4jqmrPXoeYVgf3myLWUmCtOsk_wgIE0kVMsC7vzedAKdw",
            "source": "AL.com",
            "source_icon": "https://encrypted-tbn0.gstatic.com/faviconV2?url=https://www.al.com&client=NEWS_360&size=96&type=FAVICON&fallback_opts=TYPE,SIZE,URL",
            "title": "3 children shot in Birmingham, Center Point on Mother’s Day is ‘absolutely unacceptable,’ police say"
        },
        {
            "link": "https://news.google.com/articles/CBMiaGh0dHBzOi8vd3d3LnRoZWd1YXJkaWFuLmNvbS91cy1uZXdzL2FydGljbGUvMjAyNC9tYXkvMTMvdHJ1bXAtcHJlc2lkZW50LWFnZW5kYS1jbGltYXRlLXBvbGljeS13aW5kLXBvd2Vy0gFoaHR0cHM6Ly9hbXAudGhlZ3VhcmRpYW4uY29tL3VzLW5ld3MvYXJ0aWNsZS8yMDI0L21heS8xMy90cnVtcC1wcmVzaWRlbnQtYWdlbmRhLWNsaW1hdGUtcG9saWN5LXdpbmQtcG93ZXI?hl=en-US&gl=US&ceid=US%3Aen",
            "og": "https://encrypted-tbn3.gstatic.com/images?q=tbn:ANd9GcQ--Am7ebNkF89sCJ5Sjq7w2wbPVG_gF62U2HoA5Xf0CMDSms855rXoJU_cLaxdG8SWkldExv4j2_Hw1jAaf-gWvUQprMAzEh1WcqxpQYfLStX4KA",
            "source": "The Guardian US",
            "source_icon": "https://encrypted-tbn0.gstatic.com/faviconV2?url=https://www.theguardian.com&client=NEWS_360&size=96&type=FAVICON&fallback_opts=TYPE,SIZE,URL",
            "title": "Trump pledges to scrap offshore wind projects on ‘day one’ of presidency"
        },
        {
            "link": "https://news.google.com/articles/CBMiYWh0dHBzOi8vYXBuZXdzLmNvbS9hcnRpY2xlL3NldmVyZS13ZWF0aGVyLXN0b3Jtcy10b3JuYWRvZXMtc291dGgtMTkzZGZiOTJmNGQ5NjQ2OWE2YmRiNWUzMjhjZWFkMDPSAQA?hl=en-US&gl=US&ceid=US%3Aen",
            "og": "https://encrypted-tbn1.gstatic.com/images?q=tbn:ANd9GcTll8mGWJna284m3OQnjRr8gT2y851Qx7anu-h6Pbkmm7hwesrNcV8DBJn_9z5ZZgPcpB3LhSSNUGKB3BqbT_6oQAoO",
            "source": "The Associated Press",
            "source_icon": "https://encrypted-tbn2.gstatic.com/faviconV2?url=https://apnews.com&client=NEWS_360&size=96&type=FAVICON&fallback_opts=TYPE,SIZE,URL",
            "title": "Severe storms blitz the US South again after one of the most active tornado periods in history"
        },
        {
            "link": "https://news.google.com/articles/CBMioQFodHRwczovL3d3dy5ib3N0b24yNW5ld3MuY29tL25ld3MvbG9jYWwvZGEtd29tYW4tZGVhZC1hbm90aGVyLXJlbWFpbnMtaG9zcGl0YWxpemVkLWFmdGVyLXVuZGVyZ29pbmctbWVkaWNhbC1wcm9jZWR1cmUtc29tZXJ2aWxsZS1ob21lL0ZFU01FWlRYSVpHQkhEWVc0NzdMVEdVN1NNL9IBsAFodHRwczovL3d3dy5ib3N0b24yNW5ld3MuY29tL25ld3MvbG9jYWwvZGEtd29tYW4tZGVhZC1hbm90aGVyLXJlbWFpbnMtaG9zcGl0YWxpemVkLWFmdGVyLXVuZGVyZ29pbmctbWVkaWNhbC1wcm9jZWR1cmUtc29tZXJ2aWxsZS1ob21lL0ZFU01FWlRYSVpHQkhEWVc0NzdMVEdVN1NNLz9vdXRwdXRUeXBlPWFtcA?hl=en-US&gl=US&ceid=US%3Aen",
            "og": "https://encrypted-tbn0.gstatic.com/images?q=tbn:ANd9GcQiyQUcu0mjpa9o0ZIR5ZZ18kUw--9uaHtal85QSauq073az63wgRq-pEWoRNys3-Xva-liny67zm05NT3X0sNuXWB5OUSsqU00g6GGRe05SRXk2g",
            "source": "Boston 25 News",
            "source_icon": "https://encrypted-tbn2.gstatic.com/faviconV2?url=https://www.boston25news.com&client=NEWS_360&size=96&type=FAVICON&fallback_opts=TYPE,SIZE,URL",
            "title": "DA: Woman dead, another remains hospitalized after undergoing medical procedure in Somerville home"
        },
        {
            "link": "https://news.google.com/articles/CBMiUWh0dHBzOi8vd3d3Lm55dGltZXMuY29tLzIwMjQvMDUvMTMvdXMvcG9saXRpY3MvdHJ1Y2std2hpdGUtaG91c2UtZ3VpbHR5LXBsZWEuaHRtbNIBAA?hl=en-US&gl=US&ceid=US%3Aen",
            "og": "https://encrypted-tbn3.gstatic.com/images?q=tbn:ANd9GcRR4lfPDtlLDL4rYRo7jZPgMGpRMerisV8i5Ypwv6y0Vuf-JHjadmB21figV_3Tvq9QahNCYRwzRn9ivbyldstgw5qPgErLWG274RtLFUBZXiRRzg",
            "source": "The New York Times",
            "source_icon": "https://encrypted-tbn2.gstatic.com/faviconV2?url=https://www.nytimes.com&client=NEWS_360&size=96&type=FAVICON&fallback_opts=TYPE,SIZE,URL",
            "title": "Driver of Truck That Hit White House Security Barriers Pleads Guilty"
        },
        {
            "link": "https://news.google.com/articles/CBMiY2h0dHBzOi8vd3d3LnBvbGl0aWNvLmNvbS9uZXdzLzIwMjQvMDUvMTMvY29udHJvdmVyc2lhbC1iaWxsLW92ZXJoYXVsLXB1YmxpYy1yZWNvcmRzLW11cnBoeS0wMDE1NzcwNtIBAA?hl=en-US&gl=US&ceid=US%3Aen",
            "og": "https://encrypted-tbn3.gstatic.com/images?q=tbn:ANd9GcRhSnpOg78qcor2bY5j8yCgmTU6cgCmR3de7_J4jGADqNEIQc77HFlktiwpjiAShWk",
            "source": "POLITICO",
            "source_icon": "https://encrypted-tbn1.gstatic.com/faviconV2?url=https://www.politico.com&client=NEWS_360&size=96&type=FAVICON&fallback_opts=TYPE,SIZE,URL",
            "title": "Controversial NJ bill to overhaul public records law heads to governor"
        },
        {
            "link": "https://news.google.com/articles/CBMilwFodHRwczovL3d3dy53a3ljLmNvbS9hcnRpY2xlL25ld3MvbG9jYWwvY3V5YWhvZ2EtY291bnR5L2V1Y2xpZC1wb2xpY2Utb2ZmaWNlci1qYWNvYi1kZXJiaW4tZnVuZXJhbC1hcnJhbmdlbWVudHMvOTUtOTQwM2IxMGItOWI5NC00ZTIzLWE3MjEtZDM2YWFkNzZmMmIx0gEA?hl=en-US&gl=US&ceid=US%3Aen",
            "og": "https://encrypted-tbn3.gstatic.com/images?q=tbn:ANd9GcTNN-Xy0f2L_GhPdgXokMMqCPNQAsPFPUAOEFiS8YxKCoy4NuS0saYORV8DAdoFfaf94HePCoK5tZRBYELNs_vxvfrnSqx6bKIKPnF-EuXRzbQBCA",
            "source": "WKYC.com",
            "source_icon": "https://encrypted-tbn2.gstatic.com/faviconV2?url=https://www.wkyc.com&client=NEWS_360&size=96&type=FAVICON&fallback_opts=TYPE,SIZE,URL",
            "title": "Remembering Jacob Derbin: Funeral arrangements announced for fallen Euclid police officer"
        },
        {
            "link": "https://news.google.com/articles/CBMiYGh0dHBzOi8vd3d3Lmt1dC5vcmcvZW5lcmd5LWVudmlyb25tZW50LzIwMjQtMDUtMTMvYXVzdGluLXRyYXZpcy1jb3VudHktc3Rvcm0tc2V2ZXJlLXdlYXRoZXItaGFpbNIBAA?hl=en-US&gl=US&ceid=US%3Aen",
            "og": "https://encrypted-tbn1.gstatic.com/images?q=tbn:ANd9GcRaU233NNo-KRuonNtndIH0Y0o-B8BWiBLiRfb4xHPyva59ahhY6O0DS6TTCJ7Olzom4GDwlz1NLg7juZfdIYAN9F2erjdV3WI7p6u3bojX6xtG_g",
            "source": "KUT",
            "source_icon": "https://encrypted-tbn0.gstatic.com/faviconV2?url=https://www.kut.org&client=NEWS_360&size=96&type=FAVICON&fallback_opts=TYPE,SIZE,URL",
            "title": "Austin area is at risk of severe thunderstorms and hail today"
        },
        {
            "link": "https://news.google.com/articles/CBMiamh0dHBzOi8vd3d3LmtvYWEuY29tL25ld3MvY292ZXJpbmctY29sb3JhZG8vZm9ydC1jYXJzb24tc29sZGllci1kZWFkLWZvbGxvd2luZy1ub24tY29tYmF0LXJlbGF0ZWQtZXhlcmNpc2XSAQA?hl=en-US&gl=US&ceid=US%3Aen",
            "og": "https://encrypted-tbn0.gstatic.com/images?q=tbn:ANd9GcQCCM6JNM46AR0ntub_aLPhAU4jPmUMs3qa0B4wre9-XHIvxs8k3LUPXUDkSGkpVBn_PgQYiiJN6Ax1vAxrw-Bq",
            "source": "KOAA News 5",
            "source_icon": "https://encrypted-tbn3.gstatic.com/faviconV2?url=https://www.koaa.com&client=NEWS_360&size=96&type=FAVICON&fallback_opts=TYPE,SIZE,URL",
            "title": "Fort Carson soldier dead following non-combat related exercise"
        },
        {
            "link": "https://news.google.com/articles/CBMie2h0dHBzOi8vd3d3Lm5ld3M1Y2xldmVsYW5kLmNvbS9uZXdzL3BvbGl0aWNzL29oaW8tcG9saXRpY3MvaGlnaC1ob3Blcy1mb3ItbWFyaWp1YW5hLXRvLWhpdC1zdG9yZS1zaGVsdmVzLXNvb25lci10aGlzLXN1bW1lctIBAA?hl=en-US&gl=US&ceid=US%3Aen",
            "og": "https://encrypted-tbn0.gstatic.com/images?q=tbn:ANd9GcRf1p573NFHkgSXVlOAFB0sDZrCdO-16YAG3UZNbxSjD3RHbfDhDqxyMVJHZmMoPP2a8GJr76mmNsnAcpdkeI76",
            "source": "News 5 Cleveland WEWS",
            "source_icon": "https://encrypted-tbn1.gstatic.com/faviconV2?url=https://www.news5cleveland.com&client=NEWS_360&size=96&type=FAVICON&fallback_opts=TYPE,SIZE,URL",
            "title": "High hopes for marijuana to hit store shelves sooner this summer"
        },
        {
            "link": "https://news.google.com/articles/CBMiigFodHRwczovL3d3dy5uYmNjaGljYWdvLmNvbS9uZXdzL2xvY2FsL2dsZW5icm9vay1zb3V0aC1oaWdoLXNjaG9vbC1yZWxlYXNlcy1zdGF0ZW1lbnQtYWZ0ZXItc3R1ZGVudC10cmFnaWNhbGx5LWtpbGxlZC1pbi1jYXItY3Jhc2gvMzQzNTQ4OS_SAZABaHR0cHM6Ly93d3cubmJjY2hpY2Fnby5jb20vbmV3cy9sb2NhbC9nbGVuYnJvb2stc291dGgtaGlnaC1zY2hvb2wtcmVsZWFzZXMtc3RhdGVtZW50LWFmdGVyLXN0dWRlbnQtdHJhZ2ljYWxseS1raWxsZWQtaW4tY2FyLWNyYXNoLzM0MzU0ODkvP2FtcD0x?hl=en-US&gl=US&ceid=US%3Aen",
            "og": "https://encrypted-tbn0.gstatic.com/images?q=tbn:ANd9GcR1CmOAoqwFx0jWGoMBQwfXpOjRddwcFT8Zn0WJ_npiaQDzhDiA20c9JOMWh_8ulztmI38iUyKIm9nDyRrZAQ97hBC2-YXlLtNHswRI9DIgeXjEKg",
            "source": "NBC Chicago",
            "source_icon": "https://encrypted-tbn1.gstatic.com/faviconV2?url=https://www.nbcchicago.com&client=NEWS_360&size=96&type=FAVICON&fallback_opts=TYPE,SIZE,URL",
            "title": "Glenbrook South High School releases message after student ‘tragically' killed in crash"
        },
        {
            "link": "https://news.google.com/articles/CBMiYmh0dHBzOi8vd3d3LnVzYXRvZGF5LmNvbS9zdG9yeS9uZXdzL2VkdWNhdGlvbi8yMDI0LzA1LzEzL2NoaWxkLWNhcmUtc3lzdGVtLXN0YXRpc3RpY3MvNzM2MDI5NjMwMDcv0gEA?hl=en-US&gl=US&ceid=US%3Aen",
            "og": "https://encrypted-tbn3.gstatic.com/images?q=tbn:ANd9GcTriHjTFbTpU538YkqlDMezaw_q6vLjSt_7KEwGXTfAVE_vbeMZumWuZ-iS6nczQwh3dkiIEoQpsgDqK4MJSroaBFyRrLmX8Z_Q9GhK2RkbpyO_-Q",
            "source": "USA TODAY",
            "source_icon": "https://encrypted-tbn0.gstatic.com/faviconV2?url=https://www.usatoday.com&client=NEWS_360&size=96&type=FAVICON&fallback_opts=TYPE,SIZE,URL",
            "title": "Child care is broken in the US: These 5 mind-blowing stats prove it"
        },
        {
            "link": "https://news.google.com/articles/CBMifGh0dHBzOi8vd3d3Lm5paC5nb3YvbmV3cy1ldmVudHMvbmV3cy1yZWxlYXNlcy9vdmVyLTExNS1taWxsaW9uLXBpbGxzLWNvbnRhaW5pbmctaWxsaWNpdC1mZW50YW55bC1zZWl6ZWQtbGF3LWVuZm9yY2VtZW50LTIwMjPSAQA?hl=en-US&gl=US&ceid=US%3Aen",
            "og": "https://encrypted-tbn3.gstatic.com/images?q=tbn:ANd9GcSAnDUcWElEHKvuz0NS9e4-b-J45vOraTPvAp_AQ0eDhAsgV0y3uE3GDHk4_K9rGsJvGKWookS-RGfFGHE3BrRn",
            "source": "National Institutes of Health (NIH) (.gov)",
            "source_icon": "https://encrypted-tbn0.gstatic.com/faviconV2?url=https://www.nih.gov&client=NEWS_360&size=96&type=FAVICON&fallback_opts=TYPE,SIZE,URL",
            "title": "Over 115 million pills containing illicit fentanyl seized by law enforcement in 2023"
        },
        {
            "link": "https://news.google.com/articles/CBMidGh0dHBzOi8vZmVkZXJhbG5ld3NuZXR3b3JrLmNvbS9hZ2VuY3ktb3ZlcnNpZ2h0LzIwMjQvMDUvZGVqb3ktYWdyZWVzLXRvLXBhdXNlLXNvbWUtdXNwcy1mYWNpbGl0eS1jaGFuZ2VzLXVudGlsLTIwMjUv0gEA?hl=en-US&gl=US&ceid=US%3Aen",
            "og": "https://encrypted-tbn3.gstatic.com/images?q=tbn:ANd9GcTwJxfg_tvwtR1WCNJYYmJ8JsWEutS94dmzpgjrMLjd4HXTK8RdiTpSTct87h0FiBBDVFeAuZQd3CJmBsE-AwjiTfJ7qNNp_zhS--zYtPTvmXowWQ",
            "source": "Federal News Network",
            "source_icon": "https://encrypted-tbn0.gstatic.com/faviconV2?url=https://federalnewsnetwork.com&client=NEWS_360&size=96&type=FAVICON&fallback_opts=TYPE,SIZE,URL",
            "title": "DeJoy agrees to pause some USPS facility changes until 2025"
        },
        {
            "link": "https://news.google.com/articles/CBMijAFodHRwczovL3d3dy50YWxsYWhhc3NlZS5jb20vc3RvcnkvbmV3cy9sb2NhbC9zdGF0ZS8yMDI0LzA1LzEzL2Rlc2FudGlzLWV4cGFuZHMtc3RhdGUtb2YtZW1lcmdlbmN5LWZvci10YWxsYWhhc3NlZS1ub3J0aC1mbG9yaWRhLzczNjc0NTMwMDA3L9IBAA?hl=en-US&gl=US&ceid=US%3Aen",
            "og": "https://encrypted-tbn3.gstatic.com/images?q=tbn:ANd9GcSBpVmSNXPk6B5IQGYE_tQMQlu6WBBYMew_9U3UAIAe4GT1A_O_z8wb0KaFfQSopOuMpOMx5GhgW6LQSHX4DZmCa4njd35o2_DCROoSjCBn7eeDhw",
            "source": "Tallahassee Democrat",
            "source_icon": "https://encrypted-tbn2.gstatic.com/faviconV2?url=https://www.tallahassee.com&client=NEWS_360&size=96&type=FAVICON&fallback_opts=TYPE,SIZE,URL",
            "title": "Florida Gov. DeSantis expands state of emergency for Tallahassee, North Florida"
        },
        {
            "link": "https://news.google.com/articles/CBMiYmh0dHBzOi8vd3d3LnBvbGl0aWNvLmNvbS9uZXdzLzIwMjQvMDUvMTMvYmlkZW4taW5mcmFzdHJ1Y3R1cmUtd2Vlay1ob3Blcy12b3RlcnMtbGlzdGVuaW5nLTAwMTU3NDQ40gEA?hl=en-US&gl=US&ceid=US%3Aen",
            "og": "https://encrypted-tbn3.gstatic.com/images?q=tbn:ANd9GcRjSomH1lFRLISTebkD3Gi2GbG4hUCjQPggUoABQtkt8gSoq4C0pOWV0zsSlzjWIUI",
            "source": "POLITICO",
            "source_icon": "https://encrypted-tbn1.gstatic.com/faviconV2?url=https://www.politico.com&client=NEWS_360&size=96&type=FAVICON&fallback_opts=TYPE,SIZE,URL",
            "title": "Biden celebrates 'Infrastructure Week' — and hopes voters are listening"
        },
        {
            "link": "https://news.google.com/articles/CBMiX2h0dHBzOi8vYXBuZXdzLmNvbS9hcnRpY2xlL2Fpcm1hbi1zaG90LWZsb3JpZGEtZGVwdXR5LW1pbGl0YXJ5LTkyMzVjYTY0MmE3MGYzNTg1YzM4ZTE5YWQ1MjljYzM50gEA?hl=en-US&gl=US&ceid=US%3Aen",
            "og": "https://encrypted-tbn1.gstatic.com/images?q=tbn:ANd9GcQvummb2qpJUhhgQ7Rbc4gnflqcZBo9MQtBgCIRTZfNPQgvYA12tQ3ki21IyHvE7dQIHt6ktW4ABWoEAOy4FkJ80lpL077oDQTi1U2NJCw4YK0tMg",
            "source": "The Associated Press",
            "source_icon": "https://encrypted-tbn2.gstatic.com/faviconV2?url=https://apnews.com&client=NEWS_360&size=96&type=FAVICON&fallback_opts=TYPE,SIZE,URL",
            "title": "Questions and grief linger at the apartment door where a deputy killed a US airman"
        },
        {
            "link": "https://news.google.com/articles/CBMiT2h0dHBzOi8vd3d3Lm5iY2Jvc3Rvbi5jb20vbmV3cy9sb2NhbC9ub3J0aGJvcm91Z2gtaG91c2UtcGFydHktc2hvb3RpbmcvMzM2Njk3Ni_SAVVodHRwczovL3d3dy5uYmNib3N0b24uY29tL25ld3MvbG9jYWwvbm9ydGhib3JvdWdoLWhvdXNlLXBhcnR5LXNob290aW5nLzMzNjY5NzYvP2FtcD0x?hl=en-US&gl=US&ceid=US%3Aen",
            "og": "https://encrypted-tbn2.gstatic.com/images?q=tbn:ANd9GcRJzS86SUDZWydR67gsrzqb3ErlT8BqBt3b58rCmjuVX8Reob0T0QrQKNa_d44xHA1-mxdGUzXKG2353cyRFFjKXYCfaNH8s1gkN4STAW3haB1NDw",
            "source": "NBC Boston",
            "source_icon": "https://encrypted-tbn0.gstatic.com/faviconV2?url=https://www.nbcboston.com&client=NEWS_360&size=96&type=FAVICON&fallback_opts=TYPE,SIZE,URL",
            "title": "New details on 3 arrests after deadly Northborough house party shooting"
        },
        {
            "link": "https://news.google.com/articles/CBMiLmh0dHBzOi8vd3d3LmJiYy5jb20vbmV3cy9hcnRpY2xlcy9jZDE4ODJ4NXhnZ2_SATJodHRwczovL3d3dy5iYmMuY29tL25ld3MvYXJ0aWNsZXMvY2QxODgyeDV4Z2dvLmFtcA?hl=en-US&gl=US&ceid=US%3Aen",
            "og": "https://encrypted-tbn1.gstatic.com/images?q=tbn:ANd9GcQjHCG4hM1eutLxFow1sPwFehxdHRdNDcT6ijqjGjy2VDRAVVLWecv_F-B4por-RzR8nnhGCoiRs2BwsMA5D-X8qdBg0EiFUYMw3ViTN0lcSykY8A",
            "source": "BBC.com",
            "source_icon": "https://encrypted-tbn2.gstatic.com/faviconV2?url=https://www.bbc.com&client=NEWS_360&size=96&type=FAVICON&fallback_opts=TYPE,SIZE,URL",
            "title": "Changes at Dublin Portal after 'inappropriate behaviour'"
        },
        {
            "link": "https://news.google.com/articles/CBMiXGh0dHBzOi8vYWJjbmV3cy5nby5jb20vVVMvd2lyZVN0b3J5LzMta2lsbGVkLTE4LXdvdW5kZWQtc2hvb3RpbmctZGF5LXBhcnR5LWFsYWJhbWEtMTEwMTc2OTg50gFgaHR0cHM6Ly9hYmNuZXdzLmdvLmNvbS9hbXAvVVMvd2lyZVN0b3J5LzMta2lsbGVkLTE4LXdvdW5kZWQtc2hvb3RpbmctZGF5LXBhcnR5LWFsYWJhbWEtMTEwMTc2OTg5?hl=en-US&gl=US&ceid=US%3Aen",
            "og": "https://encrypted-tbn3.gstatic.com/images?q=tbn:ANd9GcSbkM7fvbq5vvLQfjWWwcVkmnz7kw_GAKmYjITAW9zvysLVPE0Xwf7QYaI6TCebv4NAHPH_AaF_KUQ9gTz-9RvH",
            "source": "ABC News",
            "source_icon": "https://encrypted-tbn3.gstatic.com/faviconV2?url=https://abcnews.go.com&client=NEWS_360&size=96&type=FAVICON&fallback_opts=TYPE,SIZE,URL",
            "title": "Alabama deputies ask for witnesses' help after shooting at May Day party left 3 dead, 18 hurt"
        },
        {
            "link": "https://news.google.com/articles/CBMiWWh0dHBzOi8vd3d3LnZveC5jb20vZG93bi10by1lYXJ0aC8yMDI0LzUvMTMvMjQxNTM5MDEvY2ljYWRhcy0yMDI0LWJvb2QteGl4LXhpaWktZW1lcmdlbmNl0gEA?hl=en-US&gl=US&ceid=US%3Aen",
            "og": "https://encrypted-tbn3.gstatic.com/images?q=tbn:ANd9GcQtqZr3dC_ChxtfgsBQYcDpKMxJAN5vQdEXMP5fmjZBcwYh5WWacFjaF9n2NxncSUWvqO-CyjwlgIbG8N3WlQAOFv_FNVWnN_MUMY9vd2gLkRMbwQ",
            "source": "Vox.com",
            "source_icon": "https://encrypted-tbn0.gstatic.com/faviconV2?url=https://www.vox.com&client=NEWS_360&size=96&type=FAVICON&fallback_opts=TYPE,SIZE,URL",
            "title": "Cicadas 2024: 8 facts that will mesmerize you"
        },
        {
            "link": "https://news.google.com/articles/CBMicWh0dHBzOi8vd3d3Lm5iY25ld3MuY29tL25ld3MvdXMtbmV3cy9uZXctamVyc2V5LW1hcmluZS1hY2N1c2VkLXRocmVhdHMta2lsbC13aGl0ZS1wZW9wbGUtbWFzcy1zaG9vdGluZy1yY25hMTUyMDgy0gEraHR0cHM6Ly93d3cubmJjbmV3cy5jb20vbmV3cy9hbXAvcmNuYTE1MjA4Mg?hl=en-US&gl=US&ceid=US%3Aen",
            "og": "https://encrypted-tbn3.gstatic.com/images?q=tbn:ANd9GcScZaY5v2pVMOSQkK6ZtqpjxxL9X3kXDQiehY-2_NBoG4DZB8RjDjQ2GCZqKsV5IJGwAJNdh-s_zqUhstjQ550KkKU2kp3lN_FLA3FbJi1EtbuOHQ",
            "source": "NBC News",
            "source_icon": "https://encrypted-tbn1.gstatic.com/faviconV2?url=https://www.nbcnews.com&client=NEWS_360&size=96&type=FAVICON&fallback_opts=TYPE,SIZE,URL",
            "title": "New Jersey Marine accused of threats to kill white people, commit mass shooting"
        },
        {
            "link": "https://news.google.com/articles/CBMiXmh0dHBzOi8vdGhlaGlsbC5jb20vcmVndWxhdGlvbi9jb3VydC1iYXR0bGVzLzQ2NjEyNjQtYW5ncnktdHJ1bXAtYmxhc3RzLWp1ZGdlLWNvaGVuLXRlc3RpbW9ueS_SAWJodHRwczovL3RoZWhpbGwuY29tL3JlZ3VsYXRpb24vY291cnQtYmF0dGxlcy80NjYxMjY0LWFuZ3J5LXRydW1wLWJsYXN0cy1qdWRnZS1jb2hlbi10ZXN0aW1vbnkvYW1wLw?hl=en-US&gl=US&ceid=US%3Aen",
            "og": "https://encrypted-tbn1.gstatic.com/images?q=tbn:ANd9GcSUxaRpFsziuWMLwjWCA8CqDIpFqJ0BkZSu67_WsuATk7oaxcHNKyKGAGBbWiqR8d0t_qo2eD318xbpWXv-E44186vymQ65QjNcz74s0ymu69cY3A",
            "source": "The Hill",
            "source_icon": "https://encrypted-tbn2.gstatic.com/faviconV2?url=https://thehill.com&client=NEWS_360&size=96&type=FAVICON&fallback_opts=TYPE,SIZE,URL",
            "title": "Angry Trump blasts judge after Cohen testimony"
        }
    ],
    "World": [
        {
            "link": "https://news.google.com/articles/CBMieGh0dHBzOi8vd3d3LnJldXRlcnMuY29tL3dvcmxkL21pZGRsZS1lYXN0L2lzcmFlbGktdGFua3MtcHVzaC1pbnRvLWdhemFzLXJhZmFoLWRpc3BsYWNlZC1jaXZpbGlhbnMtZmxlZS1hZ2Fpbi0yMDI0LTA1LTE0L9IBAA?hl=en-US&gl=US&ceid=US%3Aen",
            "og": "https://encrypted-tbn0.gstatic.com/images?q=tbn:ANd9GcS7kXM6SBCfBhfQFXyVa3_5e8S27Zse7uUA8oPKwbkpcSGmBYYcK5XY3-DoNMd1iS4VWF-Knt0gatxyR_kochndf1V2DdUANhU49b99RSY88ey2cQ",
            "source": "Reuters",
            "source_icon": "https://encrypted-tbn2.gstatic.com/faviconV2?url=https://www.reuters.com&client=NEWS_360&size=96&type=FAVICON&fallback_opts=TYPE,SIZE,URL",
            "title": "Israeli tanks push into Gaza's Rafah, as displaced civilians flee again"
        },
        {
            "link": "https://news.google.com/articles/CBMiaGh0dHBzOi8vYXBuZXdzLmNvbS9hcnRpY2xlL2luZGlhLW11bWJhaS1yYWlucy1iaWxsYm9hcmQtY29sbGFwc2UtZGVhdGhzLTNlMzcwNzg4ZDUwNzFmNjVmOWExYzBmN2U4OGFlM2Rh0gEA?hl=en-US&gl=US&ceid=US%3Aen",
            "og": "https://encrypted-tbn0.gstatic.com/images?q=tbn:ANd9GcQV9M5gz8QaeWA6NshMzx3v2MjneeRZk8L2OgZY6lW5H1r97pG1eoeIzY4foIrLKluLqc7WnMmbipBWAXEDd59IZYnt8sH_jb5KA-fVOmd4oKxNeQ",
            "source": "The Associated Press",
            "source_icon": "https://encrypted-tbn2.gstatic.com/faviconV2?url=https://apnews.com&client=NEWS_360&size=96&type=FAVICON&fallback_opts=TYPE,SIZE,URL",
            "title": "Mumbai Billboard collapse: At least 14 killed, 74 injured"
        },
        {
            "link": "https://news.google.com/articles/CBMibmh0dHBzOi8vd3d3LmtzbC5jb20vYXJ0aWNsZS81MTAxMTE2Ny91dGFoLXNlbmF0b3JzLWJsYXN0LXBhdXNlLWluLXdlYXBvbnMtdG8taXNyYWVsLWFzLXJlcHJlaGVuc2libGUtZGl0aGVyaW5n0gEA?hl=en-US&gl=US&ceid=US%3Aen",
            "og": "https://encrypted-tbn0.gstatic.com/images?q=tbn:ANd9GcRquipAbsnd6I5udl5PB5B4g7-pmffY5GKXGWHtAAfRhwdNpJk_HG_0vPBOAldg7Fwa0qoFgdKpVTi6Fpz_J3r4gfd9hC9VI9CW1BLwn74G-ApP1A",
            "source": "KSL.com",
            "source_icon": "https://encrypted-tbn3.gstatic.com/faviconV2?url=https://www.ksl.com&client=NEWS_360&size=96&type=FAVICON&fallback_opts=TYPE,SIZE,URL",
            "title": "Utah senators blast pause in weapons to Israel as 'reprehensible,' 'dithering'"
        },
        {
            "link": "https://news.google.com/articles/CBMiVmh0dHBzOi8vd3d3Lndhc2hpbmd0b25wb3N0LmNvbS93b3JsZC8yMDI0LzA1LzE0L3J1c3NpYS1hdHRhY2sta2hhcmtpdi1yZWdpb24taW52YXNpb24v0gEA?hl=en-US&gl=US&ceid=US%3Aen",
            "og": "https://encrypted-tbn2.gstatic.com/images?q=tbn:ANd9GcS5H4AaatHjRVAVGKjXWB-fnlZh5gYA-xvKAkv6KoOGeRNiekigu2xclGCFSbaHumcfcP8WLuQ-72hql-acus-DlDyfuDlIxrozEIVsXzcfISDQ6w",
            "source": "The Washington Post",
            "source_icon": "https://encrypted-tbn3.gstatic.com/faviconV2?url=https://www.washingtonpost.com&client=NEWS_360&size=96&type=FAVICON&fallback_opts=TYPE,SIZE,URL",
            "title": "Second Russian invasion is worse than the first, Kharkiv region evacuees say"
        },
        {
            "link": "https://news.google.com/articles/CBMiLmh0dHBzOi8vd3d3LmJiYy5jb20vbmV3cy93b3JsZC1ldXJvcGUtNjkwMDc0NjXSATJodHRwczovL3d3dy5iYmMuY29tL25ld3Mvd29ybGQtZXVyb3BlLTY5MDA3NDY1LmFtcA?hl=en-US&gl=US&ceid=US%3Aen",
            "og": "https://encrypted-tbn2.gstatic.com/images?q=tbn:ANd9GcSeG6qFqJi7ArQSqF-4_O1an2yKCO2BwzPrcEqfqv6hGCC8D_KB44T39MfPA2M7wS58D4EcsohAv7pvSwR6MQbmM3Y9tsUrq9A5eWhePjOr0k8tuQ",
            "source": "BBC.com",
            "source_icon": "https://encrypted-tbn2.gstatic.com/faviconV2?url=https://www.bbc.com&client=NEWS_360&size=96&type=FAVICON&fallback_opts=TYPE,SIZE,URL",
            "title": "Georgia to vote on controversial law that sparked mass protests"
        },
        {
            "link": "https://news.google.com/articles/CBMid2h0dHBzOi8vd3d3LnBicy5vcmcvbmV3c2hvdXIvc2hvdy9uZXdzLXdyYXAtZGVmZW5zZS1taW5pc3Rlci1yZXBsYWNlbWVudC1zaG93cy1wdXRpbnMtZGVzcGVyYXRpb24tc3RhdGUtZGVwYXJ0bWVudC1zYXlz0gF7aHR0cHM6Ly93d3cucGJzLm9yZy9uZXdzaG91ci9hbXAvc2hvdy9uZXdzLXdyYXAtZGVmZW5zZS1taW5pc3Rlci1yZXBsYWNlbWVudC1zaG93cy1wdXRpbnMtZGVzcGVyYXRpb24tc3RhdGUtZGVwYXJ0bWVudC1zYXlz?hl=en-US&gl=US&ceid=US%3Aen",
            "og": "https://encrypted-tbn0.gstatic.com/images?q=tbn:ANd9GcSo4OoF7Xs378Vn_VV5aMaHBrxyM6cM5b5z-j1XXk5CeTK2McxKfCjiRUA48T3A65B2Q7qrUMhOAGNubMnLO29JNbi7hbZbaTqFkUgbc8a4SX0k-g",
            "source": "PBS NewsHour",
            "source_icon": "https://encrypted-tbn1.gstatic.com/faviconV2?url=https://www.pbs.org&client=NEWS_360&size=96&type=FAVICON&fallback_opts=TYPE,SIZE,URL",
            "title": "News Wrap: Defense minister replacement shows Putin's desperation, State Department says"
        },
        {
            "link": "https://news.google.com/articles/CBMiLmh0dHBzOi8vd3d3LmJiYy5jb20vbmV3cy9hcnRpY2xlcy9jZzMwMGplazk0em_SATJodHRwczovL3d3dy5iYmMuY29tL25ld3MvYXJ0aWNsZXMvY2czMDBqZWs5NHpvLmFtcA?hl=en-US&gl=US&ceid=US%3Aen",
            "og": "https://encrypted-tbn3.gstatic.com/images?q=tbn:ANd9GcQ1R2gNISt-DGiWrjnwBq1Qpq-oGD9erkHkDVaTdgKQQOzVs_E1VusS19isYiTdpUFbzItBrQ0a29Ky5hm6vT7_m6eD34jFIjAVoodvBLvFq83InQ",
            "source": "BBC.com",
            "source_icon": "https://encrypted-tbn2.gstatic.com/faviconV2?url=https://www.bbc.com&client=NEWS_360&size=96&type=FAVICON&fallback_opts=TYPE,SIZE,URL",
            "title": "Israeli protesters attack Gaza aid trucks in West Bank"
        },
        {
            "link": "https://news.google.com/articles/CBMiLWh0dHBzOi8vd3d3LmJiYy5jb20vbmV3cy91ay1wb2xpdGljcy02OTAwNjE4N9IBMWh0dHBzOi8vd3d3LmJiYy5jb20vbmV3cy91ay1wb2xpdGljcy02OTAwNjE4Ny5hbXA?hl=en-US&gl=US&ceid=US%3Aen",
            "og": "https://encrypted-tbn2.gstatic.com/images?q=tbn:ANd9GcTE3GW5_S0zsTvQnPPqAQwk48sPIhrBlioAWWSnbtxZYvHBDJ4HDxId2a0ahokfWufckS9aVVVk2GEzCfdqAwlziBT1PtI-YnD1oSEjJz0HGQxO5A",
            "source": "BBC.com",
            "source_icon": "https://encrypted-tbn2.gstatic.com/faviconV2?url=https://www.bbc.com&client=NEWS_360&size=96&type=FAVICON&fallback_opts=TYPE,SIZE,URL",
            "title": "MPs arrested for sex offences face Parliament ban"
        },
        {
            "link": "https://news.google.com/articles/CBMiTmh0dHBzOi8vd3d3LmNubi5jb20vMjAyNC8wNS8xNC9jaGluYS94aS1wdXRpbi1jaGluYS1zdW1taXQtaW50bC1obmsvaW5kZXguaHRtbNIBR2h0dHBzOi8vYW1wLmNubi5jb20vY25uLzIwMjQvMDUvMTQvY2hpbmEveGktcHV0aW4tY2hpbmEtc3VtbWl0LWludGwtaG5r?hl=en-US&gl=US&ceid=US%3Aen",
            "og": "https://encrypted-tbn3.gstatic.com/images?q=tbn:ANd9GcTB8Mu9ttP94aOotvS06qwNXGLoTM5weIxWO8ToslSOfTmxmXUOnr5Jp-Q10-sr-ZM4bzThKbgljAGzUIk7Q8YH3nVlH1ozexY8XPVJPVjQFNhAhg",
            "source": "CNN",
            "source_icon": "https://encrypted-tbn2.gstatic.com/faviconV2?url=https://www.cnn.com&client=NEWS_360&size=96&type=FAVICON&fallback_opts=TYPE,SIZE,URL",
            "title": "Putin to meet Xi in Beijing as world convulses from global conflicts"
        },
        {
            "link": "https://news.google.com/articles/CBMidWh0dHBzOi8vYXBuZXdzLmNvbS9hcnRpY2xlL21jYnJpZGUtd2hpc3RsZWJsb3dlci1jb3VydC1wcmlzb24tYWZnaGFuaXN0YW4td2FyLWNyaW1lcy1lM2ZkMjMwMWQyMmQzNWVlMzQ4NjY4YjkxYjAyZDZiYtIBAA?hl=en-US&gl=US&ceid=US%3Aen",
            "og": "https://encrypted-tbn3.gstatic.com/images?q=tbn:ANd9GcTb-uoNk9k4oEHWcmFVXBWRNAGMdMRsGFNuWLPoe8MbeMs4AhSX9WFsDOEOh8I5ZIb93mIP04PizDnZ-F2juwy1Bmgn",
            "source": "The Associated Press",
            "source_icon": "https://encrypted-tbn2.gstatic.com/faviconV2?url=https://apnews.com&client=NEWS_360&size=96&type=FAVICON&fallback_opts=TYPE,SIZE,URL",
            "title": "Army whistleblower who exposed alleged Australian war crimes in Afghanistan is sentenced to prison"
        },
        {
            "link": "https://news.google.com/articles/CBMia2h0dHBzOi8vYXBuZXdzLmNvbS9hcnRpY2xlL3VrLWJyaXRpc2gtc3VuYWstcG9saXRpY3MtZGFuZ2VyLXNwZWVjaC1zdGFybWVyLTg4N2JkN2M4N2IxMmY4NjhiNzlmNDJhYTZhZjYwYTU30gEA?hl=en-US&gl=US&ceid=US%3Aen",
            "og": "https://encrypted-tbn0.gstatic.com/images?q=tbn:ANd9GcTvIxUZPzgUJUekp80ZPN97CW8DvcVOlrALnP4Kqf25b2M8w6XWjqR3YOyjm6YN-5JyJScmVErCHdEe_TimKHkR6CskqDczbjlzDKVbfkp_qGu4Tg",
            "source": "The Associated Press",
            "source_icon": "https://encrypted-tbn2.gstatic.com/faviconV2?url=https://apnews.com&client=NEWS_360&size=96&type=FAVICON&fallback_opts=TYPE,SIZE,URL",
            "title": "British prime minister warns of 'axis of authoritarian states' in pre-election speech"
        },
        {
            "link": "https://news.google.com/articles/CBMicWh0dHBzOi8vd3d3LnRoZWd1YXJkaWFuLmNvbS93b3JsZC9hcnRpY2xlLzIwMjQvbWF5LzEzL2dhemEtbWluaXN0cnktcmV2aXNlcy1maWd1cmVzLWZvci13b21lbi1hbmQtY2hpbGRyZW4ta2lsbGVk0gFxaHR0cHM6Ly9hbXAudGhlZ3VhcmRpYW4uY29tL3dvcmxkL2FydGljbGUvMjAyNC9tYXkvMTMvZ2F6YS1taW5pc3RyeS1yZXZpc2VzLWZpZ3VyZXMtZm9yLXdvbWVuLWFuZC1jaGlsZHJlbi1raWxsZWQ?hl=en-US&gl=US&ceid=US%3Aen",
            "og": "https://encrypted-tbn0.gstatic.com/images?q=tbn:ANd9GcTxUQrniwk5XaQcnscShlu3UYPVnGxErNvt8DSONjm93Ala5kUvcHQkGD_iYwRw9tgpGHf1K_U4FxXCJCo0PyflNEmdsdWw7i1XKuy7daP6JPSQvg",
            "source": "The Guardian",
            "source_icon": "https://encrypted-tbn0.gstatic.com/faviconV2?url=https://www.theguardian.com&client=NEWS_360&size=96&type=FAVICON&fallback_opts=TYPE,SIZE,URL",
            "title": "UN denies Gaza death toll of women and children has been revised down"
        },
        {
            "link": "https://news.google.com/articles/CBMiT2h0dHBzOi8vd3d3Lndhc2hpbmd0b25wb3N0LmNvbS9idXNpbmVzcy8yMDI0LzA1LzEzL3J1c3NpYW4tdXJhbml1bS1pbXBvcnRzLWJhbi_SAQA?hl=en-US&gl=US&ceid=US%3Aen",
            "og": "https://encrypted-tbn2.gstatic.com/images?q=tbn:ANd9GcTGgvCZfwRd95ZJgViMVV3aLhEXEP16zZug1fyNq5yW4-SSr9a47ysybaMRKwIRuDSjWLd7E9Dl1Cik4n8CjtQV",
            "source": "The Washington Post",
            "source_icon": "https://encrypted-tbn3.gstatic.com/faviconV2?url=https://www.washingtonpost.com&client=NEWS_360&size=96&type=FAVICON&fallback_opts=TYPE,SIZE,URL",
            "title": "Biden signs bipartisan bill banning Russian uranium imports"
        },
        {
            "link": "https://news.google.com/articles/CBMiMmh0dHBzOi8vd3d3Lmpwb3N0LmNvbS9icmVha2luZy1uZXdzL2FydGljbGUtODAwOTkw0gEA?hl=en-US&gl=US&ceid=US%3Aen",
            "og": "https://encrypted-tbn1.gstatic.com/images?q=tbn:ANd9GcRZSVTS_0q4swn2iXiktt3OHLBeUUnRQaogpGmKkpaVbIYtazqGGUQV5fp2jPednZLt2bLm0wcQbM-J5BkZrMMApmv_enx5ZasinMrcV0DOEoLetw",
            "source": "The Jerusalem Post",
            "source_icon": "https://encrypted-tbn2.gstatic.com/faviconV2?url=https://www.jpost.com&client=NEWS_360&size=96&type=FAVICON&fallback_opts=TYPE,SIZE,URL",
            "title": "Netanyahu: 'War could be over tomorrow, up to Hamas'"
        },
        {
            "link": "https://news.google.com/articles/CBMib2h0dHBzOi8vd3d3Lm5wci5vcmcvc2VjdGlvbnMvZ29hdHNhbmRzb2RhLzIwMjQvMDUvMTMvMTI1MTAxNjIyOC9yYWZhaC1nYXphLWFtZXJpY2FuLW1lZGljYWwtdm9sdW50ZWVycy1ob3NwaXRhbNIBAA?hl=en-US&gl=US&ceid=US%3Aen",
            "og": "https://encrypted-tbn0.gstatic.com/images?q=tbn:ANd9GcSpInc9fXkfccAG7giWIj89quJi0pCSksXmXR7BV9Gw2jiV_Ffk_-npYB_0MPRBxCO-wadNh_NC5n-EkYWg07mgrzC131USplMlFD5JnGhQJWd7MQ",
            "source": "NPR",
            "source_icon": "https://encrypted-tbn1.gstatic.com/faviconV2?url=https://www.npr.org&client=NEWS_360&size=96&type=FAVICON&fallback_opts=TYPE,SIZE,URL",
            "title": "Trapped in Rafah, U.S. medical volunteers say they can't save lives and can't evacuate"
        },
        {
            "link": "https://news.google.com/articles/CBMiVmh0dHBzOi8vd3d3LnRoZWRhaWx5YmVhc3QuY29tL3J1c3NpYS1zdWZmZXJzLW9uZS1vZi1pdHMtbW9zdC1kZWFkbHktYXR0YWNrcy1vZi10aGUtd2Fy0gEA?hl=en-US&gl=US&ceid=US%3Aen",
            "og": "https://encrypted-tbn1.gstatic.com/images?q=tbn:ANd9GcRd3viRVrdMc9oXmpIEUggrGwbbtk7ge1rJ9c4KNj7PZ50927uNIDW3gkyj5ummiSEgimsuj1CNCCwz2BRt2Ml7",
            "source": "The Daily Beast",
            "source_icon": "https://encrypted-tbn0.gstatic.com/faviconV2?url=https://www.thedailybeast.com&client=NEWS_360&size=96&type=FAVICON&fallback_opts=TYPE,SIZE,URL",
            "title": "Russia Suffers One of Its Most Deadly Attacks of the War"
        },
        {
            "link": "https://news.google.com/articles/CBMia2h0dHBzOi8vd3d3LnJldXRlcnMuY29tL3dvcmxkL2FtZXJpY2FzL3BlcnNpc3RlbnQtYnJhemlsLWZsb29kcy1yYWlzZS1zcGVjdGVyLWNsaW1hdGUtbWlncmF0aW9uLTIwMjQtMDUtMTMv0gEA?hl=en-US&gl=US&ceid=US%3Aen",
            "og": "https://encrypted-tbn2.gstatic.com/images?q=tbn:ANd9GcTVAKUmqafUMsX1fuVq1-fsGfW945Le0LyyDG64fJGZumUORCalDGywBKeNd_-8753Sv0nNCW6pXH-bBWFko88zRzHP0ohcecDupza4V_Z2ZLp1AA",
            "source": "Reuters Canada",
            "source_icon": "https://encrypted-tbn2.gstatic.com/faviconV2?url=https://www.reuters.com&client=NEWS_360&size=96&type=FAVICON&fallback_opts=TYPE,SIZE,URL",
            "title": "Persistent Brazil floods raise specter of climate migration"
        },
        {
            "link": "https://news.google.com/articles/CBMiZmh0dHBzOi8vYXBuZXdzLmNvbS9hcnRpY2xlL2luZGlhLWVsZWN0aW9uLWZvdXJ0aC1waGFzZS1tb2RpLWJqcC1iaWhhci00YjQxMzgwMTYwOTI0ODNmNmQ0Y2Y0MTNiZDQ0ZGI0ZdIBAA?hl=en-US&gl=US&ceid=US%3Aen",
            "og": "https://encrypted-tbn3.gstatic.com/images?q=tbn:ANd9GcT1L9EMbdl_5m9YeiZSjJOJihUCErtXDBZHuOzShqNn4wdMdTCkSzGnaKwcd2Zzi7KiAc4kVEGSVExRpMjDSkcadI7BYVE9ZnEIpJPt",
            "source": "The Associated Press",
            "source_icon": "https://encrypted-tbn2.gstatic.com/faviconV2?url=https://apnews.com&client=NEWS_360&size=96&type=FAVICON&fallback_opts=TYPE,SIZE,URL",
            "title": "Lok Sabha elections 2024: Voters across 96 constituencies cast vote in fourth round"
        },
        {
            "link": "https://news.google.com/articles/CBMicmh0dHBzOi8vd3d3LmJsb29tYmVyZy5jb20vbmV3cy9hcnRpY2xlcy8yMDI0LTA1LTEyL2lzcmFlbC1tYXJrcy03NnRoLWluZGVwZW5kZW5jZS1kYXktd29ycmllZC1hbmQtZGVlcGx5LWZyYWN0dXJlZNIBAA?hl=en-US&gl=US&ceid=US%3Aen",
            "og": "https://encrypted-tbn1.gstatic.com/images?q=tbn:ANd9GcTiVjYULnInh9p2zSG2clShVxdYIjpmbuwrU-WYayXnfZtG3IkXLSwDTS3-PlGwqECOkFYrIjC1bQzPcK1dT0glZrBeeMu16fVW5HiqetrLI8UsHQ",
            "source": "Bloomberg",
            "source_icon": "https://encrypted-tbn1.gstatic.com/faviconV2?url=https://www.bloomberg.com&client=NEWS_360&size=96&type=FAVICON&fallback_opts=TYPE,SIZE,URL",
            "title": "Israel-Hamas War: Israel Deeply Fractured as it Marks 76th Independence Day"
        },
        {
            "link": "https://news.google.com/articles/CBMidGh0dHBzOi8vd3d3Lm5iY25ld3MuY29tL25ld3Mvd29ybGQvc3BhaW4tZWxlY3Rpb25zLWNhdGFsYW4tc2VwYXJhdGlzdHMtbG9zZS1tYWpvcml0eS11bmlvbi1zb2NpYWxpc3RzLXdpbi1yY25hMTUxOTMy0gEraHR0cHM6Ly93d3cubmJjbmV3cy5jb20vbmV3cy9hbXAvcmNuYTE1MTkzMg?hl=en-US&gl=US&ceid=US%3Aen",
            "og": "https://encrypted-tbn2.gstatic.com/images?q=tbn:ANd9GcRdzJ63NwXDqOy8e7KTePYVHCPgded1VzECin7Og4AmQED8oaEGvp5fBafXWBVlgrqDG25CizQ7LHWpGZCjXV3pbMt7Eoictz2C4WfrzMAdSP066g",
            "source": "NBC News",
            "source_icon": "https://encrypted-tbn1.gstatic.com/faviconV2?url=https://www.nbcnews.com&client=NEWS_360&size=96&type=FAVICON&fallback_opts=TYPE,SIZE,URL",
            "title": "Spain elections: Catalan separatists lose majority as pro-union Socialists win regional votes"
        },
        {
            "link": "https://news.google.com/articles/CBMibWh0dHBzOi8vd3d3LmZveHdlYXRoZXIuY29tL3dlYXRoZXItbmV3cy9jYXRhc3Ryb3BoaWMtZmxvb2RzLWtpbGwtbW9yZS10aGFuLTMwMC13YXNoLWF3YXktYWZnaGFuaXN0YW4tdmlsbGFnZXPSAXFodHRwczovL3d3dy5mb3h3ZWF0aGVyLmNvbS93ZWF0aGVyLW5ld3MvY2F0YXN0cm9waGljLWZsb29kcy1raWxsLW1vcmUtdGhhbi0zMDAtd2FzaC1hd2F5LWFmZ2hhbmlzdGFuLXZpbGxhZ2VzLmFtcA?hl=en-US&gl=US&ceid=US%3Aen",
            "og": "https://encrypted-tbn2.gstatic.com/images?q=tbn:ANd9GcSzrWJFwHcQTZZ9kquzMID7HBOrxix1oj1UFUAjcxZwMu0HX4PSD1nH3kDx3MCxruAa9Y8rkCbhvrS3Pp_EGCLR3pk1F1epIiaNKN8h",
            "source": "Fox Weather",
            "source_icon": "https://encrypted-tbn3.gstatic.com/faviconV2?url=https://www.foxweather.com&client=NEWS_360&size=96&type=FAVICON&fallback_opts=TYPE,SIZE,URL",
            "title": "'Catastrophic floods' kill more than 300 in Afghanistan, wash away entire villages"
        },
        {
            "link": "https://news.google.com/articles/CBMia2h0dHBzOi8vd3d3Lndzai5jb20vd29ybGQvbWlkZGxlLWVhc3QvaXNyYWVscy1yYWZhaC1vZmZlbnNpdmUtc3RyYWlucy00NS15ZWFycy1vZi1wZWFjZS13aXRoLWVneXB0LWY3ODEwNjIw0gEA?hl=en-US&gl=US&ceid=US%3Aen",
            "og": "https://encrypted-tbn0.gstatic.com/images?q=tbn:ANd9GcQllcT6O41uK8x77GxtCD2SQAjbPOOe8_682WMeXr5-QCI9rz0V1deOU5W6HVPnmZFYO-wxAwBhq0NzfwGE67j80C4_DmIgPpRukN3JJy_kd3Xkxg",
            "source": "The Wall Street Journal",
            "source_icon": "https://encrypted-tbn1.gstatic.com/faviconV2?url=https://www.wsj.com&client=NEWS_360&size=96&type=FAVICON&fallback_opts=TYPE,SIZE,URL",
            "title": "Israel's Rafah Offensive Strains 45 Years of Peace With Egypt"
        },
        {
            "link": "https://news.google.com/articles/CBMiM2h0dHBzOi8vd3d3LmJiYy5jb20vbmV3cy93b3JsZC1taWRkbGUtZWFzdC02OTAwNDM1NtIBN2h0dHBzOi8vd3d3LmJiYy5jb20vbmV3cy93b3JsZC1taWRkbGUtZWFzdC02OTAwNDM1Ni5hbXA?hl=en-US&gl=US&ceid=US%3Aen",
            "og": "https://encrypted-tbn2.gstatic.com/images?q=tbn:ANd9GcTayz5rnXAkJHJemixBMtgKPank4PTu1s1FDHXeDbSdonfmODTfyTqts_XSu1w8dSEclecmoa2VW-EO7jyCez_5k6ArhgBnNV-0nDXDuLnLC4u1sQ",
            "source": "BBC.com",
            "source_icon": "https://encrypted-tbn2.gstatic.com/faviconV2?url=https://www.bbc.com&client=NEWS_360&size=96&type=FAVICON&fallback_opts=TYPE,SIZE,URL",
            "title": "Gaza war weighs heavily as Israel marks memorial day"
        },
        {
            "link": "https://news.google.com/articles/CBMicWh0dHBzOi8vYXJzdGVjaG5pY2EuY29tL3RlY2gtcG9saWN5LzIwMjQvMDUvZWxvbi1tdXNrcy14LWRvZGdlcy1hdXN0cmFsaWFuLW9yZGVyLXRvLXJlbW92ZS1jaHVyY2gtc3RhYmJpbmctdmlkZW8v0gEA?hl=en-US&gl=US&ceid=US%3Aen",
            "og": "https://encrypted-tbn0.gstatic.com/images?q=tbn:ANd9GcQftZ7y2BgienAKxYk_8M1C2w6sy87siL-H44jekb3xFNXmWbYwEmTuNclUDbQZpIQd1Z8qF5TJOh3m8KgFNemvAePvmwo-NETuDnD0UYdyEhziFQ",
            "source": "Ars Technica",
            "source_icon": "https://encrypted-tbn0.gstatic.com/faviconV2?url=https://arstechnica.com&client=NEWS_360&size=96&type=FAVICON&fallback_opts=TYPE,SIZE,URL",
            "title": "Elon Musk's X dodges Australian order to remove church stabbing video"
        },
        {
            "link": "https://news.google.com/articles/CBMib2h0dHBzOi8vd3d3LmV1cm9uZXdzLmNvbS8yMDI0LzA1LzEzL2xlYWRlcnMtb2YtcmVnaW9uYWwtcml2YWxzLWdyZWVjZS1hbmQtdHVya2l5ZS1tZWV0LWluLWJpZC10by10aGF3LXJlbGF0aW9uc9IBAA?hl=en-US&gl=US&ceid=US%3Aen",
            "og": "https://encrypted-tbn1.gstatic.com/images?q=tbn:ANd9GcRlLLOa4YJr3nlaQJcznl16aThJExlvweVrW-0Qqvks0UYwD6mxPqsyMbMJzE3QjIbcRyoFJ117GINbEQ6LwNilktzXOmIHEFN10qB1Obh4z8OG-A",
            "source": "Euronews",
            "source_icon": "https://encrypted-tbn3.gstatic.com/faviconV2?url=https://www.euronews.com&client=NEWS_360&size=96&type=FAVICON&fallback_opts=TYPE,SIZE,URL",
            "title": "Leaders of regional rivals Greece and Türkiye meet in bid to thaw relations"
        },
        {
            "link": "https://news.google.com/articles/CBMiamh0dHBzOi8vd3d3LmRlbW9jcmFjeW5vdy5vcmcvMjAyNC81LzEzL2hlYWRsaW5lcy91bl9nZW5lcmFsX2Fzc2VtYmx5X3ZvdGVzXzE0M185X2Zvcl9wYWxlc3Rpbmlhbl9zdGF0ZWhvb2TSAQA?hl=en-US&gl=US&ceid=US%3Aen",
            "og": "https://encrypted-tbn3.gstatic.com/images?q=tbn:ANd9GcS5nb2dxYJdt0hNnDe-khHqcK3vr3e2Re71IxWSpMPP-ibsSDmbl2qewpThDQdNNjrk8IftQ-ibhTvlT31AxabE",
            "source": "Democracy Now!",
            "source_icon": "https://encrypted-tbn1.gstatic.com/faviconV2?url=https://www.democracynow.org&client=NEWS_360&size=96&type=FAVICON&fallback_opts=TYPE,SIZE,URL",
            "title": "U.N. General Assembly Votes 143-9 for Palestinian Statehood"
        },
        {
            "link": "https://news.google.com/articles/CBMiNWh0dHBzOi8vd3d3Lmpwb3N0LmNvbS9pc3JhZWwtaGFtYXMtd2FyL2FydGljbGUtODAxMDM50gEA?hl=en-US&gl=US&ceid=US%3Aen",
            "og": "https://encrypted-tbn2.gstatic.com/images?q=tbn:ANd9GcQqHmLzLaoJrZZcQUnHfYJHL4eZXrhAcOmQzkuTXRh-TgF1CFMnYn_tFJCVHlJ5CGPUcdwHNoAci1eqccKItCLHTB9-HZV0oUEiqlCzgDkqZF_r-A",
            "source": "The Jerusalem Post",
            "source_icon": "https://encrypted-tbn2.gstatic.com/faviconV2?url=https://www.jpost.com&client=NEWS_360&size=96&type=FAVICON&fallback_opts=TYPE,SIZE,URL",
            "title": "IDF warns Hamas leaders: We're coming like a roaring flood"
        },
        {
            "link": "https://news.google.com/articles/CBMiYmh0dHBzOi8vd3d3LnJldXRlcnMuY29tL3dvcmxkL2FzaWEtcGFjaWZpYy9pbmRvbmVzaWFzLW10LWlidS1lcnVwdHMtc3Bld2luZy1hc2gtY2xvdWRzLTIwMjQtMDUtMTMv0gEA?hl=en-US&gl=US&ceid=US%3Aen",
            "og": "https://encrypted-tbn3.gstatic.com/images?q=tbn:ANd9GcSu9UQC_9wRoZqXG4F0iOdwsqqOY0CC-J61ll6AIH0ybM1YnZM5QqY4XukaC39L4YDmpil7ozH40IMSt6tNAC8fcM89TqvtuN7vBdim",
            "source": "Reuters",
            "source_icon": "https://encrypted-tbn2.gstatic.com/faviconV2?url=https://www.reuters.com&client=NEWS_360&size=96&type=FAVICON&fallback_opts=TYPE,SIZE,URL",
            "title": "Indonesia's Mt Ibu erupts, spewing ash clouds"
        },
        {
            "link": "https://news.google.com/articles/CBMiV2h0dHBzOi8vd3d3LmNic25ld3MuY29tL25ld3MvbGVnZW5kYXJ5LXRyZWFzdXJlLWNvbm1hbi1oZWFsaW5nLXBvd2Vycy1wb2xhbmQtb2ZmaWNpYWxzL9IBW2h0dHBzOi8vd3d3LmNic25ld3MuY29tL2FtcC9uZXdzL2xlZ2VuZGFyeS10cmVhc3VyZS1jb25tYW4taGVhbGluZy1wb3dlcnMtcG9sYW5kLW9mZmljaWFscy8?hl=en-US&gl=US&ceid=US%3Aen",
            "og": "https://encrypted-tbn3.gstatic.com/images?q=tbn:ANd9GcRie_zlvrKmqsncFDHgVmKUUA7_ZkeE-F-rI7GkCxfF1mSfvpFEEDBheBijGb0sCWT1lZRNj8HejZix6HaF6SjJR2EWOWhvF8asZPqYcEV_oDdTOQ",
            "source": "CBS News",
            "source_icon": "https://encrypted-tbn0.gstatic.com/faviconV2?url=https://www.cbsnews.com&client=NEWS_360&size=96&type=FAVICON&fallback_opts=TYPE,SIZE,URL",
            "title": "Legendary treasure that apparently belonged to notorious 18th-century conman unearthed in Poland"
        },
        {
            "link": "https://news.google.com/articles/CBMiaWh0dHBzOi8vYXBuZXdzLmNvbS9hcnRpY2xlL2luZG9uZXNpYS1tb3VudC1tYXJhcGktY29sZC1sYXZhLWZsYXNoLWZsb29kcy01ZjQ5N2QwY2MzNTA4OTg3NzIxMDIwZjNkYTFlM2M4M9IBAA?hl=en-US&gl=US&ceid=US%3Aen",
            "og": "https://encrypted-tbn3.gstatic.com/images?q=tbn:ANd9GcR4qbxXBI_JIb0pBF6PHw1pcABu3zO_mCiDIwrNl8ZPyqxPJT69xxvRklqHLxEK1hLjjL_J45pIHTY",
            "source": "The Associated Press",
            "source_icon": "https://encrypted-tbn2.gstatic.com/faviconV2?url=https://apnews.com&client=NEWS_360&size=96&type=FAVICON&fallback_opts=TYPE,SIZE,URL",
            "title": "Indonesia: Rescue underway after flash floods kill dozens"
        },
        {
            "link": "https://news.google.com/articles/CBMiYWh0dHBzOi8vd3d3LmFsamF6ZWVyYS5jb20vcHJvZ3JhbS9uZXdzZmVlZC8yMDI0LzUvMTMvd2h5LWVneXB0LWpvaW5pbmctaWNqLWNhc2UtYWdhaW5zdC1pc3JhZWwtaXPSAWVodHRwczovL3d3dy5hbGphemVlcmEuY29tL2FtcC9wcm9ncmFtL25ld3NmZWVkLzIwMjQvNS8xMy93aHktZWd5cHQtam9pbmluZy1pY2otY2FzZS1hZ2FpbnN0LWlzcmFlbC1pcw?hl=en-US&gl=US&ceid=US%3Aen",
            "og": "https://encrypted-tbn2.gstatic.com/images?q=tbn:ANd9GcSaH1fHqxPLNKIZ9mjVKeU-loxjP-AJhczvN8TXiD9H_EThG66sVTRH08eJWVed_6KDOztm1idQFEx3HMwwRDhQavrW7JovRcCGuyHBGBY5kMW7RQ",
            "source": "Al Jazeera English",
            "source_icon": "https://encrypted-tbn0.gstatic.com/faviconV2?url=https://www.aljazeera.com&client=NEWS_360&size=96&type=FAVICON&fallback_opts=TYPE,SIZE,URL",
            "title": "Why Egypt joining ICJ case against Israel is ‘unprecedented’"
        },
        {
            "link": "https://news.google.com/articles/CBMicWh0dHBzOi8vd3d3LmFsamF6ZWVyYS5jb20vbmV3cy8yMDI0LzUvMTMvZW5lcmd5LXN1bW1pdC1zZWVrcy10by1jdXJiLWNvb2tpbmctaGFiaXRzLXRoYXQta2lsbC1taWxsaW9ucy1ldmVyeS15ZWFy0gF1aHR0cHM6Ly93d3cuYWxqYXplZXJhLmNvbS9hbXAvbmV3cy8yMDI0LzUvMTMvZW5lcmd5LXN1bW1pdC1zZWVrcy10by1jdXJiLWNvb2tpbmctaGFiaXRzLXRoYXQta2lsbC1taWxsaW9ucy1ldmVyeS15ZWFy?hl=en-US&gl=US&ceid=US%3Aen",
            "og": "https://encrypted-tbn1.gstatic.com/images?q=tbn:ANd9GcRQQTCii-LGea8uvNvBtY9kLedO1LEbl_FilBkRfW1ng1JuvJ03ERdzw66nyNFFf3XViRLOX0LkN1Oq1EGU9D002-qmqHh38osLuquIv5f22G0HLQ",
            "source": "Al Jazeera English",
            "source_icon": "https://encrypted-tbn0.gstatic.com/faviconV2?url=https://www.aljazeera.com&client=NEWS_360&size=96&type=FAVICON&fallback_opts=TYPE,SIZE,URL",
            "title": "Energy summit seeks to curb cooking habits that kill millions every year"
        },
        {
            "link": "https://news.google.com/articles/CBMifWh0dHBzOi8vd3d3LmNubi5jb20vMjAyNC8wNS8xMy91cy81LXRoaW5ncy10by1rbm93LWZvci1tYXktMTMtdHJ1bXAtdHJpYWwtZ2F6YS11a3JhaW5lLXNldmVyZS13ZWF0aGVyLWJvYi1tZW5lbmRlei9pbmRleC5odG1s0gF2aHR0cHM6Ly9hbXAuY25uLmNvbS9jbm4vMjAyNC8wNS8xMy91cy81LXRoaW5ncy10by1rbm93LWZvci1tYXktMTMtdHJ1bXAtdHJpYWwtZ2F6YS11a3JhaW5lLXNldmVyZS13ZWF0aGVyLWJvYi1tZW5lbmRleg?hl=en-US&gl=US&ceid=US%3Aen",
            "og": "https://encrypted-tbn3.gstatic.com/images?q=tbn:ANd9GcTi5cRTS99CuEA6VU1v1Wejpc2E_k5bKi7SAxxh1uAN9_o35W09LZthdw_kZC_aYuLXTtiz6oXV2b2o7-57f3sFA4FxsmTMsEjCNGYJgM9yFCZVfA",
            "source": "CNN",
            "source_icon": "https://encrypted-tbn2.gstatic.com/faviconV2?url=https://www.cnn.com&client=NEWS_360&size=96&type=FAVICON&fallback_opts=TYPE,SIZE,URL",
            "title": "5 things to know for May 13: Trump Trial, Gaza, Ukraine, Severe weather, Bob Menendez"
        },
        {
            "link": "https://news.google.com/articles/CBMiLmh0dHBzOi8vd3d3LmJiYy5jb20vbmV3cy9hcnRpY2xlcy9jNnB5eXFlcDgzMW_SATJodHRwczovL3d3dy5iYmMuY29tL25ld3MvYXJ0aWNsZXMvYzZweXlxZXA4MzFvLmFtcA?hl=en-US&gl=US&ceid=US%3Aen",
            "og": "https://encrypted-tbn0.gstatic.com/images?q=tbn:ANd9GcQ2XrqTSW7A8vxRb95SrSrIycV58z2432T_dHZjiYW5db7CtOQwSuVnS0XCEil596f0Y9Ik7xCq_Qwt-HqBo4CfMZefk2UU4oV2SDGS7ktNpjjNog",
            "source": "BBC.com",
            "source_icon": "https://encrypted-tbn2.gstatic.com/faviconV2?url=https://www.bbc.com&client=NEWS_360&size=96&type=FAVICON&fallback_opts=TYPE,SIZE,URL",
            "title": "Migrant-smuggler known as Scorpion arrested after BBC investigation"
        },
        {
            "link": "https://news.google.com/articles/CBMidWh0dHBzOi8vd3d3LnJldXRlcnMuY29tL3dvcmxkL2FzaWEtcGFjaWZpYy9mb3JtZXIta2F6YWtoLW1pbmlzdGVyLWdldHMtMjQteWVhcnMtcHJpc29uLW11cmRlcmluZy1oaXMtd2lmZS0yMDI0LTA1LTEzL9IBAA?hl=en-US&gl=US&ceid=US%3Aen",
            "og": "https://encrypted-tbn3.gstatic.com/images?q=tbn:ANd9GcRObbvQljOigE9cB0loPwOj-GKb0Wirg0NLj11hf5qPErf3YFdBLHiaq5qoULRGlRqPzjozAXvw51fO9cJNfE_roFFX0W9nZ_1XWNSqP9kcxc4Njw",
            "source": "Reuters",
            "source_icon": "https://encrypted-tbn2.gstatic.com/faviconV2?url=https://www.reuters.com&client=NEWS_360&size=96&type=FAVICON&fallback_opts=TYPE,SIZE,URL",
            "title": "Former Kazakh minister gets 24 years in prison for murdering wife"
        },
        {
            "link": "https://news.google.com/articles/CBMiYWh0dHBzOi8vd3d3Lm5iY25ld3MuY29tL3NjaWVuY2Uvc2NpZW5jZS1uZXdzL29yY2FzLXNpbmstc2FpbGluZy15YWNodC1zdHJhaXQtZ2licmFsdGFyLXJjbmExNTIwOTPSAStodHRwczovL3d3dy5uYmNuZXdzLmNvbS9uZXdzL2FtcC9yY25hMTUyMDkz?hl=en-US&gl=US&ceid=US%3Aen",
            "og": "https://encrypted-tbn1.gstatic.com/images?q=tbn:ANd9GcRoRz0XHEbK-sqLbTgTFa22KokISBHY863UY5WJ39EnA91t5QwF4bbCLkcQRHoEjEQgeD__ohYSkUjk7OkQwdWbLz_whc3u8uDjQqWxPm_nHC42JA",
            "source": "NBC News",
            "source_icon": "https://encrypted-tbn1.gstatic.com/faviconV2?url=https://www.nbcnews.com&client=NEWS_360&size=96&type=FAVICON&fallback_opts=TYPE,SIZE,URL",
            "title": "Orcas sink sailing yacht in Strait of Gibraltar"
        },
        {
            "link": "https://news.google.com/articles/CBMiLmh0dHBzOi8vd3d3LmJiYy5jb20vbmV3cy9hcnRpY2xlcy9jNzJwcG56eXIyZW_SATJodHRwczovL3d3dy5iYmMuY29tL25ld3MvYXJ0aWNsZXMvYzcycHBuenlyMmVvLmFtcA?hl=en-US&gl=US&ceid=US%3Aen",
            "og": "https://encrypted-tbn3.gstatic.com/images?q=tbn:ANd9GcTubtx4wcUBfXoxPN9exNmkeYv3MJfu3CPAdTa-7XgDHcEeQuRqOOBlUelwOPlOhvS8ZNyUpGoqTosdsJmk7SsM7jkCpvoogrmnTb5V",
            "source": "BBC.com",
            "source_icon": "https://encrypted-tbn2.gstatic.com/faviconV2?url=https://www.bbc.com&client=NEWS_360&size=96&type=FAVICON&fallback_opts=TYPE,SIZE,URL",
            "title": "Lebanon FM fears intensification of Israeli Hezbollah offensive"
        },
        {
            "link": "https://news.google.com/articles/CBMiZGh0dHBzOi8vYXBuZXdzLmNvbS9hcnRpY2xlL2hhaXRpLWdhbmctdmlvbGVuY2UtdHJhdW1hLW1lbnRhbC1oZWFsdGgtZWFlMWUwYmM3YzAxNDNhMWY1OGRhN2Q1OGZmMjllZWTSAQA?hl=en-US&gl=US&ceid=US%3Aen",
            "og": "https://encrypted-tbn1.gstatic.com/images?q=tbn:ANd9GcSzt8H0A4tGWmR4WkUiszFEieiHp6vXLmkqMSxzXtfvf5qQDTGU_B9fpyLiUASNw7mqtGgvoSMT2Y7Gae3Mik_DoVSQ937E6f7hkkirgUtohersnA",
            "source": "The Associated Press",
            "source_icon": "https://encrypted-tbn2.gstatic.com/faviconV2?url=https://apnews.com&client=NEWS_360&size=96&type=FAVICON&fallback_opts=TYPE,SIZE,URL",
            "title": "Haitians break taboo on mental health services after violence traumatize kids"
        },
        {
            "link": "https://news.google.com/articles/CBMiUWh0dHBzOi8vZGFpbHljYWxsZXIuY29tLzIwMjQvMDUvMTMvdWtyYWluZS10ZXJyaXRvcnktbG9zc2VzLWNvbmdyZXNzLWFpZC1wYWNrYWdlL9IBAA?hl=en-US&gl=US&ceid=US%3Aen",
            "og": "https://encrypted-tbn1.gstatic.com/images?q=tbn:ANd9GcRFtM8C98wjXmu4tPkTaoffGFXvyJ1wn7nyjwEPgCAEpAgiPECV8xohjG5GLThzJbf_IQZ0sT1uU36rqxNzgle8",
            "source": "Daily Caller",
            "source_icon": "https://encrypted-tbn2.gstatic.com/faviconV2?url=https://dailycaller.com&client=NEWS_360&size=96&type=FAVICON&fallback_opts=TYPE,SIZE,URL",
            "title": "Russian Troops Make Major Gains After Congress, Biden Greenlit Major Aid Package To Ukraine"
        },
        {
            "link": "https://news.google.com/articles/CBMiP2h0dHBzOi8vd3d3LmZ0LmNvbS9jb250ZW50LzExZTBiODFmLTUwZmEtNGFmZi1iMGU5LWM0NjJhOTQ2OTgxONIBAA?hl=en-US&gl=US&ceid=US%3Aen",
            "og": "https://encrypted-tbn2.gstatic.com/images?q=tbn:ANd9GcRof1ykgzmTUdRvdqdlyjyxLD8m7o6Y6eIuvi0t0HnwTnDK4cFanloHzShe6oyKzJ2Vq8gcHQ5kEwB4L85Gk8wZd87G9y-TrYf8U-2b1tnIopRjLA",
            "source": "Financial Times",
            "source_icon": "https://encrypted-tbn2.gstatic.com/faviconV2?url=https://www.ft.com&client=NEWS_360&size=96&type=FAVICON&fallback_opts=TYPE,SIZE,URL",
            "title": "IMF holds off on fresh Argentina loan despite praise for Javier Milei"
        },
        {
            "link": "https://news.google.com/articles/CBMiZmh0dHBzOi8vd3d3LmZveG5ld3MuY29tL3BvbGl0aWNzL3JlcG9ydHMtYmlkZW4td2hpdGUtaG91c2Utc2hhcmluZy1zZW5zaXRpdmUtaGFtYXMtaW50ZWwtZHJhd3Mtb3V0cmFnZdIBamh0dHBzOi8vd3d3LmZveG5ld3MuY29tL3BvbGl0aWNzL3JlcG9ydHMtYmlkZW4td2hpdGUtaG91c2Utc2hhcmluZy1zZW5zaXRpdmUtaGFtYXMtaW50ZWwtZHJhd3Mtb3V0cmFnZS5hbXA?hl=en-US&gl=US&ceid=US%3Aen",
            "og": "https://encrypted-tbn2.gstatic.com/images?q=tbn:ANd9GcTQaB0ZzSqQhOtw_1T4iqfFM_mlL708cIdgMxxXY7rJTKs9h1IK5e_XsEVfoFTHGLNzermhVRrFaIYxLHjnuYSt4p3-F2KbTlk8s4V0O72nvtJTuQ",
            "source": "Fox News",
            "source_icon": "https://encrypted-tbn3.gstatic.com/faviconV2?url=https://www.foxnews.com&client=NEWS_360&size=96&type=FAVICON&fallback_opts=TYPE,SIZE,URL",
            "title": "Reports of Biden White House keeping 'sensitive' Hamas intel from Israel draws outrage"
        },
        {
            "link": "https://news.google.com/articles/CBMiemh0dHBzOi8vd3d3LmZveGJ1c2luZXNzLmNvbS9saWZlc3R5bGUvdmlkZW8tc2hvd3MtcGxhbmUtdG91Y2gtZG93bi1ydW53YXktd2l0aG91dC1sYW5kaW5nLWdlYXItYXVzdHJhbGlhLW5ld2Nhc3RsZS1haXJwb3J00gF-aHR0cHM6Ly93d3cuZm94YnVzaW5lc3MuY29tL2xpZmVzdHlsZS92aWRlby1zaG93cy1wbGFuZS10b3VjaC1kb3duLXJ1bndheS13aXRob3V0LWxhbmRpbmctZ2Vhci1hdXN0cmFsaWEtbmV3Y2FzdGxlLWFpcnBvcnQuYW1w?hl=en-US&gl=US&ceid=US%3Aen",
            "og": "https://encrypted-tbn0.gstatic.com/images?q=tbn:ANd9GcSSs6vpebtfe_GSDFiPSkObKQvPIqGkFcX3TNIdfqxLtOm9iDUv7XM5yp6fTKdKjtQzzVkxHAEe-JcTLQvWlSiklWIIlL_Y0W6nJ1uDkbwchJu76w",
            "source": "Fox Business",
            "source_icon": "https://encrypted-tbn1.gstatic.com/faviconV2?url=https://www.foxbusiness.com&client=NEWS_360&size=96&type=FAVICON&fallback_opts=TYPE,SIZE,URL",
            "title": "Video shows plane touch down on runway without landing gear after suffering mechanical failure"
        },
        {
            "link": "https://news.google.com/articles/CBMicGh0dHBzOi8vd3d3LmFsamF6ZWVyYS5jb20vbmV3cy8yMDI0LzUvMTQvbnNtLTIwLWluY29uc2lzdGVuY2llcy1wbGFndWUtdXMtYXNzZXNzbWVudC1vbi1pc3JhZWxzLWdhemEtd2FyLWNvbmR1Y3TSAXRodHRwczovL3d3dy5hbGphemVlcmEuY29tL2FtcC9uZXdzLzIwMjQvNS8xNC9uc20tMjAtaW5jb25zaXN0ZW5jaWVzLXBsYWd1ZS11cy1hc3Nlc3NtZW50LW9uLWlzcmFlbHMtZ2F6YS13YXItY29uZHVjdA?hl=en-US&gl=US&ceid=US%3Aen",
            "og": "https://encrypted-tbn2.gstatic.com/images?q=tbn:ANd9GcR7oGNzNCDpfcepDOkGfJAGaM9Z-mR1cuqLeIyj3JiAHtRRjTVt72T3yg6x4x2jHN3_JSGniVVyGWm1wkX8sDSwvqWWgxcsShTduAUUcKoOAN21ig",
            "source": "Al Jazeera English",
            "source_icon": "https://encrypted-tbn0.gstatic.com/faviconV2?url=https://www.aljazeera.com&client=NEWS_360&size=96&type=FAVICON&fallback_opts=TYPE,SIZE,URL",
            "title": "NSM-20: ‘Inconsistencies’ plague US assessment on Israel’s Gaza war conduct"
        },
        {
            "link": "https://news.google.com/articles/CBMiWmh0dHBzOi8vd3d3LnRoZWluZXJ0aWEuY29tL3N1cmYvcmVwb3J0LXNpbmFsb2EtY2FydGVsLWdhdmUtYmFqYS1tdXJkZXItc3VzcGVjdHMtdG8tcG9saWNlL9IBAA?hl=en-US&gl=US&ceid=US%3Aen",
            "og": "https://encrypted-tbn0.gstatic.com/images?q=tbn:ANd9GcQaXemloUN-ehVIGVaGwJRJUTk37nCpP2_Ppx2V0xZKYyInW20zhlF1fsy3dka2-uhfz91lxGaw6bBVf2FCw98lkcTz2qwA8rj28ZhcPDEsQ8jJWw",
            "source": "The Inertia",
            "source_icon": "https://encrypted-tbn1.gstatic.com/faviconV2?url=https://www.theinertia.com&client=NEWS_360&size=96&type=FAVICON&fallback_opts=TYPE,SIZE,URL",
            "title": "Report: Sinaloa Cartel Gave Baja Murder Suspects to Police"
        },
        {
            "link": "https://news.google.com/articles/CBMieGh0dHBzOi8vd3d3LnRoZWRhaWx5YmVhc3QuY29tL2dvcmRvbi1ibGFjay11cy1zb2xkaWVyLWRldGFpbmVkLWluLXJ1c3NpYS1zdGFiYmVkLWJ5LWdpcmxmcmllbmQtYmVmb3JlLWFycmVzdC13aWZlLWNsYWltc9IBAA?hl=en-US&gl=US&ceid=US%3Aen",
            "og": "https://encrypted-tbn1.gstatic.com/images?q=tbn:ANd9GcScDEuaSKuHIDX0nxcLidKJPjYMUBP_c6g3EKgZdS7JA1MoSfONHfx8BAsxCr4WhrguS0YporTdyhKA0yzNn05u",
            "source": "The Daily Beast",
            "source_icon": "https://encrypted-tbn0.gstatic.com/faviconV2?url=https://www.thedailybeast.com&client=NEWS_360&size=96&type=FAVICON&fallback_opts=TYPE,SIZE,URL",
            "title": "Gordon Black: U.S. Soldier Detained in Russia Stabbed by Girlfriend Before Arrest, Wife Claims"
        },
        {
            "link": "https://news.google.com/articles/CBMiM2h0dHBzOi8vd3d3LmJiYy5jb20vbmV3cy93b3JsZC1taWRkbGUtZWFzdC02OTAwNjczNNIBN2h0dHBzOi8vd3d3LmJiYy5jb20vbmV3cy93b3JsZC1taWRkbGUtZWFzdC02OTAwNjczNC5hbXA?hl=en-US&gl=US&ceid=US%3Aen",
            "og": "https://encrypted-tbn2.gstatic.com/images?q=tbn:ANd9GcTGmgL3E10bSzzFfLFKk-Cy4OKaKCuZyg9QSAaUmpoyO-nFexuIh6SH3NpWh-VLgTOkc7Yuty-KCyxQbRKe784bC5nBK-j8iQwWd7k3XZ1tEsRqQQ",
            "source": "BBC.com",
            "source_icon": "https://encrypted-tbn2.gstatic.com/faviconV2?url=https://www.bbc.com&client=NEWS_360&size=96&type=FAVICON&fallback_opts=TYPE,SIZE,URL",
            "title": "Israel-Gaza war: UN says staff member killed in Gaza"
        },
        {
            "link": "https://news.google.com/articles/CBMic2h0dHBzOi8vd3d3LnRpbWVzb2Zpc3JhZWwuY29tL3RoZS11cy1haW1zLXRvLXdyYXAtdXAtZ2F6YS13YXItaG93LWRvZXMtdGhhdC1zcXVhcmUtd2l0aC1pdHMtZ29hbC1vZi10b3BwbGluZy1oYW1hcy_SAXdodHRwczovL3d3dy50aW1lc29maXNyYWVsLmNvbS90aGUtdXMtYWltcy10by13cmFwLXVwLWdhemEtd2FyLWhvdy1kb2VzLXRoYXQtc3F1YXJlLXdpdGgtaXRzLWdvYWwtb2YtdG9wcGxpbmctaGFtYXMvYW1wLw?hl=en-US&gl=US&ceid=US%3Aen",
            "og": "https://encrypted-tbn2.gstatic.com/images?q=tbn:ANd9GcQ6yiQYKbL0ZcXHV8vwYXlILsl5-lrH44llYy5nvDdqcDECWKnwaZlGSjEaHzFmg3pjZo94Rx6puJbbx-wte7bFOIVrp3IFbCpAAWli3dKSO19AFw",
            "source": "The Times of Israel",
            "source_icon": "https://encrypted-tbn3.gstatic.com/faviconV2?url=https://www.timesofisrael.com&client=NEWS_360&size=96&type=FAVICON&fallback_opts=TYPE,SIZE,URL",
            "title": "The US aims to wrap up Gaza war. How does that square with its goal of toppling Hamas?"
        },
        {
            "link": "https://news.google.com/articles/CBMiVWh0dHBzOi8vd3d3Lndhc2hpbmd0b25wb3N0LmNvbS93b3JsZC8yMDI0LzA1LzEzL2lzcmFlbC1oYW1hcy13YXItbmV3cy1nYXphLXBhbGVzdGluZS_SAQA?hl=en-US&gl=US&ceid=US%3Aen",
            "og": "https://encrypted-tbn1.gstatic.com/images?q=tbn:ANd9GcQCo_q0pimfHhSM-MVRf4QyFvcFi9j8F_IjeeVaFVbjKkTlry9WgxDFWEOkujlvVqo3AEdDgHovtJ4PMXOYaonhn0U7hbOgY-ixiW3xk3aa7H9ueA",
            "source": "The Washington Post",
            "source_icon": "https://encrypted-tbn3.gstatic.com/faviconV2?url=https://www.washingtonpost.com&client=NEWS_360&size=96&type=FAVICON&fallback_opts=TYPE,SIZE,URL",
            "title": "Israeli forces advance in Rafah; Health Ministry says Gaza hospital system will collapse in hours"
        }
    ]
}
Request URI:	https://ok.surf/api/v1/news-section-names
[
    "US",
    "World",
    "Business",
    "Technology",
    "Entertainment",
    "Sports",
    "Science",
    "Health"
]
Request URI:	https://ok.surf/api/v1/cors/news-section-names
[
    "US",
    "World",
    "Business",
    "Technology",
    "Entertainment",
    "Sports",
    "Science",
    "Health"
]
Request URI:	https://ok.surf/api/v1/news-feed
{
    "Business": [
        {
            "link": "https://news.google.com/articles/CBMiaGh0dHBzOi8vd3d3LnRoZWd1YXJkaWFuLmNvbS9idXNpbmVzcy9hcnRpY2xlLzIwMjQvbWF5LzE0L2pvZS1iaWRlbi10YXJpZmYtY2hpbmVzZS1tYWRlLWVsZWN0cmljLXZlaGljbGVz0gFoaHR0cHM6Ly9hbXAudGhlZ3VhcmRpYW4uY29tL2J1c2luZXNzL2FydGljbGUvMjAyNC9tYXkvMTQvam9lLWJpZGVuLXRhcmlmZi1jaGluZXNlLW1hZGUtZWxlY3RyaWMtdmVoaWNsZXM?hl=en-US&gl=US&ceid=US%3Aen",
            "og": "https://encrypted-tbn2.gstatic.com/images?q=tbn:ANd9GcQ32aEMY6aA-I3hp3_FxW5ht6YnUX8Bf-lw8NMl2oCXoW_po3Z9SNDztW3R3R7zL7UDh1bMlLgbI5tVa64D-ezm0m9XFl6weAXYMP5NhoUGl7kE2w",
            "source": "The Guardian",
            "source_icon": "https://encrypted-tbn0.gstatic.com/faviconV2?url=https://www.theguardian.com&client=NEWS_360&size=96&type=FAVICON&fallback_opts=TYPE,SIZE,URL",
            "title": "Biden announces 100% tariff on Chinese-made electric vehicles"
        },
        {
            "link": "https://news.google.com/articles/CBMigAFodHRwczovL3d3dy5jbmJjLmNvbS8yMDI0LzA1LzE0L2dhbWVzdG9wLWFtYy1zaGFyZXMtanVtcC1hbm90aGVyLTQwcGVyY2VudC1pbi1wcmVtYXJrZXQtdHJhZGluZy1hcy1tZW1lLXN0b2NrLWNyYXplLXJldHVybnMuaHRtbNIBhAFodHRwczovL3d3dy5jbmJjLmNvbS9hbXAvMjAyNC8wNS8xNC9nYW1lc3RvcC1hbWMtc2hhcmVzLWp1bXAtYW5vdGhlci00MHBlcmNlbnQtaW4tcHJlbWFya2V0LXRyYWRpbmctYXMtbWVtZS1zdG9jay1jcmF6ZS1yZXR1cm5zLmh0bWw?hl=en-US&gl=US&ceid=US%3Aen",
            "og": "https://encrypted-tbn0.gstatic.com/images?q=tbn:ANd9GcR3lS1mXIfeogYuiAVbL3P3GzNNDzKR_nDGgpodL5Jf_qDdeI49VqIgOBrT-ZARNNsEE9fi1FSAwbJMvqjsgOJrbDxnTW0wEqqbcwLBePq8Qb-EhQ",
            "source": "CNBC",
            "source_icon": "https://encrypted-tbn0.gstatic.com/faviconV2?url=https://www.cnbc.com&client=NEWS_360&size=96&type=FAVICON&fallback_opts=TYPE,SIZE,URL",
            "title": "GameStop, AMC shares jump another 50% in premarket trading as meme stock craze returns"
        },
        {
            "link": "https://news.google.com/articles/CBMiRGh0dHBzOi8vd3d3LmNuYmMuY29tLzIwMjQvMDUvMTQvaG9tZS1kZXBvdC1oZC1xMS0yMDI0LWVhcm5pbmdzLS5odG1s0gFIaHR0cHM6Ly93d3cuY25iYy5jb20vYW1wLzIwMjQvMDUvMTQvaG9tZS1kZXBvdC1oZC1xMS0yMDI0LWVhcm5pbmdzLS5odG1s?hl=en-US&gl=US&ceid=US%3Aen",
            "og": "https://encrypted-tbn2.gstatic.com/images?q=tbn:ANd9GcSOrd1F5rzeD-w8iYLZ1xH_9S29COJpqCfD6S2-Fe74iclWyqYh9f28GlFnI6rT0H7yAT1Yy7K4tIfY0f5Vb9mKgbAw-BGUJlXpYoKDFpDdY_CW4A",
            "source": "CNBC",
            "source_icon": "https://encrypted-tbn0.gstatic.com/faviconV2?url=https://www.cnbc.com&client=NEWS_360&size=96&type=FAVICON&fallback_opts=TYPE,SIZE,URL",
            "title": "Home Depot misses on revenue, as high interest rates hurt sales"
        },
        {
            "link": "https://news.google.com/articles/CBMiaGh0dHBzOi8vd3d3LmNuYmMuY29tLzIwMjQvMDUvMTQvYW5nbG8tYW1lcmljYW4tdG8tc3Bpbi1vZmYtZGUtYmVlcnMtYXMtYmhwLXRha2VvdmVyLXByZXNzdXJlLW1vdW50cy5odG1s0gFsaHR0cHM6Ly93d3cuY25iYy5jb20vYW1wLzIwMjQvMDUvMTQvYW5nbG8tYW1lcmljYW4tdG8tc3Bpbi1vZmYtZGUtYmVlcnMtYXMtYmhwLXRha2VvdmVyLXByZXNzdXJlLW1vdW50cy5odG1s?hl=en-US&gl=US&ceid=US%3Aen",
            "og": "https://encrypted-tbn1.gstatic.com/images?q=tbn:ANd9GcRTNK-8Yy344ZyJXg-MwivyRzqhmnsWqqSbZAYeNNnQqydCJBCFbtpO2jT_HvDEs9aORkBg7UfjKKMtNlvbjPaQnruKdcbAcrMOG_UR6uj9p8I2Gw",
            "source": "CNBC",
            "source_icon": "https://encrypted-tbn0.gstatic.com/faviconV2?url=https://www.cnbc.com&client=NEWS_360&size=96&type=FAVICON&fallback_opts=TYPE,SIZE,URL",
            "title": "Diamond giant De Beers faces spin-off amid wider restructuring as Anglo American takeover pressure mounts"
        },
        {
            "link": "https://news.google.com/articles/CBMiWGh0dHBzOi8vd3d3LnJldXRlcnMuY29tL21hcmtldHMvdXMvZnV0dXJlcy1lZGdlLWhpZ2hlci1zdGFydC1kYXRhLWhlYXZ5LXdlZWstMjAyNC0wNS0xMy_SAQA?hl=en-US&gl=US&ceid=US%3Aen",
            "og": "https://encrypted-tbn2.gstatic.com/images?q=tbn:ANd9GcSUcxUXg6ec3ZfLxJ1DgVoLJTPyc24Vp0qPYzR80s5UUoH9P_pinfdvwYLd0GvJfTY-RvABIGGG13_224ZzQ1H2YULty4nSrC7gs-rr_1HPRsOGHg",
            "source": "Reuters",
            "source_icon": "https://encrypted-tbn2.gstatic.com/faviconV2?url=https://www.reuters.com&client=NEWS_360&size=96&type=FAVICON&fallback_opts=TYPE,SIZE,URL",
            "title": "S&P 500 barely changes as investors hold tight ahead of inflation data"
        },
        {
            "link": "https://news.google.com/articles/CBMiXGh0dHBzOi8vYXBuZXdzLmNvbS9hcnRpY2xlL3N0b2NrLW1hcmtldC1yYXRlcy1jaGluYS10YXJpZmZzLTAwMWQ0NDc4OTkzM2ZlY2E0NGQ0ZTEzNGY1NWI3ZDNk0gEA?hl=en-US&gl=US&ceid=US%3Aen",
            "og": "https://encrypted-tbn0.gstatic.com/images?q=tbn:ANd9GcRVB4d36D0T84_IepuONQ0cRNsPBovz2f4CfnNm3crHQ8eHTwG0jS-rERW6Weczh_pd1iDZH-6PQiZ2jkrYWsKqyNV6k-GdHWieWaXtcpjw0vvM0Q",
            "source": "The Associated Press",
            "source_icon": "https://encrypted-tbn2.gstatic.com/faviconV2?url=https://apnews.com&client=NEWS_360&size=96&type=FAVICON&fallback_opts=TYPE,SIZE,URL",
            "title": "Stock market today: Asian shares mixed in muted trading after Wall Street barely budges"
        },
        {
            "link": "https://news.google.com/articles/CBMicGh0dHBzOi8vd3d3LmJsb29tYmVyZy5jb20vbmV3cy9hcnRpY2xlcy8yMDI0LTA1LTE0L3dhbG1hcnQtd2lsbC1jdXQtcmVsb2NhdGUtaHVuZHJlZHMtb2YtY29ycG9yYXRlLWpvYnMtd3NqLXNheXPSAQA?hl=en-US&gl=US&ceid=US%3Aen",
            "og": "https://encrypted-tbn1.gstatic.com/images?q=tbn:ANd9GcSz6kLJrnN4hEwDZVbvns-XUHrPktQnkX11eCpPowWnnIJQgb0fxYtjjWnR3OcCyCgWJKa45TJlIaC7ItTKhgxaPnFBdO2404Zx_6IafRQhO8lzhQ",
            "source": "Bloomberg",
            "source_icon": "https://encrypted-tbn1.gstatic.com/faviconV2?url=https://www.bloomberg.com&client=NEWS_360&size=96&type=FAVICON&fallback_opts=TYPE,SIZE,URL",
            "title": "Walmart Will Cut, Relocate Hundreds of Corporate Jobs, WSJ Says"
        },
        {
            "link": "https://news.google.com/articles/CBMibWh0dHBzOi8vd3d3LnJldXRlcnMuY29tL3RlY2hub2xvZ3kvYXBwbGUtc3VwcGxpZXItZm94Y29ubnMtcTEtcHJvZml0LWp1bXBzLTcyLXl5LW1pc3Nlcy1mb3JlY2FzdHMtMjAyNC0wNS0xNC_SAQA?hl=en-US&gl=US&ceid=US%3Aen",
            "og": "https://encrypted-tbn1.gstatic.com/images?q=tbn:ANd9GcTeLAeF92CnWWC6pxZX7-gTQ0Jgq5vlw5dUCkH4dJ53DV5P7QOIgXinMQRozznYWpSDVO8_kWdn5-SiF5eGgGOLll18gWGI7ug_m-85_Hemqhln4w",
            "source": "Reuters",
            "source_icon": "https://encrypted-tbn2.gstatic.com/faviconV2?url=https://www.reuters.com&client=NEWS_360&size=96&type=FAVICON&fallback_opts=TYPE,SIZE,URL",
            "title": "Foxconn upbeat on AI demand, stands by Sharp following writedown"
        },
        {
            "link": "https://news.google.com/articles/CBMiWmh0dHBzOi8vd3d3LnJldXRlcnMuY29tL3dvcmxkL2V1cm9wZS9nZXJtYW4tZmluYWwtaW5mbGF0aW9uLWNvbmZpcm1lZC0yNC1hcHJpbC0yMDI0LTA1LTE0L9IBAA?hl=en-US&gl=US&ceid=US%3Aen",
            "og": "https://encrypted-tbn3.gstatic.com/images?q=tbn:ANd9GcR_3Zgk0zsIUSNHifUAlie1U_H14RaQW3P-F_ktFfNJWvlDtt8Z31IYe6wn98dqIHBhqLOcXbftbTAnSvqZbyCT7hVawcnaZNnAWa4Va8oz3PfK5w",
            "source": "Reuters",
            "source_icon": "https://encrypted-tbn2.gstatic.com/faviconV2?url=https://www.reuters.com&client=NEWS_360&size=96&type=FAVICON&fallback_opts=TYPE,SIZE,URL",
            "title": "German final inflation confirmed at 2.4% in April"
        },
        {
            "link": "https://news.google.com/articles/CBMiUGh0dHBzOi8vd3d3Lm55dGltZXMuY29tLzIwMjQvMDUvMTQvYnVzaW5lc3MvZWNvbm9teS9pbnRlcmVzdC1yYXRlLWZvcmVjYXN0cy5odG1s0gEA?hl=en-US&gl=US&ceid=US%3Aen",
            "og": "https://encrypted-tbn0.gstatic.com/images?q=tbn:ANd9GcQxhZAYRZF4jUGxzg6Vk4oSEyW956who1YaBvlnvx__SfsyEn3CfanW9JWd4EV2woNMaIHFAWmmLEFaFRFKchPfwgkKBzBF7VNiCeejIlL0ZmwjPA",
            "source": "The New York Times",
            "source_icon": "https://encrypted-tbn2.gstatic.com/faviconV2?url=https://www.nytimes.com&client=NEWS_360&size=96&type=FAVICON&fallback_opts=TYPE,SIZE,URL",
            "title": "What Forecasters Say About Interest Rates (and Why They Disagree)"
        },
        {
            "link": "https://news.google.com/articles/CBMiU2h0dHBzOi8vd3d3LmNuYmMuY29tLzIwMjQvMDUvMTQvdGhlc2UtYXJlLXRoZS0yMDI0LWNuYmMtZGlzcnVwdG9yLTUwLWNvbXBhbmllcy5odG1s0gFXaHR0cHM6Ly93d3cuY25iYy5jb20vYW1wLzIwMjQvMDUvMTQvdGhlc2UtYXJlLXRoZS0yMDI0LWNuYmMtZGlzcnVwdG9yLTUwLWNvbXBhbmllcy5odG1s?hl=en-US&gl=US&ceid=US%3Aen",
            "og": "https://encrypted-tbn1.gstatic.com/images?q=tbn:ANd9GcReQ9x5XWzy9jvypbJI01jlr4HmVTQ6breq3TKdI_QmRGEiGoC6VGU0lttLRj8wCI1XQH9XEHuuR3jWvEWDQ_tKP5FA30y8Dp3xHYSRzgeS0QSy3w",
            "source": "CNBC",
            "source_icon": "https://encrypted-tbn0.gstatic.com/faviconV2?url=https://www.cnbc.com&client=NEWS_360&size=96&type=FAVICON&fallback_opts=TYPE,SIZE,URL",
            "title": "These are the 2024 CNBC Disruptor 50 companies: See the full list of startups riding the AI wave"
        },
        {
            "link": "https://news.google.com/articles/CBMiYWh0dHBzOi8vd3d3LmRlbnZlcnBvc3QuY29tLzIwMjQvMDUvMTMvcmVkLWxvYnN0ZXItY2xvc2VzLWRlbnZlci13aGVhdC1yaWRnZS1sYWtld29vZC1yZXN0YXVyYW50cy_SAWVodHRwczovL3d3dy5kZW52ZXJwb3N0LmNvbS8yMDI0LzA1LzEzL3JlZC1sb2JzdGVyLWNsb3Nlcy1kZW52ZXItd2hlYXQtcmlkZ2UtbGFrZXdvb2QtcmVzdGF1cmFudHMvYW1wLw?hl=en-US&gl=US&ceid=US%3Aen",
            "og": "https://encrypted-tbn1.gstatic.com/images?q=tbn:ANd9GcTFVxP5Dqj96EguuakUFRcFIyTFlyTKvEiLy-gL7u9q66sP88DQ7SK04hKqkKrQnky8K50VsRkJYhk2PLhHGM4aabI8wzomf0vJ8zOS7V3yUikJYQ",
            "source": "The Denver Post",
            "source_icon": "https://encrypted-tbn0.gstatic.com/faviconV2?url=https://www.denverpost.com&client=NEWS_360&size=96&type=FAVICON&fallback_opts=TYPE,SIZE,URL",
            "title": "Red Lobster closes several Denver-area restaurants"
        },
        {
            "link": "https://news.google.com/articles/CBMiTWh0dHBzOi8vd3d3LnJldXRlcnMuY29tL21hcmtldHMvZXVyb3BlL2dsb2JhbC1tYXJrZXRzLXZpZXctZXVyb3BlLTIwMjQtMDUtMTQv0gEA?hl=en-US&gl=US&ceid=US%3Aen",
            "og": "https://encrypted-tbn1.gstatic.com/images?q=tbn:ANd9GcSzEfQ3SkolrDzhu_7x1Ct6zwlyNE15Ixxz6Qd0Ya1esGYiJDNCQBjiHUDcQej7bjwAJ9vGLPyygja7sNhzvwHmmbAlZrdx6eYSdEzK4auRmwwwyQ",
            "source": "Reuters",
            "source_icon": "https://encrypted-tbn2.gstatic.com/faviconV2?url=https://www.reuters.com&client=NEWS_360&size=96&type=FAVICON&fallback_opts=TYPE,SIZE,URL",
            "title": "Morning Bid: Markets eye US CPI and record high"
        },
        {
            "link": "https://news.google.com/articles/CBMiUWh0dHBzOi8vd3d3LmNvaW5kZXNrLmNvbS9idXNpbmVzcy8yMDI0LzA1LzE0L2NvaW5iYXNlLXJlcG9ydHMtc3lzdGVtLXdpZGUtb3V0YWdlL9IBAA?hl=en-US&gl=US&ceid=US%3Aen",
            "og": "https://encrypted-tbn3.gstatic.com/images?q=tbn:ANd9GcSwFN0qsbw5WF74PlEg_M7AcNC1udGLv0RpuHP00c5kPnAHS8ovX3urdvQE9SG9vvg",
            "source": "CoinDesk",
            "source_icon": "https://encrypted-tbn0.gstatic.com/faviconV2?url=https://www.coindesk.com&client=NEWS_360&size=96&type=FAVICON&fallback_opts=TYPE,SIZE,URL",
            "title": "Coinbase Reports System-Wide Outage"
        },
        {
            "link": "https://news.google.com/articles/CBMicGh0dHBzOi8vd3d3LnJldXRlcnMuY29tL2xlZ2FsL2JpbGwtaHdhbmctdHJpYWwtb3Zlci0zNi1iaWxsaW9uLWFyY2hlZ29zLWNvbGxhcHNlLWJlZ2lucy13aXRoLW9wZW5pbmctMjAyNC0wNS0xMy_SAQA?hl=en-US&gl=US&ceid=US%3Aen",
            "og": "https://encrypted-tbn2.gstatic.com/images?q=tbn:ANd9GcTCRIoMfTVDTpLebnOjYOmQLyQjzdr6a3SqcHrgpbLSWcUU07l8rSlmq1RYaQe6XhUf_X_0-QKiCRp2nGoHYACfm_yKvruv3deXsp58xKFFLp31PQ",
            "source": "Reuters",
            "source_icon": "https://encrypted-tbn2.gstatic.com/faviconV2?url=https://www.reuters.com&client=NEWS_360&size=96&type=FAVICON&fallback_opts=TYPE,SIZE,URL",
            "title": "Archegos' Hwang lied to become Wall Street legend, prosecutors say as trial begins"
        },
        {
            "link": "https://news.google.com/articles/CBMiXWh0dHBzOi8vd3d3Lndhc2hpbmd0b25wb3N0LmNvbS9idXNpbmVzcy8yMDI0LzA1LzEzL3Bvd2VyLWdyaWQtdHJhbnNtaXNzaW9uLWxpbmVzLWVsZWN0cmljaXR5L9IBAA?hl=en-US&gl=US&ceid=US%3Aen",
            "og": "https://encrypted-tbn2.gstatic.com/images?q=tbn:ANd9GcTdZtiONlacKtMyrI4C_A9U4Q_svPPuZRmh30VJLc4TuuTWWSaUuB7_2MHRUI8aiq-LlDkmttiVR8LLO5rlWogIPtGImtvGSLSMadWt9NgUSOy90w",
            "source": "The Washington Post",
            "source_icon": "https://encrypted-tbn3.gstatic.com/faviconV2?url=https://www.washingtonpost.com&client=NEWS_360&size=96&type=FAVICON&fallback_opts=TYPE,SIZE,URL",
            "title": "Sweeping reforms aim to stabilize nation’s wheezing power grid"
        },
        {
            "link": "https://news.google.com/articles/CBMiXGh0dHBzOi8vd3d3LmNuYmMuY29tLzIwMjQvMDUvMTMvbnJmLXJlamVjdHMtc2hlaW4tbWVtYmVyc2hpcC1hcy1yZXRhaWxlci1wdXJzdWVzLXVzLWlwby5odG1s0gFgaHR0cHM6Ly93d3cuY25iYy5jb20vYW1wLzIwMjQvMDUvMTMvbnJmLXJlamVjdHMtc2hlaW4tbWVtYmVyc2hpcC1hcy1yZXRhaWxlci1wdXJzdWVzLXVzLWlwby5odG1s?hl=en-US&gl=US&ceid=US%3Aen",
            "og": "https://encrypted-tbn3.gstatic.com/images?q=tbn:ANd9GcTSfXX1L7JAC73oeOrefUCQO8emNlCOH0llAYGcMghPW-etjzLguYmTy-WGKQFxWVhGqx4LvHtUSwPlKTOr7zsWDKyt3qJViBMqeijKY1sA4bnjeg",
            "source": "CNBC",
            "source_icon": "https://encrypted-tbn0.gstatic.com/faviconV2?url=https://www.cnbc.com&client=NEWS_360&size=96&type=FAVICON&fallback_opts=TYPE,SIZE,URL",
            "title": "NRF rejects Shein membership as retailer pursues U.S. IPO"
        },
        {
            "link": "https://news.google.com/articles/CBMiemh0dHBzOi8vd3d3LmFsLmNvbS9uZXdzLzIwMjQvMDUvYWxhYmFtYS1pcy1ub3QtbWljaGlnYW4taXZleS1zaWducy11bmlvbi1iaWxsLWFzLW1lcmNlZGVzLXdvcmtlcnMtdm90ZS1vbi1qb2luaW5nLXVhdy5odG1s0gGJAWh0dHBzOi8vd3d3LmFsLmNvbS9uZXdzLzIwMjQvMDUvYWxhYmFtYS1pcy1ub3QtbWljaGlnYW4taXZleS1zaWducy11bmlvbi1iaWxsLWFzLW1lcmNlZGVzLXdvcmtlcnMtdm90ZS1vbi1qb2luaW5nLXVhdy5odG1sP291dHB1dFR5cGU9YW1w?hl=en-US&gl=US&ceid=US%3Aen",
            "og": "https://encrypted-tbn3.gstatic.com/images?q=tbn:ANd9GcQDzWUfJlzdCbAaMMBsgeq-g8mHBQv8F9d7XMEF4Sh9yVObxsDInA-SHEiUZMuAdHAp-_H8nHO5MQwO2ts4raE8QqYg4-rnQdNM6gnPXi2W60zZpg",
            "source": "AL.com",
            "source_icon": "https://encrypted-tbn0.gstatic.com/faviconV2?url=https://www.al.com&client=NEWS_360&size=96&type=FAVICON&fallback_opts=TYPE,SIZE,URL",
            "title": "‘Alabama is not Michigan’: Ivey signs union bill as Mercedes workers vote on joining UAW"
        },
        {
            "link": "https://news.google.com/articles/CBMiSGh0dHBzOi8vd3d3LmNuYmMuY29tLzIwMjQvMDUvMTQvc29ueS1xNC1hbmQtZnVsbC15ZWFyLTIwMjMtZWFybmluZ3MuaHRtbNIBTGh0dHBzOi8vd3d3LmNuYmMuY29tL2FtcC8yMDI0LzA1LzE0L3NvbnktcTQtYW5kLWZ1bGwteWVhci0yMDIzLWVhcm5pbmdzLmh0bWw?hl=en-US&gl=US&ceid=US%3Aen",
            "og": "https://encrypted-tbn1.gstatic.com/images?q=tbn:ANd9GcRmcxDUUW__9Ff0NM8Il_ySG1_QGkfLq8Sk-0s9_Bui9XCXuzTknZCtPokI-ufKTPs_MQ67jyytIksNgRe_EUGcT44Q8e9x1MVt1ZD2rkXYV6YiHw",
            "source": "CNBC",
            "source_icon": "https://encrypted-tbn0.gstatic.com/faviconV2?url=https://www.cnbc.com&client=NEWS_360&size=96&type=FAVICON&fallback_opts=TYPE,SIZE,URL",
            "title": "Sony reports 7% drop in annual profit as PlayStation 5 sales miss trimmed target"
        },
        {
            "link": "https://news.google.com/articles/CBMiYmh0dHBzOi8vYWJjbmV3cy5nby5jb20vVVMvd2lyZVN0b3J5L3VzLWFpcmxpbmVzLXN1aW5nLWJpZGVuLWFkbWluaXN0cmF0aW9uLW5ldy1ydWxlLW1ha2UtMTEwMTgxMDc10gFmaHR0cHM6Ly9hYmNuZXdzLmdvLmNvbS9hbXAvVVMvd2lyZVN0b3J5L3VzLWFpcmxpbmVzLXN1aW5nLWJpZGVuLWFkbWluaXN0cmF0aW9uLW5ldy1ydWxlLW1ha2UtMTEwMTgxMDc1?hl=en-US&gl=US&ceid=US%3Aen",
            "og": "https://encrypted-tbn0.gstatic.com/images?q=tbn:ANd9GcTJ5QzV5hO12ez_U9GV0HDZmQvns0xIq4HYDhA_Ehd6IsC_XF5ZvrZRnStlOGtZ42PDAnd5uvm4RUE2k4KjagZB9gehxluw-SAF-9IktMBH7DKB4A",
            "source": "ABC News",
            "source_icon": "https://encrypted-tbn3.gstatic.com/faviconV2?url=https://abcnews.go.com&client=NEWS_360&size=96&type=FAVICON&fallback_opts=TYPE,SIZE,URL",
            "title": "US airlines are suing the Biden administration over a new rule to make certain fees easier to spot"
        },
        {
            "link": "https://news.google.com/articles/CBMibGh0dHBzOi8vd3d3LmJsb29tYmVyZy5jb20vbmV3cy9mZWF0dXJlcy8yMDI0LTA1LTEzL21hY3Jvbi1zdWdnZXN0cy1iaWctbS1hLXBsYW4tZm9yLWV1cm9wZS1zLWVjb25vbXktcmV2aXZhbNIBAA?hl=en-US&gl=US&ceid=US%3Aen",
            "og": "https://encrypted-tbn3.gstatic.com/images?q=tbn:ANd9GcTXoNbq2a8PQsJ7tGiIXAPXoMN-_zHXBqfLUkJHzptbVRmmh9QDQ8Tiu6ayKDri959WUkN4qD_DC3jPNZXfpn5c1-nEjdsS295sOxmrJxfnaRYzaA",
            "source": "Bloomberg",
            "source_icon": "https://encrypted-tbn1.gstatic.com/faviconV2?url=https://www.bloomberg.com&client=NEWS_360&size=96&type=FAVICON&fallback_opts=TYPE,SIZE,URL",
            "title": "Macron Leaves Door Open for Big M&A Plan for Europe's Economy Revival"
        },
        {
            "link": "https://news.google.com/articles/CBMiSGh0dHBzOi8vZmluYW5jZS55YWhvby5jb20vbmV3cy93aGVyZS1udmlkaWEtc3RvY2stMy15ZWFycy0wMDE1MDA5MDYuaHRtbNIBAA?hl=en-US&gl=US&ceid=US%3Aen",
            "og": "https://encrypted-tbn2.gstatic.com/images?q=tbn:ANd9GcQziuA6KVuQtx0AN_2wZt0NdVYhn4xAvzivo6Y2MWg1YNM-2VYdDWzm0XWANF-LGSZ87xSAQuLpOTrgMUIDQ5c1pyuKyeuKvQM4qlgyKCaYM3PPMA",
            "source": "Yahoo Finance",
            "source_icon": "https://encrypted-tbn1.gstatic.com/faviconV2?url=https://finance.yahoo.com&client=NEWS_360&size=96&type=FAVICON&fallback_opts=TYPE,SIZE,URL",
            "title": "Where Will Nvidia Stock Be in 3 Years?"
        },
        {
            "link": "https://news.google.com/articles/CBMibWh0dHBzOi8va3RsYS5jb20vbmV3cy9sb2NhbC1uZXdzL2hvbGx5d29vZC1idXNpbmVzc2VzLXRyeWluZy1hLW5ldy1hcHByb2FjaC10by1jbGVhcmluZy1ob21lbGVzcy1lbmNhbXBtZW50cy_SAXFodHRwczovL2t0bGEuY29tL25ld3MvbG9jYWwtbmV3cy9ob2xseXdvb2QtYnVzaW5lc3Nlcy10cnlpbmctYS1uZXctYXBwcm9hY2gtdG8tY2xlYXJpbmctaG9tZWxlc3MtZW5jYW1wbWVudHMvYW1wLw?hl=en-US&gl=US&ceid=US%3Aen",
            "og": "https://encrypted-tbn3.gstatic.com/images?q=tbn:ANd9GcSTD9fRxzsfXPLmHHWAPiMREWpNQBEKQfo7QMp24gFyHzwMZVbQAu9J0xUEk4bzUDVSqrjT8atpX2iCJ0PTEPID7zbIpWYxKK59O-NPiS7Wm5kyCA",
            "source": "KTLA Los Angeles",
            "source_icon": "https://encrypted-tbn2.gstatic.com/faviconV2?url=https://ktla.com&client=NEWS_360&size=96&type=FAVICON&fallback_opts=TYPE,SIZE,URL",
            "title": "Hollywood businesses trying a new approach to clearing homeless encampments"
        },
        {
            "link": "https://news.google.com/articles/CBMiO2h0dHBzOi8vYWJjNy5jb20vcG9zdC9tY2RvbmFsZHMtNS12YWx1ZS1tZWFsLWRlYWwvMTQ4MDgwMzkv0gEA?hl=en-US&gl=US&ceid=US%3Aen",
            "og": "https://encrypted-tbn2.gstatic.com/images?q=tbn:ANd9GcTi4i2ZKQ7KH-y1hFkwiZR8xdTsZObIPuNE9MerDYZeXiFgu7ZS_5cYvgZcXjxV-jyyAfhOeShGj1HWjNlaE7nWYVFGOr-b2rARdhfanWBU8_3G7g",
            "source": "KABC-TV",
            "source_icon": "https://encrypted-tbn1.gstatic.com/faviconV2?url=https://abc7.com&client=NEWS_360&size=96&type=FAVICON&fallback_opts=TYPE,SIZE,URL",
            "title": "McDonald's may consider $5 value meal as food prices continue to soar"
        },
        {
            "link": "https://news.google.com/articles/CBMiTmh0dHBzOi8vd3d3Lm15c2FuYW50b25pby5jb20vYnVzaW5lc3MvYXJ0aWNsZS9pbmRlZWQtbGF5b2Zmcy0yMDI0LTE5NDU1OTYwLnBocNIBAA?hl=en-US&gl=US&ceid=US%3Aen",
            "og": "https://encrypted-tbn3.gstatic.com/images?q=tbn:ANd9GcQ0HmtT_AcWSpalfgNyEJ7AhDofDbDUOk4WMdJUK7YUUbrJjEJx1WL9WX8Ql2BmUcpkfUBq1zjqZdc5AvxXoglss0Xn6cQW0ACqIHTTfu9ZVCst9A",
            "source": "mySA",
            "source_icon": "https://encrypted-tbn1.gstatic.com/faviconV2?url=https://www.mysanantonio.com&client=NEWS_360&size=96&type=FAVICON&fallback_opts=TYPE,SIZE,URL",
            "title": "Texas-based tech company Indeed announces 1,000 layoffs"
        },
        {
            "link": "https://news.google.com/articles/CBMiSWh0dHBzOi8vdGhlaGFja2VybmV3cy5jb20vMjAyNC8wNS9ibGFjay1iYXN0YS1yYW5zb213YXJlLXN0cmlrZXMtNTAwLmh0bWzSAQA?hl=en-US&gl=US&ceid=US%3Aen",
            "og": "https://encrypted-tbn3.gstatic.com/images?q=tbn:ANd9GcQl3L76sfTeRDoEr9UEO2HHU3kkWFcYlGMYXJUN75iqzI_9ZcaqdKME0o6V-nt0qA5BLnrAgfEJdEwDR4h0HM9Q4S4P0WjgYuY6X2UegtbiH1gTnQ",
            "source": "The Hacker News",
            "source_icon": "https://encrypted-tbn3.gstatic.com/faviconV2?url=https://thehackernews.com&client=NEWS_360&size=96&type=FAVICON&fallback_opts=TYPE,SIZE,URL",
            "title": "Black Basta Ransomware Strikes 500+ Entities Across North America, Europe, and Australia"
        },
        {
            "link": "https://news.google.com/articles/CBMibGh0dHBzOi8vd3d3LmludGMuY29tL25ld3MtZXZlbnRzL3ByZXNzLXJlbGVhc2VzL2RldGFpbC8xNjk1L2tldmluLW9idWNrbGV5LXRvLWxlYWQtZm91bmRyeS1zZXJ2aWNlcy1hdC1pbnRlbNIBAA?hl=en-US&gl=US&ceid=US%3Aen",
            "og": "https://encrypted-tbn0.gstatic.com/images?q=tbn:ANd9GcRVs0kRdN5hnrEri3zNwJAheAmtvbvn4deKqgNwSdbZ2pMvcl5l46MG893KERJn2gyCr6rcxVxDe1HPmrOHvoKoK4wHd-MHbnQ5lt58qOxOY5foXA",
            "source": "Investor Relations :: Intel Corporation (INTC)",
            "source_icon": "https://encrypted-tbn2.gstatic.com/faviconV2?url=https://www.intc.com&client=NEWS_360&size=96&type=FAVICON&fallback_opts=TYPE,SIZE,URL",
            "title": "Kevin O'Buckley to Lead Foundry Services at Intel"
        },
        {
            "link": "https://news.google.com/articles/CBMiemh0dHBzOi8vd3d3LnBicy5vcmcvbmV3c2hvdXIvZWNvbm9teS9zbWFsbC13ZWxsLWJ1aWx0LWNoaW5lc2UtZWxlY3RyaWMtdmVoaWNsZS1wb3Nlcy1hLWJpZy10aHJlYXQtdG8tdGhlLXUtcy1hdXRvLWluZHVzdHJ50gF-aHR0cHM6Ly93d3cucGJzLm9yZy9uZXdzaG91ci9hbXAvZWNvbm9teS9zbWFsbC13ZWxsLWJ1aWx0LWNoaW5lc2UtZWxlY3RyaWMtdmVoaWNsZS1wb3Nlcy1hLWJpZy10aHJlYXQtdG8tdGhlLXUtcy1hdXRvLWluZHVzdHJ5?hl=en-US&gl=US&ceid=US%3Aen",
            "og": "https://encrypted-tbn0.gstatic.com/images?q=tbn:ANd9GcRd9jmFF4w0Wjp_xbTLQirLKOgz59470g6DJ590MaxnyAOVADY1OlA8PGjOWkuJqvEijGtlSagfJWKVbrzGfpru2tnr2OC121LmlI94F1F0zYsfvw",
            "source": "PBS NewsHour",
            "source_icon": "https://encrypted-tbn1.gstatic.com/faviconV2?url=https://www.pbs.org&client=NEWS_360&size=96&type=FAVICON&fallback_opts=TYPE,SIZE,URL",
            "title": "Small, well-built Chinese electric vehicle poses a big threat to the U.S. auto industry"
        },
        {
            "link": "https://news.google.com/articles/CBMidmh0dHBzOi8vd3d3LnRoZXN0cmVldC5jb20vYXV0b21vdGl2ZS9wb3JzY2hlcy11cGRhdGVkLXZlcnNpb24tb2YtaXRzLWxlZ2VuZGFyeS1zcG9ydHMtY2FyLWxlYXZlcy10aGUtcGFzdC1pbi10aGUtZHVzdC3SAQA?hl=en-US&gl=US&ceid=US%3Aen",
            "og": "https://encrypted-tbn3.gstatic.com/images?q=tbn:ANd9GcQ4_b8uY6o6-gIH2z0jR0qyn24kFtFLj_zTWHlzhMYsrANmUPcHE8sQ3I4vy1yHzSeUSnOauYeHpR8wnObI1YXhE5zTyYbbkMyjIwEMevGaatrQaw",
            "source": "TheStreet",
            "source_icon": "https://encrypted-tbn1.gstatic.com/faviconV2?url=https://www.thestreet.com&client=NEWS_360&size=96&type=FAVICON&fallback_opts=TYPE,SIZE,URL",
            "title": "Porsche's updated version of its legendary sports car leaves the past in the dust"
        },
        {
            "link": "https://news.google.com/articles/CBMiSGh0dHBzOi8vZmluYW5jZS55YWhvby5jb20vbmV3cy9ub3ZhdmF4LWluYy1uYXNkYXEtbnZheC1xMS0xNDI0MjUyMzUuaHRtbNIBAA?hl=en-US&gl=US&ceid=US%3Aen",
            "og": "https://encrypted-tbn0.gstatic.com/images?q=tbn:ANd9GcT9uI9LFwcsMYmfdzD2VGg5VXHe_u1nBx-Ugaw3QZH2EeXTHDSM_cv3GrpLpqOjKjfwYexRKrUMzxQ61hTgfxKnHiyi9Wr_Wbs8jFlvwGLM46d5vg",
            "source": "Yahoo Finance",
            "source_icon": "https://encrypted-tbn1.gstatic.com/faviconV2?url=https://finance.yahoo.com&client=NEWS_360&size=96&type=FAVICON&fallback_opts=TYPE,SIZE,URL",
            "title": "Novavax, Inc. (NASDAQ:NVAX) Q1 2024 Earnings Call Transcript"
        },
        {
            "link": "https://news.google.com/articles/CBMi6wFodHRwczovL2xvY2FsMTIuY29tL25ld3MvbmF0aW9uLXdvcmxkL2FwcGxlLXN0b3JlLWVtcGxveWVlcy1tYXJ5bGFuZC11bmlvbi12b3RlLWF1dGhvcml6ZS1maXJzdC1zdHJpa2Utd29ya2luZy1jb25kaXRpb25zLXRvd3Nvbi1tYWxsLWludGVybmF0aW9uYWwtYXNzb2NpYXRpb24tb2YtbWFjaGluaXN0cy1hbmQtYWVyb3NwYWNlLXdvcmtlcnMtY29hbGl0aW9uLW9mLW9yZ2FuaXplZC1yZXRhaWwtZW1wbG95ZWVz0gHvAWh0dHBzOi8vbG9jYWwxMi5jb20vYW1wL25ld3MvbmF0aW9uLXdvcmxkL2FwcGxlLXN0b3JlLWVtcGxveWVlcy1tYXJ5bGFuZC11bmlvbi12b3RlLWF1dGhvcml6ZS1maXJzdC1zdHJpa2Utd29ya2luZy1jb25kaXRpb25zLXRvd3Nvbi1tYWxsLWludGVybmF0aW9uYWwtYXNzb2NpYXRpb24tb2YtbWFjaGluaXN0cy1hbmQtYWVyb3NwYWNlLXdvcmtlcnMtY29hbGl0aW9uLW9mLW9yZ2FuaXplZC1yZXRhaWwtZW1wbG95ZWVz?hl=en-US&gl=US&ceid=US%3Aen",
            "og": "https://encrypted-tbn1.gstatic.com/images?q=tbn:ANd9GcRD64_QPhJB1-8kzPgGKP-D7R7wafE-Wd_iQlbropwr9rO-HXUH-X0pC8li3MBCmZUBKtA-qWYPDDqlmc6fuqsFt29CFnYdiYXoHFJ3gDkFWhpvRQ",
            "source": "WKRC TV Cincinnati",
            "source_icon": "https://encrypted-tbn1.gstatic.com/faviconV2?url=https://local12.com&client=NEWS_360&size=96&type=FAVICON&fallback_opts=TYPE,SIZE,URL",
            "title": "Apple Store employees in Maryland vote to authorize a first strike over working conditions"
        },
        {
            "link": "https://news.google.com/articles/CBMiRmh0dHBzOi8vd3d3LmF4aW9zLmNvbS8yMDI0LzA1LzEzL2FtZXJpY2Fucy1oaWdoLWluZmxhdGlvbi1leHBlY3RhdGlvbnPSAQA?hl=en-US&gl=US&ceid=US%3Aen",
            "og": "https://encrypted-tbn1.gstatic.com/images?q=tbn:ANd9GcR7doZFtZngOCrPpkYz9gHP792Mb4mCj9MGT40ypoYuaQXMOmBD1mgHK0ZgdcbpRubMHnmcXp4VVXEFobsPTT2EtvFomsczSJK3ni7JtYfnxCTFlg",
            "source": "Axios",
            "source_icon": "https://encrypted-tbn0.gstatic.com/faviconV2?url=https://www.axios.com&client=NEWS_360&size=96&type=FAVICON&fallback_opts=TYPE,SIZE,URL",
            "title": "Inflation expectations creep up"
        },
        {
            "link": "https://news.google.com/articles/CBMia2h0dHBzOi8vZmluYW5jZS55YWhvby5jb20vbmV3cy9zdG9jay1tYXJrZXQtdG9kYXktc3RvY2tzLXdvYmJsZS13aXRoLWluZmxhdGlvbi1kYXRhLWluLWZvY3VzLTEzMzAzNDcyNi5odG1s0gEA?hl=en-US&gl=US&ceid=US%3Aen",
            "og": "https://encrypted-tbn2.gstatic.com/images?q=tbn:ANd9GcSkv3FK907s8wveJbCzbuBTgJkj6LWFXeKdPkNPNUmm-iBbD8OLwLu1cQEP99CjxYo",
            "source": "Yahoo Finance",
            "source_icon": "https://encrypted-tbn1.gstatic.com/faviconV2?url=https://finance.yahoo.com&client=NEWS_360&size=96&type=FAVICON&fallback_opts=TYPE,SIZE,URL",
            "title": "Stock market today: Stocks wobble with inflation data in focus"
        }
    ],
    "Entertainment": [
        {
            "link": "https://news.google.com/articles/CBMiLmh0dHBzOi8vd3d3LmJiYy5jb20vbmV3cy9hcnRpY2xlcy9jcWVubmxqcDRxNW_SATJodHRwczovL3d3dy5iYmMuY29tL25ld3MvYXJ0aWNsZXMvY3Flbm5sanA0cTVvLmFtcA?hl=en-US&gl=US&ceid=US%3Aen",
            "og": "https://encrypted-tbn3.gstatic.com/images?q=tbn:ANd9GcRJpf4pEQLHaDZLpWDnaavBF5KOuLYp1kccnwEz0hj0FVEX0yIzQJq2KwWNO6fpPytt4AHqi7C2PYv1OMBlZ4H3qUElcSMTXpgUMHju-n7OLVl4uA",
            "source": "BBC.com",
            "source_icon": "https://encrypted-tbn2.gstatic.com/faviconV2?url=https://www.bbc.com&client=NEWS_360&size=96&type=FAVICON&fallback_opts=TYPE,SIZE,URL",
            "title": "Cannes 2024: Drama on and off screen as film festival kicks off"
        },
        {
            "link": "https://news.google.com/articles/CBMic2h0dHBzOi8vbnlwb3N0LmNvbS8yMDI0LzA1LzE0L2VudGVydGFpbm1lbnQva2VsbHktY2xhcmtzb24tYWRtaXRzLXRvLXVzaW5nLXdlaWdodC1sb3NzLWRydWctYWZ0ZXItbG9zaW5nLTYwLXBvdW5kcy_SAXdodHRwczovL255cG9zdC5jb20vMjAyNC8wNS8xNC9lbnRlcnRhaW5tZW50L2tlbGx5LWNsYXJrc29uLWFkbWl0cy10by11c2luZy13ZWlnaHQtbG9zcy1kcnVnLWFmdGVyLWxvc2luZy02MC1wb3VuZHMvYW1wLw?hl=en-US&gl=US&ceid=US%3Aen",
            "og": "https://encrypted-tbn0.gstatic.com/images?q=tbn:ANd9GcQFayojB7TVtwxkv1OgC-iNh0rP-MS6tmZnxAJz2hxO-AJ-TRutgqYLZBN52V9s_968aUWe9RTBCLA1VwIh7QmkAZXeUBNpcGegPRcuojYWX0y6Pw",
            "source": "New York Post",
            "source_icon": "https://encrypted-tbn3.gstatic.com/faviconV2?url=https://nypost.com&client=NEWS_360&size=96&type=FAVICON&fallback_opts=TYPE,SIZE,URL",
            "title": "Kelly Clarkson admits to using weight loss drug after losing 60 pounds"
        },
        {
            "link": "https://news.google.com/articles/CBMiSWh0dHBzOi8vZGVhZGxpbmUuY29tLzIwMjQvMDUvc2FtLXJ1YmluLXNvbi1jb2xieS10cmlidXRlLWt0bGEtMTIzNTkxNDYzOS_SAU1odHRwczovL2RlYWRsaW5lLmNvbS8yMDI0LzA1L3NhbS1ydWJpbi1zb24tY29sYnktdHJpYnV0ZS1rdGxhLTEyMzU5MTQ2MzkvYW1wLw?hl=en-US&gl=US&ceid=US%3Aen",
            "og": "https://encrypted-tbn3.gstatic.com/images?q=tbn:ANd9GcTSitcUcRHkfoAyXfcV6bbGC_rEPPdr3r_9vxT81bmOOGjZVOClecck40YuthNHaMVqWFd8AAyBKlqXQC6dtJY-Jm3A5bZND2Xgm3mxqUUt1088Sg",
            "source": "Deadline",
            "source_icon": "https://encrypted-tbn0.gstatic.com/faviconV2?url=https://deadline.com&client=NEWS_360&size=96&type=FAVICON&fallback_opts=TYPE,SIZE,URL",
            "title": "Sam Rubin’s Son Colby Shares Touching Tribute To His Dad On KTLA Morning News"
        },
        {
            "link": "https://news.google.com/articles/CBMia2h0dHBzOi8vd3d3LmVvbmxpbmUuY29tL25ld3MvMTQwMTUzNC93aHktZmFucy10aGluay1jaHJpcy1wcmF0dC1zaGFkZWQtZXgtYW5uYS1mYXJpcy1pbi1tb3RoZXJzLWRheS10cmlidXRl0gEA?hl=en-US&gl=US&ceid=US%3Aen",
            "og": "https://encrypted-tbn2.gstatic.com/images?q=tbn:ANd9GcRrmq115sgdf5CVbtwx575W-U5lAgDfaW1HAimeKMJY_1CcxNDxbVZnslM4IpBmnMlQM71SjDboEWKlnXEPTB6r-NGpJoKCgmYeBIGUh1xT6abFrA",
            "source": "E! NEWS",
            "source_icon": "https://encrypted-tbn3.gstatic.com/faviconV2?url=https://www.eonline.com&client=NEWS_360&size=96&type=FAVICON&fallback_opts=TYPE,SIZE,URL",
            "title": "Why Fans Think Chris Pratt Shaded Ex Anna Faris in Mother’s Day Tribute"
        },
        {
            "link": "https://news.google.com/articles/CBMiP2h0dHBzOi8vd3d3LnlvdXJ0YW5nby5jb20vMjAyNDM3NDMzMi9sb3ZlLWhvcm9zY29wZS1tYXktMTQtMjAyNNIBQ2h0dHBzOi8vd3d3LnlvdXJ0YW5nby5jb20vMjAyNDM3NDMzMi9sb3ZlLWhvcm9zY29wZS1tYXktMTQtMjAyND9hbXA?hl=en-US&gl=US&ceid=US%3Aen",
            "og": "https://encrypted-tbn1.gstatic.com/images?q=tbn:ANd9GcRUqSSf_LZu1ATZn-UmG7rQHJg3qV3WtggLP07oEKnRKqnNQ8WEOOXcYChr0VMmiopuPCmL9702hZx4Su6EtVbs7wRXy3qxSL4Yxo8Ukw-eHEZB3A",
            "source": "YourTango",
            "source_icon": "https://encrypted-tbn0.gstatic.com/faviconV2?url=https://www.yourtango.com&client=NEWS_360&size=96&type=FAVICON&fallback_opts=TYPE,SIZE,URL",
            "title": "The Love Horoscope For Each Zodiac Sign On May 14, 2024"
        },
        {
            "link": "https://news.google.com/articles/CBMiT2h0dHBzOi8vd3d3LnRoZWRhaWx5YmVhc3QuY29tL2hvdy10aGUtbWlzcy11c2EtcGFnZWFudC1lbmRlZC11cC1zdWNoLWEtaG90LW1lc3PSAQA?hl=en-US&gl=US&ceid=US%3Aen",
            "og": "https://encrypted-tbn2.gstatic.com/images?q=tbn:ANd9GcQC2cyGl8VeumipHmeOY55k_1tVa2nAzBDJ6W20Yrt2vfsl0gH5ZRD4vmHOJuV7rlIRv0LWhjZuvVnRHEKjH6ls",
            "source": "The Daily Beast",
            "source_icon": "https://encrypted-tbn0.gstatic.com/faviconV2?url=https://www.thedailybeast.com&client=NEWS_360&size=96&type=FAVICON&fallback_opts=TYPE,SIZE,URL",
            "title": "How the Miss USA Pageant Ended Up Such a Hot Mess"
        },
        {
            "link": "https://news.google.com/articles/CBMiJ2h0dHBzOi8vd3d3LmJiYy5jb20vbmV3cy9hdi91ay02OTAwNTE3NdIBAA?hl=en-US&gl=US&ceid=US%3Aen",
            "og": "https://encrypted-tbn3.gstatic.com/images?q=tbn:ANd9GcRoHy7nawjFYUOVTUovhgej1JdDRkLRTGKktlbFNAo_zjoTAPtbtYBreITUjsi5q9rPizhn13oW1Q1a6481Db-A",
            "source": "BBC.com",
            "source_icon": "https://encrypted-tbn2.gstatic.com/faviconV2?url=https://www.bbc.com&client=NEWS_360&size=96&type=FAVICON&fallback_opts=TYPE,SIZE,URL",
            "title": "Prince William flies helicopter as Army Air Corps' new colonel-in-chief"
        },
        {
            "link": "https://news.google.com/articles/CBMiaGh0dHBzOi8vd3d3LmhvbGx5d29vZHJlcG9ydGVyLmNvbS9tb3ZpZXMvbW92aWUtbmV3cy9tZWdhbG9wb2xpcy10cmFpbGVyLWZyYW5jaXMtZm9yZC1jb3Bwb2xhLTEyMzU4OTgzNjcv0gFsaHR0cHM6Ly93d3cuaG9sbHl3b29kcmVwb3J0ZXIuY29tL21vdmllcy9tb3ZpZS1uZXdzL21lZ2Fsb3BvbGlzLXRyYWlsZXItZnJhbmNpcy1mb3JkLWNvcHBvbGEtMTIzNTg5ODM2Ny9hbXAv?hl=en-US&gl=US&ceid=US%3Aen",
            "og": "https://encrypted-tbn0.gstatic.com/images?q=tbn:ANd9GcQX8JK6qwuhixFs71KQasPlzQyotgM7M8kL2OY1Sbo-vLKshLHWNRRRYYbQIgSUDff1pBTiRauT4bE2GG-qDLgnr8ENzz60c5SRNB-blIS93Q1FXA",
            "source": "Hollywood Reporter",
            "source_icon": "https://encrypted-tbn1.gstatic.com/faviconV2?url=https://www.hollywoodreporter.com&client=NEWS_360&size=96&type=FAVICON&fallback_opts=TYPE,SIZE,URL",
            "title": "Francis Ford Coppola Releases First Teaser Trailer for Epic ‘Megalopolis’"
        },
        {
            "link": "https://news.google.com/articles/CBMicmh0dHBzOi8vbnlwb3N0LmNvbS8yMDI0LzA1LzEyL3VzLW5ld3MvYm9hcmR3YWxrLWVtcGlyZS1zdGFyLXN0ZXZlLWJ1c2NlbWktYXR0YWNrZWQtYnktcm9jay13aWVsZGluZy1tYW5pYWMtaW4tbnljL9IBAA?hl=en-US&gl=US&ceid=US%3Aen",
            "og": "https://encrypted-tbn2.gstatic.com/images?q=tbn:ANd9GcRs5OfS25DAYJG0xi3VDd5_-3BhNHCfVUVD3xB0ckVByblKYBFFjnMvN9yP8eaqVDlYtRq0PnqdEEECCwvDW-dhcdX7DhJ7OA-uYxUMnx2KuXzZUQ",
            "source": "New York Post",
            "source_icon": "https://encrypted-tbn3.gstatic.com/faviconV2?url=https://nypost.com&client=NEWS_360&size=96&type=FAVICON&fallback_opts=TYPE,SIZE,URL",
            "title": "'Boardwalk Empire' star Steve Buscemi punched by maniac in random NYC attack"
        },
        {
            "link": "https://news.google.com/articles/CBMilQFodHRwczovL3d3dy51c21hZ2F6aW5lLmNvbS9jZWxlYnJpdHktbmV3cy9uZXdzL2hvZGEta290Yi1qb2tlcy1nYXZpbi1yb3NzZGFsZS1oYXMtYS10eXBlLXdpdGgtZ2lybGZyaWVuZC14aG9hbmEteGhlbmV0aXMtcmVzZW1ibGFuY2UtdG8tZ3dlbi1zdGVmYW5pL9IBAA?hl=en-US&gl=US&ceid=US%3Aen",
            "og": "https://encrypted-tbn2.gstatic.com/images?q=tbn:ANd9GcQI55pOYJeCmbeKANI6tZE_gBsQpSez81pJJ18tW6zFax4Dqlf7suJRF1YIpNClquMxpMlHWkZYT1whxIgbfdAEWZFBtaanvAFH4aWoBI6XDr-Qzw",
            "source": "Us Weekly",
            "source_icon": "https://encrypted-tbn2.gstatic.com/faviconV2?url=https://www.usmagazine.com&client=NEWS_360&size=96&type=FAVICON&fallback_opts=TYPE,SIZE,URL",
            "title": "Hoda Kotb Jokes Gavin Rossdale Has a 'Type' With Gwen Stefani Lookalike GF"
        },
        {
            "link": "https://news.google.com/articles/CBMidGh0dHBzOi8vdGhlaGlsbC5jb20vcG9saWN5L2ludGVybmF0aW9uYWwvNDY2MTcyMy1pcmFuaWFuLWZpbG1tYWtlci1mbGVlcy1oaXMtY291bnRyeS1hZnRlci1mbG9nZ2luZy1wcmlzb24tc2VudGVuY2Uv0gF4aHR0cHM6Ly90aGVoaWxsLmNvbS9wb2xpY3kvaW50ZXJuYXRpb25hbC80NjYxNzIzLWlyYW5pYW4tZmlsbW1ha2VyLWZsZWVzLWhpcy1jb3VudHJ5LWFmdGVyLWZsb2dnaW5nLXByaXNvbi1zZW50ZW5jZS9hbXAv?hl=en-US&gl=US&ceid=US%3Aen",
            "og": "https://encrypted-tbn1.gstatic.com/images?q=tbn:ANd9GcS_WIABtqnkUgO-20vUAUA-0qg2-IZQZSiS4dBnrxvOwH-7FhwwDYYyxieNwmH7SJCjuqwxYfwZVk5yFmdobgis9LCcpaQuBU178kcXre9qBO0yaA",
            "source": "The Hill",
            "source_icon": "https://encrypted-tbn2.gstatic.com/faviconV2?url=https://thehill.com&client=NEWS_360&size=96&type=FAVICON&fallback_opts=TYPE,SIZE,URL",
            "title": "Iranian filmmaker flees his country after flogging, prison sentence"
        },
        {
            "link": "https://news.google.com/articles/CBMicWh0dHBzOi8vd3d3LmluZGVwZW5kZW50LmNvLnVrL2FydHMtZW50ZXJ0YWlubWVudC9ldXJvdmlzaW9uL2V1cm92aXNpb24tMjAyNC13aW5uZXItbmVtby1zd2l0emVybGFuZC1iMjU0NDU2NC5odG1s0gEA?hl=en-US&gl=US&ceid=US%3Aen",
            "og": "https://encrypted-tbn3.gstatic.com/images?q=tbn:ANd9GcR_4TOFeMX5Zm2hxizLofPNN1NWOQWL7T96B_3605xCoomsyTDYKoYTZ3bYSpAuXYFfHkJn-FNzPY8wNmy-e8pzcAp6ygCKFwqhLSdyJYNfQVoxbw",
            "source": "The Independent",
            "source_icon": "https://encrypted-tbn1.gstatic.com/faviconV2?url=https://www.independent.co.uk&client=NEWS_360&size=96&type=FAVICON&fallback_opts=TYPE,SIZE,URL",
            "title": "Eurovision winner Nemo hits out at organisers over 'unbelievable double standard'"
        },
        {
            "link": "https://news.google.com/articles/CBMiUGh0dHBzOi8vd3d3LnZvZ3VlLmNvbS9hcnRpY2xlL21lZ2hhbi1tYXJrbGUtbmlnZXJpYS10b3VyLXdhcmRyb2JlLWRlZXBlci1tZWFuaW5n0gEA?hl=en-US&gl=US&ceid=US%3Aen",
            "og": "https://encrypted-tbn0.gstatic.com/images?q=tbn:ANd9GcSfgR3Rk7dMPzyPICrEJo-MIP5pAGpWFH80M-V_jOPwnPFj8IqYlHgObr0_of-cefRWIv5BH2PT0332J-ReoipimrfSrjDJ60NBqXhks58IcaoB5A",
            "source": "Vogue",
            "source_icon": "https://encrypted-tbn3.gstatic.com/faviconV2?url=https://www.vogue.com&client=NEWS_360&size=96&type=FAVICON&fallback_opts=TYPE,SIZE,URL",
            "title": "The Deeper Meaning Behind Meghan Markle's Embrace of Her Former Royal Wardrobe"
        },
        {
            "link": "https://news.google.com/articles/CBMiRWh0dHBzOi8vd3d3Lm55dGltZXMuY29tLzIwMjQvMDUvMTMvYXJ0cy9tdXNpYy9kYXZpZC1zYW5ib3JuLWRlYWQuaHRtbNIBAA?hl=en-US&gl=US&ceid=US%3Aen",
            "og": "https://encrypted-tbn3.gstatic.com/images?q=tbn:ANd9GcSi3h0a-FC0639nKgDW3u9t_I1SuW_D9-8saCXMV2SL5vr1P7eve_43XkOpUFTz1sJsNV6tk4cAojSeN5ndD36Cv2Iuj3Iq5RAewPsu9OKTpfWc0w",
            "source": "The New York Times",
            "source_icon": "https://encrypted-tbn2.gstatic.com/faviconV2?url=https://www.nytimes.com&client=NEWS_360&size=96&type=FAVICON&fallback_opts=TYPE,SIZE,URL",
            "title": "David Sanborn, Saxophonist Who Defied Pigeonholing, Dies at 78"
        },
        {
            "link": "https://news.google.com/articles/CBMie2h0dHBzOi8vd3d3Lm5iY25ld3MuY29tL3BvcC1jdWx0dXJlL3BvcC1jdWx0dXJlLW5ld3Mva2VuZHJpY2stbGFtYXItZHJha2Utbm90LWxpa2UtdXMtbnVtYmVyLW9uZS1iaWxsYm9hcmQtY2hhcnQtcmNuYTE1MjA1MtIBK2h0dHBzOi8vd3d3Lm5iY25ld3MuY29tL25ld3MvYW1wL3JjbmExNTIwNTI?hl=en-US&gl=US&ceid=US%3Aen",
            "og": "https://encrypted-tbn2.gstatic.com/images?q=tbn:ANd9GcTJuZa2IP84JSxWVH1XOyscXAckSv2AeS4p5v3gwKsIQqOZs6kCWPUznwz_8qhv39k6ogJ5K4HAh9eegx7VTT1Rvy-T37klw-H1N4YJSzRvIOybvA",
            "source": "NBC News",
            "source_icon": "https://encrypted-tbn1.gstatic.com/faviconV2?url=https://www.nbcnews.com&client=NEWS_360&size=96&type=FAVICON&fallback_opts=TYPE,SIZE,URL",
            "title": "Kendrick Lamar nabs No. 1 spot on Billboard Hot 100 after Drake feud"
        },
        {
            "link": "https://news.google.com/articles/CBMiX2h0dHBzOi8vd3d3LnJvbGxpbmdzdG9uZS5jb20vbXVzaWMvbXVzaWMtbmV3cy9jaGlsZGlzaC1nYW1iaW5vLWRyb3BzLWF0YXZpc3RhLWFsYnVtLTEyMzUwMTg3Nzgv0gEA?hl=en-US&gl=US&ceid=US%3Aen",
            "og": "https://encrypted-tbn1.gstatic.com/images?q=tbn:ANd9GcSYIWyq75vC5ZaMAS--I3rTh_P5sCV4VY7uYGHPo4ru9qMAEJ95_Mus90jLrXR77OrlMrY0Hs3Sck7hmFi0HQvat7cSpewai3546fhVpQhhA_wfrA",
            "source": "Rolling Stone",
            "source_icon": "https://encrypted-tbn2.gstatic.com/faviconV2?url=https://www.rollingstone.com&client=NEWS_360&size=96&type=FAVICON&fallback_opts=TYPE,SIZE,URL",
            "title": "Childish Gambino Surprise-Drops New Album 'Atavista'"
        },
        {
            "link": "https://news.google.com/articles/CBMiZ2h0dHBzOi8vd3d3LmhvbGx5d29vZHJlcG9ydGVyLmNvbS9tb3ZpZXMvbW92aWUtbmV3cy9hbnlhLXRheWxvci1qb3ktaW50ZW5zZS1mdXJpb3NhLWZpbG1pbmctMTIzNTg5ODMxNy_SAWtodHRwczovL3d3dy5ob2xseXdvb2RyZXBvcnRlci5jb20vbW92aWVzL21vdmllLW5ld3MvYW55YS10YXlsb3Itam95LWludGVuc2UtZnVyaW9zYS1maWxtaW5nLTEyMzU4OTgzMTcvYW1wLw?hl=en-US&gl=US&ceid=US%3Aen",
            "og": "https://encrypted-tbn3.gstatic.com/images?q=tbn:ANd9GcQTB2u7s6BYFEvjPzgdSMUdAH3cqZi_jLNd-rqCl1xZs6a0Tqs3zDDRDm20_MUmE-HHyddULpCaAYZVfp9dD81M4H3ly30qQVL6MPFdIx3TdD76WQ",
            "source": "Hollywood Reporter",
            "source_icon": "https://encrypted-tbn1.gstatic.com/faviconV2?url=https://www.hollywoodreporter.com&client=NEWS_360&size=96&type=FAVICON&fallback_opts=TYPE,SIZE,URL",
            "title": "Anya Taylor-Joy Reflects on Intense ‘Furiosa’ Filming: “I’ve Never Been More Alone”"
        },
        {
            "link": "https://news.google.com/articles/CBMicGh0dHBzOi8vd2R3bnQuY29tLzIwMjQvMDUvbmV3LTUwLWZvb3QtcGx1bmdlLWFoZWFkLXNpZ25zLWFkZGVkLXRvLXRpYW5hcy1iYXlvdS1hZHZlbnR1cmUtcXVldWUtaW4tbWFnaWMta2luZ2RvbS_SAQA?hl=en-US&gl=US&ceid=US%3Aen",
            "og": "https://encrypted-tbn1.gstatic.com/images?q=tbn:ANd9GcQVAYY8ZO5nFiDOHHTLUHCuzcNTPu81BNabYHJ2QEp-1UG97bTrf5qHq4MMJHL-nMXLQaQ3NCYcJOlcVSSGy7qHfPQAljOgCdoT-dJwgfDxj0b49A",
            "source": "WDW News Today",
            "source_icon": "https://encrypted-tbn3.gstatic.com/faviconV2?url=https://wdwnt.com&client=NEWS_360&size=96&type=FAVICON&fallback_opts=TYPE,SIZE,URL",
            "title": "New '50 Foot Plunge Ahead' Signs Added to Tiana's Bayou Adventure Queue in Magic Kingdom"
        },
        {
            "link": "https://news.google.com/articles/CBMidGh0dHBzOi8vd3d3LmluZGVwZW5kZW50LmNvLnVrL25ld3Mvd29ybGQvYW1lcmljYXMvaGFycnktbWVnaGFuLWNoYXJpdHktYXJjaGV3ZWxsLWZvdW5kYXRpb24tZGVsaW5xdWVudC1iMjU0NDU2OS5odG1s0gEA?hl=en-US&gl=US&ceid=US%3Aen",
            "og": "https://encrypted-tbn1.gstatic.com/images?q=tbn:ANd9GcSTCQkq0k8QXybh07qYlcHr6E7K0hIJQPFuITktg40Nep1LJFSX9bCkIkAxwa8zn_TjODFLDofsIBdJnB0vn8Gp2npwReIYLlrh9REQnYglThpiLw",
            "source": "The Independent",
            "source_icon": "https://encrypted-tbn1.gstatic.com/faviconV2?url=https://www.independent.co.uk&client=NEWS_360&size=96&type=FAVICON&fallback_opts=TYPE,SIZE,URL",
            "title": "Harry and Meghan's Archewell charity found delinquent and unable to fundraise"
        },
        {
            "link": "https://news.google.com/articles/CBMiJ2h0dHA6Ly93d3cud3dlLmNvbS9zaG93cy9yYXcvMjAyNC0wNS0xM9IBAA?hl=en-US&gl=US&ceid=US%3Aen",
            "og": "https://encrypted-tbn1.gstatic.com/images?q=tbn:ANd9GcQByhMKfZtXTjucga1GWjMPhDD6de51H80WoWkiDUiQQiqeYXbaYP__cU0iAkDuDWkxx_h8OwGiNx06n7kHsIz9Asdmh1ORMPd3lAZD",
            "source": "WWE",
            "source_icon": "https://encrypted-tbn0.gstatic.com/faviconV2?url=http://www.wwe.com&client=NEWS_360&size=96&type=FAVICON&fallback_opts=TYPE,SIZE,URL",
            "title": "Raw: May 13, 2024"
        },
        {
            "link": "https://news.google.com/articles/CBMiUmh0dHBzOi8vd3d3LnlhaG9vLmNvbS9lbnRlcnRhaW5tZW50L2thdGUtZ29zc2VsaW4tc2hhcmVzLXJhcmUtcGhvdG8tMTg1MzU3MjM5Lmh0bWzSAQA?hl=en-US&gl=US&ceid=US%3Aen",
            "og": "https://encrypted-tbn0.gstatic.com/images?q=tbn:ANd9GcSpaEV4zmY7ev9pdoFTB8Cye86EL5KJcLeXsMVkp4gD8W0mHkyd59n1u_r7CBlk71s3PHCvL1HCHWKeaReyY-_KCwBPyrHYl_RhuA-1uc_pFNBfkA",
            "source": "Yahoo Entertainment",
            "source_icon": "https://encrypted-tbn1.gstatic.com/faviconV2?url=https://www.yahoo.com&client=NEWS_360&size=96&type=FAVICON&fallback_opts=TYPE,SIZE,URL",
            "title": "Kate Gosselin shares rare photo of grown up sextuplets after years of family drama in the spotlight"
        },
        {
            "link": "https://news.google.com/articles/CBMibmh0dHBzOi8vd3d3LmFsamF6ZWVyYS5jb20vbmV3cy8yMDI0LzUvMTMvd2h5LWFyZS1zb2NpYWwtbWVkaWEtdXNlcnMtYmxvY2tpbmctY2VsZWJyaXRpZXMtb3Zlci1pc3JhZWxzLWdhemEtd2Fy0gFyaHR0cHM6Ly93d3cuYWxqYXplZXJhLmNvbS9hbXAvbmV3cy8yMDI0LzUvMTMvd2h5LWFyZS1zb2NpYWwtbWVkaWEtdXNlcnMtYmxvY2tpbmctY2VsZWJyaXRpZXMtb3Zlci1pc3JhZWxzLWdhemEtd2Fy?hl=en-US&gl=US&ceid=US%3Aen",
            "og": "https://encrypted-tbn2.gstatic.com/images?q=tbn:ANd9GcS3LF1bLz3Di1jeVsEDShv3RQUrhrPFJZg4qKDnrWJTV5QDtvYLwNVclfFD_TMeq1A-Yvu55eXSTA7UEH0kWEtdvgG5KMjQ35iCsYIxrWMp-9b7JQ",
            "source": "Al Jazeera English",
            "source_icon": "https://encrypted-tbn0.gstatic.com/faviconV2?url=https://www.aljazeera.com&client=NEWS_360&size=96&type=FAVICON&fallback_opts=TYPE,SIZE,URL",
            "title": "Why are social media users blocking celebrities over Israel’s Gaza war?"
        },
        {
            "link": "https://news.google.com/articles/CBMiVmh0dHBzOi8vZ2l6bW9kby5jb20va2luZ2RvbS1vZi1wbGFuZXQtb2YtYXBlcy1zcG9pbGVycy1lbmRpbmctc2VxdWVscy1jYWVzYS0xODUxNDYyMjcz0gEA?hl=en-US&gl=US&ceid=US%3Aen",
            "og": "https://encrypted-tbn1.gstatic.com/images?q=tbn:ANd9GcTxB2P0ZFdZRUUSSKsvGnQ7SL6JRtPGTwSnd69WyWwp7eC-TeEmtAv2HqBwXSqlPVjXlUkTYwDaN4A00vSlYP1rbVqNV-YA1uYjZREv",
            "source": "Gizmodo",
            "source_icon": "https://encrypted-tbn1.gstatic.com/faviconV2?url=https://gizmodo.com&client=NEWS_360&size=96&type=FAVICON&fallback_opts=TYPE,SIZE,URL",
            "title": "Wes Ball Talks Kingdom of the Planet of the Apes Spoilers"
        },
        {
            "link": "https://news.google.com/articles/CBMiU2h0dHBzOi8vdmFyaWV0eS5jb20vMjAyNC90di9uZXdzL3dpY2tlZC1uYmN1LXVwZnJvbnQtMjAyNC1kb25uYS1sYW5nbGV5LTEyMzYwMDA3MDgv0gFXaHR0cHM6Ly92YXJpZXR5LmNvbS8yMDI0L3R2L25ld3Mvd2lja2VkLW5iY3UtdXBmcm9udC0yMDI0LWRvbm5hLWxhbmdsZXktMTIzNjAwMDcwOC9hbXAv?hl=en-US&gl=US&ceid=US%3Aen",
            "og": "https://encrypted-tbn2.gstatic.com/images?q=tbn:ANd9GcSwVQ05mrIJnexfQP93ewaNDcTjH160n4LEPYJgjAuQ8eM3RVCdQa52WWlGC1NkAph8eQIS9dq0U00E8h180jxeggugfPQJycM6zRm3-WlKX1sY8A",
            "source": "Variety",
            "source_icon": "https://encrypted-tbn1.gstatic.com/faviconV2?url=https://variety.com&client=NEWS_360&size=96&type=FAVICON&fallback_opts=TYPE,SIZE,URL",
            "title": "‘Wicked’ Movie Gets Big Push at NBCU Upfront as Donna Langley Takes Over the Show"
        },
        {
            "link": "https://news.google.com/articles/CBMiOWh0dHBzOi8vZGVmZWN0b3IuY29tL3RoZS1teXRoLW9mLWFuLWFwb2xpdGljYWwtZXVyb3Zpc2lvbtIBAA?hl=en-US&gl=US&ceid=US%3Aen",
            "og": "https://encrypted-tbn0.gstatic.com/images?q=tbn:ANd9GcTjZORG6fbU8QoXb0xZKwzrYmCnzXPdDpA_6d6qPxexig5ytYnDzLpXsW12R23eThAsI1lRwUfhhoW1qxoQ-B_E",
            "source": "Defector",
            "source_icon": "https://encrypted-tbn0.gstatic.com/faviconV2?url=https://defector.com&client=NEWS_360&size=96&type=FAVICON&fallback_opts=TYPE,SIZE,URL",
            "title": "The Myth Of An Apolitical Eurovision"
        },
        {
            "link": "https://news.google.com/articles/CBMiYmh0dHBzOi8vdmFyaWV0eS5jb20vMjAyNC9maWxtL2dsb2JhbC90aGllcnJ5LWZyZW1hdXgtbWV0b28tY2FubmVzLWZpbG0tZmVzdGl2YWwtcnVtb3JzLTEyMzYwMDA2MDkv0gFmaHR0cHM6Ly92YXJpZXR5LmNvbS8yMDI0L2ZpbG0vZ2xvYmFsL3RoaWVycnktZnJlbWF1eC1tZXRvby1jYW5uZXMtZmlsbS1mZXN0aXZhbC1ydW1vcnMtMTIzNjAwMDYwOS9hbXAv?hl=en-US&gl=US&ceid=US%3Aen",
            "og": "https://encrypted-tbn2.gstatic.com/images?q=tbn:ANd9GcTqa4y5jf7kcJV0u8N0ZBMbnaIhcco1ayKQ3DvMjX2LSiuvG1UMtajL8Q-w_1N1Efj9PLm9h3-OFrB7Ro0bTqHAg134BkkQJXG-po9XPukAFIF7mg",
            "source": "Variety",
            "source_icon": "https://encrypted-tbn1.gstatic.com/faviconV2?url=https://variety.com&client=NEWS_360&size=96&type=FAVICON&fallback_opts=TYPE,SIZE,URL",
            "title": "Thierry Fremaux Responds to Rumors of #MeToo Reckoning at Cannes: These ‘Polemics Don’t Concern’ the Festival"
        },
        {
            "link": "https://news.google.com/articles/CBMiSWh0dHBzOi8vd3d3Lm55dGltZXMuY29tLzIwMjQvMDUvMTAvc3R5bGUvbGFjdGF0aW9uLWNvb2tpZXMtYmlsbGJvYXJkLmh0bWzSAQA?hl=en-US&gl=US&ceid=US%3Aen",
            "og": "https://encrypted-tbn0.gstatic.com/images?q=tbn:ANd9GcTqzA4YwMKXa6LbDabKLlQ117ZiLasVmYdwbyIfo_GyJND7h6VHJX3eBUzepaTeVNWcrGXyScrOIk6NABZYUatzt76tpUdDPfLGnC8coIlub7DWQg",
            "source": "The New York Times",
            "source_icon": "https://encrypted-tbn2.gstatic.com/faviconV2?url=https://www.nytimes.com&client=NEWS_360&size=96&type=FAVICON&fallback_opts=TYPE,SIZE,URL",
            "title": "Molly Baz’s Lactation Cookie Ad Banned From Times Square"
        },
        {
            "link": "https://news.google.com/articles/CBMiW2h0dHBzOi8vYmxvb2R5LWRpc2d1c3RpbmcuY29tL21vdmllLzM4MTE4OTYvcm9nZXItY29ybWFuLWhvcnJvci1tb3ZpZXMtdG8tc3RyZWFtLXRoaXMtd2Vlay_SAQA?hl=en-US&gl=US&ceid=US%3Aen",
            "og": "https://encrypted-tbn2.gstatic.com/images?q=tbn:ANd9GcTnACmdo-uq8Zu4ySOhjb243PpBhWhSEqkwe5Tf1cMX-M-ITqh8mkKziphbt403AXfTJx270SdvSnS9fjbvVt-WRejeqjkmR1BQ-R-_UCCr54TksQ",
            "source": "Bloody Disgusting",
            "source_icon": "https://encrypted-tbn0.gstatic.com/faviconV2?url=https://bloody-disgusting.com&client=NEWS_360&size=96&type=FAVICON&fallback_opts=TYPE,SIZE,URL",
            "title": "Five Roger Corman Horror Movies to Stream This Week"
        },
        {
            "link": "https://news.google.com/articles/CBMic2h0dHBzOi8vd3d3LmhvbGx5d29vZHJlcG9ydGVyLmNvbS9saWZlc3R5bGUvYXJ0cy9nZW9yZ2UtY2xvb25leS1icm9hZHdheS1kZWJ1dC1nb29kLW5pZ2h0LWFuZC1nb29kLWx1Y2stMTIzNTg5NzY0MC_SAXdodHRwczovL3d3dy5ob2xseXdvb2RyZXBvcnRlci5jb20vbGlmZXN0eWxlL2FydHMvZ2VvcmdlLWNsb29uZXktYnJvYWR3YXktZGVidXQtZ29vZC1uaWdodC1hbmQtZ29vZC1sdWNrLTEyMzU4OTc2NDAvYW1wLw?hl=en-US&gl=US&ceid=US%3Aen",
            "og": "https://encrypted-tbn1.gstatic.com/images?q=tbn:ANd9GcR9H7DxXOA8cB_l3_RAdlICCdAlBlLl_Ik1AR0lIkQlbcb9O3t67F9mjhzf2S2oYaKU8B8OSZVuiPfmpVweYaSEhkdISWUtc8Osua12lF8szxOuMg",
            "source": "Hollywood Reporter",
            "source_icon": "https://encrypted-tbn1.gstatic.com/faviconV2?url=https://www.hollywoodreporter.com&client=NEWS_360&size=96&type=FAVICON&fallback_opts=TYPE,SIZE,URL",
            "title": "George Clooney to Make Broadway Debut in ‘Good Night, and Good Luck’"
        },
        {
            "link": "https://news.google.com/articles/CBMic2h0dHBzOi8vd3d3Lmh1ZmZwb3N0LmNvbS9lbnRyeS9vbGl2aWEtbXVubi1oeXN0ZXJlY3RvbXktYmVzdC1kZWNpc2lvbi1mb3ItaGVyLWFuZC1mYW1pbHlfbl82NjQyMjkyMWU0YjA4NjZhNWIyY2MxZmLSAXdodHRwczovL3d3dy5odWZmcG9zdC5jb20vZW50cnkvb2xpdmlhLW11bm4taHlzdGVyZWN0b215LWJlc3QtZGVjaXNpb24tZm9yLWhlci1hbmQtZmFtaWx5X25fNjY0MjI5MjFlNGIwODY2YTViMmNjMWZiL2FtcA?hl=en-US&gl=US&ceid=US%3Aen",
            "og": "https://encrypted-tbn0.gstatic.com/images?q=tbn:ANd9GcSL_8wkykS8MlKcN0nHD17rclC_IUoE-awZvMAhOh_z_op53hvh83Jre7BpuA_NUuEeQUPRzmaPtfRQ85iLv_Wogxs2_Op8q6lQXzhJHEGWjOg0bw",
            "source": "HuffPost",
            "source_icon": "https://encrypted-tbn3.gstatic.com/faviconV2?url=https://www.huffpost.com&client=NEWS_360&size=96&type=FAVICON&fallback_opts=TYPE,SIZE,URL",
            "title": "Olivia Munn Calls Her Hysterectomy The 'Best Decision' For Her And Her Family"
        },
        {
            "link": "https://news.google.com/articles/CBMiT2h0dHBzOi8vd3d3Lm5wci5vcmcvMjAyNC8wNS8xMy8xMjUwNTA3OTAwL2Jpa2luaS1raWxsLWthdGhsZWVuLWhhbm5hLXJlYmVsLWdpcmzSAQA?hl=en-US&gl=US&ceid=US%3Aen",
            "og": "https://encrypted-tbn0.gstatic.com/images?q=tbn:ANd9GcS34I4EwQxOHLakZkFifN76HrAzEkkZMte_Q6lOXQ5ekD_blP_rV7ppz15hZtmC4a1rajKu-ntoM-aTBF_6ctRVz3eFMSXA6GttJjrhA4Z-mQ8P_Q",
            "source": "NPR",
            "source_icon": "https://encrypted-tbn1.gstatic.com/faviconV2?url=https://www.npr.org&client=NEWS_360&size=96&type=FAVICON&fallback_opts=TYPE,SIZE,URL",
            "title": "Bikini Kill frontwoman Kathleen Hanna looks back in the memoir 'Rebel Girl'"
        },
        {
            "link": "https://news.google.com/articles/CBMiY2h0dHBzOi8vdmFyaWV0eS5jb20vMjAyNC90di9uZXdzL3NldGgtbWV5ZXJzLW5iYy11cGZyb250cy1wZWFjb2NrLWZveC1uZXdzLXRvbS1zYW5kb3ZhbC0xMjM2MDAwODQ2L9IBZ2h0dHBzOi8vdmFyaWV0eS5jb20vMjAyNC90di9uZXdzL3NldGgtbWV5ZXJzLW5iYy11cGZyb250cy1wZWFjb2NrLWZveC1uZXdzLXRvbS1zYW5kb3ZhbC0xMjM2MDAwODQ2L2FtcC8?hl=en-US&gl=US&ceid=US%3Aen",
            "og": "https://encrypted-tbn3.gstatic.com/images?q=tbn:ANd9GcSaVK6eWHsu0U29Mtm9ojDRvKv8Xz63kSgO7G-D4XX9ZPwxMbC21XH5lHc3GZWwWktMaSLcxeBndBRjavH0dZOKysGrN5hO-ui1D0Q7KRinc8J52Q",
            "source": "Variety",
            "source_icon": "https://encrypted-tbn1.gstatic.com/faviconV2?url=https://variety.com&client=NEWS_360&size=96&type=FAVICON&fallback_opts=TYPE,SIZE,URL",
            "title": "Seth Meyers Skewers Tom Sandoval, Peacock, Fox News, Linda Yaccarino and More at NBCUniversal Upfronts"
        },
        {
            "link": "https://news.google.com/articles/CBMihQFodHRwczovL255cG9zdC5jb20vMjAyNC8wNS8xMy9lbnRlcnRhaW5tZW50L3ByaW5jZS1oYXJyeS1mb3JjZWQta2luZy1jaGFybGVzLXRvLWNob29zZS1iZXR3ZWVuLWhpbS1hbmQtcXVlZW4tY2FtaWxsYS1zYXlzLWNvbmZpZGFudGUv0gGJAWh0dHBzOi8vbnlwb3N0LmNvbS8yMDI0LzA1LzEzL2VudGVydGFpbm1lbnQvcHJpbmNlLWhhcnJ5LWZvcmNlZC1raW5nLWNoYXJsZXMtdG8tY2hvb3NlLWJldHdlZW4taGltLWFuZC1xdWVlbi1jYW1pbGxhLXNheXMtY29uZmlkYW50ZS9hbXAv?hl=en-US&gl=US&ceid=US%3Aen",
            "og": "https://encrypted-tbn1.gstatic.com/images?q=tbn:ANd9GcSeBMyls9uEAZM7LN3R5-Z0uL95VOvMtu5i54XR1cO-rUwTSsLPRfkoJmRqyl8sWLenSLIPy0zTvzHzpWDFcfwWHZzXIgQ1ZoCvEtGnJyu-vhlKTA",
            "source": "New York Post",
            "source_icon": "https://encrypted-tbn3.gstatic.com/faviconV2?url=https://nypost.com&client=NEWS_360&size=96&type=FAVICON&fallback_opts=TYPE,SIZE,URL",
            "title": "Prince Harry 'forced' King Charles 'to choose' between him and 'villain' Queen Camilla, says confidante"
        },
        {
            "link": "https://news.google.com/articles/CBMiTmh0dHBzOi8vd3d3LnlhaG9vLmNvbS9uZXdzL2tpbmctY2hhcmxlcy1naXZlcy11bnNldHRsaW5nLWhlYWx0aC0xNjA0NDExNjEuaHRtbNIBAA?hl=en-US&gl=US&ceid=US%3Aen",
            "og": "https://encrypted-tbn1.gstatic.com/images?q=tbn:ANd9GcRM1Y48Qb9ILGHqOrln_ia0rBKJmgHcQKDfKJejUllm0Q3yCDJzn1O-SKkfDQxbmLtHt9t9jWtrhfIQvxfW0-D-d-ozs8nTaIlRvv8yL1iw7PcW6w",
            "source": "Yahoo! Voices",
            "source_icon": "https://encrypted-tbn1.gstatic.com/faviconV2?url=https://www.yahoo.com&client=NEWS_360&size=96&type=FAVICON&fallback_opts=TYPE,SIZE,URL",
            "title": "King Charles Gives Unsettling Health Update Amid Cancer Battle"
        },
        {
            "link": "https://news.google.com/articles/CBMiRGh0dHBzOi8vdmFyaWV0eS5jb20vMjAyNC90di9uZXdzL2R1bmUtcHJvcGhlY3ktY2FzdC10YWJ1LTEyMzYwMDA5MDcv0gFIaHR0cHM6Ly92YXJpZXR5LmNvbS8yMDI0L3R2L25ld3MvZHVuZS1wcm9waGVjeS1jYXN0LXRhYnUtMTIzNjAwMDkwNy9hbXAv?hl=en-US&gl=US&ceid=US%3Aen",
            "og": "https://encrypted-tbn1.gstatic.com/images?q=tbn:ANd9GcTOpu2IeFe94FNdgW7gKvxirL4pI1oTwdwmlJ549dDvdA7PcZayJoEIeZBIrhEsfr5kDZr70oyekWMn-eY0epcvGFvmKJ_OdB2O5cdA1jWsrAHUAg",
            "source": "Variety",
            "source_icon": "https://encrypted-tbn1.gstatic.com/faviconV2?url=https://variety.com&client=NEWS_360&size=96&type=FAVICON&fallback_opts=TYPE,SIZE,URL",
            "title": "‘Dune: Prophecy’ Casts Indian Superstar Tabu (EXCLUSIVE)"
        },
        {
            "link": "https://news.google.com/articles/CBMidGh0dHBzOi8vd3d3Lm5iY25ld3MuY29tL25ld3Mvd29ybGQvM3JkLXRyZXNwYXNzaW5nLXJlcG9ydGVkLWRyYWtlcy1tYW5zaW9uLW1hbi1wcmV2aW91cy1pbmNpZGVudC1jYW1lLWJhYy1yY25hMTUxOTUz0gEraHR0cHM6Ly93d3cubmJjbmV3cy5jb20vbmV3cy9hbXAvcmNuYTE1MTk1Mw?hl=en-US&gl=US&ceid=US%3Aen",
            "og": "https://encrypted-tbn0.gstatic.com/images?q=tbn:ANd9GcR-K54J4hREQFqB6T4WBIsKAEgJutq8bzCdMu6yQqfKxk2UnxfngVdxtOlH-GuIjZJYAbiO0X205XaWTswLKdqYeNcAURythar8-n7fRuRsC7Fb-g",
            "source": "NBC News",
            "source_icon": "https://encrypted-tbn1.gstatic.com/faviconV2?url=https://www.nbcnews.com&client=NEWS_360&size=96&type=FAVICON&fallback_opts=TYPE,SIZE,URL",
            "title": "3rd trespassing reported at Drake's mansion as man from previous incident comes back for bike"
        },
        {
            "link": "https://news.google.com/articles/CBMiU2h0dHBzOi8vd3d3LnlhaG9vLmNvbS9lbnRlcnRhaW5tZW50L3Zhbi1odW50LWFjY2lkZW50YWxseS1wb3N0cy1udWRlLTIwNDQwNjg4Mi5odG1s0gEA?hl=en-US&gl=US&ceid=US%3Aen",
            "og": "https://encrypted-tbn3.gstatic.com/images?q=tbn:ANd9GcSnm6FGfmPOeQ7CZb8bZqPE5FhO8B2m9eGWgyE3j6T7mtBZPOd2IB2W3Gflxhywb-OlZprm6WbchaJv5ypXeJ96Anb6uF9NWT8-agIefECneQLQCQ",
            "source": "Yahoo Entertainment",
            "source_icon": "https://encrypted-tbn1.gstatic.com/faviconV2?url=https://www.yahoo.com&client=NEWS_360&size=96&type=FAVICON&fallback_opts=TYPE,SIZE,URL",
            "title": "Van Hunt 'accidentally' posts nude photo of Halle Berry in honour of Mother's Day"
        },
        {
            "link": "https://news.google.com/articles/CBMiRGh0dHBzOi8vd3d3LnRlZW52b2d1ZS5jb20vc3RvcnkvanVzdGluLWhhaWxleS1iaWViZXItZmlyc3QtYmFieS1uYW1l0gEA?hl=en-US&gl=US&ceid=US%3Aen",
            "og": "https://encrypted-tbn2.gstatic.com/images?q=tbn:ANd9GcQHBIDolUfZJlzo_f1tMjwf7AdVcl-j_LvHRwLWMvF6fOmmsiiufHiaQOoEp2dZp9gHIBiIAszOot5hFRE_ywjcWUS0qRiu_qZmWLlJeT5GqcQ7LQ",
            "source": "Teen Vogue",
            "source_icon": "https://encrypted-tbn0.gstatic.com/faviconV2?url=https://www.teenvogue.com&client=NEWS_360&size=96&type=FAVICON&fallback_opts=TYPE,SIZE,URL",
            "title": "Justin & Hailey Bieber Already Have a Name for Their Baby"
        },
        {
            "link": "https://news.google.com/articles/CBMiZGh0dHBzOi8vd3d3LmhvbGx5d29vZHJlcG9ydGVyLmNvbS90di90di1uZXdzL3N0ZXZlLWNhcmVsbC13b250LWFwcGVhci10aGUtb2ZmaWNlLXNwaW5vZmYtMTIzNTg5ODIzNi_SAWhodHRwczovL3d3dy5ob2xseXdvb2RyZXBvcnRlci5jb20vdHYvdHYtbmV3cy9zdGV2ZS1jYXJlbGwtd29udC1hcHBlYXItdGhlLW9mZmljZS1zcGlub2ZmLTEyMzU4OTgyMzYvYW1wLw?hl=en-US&gl=US&ceid=US%3Aen",
            "og": "https://encrypted-tbn2.gstatic.com/images?q=tbn:ANd9GcTHNL_jupSpVJjDy1lQwn3kF8kT5eWJfqeyuPuABCw3H9S0OBFs7q8Y-xYJnjtSYqmtGeD0W6DWoa1AsyLsNCqDu9yJpiPSaf6ERGRfPyQ03TP0gg",
            "source": "Hollywood Reporter",
            "source_icon": "https://encrypted-tbn1.gstatic.com/faviconV2?url=https://www.hollywoodreporter.com&client=NEWS_360&size=96&type=FAVICON&fallback_opts=TYPE,SIZE,URL",
            "title": "Steve Carell Weighs in on New ‘The Office’ Series: “I Will Be Watching But I Will Not Be Showing Up”"
        },
        {
            "link": "https://news.google.com/articles/CBMiiQFodHRwczovL3BhZ2VzaXguY29tLzIwMjQvMDUvMTMvZW50ZXJ0YWlubWVudC9raGxvZS1rYXJkYXNoaWFuLWJyaW5ncy1raWRzLXRvLXNlZS1kYWQtdHJpc3Rhbi10aG9tcHNvbi1wbGF5LXByb2Zlc3Npb25hbGx5LWZvci1maXJzdC10aW1lL9IBjQFodHRwczovL3BhZ2VzaXguY29tLzIwMjQvMDUvMTMvZW50ZXJ0YWlubWVudC9raGxvZS1rYXJkYXNoaWFuLWJyaW5ncy1raWRzLXRvLXNlZS1kYWQtdHJpc3Rhbi10aG9tcHNvbi1wbGF5LXByb2Zlc3Npb25hbGx5LWZvci1maXJzdC10aW1lL2FtcC8?hl=en-US&gl=US&ceid=US%3Aen",
            "og": "https://encrypted-tbn1.gstatic.com/images?q=tbn:ANd9GcS2pF2elREIRi1cYoW2ywqiMN48PwaT3Bg_eU2S2dgK-c_rbNJFdGIKmiAXps6Zg4d_adqTDtnAOEWWpvvEZ19E81qX9_Cbt162u-AXGSI6veZ-pg",
            "source": "Page Six",
            "source_icon": "https://encrypted-tbn1.gstatic.com/faviconV2?url=https://pagesix.com&client=NEWS_360&size=96&type=FAVICON&fallback_opts=TYPE,SIZE,URL",
            "title": "Khloé Kardashian brings kids to see dad Tristan Thompson play professionally for first time"
        }
    ],
    "Health": [
        {
            "link": "https://news.google.com/articles/CBMid2h0dHBzOi8vYXJzdGVjaG5pY2EuY29tL3NjaWVuY2UvMjAyNC8wNS9hbnRpLXBhc3RldXJpemF0aW9uLWNyb3dkLXJlYWZmaXJtcy1sb3ZlLW9mLXJhdy1taWxrLWRlc3BpdGUtYmlyZC1mbHUtb3V0YnJlYWsv0gEA?hl=en-US&gl=US&ceid=US%3Aen",
            "og": "https://encrypted-tbn2.gstatic.com/images?q=tbn:ANd9GcR9A3N6umz6_65KSIFNh8u8G6nqH795NkVpkyhehBuBfjhO2IlsUA2L9oDXNwQ5Njp_2rXWy0PnGVCesCb8hI4_VE7GLgnVMNWN-tCQy6zqM4XS9w",
            "source": "Ars Technica",
            "source_icon": "https://encrypted-tbn0.gstatic.com/faviconV2?url=https://arstechnica.com&client=NEWS_360&size=96&type=FAVICON&fallback_opts=TYPE,SIZE,URL",
            "title": "Raw milk fans plan to drink up as experts warn of high levels of H5N1 virus"
        },
        {
            "link": "https://news.google.com/articles/CBMihwFodHRwczovL3d3dy5yZXV0ZXJzLmNvbS9idXNpbmVzcy9oZWFsdGhjYXJlLXBoYXJtYWNldXRpY2Fscy93ZWdvdnktd2VpZ2h0LWxvc3Mtc3VzdGFpbmVkLWZvdXIteWVhcnMtdHJpYWwtbm92by1ub3JkaXNrLXNheXMtMjAyNC0wNS0xMy_SAQA?hl=en-US&gl=US&ceid=US%3Aen",
            "og": "https://encrypted-tbn2.gstatic.com/images?q=tbn:ANd9GcQN-AK2JjGlOfJ4pA68qOsMErsu1AbT2VQXtvMO41AymTuojVWOx426FQgUaYz3sdAmDOSWy0obUTsm7K44HDmCdLDmUla9RF0pNJ6u_65CgYsDBw",
            "source": "Reuters",
            "source_icon": "https://encrypted-tbn2.gstatic.com/faviconV2?url=https://www.reuters.com&client=NEWS_360&size=96&type=FAVICON&fallback_opts=TYPE,SIZE,URL",
            "title": "Wegovy weight loss sustained for four years in trial, Novo Nordisk says"
        },
        {
            "link": "https://news.google.com/articles/CBMiYGh0dHBzOi8vd3d3LndpcmVkLmNvbS9zdG9yeS9waWcta2lkbmV5LWRlYXRoLXJpY2stc2xheW1hbi10cmFuc3BsYW50LWFuaW1hbC14ZW5vdHJhbnNwbGFudGF0aW9uL9IBAA?hl=en-US&gl=US&ceid=US%3Aen",
            "og": "https://encrypted-tbn1.gstatic.com/images?q=tbn:ANd9GcSh1MGouVvBbZ4re3baZ4WlxYGINU9gxUfHBTs6tT3vrTicz-nJ217S3Llhwf3o10F1I0bDIM0-2viDjpXEuV8ga7v33-eQ5uEcU58a",
            "source": "WIRED",
            "source_icon": "https://encrypted-tbn2.gstatic.com/faviconV2?url=https://www.wired.com&client=NEWS_360&size=96&type=FAVICON&fallback_opts=TYPE,SIZE,URL",
            "title": "The First Person to Receive a Pig Kidney Transplant Has Died"
        },
        {
            "link": "https://news.google.com/articles/CBMiT2h0dHBzOi8vd3d3LmtzYncuY29tL2FydGljbGUvMS1pbi04LWFkdWx0cy1pbi10aGUtdXMtaGFzLXRha2VuLW96ZW1waWMvNjA3NTI5MjHSAQA?hl=en-US&gl=US&ceid=US%3Aen",
            "og": "https://encrypted-tbn1.gstatic.com/images?q=tbn:ANd9GcQqgse7BKOCgyNj124qo0H65Wk0jceAFKvdD8PhVUAU9z5kR4VzO4yIzDMMYWto5v8",
            "source": "KSBW Monterey",
            "source_icon": "https://encrypted-tbn3.gstatic.com/faviconV2?url=https://www.ksbw.com&client=NEWS_360&size=96&type=FAVICON&fallback_opts=TYPE,SIZE,URL",
            "title": "1 in 8 adults in the US has taken Ozempic or another GLP-1 drug, KFF survey finds"
        },
        {
            "link": "https://news.google.com/articles/CBMiYWh0dHBzOi8vYWJjbmV3cy5nby5jb20vSGVhbHRoL2twMi1ub3ctZG9taW5hbnQtY292aWQtdmFyaWFudC1leHBlcnRzLXVzLXN1bW1lci9zdG9yeT9pZD0xMTAxNjYxODfSAWVodHRwczovL2FiY25ld3MuZ28uY29tL2FtcC9IZWFsdGgva3AyLW5vdy1kb21pbmFudC1jb3ZpZC12YXJpYW50LWV4cGVydHMtdXMtc3VtbWVyL3N0b3J5P2lkPTExMDE2NjE4Nw?hl=en-US&gl=US&ceid=US%3Aen",
            "og": "https://encrypted-tbn2.gstatic.com/images?q=tbn:ANd9GcT8caOIWc1XfzS3lvo047ECVgQvWZqLMYgOPpOPre9UGPWhp0UifG2BdvfGmP9w_d85MTNxwths4KopVSzrp9ZIYLVTjvHVKUQza5VBigZp-_eyCQ",
            "source": "ABC News",
            "source_icon": "https://encrypted-tbn3.gstatic.com/faviconV2?url=https://abcnews.go.com&client=NEWS_360&size=96&type=FAVICON&fallback_opts=TYPE,SIZE,URL",
            "title": "KP.2 is now the dominant COVID variant. Experts say US may see a summer increase in cases"
        },
        {
            "link": "https://news.google.com/articles/CBMiamh0dHBzOi8vd3d3LmNpZHJhcC51bW4uZWR1L2F2aWFuLWluZmx1ZW56YS1iaXJkLWZsdS93YXN0ZXdhdGVyLXRlc3RpbmctZmluZHMtaDVuMS1hdmlhbi1mbHUtOS10ZXhhcy1jaXRpZXPSAQA?hl=en-US&gl=US&ceid=US%3Aen",
            "og": "https://encrypted-tbn2.gstatic.com/images?q=tbn:ANd9GcQGlzJYYRXdBs7_bEKDEnUkGoGtglbDnau7-tr0z8lbvH5-hVuh51w1bAHWqbgeOIU",
            "source": "University of Minnesota Twin Cities",
            "source_icon": "https://encrypted-tbn0.gstatic.com/faviconV2?url=https://www.cidrap.umn.edu&client=NEWS_360&size=96&type=FAVICON&fallback_opts=TYPE,SIZE,URL",
            "title": "Wastewater testing finds H5N1 avian flu in 9 Texas cities"
        },
        {
            "link": "https://news.google.com/articles/CBMiUWh0dHBzOi8vc2NpdGVjaGRhaWx5LmNvbS9hbGNvaG9scy1hbnRpZG90ZS1uZXctZ2VsLW5ldXRyYWxpemVzLWJvb3plLWluLXRoZS1ib2R5L9IBAA?hl=en-US&gl=US&ceid=US%3Aen",
            "og": "https://encrypted-tbn1.gstatic.com/images?q=tbn:ANd9GcT5LR_oshjXc2MFB1Ws0qTFuiKmuTBbJoOf1Qd6mKDVHW16I6Yysa9GMaazr2_Zo-ncsE6nfaJrVle0tMfBM_Uw7BetBLi_EweUiFMryJaX6y2G8g",
            "source": "SciTechDaily",
            "source_icon": "https://encrypted-tbn2.gstatic.com/faviconV2?url=https://scitechdaily.com&client=NEWS_360&size=96&type=FAVICON&fallback_opts=TYPE,SIZE,URL",
            "title": "Alcohol's Antidote: New Gel Neutralizes Booze in the Body"
        },
        {
            "link": "https://news.google.com/articles/CBMiQmh0dHBzOi8vbmV1cm9zY2llbmNlbmV3cy5jb20vcHN5Y2hvc2lzLXRoYy1uZXVyb2RldmVsb3BtZW50LTI2MDk0L9IBAA?hl=en-US&gl=US&ceid=US%3Aen",
            "og": "https://encrypted-tbn2.gstatic.com/images?q=tbn:ANd9GcSEGGaplRfWyNwYAGkjwDhYzcA0fx9fQU9cXe_eEWJVtAUaUtijZAE4BPLve2M6l7kZiAd275_cwk89Cazjae4QXiCz-IXB6Eancc14XDoYjnfWWQ",
            "source": "Neuroscience News",
            "source_icon": "https://encrypted-tbn2.gstatic.com/faviconV2?url=https://neurosciencenews.com&client=NEWS_360&size=96&type=FAVICON&fallback_opts=TYPE,SIZE,URL",
            "title": "High-Potency Cannabis Linked to Youth Psychosis"
        },
        {
            "link": "https://news.google.com/articles/CBMifmh0dHBzOi8vd3d3Lm5wci5vcmcvc2VjdGlvbnMvaGVhbHRoLXNob3RzLzIwMjQvMDUvMTMvMTI1MDU1NTYzOS9raWRzLWV5ZXNpZ2h0LW15b3BpYS1uZWFyLXNpZ2h0ZWQtbmVhcnNpZ2h0ZWRuZXNzLW91dGRvb3ItcGxhedIBAA?hl=en-US&gl=US&ceid=US%3Aen",
            "og": "https://encrypted-tbn2.gstatic.com/images?q=tbn:ANd9GcQ2WOMJVez52WW5iMCUZabBIxg73GQmL8WlddW-NVECRgnaqGsCOEu4Wmz1AEOOx1JGPOEylu3-OssFUPr2PmDn6EmGoZr9zBvwi9BatF3KFREhKQ",
            "source": "NPR",
            "source_icon": "https://encrypted-tbn1.gstatic.com/faviconV2?url=https://www.npr.org&client=NEWS_360&size=96&type=FAVICON&fallback_opts=TYPE,SIZE,URL",
            "title": "Outdoor time is good for your kids' eyesight. It protects against myopia : Shots - Health News"
        },
        {
            "link": "https://news.google.com/articles/CBMimAFodHRwczovL3d3dy5yZXV0ZXJzLmNvbS9idXNpbmVzcy9oZWFsdGhjYXJlLXBoYXJtYWNldXRpY2Fscy9uZXctYnJlYXN0LWNhbmNlci1nZW5lcy1mb3VuZC13b21lbi1hZnJpY2FuLWFuY2VzdHJ5LW1heS1pbXByb3ZlLXJpc2stYXNzZXNzbWVudC0yMDI0LTA1LTEzL9IBAA?hl=en-US&gl=US&ceid=US%3Aen",
            "og": "https://encrypted-tbn1.gstatic.com/images?q=tbn:ANd9GcRtXk1NntnPA78UuM2byAndjcGvEUHKML45urQEvEw5C3rpZvUoolV3UnTPKjWlLaZJqoHwH_e2wOQWgeG2RQek8YTmnqGa3scfFyxSN9D484DH_g",
            "source": "Reuters",
            "source_icon": "https://encrypted-tbn2.gstatic.com/faviconV2?url=https://www.reuters.com&client=NEWS_360&size=96&type=FAVICON&fallback_opts=TYPE,SIZE,URL",
            "title": "New breast cancer genes found in women of African ancestry, may improve risk assessment"
        },
        {
            "link": "https://news.google.com/articles/CBMiX2h0dHBzOi8vd3d3LmJ1c2luZXNzaW5zaWRlci5jb20vbG93LXRlc3Rvc3Rlcm9uZS1sZXZlbHMtaGlnaGVyLXJpc2stb2YtZWFybHktZGVhdGgtc3R1ZHktMjAyNC010gFjaHR0cHM6Ly93d3cuYnVzaW5lc3NpbnNpZGVyLmNvbS9sb3ctdGVzdG9zdGVyb25lLWxldmVscy1oaWdoZXItcmlzay1vZi1lYXJseS1kZWF0aC1zdHVkeS0yMDI0LTU_YW1w?hl=en-US&gl=US&ceid=US%3Aen",
            "og": "https://encrypted-tbn0.gstatic.com/images?q=tbn:ANd9GcTV2p-Syx1SZ9UJ9poPTYW2a3Z2c6tJhpX1M54Ml6ouHacq5iyT8dihNSDqvXAGbD1iMm6lVxletm9y1aJx2z0UHee66vzywc6P8C5ySOWgq2RFIQ",
            "source": "Business Insider",
            "source_icon": "https://encrypted-tbn3.gstatic.com/faviconV2?url=https://www.businessinsider.com&client=NEWS_360&size=96&type=FAVICON&fallback_opts=TYPE,SIZE,URL",
            "title": "Low testosterone levels linked to higher risk of early death: study"
        },
        {
            "link": "https://news.google.com/articles/CBMiRWh0dHBzOi8vd3d3LmVhdGluZ3dlbGwuY29tL3N1cHBsZW1lbnRzLW5vdC10YWtlLWZvci1tZW5vcGF1c2UtODY0NjEwNdIBAA?hl=en-US&gl=US&ceid=US%3Aen",
            "og": "https://encrypted-tbn3.gstatic.com/images?q=tbn:ANd9GcTIcChSfFb0QjjCSt5I9c-ZkEJug-GnZ9qdqtTPYiOG57xGXIh2ZBH1EYbMOuVPqSAKtIvBwl-q0v5V0CCJ7qGORNQNKLhC7yRGzB-zpNeXdYf-Ig",
            "source": "EatingWell",
            "source_icon": "https://encrypted-tbn3.gstatic.com/faviconV2?url=https://www.eatingwell.com&client=NEWS_360&size=96&type=FAVICON&fallback_opts=TYPE,SIZE,URL",
            "title": "5 Supplements You Shouldn't Take for Menopause, According to Dietitians"
        },
        {
            "link": "https://news.google.com/articles/CBMiMWh0dHBzOi8vd3d3LmJiYy5jb20vbmV3cy93b3JsZC1hdXN0cmFsaWEtNjkwMDY3MTPSATVodHRwczovL3d3dy5iYmMuY29tL25ld3Mvd29ybGQtYXVzdHJhbGlhLTY5MDA2NzEzLmFtcA?hl=en-US&gl=US&ceid=US%3Aen",
            "og": "https://encrypted-tbn0.gstatic.com/images?q=tbn:ANd9GcSkfBNY960ipvGDflSjWpoEBBqZjM0aK8fmJRwcg6R35efd-kqrpLGAEf_6ZNObAg-HQMs9o3PabrpO_3fNL8eFEFU43kDOPCqPe5Yj2wsvdv3q5w",
            "source": "BBC.com",
            "source_icon": "https://encrypted-tbn2.gstatic.com/faviconV2?url=https://www.bbc.com&client=NEWS_360&size=96&type=FAVICON&fallback_opts=TYPE,SIZE,URL",
            "title": "Richard Scolyer: Top doctor remains brain cancer-free after a year"
        },
        {
            "link": "https://news.google.com/articles/CBMie2h0dHBzOi8vd3d3LnVzYXRvZGF5LmNvbS9zdG9yeS9uZXdzL2hlYWx0aC8yMDI0LzA1LzEyL21lYXNsZXMtcG9saW8tY292aWQtMTktYW50aS12YWNjaW5lLW1vdmVtZW50LXRoZS1leGNlcnB0LzczNjM4NTQ2MDA3L9IBAA?hl=en-US&gl=US&ceid=US%3Aen",
            "og": "https://encrypted-tbn3.gstatic.com/images?q=tbn:ANd9GcQwI4wifK1VXeilCJAcRyWUndgzqWNvyGC083m6tpYwQ7gwB9PUw_ShvSvmHP-mqzsmTzHkrDYuv5hgjL4gs8MxFvmKGQSmxfTa7H4xqnSVpD60Hg",
            "source": "USA TODAY",
            "source_icon": "https://encrypted-tbn0.gstatic.com/faviconV2?url=https://www.usatoday.com&client=NEWS_360&size=96&type=FAVICON&fallback_opts=TYPE,SIZE,URL",
            "title": "What's driving the anti-vax movement? | The Excerpt"
        },
        {
            "link": "https://news.google.com/articles/CBMid2h0dHBzOi8vbnlwb3N0LmNvbS8yMDI0LzA1LzEzL2xpZmVzdHlsZS93ZWlnaHQtdHJhaW5pbmctc3RyZW5ndGhlbnMtbW9yZS10aGFuLW11c2NsZXMtaXQtYWxzby1wdW1wcy11cC10aGUtYnJhaW4tc3R1ZHkv0gF7aHR0cHM6Ly9ueXBvc3QuY29tLzIwMjQvMDUvMTMvbGlmZXN0eWxlL3dlaWdodC10cmFpbmluZy1zdHJlbmd0aGVucy1tb3JlLXRoYW4tbXVzY2xlcy1pdC1hbHNvLXB1bXBzLXVwLXRoZS1icmFpbi1zdHVkeS9hbXAv?hl=en-US&gl=US&ceid=US%3Aen",
            "og": "https://encrypted-tbn0.gstatic.com/images?q=tbn:ANd9GcQvxIQwS067VN1sEaBNi4Lwn0PbiVDmL7o_UksPA8o5gDkz127bpYxV40hDTAyNSz83nueyogZS-rrdwME6GjcjfEF8fR4SGU4yfR5842tdI2397w",
            "source": "New York Post",
            "source_icon": "https://encrypted-tbn3.gstatic.com/faviconV2?url=https://nypost.com&client=NEWS_360&size=96&type=FAVICON&fallback_opts=TYPE,SIZE,URL",
            "title": "Weight training strengthens more than muscles — it also pumps up the brain, study says"
        },
        {
            "link": "https://news.google.com/articles/CBMiiAFodHRwczovL3d3dy5mcmVlcC5jb20vc3RvcnkvbmV3cy9sb2NhbC9taWNoaWdhbi8yMDI0LzA1LzEzL3NlYXNvbmFsLWFsbGVyZ2llcy1hbGxlcmd5LXNlYXNvbi0yMDI0LXNwcmluZy1leWVzLXBvbGxlbi1wbGFudHMvNzMzNjEzNzIwMDcv0gEA?hl=en-US&gl=US&ceid=US%3Aen",
            "og": "https://encrypted-tbn3.gstatic.com/images?q=tbn:ANd9GcRh5mkwSeOumkke8n9sWwUglf-Q3y_SsI37L1w-EFAQONsj9vGGbPV8WwPdaY_h06Jteyr5AbLuv9BdascM1k5RkkHQMtQNUvKuWoYALsX5HvmVKg",
            "source": "Detroit Free Press",
            "source_icon": "https://encrypted-tbn1.gstatic.com/faviconV2?url=https://www.freep.com&client=NEWS_360&size=96&type=FAVICON&fallback_opts=TYPE,SIZE,URL",
            "title": "Seasonal allergies are getting worse: What to do, how to check pollen counts"
        },
        {
            "link": "https://news.google.com/articles/CBMiZWh0dHBzOi8va3RsYS5jb20vbmV3cy9sb2NhbC1uZXdzL2xvcy1hbmdlbGVzLWNvdW50eS1wdWJsaWMtaGVhbHRoLWludmVzdGlnYXRpbmctaGVwYXRpdGlzLWEtb3V0YnJlYWsv0gFpaHR0cHM6Ly9rdGxhLmNvbS9uZXdzL2xvY2FsLW5ld3MvbG9zLWFuZ2VsZXMtY291bnR5LXB1YmxpYy1oZWFsdGgtaW52ZXN0aWdhdGluZy1oZXBhdGl0aXMtYS1vdXRicmVhay9hbXAv?hl=en-US&gl=US&ceid=US%3Aen",
            "og": "https://encrypted-tbn3.gstatic.com/images?q=tbn:ANd9GcRpIJ57NtfMQncPy8dlOYyo3XP4Y4lb-7OKAKh9lpOafJcCJKP3x9xhc2zNWWVfxytUTXUX3SeR2OIvfqSKhFUq_fIrqyeA0Whfw-hOh09gO1U8Xw",
            "source": "KTLA Los Angeles",
            "source_icon": "https://encrypted-tbn2.gstatic.com/faviconV2?url=https://ktla.com&client=NEWS_360&size=96&type=FAVICON&fallback_opts=TYPE,SIZE,URL",
            "title": "Los Angeles County Public Health investigating Hepatitis A outbreak"
        },
        {
            "link": "https://news.google.com/articles/CBMiWmh0dHBzOi8vbGVhcm5pbmdlbmdsaXNoLnZvYW5ld3MuY29tL2EvbGVzcy1vci1uby1hbGNvaG9sLWlzLWJldHRlci1mb3ItaGVhbHRoLzc1OTczMzQuaHRtbNIBXGh0dHBzOi8vbGVhcm5pbmdlbmdsaXNoLnZvYW5ld3MuY29tL2FtcC9sZXNzLW9yLW5vLWFsY29ob2wtaXMtYmV0dGVyLWZvci1oZWFsdGgvNzU5NzMzNC5odG1s?hl=en-US&gl=US&ceid=US%3Aen",
            "og": "https://encrypted-tbn1.gstatic.com/images?q=tbn:ANd9GcR6M4EDiV6nPyNbyKT2GCp0YqvqUIZGLhqCmjdfu2djBTGGfnnxScDbhpRdEBMG9K6p-_WR1g2wNDqhOkA10EEzQFdkbEMZKKXDVkGDgZIYaZma7Q",
            "source": "VOA Learning English",
            "source_icon": "https://encrypted-tbn3.gstatic.com/faviconV2?url=https://learningenglish.voanews.com&client=NEWS_360&size=96&type=FAVICON&fallback_opts=TYPE,SIZE,URL",
            "title": "Less or No Alcohol Is Better for Health"
        },
        {
            "link": "https://news.google.com/articles/CBMiVGh0dHBzOi8vd3d3LnVwaS5jb20vSGVhbHRoX05ld3MvMjAyNC8wNS8xMy9saWZlLXN1cHBvcnQtZW5kZWQtcmVjb3Zlci8yMjgxNzE1NTU1ODg0L9IBAA?hl=en-US&gl=US&ceid=US%3Aen",
            "og": "https://encrypted-tbn2.gstatic.com/images?q=tbn:ANd9GcREV1hwpM8odzfqIqN0-38tl8CjDTyeZ-5GXEXY0SfF4Nt50c9u6WusHaBTUOZa90wwuU3O0mUAw0yX-KqTVTnD27GiF7K3M9mHxrAK4t8KN12WyA",
            "source": "UPI News",
            "source_icon": "https://encrypted-tbn3.gstatic.com/faviconV2?url=https://www.upi.com&client=NEWS_360&size=96&type=FAVICON&fallback_opts=TYPE,SIZE,URL",
            "title": "Study: Brain-injured patients who died after life support ended may have recovered"
        },
        {
            "link": "https://news.google.com/articles/CBMiUmh0dHBzOi8vbWVkaWNhbHhwcmVzcy5jb20vbmV3cy8yMDI0LTA1LWdlbmV0aWMtdmFyaWFudC1jb21tb24tYmxhY2stYW1lcmljYW5zLmh0bWzSAVFodHRwczovL21lZGljYWx4cHJlc3MuY29tL25ld3MvMjAyNC0wNS1nZW5ldGljLXZhcmlhbnQtY29tbW9uLWJsYWNrLWFtZXJpY2Fucy5hbXA?hl=en-US&gl=US&ceid=US%3Aen",
            "og": "https://encrypted-tbn0.gstatic.com/images?q=tbn:ANd9GcTh46Ts7eK6p6zszrf7M88vZGHhIhAMG7zyh85BBeydkAac3yJWoqnYBg53Wo0uoZPmlQpaajpXvux0dogdPB0J8HnavXTxQRDDf3DP2t1kegUHnQ",
            "source": "Medical Xpress",
            "source_icon": "https://encrypted-tbn0.gstatic.com/faviconV2?url=https://medicalxpress.com&client=NEWS_360&size=96&type=FAVICON&fallback_opts=TYPE,SIZE,URL",
            "title": "Researchers show genetic variant common among Black Americans contributes to large cardiovascular disease burden"
        },
        {
            "link": "https://news.google.com/articles/CBMitwFodHRwczovL3d3dy50aGVndWFyZGlhbi5jb20vbGlmZWFuZHN0eWxlL2FydGljbGUvMjAyNC9tYXkvMTMvd2hhdC1pZi1ocnQtaXNudC1yaWdodC1mb3ItbWUtYW5kLWlzLWNvbGQtd2F0ZXItc3dpbW1pbmctcmVhbGx5LXRoZS1hbnN3ZXItdG8tZXZlcnl0aGluZy15b3VyLW1lbm9wYXVzZS1xdWVzdGlvbnMtYW5zd2VyZWTSAbcBaHR0cHM6Ly9hbXAudGhlZ3VhcmRpYW4uY29tL2xpZmVhbmRzdHlsZS9hcnRpY2xlLzIwMjQvbWF5LzEzL3doYXQtaWYtaHJ0LWlzbnQtcmlnaHQtZm9yLW1lLWFuZC1pcy1jb2xkLXdhdGVyLXN3aW1taW5nLXJlYWxseS10aGUtYW5zd2VyLXRvLWV2ZXJ5dGhpbmcteW91ci1tZW5vcGF1c2UtcXVlc3Rpb25zLWFuc3dlcmVk?hl=en-US&gl=US&ceid=US%3Aen",
            "og": "https://encrypted-tbn3.gstatic.com/images?q=tbn:ANd9GcTBMTIiWr-h5OISSDVaXfcRpqx4X7be9wYxDFclWSAzitDG1r2nHxL3cN9uLp2woYy4wXXiNVJjIjeSwT56nvAXH91Cmat1dMs7GSqs2Udv8ltwWA",
            "source": "The Guardian",
            "source_icon": "https://encrypted-tbn0.gstatic.com/faviconV2?url=https://www.theguardian.com&client=NEWS_360&size=96&type=FAVICON&fallback_opts=TYPE,SIZE,URL",
            "title": "What if HRT isn’t right for me? And is cold-water swimming really the answer to everything? Your menopause questions answered"
        },
        {
            "link": "https://news.google.com/articles/CBMiUGh0dHBzOi8vd3d3Lndhc2hpbmd0b25wb3N0LmNvbS9ib29rcy8yMDI0LzA1LzEyL2EtZmF0YWwtaW5oZXJpdGFuY2UtYm9vay1yZXZpZXcv0gEA?hl=en-US&gl=US&ceid=US%3Aen",
            "og": "https://encrypted-tbn0.gstatic.com/images?q=tbn:ANd9GcTvT-20pJ5WqNxu1KAjGACW7eah4ygLME-u8vIhTcvSmFS2dVlBIKR4whEoFkS62AY3wjMNhzigQorJ-f_45JxuGQn6dEAqiAC0BAnxFGSqMvSntw",
            "source": "The Washington Post",
            "source_icon": "https://encrypted-tbn3.gstatic.com/faviconV2?url=https://www.washingtonpost.com&client=NEWS_360&size=96&type=FAVICON&fallback_opts=TYPE,SIZE,URL",
            "title": "‘A Fatal Inheritance,’ by Lawrence Ingrassia book review"
        },
        {
            "link": "https://news.google.com/articles/CBMiXmh0dHBzOi8vd3d3LmRhaWx5bWFpbC5jby51ay9oZWFsdGgvYXJ0aWNsZS0xMzQxMjIzNS9yYWJpZXMtdmFjY2luZS1iYXQtd2lzY29uc2luLXN1cnZpdmFsLmh0bWzSAWJodHRwczovL3d3dy5kYWlseW1haWwuY28udWsvaGVhbHRoL2FydGljbGUtMTM0MTIyMzUvYW1wL3JhYmllcy12YWNjaW5lLWJhdC13aXNjb25zaW4tc3Vydml2YWwuaHRtbA?hl=en-US&gl=US&ceid=US%3Aen",
            "og": "https://encrypted-tbn2.gstatic.com/images?q=tbn:ANd9GcT3GkLZrUuSX2YlO3-LY8qKJ4kWkjHqULSai7p4Q0TP4hvmVVtfFBgV7WKsFuCeVt1L1JuXlPkpcli2Hy5IwB-PCQAXYaPYKt8xQY5RSNCv2QT5fQ",
            "source": "Daily Mail",
            "source_icon": "https://encrypted-tbn1.gstatic.com/faviconV2?url=https://www.dailymail.co.uk&client=NEWS_360&size=96&type=FAVICON&fallback_opts=TYPE,SIZE,URL",
            "title": "I was the first person in the world to survive RABIES without a vaccine - after I got bitten by a bat in a Wis"
        },
        {
            "link": "https://news.google.com/articles/CBMiX2h0dHBzOi8vd3d3Lnd5ZmY0LmNvbS9hcnRpY2xlLzExLXllYXItb2xkLW5ldy1nZW5lLWVkaXRpbmctdHJlYXRtZW50LXRvLXJlc3RvcmUtdmlzaW9uLzYwNzY5MTQz0gEA?hl=en-US&gl=US&ceid=US%3Aen",
            "og": "https://encrypted-tbn2.gstatic.com/images?q=tbn:ANd9GcS6ZmnpUZqMfHLEKczmJoT6_tIfYveFoPikPz0voy2pxtzRwnraeW4I5-mzQuqmuk_ipVNKdEc2j9NbgvRadFJ2",
            "source": "WYFF4 Greenville",
            "source_icon": "https://encrypted-tbn0.gstatic.com/faviconV2?url=https://www.wyff4.com&client=NEWS_360&size=96&type=FAVICON&fallback_opts=TYPE,SIZE,URL",
            "title": "Video: 11-year-old boy receives gene-editing treatment to restore vision"
        },
        {
            "link": "https://news.google.com/articles/CBMifGh0dHBzOi8vdHJpbmlkYWRleHByZXNzLmNvbS9mZWF0dXJlcy9sb2NhbC9vemVtcGljLXdhcm5pbmctZm9yLXdlaWdodC1sb3NzL2FydGljbGVfOGRmNGZiN2MtMTBiOC0xMWVmLTk3YTktMGZlMjg0N2M1NWQ3Lmh0bWzSAYABaHR0cHM6Ly90cmluaWRhZGV4cHJlc3MuY29tL2ZlYXR1cmVzL2xvY2FsL296ZW1waWMtd2FybmluZy1mb3Itd2VpZ2h0LWxvc3MvYXJ0aWNsZV84ZGY0ZmI3Yy0xMGI4LTExZWYtOTdhOS0wZmUyODQ3YzU1ZDcuYW1wLmh0bWw?hl=en-US&gl=US&ceid=US%3Aen",
            "og": "https://encrypted-tbn3.gstatic.com/images?q=tbn:ANd9GcQwsSa80dvbfyNrGxSTNn24jrk17l2atkQPDZddexKQuWZx5Hy1vuMsGZYf5IVK2zFMOr7l_1Wk1Q1jmDZcs6p7sdLSIBUCuPvjF8lZmhjlFnqNhg",
            "source": "Trinidad & Tobago Express Newspapers",
            "source_icon": "https://encrypted-tbn2.gstatic.com/faviconV2?url=https://trinidadexpress.com&client=NEWS_360&size=96&type=FAVICON&fallback_opts=TYPE,SIZE,URL",
            "title": "Ozempic warning for weight loss"
        },
        {
            "link": "https://news.google.com/articles/CBMingFodHRwczovL3RoZWNvbnZlcnNhdGlvbi5jb20vYmluZ2UtZHJpbmtpbmctaXMtYS1ncm93aW5nLXB1YmxpYy1oZWFsdGgtY3Jpc2lzLWEtbmV1cm9iaW9sb2dpc3QtZXhwbGFpbnMtaG93LXJlc2VhcmNoLW9uLWFsY29ob2wtdXNlLWRpc29yZGVyLWhhcy1zaGlmdGVkLTIyNzMxM9IBAA?hl=en-US&gl=US&ceid=US%3Aen",
            "og": "https://encrypted-tbn2.gstatic.com/images?q=tbn:ANd9GcSuvF6zpgndBwFBzCuasc7VCpohr8fht1nbAhLKBsYAcNEWaslfauvf3niD89nUraQYjb-fBnLHZm6_i8cAdPXr",
            "source": "The Conversation Indonesia",
            "source_icon": "https://encrypted-tbn0.gstatic.com/faviconV2?url=https://theconversation.com&client=NEWS_360&size=96&type=FAVICON&fallback_opts=TYPE,SIZE,URL",
            "title": "Binge drinking is a growing public health crisis − a neurobiologist explains how research on alcohol use disorder has shifted"
        },
        {
            "link": "https://news.google.com/articles/CBMimQFodHRwczovL3d3dy50aGVndWFyZGlhbi5jb20vZ2xvYmFsLWRldmVsb3BtZW50L2FydGljbGUvMjAyNC9tYXkvMTMvc3VwZXJidWdzLWFudGliaW90aWNzLWRydWdzLWFudGltaWNyb2JpYWwtcmVzaXN0YW5jZS1pbmZlY3Rpb25zLXBhbmRlbWljcy1zYWxseS1kYXZpZXPSAQA?hl=en-US&gl=US&ceid=US%3Aen",
            "og": "https://encrypted-tbn3.gstatic.com/images?q=tbn:ANd9GcRvkgsLAT-DBKcOHC-AMaz3rw8W9_jbttoOJ17T6fYQwa9ZsD_hLnusghzjGWZNBU--7jMzzMr3iPa0HjhiOO9iswiEAoRmfaAAG53tVzK2rWMg3g",
            "source": "The Guardian",
            "source_icon": "https://encrypted-tbn0.gstatic.com/faviconV2?url=https://www.theguardian.com&client=NEWS_360&size=96&type=FAVICON&fallback_opts=TYPE,SIZE,URL",
            "title": "Rise of drug-resistant superbugs could make Covid pandemic look ‘minor’, expert warns"
        },
        {
            "link": "https://news.google.com/articles/CBMiaGh0dHBzOi8vd3d3LmNhbS5hYy51ay9yZXNlYXJjaC9uZXdzL2JpcnRoLWJ5LWMtc2VjdGlvbi1tb3JlLXRoYW4tZG91Ymxlcy1vZGRzLW9mLW1lYXNsZXMtdmFjY2luZS1mYWlsdXJl0gEA?hl=en-US&gl=US&ceid=US%3Aen",
            "og": "https://encrypted-tbn3.gstatic.com/images?q=tbn:ANd9GcSqQybN6j28-gLmIcQT2VsE2cdK7GP-odX7UX4B1ZyAKPDIrV2Tnp39c0LlW1Fs0_crrdm1zPnHAr3K1U5NsOj_",
            "source": "University of Cambridge news",
            "source_icon": "https://encrypted-tbn3.gstatic.com/faviconV2?url=https://www.cam.ac.uk&client=NEWS_360&size=96&type=FAVICON&fallback_opts=TYPE,SIZE,URL",
            "title": "Birth by C-section more than doubles odds of measles vaccine failure"
        },
        {
            "link": "https://news.google.com/articles/CBMiLmh0dHBzOi8vd3d3LmJiYy5jb20vbmV3cy9hcnRpY2xlcy9jcHdnNzR6bGdsN2_SATJodHRwczovL3d3dy5iYmMuY29tL25ld3MvYXJ0aWNsZXMvY3B3Zzc0emxnbDdvLmFtcA?hl=en-US&gl=US&ceid=US%3Aen",
            "og": "https://encrypted-tbn2.gstatic.com/images?q=tbn:ANd9GcQalUtrPwyd89_xuugtRGN-VaF7M5rEHfilJnoUfceH9_GcC3gRmb_A7gS1-RHbVMQj5XktgPcLSwWy1Y2Zd2qSrI0ZGHNrbBUGX1PS6trfTx1A2A",
            "source": "BBC.com",
            "source_icon": "https://encrypted-tbn2.gstatic.com/faviconV2?url=https://www.bbc.com&client=NEWS_360&size=96&type=FAVICON&fallback_opts=TYPE,SIZE,URL",
            "title": "NHS patients in England can have life-saving heart drug tafamidis"
        },
        {
            "link": "https://news.google.com/articles/CBMiMWh0dHBzOi8vd3d3LmdxLmNvbS9zdG9yeS9iZXN0LWhpZ2gtcHJvdGVpbi1zbmFja3PSAQA?hl=en-US&gl=US&ceid=US%3Aen",
            "og": "https://encrypted-tbn1.gstatic.com/images?q=tbn:ANd9GcR1kuuFMA_Dsg5bhpcHorpvEE2W1uiwzD5ru62o0rfn0vszQ0Wtl4FABTrH_-5LRzysf7NNJYA-Z3_EQ6d9SgJ2SwIRT9LPdXRxDe8rQGTVtF5rjA",
            "source": "GQ",
            "source_icon": "https://encrypted-tbn1.gstatic.com/faviconV2?url=https://www.gq.com&client=NEWS_360&size=96&type=FAVICON&fallback_opts=TYPE,SIZE,URL",
            "title": "The Best High-Protein Snacks for Hitting Your Macros on the Go"
        },
        {
            "link": "https://news.google.com/articles/CBMiM2h0dHBzOi8vd3d3LmhlYWx0aC5jb20vdGVhcy1mb3Itd2VpZ2h0LWxvc3MtODYzOTk4OdIBAA?hl=en-US&gl=US&ceid=US%3Aen",
            "og": "https://encrypted-tbn1.gstatic.com/images?q=tbn:ANd9GcTQdb7bTmI16Ivxy-UUVPqHcZMSK0kqdnhgCuLn2fZaeWn59IzZbXdqKu8lukK_cQaTpxjRgKyOzJk2Qa2zjdT0yTsld5wWGoKKoN--i-aBfd-7GQ",
            "source": "Health.com",
            "source_icon": "https://encrypted-tbn3.gstatic.com/faviconV2?url=https://www.health.com&client=NEWS_360&size=96&type=FAVICON&fallback_opts=TYPE,SIZE,URL",
            "title": "7 Best Teas for Weight Loss, According to a Dietitian"
        },
        {
            "link": "https://news.google.com/articles/CBMiRmh0dHBzOi8vd3d3Lndzai5jb20vaGVhbHRoL3dlbGxuZXNzL2Jpb2xvZ2ljYWwtaGVhcnQtYWdlLXRlc3QtZjkzZTZlMWHSAQA?hl=en-US&gl=US&ceid=US%3Aen",
            "og": "https://encrypted-tbn1.gstatic.com/images?q=tbn:ANd9GcQER6L8YE6UwPgI5sYrIqZbPKWeHNzQ5Vv9E1jOK4bZA-mtEqRTsVNj6H1ilIs9JSD-_kAh8nPfb5EppbfWdS3fzE3F84HhFTIjBr1b3TImyzwftA",
            "source": "The Wall Street Journal",
            "source_icon": "https://encrypted-tbn1.gstatic.com/faviconV2?url=https://www.wsj.com&client=NEWS_360&size=96&type=FAVICON&fallback_opts=TYPE,SIZE,URL",
            "title": "What Your 'Heart Age' Says About Your Health, and How to Measure It - WSJ"
        },
        {
            "link": "https://news.google.com/articles/CBMiQ2h0dHBzOi8vbWVkaWNhbHhwcmVzcy5jb20vbmV3cy8yMDI0LTA1LXNjaWVudGlzdHMtYnJhaW4tdG94aW5zLmh0bWzSAUJodHRwczovL21lZGljYWx4cHJlc3MuY29tL25ld3MvMjAyNC0wNS1zY2llbnRpc3RzLWJyYWluLXRveGlucy5hbXA?hl=en-US&gl=US&ceid=US%3Aen",
            "og": "https://encrypted-tbn0.gstatic.com/images?q=tbn:ANd9GcQRAzs7rhfc4TzXby7HO5r-3oa6k6Vq6op4bROla9Ecu1JcjdzjN7vp9_0oqq4yr99vAom43JRoTirEgfpT8D4-E-0VEn1dFrH963FOm9e5t-SheQ",
            "source": "Medical Xpress",
            "source_icon": "https://encrypted-tbn0.gstatic.com/faviconV2?url=https://medicalxpress.com&client=NEWS_360&size=96&type=FAVICON&fallback_opts=TYPE,SIZE,URL",
            "title": "Scientists find sleep may not clear brain toxins"
        },
        {
            "link": "https://news.google.com/articles/CBMibGh0dHBzOi8vd3d3LnBzeXBvc3Qub3JnL3JlbGF0aW9uc2hpcC1mb3VuZC1iZXR3ZWVuLWNyZWF0aW5lLWluLXRoZS1icmFpbi1hbmQtcmVjb3ZlcnktZnJvbS10cmF1bWF0aWMtc3RyZXNzL9IBAA?hl=en-US&gl=US&ceid=US%3Aen",
            "og": "https://encrypted-tbn0.gstatic.com/images?q=tbn:ANd9GcSYpnaPMHFSdiHJdXzxV1uUB13sMJu-7qRx6LxorQLT7W_HsVJN1rd3h08RW6SfFMNTDVSW4-YA4CNSHSOlG7xtRCaNyIUjLQd-wWgS8jIIfevoiQ",
            "source": "PsyPost",
            "source_icon": "https://encrypted-tbn2.gstatic.com/faviconV2?url=https://www.psypost.org&client=NEWS_360&size=96&type=FAVICON&fallback_opts=TYPE,SIZE,URL",
            "title": "Relationship found between creatine in the brain and recovery from traumatic stress"
        },
        {
            "link": "https://news.google.com/articles/CBMiU2h0dHBzOi8vd3d3Lndhc2hpbmd0b25wb3N0LmNvbS93ZWxsbmVzcy8yMDI0LzA1LzEzL2lyb24tc3VwcGxlbWVudHMtYW5lbWlhLWZhdGlndWUv0gEA?hl=en-US&gl=US&ceid=US%3Aen",
            "og": "https://encrypted-tbn0.gstatic.com/images?q=tbn:ANd9GcTFt1wMoDy2xEEmOIyTvQwliKOY0ItIfLWa7GKn5ouumMwUfS6DbH7HrdGrrUsTRtcYrXfR0IwVoU2DB6fyjBhcWUGyKpBubTec82KmsfzJ_zt8vA",
            "source": "The Washington Post",
            "source_icon": "https://encrypted-tbn3.gstatic.com/faviconV2?url=https://www.washingtonpost.com&client=NEWS_360&size=96&type=FAVICON&fallback_opts=TYPE,SIZE,URL",
            "title": "Advice | Should I take an iron supplement? Here's what the science says."
        },
        {
            "link": "https://news.google.com/articles/CBMiYGh0dHBzOi8vd3d3Lm5ld3NtYXguY29tL2hlYWx0aC9oZWFsdGgtbmV3cy9taWNyb25lZWRsZXMtcGF0Y2hlcy1oYWlyLWxvc3MvMjAyNC8wNS8xMy9pZC8xMTY0NDcxL9IBZGh0dHBzOi8vd3d3Lm5ld3NtYXguY29tL2FtcC9oZWFsdGgvaGVhbHRoLW5ld3MvbWljcm9uZWVkbGVzLXBhdGNoZXMtaGFpci1sb3NzLzIwMjQvMDUvMTMvaWQvMTE2NDQ3MS8?hl=en-US&gl=US&ceid=US%3Aen",
            "og": "https://encrypted-tbn3.gstatic.com/images?q=tbn:ANd9GcTR6kQV_vge7ssUWHcfj-Jh0PPNmCOisdIQG64jlVsnYR2H2laqr0HVuIFQO_NWYXKNaAruxZh3egPB5qPhrmeTSYh-78ji1GvjBFvXTacrI1g",
            "source": "Newsmax",
            "source_icon": "https://encrypted-tbn3.gstatic.com/faviconV2?url=https://www.newsmax.com&client=NEWS_360&size=96&type=FAVICON&fallback_opts=TYPE,SIZE,URL",
            "title": "Microneedle Patches Promising for a Form of Hair Loss"
        },
        {
            "link": "https://news.google.com/articles/CBMiY2h0dHBzOi8vbnlwb3N0LmNvbS8yMDI0LzA1LzEyL2xpZmVzdHlsZS9vemVtcGljLWJyZWFzdHMtdGhlLWxhdGVzdC1zaWRlLWVmZmVjdC1vZi10aGUtcG9wdWxhci1kcnVnL9IBZ2h0dHBzOi8vbnlwb3N0LmNvbS8yMDI0LzA1LzEyL2xpZmVzdHlsZS9vemVtcGljLWJyZWFzdHMtdGhlLWxhdGVzdC1zaWRlLWVmZmVjdC1vZi10aGUtcG9wdWxhci1kcnVnL2FtcC8?hl=en-US&gl=US&ceid=US%3Aen",
            "og": "https://encrypted-tbn2.gstatic.com/images?q=tbn:ANd9GcRNP6rb5FA1BmuRd_4jcRDU4jdAENLTsuVdH39gOhGrtkWzNk-13vpy7Oj57gMczGqSJbf1JotwJxCp1BEhD2n585YTW9tUyBgoy4BFHZHOiBVE2g",
            "source": "New York Post",
            "source_icon": "https://encrypted-tbn3.gstatic.com/faviconV2?url=https://nypost.com&client=NEWS_360&size=96&type=FAVICON&fallback_opts=TYPE,SIZE,URL",
            "title": "'Ozempic breasts' are the latest side effect of the popular drug, leaving users feeling 'deflated'"
        },
        {
            "link": "https://news.google.com/articles/CBMiO2h0dHBzOi8vd3d3LmNic25ld3MuY29tL2Jvc3Rvbi9uZXdzL2Jsb29kLXRlc3Qtc3Ryb2tlLXVjbGEv0gE_aHR0cHM6Ly93d3cuY2JzbmV3cy5jb20vYW1wL2Jvc3Rvbi9uZXdzL2Jsb29kLXRlc3Qtc3Ryb2tlLXVjbGEv?hl=en-US&gl=US&ceid=US%3Aen",
            "og": "https://encrypted-tbn1.gstatic.com/images?q=tbn:ANd9GcToLI96Onj1X8ux5K59fE6c_f-FNA53L1ZJReB4DyXj65dgPoMggor5WDR5PsIShKLUZgHH5jZVik5rhQgJEBKOIkXt-I_S0FR8IyuMM5wazbwvJA",
            "source": "CBS Boston",
            "source_icon": "https://encrypted-tbn0.gstatic.com/faviconV2?url=https://www.cbsnews.com&client=NEWS_360&size=96&type=FAVICON&fallback_opts=TYPE,SIZE,URL",
            "title": "Could a blood test someday be used predict whether someone will have a stroke?"
        },
        {
            "link": "https://news.google.com/articles/CBMiWmh0dHBzOi8vd3d3LmRhaWx5bWFpbC5jby51ay9oZWFsdGgvYXJ0aWNsZS0xMzQxMjY0Ny9VdGFoLUFsemhlaW1lcnMtYnJlYWt0aHJvdWdoLWRydWcuaHRtbNIBXmh0dHBzOi8vd3d3LmRhaWx5bWFpbC5jby51ay9oZWFsdGgvYXJ0aWNsZS0xMzQxMjY0Ny9hbXAvVXRhaC1BbHpoZWltZXJzLWJyZWFrdGhyb3VnaC1kcnVnLmh0bWw?hl=en-US&gl=US&ceid=US%3Aen",
            "og": "https://encrypted-tbn0.gstatic.com/images?q=tbn:ANd9GcTlW-K3gHMPni5yuxPCHTwQKIr7sfn4V7RLnXCWwBDGvwS2czHRuEo3W2wKvpDjJ38bbb7NVpAZ6DG43JEQfjH_Nu6GcxfSeg7V-jog3b6NUDpnMA",
            "source": "Daily Mail",
            "source_icon": "https://encrypted-tbn1.gstatic.com/faviconV2?url=https://www.dailymail.co.uk&client=NEWS_360&size=96&type=FAVICON&fallback_opts=TYPE,SIZE,URL",
            "title": "Meet the Utah professor who believes she's on the cusp of an Alzheimer's breakthrough - after drug caused 'a c"
        },
        {
            "link": "https://news.google.com/articles/CBMiQmh0dHBzOi8vd3d3Lm5iY25ld3MuY29tL3NlbGVjdC9zaG9wcGluZy93YXJ0LXRyZWF0bWVudHMtcmNuYTE1MTk4MtIBLWh0dHBzOi8vd3d3Lm5iY25ld3MuY29tL3NlbGVjdC9hbXAvcmNuYTE1MTk4Mg?hl=en-US&gl=US&ceid=US%3Aen",
            "og": "https://encrypted-tbn2.gstatic.com/images?q=tbn:ANd9GcTnqYhf4Ar2546lIj6fj5dkW6DIleEXd5OA41NbplymqFGmPO4QnaJbGktORG08aXHteORoKwcsyJibKv3xy_eGC_5U0JSKeVTd9Y0vCp71G5iimw",
            "source": "NBC News",
            "source_icon": "https://encrypted-tbn1.gstatic.com/faviconV2?url=https://www.nbcnews.com&client=NEWS_360&size=96&type=FAVICON&fallback_opts=TYPE,SIZE,URL",
            "title": "Best At-Home Wart Treatments, according to experts"
        },
        {
            "link": "https://news.google.com/articles/CBMiTGh0dHBzOi8vd3d3Lndhc2hpbmd0b25wb3N0LmNvbS9oZWFsdGgvMjAyNC8wNS8xMi9oaXAtYm9uZS1mcmFjdHVyZXMtc2VuaW9ycy_SAQA?hl=en-US&gl=US&ceid=US%3Aen",
            "og": "https://encrypted-tbn0.gstatic.com/images?q=tbn:ANd9GcS-pDZvN1JW2LQyZV59hrx1bmt4dUzCBSfOcyyVHWaief6E9MLRmWkwmSlFfS1bGiEZKb8gW7ThuSjmtdhbIu4ztzCTvIZ4EiRL-Xp79bZvboJ6pQ",
            "source": "The Washington Post",
            "source_icon": "https://encrypted-tbn3.gstatic.com/faviconV2?url=https://www.washingtonpost.com&client=NEWS_360&size=96&type=FAVICON&fallback_opts=TYPE,SIZE,URL",
            "title": "Hip breaks more deadly than some cancers in elderly, study finds"
        },
        {
            "link": "https://news.google.com/articles/CBMiQWh0dHBzOi8vd3d3Lm55dGltZXMuY29tLzIwMjQvMDUvMTMvdXMvaW5zdGFncmFtLWNoaWxkLXNhZmV0eS5odG1s0gEA?hl=en-US&gl=US&ceid=US%3Aen",
            "og": "https://encrypted-tbn0.gstatic.com/images?q=tbn:ANd9GcSLpsWvyMzAtk5woNwULqxdjScUN-PB8IyMCd_j0T7ztZS_v6Qm2tuN9ZABMY82qkOXgQU0K7aiKwqcf8c_ym4LtqgsT2K2BfuJwDxMOT-FzfyYJw",
            "source": "The New York Times",
            "source_icon": "https://encrypted-tbn2.gstatic.com/faviconV2?url=https://www.nytimes.com&client=NEWS_360&size=96&type=FAVICON&fallback_opts=TYPE,SIZE,URL",
            "title": "On Instagram, a Jewelry Ad Draws Solicitations for Sex With a 5-Year-Old"
        },
        {
            "link": "https://news.google.com/articles/CBMibmh0dHBzOi8vd3d3LnVzYXRvZGF5LmNvbS9zdG9yeS9uZXdzL2hlYWx0aC8yMDI0LzA1LzEzL3NlbmlvcnMtZW1lcmdlbmN5LWhlYWx0aC1kZWxheXMtZXItYm9hcmRpbmcvNzM2MTcxMzAwMDcv0gEA?hl=en-US&gl=US&ceid=US%3Aen",
            "og": "https://encrypted-tbn1.gstatic.com/images?q=tbn:ANd9GcRCEH5_DjSSZhx85JSIBPLVWUVQKxKiku-aNCD7CRasoUS1K2V0b3rag_NbdlP6diUfEYVQcwbobF7UyzdZskerK0B6LxdDa1ULjMLOu3IslJZrGA",
            "source": "USA TODAY",
            "source_icon": "https://encrypted-tbn0.gstatic.com/faviconV2?url=https://www.usatoday.com&client=NEWS_360&size=96&type=FAVICON&fallback_opts=TYPE,SIZE,URL",
            "title": "ER boarding of seniors awaiting hospital care causes preventable harm"
        },
        {
            "link": "https://news.google.com/articles/CBMiVGh0dHBzOi8vd3d3Lndzai5jb20vaGVhbHRoL3dlbGxuZXNzL2NvcnRpc29sLXN0cmVzcy1ob3Jtb25lLWFkcmVuYWwtZmF0aWd1ZS0wMmFhYjQ5YdIBAA?hl=en-US&gl=US&ceid=US%3Aen",
            "og": "https://encrypted-tbn2.gstatic.com/images?q=tbn:ANd9GcQiumbbwoPPNw9qwtkCiS7J6SUIZP82LeT6-i7lnJRKjqYt0wiw0pTghvb4E7aWyaeWEH0RhVLRF_kSf6l5udIx4pmQpsf9eSwSN6S16J8Lj_CgTw",
            "source": "The Wall Street Journal",
            "source_icon": "https://encrypted-tbn1.gstatic.com/faviconV2?url=https://www.wsj.com&client=NEWS_360&size=96&type=FAVICON&fallback_opts=TYPE,SIZE,URL",
            "title": "The Stress Hormone Isn't All Bad. What to Know About Your Cortisol Levels."
        },
        {
            "link": "https://news.google.com/articles/CBMiU2h0dHBzOi8vZ2l6bW9kby5jb20vYmVhY2gtZ2VybXMtY29tbXVuaWNhYmxlLWRpc2Vhc2VzLWJhY3RlcmlhLXBhcmFzaXRlcy0xODUxNDczMDI00gEA?hl=en-US&gl=US&ceid=US%3Aen",
            "og": "https://encrypted-tbn1.gstatic.com/images?q=tbn:ANd9GcRXNmLhvY2SnLSpH9ER04EOKVwuOacE8PACT7pKpE4foYajwAaz36VHr-ATfi5OLOUbXTYcSKR0ewudyFCSj0oN1SZnMCdgROWNM_2VOjETgw2G0w",
            "source": "Gizmodo",
            "source_icon": "https://encrypted-tbn1.gstatic.com/faviconV2?url=https://gizmodo.com&client=NEWS_360&size=96&type=FAVICON&fallback_opts=TYPE,SIZE,URL",
            "title": "The Scariest Germs You Can Catch at the Beach"
        },
        {
            "link": "https://news.google.com/articles/CBMiZWh0dHBzOi8vd3d3Lndhc2hpbmd0b25wb3N0LmNvbS93ZWxsbmVzcy8yMDI0LzA1LzEyL2Rvd24tc3luZHJvbWUtcmVncmVzc2lvbi1kaXNvcmRlci1tb3RoZXJzLXN1cHBvcnQv0gEA?hl=en-US&gl=US&ceid=US%3Aen",
            "og": "https://encrypted-tbn3.gstatic.com/images?q=tbn:ANd9GcT8qr1Tz2HX-rIC5IDnAIMC6GsMjkwLiiBHcgGDiItkzkx3swY3aWTt8chFLSWbfhQLaxcQ89MK5h6uTWhqasmT4mclxG7egN8eRhIfvxUtLBWWcA",
            "source": "The Washington Post",
            "source_icon": "https://encrypted-tbn3.gstatic.com/faviconV2?url=https://www.washingtonpost.com&client=NEWS_360&size=96&type=FAVICON&fallback_opts=TYPE,SIZE,URL",
            "title": "A strange regression was linked to Down syndrome. These moms found answers."
        },
        {
            "link": "https://news.google.com/articles/CBMiYGh0dHBzOi8vbnlwb3N0LmNvbS8yMDI0LzA1LzEyL2xpZmVzdHlsZS9ob3ctcHJlbWF0dXJlLW1lbm9wYXVzZS1jYW4tY2F1c2UtZWFybHktZGVhdGgtbmV3LXN0dWR5L9IBZGh0dHBzOi8vbnlwb3N0LmNvbS8yMDI0LzA1LzEyL2xpZmVzdHlsZS9ob3ctcHJlbWF0dXJlLW1lbm9wYXVzZS1jYW4tY2F1c2UtZWFybHktZGVhdGgtbmV3LXN0dWR5L2FtcC8?hl=en-US&gl=US&ceid=US%3Aen",
            "og": "https://encrypted-tbn2.gstatic.com/images?q=tbn:ANd9GcSa1mPLogHH3ie6rhNk0mcalmVub8AChKdut-b3d81DfVPTJG72MKtc7B5FHC20aFqFCc_mWF5e4i_VsenPrukqXTUVgG71jfUKGperlq4K70mVvg",
            "source": "New York Post",
            "source_icon": "https://encrypted-tbn3.gstatic.com/faviconV2?url=https://nypost.com&client=NEWS_360&size=96&type=FAVICON&fallback_opts=TYPE,SIZE,URL",
            "title": "How premature menopause can cause early death: new study"
        },
        {
            "link": "https://news.google.com/articles/CBMifWh0dHBzOi8vc2NpdGVjaGRhaWx5LmNvbS9yZXZvbHV0aW9uYXJ5LXF1YXJ0ZXQtbmFub2NhZ2UtdmFjY2luZS1lZmZlY3RpdmUtYWdhaW5zdC1jb3JvbmF2aXJ1c2VzLXRoYXQtaGF2ZW50LWV2ZW4tZW1lcmdlZC15ZXQv0gEA?hl=en-US&gl=US&ceid=US%3Aen",
            "og": "https://encrypted-tbn1.gstatic.com/images?q=tbn:ANd9GcQpWYxfQaC5J4J8Jb8VO1l5Z5iUDNLaLckiqyBZQzGGnPFqtDySfhiWgyC6JPi5guWkQ5WV9bPqRv9OqQgzHl-ol5jdf_UQNGfua1lipifjD-YdBw",
            "source": "SciTechDaily",
            "source_icon": "https://encrypted-tbn2.gstatic.com/faviconV2?url=https://scitechdaily.com&client=NEWS_360&size=96&type=FAVICON&fallback_opts=TYPE,SIZE,URL",
            "title": "Revolutionary “Quartet Nanocage” Vaccine Effective Against Coronaviruses That Haven't Even Emerged Yet"
        },
        {
            "link": "https://news.google.com/articles/CBMiXWh0dHBzOi8vdGhlY29udmVyc2F0aW9uLmNvbS9zdHJlc3NmdWwtbGlmZS1ldmVudHMtY2FuLWluY3JlYXNlLXlvdXItcmlzay1vZi1hbHpoZWltZXJzLTIyODU1NNIBAA?hl=en-US&gl=US&ceid=US%3Aen",
            "og": "https://encrypted-tbn3.gstatic.com/images?q=tbn:ANd9GcR3HFtvC8U4JNCAKgz2_he6YTHXxpN8Kr4RU7l8Kcwzekc7DSEnPRBZ7A-wG3LE0jAUxnvuvYV22qlgvxJjuYyq",
            "source": "The Conversation Indonesia",
            "source_icon": "https://encrypted-tbn0.gstatic.com/faviconV2?url=https://theconversation.com&client=NEWS_360&size=96&type=FAVICON&fallback_opts=TYPE,SIZE,URL",
            "title": "Stressful life events can increase your risk of Alzheimer's"
        },
        {
            "link": "https://news.google.com/articles/CBMiUmh0dHBzOi8vd3d3Lm55dGltZXMuY29tLzIwMjQvMDUvMTMvc2NpZW5jZS9tZWRpY2luZS1nZXJpYXRyaWNzLWZhaWx1cmUtdGhyaXZlLmh0bWzSAQA?hl=en-US&gl=US&ceid=US%3Aen",
            "og": "https://encrypted-tbn3.gstatic.com/images?q=tbn:ANd9GcTQH3VR7TU0FoE7VaUYLd7O6QSxkkSl6ARyxPR0tmPIR2nS2qY-iypt1v_EUQXQm1Wtp8BKHqjqzt0T7d3rOrMwcHebxWKEjecUO8oq9msIoTS8aQ",
            "source": "The New York Times",
            "source_icon": "https://encrypted-tbn2.gstatic.com/faviconV2?url=https://www.nytimes.com&client=NEWS_360&size=96&type=FAVICON&fallback_opts=TYPE,SIZE,URL",
            "title": "‘Failure to Thrive,’ or a Failure to Look?"
        },
        {
            "link": "https://news.google.com/articles/CBMiZWh0dHBzOi8vbnlwb3N0LmNvbS8yMDI0LzA1LzEyL2xpZmVzdHlsZS9jYXJkaW9sb2dpc3RzLXJldmVhbC1iZXN0LWZydWl0LXRvLWVhdC10by1ib29zdC1oZWFydC1oZWFsdGgv0gFpaHR0cHM6Ly9ueXBvc3QuY29tLzIwMjQvMDUvMTIvbGlmZXN0eWxlL2NhcmRpb2xvZ2lzdHMtcmV2ZWFsLWJlc3QtZnJ1aXQtdG8tZWF0LXRvLWJvb3N0LWhlYXJ0LWhlYWx0aC9hbXAv?hl=en-US&gl=US&ceid=US%3Aen",
            "og": "https://encrypted-tbn2.gstatic.com/images?q=tbn:ANd9GcTGxR5kHnuEr1Y0C6LYiPUul3KnYbgNaJfrAQ9UADqbFfBLS5Kf8rEZ2zsI97Z0GGSvFurw4CIPJOmXTaTQtodf56yq6PmHnsKa3iuLJK-uHEyMqg",
            "source": "New York Post",
            "source_icon": "https://encrypted-tbn3.gstatic.com/faviconV2?url=https://nypost.com&client=NEWS_360&size=96&type=FAVICON&fallback_opts=TYPE,SIZE,URL",
            "title": "I'm a cardiologist — this is the best fruit to eat for a healthy heart"
        },
        {
            "link": "https://news.google.com/articles/CBMiTWh0dHBzOi8vd3d3LnlhaG9vLmNvbS9saWZlc3R5bGUvd2FudC1hdm9pZC1mb29kLXBvaXNvbmluZy1za2lwLTA3MDA0MDM3MC5odG1s0gEA?hl=en-US&gl=US&ceid=US%3Aen",
            "og": "https://encrypted-tbn0.gstatic.com/images?q=tbn:ANd9GcRzlJkjpnX6fyL1AippYS42BrP4ciWIfwJPS7IX1Yo2hMwUMo0o423VA_yZymIUCzb0EPz1Vw2EzETnqD1TQoHlkx7s--EOzvkakrN2dl0-NpbmlQ",
            "source": "Yahoo Life",
            "source_icon": "https://encrypted-tbn1.gstatic.com/faviconV2?url=https://www.yahoo.com&client=NEWS_360&size=96&type=FAVICON&fallback_opts=TYPE,SIZE,URL",
            "title": "Want To Avoid Food Poisoning? Skip These Items At Your Hotel's Breakfast Buffet"
        },
        {
            "link": "https://news.google.com/articles/CBMibGh0dHBzOi8vbnlwb3N0LmNvbS8yMDI0LzA1LzEzL2xpZmVzdHlsZS9pbS1hLWRvYy1hbmQtdGhpcy1lbWJhcnJhc3NpbmctaGVhbHRoLWlzc3VlLWlzLWFjdHVhbGx5LXZlcnktY29tbW9uL9IBcGh0dHBzOi8vbnlwb3N0LmNvbS8yMDI0LzA1LzEzL2xpZmVzdHlsZS9pbS1hLWRvYy1hbmQtdGhpcy1lbWJhcnJhc3NpbmctaGVhbHRoLWlzc3VlLWlzLWFjdHVhbGx5LXZlcnktY29tbW9uL2FtcC8?hl=en-US&gl=US&ceid=US%3Aen",
            "og": "https://encrypted-tbn0.gstatic.com/images?q=tbn:ANd9GcRnTtp5J78pXRrbqJEWn3Dy4_Ah11XZccSZZeRcqwkX7Otf4tNI6ir_YVqs3mVPIQYPxAQwxlFAl2vyHolIDvAQ_A_3j_6n3bY4XwhvQTErpjooqg",
            "source": "New York Post",
            "source_icon": "https://encrypted-tbn3.gstatic.com/faviconV2?url=https://nypost.com&client=NEWS_360&size=96&type=FAVICON&fallback_opts=TYPE,SIZE,URL",
            "title": "I'm a doc — and this embarrassing health issue is actually very common"
        },
        {
            "link": "https://news.google.com/articles/CBMiTGh0dHBzOi8vYWxzbmV3c3RvZGF5LmNvbS9uZXdzL2VwaWdlbmV0aWNzLWtleS1hbHMtZGlzZWFzZS1wcm9ncmVzc2lvbi1zdHVkeS_SAQA?hl=en-US&gl=US&ceid=US%3Aen",
            "og": "https://encrypted-tbn0.gstatic.com/images?q=tbn:ANd9GcSoB1IQUMEgUJ387RVQCWcSX99WzzwbN8vhHsD01Ey85LH4nLTGQo6n58FRh5-GrCMu1THwYdboWonf9dHpATvX_pk91xFNnW5V8hHPDiUaGUZ-lA",
            "source": "ALS News Today",
            "source_icon": "https://encrypted-tbn2.gstatic.com/faviconV2?url=https://alsnewstoday.com&client=NEWS_360&size=96&type=FAVICON&fallback_opts=TYPE,SIZE,URL",
            "title": "Epigenetics may be key to ALS disease progression, study shows"
        },
        {
            "link": "https://news.google.com/articles/CBMiWWh0dHBzOi8vd3d3Lndhc2hpbmd0b25wb3N0LmNvbS93ZWxsbmVzcy8yMDI0LzA1LzEzL2JveXMtYWRvbGVzY2VudC1maXRuZXNzLWhlYXJ0LWRpc2Vhc2Uv0gEA?hl=en-US&gl=US&ceid=US%3Aen",
            "og": "https://encrypted-tbn3.gstatic.com/images?q=tbn:ANd9GcTFPh8H5Gl6N0XN4NGEvIAKmxa5qOI3Cqta0f2kphS2-9buInJwAyGeRXC0dydKoSRb6sl2l01xwlzmGloqPRyFQ1ONMIYiGpi9ahnd",
            "source": "The Washington Post",
            "source_icon": "https://encrypted-tbn3.gstatic.com/faviconV2?url=https://www.washingtonpost.com&client=NEWS_360&size=96&type=FAVICON&fallback_opts=TYPE,SIZE,URL",
            "title": "Teen fitness may protect against later heart disease, study indicates"
        },
        {
            "link": "https://news.google.com/articles/CBMiR2h0dHBzOi8vb3Vyd29ybGRpbmRhdGEub3JnL3Jpc2UtdXMtbWF0ZXJuYWwtbW9ydGFsaXR5LXJhdGVzLW1lYXN1cmVtZW500gEA?hl=en-US&gl=US&ceid=US%3Aen",
            "og": "https://encrypted-tbn2.gstatic.com/images?q=tbn:ANd9GcSsc-KUCOF-Hi6gyhz58QTwgiKKasRymCX1-yuo1pwTDsyxfgeqsOjxJ3qscJe2MWuH3tm5cO8Rn7nxkYbyP-vp",
            "source": "Our World in Data",
            "source_icon": "https://encrypted-tbn1.gstatic.com/faviconV2?url=https://ourworldindata.org&client=NEWS_360&size=96&type=FAVICON&fallback_opts=TYPE,SIZE,URL",
            "title": "The rise in reported maternal mortality rates in the US is largely due to a change in measurement"
        },
        {
            "link": "https://news.google.com/articles/CBMiOWh0dHBzOi8vd3d3LnluZXRuZXdzLmNvbS9oZWFsdGhfc2NpZW5jZS9hcnRpY2xlL2J5bmpmdzFxctIBAA?hl=en-US&gl=US&ceid=US%3Aen",
            "og": "https://encrypted-tbn2.gstatic.com/images?q=tbn:ANd9GcSkno9HA1Kj8BQKUUJ9TftQrOhc7K_V8fH95AhbgcsI6T0_HUcOKLliBDniNc65OCw",
            "source": "Ynetnews",
            "source_icon": "https://encrypted-tbn1.gstatic.com/faviconV2?url=https://www.ynetnews.com&client=NEWS_360&size=96&type=FAVICON&fallback_opts=TYPE,SIZE,URL",
            "title": "Insulin in capsule may replace injections for diabetics"
        },
        {
            "link": "https://news.google.com/articles/CBMiWmh0dHBzOi8vaW50ZXJlc3RpbmdlbmdpbmVlcmluZy5jb20vaGVhbHRoL3NjaWVudGlzdHMtZmluZC1tYXN0ZXItcmVndWxhdG9yLW9mLWluZmxhbW1hdGlvbtIBAA?hl=en-US&gl=US&ceid=US%3Aen",
            "og": "https://encrypted-tbn0.gstatic.com/images?q=tbn:ANd9GcRM68bBorBaGRyt8-fBk3fBsaU3HR-CIvDGuum0RkodQLtyF3l6mdrFpQBSausXVcpGdyOVTL5Ob8Rk1zJ4Wd4qH869WHPx7tNtDNVpunOUuYfqfg",
            "source": "Interesting Engineering",
            "source_icon": "https://encrypted-tbn3.gstatic.com/faviconV2?url=https://interestingengineering.com&client=NEWS_360&size=96&type=FAVICON&fallback_opts=TYPE,SIZE,URL",
            "title": "Scientists discover 'master' brain circuit that regulates inflammation"
        },
        {
            "link": "https://news.google.com/articles/CBMiPWh0dHBzOi8vd3d3LnRoZWN1dC5jb20vYXJ0aWNsZS9ldmVyeW9uZS1xdWl0dGluZy10aGVyYXB5Lmh0bWzSAQA?hl=en-US&gl=US&ceid=US%3Aen",
            "og": "https://encrypted-tbn1.gstatic.com/images?q=tbn:ANd9GcQGmFLb_Fs1zUIK8OPI7Vq-_xLZbjSdVeI4X6HsJ3Z1xizZ6rTYcs089vUxur5cWBUqA1ksQvXEMg48cmxh_wHknGSfx45CbZnBKIsg8jpqXJoVYA",
            "source": "The Cut",
            "source_icon": "https://encrypted-tbn3.gstatic.com/faviconV2?url=https://www.thecut.com&client=NEWS_360&size=96&type=FAVICON&fallback_opts=TYPE,SIZE,URL",
            "title": "Can I Just Quit Therapy?"
        },
        {
            "link": "https://news.google.com/articles/CBMiPWh0dHBzOi8vbmV1cm9zY2llbmNlbmV3cy5jb20vcGFyYXNvbW5pYS1icmFpbi1hY3Rpdml0eS0yNjA5MC_SAQA?hl=en-US&gl=US&ceid=US%3Aen",
            "og": "https://encrypted-tbn3.gstatic.com/images?q=tbn:ANd9GcRZfkun_lFmc8SsywNFvGrpEgPEI3dfv-dPpFFt3EDI83IG-Kj9gpEOe1ycZqNFGrCcAfFVFd5lXm88NwUPMUTsHRaynU5LB5lU0RVlLtNyzmHIHw",
            "source": "Neuroscience News",
            "source_icon": "https://encrypted-tbn2.gstatic.com/faviconV2?url=https://neurosciencenews.com&client=NEWS_360&size=96&type=FAVICON&fallback_opts=TYPE,SIZE,URL",
            "title": "Parasomnia: What Happens in the Brain During Sleepwalking?"
        },
        {
            "link": "https://news.google.com/articles/CBMiWWh0dHBzOi8vc2xhdGUuY29tL2FkdmljZS8yMDI0LzA1L2ZhbWlseS1hZHZpY2Utc2lzdGVyLWV4LWh1c2JhbmQtZGVmZW5zaXZlLXBhcmVudGluZy5odG1s0gEA?hl=en-US&gl=US&ceid=US%3Aen",
            "og": "https://encrypted-tbn0.gstatic.com/images?q=tbn:ANd9GcRTZ8bSw_zd3vR7fM8fLkMr4dlWv5sL4cXFSMANys_j5Fo3_E6IBTSBAfnPmbT46hkbP734CENDNT1MkiJl8wdtPGi8Vlqu0Yh_qDqLoy4ef6z2iw",
            "source": "Slate",
            "source_icon": "https://encrypted-tbn3.gstatic.com/faviconV2?url=https://slate.com&client=NEWS_360&size=96&type=FAVICON&fallback_opts=TYPE,SIZE,URL",
            "title": "Family advice: My boyfriend is constantly defending a despicable man. I can't take it anymore."
        },
        {
            "link": "https://news.google.com/articles/CBMiLmh0dHBzOi8vd3d3LmJiYy5jb20vbmV3cy9hcnRpY2xlcy9jM2dlZWxqdjg0bm_SATJodHRwczovL3d3dy5iYmMuY29tL25ld3MvYXJ0aWNsZXMvYzNnZWVsanY4NG5vLmFtcA?hl=en-US&gl=US&ceid=US%3Aen",
            "og": "https://encrypted-tbn0.gstatic.com/images?q=tbn:ANd9GcSULkXuQ01nn4SBLnADSOlJZbZWugf45-nXMYba2tchbcbkMTR0QyrmGh9dlBkVRqAftCX_6IqzGDdfKWoGTqZis09LHoDGk5to5kG0RQF-qubUkw",
            "source": "BBC.com",
            "source_icon": "https://encrypted-tbn2.gstatic.com/faviconV2?url=https://www.bbc.com&client=NEWS_360&size=96&type=FAVICON&fallback_opts=TYPE,SIZE,URL",
            "title": "AI clinical trial to treat depression in Oxford University study"
        },
        {
            "link": "https://news.google.com/articles/CBMiLmh0dHBzOi8vYm9va3Jpb3QuY29tL292ZXJzaXplZC1yZWFkaW5nLWNoYWlycy_SAQA?hl=en-US&gl=US&ceid=US%3Aen",
            "og": "https://encrypted-tbn0.gstatic.com/images?q=tbn:ANd9GcRIK4tBxu0zJ_0TGw0_isW8QNUk7PDAhl9Gv5DDdTp8XYugq4M40aMAqeDtFhTvMIR4rhf6uzl0yMgdIy75Cur6zGlWvay_FFJB1LeWcIqoX-tFjg",
            "source": "Book Riot",
            "source_icon": "https://encrypted-tbn0.gstatic.com/faviconV2?url=https://bookriot.com&client=NEWS_360&size=96&type=FAVICON&fallback_opts=TYPE,SIZE,URL",
            "title": "The Biggest and Comfiest Reading Chairs to Cozy Up In"
        },
        {
            "link": "https://news.google.com/articles/CBMib2h0dHBzOi8vd3d3LmlmbHNjaWVuY2UuY29tL3RpbWUtc2VlbXMtdG8tbW92ZS1zbG93ZXItaW4tdGhpcy1vbmUtcGxhY2UtYW5kLXlvdS1taWdodC1iZS1nb2luZy10aGVyZS10b2RheS03NDE5NtIBAA?hl=en-US&gl=US&ceid=US%3Aen",
            "og": "https://encrypted-tbn2.gstatic.com/images?q=tbn:ANd9GcRgB8-6djgcaEeU_4Cgi9QH41anlvRcqVv7US5aRcEBZrXgY_dFX-sZOFjRrpw1ADKrxCMwMqM_k5gC0DCAvpHB3wL9RBAsqr76IPbPiX701vLElQ",
            "source": "IFLScience",
            "source_icon": "https://encrypted-tbn0.gstatic.com/faviconV2?url=https://www.iflscience.com&client=NEWS_360&size=96&type=FAVICON&fallback_opts=TYPE,SIZE,URL",
            "title": "Time Seems To Move Slower In This One Place, And You Might Be Going There Today"
        },
        {
            "link": "https://news.google.com/articles/CBMiZ2h0dHBzOi8vd3d3LnNjaWVuY2VhbGVydC5jb20vd2hhdC1pcy1hZGVub215b3Npcy10aGlzLWxpdHRsZS1rbm93bi1jb25kaXRpb24tYWZmZWN0cy11cC10by0xLWluLTUtd29tZW7SAQA?hl=en-US&gl=US&ceid=US%3Aen",
            "og": "https://encrypted-tbn3.gstatic.com/images?q=tbn:ANd9GcT6mWbwcPXQXtHELk1q82l5lOSG4XLIH_K2MSUMhKksXrfXWCS_kpnTrslSfCTYCTFLcBcLuWXCNmDMpEN4z_ykqraFYoJjV2vHKPYPRTIxddOsSQ",
            "source": "ScienceAlert",
            "source_icon": "https://encrypted-tbn2.gstatic.com/faviconV2?url=https://www.sciencealert.com&client=NEWS_360&size=96&type=FAVICON&fallback_opts=TYPE,SIZE,URL",
            "title": "What Is Adenomyosis? This Little-Known Condition Affects Up to 1 in 5 Women"
        },
        {
            "link": "https://news.google.com/articles/CBMieGh0dHBzOi8vd3d3LjluZXdzLmNvbS9hcnRpY2xlL25ld3MvbG9jYWwvZmFtaWx5LXNheXMtc29uLXdhcy1oZWFydC1kZWFkLTE0LWhvdXJzLzczLWQ5NmM3YTlhLWM4MzItNGZiYS1iMTRhLTU0ZjVkZTA2ZjdlM9IBAA?hl=en-US&gl=US&ceid=US%3Aen",
            "og": "https://encrypted-tbn3.gstatic.com/images?q=tbn:ANd9GcRvi2bYatb7AjaCkFExb8x26hwO4KpKKgxhT8d5r8-PQQlZ16Csf0_1rxZ3_QCSNHTEl_2yO2IwYYpNngD2OhcjjsCiJycVKGqW4PrsL5WsaCeGfw",
            "source": "9News.com KUSA",
            "source_icon": "https://encrypted-tbn2.gstatic.com/faviconV2?url=https://www.9news.com&client=NEWS_360&size=96&type=FAVICON&fallback_opts=TYPE,SIZE,URL",
            "title": "Family says son was 'heart dead' for 14+ hours"
        },
        {
            "link": "https://news.google.com/articles/CBMiUGh0dHBzOi8vd3d3Lm5ld3N3ZWVrLmNvbS9zY2llbnRpc3RzLXJldmVhbC1oaWRkZW4taW5kaWNhdG9ycy13ZWlnaHQtZ2Fpbi0xODk5ODQw0gEA?hl=en-US&gl=US&ceid=US%3Aen",
            "og": "https://encrypted-tbn0.gstatic.com/images?q=tbn:ANd9GcQbcpRJcUBKdnI2EJzrf1bAcvxtjvrB89gII13nMe8_1PVyscQLujhQ4cgNqFqmqF22cQQQkXlHPqjyAaFycR4wtt9O-eO-Dc40kHlxJl7arXDIDg",
            "source": "Newsweek",
            "source_icon": "https://encrypted-tbn3.gstatic.com/faviconV2?url=https://www.newsweek.com&client=NEWS_360&size=96&type=FAVICON&fallback_opts=TYPE,SIZE,URL",
            "title": "Scientists Reveal Hidden Indicator of Future Weight Gain"
        }
    ],
    "Science": [
        {
            "link": "https://news.google.com/articles/CBMiSGh0dHBzOi8vcGh5cy5vcmcvbmV3cy8yMDI0LTA1LWNoZW1pY2FsLWFuYWx5c2lzLW5hdHVyYWwteWVhcnMtdG9kYXkuaHRtbNIBR2h0dHBzOi8vcGh5cy5vcmcvbmV3cy8yMDI0LTA1LWNoZW1pY2FsLWFuYWx5c2lzLW5hdHVyYWwteWVhcnMtdG9kYXkuYW1w?hl=en-US&gl=US&ceid=US%3Aen",
            "og": "https://encrypted-tbn2.gstatic.com/images?q=tbn:ANd9GcSx9e_FYmhlB4bcd1LmoKli2a3gF1BgTO6xevUU85FPAdzT50funlD5rk3rYRPC7blGXjepk3cHXDNsGIP4dFosRzLL64SXwDTKNzROehAbHGB2Xg",
            "source": "Phys.org",
            "source_icon": "https://encrypted-tbn2.gstatic.com/faviconV2?url=https://phys.org&client=NEWS_360&size=96&type=FAVICON&fallback_opts=TYPE,SIZE,URL",
            "title": "Chemical analysis of natural CO₂ rise over the last 50,000 years shows that today's rate is 10 times faster"
        },
        {
            "link": "https://news.google.com/articles/CBMiVWh0dHBzOi8vZ2l6bW9kby5jb20vbm90LWp1c3QtYXVyb3Jhcy1oZXJlcy10aGUtdGVjaC10aGF0LWdvdC1oaXQtYnktdGhpcy13LTE4NTE0NzI4MzjSAQA?hl=en-US&gl=US&ceid=US%3Aen",
            "og": "https://encrypted-tbn3.gstatic.com/images?q=tbn:ANd9GcTeFpUZuA_ApkUZxzsWowzWuhlBusPyPGHAb7VJHgLpQVG9ETOvPxgdH9CA0clajvjYjfcznu91XXEife23FhlidnBhnnzdq7je8N2e64DWUBPHKg",
            "source": "Gizmodo",
            "source_icon": "https://encrypted-tbn1.gstatic.com/faviconV2?url=https://gizmodo.com&client=NEWS_360&size=96&type=FAVICON&fallback_opts=TYPE,SIZE,URL",
            "title": "Not Just Auroras: Here's the Tech That Got Hit by This Weekend's Solar Storm"
        },
        {
            "link": "https://news.google.com/articles/CBMiOmh0dHBzOi8vd3d3LnNwYWNlLmNvbS9leG9wbGFuZXQtbGF2YS13b3JsZC1qdXBpdGVyLW1vb24taW_SAQA?hl=en-US&gl=US&ceid=US%3Aen",
            "og": "https://encrypted-tbn1.gstatic.com/images?q=tbn:ANd9GcSkIWoh78IS25YgUk_UO9Nqdwovi3SeQqCrI2YQIue_-Zv8fCS59ZDA_gTgvsHr6hABIetXTlSQz-Edgh3Em8m5_0ePm0q2FVtR8lQb3-UV33_YdQ",
            "source": "Space.com",
            "source_icon": "https://encrypted-tbn2.gstatic.com/faviconV2?url=https://www.space.com&client=NEWS_360&size=96&type=FAVICON&fallback_opts=TYPE,SIZE,URL",
            "title": "The surface of this volcanic exoplanet is hotter than some stars"
        },
        {
            "link": "https://news.google.com/articles/CBMiTGh0dHBzOi8vd3d3LnNwYWNlLmNvbS9zcGFjZXgtc3RhcnNoaXAtZm91cnRoLXRlc3QtZmxpZ2h0LWp1bmUtMjAyNC1lbG9uLW11c2vSAQA?hl=en-US&gl=US&ceid=US%3Aen",
            "og": "https://encrypted-tbn2.gstatic.com/images?q=tbn:ANd9GcT7r-TsNWtFckYDf-sSNJ7JMDDhHT8g2bJiexoMEK6sH0T4U0JtNgZir-JpWyoaUX9pcExdainPfylhOyerryHp717fmrQ3oLAECWcYpEzaVwpoqg",
            "source": "Space.com",
            "source_icon": "https://encrypted-tbn2.gstatic.com/faviconV2?url=https://www.space.com&client=NEWS_360&size=96&type=FAVICON&fallback_opts=TYPE,SIZE,URL",
            "title": "SpaceX Starship's next launch 'probably 3 to 5 weeks' away, Elon Musk says"
        },
        {
            "link": "https://news.google.com/articles/CBMibGh0dHBzOi8vd3d3LmtzYnkuY29tL25ld3MvbG9jYWwtbmV3cy9zcGFjZXgtcGxhbm5pbmctdHVlc2RheS1tb3JuaW5nLWxhdW5jaC1mcm9tLXZhbmRlbmJlcmctc3BhY2UtZm9yY2UtYmFzZdIBAA?hl=en-US&gl=US&ceid=US%3Aen",
            "og": "https://encrypted-tbn1.gstatic.com/images?q=tbn:ANd9GcRwJq9RVCGtpkpmB9OB6eskhIR6XEHXfMgZ3fdFaEXLT8yfdZkUyb94KL9EVyGDLuWnNidOzTovvGoFCWp_zkQr",
            "source": "KSBY News",
            "source_icon": "https://encrypted-tbn1.gstatic.com/faviconV2?url=https://www.ksby.com&client=NEWS_360&size=96&type=FAVICON&fallback_opts=TYPE,SIZE,URL",
            "title": "SpaceX planning Tuesday morning launch from Vandenberg Space Force Base"
        },
        {
            "link": "https://news.google.com/articles/CBMiPGh0dHBzOi8vd3d3Lm5hc2FzcGFjZWZsaWdodC5jb20vMjAyNC8wNS9sYXVuY2gtcm91bmR1cC0wNTE3L9IBAA?hl=en-US&gl=US&ceid=US%3Aen",
            "og": "https://encrypted-tbn3.gstatic.com/images?q=tbn:ANd9GcR9cNsO5M7zOaDok9uUJuCtLIcPghZBno_lQ--GYCl6cqidF4OruVfpuh1ZinIo_LmTuECH3UibapoJk9iALjYc2uISWnotEFKjFfum4HxdH5fHjA",
            "source": "NASASpaceflight.com",
            "source_icon": "https://encrypted-tbn0.gstatic.com/faviconV2?url=https://www.nasaspaceflight.com&client=NEWS_360&size=96&type=FAVICON&fallback_opts=TYPE,SIZE,URL",
            "title": "Launch Roundup: Starliner prepares for second launch attempt; Falcon 9 to launch first batch into new spy constellation - NASASpaceFlight.com"
        },
        {
            "link": "https://news.google.com/articles/CBMiZGh0dHBzOi8vbGVhcm5pbmdlbmdsaXNoLnZvYW5ld3MuY29tL2EvbmFzYS1kZXRhaWxzLXBsYW5zLWZvci1yYWlsd2F5LXN5c3RlbS1vbi10aGUtbW9vbi83NjA1MTEzLmh0bWzSAWZodHRwczovL2xlYXJuaW5nZW5nbGlzaC52b2FuZXdzLmNvbS9hbXAvbmFzYS1kZXRhaWxzLXBsYW5zLWZvci1yYWlsd2F5LXN5c3RlbS1vbi10aGUtbW9vbi83NjA1MTEzLmh0bWw?hl=en-US&gl=US&ceid=US%3Aen",
            "og": "https://encrypted-tbn2.gstatic.com/images?q=tbn:ANd9GcQDfq-V_ocYBEMlUXfIFv3ge40F7qKhztMy1O3JRd5XqQmgGiWEPgMFgqjDn3j570YZdVl3rhgATUPeQKrn8QszWMIMLZ_O6RXt0oMqbksib94ryg",
            "source": "VOA Learning English",
            "source_icon": "https://encrypted-tbn3.gstatic.com/faviconV2?url=https://learningenglish.voanews.com&client=NEWS_360&size=96&type=FAVICON&fallback_opts=TYPE,SIZE,URL",
            "title": "NASA Details Plans for Railway System on the Moon"
        },
        {
            "link": "https://news.google.com/articles/CBMiV2h0dHBzOi8vd3d3LndtdXIuY29tL2FydGljbGUvYXVyb3JhLWJvcmVhbGlzLW5vcnRoZXJuLWxpZ2h0cy1uZXctaGFtcHNoaXJlLTUxMy82MDc3Nzc4M9IBAA?hl=en-US&gl=US&ceid=US%3Aen",
            "og": "https://encrypted-tbn0.gstatic.com/images?q=tbn:ANd9GcRm6Th_nH1TnMPy2sT1N2znKjnRDv44MAp29tf9p6ot3YaISSNbUBfMBo_nW51fyWeEhS4PVMunY07Qhq4ss3rx",
            "source": "WMUR Manchester",
            "source_icon": "https://encrypted-tbn1.gstatic.com/faviconV2?url=https://www.wmur.com&client=NEWS_360&size=96&type=FAVICON&fallback_opts=TYPE,SIZE,URL",
            "title": "Northern lights in New Hampshire: How it happened"
        },
        {
            "link": "https://news.google.com/articles/CBMid2h0dHBzOi8vd3d3LmxpdmVzY2llbmNlLmNvbS9zcGFjZS9hc3Ryb25vbXkvc3BhY2UtcGhvdG8tb2YtdGhlLXdlZWstZ29kcy1oYW5kLWxlYXZlcy1hc3Ryb25vbWVycy1zY3JhdGNoaW5nLXRoZWlyLWhlYWRz0gEA?hl=en-US&gl=US&ceid=US%3Aen",
            "og": "https://encrypted-tbn2.gstatic.com/images?q=tbn:ANd9GcQcr7403yHy_M-pyfkkUST39IbcA6QnbbZ7X5r0Xxj4pRPVgLLF4wyFrsRI_pO3WtUkuDkPDvi1sbRVex0DAQpff_XYkhP728KaFMHDErgX7uLBqw",
            "source": "Livescience.com",
            "source_icon": "https://encrypted-tbn2.gstatic.com/faviconV2?url=https://www.livescience.com&client=NEWS_360&size=96&type=FAVICON&fallback_opts=TYPE,SIZE,URL",
            "title": "Space photo of the week: 'God's Hand' leaves astronomers scratching their heads"
        },
        {
            "link": "https://news.google.com/articles/CBMiXmh0dHBzOi8vd3d3LmJ1c2luZXNzaW5zaWRlci5jb20vZmFsbC1pbnNpZGUtYmxhY2staG9sZS1uYXNhLXZpZGVvLXNob3dzLXdoYXQtbG9va3MtbGlrZS0yMDI0LTXSAWJodHRwczovL3d3dy5idXNpbmVzc2luc2lkZXIuY29tL2ZhbGwtaW5zaWRlLWJsYWNrLWhvbGUtbmFzYS12aWRlby1zaG93cy13aGF0LWxvb2tzLWxpa2UtMjAyNC01P2FtcA?hl=en-US&gl=US&ceid=US%3Aen",
            "og": "https://encrypted-tbn2.gstatic.com/images?q=tbn:ANd9GcS_2Dt_Dgqnt4b9cbBpyBn5OLenHCEwAt6L4PeBF-bZjg91388zUi5QaWgaFmwLWIqIPdMTffYU5YX8YfJTKpyiQ0Tz9hO2pVbJ9EW1z-7r7Fw7xQ",
            "source": "Business Insider",
            "source_icon": "https://encrypted-tbn3.gstatic.com/faviconV2?url=https://www.businessinsider.com&client=NEWS_360&size=96&type=FAVICON&fallback_opts=TYPE,SIZE,URL",
            "title": "Fall into a black hole: NASA video shows what it looks like"
        },
        {
            "link": "https://news.google.com/articles/CBMibmh0dHBzOi8vc3BhY2VmbGlnaHRub3cuY29tLzIwMjQvMDUvMTQvc2llcnJhLXNwYWNlcy1kcmVhbS1jaGFzZXItcHJlcGFyaW5nLWZvci1wcmUtbGF1bmNoLWpvdXJuZXktdG8tdGhlLWNhcGUv0gEA?hl=en-US&gl=US&ceid=US%3Aen",
            "og": "https://encrypted-tbn0.gstatic.com/images?q=tbn:ANd9GcSA4RvwOZMPyzttmzZ2aitFPLNuCryruSmLhqk21OdQTiJpeZ1dw96tc9V2cMqBrQI98i8AGvhYneI-GfGeruX-ZwSNGCTvh8sJPLNQvEZtmfHltA",
            "source": "Spaceflight Now",
            "source_icon": "https://encrypted-tbn3.gstatic.com/faviconV2?url=https://spaceflightnow.com&client=NEWS_360&size=96&type=FAVICON&fallback_opts=TYPE,SIZE,URL",
            "title": "Sierra Space's Dream Chaser prepares for pre-launch journey to the Cape – Spaceflight Now"
        },
        {
            "link": "https://news.google.com/articles/CBMiYWh0dHBzOi8vd3d3LmtzbC5jb20vYXJ0aWNsZS81MTAwNjIzOS9hc3Ryb25vbWVycy1maW5hbGx5LWRldGVjdC1hLXJvY2t5LXBsYW5ldC13aXRoLWFuLWF0bW9zcGhlcmXSAQA?hl=en-US&gl=US&ceid=US%3Aen",
            "og": "https://encrypted-tbn3.gstatic.com/images?q=tbn:ANd9GcT4WMpPA2RYfdwAKHb2grwfN1hK3bdKn1fydPYI4SGWTciclbTar0lR_gJUUjUJap-GmLPcF9Sv80N9eUsN5SCUOQlhSBntCQ39n4OdUEduh5Pq9w",
            "source": "KSL.com",
            "source_icon": "https://encrypted-tbn3.gstatic.com/faviconV2?url=https://www.ksl.com&client=NEWS_360&size=96&type=FAVICON&fallback_opts=TYPE,SIZE,URL",
            "title": "Astronomers finally detect a rocky planet with an atmosphere"
        },
        {
            "link": "https://news.google.com/articles/CBMiU2h0dHBzOi8vcGh5cy5vcmcvbmV3cy8yMDI0LTA1LWZ1dHVyZS1kaXNjb3Zlcmllcy1zY2llbnRpc3RzLWV4cGxvcmUtbm9udHJpdmlhbC5odG1s0gFSaHR0cHM6Ly9waHlzLm9yZy9uZXdzLzIwMjQtMDUtZnV0dXJlLWRpc2NvdmVyaWVzLXNjaWVudGlzdHMtZXhwbG9yZS1ub250cml2aWFsLmFtcA?hl=en-US&gl=US&ceid=US%3Aen",
            "og": "https://encrypted-tbn0.gstatic.com/images?q=tbn:ANd9GcTgUWD0JlhKdTLCZRy0G6_NCJCazG4uGzbX8G5NbixbxlNiBVj5XHU1KNLud8icsS5wpSWBg3dxobSYz6njIICjTt3gEctIzn6cvw-7hymXKsG-GQ",
            "source": "Phys.org",
            "source_icon": "https://encrypted-tbn2.gstatic.com/faviconV2?url=https://phys.org&client=NEWS_360&size=96&type=FAVICON&fallback_opts=TYPE,SIZE,URL",
            "title": "Anticipating future discoveries: Scientists explore nontrivial cosmic topology"
        },
        {
            "link": "https://news.google.com/articles/CBMiTGh0dHBzOi8vd3d3Lm5ld3N3ZWVrLmNvbS9leG9wbGFuZXQtbXlzdGVyeS1zY2llbnRpc3RzLXJlZC1naWFudC1zdGFyLTE4OTk3NjTSAQA?hl=en-US&gl=US&ceid=US%3Aen",
            "og": "https://encrypted-tbn0.gstatic.com/images?q=tbn:ANd9GcT8pGGCqug3gfQsNSV8l5PZ6rHj1-H2bTS-5WKuxsM_n3GF4d0mE3-5ZYLA9lBuP1b_HDac6qf0tQzqMbVi0w7unmStByQvdA3cPQkKJhi9M1Q5eg",
            "source": "Newsweek",
            "source_icon": "https://encrypted-tbn3.gstatic.com/faviconV2?url=https://www.newsweek.com&client=NEWS_360&size=96&type=FAVICON&fallback_opts=TYPE,SIZE,URL",
            "title": "Mystery of Planet That Shouldn't Exist Deepens"
        },
        {
            "link": "https://news.google.com/articles/CBMiN2h0dHBzOi8vcGh5cy5vcmcvbmV3cy8yMDI0LTA1LXRoZXJtb2R5bmFtaWMtdGhlb3J5Lmh0bWzSATZodHRwczovL3BoeXMub3JnL25ld3MvMjAyNC0wNS10aGVybW9keW5hbWljLXRoZW9yeS5hbXA?hl=en-US&gl=US&ceid=US%3Aen",
            "og": "https://encrypted-tbn1.gstatic.com/images?q=tbn:ANd9GcTgVFpP1LWVIFfOUt6PDe9ilz10QylX-a1CGm-cplfqy6QTkIESLUgei_Tn0iz77pqMxkBTIOoiNsryGmo4_aojwziFK2G0oIluLftWxD9zTfZ5yg",
            "source": "Phys.org",
            "source_icon": "https://encrypted-tbn2.gstatic.com/faviconV2?url=https://phys.org&client=NEWS_360&size=96&type=FAVICON&fallback_opts=TYPE,SIZE,URL",
            "title": "New work extends the thermodynamic theory of computation"
        },
        {
            "link": "https://news.google.com/articles/CBMiT2h0dHBzOi8vcGh5cy5vcmcvbmV3cy8yMDI0LTA1LWRpc2NvdmVyeS1iaW9tYXJrZXJzLXNwYWNlLWNvbmRpdGlvbnMtc2F0dXJuLmh0bWzSAU5odHRwczovL3BoeXMub3JnL25ld3MvMjAyNC0wNS1kaXNjb3ZlcnktYmlvbWFya2Vycy1zcGFjZS1jb25kaXRpb25zLXNhdHVybi5hbXA?hl=en-US&gl=US&ceid=US%3Aen",
            "og": "https://encrypted-tbn3.gstatic.com/images?q=tbn:ANd9GcSvZx4he4CAaWRHtzrjj-R-yt210BqnwpCq-YuXdWaJw_KEtyuVkPUEgBIggJShflbAlQhlO9haFsMIOyUtRhJS8fWLe7uwEdM2wiCY5Hnrjd7-OA",
            "source": "Phys.org",
            "source_icon": "https://encrypted-tbn2.gstatic.com/faviconV2?url=https://phys.org&client=NEWS_360&size=96&type=FAVICON&fallback_opts=TYPE,SIZE,URL",
            "title": "Discovery of biomarkers in space—conditions on Saturn's moon Enceladus simulated in the laboratory"
        },
        {
            "link": "https://news.google.com/articles/CBMimgFodHRwczovL3d3dy5saXZlc2NpZW5jZS5jb20vcGxhbmV0LWVhcnRoL2dlb2xvZ3kvZWFydGgtbWF5LWhhdmUtaGFkLWZyZXNod2F0ZXItYW5kLWNvbnRpbmVudHMtanVzdC0yMDAtbWlsbGlvbi15ZWFycy1hZnRlci1mb3JtaW5nLWFuY2llbnQtY3J5c3RhbHMtcmV2ZWFs0gEA?hl=en-US&gl=US&ceid=US%3Aen",
            "og": "https://encrypted-tbn3.gstatic.com/images?q=tbn:ANd9GcSiNtnm4Sv8Iwi0CwUuz0wwo18zUvecjiSDiitQvBwaVr9iOnIYLPQXs6wx2iMrvawZzEFcynnIzNnLprOtotKUSeSo",
            "source": "Livescience.com",
            "source_icon": "https://encrypted-tbn2.gstatic.com/faviconV2?url=https://www.livescience.com&client=NEWS_360&size=96&type=FAVICON&fallback_opts=TYPE,SIZE,URL",
            "title": "Earth may have had freshwater and continents just 200 million years after forming, ancient crystals reveal"
        },
        {
            "link": "https://news.google.com/articles/CBMimQFodHRwczovL3d3dy5saXZlc2NpZW5jZS5jb20vcGh5c2ljcy1tYXRoZW1hdGljcy9kYXJrLW1hdHRlci9naWFudC1yb2d1ZS13YXZlcy1vZi1pbnZpc2libGUtbWF0dGVyLW1pZ2h0LWJlLWRpc3J1cHRpbmctdGhlLW9yYml0cy1vZi1zdGFycy1uZXctc3R1ZHktaGludHPSAQA?hl=en-US&gl=US&ceid=US%3Aen",
            "og": "https://encrypted-tbn3.gstatic.com/images?q=tbn:ANd9GcSo9JpMycvsN_lcb7fVEIy19-CVU4MQOL_tLyPFWH0_KN736l_4M9If49bCzBxTHzumo2s5kq_vSmnGzN71fFKhQlqRsYqbRtMGh-_Z3MHK1iu3eQ",
            "source": "Livescience.com",
            "source_icon": "https://encrypted-tbn2.gstatic.com/faviconV2?url=https://www.livescience.com&client=NEWS_360&size=96&type=FAVICON&fallback_opts=TYPE,SIZE,URL",
            "title": "Giant 'rogue waves' of invisible matter might be disrupting the orbits of stars, new study hints"
        },
        {
            "link": "https://news.google.com/articles/CBMigQFodHRwczovL3d3dy5saXZlc2NpZW5jZS5jb20vcGxhbmV0LWVhcnRoL3ZvbGNhbm9zL2VhcnRoLWZyb20tc3BhY2UtbWFqZXN0aWMteWluLXlhbmctY3JhdGVyLXNpdHMtYXRvcC1hLWRvcm1hbnQtdm9sY2Fuby1pbi10dXJrZXnSAQA?hl=en-US&gl=US&ceid=US%3Aen",
            "og": "https://encrypted-tbn2.gstatic.com/images?q=tbn:ANd9GcQ4YTcNy7zKQimZGKZaXL_OMNctdNZ0vXXq8_VF7Uesk8lyX96iKC0PCQ8eG7EUZPxG71aR0_m-4n6sVDWaJAgufya_",
            "source": "Livescience.com",
            "source_icon": "https://encrypted-tbn2.gstatic.com/faviconV2?url=https://www.livescience.com&client=NEWS_360&size=96&type=FAVICON&fallback_opts=TYPE,SIZE,URL",
            "title": "Earth from space: Majestic 'yin-yang' crater sits atop a dormant volcano in Turkey"
        },
        {
            "link": "https://news.google.com/articles/CBMiWWh0dHBzOi8vd3d3LmNocm9uLmNvbS9uZXdzL3NwYWNlL2FydGljbGUvZW5vcm1vdXMtYXN0ZXJvaWQtZGVzdHJ1Y3Rpb24tZWFydGgtMTk0NTQ3NDUucGhw0gEA?hl=en-US&gl=US&ceid=US%3Aen",
            "og": "https://encrypted-tbn2.gstatic.com/images?q=tbn:ANd9GcRG6TRPDHS3nTqZ8L3li92dC9Ma0yJnyF4O5xPi6nRNSb12u7OMN51t239YeJ2QscJwwyGAiQgmPqCwVYicfLuzd2t48Pbnj1KDVcBHqGXCX731hw",
            "source": "Chron",
            "source_icon": "https://encrypted-tbn3.gstatic.com/faviconV2?url=https://www.chron.com&client=NEWS_360&size=96&type=FAVICON&fallback_opts=TYPE,SIZE,URL",
            "title": "Enormous 'God of Destruction' asteroid on its way to Earth"
        },
        {
            "link": "https://news.google.com/articles/CBMiZGh0dHBzOi8vd3d3LmlmbHNjaWVuY2UuY29tL2V1cm9wZXMtYXJpYW5lLTYtcm9ja2V0LWlzLWFib3V0LXRvLWxhdW5jaC1oZXJlcy13aHktaXRzLWEtYmlnLWRlYWwtNzQxNDfSAQA?hl=en-US&gl=US&ceid=US%3Aen",
            "og": "https://encrypted-tbn2.gstatic.com/images?q=tbn:ANd9GcRARsRJEZy6MSYkyCHmBYdXSQH0REqLuSPSQ9iHHVc4j3sJ2JoU60LAb78o3S7hjL7Rm_UlXnBJjpJd8RMFU5lbWYlZC14qZZPj-eH5oIDcipEKww",
            "source": "IFLScience",
            "source_icon": "https://encrypted-tbn0.gstatic.com/faviconV2?url=https://www.iflscience.com&client=NEWS_360&size=96&type=FAVICON&fallback_opts=TYPE,SIZE,URL",
            "title": "Europe's Ariane 6 Rocket Is About To Launch – Here's Why It's A Big Deal"
        },
        {
            "link": "https://news.google.com/articles/CBMiWGh0dHBzOi8vd3d3LnF1YW50YW1hZ2F6aW5lLm9yZy9ob3ctaWRsZS1lZ2ctY2VsbHMtZGVmZW5kLXRoZWlyLWRuYS1mcm9tLWRhbWFnZS0yMDI0MDUxMy_SAQA?hl=en-US&gl=US&ceid=US%3Aen",
            "og": "https://encrypted-tbn1.gstatic.com/images?q=tbn:ANd9GcRkgeKHaZ6fPfARCGuhJbeh6sVGsSawO0pXVmG4j_6DPWBWU5AJWzdSPIQwkn9pOM8",
            "source": "Quanta Magazine",
            "source_icon": "https://encrypted-tbn1.gstatic.com/faviconV2?url=https://www.quantamagazine.org&client=NEWS_360&size=96&type=FAVICON&fallback_opts=TYPE,SIZE,URL",
            "title": "How ‘Idle’ Egg Cells Defend Their DNA From Damage"
        },
        {
            "link": "https://news.google.com/articles/CBMiW2h0dHBzOi8vd3d3LnVuaXZlcnNldG9kYXkuY29tLzE2Njk0MC9zcGFjZXgtc2hvd3Mtb2ZmLWl0cy1uZXctZXh0cmF2ZWhpY3VsYXItYWN0aXZpdHktc3VpdC_SAQA?hl=en-US&gl=US&ceid=US%3Aen",
            "og": "https://encrypted-tbn1.gstatic.com/images?q=tbn:ANd9GcQzT56obSSAdw0m8jh7_HIB5lrGDnmsJSf2PS54ujarZXkwkP-L9Oz-HGWSPO3kgq8aFj3Bmp3XIxDxIrtM4nAJVlUnt3tyghphdm-BDKFKWPZ0HQ",
            "source": "Universe Today",
            "source_icon": "https://encrypted-tbn2.gstatic.com/faviconV2?url=https://www.universetoday.com&client=NEWS_360&size=96&type=FAVICON&fallback_opts=TYPE,SIZE,URL",
            "title": "SpaceX Shows Off Its New Extravehicular Activity Suit"
        },
        {
            "link": "https://news.google.com/articles/CBMiNmh0dHBzOi8vbmV1cm9zY2llbmNlbmV3cy5jb20vcmV2ZW5nZS1wc3ljaG9sb2d5LTI2MDk3L9IBAA?hl=en-US&gl=US&ceid=US%3Aen",
            "og": "https://encrypted-tbn3.gstatic.com/images?q=tbn:ANd9GcRHhK0N0NfnAX5f5l-zHN8n7GdY4SraiDHZy5vKZdOpq9za2pKtLy7WK08rkfx415U1LktadRhiamxUK061G5R4i8JfFmv94KHerd9w1NyXvXsHKQ",
            "source": "Neuroscience News",
            "source_icon": "https://encrypted-tbn2.gstatic.com/faviconV2?url=https://neurosciencenews.com&client=NEWS_360&size=96&type=FAVICON&fallback_opts=TYPE,SIZE,URL",
            "title": "Does Revenge Taste Sweet? New Study Challenges Assumptions"
        },
        {
            "link": "https://news.google.com/articles/CBMiYWh0dHBzOi8vd3d3LnRoZW5ld3MuY29tLnBrL2xhdGVzdC8xMTg4NjA0LW5hc2EtcmV2ZWFscy1yb2NrZXQtdGhhdC1jYW4tdHJhdmVsLXRvLW1hcnMtaW4tMi1tb250aHPSAV5odHRwczovL3d3dy50aGVuZXdzLmNvbS5way9hbXAvMTE4ODYwNC1uYXNhLXJldmVhbHMtcm9ja2V0LXRoYXQtY2FuLXRyYXZlbC10by1tYXJzLWluLTItbW9udGhz?hl=en-US&gl=US&ceid=US%3Aen",
            "og": "https://encrypted-tbn2.gstatic.com/images?q=tbn:ANd9GcR79xEBDMlQjtZQBJw55sM3IOhWx5mMgx7f3dF0nEt5S7gb3udbTHH8EdWqEKvDws6Ru1VEdk6g7PADsJU38yVJC0mnYL6dx7Q4AzQH9XUESB3HiA",
            "source": "The News International",
            "source_icon": "https://encrypted-tbn3.gstatic.com/faviconV2?url=https://www.thenews.com.pk&client=NEWS_360&size=96&type=FAVICON&fallback_opts=TYPE,SIZE,URL",
            "title": "Nasa reveals rocket that can travel to Mars in 2 months"
        },
        {
            "link": "https://news.google.com/articles/CBMiQWh0dHBzOi8vcGh5cy5vcmcvbmV3cy8yMDI0LTA1LXNjaWVudGlzdHMtdW5yYXZlbC1saWZlLWNvc21pYy5odG1s0gFAaHR0cHM6Ly9waHlzLm9yZy9uZXdzLzIwMjQtMDUtc2NpZW50aXN0cy11bnJhdmVsLWxpZmUtY29zbWljLmFtcA?hl=en-US&gl=US&ceid=US%3Aen",
            "og": "https://encrypted-tbn1.gstatic.com/images?q=tbn:ANd9GcSi7wsVT3LTJpqmGuKijyIUs8tk7ans3aJ1K-VHkJF-o-wC0jyGSlmg1CUfB4HuDO2L0BehSC8jIq_ka3-dyEB5_DKRVkGHnksSbCBQk89X3yHnJQ",
            "source": "Phys.org",
            "source_icon": "https://encrypted-tbn2.gstatic.com/faviconV2?url=https://phys.org&client=NEWS_360&size=96&type=FAVICON&fallback_opts=TYPE,SIZE,URL",
            "title": "Scientists help unravel life's cosmic beginnings"
        },
        {
            "link": "https://news.google.com/articles/CBMiYmh0dHBzOi8vd3d3LmlmbHNjaWVuY2UuY29tL3doYXQtZHItdmVyYS1ydWJpbi1zYXctaW4tc3BpcmFsLWdhbGF4aWVzLWNoYW5nZWQtcGh5c2ljcy1mb3JldmVyLTc0MTgx0gEA?hl=en-US&gl=US&ceid=US%3Aen",
            "og": "https://encrypted-tbn0.gstatic.com/images?q=tbn:ANd9GcTaNS9d5ZSWkRfCSxQnclmf09izJxAF6bAzPBxjWMLH-jMeqwFVuhdRcvxFc584iECPhFIgODvG-dnm3lPo6o-mO28VAP8bGeCvXAuEChyCqqeofw",
            "source": "IFLScience",
            "source_icon": "https://encrypted-tbn0.gstatic.com/faviconV2?url=https://www.iflscience.com&client=NEWS_360&size=96&type=FAVICON&fallback_opts=TYPE,SIZE,URL",
            "title": "What Dr Vera Rubin Saw In Spiral Galaxies Changed Physics Forever"
        },
        {
            "link": "https://news.google.com/articles/CBMidWh0dHBzOi8vc2NpdGVjaGRhaWx5LmNvbS9xdWFudHVtLW15c3Rlcnktc29sdmVkLXNjaWVudGlzdHMtc2hlZC1saWdodC1vbi1wZXJwbGV4aW5nLWhpZ2gtdGVtcGVyYXR1cmUtc3VwZXJjb25kdWN0b3JzL9IBAA?hl=en-US&gl=US&ceid=US%3Aen",
            "og": "https://encrypted-tbn3.gstatic.com/images?q=tbn:ANd9GcQO812osyHe22Qn-ij2pBw0pgDZEJg3N2KNzo_b4UCLmNVU8tjahenSSiNgZMmNg4B3msaG-Z2q6Dh_78rThMv7Unrvj1j-3AzHggtUFXQROwUM5A",
            "source": "SciTechDaily",
            "source_icon": "https://encrypted-tbn2.gstatic.com/faviconV2?url=https://scitechdaily.com&client=NEWS_360&size=96&type=FAVICON&fallback_opts=TYPE,SIZE,URL",
            "title": "Quantum Mystery Solved – Scientists Shed Light on Perplexing High-Temperature Superconductors"
        },
        {
            "link": "https://news.google.com/articles/CBMiUGh0dHBzOi8vaW50ZXJlc3RpbmdlbmdpbmVlcmluZy5jb20vaW5ub3ZhdGlvbi90cmFuc3BhcmVudC1nbGFzcy1iYW1ib28tZmlyZXByb29m0gEA?hl=en-US&gl=US&ceid=US%3Aen",
            "og": "https://encrypted-tbn1.gstatic.com/images?q=tbn:ANd9GcSFMI0xSzjae9VKji2gY__YvjBVyyHH0WYt9BdbREfQth_kxnmNUUlQ-vTRDGIAmu0sKtznO-2yYzA7npJpyYJxJtN6DxjmxUdte1DmcT58A5DoFw",
            "source": "Interesting Engineering",
            "source_icon": "https://encrypted-tbn3.gstatic.com/faviconV2?url=https://interestingengineering.com&client=NEWS_360&size=96&type=FAVICON&fallback_opts=TYPE,SIZE,URL",
            "title": "Scientists use bamboo to create transparent glass with fireproof power"
        },
        {
            "link": "https://news.google.com/articles/CBMiWWh0dHBzOi8vd3d3Lm5ld3Nlci5jb20vc3RvcnkvMzQ5OTY1L21heWFuLWludGVyY3JvcHBpbmctY291bGQtYmUta2V5LXRvLWZvb2Qtb24tbWFycy5odG1s0gEA?hl=en-US&gl=US&ceid=US%3Aen",
            "og": "https://encrypted-tbn2.gstatic.com/images?q=tbn:ANd9GcSZSrzYxeIBLZWWRuSjstfjF9zFejNXj57us1s3b5fci0iiQH6kOzGc_IERk_PUoxc",
            "source": "Newser",
            "source_icon": "https://encrypted-tbn2.gstatic.com/faviconV2?url=https://www.newser.com&client=NEWS_360&size=96&type=FAVICON&fallback_opts=TYPE,SIZE,URL",
            "title": "Mayan Intercropping Could Be Key to Food on Mars"
        },
        {
            "link": "https://news.google.com/articles/CBMiUmh0dHBzOi8vd3d3LnNlYXR0bGV0aW1lcy5jb20vbmF0aW9uLXdvcmxkL3dhcy10aGUtc3RvbmUtYWdlLWFjdHVhbGx5LXRoZS13b29kLWFnZS_SAQA?hl=en-US&gl=US&ceid=US%3Aen",
            "og": "https://encrypted-tbn1.gstatic.com/images?q=tbn:ANd9GcTvPrTo6InOhH8XUtgHWsN4lJH6Pf4IquRApuiDhjPjscnm2BZ71r4gk6i9cxBIvf6ZBhMxSocklp8eIsaHM59t4JeyuGIF8dnsGVhJaSjWDSKnsA",
            "source": "The Seattle Times",
            "source_icon": "https://encrypted-tbn1.gstatic.com/faviconV2?url=https://www.seattletimes.com&client=NEWS_360&size=96&type=FAVICON&fallback_opts=TYPE,SIZE,URL",
            "title": "Was the Stone Age actually the Wood Age?"
        },
        {
            "link": "https://news.google.com/articles/CBMiYWh0dHBzOi8vc2NpdGVjaGRhaWx5LmNvbS90aGUtY3JhdG9uLWVuaWdtYS1zY2llbnRpc3RzLXByb3Bvc2UtYS1uZXctY29udGluZW50YWwtZm9ybWF0aW9uLXRoZW9yeS_SAQA?hl=en-US&gl=US&ceid=US%3Aen",
            "og": "https://encrypted-tbn1.gstatic.com/images?q=tbn:ANd9GcQKhgIXPQMfZn4UVBQmrOrwevdRvrX0HhEttYtvD3pnc1xg1urhu7g8yMzmP4PBqeu2mIAUTg1wz_3TUXS00ttjsC3hXTPI0bS9kKRBJsCLRsMJaQ",
            "source": "SciTechDaily",
            "source_icon": "https://encrypted-tbn2.gstatic.com/faviconV2?url=https://scitechdaily.com&client=NEWS_360&size=96&type=FAVICON&fallback_opts=TYPE,SIZE,URL",
            "title": "The Craton Enigma: Scientists Propose a New Continental Formation Theory"
        },
        {
            "link": "https://news.google.com/articles/CBMipQFodHRwczovL3d3dy5kYWlseW1haWwuY28udWsvc2NpZW5jZXRlY2gvYXJ0aWNsZS0xMzQxMzExMy9OZXctY2hpbmNoaWxsYS1saWtlLW1hbW1hbC1kaXNjb3ZlcmVkLUNvbG9yYWRvLXByb3ZpZGVzLW5ldy1jbHVlcy1saWZlLWJvdW5jZWQtYXN0ZXJvaWQtd2lwZWQtZGlub3NhdXJzLmh0bWzSAakBaHR0cHM6Ly93d3cuZGFpbHltYWlsLmNvLnVrL3NjaWVuY2V0ZWNoL2FydGljbGUtMTM0MTMxMTMvYW1wL05ldy1jaGluY2hpbGxhLWxpa2UtbWFtbWFsLWRpc2NvdmVyZWQtQ29sb3JhZG8tcHJvdmlkZXMtbmV3LWNsdWVzLWxpZmUtYm91bmNlZC1hc3Rlcm9pZC13aXBlZC1kaW5vc2F1cnMuaHRtbA?hl=en-US&gl=US&ceid=US%3Aen",
            "og": "https://encrypted-tbn0.gstatic.com/images?q=tbn:ANd9GcQGlZrZTIA8Vj5_R-V0q_4wAZnaO5eKCR_zOJq83dTo1vHxeNYujwQabC6NxDN9AdXR4aIz_wZTF39opl8SHaVPeRDJyShQ8J0DYezM8_y5_Q8CLw",
            "source": "Daily Mail",
            "source_icon": "https://encrypted-tbn1.gstatic.com/faviconV2?url=https://www.dailymail.co.uk&client=NEWS_360&size=96&type=FAVICON&fallback_opts=TYPE,SIZE,URL",
            "title": "New chinchilla-like mammal discovered in Colorado provides new clues about how life bounced back after asteroi"
        },
        {
            "link": "https://news.google.com/articles/CBMiPWh0dHBzOi8vd3d3LmdlYXJwYXRyb2wuY29tL3dhdGNoZXMvZm9ydGlzLW5vdm9uYXV0LWFtYWRlZS0yNC_SAQA?hl=en-US&gl=US&ceid=US%3Aen",
            "og": "https://encrypted-tbn3.gstatic.com/images?q=tbn:ANd9GcRhH3u_2KEOfs3pb67fuJogswHtn4rNOJ-imPUqqlfuigqdIwHx_yq4I6BhDGi_VOdnQLvuBgrmHUVi1KIUwbi0-BrjzjZPeoXJeBPiUZC7vFjJDw",
            "source": "Gear Patrol",
            "source_icon": "https://encrypted-tbn1.gstatic.com/faviconV2?url=https://www.gearpatrol.com&client=NEWS_360&size=96&type=FAVICON&fallback_opts=TYPE,SIZE,URL",
            "title": "This Watch Was Designed to Go to Mars. It's Not What You Think"
        },
        {
            "link": "https://news.google.com/articles/CBMiQ2h0dHBzOi8vd3d3LnNwYWNlLmNvbS9hdG9tLXRyYW5zZm9ybXMtaW50by1xdWFudHVtLXdhdmUtc2Nocm9kaW5nZXLSAQA?hl=en-US&gl=US&ceid=US%3Aen",
            "og": "https://encrypted-tbn3.gstatic.com/images?q=tbn:ANd9GcR_Lyy7AsJs9k9l9Mjq40cdbz3a7beSnVGbecpkamyVYNcUNT3WlW1cEYbQrdaSgRDs1fntmIz7zNWC47hMY6nqW8P0",
            "source": "Space.com",
            "source_icon": "https://encrypted-tbn2.gstatic.com/faviconV2?url=https://www.space.com&client=NEWS_360&size=96&type=FAVICON&fallback_opts=TYPE,SIZE,URL",
            "title": "Stunning image shows atoms transforming into quantum waves — just as Schrödinger predicted"
        },
        {
            "link": "https://news.google.com/articles/CBMiU2h0dHBzOi8vd3d3LnVuaXZlcnNldG9kYXkuY29tLzE2Njk3MC90aGVzZS1yb2Nrcy1mb3JtZWQtaW4tYW4tYW5jaWVudC1sYWtlLW9uLW1hcnMv0gEA?hl=en-US&gl=US&ceid=US%3Aen",
            "og": "https://encrypted-tbn2.gstatic.com/images?q=tbn:ANd9GcRP-PwU38_qeC2_PkzUqWOeBFSEpD5YnUaB6qkUTyq90Js7uvkH4pPtJpSjkFv7oBs6vbZgwPotGWCmvq7JcCegtXwZM0nImOEnskrOZcRXbauDmg",
            "source": "Universe Today",
            "source_icon": "https://encrypted-tbn2.gstatic.com/faviconV2?url=https://www.universetoday.com&client=NEWS_360&size=96&type=FAVICON&fallback_opts=TYPE,SIZE,URL",
            "title": "These Rocks Formed in an Ancient Lake on Mars"
        },
        {
            "link": "https://news.google.com/articles/CBMiXmh0dHBzOi8vaGFja2FkYXkuY29tLzIwMjQvMDUvMTIvaXJjYi1zNzMtNy1zYXRlbGxpdGUtZm91bmQtYWZ0ZXItZ29pbmctdW50cmFja2VkLWZvci0yNS15ZWFycy_SAQA?hl=en-US&gl=US&ceid=US%3Aen",
            "og": "https://encrypted-tbn1.gstatic.com/images?q=tbn:ANd9GcRojyHzAXzCdR-jtVo6JPqkpqTj8hMPmD12YrhLV-dJXsUHpSVBWKlWaQj12Yeng1PAe43z7LiNUw7rk2v19so7VvNKNut63wh7i9v8NAePkn8Xgw",
            "source": "Hackaday",
            "source_icon": "https://encrypted-tbn2.gstatic.com/faviconV2?url=https://hackaday.com&client=NEWS_360&size=96&type=FAVICON&fallback_opts=TYPE,SIZE,URL",
            "title": "IRCB S73-7 Satellite Found After Going Untracked For 25 Years"
        },
        {
            "link": "https://news.google.com/articles/CBMiSWh0dHBzOi8vcGh5cy5vcmcvbmV3cy8yMDI0LTA1LXNjaWVudGlzdHMtaHVnZS1tYWduZXRpYy10b3JvaWRzLW1pbGt5Lmh0bWzSAUhodHRwczovL3BoeXMub3JnL25ld3MvMjAyNC0wNS1zY2llbnRpc3RzLWh1Z2UtbWFnbmV0aWMtdG9yb2lkcy1taWxreS5hbXA?hl=en-US&gl=US&ceid=US%3Aen",
            "og": "https://encrypted-tbn2.gstatic.com/images?q=tbn:ANd9GcSOPx54QWJ6zM1nwAcu_q69WuFNIFQDhvAUA8K_UGrXSlZ46JCNRhUHh2TLWOGkjopucNaBMTYtDiHc4MjviG89l7aELl3Bp0KHLq_TSJFgA1_l4g",
            "source": "Phys.org",
            "source_icon": "https://encrypted-tbn2.gstatic.com/faviconV2?url=https://phys.org&client=NEWS_360&size=96&type=FAVICON&fallback_opts=TYPE,SIZE,URL",
            "title": "Scientists discover huge magnetic toroids in the Milky Way halo"
        },
        {
            "link": "https://news.google.com/articles/CBMiPWh0dHBzOi8vcGh5cy5vcmcvbmV3cy8yMDI0LTA1LWVsZWN0cm9uLXZvcnRpY2VzLWdyYXBoZW5lLmh0bWzSATxodHRwczovL3BoeXMub3JnL25ld3MvMjAyNC0wNS1lbGVjdHJvbi12b3J0aWNlcy1ncmFwaGVuZS5hbXA?hl=en-US&gl=US&ceid=US%3Aen",
            "og": "https://encrypted-tbn0.gstatic.com/images?q=tbn:ANd9GcS-vhjTcZzArUU-o7enL0YUm-Ocwb3A8ZKYqoqydpZJq_aWzhPdHazOkl7P7lwoHvWRGkXYVeHmS4ZE2I86mv8fgifm_Kduh_H5JVSPxD6sXRAMFA",
            "source": "Phys.org",
            "source_icon": "https://encrypted-tbn2.gstatic.com/faviconV2?url=https://phys.org&client=NEWS_360&size=96&type=FAVICON&fallback_opts=TYPE,SIZE,URL",
            "title": "Electron vortices in graphene detected for the first time"
        },
        {
            "link": "https://news.google.com/articles/CBMiW2h0dHBzOi8vaGFja2FkYXkuY29tLzIwMjQvMDUvMTMveW91dmUtcHJvYmFibHktbmV2ZXItY29uc2lkZXJlZC10YWtpbmctYW4tYWlyc2hpcC10by1vcmJpdC_SAQA?hl=en-US&gl=US&ceid=US%3Aen",
            "og": "https://encrypted-tbn2.gstatic.com/images?q=tbn:ANd9GcRQKwymChydQNT0AwYPT-Mqna_Wo2s_-IvKMRdVC8wHitgEYW6MdbfQRctb9KGnXpCjhTUn0Uku0hGWJNFAj-1DFjXLRDWWaJz4ocK0Rl1_Jnvjvw",
            "source": "Hackaday",
            "source_icon": "https://encrypted-tbn2.gstatic.com/faviconV2?url=https://hackaday.com&client=NEWS_360&size=96&type=FAVICON&fallback_opts=TYPE,SIZE,URL",
            "title": "You've Probably Never Considered Taking An Airship To Orbit"
        },
        {
            "link": "https://news.google.com/articles/CBMiamh0dHBzOi8vdGhlZGVicmllZi5vcmcvc3Rhci13YXJzLXRhdG9vaW5lLXN0eWxlLXBsYW5ldC13aXRoLXR3by1zdW5zLWZvdW5kLW9yYml0aW5nLWluLXRoZS1oYWJpdGFibGUtem9uZS_SAQA?hl=en-US&gl=US&ceid=US%3Aen",
            "og": "https://encrypted-tbn2.gstatic.com/images?q=tbn:ANd9GcSEsanLhhL4tY9nO89razT6T5yoffd7e8Dl5BgG32hXiSS-glNj3-pjowUrIYbmb9EdIs8fkvLPUdJI81tQC2J8wHho9I6Z5kEryRRflVq415B4SA",
            "source": "The Debrief",
            "source_icon": "https://encrypted-tbn2.gstatic.com/faviconV2?url=https://thedebrief.org&client=NEWS_360&size=96&type=FAVICON&fallback_opts=TYPE,SIZE,URL",
            "title": "Star Wars Tatooine-Style Planet with Two Suns Found Orbiting in the Habitable Zone"
        },
        {
            "link": "https://news.google.com/articles/CBMiPGh0dHBzOi8vd3d3LmJsb29tYmVyZy5jb20vZmVhdHVyZXMvMjAyNC1tb29uLXJhY2UtZXhwbGFpbmVkL9IBAA?hl=en-US&gl=US&ceid=US%3Aen",
            "og": "https://encrypted-tbn1.gstatic.com/images?q=tbn:ANd9GcRyfNobPs3bfokMpbTnrTD4uR4POaBhpj4v_a-u_tuL2v0hVAaN1mK4hyzm7Q-4z5I",
            "source": "Bloomberg",
            "source_icon": "https://encrypted-tbn1.gstatic.com/faviconV2?url=https://www.bloomberg.com&client=NEWS_360&size=96&type=FAVICON&fallback_opts=TYPE,SIZE,URL",
            "title": "Why the World Wants to Get Back to the Moon"
        },
        {
            "link": "https://news.google.com/articles/CBMiOWh0dHBzOi8vd3d3LnluZXRuZXdzLmNvbS9oZWFsdGhfc2NpZW5jZS9hcnRpY2xlL2hqOHp1dDE3ctIBAA?hl=en-US&gl=US&ceid=US%3Aen",
            "og": "https://encrypted-tbn0.gstatic.com/images?q=tbn:ANd9GcST953GD3gV9jMjkofSFfxy-1o2GGLeHdgLc31ahZyf-MGn4LhE_v08AbwgIMKHNd_kvfYFH1_rbWcTIJ7GexEQ",
            "source": "Ynetnews",
            "source_icon": "https://encrypted-tbn1.gstatic.com/faviconV2?url=https://www.ynetnews.com&client=NEWS_360&size=96&type=FAVICON&fallback_opts=TYPE,SIZE,URL",
            "title": "European Space Agency refuses to name Israeli in sensational discovery"
        },
        {
            "link": "https://news.google.com/articles/CBMid2h0dHBzOi8vd3d3LnNhbG9uLmNvbS8yMDI0LzA1LzEzL2lzLW1vc3QtdG8tZm9yLWNsaW1hdGUtY2hhbmdlLXJlZ2FyZGxlc3Mtb2YtdGhlLWFuc3dlci1nbG9iYWwtY29vcGVyYXRpb24taXMtY3JpdGljYWwv0gEA?hl=en-US&gl=US&ceid=US%3Aen",
            "og": "https://encrypted-tbn1.gstatic.com/images?q=tbn:ANd9GcTej6LrxCg7ZkIXJL4no_viBRBZ7mprYPcgGq4wj0LJqn4dtaJSbCL0_lpDW964G98cAmRJDLtHCG-RKpxwiGQjn7S_J1KeB6wt5o_AdWyqoxqEew",
            "source": "Salon",
            "source_icon": "https://encrypted-tbn1.gstatic.com/faviconV2?url=https://www.salon.com&client=NEWS_360&size=96&type=FAVICON&fallback_opts=TYPE,SIZE,URL",
            "title": "Who is most to blame for climate change? Regardless of the answer, global cooperation is critical"
        },
        {
            "link": "https://news.google.com/articles/CBMiQ2h0dHBzOi8vd3d3Lm5ld3NuYXRpb25ub3cuY29tL3NjaWVuY2UvZWFydGgtcGxhdGUtdGVjdG9uaWNzLXRoZW9yeS_SAUdodHRwczovL3d3dy5uZXdzbmF0aW9ubm93LmNvbS9zY2llbmNlL2VhcnRoLXBsYXRlLXRlY3Rvbmljcy10aGVvcnkvYW1wLw?hl=en-US&gl=US&ceid=US%3Aen",
            "og": "https://encrypted-tbn1.gstatic.com/images?q=tbn:ANd9GcQdnT7NVr_O07xpqf0mdvEaziADtzZnGkWIMFqJF2YWdxrCuktnySwNak8ycJEl9BJYLUEJWM-8a1-BTD4kjteS4IRVUHc66bMUMNX8",
            "source": "NewsNation Now",
            "source_icon": "https://encrypted-tbn2.gstatic.com/faviconV2?url=https://www.newsnationnow.com&client=NEWS_360&size=96&type=FAVICON&fallback_opts=TYPE,SIZE,URL",
            "title": "Scientists offer new theory on the origin of plate tectonics"
        },
        {
            "link": "https://news.google.com/articles/CBMiiwFodHRwczovL3d3dy5saXZlc2NpZW5jZS5jb20vdGVjaG5vbG9neS9hcnRpZmljaWFsLWludGVsbGlnZW5jZS9taXQtZ2l2ZXMtYWktdGhlLXBvd2VyLXRvLXJlYXNvbi1saWtlLWh1bWFucy1ieS1jcmVhdGluZy1oeWJyaWQtYXJjaGl0ZWN0dXJl0gEA?hl=en-US&gl=US&ceid=US%3Aen",
            "og": "https://encrypted-tbn3.gstatic.com/images?q=tbn:ANd9GcSDAjrJNvGCS2TlQPHec9ugEfWK5IgZwLiFreXAVC95w1bbsvS6BLqM5nFYI4pG6UexQjRFFyeG_wFHuYre8FTTtpJgObW08HNnxTl6UIzRB82YHg",
            "source": "Livescience.com",
            "source_icon": "https://encrypted-tbn2.gstatic.com/faviconV2?url=https://www.livescience.com&client=NEWS_360&size=96&type=FAVICON&fallback_opts=TYPE,SIZE,URL",
            "title": "MIT gives AI the power to 'reason like humans' by creating hybrid architecture"
        },
        {
            "link": "https://news.google.com/articles/CBMiXWh0dHBzOi8vc2NpdGVjaGRhaWx5LmNvbS9xdWFudHVtLWJyZWFrdGhyb3VnaC1hcy1taXQtYWNoaWV2ZXMtdW5wcmVjZWRlbnRlZC1hdG9taWMtcHJveGltaXR5L9IBAA?hl=en-US&gl=US&ceid=US%3Aen",
            "og": "https://encrypted-tbn1.gstatic.com/images?q=tbn:ANd9GcQ0NTYzKqsjX-y-SQZEo9vZ7ymYLsDuU-JRt_r2O8fNME96WelOrVwk9Qel6UPgBc4PEE3j6ReyLYA4zlQo3OQRi3RDRiYxWDDFCdhaGXhUUASYVQ",
            "source": "SciTechDaily",
            "source_icon": "https://encrypted-tbn2.gstatic.com/faviconV2?url=https://scitechdaily.com&client=NEWS_360&size=96&type=FAVICON&fallback_opts=TYPE,SIZE,URL",
            "title": "Quantum Breakthrough As MIT Achieves Unprecedented Atomic Proximity"
        },
        {
            "link": "https://news.google.com/articles/CBMiO2h0dHBzOi8vd3d3LnRoZXJlZ2lzdGVyLmNvbS8yMDI0LzA1LzEzL3Rvb3RoX3JlZ3Jvd3RoX2RydWcv0gE_aHR0cHM6Ly93d3cudGhlcmVnaXN0ZXIuY29tL0FNUC8yMDI0LzA1LzEzL3Rvb3RoX3JlZ3Jvd3RoX2RydWcv?hl=en-US&gl=US&ceid=US%3Aen",
            "og": "https://encrypted-tbn1.gstatic.com/images?q=tbn:ANd9GcRYHZiM90m7Vi3xlkJDvMjS4Vzz9kOh8GYVaVpA_Ly53dqbLHUZ4Eayofm34293aH0",
            "source": "The Register",
            "source_icon": "https://encrypted-tbn1.gstatic.com/faviconV2?url=https://www.theregister.com&client=NEWS_360&size=96&type=FAVICON&fallback_opts=TYPE,SIZE,URL",
            "title": "Japanese scientists propose drug to regrow teeth, promise trials won't bite"
        },
        {
            "link": "https://news.google.com/articles/CBMiT2h0dHBzOi8vd3d3LmhvbWVzYW5kZ2FyZGVucy5jb20vZ2FyZGVucy9ob3ctdG8tdHJhaW4tYW5kLXRpZS1pbi13aXN0ZXJpYS1zaG9vdHPSAQA?hl=en-US&gl=US&ceid=US%3Aen",
            "og": "https://encrypted-tbn3.gstatic.com/images?q=tbn:ANd9GcREgGJH7ywx0DDuWTzaEgpUxZSJDmnPVDIjZLNSiHkgZLQtjzxYoJgLAyaCMAFsynNUh5Ayncaj6d_dBR8mABF12vkqwgChxOsR8bUakzOMQSnVjA",
            "source": "Homes & Gardens",
            "source_icon": "https://encrypted-tbn2.gstatic.com/faviconV2?url=https://www.homesandgardens.com&client=NEWS_360&size=96&type=FAVICON&fallback_opts=TYPE,SIZE,URL",
            "title": "How to train and tie in wisteria shoots – expert advice for this sweet-smelling vine"
        },
        {
            "link": "https://news.google.com/articles/CBMiXGh0dHBzOi8vYXJzdGVjaG5pY2EuY29tL3NjaWVuY2UvMjAyNC8wNS9tb25zdGVyLWdhbGFjdGljLW91dGZsb3ctcG93ZXJlZC1ieS1leHBsb2Rpbmctc3RhcnMv0gEA?hl=en-US&gl=US&ceid=US%3Aen",
            "og": "https://encrypted-tbn1.gstatic.com/images?q=tbn:ANd9GcRco7rl0o9TxT8_ch6xpM9PRWXS6SyXa4UlQX95dPbPzAvZrkPN5cLPIY_Se1xu4TQIcCeYNm6R6kScf0Smv1E8H68KPy8YxqaSDgq9cC1iD_zGEg",
            "source": "Ars Technica",
            "source_icon": "https://encrypted-tbn0.gstatic.com/faviconV2?url=https://arstechnica.com&client=NEWS_360&size=96&type=FAVICON&fallback_opts=TYPE,SIZE,URL",
            "title": "Monster galactic outflow powered by exploding stars"
        },
        {
            "link": "https://news.google.com/articles/CBMiP2h0dHBzOi8vZWFydGhza3kub3JnL3NwYWNlL3JhcmUtbmV1dHJpbm9zLWRldGVjdGVkLWljZWN1YmUtdGF1L9IBAA?hl=en-US&gl=US&ceid=US%3Aen",
            "og": "https://encrypted-tbn0.gstatic.com/images?q=tbn:ANd9GcRKyiVPwi6P2cGruVGjUqmEEGJHeqIESmaKEAWIVBmEnVs58r1hHANnZAfg_Lgl5rI0Jg3C54K56GeNSz0_0bY9vzpiLp7tIeR71jlnKXjOk2bZ8g",
            "source": "EarthSky",
            "source_icon": "https://encrypted-tbn0.gstatic.com/faviconV2?url=https://earthsky.org&client=NEWS_360&size=96&type=FAVICON&fallback_opts=TYPE,SIZE,URL",
            "title": "Rare neutrinos detected from under Antarctic ice"
        },
        {
            "link": "https://news.google.com/articles/CBMiX2h0dHBzOi8vd3d3LnNjaWVuY2VhbGVydC5jb20vcGh5c2ljaXN0cy1kZXRlY3QtaGludHMtb2YtYS1teXN0ZXJpb3VzLXBhcnRpY2xlLWNhbGxlZC1hLWdsdWViYWxs0gEA?hl=en-US&gl=US&ceid=US%3Aen",
            "og": "https://encrypted-tbn3.gstatic.com/images?q=tbn:ANd9GcRX7a290dLN1ppPc0ixC90STyjQo5poEduL02yjq82MAp5e5RW4iQbqNVsSoOJa3U2YY9Xnah13fwNDoA5sdyct7QXKqf5SkCaej_gH4zitkvWPhA",
            "source": "ScienceAlert",
            "source_icon": "https://encrypted-tbn2.gstatic.com/faviconV2?url=https://www.sciencealert.com&client=NEWS_360&size=96&type=FAVICON&fallback_opts=TYPE,SIZE,URL",
            "title": "Physicists Detect Hints of a Mysterious Particle Called a 'Glueball'"
        },
        {
            "link": "https://news.google.com/articles/CBMiTmh0dHBzOi8vdGhlcmVhZGVyLm1pdHByZXNzLm1pdC5lZHUvdGhlLWNvbGxhcHNlLWlzLWNvbWluZy13aWxsLWh1bWFuaXR5LWFkYXB0L9IBAA?hl=en-US&gl=US&ceid=US%3Aen",
            "og": "https://encrypted-tbn2.gstatic.com/images?q=tbn:ANd9GcTizO6cOXGVYi8ZhfbfEoraA2SjcE9o0GtfJbSS2OiC0p3_pdP4ZDqD1iZpe5ry6Q6uxzM-ep6cqETZ_vuftpzksYMMBNHreJgBbCM9BLSlqtCzeQ",
            "source": "The MIT Press Reader",
            "source_icon": "https://encrypted-tbn2.gstatic.com/faviconV2?url=https://thereader.mitpress.mit.edu&client=NEWS_360&size=96&type=FAVICON&fallback_opts=TYPE,SIZE,URL",
            "title": "The Collapse Is Coming. Will Humanity Adapt?"
        },
        {
            "link": "https://news.google.com/articles/CBMiZWh0dHBzOi8vd3d3LnNjaWVuY2VhbGVydC5jb20vYXN0cm9ub21lcnMtZmluYWxseS1zb2x2ZS1teXN0ZXJ5LW9mLXN0YXItdmlvbGVudGx5LWVydXB0aW5nLWZvci1kZWNhZGVz0gEA?hl=en-US&gl=US&ceid=US%3Aen",
            "og": "https://encrypted-tbn3.gstatic.com/images?q=tbn:ANd9GcQZK0wHjEvgSGydERveu0FD4a432ZI0kgzu_T-FJrIM4CMRxGGQcIBQ8I60sSMyPcahNygBJUe5W_e2eo4j_rSCPhGFQZxpNpc775mbal7SUgZxQw",
            "source": "ScienceAlert",
            "source_icon": "https://encrypted-tbn2.gstatic.com/faviconV2?url=https://www.sciencealert.com&client=NEWS_360&size=96&type=FAVICON&fallback_opts=TYPE,SIZE,URL",
            "title": "Astronomers Finally Solve Mystery of Star Violently Erupting For Decades"
        }
    ],
    "Sports": [
        {
            "link": "https://news.google.com/articles/CBMiWWh0dHBzOi8vd3d3LmVzcG4uY29tL25iYS9zdG9yeS9fL2lkLzQwMTQzMTYyL3RodW5kZXItcmFsbHktbWF2cy1maW5hbC1taW51dGVzLWV2ZW4tc2VyaWVz0gEA?hl=en-US&gl=US&ceid=US%3Aen",
            "og": "https://encrypted-tbn0.gstatic.com/images?q=tbn:ANd9GcQU3QFi3v3Xbslm06iPmWAD-IHmYie89ILeiBR8a5ud8pkVuNwfT0nOv3VFmPUJFlPJtxUp1ev5O7kBVhI6UthC",
            "source": "ESPN",
            "source_icon": "https://encrypted-tbn2.gstatic.com/faviconV2?url=https://www.espn.com&client=NEWS_360&size=96&type=FAVICON&fallback_opts=TYPE,SIZE,URL",
            "title": "Shai Gilgeous-Alexander rallies Thunder to Game 4 win vs. Mavs"
        },
        {
            "link": "https://news.google.com/articles/CBMiUmh0dHBzOi8vYXBuZXdzLmNvbS9hcnRpY2xlL2xlYnJvbi1qYW1lcy1jYXZhbGllcnMtMGFjN2E2Mjk1ZGQ5MmJiMmMzNTE2NzlmNGZhMjRmMWPSAQA?hl=en-US&gl=US&ceid=US%3Aen",
            "og": "https://encrypted-tbn1.gstatic.com/images?q=tbn:ANd9GcTvDXLP6AwugTtUbbGVHI1ipvyterVWzeHCsveqDXJzjjH1_5IBTELFjdWJJz1TKkZ0JY_MC1IE2jLBD3g0wCQiCNtb7yRLVUWiPdXWn7X6ZX-b9A",
            "source": "The Associated Press",
            "source_icon": "https://encrypted-tbn2.gstatic.com/faviconV2?url=https://apnews.com&client=NEWS_360&size=96&type=FAVICON&fallback_opts=TYPE,SIZE,URL",
            "title": "LeBron James attends Game 4 between Celtics and Cavaliers in Cleveland, his old stomping grounds"
        },
        {
            "link": "https://news.google.com/articles/CBMigQFodHRwczovL255cG9zdC5jb20vMjAyNC8wNS8xMy9waG90b3MvcGFtcGVyZWQtcG9vY2hlcy1hcnJpdmUtaW4tbnljLWZvci10aGUtMTQ4dGgtYW5udWFsLXdlc3RtaW5zdGVyLWtlbm5lbC1jbHViLWRvZy1zaG93LXBob3Rvcy_SAYUBaHR0cHM6Ly9ueXBvc3QuY29tLzIwMjQvMDUvMTMvcGhvdG9zL3BhbXBlcmVkLXBvb2NoZXMtYXJyaXZlLWluLW55Yy1mb3ItdGhlLTE0OHRoLWFubnVhbC13ZXN0bWluc3Rlci1rZW5uZWwtY2x1Yi1kb2ctc2hvdy1waG90b3MvYW1wLw?hl=en-US&gl=US&ceid=US%3Aen",
            "og": "https://encrypted-tbn0.gstatic.com/images?q=tbn:ANd9GcRN9cwfgU1tbqSDXSAk-3DVHa1UscCJhp5DuNMUcSPLlbAnxyDyuhs_NxzZrZiDC9A1CfG01LD0wjgtB2qZd1qbgyRPw2TuAMMmyfarOUcDZ_mD2g",
            "source": "New York Post",
            "source_icon": "https://encrypted-tbn3.gstatic.com/faviconV2?url=https://nypost.com&client=NEWS_360&size=96&type=FAVICON&fallback_opts=TYPE,SIZE,URL",
            "title": "Pampered pooches arrive in NYC for the 148th Annual Westminster Kennel Club Dog Show: photos"
        },
        {
            "link": "https://news.google.com/articles/CBMidGh0dHBzOi8vd3d3LnByaWRlb2ZkZXRyb2l0LmNvbS8yMDI0LzUvMTMvMjQxNTU5NzMvdmlkZW8tZGV0cm9pdC1saW9ucy1xdWFydGVyYmFjay1qYXJlZC1nb2ZmLXBhaWQtY29udHJhY3QtZXh0ZW5zaW9u0gEA?hl=en-US&gl=US&ceid=US%3Aen",
            "og": "https://encrypted-tbn3.gstatic.com/images?q=tbn:ANd9GcS615nNZg5lEUEoAJvP6T-FP1QVHvbS0WfrIjnH5JWCaNv3f_USAfdY9qkBUtscncEBuYmnzt7UlKNPI1Gi4BA5C4ygM336VKDeES3ECRp37X1v1Q",
            "source": "Pride Of Detroit",
            "source_icon": "https://encrypted-tbn1.gstatic.com/faviconV2?url=https://www.prideofdetroit.com&client=NEWS_360&size=96&type=FAVICON&fallback_opts=TYPE,SIZE,URL",
            "title": "Instant reactions to Detroit Lions quarterback Jared Goff getting PAID"
        },
        {
            "link": "https://news.google.com/articles/CBMinAFodHRwczovL3d3dy5wZ2F0b3VyLmNvbS9hcnRpY2xlL25ld3MvcG93ZXItcmFua2luZ3MvMjAyNC8wNS8xMy9wb3dlci1yYW5raW5ncy1wZ2EtY2hhbXBpb25zaGlwLXZhbGhhbGxhLWdvbGYtY2x1Yi10aWdlci13b29kcy1zY290dGllLXNjaGVmZmxlci1yb3J5LW1jaWxyb3nSAQA?hl=en-US&gl=US&ceid=US%3Aen",
            "og": "https://encrypted-tbn2.gstatic.com/images?q=tbn:ANd9GcQslY4o_XhXlufKiw45aUNAmwkEBlxN1uldw_VoBLvq0IG8R1GnBOhI679yjwba4po0Ss46qxAZusLCaPsoNYdn",
            "source": "PGA TOUR",
            "source_icon": "https://encrypted-tbn2.gstatic.com/faviconV2?url=https://www.pgatour.com&client=NEWS_360&size=96&type=FAVICON&fallback_opts=TYPE,SIZE,URL",
            "title": "Power Rankings: PGA Championship - PGA TOUR"
        },
        {
            "link": "https://news.google.com/articles/CBMiU2h0dHBzOi8vYXRobG9uc3BvcnRzLmNvbS9uZmwvY293Ym95cy1mYW5zLXJpcHBpbmctdG9tLWJyYWR5LWFmdGVyLWRhay1wcmVzY290dC10YWtl0gEA?hl=en-US&gl=US&ceid=US%3Aen",
            "og": "https://encrypted-tbn3.gstatic.com/images?q=tbn:ANd9GcQlrQZvXSfg6pEPokWD8RhtiHstK7-wLjLTE613blTGdMgnh0EEoAr0iJFqOYklVmEQcw_wzwvEjeYwsO_XwF95Xw5ilZJZhv7qbqPvbzmbFydC8A",
            "source": "Athlon Sports",
            "source_icon": "https://encrypted-tbn3.gstatic.com/faviconV2?url=https://athlonsports.com&client=NEWS_360&size=96&type=FAVICON&fallback_opts=TYPE,SIZE,URL",
            "title": "Cowboys Fans Are Ripping Tom Brady After Dak Prescott Take"
        },
        {
            "link": "https://news.google.com/articles/CBMiWGh0dHBzOi8vd3d3LmRlbnZlcnBvc3QuY29tLzIwMjQvMDUvMTQvYXZhbGFuY2hlLW5pY2h1c2hraW4tcGxheWVycy1zaG9jay1kaXNhcHBvaW50bWVudC_SAVxodHRwczovL3d3dy5kZW52ZXJwb3N0LmNvbS8yMDI0LzA1LzE0L2F2YWxhbmNoZS1uaWNodXNoa2luLXBsYXllcnMtc2hvY2stZGlzYXBwb2ludG1lbnQvYW1wLw?hl=en-US&gl=US&ceid=US%3Aen",
            "og": "https://encrypted-tbn1.gstatic.com/images?q=tbn:ANd9GcRu7tl67zTUdBtEVtjE5yFElnPTkbnslM4ZYK1UyhZScXuvCKLO_RjKrJK_ck3iUTpwzJp7Bi_dYagStEGYItE7NUxORTXqQxchCvXD42V0m4_2ww",
            "source": "The Denver Post",
            "source_icon": "https://encrypted-tbn0.gstatic.com/faviconV2?url=https://www.denverpost.com&client=NEWS_360&size=96&type=FAVICON&fallback_opts=TYPE,SIZE,URL",
            "title": "Avalanche players express shock, disappointment in Valeri Nichushkin news: “He made his decisions”"
        },
        {
            "link": "https://news.google.com/articles/CBMif2h0dHBzOi8vd3d3LnVzYXRvZGF5LmNvbS9zdG9yeS9zcG9ydHMvYm94aW5nLzIwMjQvMDUvMTMvamFrZS1wYXVsLW1pa2UtdHlzb24tbWVldC1wcmVzcy1jb25mZXJlbmNlLXByb21vdGluZy1maWdodC83MzY3NDk3MTAwNy_SAQA?hl=en-US&gl=US&ceid=US%3Aen",
            "og": "https://encrypted-tbn2.gstatic.com/images?q=tbn:ANd9GcRRzEP1eccVDRLC21T5gA8AWOFbsF22pNbDRYXTtLZVh6Nw2dMbTGvlo_teddS1uSDu3qwQ1AAwzjrZuSPh87tzf96l4q6XYhr4TBf6bayYYtiefQ",
            "source": "USA TODAY",
            "source_icon": "https://encrypted-tbn0.gstatic.com/faviconV2?url=https://www.usatoday.com&client=NEWS_360&size=96&type=FAVICON&fallback_opts=TYPE,SIZE,URL",
            "title": "Jake Paul, Mike Tyson meet at press conference promoting their fight"
        },
        {
            "link": "https://news.google.com/articles/CBMihgFodHRwczovL3d3dy5iYWx0aW1vcmViZWF0ZG93bi5jb20vMjAyNC81LzEzLzI0MTU1NjE0L3N0YWZmLXJlYWN0aW9ucy1yYXZlbnMtdG8tcGxheS1uZmwta2lja29mZi1nYW1lLXZzLWNoaWVmcy13ZWVrLTEtbmZsLWtpY2tvZmYtMjAyNNIBAA?hl=en-US&gl=US&ceid=US%3Aen",
            "og": "https://encrypted-tbn3.gstatic.com/images?q=tbn:ANd9GcSKigZZVhEFrZwzvZHdV3aRHi8QrDzs2KtSUyiDsKQF2z8zyZuQb14liCpgt4SEAYtYXTq7EPOIrGVPHyt__rh9nQhqpcHRB2hpg3s0MAWJAhfYXg",
            "source": "Baltimore Beatdown",
            "source_icon": "https://encrypted-tbn3.gstatic.com/faviconV2?url=https://www.baltimorebeatdown.com&client=NEWS_360&size=96&type=FAVICON&fallback_opts=TYPE,SIZE,URL",
            "title": "Reacting to the Ravens vs. Chiefs Week 1 NFL Kickoff game"
        },
        {
            "link": "https://news.google.com/articles/CBMiaGh0dHBzOi8vd3d3LmVzcG4uY29tL25obC9zdG9yeS9fL2lkLzQwMTQyNzUzL25ldy15b3JrLXJhbmdlcnMtZmFpbC1jbG9zZS1jYXJvbGluYS1odXJyaWNhbmVzLWdhbWUtNS1ob21l0gEA?hl=en-US&gl=US&ceid=US%3Aen",
            "og": "https://encrypted-tbn2.gstatic.com/images?q=tbn:ANd9GcSmc7wI7Rk5Gmb2-Qv-XhjAOcYmNb8pxAf1tXB2ljF0iwIkthkkQ0KlbJgZU7oXTL0n1oKGzfSRZ8WM996nDn7q",
            "source": "ESPN",
            "source_icon": "https://encrypted-tbn2.gstatic.com/faviconV2?url=https://www.espn.com&client=NEWS_360&size=96&type=FAVICON&fallback_opts=TYPE,SIZE,URL",
            "title": "Rangers fail to close out Hurricanes in Game 5 at home"
        },
        {
            "link": "https://news.google.com/articles/CBMiZWh0dHBzOi8vd3d3Lmhvb3BzcnVtb3JzLmNvbS8yMDI0LzA1L3NvdXRoZWFzdC1ub3Rlcy1oYXdrcy1kcmFmdC15b3VuZy1tdXJyYXktd3JpZ2h0LW1pbGxzLWluZ3JhbS5odG1s0gEA?hl=en-US&gl=US&ceid=US%3Aen",
            "og": "https://encrypted-tbn0.gstatic.com/images?q=tbn:ANd9GcSe18i4JVGho5P2alHpVtOYuQRiUXJo5NjNnbVPQgVCtj3diKNtFLloiVKSKh27AWukIznLoebT7JL844o4zqcPdxiFJW4X4CnR7NA0AmjYaRbTOw",
            "source": "hoopsrumors.com",
            "source_icon": "https://encrypted-tbn3.gstatic.com/faviconV2?url=https://www.hoopsrumors.com&client=NEWS_360&size=96&type=FAVICON&fallback_opts=TYPE,SIZE,URL",
            "title": "Southeast Notes: Hawks Draft, Young, Murray, Wright, Mills, Ingram"
        },
        {
            "link": "https://news.google.com/articles/CBMiamh0dHBzOi8vd3d3LmhvcnNlcmFjaW5nbmF0aW9uLmNvbS9uZXdzL1ByZWFrbmVzc18yMDI0X2RyYXdfUG9zdF9wb3NpdGlvbnNfb2Rkc19mb3JfU2F0dXJkYXlfYXRfUGltbGljb18xMjPSAWpodHRwczovL2FtcC5ob3JzZXJhY2luZ25hdGlvbi5jb20vbmV3cy9QcmVha25lc3NfMjAyNF9kcmF3X1Bvc3RfcG9zaXRpb25zX29kZHNfZm9yX1NhdHVyZGF5X2F0X1BpbWxpY29fMTIz?hl=en-US&gl=US&ceid=US%3Aen",
            "og": "https://encrypted-tbn2.gstatic.com/images?q=tbn:ANd9GcQ9IEao7z0EgWjRoUFjxIDnMZ_xwzNhF6_eAVyP2vGxDCUpRy7Hx5j4VpTcuMFe63VJ1T7C4uo7GKQMSOMevxV1WQSgiW33fLY0kYurnqCEbrX66A",
            "source": "Horse Racing Nation",
            "source_icon": "https://encrypted-tbn0.gstatic.com/faviconV2?url=https://www.horseracingnation.com&client=NEWS_360&size=96&type=FAVICON&fallback_opts=TYPE,SIZE,URL",
            "title": "Preakness 2024 draw: Posts, odds for Saturday at Pimlico"
        },
        {
            "link": "https://news.google.com/articles/CBMiUGh0dHBzOi8vd3d3Lm5iY25ld3MuY29tL25ld3Mvc3BvcnRzL2xpc2EtYmx1ZGVyLXJldGlyZXMtaW93YS1oYXdrZXllcy1yY25hMTUyMTAw0gEraHR0cHM6Ly93d3cubmJjbmV3cy5jb20vbmV3cy9hbXAvcmNuYTE1MjEwMA?hl=en-US&gl=US&ceid=US%3Aen",
            "og": "https://encrypted-tbn1.gstatic.com/images?q=tbn:ANd9GcQk3v_yLt4oLZhiWnrK2UjNDMw41MDOa07nDpr0aZCzrKmT6KN9xHNRanwARXtR05aTWketXzHv2rW1MIYyQ8pZQxwcyCDQa0gpQXhTnMdFz3dj4Q",
            "source": "NBC News",
            "source_icon": "https://encrypted-tbn1.gstatic.com/faviconV2?url=https://www.nbcnews.com&client=NEWS_360&size=96&type=FAVICON&fallback_opts=TYPE,SIZE,URL",
            "title": "Lisa Bluder retires after Clark-led Iowa teams reach last 2 NCAA title games"
        },
        {
            "link": "https://news.google.com/articles/CBMic2h0dHBzOi8vd3d3LnNwb3J0c21lZGlhd2F0Y2guY29tLzIwMjQvMDUvZnJpZGF5LTUtMTAtc3BvcnRzLXZpZXdlcnNoaXAtbnVnZ2V0cy10aW1iZXJ3b2x2ZXMtdmlld2Vyc2hpcC1uYmEtbmhsLXBnYS_SAQA?hl=en-US&gl=US&ceid=US%3Aen",
            "og": "https://encrypted-tbn1.gstatic.com/images?q=tbn:ANd9GcQ_ZRwScVin_lchNi2lw5H3kaPQwC7Rk1pz6XBIsiG_4w34JaWa-z2hJ3uBSEvxB0Ei5RiKMSWXnQDY6qYMEFkDlycnYgPMg0E79Gsd3v5U3USwXw",
            "source": "Sports Media Watch",
            "source_icon": "https://encrypted-tbn3.gstatic.com/faviconV2?url=https://www.sportsmediawatch.com&client=NEWS_360&size=96&type=FAVICON&fallback_opts=TYPE,SIZE,URL",
            "title": "Friday (5/10) sports viewership: Over five million for Nuggets-T'Wolves"
        },
        {
            "link": "https://news.google.com/articles/CBMiX2h0dHBzOi8vd3d3Lm5iY3Nwb3J0c2JheWFyZWEuY29tL21sYi9zYW4tZnJhbmNpc2NvLWdpYW50cy9qdW5nLWhvby1sZWUtc2hvdWxkZXItaW5qdXJ5LzE3MzQ2Nzgv0gFlaHR0cHM6Ly93d3cubmJjc3BvcnRzYmF5YXJlYS5jb20vbWxiL3Nhbi1mcmFuY2lzY28tZ2lhbnRzL2p1bmctaG9vLWxlZS1zaG91bGRlci1pbmp1cnkvMTczNDY3OC8_YW1wPTE?hl=en-US&gl=US&ceid=US%3Aen",
            "og": "https://encrypted-tbn1.gstatic.com/images?q=tbn:ANd9GcRFeJTwcAw0PAt6wpdkq1kHktlgrgTb_OWpWXyynPVpJv6675OFNRPyhsh6l1DR3z5bF2WQ2-EPa3e2ltl0ePAKlu94M_L7Gtxmqd0n_pwnRlLyxw",
            "source": "NBC Sports Bay Area",
            "source_icon": "https://encrypted-tbn2.gstatic.com/faviconV2?url=https://www.nbcsportsbayarea.com&client=NEWS_360&size=96&type=FAVICON&fallback_opts=TYPE,SIZE,URL",
            "title": "Doctor explains what Lee's shoulder injury means for Giants star"
        },
        {
            "link": "https://news.google.com/articles/CBMicGh0dHBzOi8vYmxlYWNoZXJyZXBvcnQuY29tL2FydGljbGVzLzEwMTIwODg3LWJyb25ueS1qYW1lcy1uYmEtY29tYmluZS0yMDI0LW1lYXN1cmVtZW50cy1hbmFseXNpcy1hbmQtaW1wcmVzc2lvbnPSAYABaHR0cHM6Ly9zeW5kaWNhdGlvbi5ibGVhY2hlcnJlcG9ydC5jb20vYW1wLzEwMTIwODg3LWJyb25ueS1qYW1lcy1uYmEtY29tYmluZS0yMDI0LW1lYXN1cmVtZW50cy1hbmFseXNpcy1hbmQtaW1wcmVzc2lvbnMuYW1wLmh0bWw?hl=en-US&gl=US&ceid=US%3Aen",
            "og": "https://encrypted-tbn1.gstatic.com/images?q=tbn:ANd9GcSL3YP4_28wrv8Y3tELMMq-c211I2h1WAphmXc_Cf9XT2i00ASJSGxXCRq8BDDj0PTbXEi3Br1VUp4N2wk2O9k1W5uvOO8Df_uLPNjkzbbXNiFdOQ",
            "source": "Bleacher Report",
            "source_icon": "https://encrypted-tbn3.gstatic.com/faviconV2?url=https://bleacherreport.com&client=NEWS_360&size=96&type=FAVICON&fallback_opts=TYPE,SIZE,URL",
            "title": "Bronny James NBA Combine 2024: Measurements, Analysis and Impressions"
        },
        {
            "link": "https://news.google.com/articles/CBMiOGh0dHBzOi8vd3d3LmJiYy5jb20vc3BvcnQvZm9vdGJhbGwvYXJ0aWNsZXMvY3YyeHh2bHludndv0gE8aHR0cHM6Ly93d3cuYmJjLmNvbS9zcG9ydC9mb290YmFsbC9hcnRpY2xlcy9jdjJ4eHZseW52d28uYW1w?hl=en-US&gl=US&ceid=US%3Aen",
            "og": "https://encrypted-tbn0.gstatic.com/images?q=tbn:ANd9GcQzg40IwCnAz5_YLrzS9__ZcFMcriZwjR-gEg_8jvlAOHhispF2-4QjfpX15wK6BRQriuqgRaQgTdlOIUR1pYm4tuEdJT4Y6ppWDO1cYxSIVZzLww",
            "source": "BBC.com",
            "source_icon": "https://encrypted-tbn2.gstatic.com/faviconV2?url=https://www.bbc.com&client=NEWS_360&size=96&type=FAVICON&fallback_opts=TYPE,SIZE,URL",
            "title": "Aston Villa 3-3 Liverpool: 'Emery the star of the show as Villa can taste dream finale'"
        },
        {
            "link": "https://news.google.com/articles/CBMibGh0dHBzOi8vd3d3LnNlYXR0bGV0aW1lcy5jb20vc3BvcnRzL21hcmluZXJzL2dlb3JnZS1raXJieS1yZWRpc2NvdmVycy1mb3JtLWJhcmJlY3Vlcy1yb3lhbHMtaW4tbWFyaW5lcnMtd2luL9IBAA?hl=en-US&gl=US&ceid=US%3Aen",
            "og": "https://encrypted-tbn2.gstatic.com/images?q=tbn:ANd9GcTU2KwM_rFRCZRNJ64Lzy3SxLXM_f9tLoqo2T_hRqJ0_MgZwWzzrvQqrmvXkg79C5yaevRtxgZJCXuimLNtlP_gVlFBDCsiCjORIG8Bx2kaQmCiQw",
            "source": "The Seattle Times",
            "source_icon": "https://encrypted-tbn1.gstatic.com/faviconV2?url=https://www.seattletimes.com&client=NEWS_360&size=96&type=FAVICON&fallback_opts=TYPE,SIZE,URL",
            "title": "Furious George Kirby rediscovers ace-like form as Mariners thump Royals"
        },
        {
            "link": "https://news.google.com/articles/CBMiYGh0dHBzOi8vY29sb3JhZG9ob2NrZXlub3cuY29tLzIwMjQvMDUvMTMvYXZhbGFuY2hlLWdhbWVkYXktcHJlc3N1cmUtaXMtb24taW4tbXVzdC13aW4tZ2FtZS1mb3VyL9IBAA?hl=en-US&gl=US&ceid=US%3Aen",
            "og": "https://encrypted-tbn1.gstatic.com/images?q=tbn:ANd9GcTOY7VGUkUDEP5Gi5IqomQ1Hg_7C3NT_ZKVE8doyek5u7S_xh9OzdJAk7Cn7UpuFjIrTmmy1iHYYDHj1yj5Yf5B1rQHwWQS1thubl_G",
            "source": "Colorado Hockey Now",
            "source_icon": "https://encrypted-tbn1.gstatic.com/faviconV2?url=https://coloradohockeynow.com&client=NEWS_360&size=96&type=FAVICON&fallback_opts=TYPE,SIZE,URL",
            "title": "Avalanche Gameday: Pressure Is On In Must-Win Game Four"
        },
        {
            "link": "https://news.google.com/articles/CBMiZ2h0dHBzOi8vYXRobG9uc3BvcnRzLmNvbS93bmJhL2luZGlhbmEtZmV2ZXItcHJhY3RpY2UtZm9vdGFnZS1zaG93cy1jYWl0bGluLWNsYXJrLXNjcmVhbWluZy1hdC10ZWFtbWF0ZXPSAQA?hl=en-US&gl=US&ceid=US%3Aen",
            "og": "https://encrypted-tbn1.gstatic.com/images?q=tbn:ANd9GcQm5t2XyDaEhAK4irV8g4ZEulgxedm8BbSMzLmjjDEgdzP0IAIj1XU7cLcrIXjFH9PyCl08Ygv8gTxCysg9zswWPqbX76j_GeGG62WhzCJuTc_eQg",
            "source": "Athlon Sports",
            "source_icon": "https://encrypted-tbn3.gstatic.com/faviconV2?url=https://athlonsports.com&client=NEWS_360&size=96&type=FAVICON&fallback_opts=TYPE,SIZE,URL",
            "title": "Indiana Fever Practice Footage Shows Caitlin Clark Screaming At Teammates"
        },
        {
            "link": "https://news.google.com/articles/CBMiTmh0dHBzOi8vd3d3LnRoZXZlcmdlLmNvbS8yMDI0LzUvMTMvMjQxNTU3NzQvcm9rdS1saXZlLW1sYi1nYW1lcy1zdW5kYXktbGVhZG9mZtIBAA?hl=en-US&gl=US&ceid=US%3Aen",
            "og": "https://encrypted-tbn0.gstatic.com/images?q=tbn:ANd9GcQyy0wfe3gFH9L-VWu9TU2VVieRFa9rlrv3tiSY70d1v0TMk9ItoTtTLW9NgqCxlhS74LBNLV7VQj45X4eLerVaYQZJHhCDyDGRToac1mlI1fBIog",
            "source": "The Verge",
            "source_icon": "https://encrypted-tbn2.gstatic.com/faviconV2?url=https://www.theverge.com&client=NEWS_360&size=96&type=FAVICON&fallback_opts=TYPE,SIZE,URL",
            "title": "Roku will start streaming live MLB games for free"
        },
        {
            "link": "https://news.google.com/articles/CBMilwFodHRwczovL3d3dy5uYmNzcG9ydHMuY29tL25mbC9wcm9mb290YmFsbHRhbGsvcnVtb3ItbWlsbC9uZXdzL3RyZXktaGVuZHJpY2tzb24taS13YW50LXRvLWJyaW5nLWEtc3VwZXItYm93bC10by1jaW5jaW5uYXRpLXBsYXktd2l0aC1iZW5nYWxzLWEtbG9uZy10aW1l0gEA?hl=en-US&gl=US&ceid=US%3Aen",
            "og": "https://encrypted-tbn3.gstatic.com/images?q=tbn:ANd9GcTG6ftkOcGPuwJ2eT5U0Z1mHp2YphQoYhqt8LFN7wJeyIpvCrs8a8lSPi7_4RlLSijYULQwhn23r_-vTVUjieDU",
            "source": "NBC Sports",
            "source_icon": "https://encrypted-tbn1.gstatic.com/faviconV2?url=https://www.nbcsports.com&client=NEWS_360&size=96&type=FAVICON&fallback_opts=TYPE,SIZE,URL",
            "title": "Trey Hendrickson: I want to bring a Super Bowl to Cincinnati, play with Bengals a long time"
        },
        {
            "link": "https://news.google.com/articles/CBMiV2h0dHBzOi8vd3d3Lm1sYi5jb20vbmV3cy9kYXVsdG9uLXZhcnNoby1yb2JzLWhvbWVyLWhpdHMtaG9tZXItaW4tYmx1ZS1qYXlzLWNvbWViYWNrLXdpbtIBAA?hl=en-US&gl=US&ceid=US%3Aen",
            "og": "https://encrypted-tbn1.gstatic.com/images?q=tbn:ANd9GcQD-fCB6tywDMnJAGhnczuPdBy4nC4UYEIRdtwTTMEpaqBZrif4Ol9U0_KAOEBmzeNEBjQNK6aAHPawfc4aZqAY",
            "source": "MLB.com",
            "source_icon": "https://encrypted-tbn0.gstatic.com/faviconV2?url=https://www.mlb.com&client=NEWS_360&size=96&type=FAVICON&fallback_opts=TYPE,SIZE,URL",
            "title": "Daulton Varsho robs homer, hits homer in Blue Jays' comeback win"
        },
        {
            "link": "https://news.google.com/articles/CBMiWWh0dHBzOi8vd3d3Lm5obC5jb20vYnJ1aW5zL25ld3Mvc3dlZW5leS1hZGRyZXNzZXMtbWVkaWEtYWhlYWQtb2YtYnJ1aW5zLXJldHVybi10by1mbG9yaWRh0gEA?hl=en-US&gl=US&ceid=US%3Aen",
            "og": "https://encrypted-tbn0.gstatic.com/images?q=tbn:ANd9GcQZ2IjlDYD5WhlacfEXv836EFh5VNgTBwOkUxovNNnq0QZp3vhYaHV8_goz9zcmkqZXaXR9zwv4lEP5ydovENfN",
            "source": "NHL.com",
            "source_icon": "https://encrypted-tbn1.gstatic.com/faviconV2?url=https://www.nhl.com&client=NEWS_360&size=96&type=FAVICON&fallback_opts=TYPE,SIZE,URL",
            "title": "Sweeney Addresses Media Ahead of Bruins' Return to Florida | Boston Bruins"
        },
        {
            "link": "https://news.google.com/articles/CBMiaWh0dHBzOi8vd3d3Lm1sYnRyYWRlcnVtb3JzLmNvbS8yMDI0LzA1L2N1YnMtcGxhY2UtYWRiZXJ0LWFsem9sYXktb24taW5qdXJlZC1saXN0LXdpdGgtZm9yZWFybS1zdHJhaW4uaHRtbNIBAA?hl=en-US&gl=US&ceid=US%3Aen",
            "og": "https://encrypted-tbn0.gstatic.com/images?q=tbn:ANd9GcT7Siod3gVNizAdPIC1cviO4wtLRHFjWmK3hp2Dc-7LNbKEGb3rstc5cRt5qcQaDPMxXFxcykfgz-3PhDV33rHbUztYFCtyeFjngbDwUhzaVN4Yhg",
            "source": "MLB Trade Rumors",
            "source_icon": "https://encrypted-tbn3.gstatic.com/faviconV2?url=https://www.mlbtraderumors.com&client=NEWS_360&size=96&type=FAVICON&fallback_opts=TYPE,SIZE,URL",
            "title": "Cubs Place Adbert Alzolay On Injured List With Forearm Strain"
        },
        {
            "link": "https://news.google.com/articles/CBMiYWh0dHBzOi8vd3d3LnNlY3Nwb3J0cy5jb20vbmV3cy8yMDI0LzA1LzIwMjQtMjUtc2VjLW1lbnMtYmFza2V0YmFsbC1jb25mZXJlbmNlLW9wcG9uZW50cy1hbm5vdW5jZWTSAQA?hl=en-US&gl=US&ceid=US%3Aen",
            "og": "https://encrypted-tbn0.gstatic.com/images?q=tbn:ANd9GcTdPsFTi2K330kBQMovx-Tved0QFGfCPLE2LUfhQQy7cNzG6enE9PFtSyLa-ImkJ1TNnsCp40jTtpKo6WgYf7zN",
            "source": "Southeastern Conference",
            "source_icon": "https://encrypted-tbn3.gstatic.com/faviconV2?url=https://www.secsports.com&client=NEWS_360&size=96&type=FAVICON&fallback_opts=TYPE,SIZE,URL",
            "title": "2024-25 SEC Men's Basketball conference opponents announced"
        },
        {
            "link": "https://news.google.com/articles/CBMiYmh0dHBzOi8vbnlwb3N0LmNvbS8yMDI0LzA1LzEzL3Nwb3J0cy9rbmlja3MtbmVlZC10by1zdGVwLXVwLXdpdGgtamFsZW4tYnJ1bnNvbi1waHlzaWNhbGx5LWxpbWl0ZWQv0gFmaHR0cHM6Ly9ueXBvc3QuY29tLzIwMjQvMDUvMTMvc3BvcnRzL2tuaWNrcy1uZWVkLXRvLXN0ZXAtdXAtd2l0aC1qYWxlbi1icnVuc29uLXBoeXNpY2FsbHktbGltaXRlZC9hbXAv?hl=en-US&gl=US&ceid=US%3Aen",
            "og": "https://encrypted-tbn1.gstatic.com/images?q=tbn:ANd9GcQj3Iu3r4vu2yIyiNZ7DBZ5HUUFB6dEq5nDbChkNRyN4OZtTTLeOaFFatyBVfw30sdsAAerkTuZxQJD7DW11ZBe0DVGFEh9kxzT_Xh7L519_VOQ8A",
            "source": "New York Post",
            "source_icon": "https://encrypted-tbn3.gstatic.com/faviconV2?url=https://nypost.com&client=NEWS_360&size=96&type=FAVICON&fallback_opts=TYPE,SIZE,URL",
            "title": "Knicks need to step up with Jalen Brunson physically limited"
        },
        {
            "link": "https://news.google.com/articles/CBMiZ2h0dHBzOi8vd3d3LmVzcG4uY29tL2dvbGYvc3RvcnkvXy9pZC80MDE0MTA2MC9kdW5uZS1yZXNpZ25zLXBnYS10b3VyLXBvbGljeS1ib2FyZC1lZmZlY3RpdmUtaW1tZWRpYXRlbHnSAQA?hl=en-US&gl=US&ceid=US%3Aen",
            "og": "https://encrypted-tbn0.gstatic.com/images?q=tbn:ANd9GcRj1Y0uxCvEUchZu3SFbcYZxBd_JekihfPc_CiNRg73WwXF-HiEDqWG8fu1Z1H7brjTzdZle85mM-fQmZYUmtXe",
            "source": "ESPN",
            "source_icon": "https://encrypted-tbn2.gstatic.com/faviconV2?url=https://www.espn.com&client=NEWS_360&size=96&type=FAVICON&fallback_opts=TYPE,SIZE,URL",
            "title": "Dunne resigns PGA's Tour policy board, effective immediately"
        },
        {
            "link": "https://news.google.com/articles/CBMiZWh0dHBzOi8vd3d3LmVzcG4uY29tL25iYS9zdG9yeS9fL2lkLzQwMTM5OTc1L3NvdXJjZXMtbGFrZXJzLXN0YXJ0LWNvbnRhY3RpbmctaGVhZC1jb2FjaGluZy1jYW5kaWRhdGVz0gEA?hl=en-US&gl=US&ceid=US%3Aen",
            "og": "https://encrypted-tbn2.gstatic.com/images?q=tbn:ANd9GcRvokcXEHSzG1WOihu-D6I5ej602PR-UwjTBIEchTqZ0nWXhQb14EadoIuOqy6j-uo9EEMt-KGFdbsou4-yP23p",
            "source": "ESPN",
            "source_icon": "https://encrypted-tbn2.gstatic.com/faviconV2?url=https://www.espn.com&client=NEWS_360&size=96&type=FAVICON&fallback_opts=TYPE,SIZE,URL",
            "title": "Sources: Lakers to start contacting head-coaching candidates"
        },
        {
            "link": "https://news.google.com/articles/CBMilQFodHRwczovL3d3dy5wZ2F0b3VyLmNvbS9hcnRpY2xlL25ld3MvbGF0ZXN0LzIwMjQvMDUvMTMvc2NvdHRpZS1zY2hlZmZsZXItd2lmZS1tZXJlZGl0aC13ZWxjb21lLWZpcnN0LWNoaWxkLWJhYnktYm95LWJlbm5ldHQtYWhlYWQtb2YtcGdhLWNoYW1waW9uc2hpcNIBAA?hl=en-US&gl=US&ceid=US%3Aen",
            "og": "https://encrypted-tbn2.gstatic.com/images?q=tbn:ANd9GcRY4EZIAwL5ZrF1m9L9JspaBQRHF7prnUiFammGjSSRUUn5exs9u3OXlsY2xcyuHWJhW0GaCgEcCmCQYknaHvyv",
            "source": "PGA TOUR",
            "source_icon": "https://encrypted-tbn2.gstatic.com/faviconV2?url=https://www.pgatour.com&client=NEWS_360&size=96&type=FAVICON&fallback_opts=TYPE,SIZE,URL",
            "title": "Scottie Scheffler, wife Meredith welcome first child ahead of PGA Championship - PGA TOUR"
        },
        {
            "link": "https://news.google.com/articles/CBMiZGh0dHBzOi8vdHJpYmxpdmUuY29tL3Nwb3J0cy9tYXJrLW1hZGRlbi1wYXVsLXNrZW5lcy1kZWJ1dC13ZW50LWZyb20taHlwZS10by1odW1pbGlhdGlvbi1mb3ItcGlyYXRlcy_SAQA?hl=en-US&gl=US&ceid=US%3Aen",
            "og": "https://encrypted-tbn0.gstatic.com/images?q=tbn:ANd9GcTm-gyXDqSGUMWowVRyNZaO6EF6eqcFyGZjGA88XhbnkHRY4ij9RGkzpDj5rvsc6INOTMxWkHZMjCI3oCWkMCdwhn6llcy9SUMuD2sK",
            "source": "TribLIVE",
            "source_icon": "https://encrypted-tbn1.gstatic.com/faviconV2?url=https://triblive.com&client=NEWS_360&size=96&type=FAVICON&fallback_opts=TYPE,SIZE,URL",
            "title": "Mark Madden: Paul Skenes' debut went from hype to humiliation for Pirates"
        },
        {
            "link": "https://news.google.com/articles/CBMiZGh0dHBzOi8vd3d3Lm1sYnRyYWRlcnVtb3JzLmNvbS8yMDI0LzA1L3JlZHMtcGxhY2UtdGotZnJpZWRsLW9uLWluanVyZWQtbGlzdC13aXRoLXRodW1iLWZyYWN0dXJlLmh0bWzSAQA?hl=en-US&gl=US&ceid=US%3Aen",
            "og": "https://encrypted-tbn1.gstatic.com/images?q=tbn:ANd9GcQBMaPwpvULc2mF-EVmfyREQ2RH-Tbgh7sm8NVrSDNCdgH51jxJNpDL4z2y_zmlPMZT7LcmnUxOdRf3P1GJmmUwVy4pg2SG5JyMpgh-",
            "source": "MLB Trade Rumors",
            "source_icon": "https://encrypted-tbn3.gstatic.com/faviconV2?url=https://www.mlbtraderumors.com&client=NEWS_360&size=96&type=FAVICON&fallback_opts=TYPE,SIZE,URL",
            "title": "Reds Place TJ Friedl On Injured List With Thumb Fracture"
        },
        {
            "link": "https://news.google.com/articles/CBMikwFodHRwczovL3d3dy5wb3VuZGluZ3RoZXJvY2suY29tLzIwMjQvNS8xMy8yNDE1NTg4Ni9ydW1vci1zYW4tYW50b25pby1zcHVycy1jb25zaWRlcmluZy1hLXBhaXItb2YtaW50ZXJuYXRpb25hbC1wcm9zcGVjdHMtaW4tMjAyNC1uYmEtZHJhZnQtcmlzYWNoZXLSAQA?hl=en-US&gl=US&ceid=US%3Aen",
            "og": "https://encrypted-tbn0.gstatic.com/images?q=tbn:ANd9GcRtSpia4586qApAuchCg6rxpfPxGjUYqB0iFoQFiLNAfFgJr4UwgTzWf5ocOn_lsddSLeAJVdtEdqWcq9ASKnMHIjWs4BgueSul9Jpx78DyZERffw",
            "source": "Pounding The Rock",
            "source_icon": "https://encrypted-tbn3.gstatic.com/faviconV2?url=https://www.poundingtherock.com&client=NEWS_360&size=96&type=FAVICON&fallback_opts=TYPE,SIZE,URL",
            "title": "Rumor: Spurs considering a pair of international prospects in 2024 NBA Draft"
        },
        {
            "link": "https://news.google.com/articles/CBMibmh0dHBzOi8vd3d3LmFsLmNvbS9hbGFiYW1hZm9vdGJhbGwvMjAyNC8wNS9raWNrb2ZmLXRpbWUtYW5ub3VuY2VkLWZvci1hbGFiYW1hLWZvb3RiYWxscy10cmlwLXRvLXdpc2NvbnNpbi5odG1s0gF9aHR0cHM6Ly93d3cuYWwuY29tL2FsYWJhbWFmb290YmFsbC8yMDI0LzA1L2tpY2tvZmYtdGltZS1hbm5vdW5jZWQtZm9yLWFsYWJhbWEtZm9vdGJhbGxzLXRyaXAtdG8td2lzY29uc2luLmh0bWw_b3V0cHV0VHlwZT1hbXA?hl=en-US&gl=US&ceid=US%3Aen",
            "og": "https://encrypted-tbn3.gstatic.com/images?q=tbn:ANd9GcRhGnXI0Gc0XRrFmZc0AowJX4qUbOmgCf1_iLXROHYuboIHNCm3PquS5BD4ilsA1HeZiNljnclbvAmENkawLO60hmwIBWcrBU1U5cM3gCMXE6r96w",
            "source": "AL.com",
            "source_icon": "https://encrypted-tbn0.gstatic.com/faviconV2?url=https://www.al.com&client=NEWS_360&size=96&type=FAVICON&fallback_opts=TYPE,SIZE,URL",
            "title": "Kickoff time announced for Alabama football’s trip to Wisconsin"
        },
        {
            "link": "https://news.google.com/articles/CBMid2h0dHBzOi8vd3d3Lm1saXZlLmNvbS93b2x2ZXJpbmVzLzIwMjQvMDUvcGFja2Vycy1wbGFjZS1leC1taWNoaWdhbi1vbC1vbi1yZXNlcnZlcmV0aXJlZC1saXN0LWFmdGVyLXJvb2tpZS1taW5pY2FtcC5odG1s0gGGAWh0dHBzOi8vd3d3Lm1saXZlLmNvbS93b2x2ZXJpbmVzLzIwMjQvMDUvcGFja2Vycy1wbGFjZS1leC1taWNoaWdhbi1vbC1vbi1yZXNlcnZlcmV0aXJlZC1saXN0LWFmdGVyLXJvb2tpZS1taW5pY2FtcC5odG1sP291dHB1dFR5cGU9YW1w?hl=en-US&gl=US&ceid=US%3Aen",
            "og": "https://encrypted-tbn2.gstatic.com/images?q=tbn:ANd9GcRzYD1OXsa72tAj8i9-b1ZmqvvmlPT04d92VuI3OTaq-RnW7xaijEpRNw8Q0q3Mhin-Oa5_4-6Xrd03kLWsQjwuvcwbI7bwpRvO3C5Ux-CTlXWHYA",
            "source": "MLive.com",
            "source_icon": "https://encrypted-tbn3.gstatic.com/faviconV2?url=https://www.mlive.com&client=NEWS_360&size=96&type=FAVICON&fallback_opts=TYPE,SIZE,URL",
            "title": "Packers place ex-Michigan OL on reserve/retired list after rookie minicamp"
        },
        {
            "link": "https://news.google.com/articles/CBMiZWh0dHBzOi8vd3d3LmJhdHRlcnlwb3dlci5jb20vMjAyNC81LzEzLzI0MTU2MDgyL2F1c3Rpbi1yaWxleS1pbmp1cnktdXBkYXRlLW1yaS1yZXN1bHRzLWF0bGFudGEtYnJhdmVz0gEA?hl=en-US&gl=US&ceid=US%3Aen",
            "og": "https://encrypted-tbn0.gstatic.com/images?q=tbn:ANd9GcSzMbMs2AbUIu5yTcSZVi644Eh7VvwV7j1zOzCwbzcUygLwC6tYrneXQBeBDX_8TA1An7M78wvOf0F1HD8z5mH71IS46b-ywwEvzenFpUEAlW42nA",
            "source": "Battery Power",
            "source_icon": "https://encrypted-tbn0.gstatic.com/faviconV2?url=https://www.batterypower.com&client=NEWS_360&size=96&type=FAVICON&fallback_opts=TYPE,SIZE,URL",
            "title": "Braves Notes: Austin Riley update Reynaldo Lopez and more"
        },
        {
            "link": "https://news.google.com/articles/CBMiiAFodHRwczovL3d3dy50aGVmYWxjb2hvbGljLmNvbS8yMDI0LzUvMTMvMjQxNTU4NzIvZmFsY29ucy1zaWduLXRlLXJvc3MtZHdlbGxleS1tYWtlLXRocmVlLXRyeW91dC1wbGF5ZXItc2lnbmluZ3Mtb2ZmaWNpYWwtY2hhcmxpZS13b2VybmVy0gEA?hl=en-US&gl=US&ceid=US%3Aen",
            "og": "https://encrypted-tbn3.gstatic.com/images?q=tbn:ANd9GcQ3q3bc0iYRVzoYGtng0jtuGPyjWYRXPioJ89EyWiz-qDK3mxLREndqYx9td4zg1tnsKBbuCiP9c2tCQF300bPFZ3kwpISLqNagV7czXYPHKyG5Wg",
            "source": "The Falcoholic",
            "source_icon": "https://encrypted-tbn0.gstatic.com/faviconV2?url=https://www.thefalcoholic.com&client=NEWS_360&size=96&type=FAVICON&fallback_opts=TYPE,SIZE,URL",
            "title": "Falcons sign TE Ross Dwelley, make three tryout player signings official"
        },
        {
            "link": "https://news.google.com/articles/CBMiRWh0dHBzOi8vd3d3LnNpLmNvbS9nb2xmL3RpZ2VyLXdvb2RzLWJhY2stYXQtdmFsaGFsbGEtcGdhLWNoYW1waW9uc2hpcNIBAA?hl=en-US&gl=US&ceid=US%3Aen",
            "og": "https://encrypted-tbn0.gstatic.com/images?q=tbn:ANd9GcQfW8_mCeGmWFdnwKk41j4vFqdbxLYBrMWRJX2UxnVcLIbpDy5bRbhv80VQjroEI-SSxVnGUzv-BXSu08FKVj4tnPms2Zoj56QMbK_BfTbjX-iWog",
            "source": "Sports Illustrated",
            "source_icon": "https://encrypted-tbn0.gstatic.com/faviconV2?url=https://www.si.com&client=NEWS_360&size=96&type=FAVICON&fallback_opts=TYPE,SIZE,URL",
            "title": "Tiger Woods Is Back at Valhalla, Where Half a Lifetime Ago He Won a Duel for the Ages"
        },
        {
            "link": "https://news.google.com/articles/CBMiZWh0dHBzOi8vd3d3LmVzcG4uY29tL3duYmEvc3RvcnkvXy9pZC80MDEyOTAzNy93bmJhLTIwMjQtcHJlZGljdGlvbnMtd25iYS1maW5hbHMtcGlja3MtYWNlcy10aHJlZS1wZWF00gEA?hl=en-US&gl=US&ceid=US%3Aen",
            "og": "https://encrypted-tbn2.gstatic.com/images?q=tbn:ANd9GcQfTQnViqVQg1PvColeoFXatXjFy6y_ISJ6ADe6TljV6efrdnGlsLL40jDsU4C5UPLZXRiK0toxCZzM29ei1uN7",
            "source": "ESPN",
            "source_icon": "https://encrypted-tbn2.gstatic.com/faviconV2?url=https://www.espn.com&client=NEWS_360&size=96&type=FAVICON&fallback_opts=TYPE,SIZE,URL",
            "title": "WNBA preseason predictions: Aces three-peat? Finals matchup?"
        },
        {
            "link": "https://news.google.com/articles/CBMilAFodHRwczovL3d3dy5uYmNzcG9ydHNjaGljYWdvLmNvbS9uZmwvY2hpY2Fnby1iZWFycy9iZWFycy1hbmFseXNpcy9iZWFycy1yb29raWUtbWluaWNhbXAtcmVwb3J0LWNhcmQtaG93LWNhbGViLXdpbGxpYW1zLXJvbWUtb2R1bnplLXBlcmZvcm1lZC81NjE4Nzcv0gGaAWh0dHBzOi8vd3d3Lm5iY3Nwb3J0c2NoaWNhZ28uY29tL25mbC9jaGljYWdvLWJlYXJzL2JlYXJzLWFuYWx5c2lzL2JlYXJzLXJvb2tpZS1taW5pY2FtcC1yZXBvcnQtY2FyZC1ob3ctY2FsZWItd2lsbGlhbXMtcm9tZS1vZHVuemUtcGVyZm9ybWVkLzU2MTg3Ny8_YW1wPTE?hl=en-US&gl=US&ceid=US%3Aen",
            "og": "https://encrypted-tbn0.gstatic.com/images?q=tbn:ANd9GcSrJQ6d92IxGRfjrUJU7GY8KfCiiouwQh19gB7o1YeLbaptplUyt6HCxK2CrUQySOgvinPDa0kkZapSAjMcfwBQrDg2BdNYgFVTTv6m",
            "source": "NBC Sports Chicago",
            "source_icon": "https://encrypted-tbn2.gstatic.com/faviconV2?url=https://www.nbcsportschicago.com&client=NEWS_360&size=96&type=FAVICON&fallback_opts=TYPE,SIZE,URL",
            "title": "Bears rookie minicamp report card: How Caleb Williams, Rome Odunze performed"
        },
        {
            "link": "https://news.google.com/articles/CBMiWmh0dHBzOi8vd3d3Lm55dGltZXMuY29tL2F0aGxldGljLzU0ODc1NjcvMjAyNC8wNS8xMy9hcnNlbmFsLW9sZC10cmFmZm9yZC1wcm9ncmVzcy1oaXN0b3J5L9IBAA?hl=en-US&gl=US&ceid=US%3Aen",
            "og": "https://encrypted-tbn1.gstatic.com/images?q=tbn:ANd9GcRMMGj0iowClGCTznDt_HIS7Iv3p7TDbCTISKjH0-f58Cygq9YOERzykLYZilbftrZw69cvmklIvlBDaI3ZjeoyHRKrfgzz6lhxJr5LI8lPBR4WMw",
            "source": "The New York Times",
            "source_icon": "https://encrypted-tbn2.gstatic.com/faviconV2?url=https://www.nytimes.com&client=NEWS_360&size=96&type=FAVICON&fallback_opts=TYPE,SIZE,URL",
            "title": "Arsenal marry progress and history with another 1-0 win at Old Trafford"
        },
        {
            "link": "https://news.google.com/articles/CBMicWh0dHBzOi8vd3d3Lm5iY3Nwb3J0cy5jb20vbmZsL3Byb2Zvb3RiYWxsdGFsay9ydW1vci1taWxsL25ld3MvcmVwb3J0LWJpbGxzLWhpcmUtam9obi1wYXJyeS1hcy1vZmZpY2lhdGluZy1saWFpc29u0gEA?hl=en-US&gl=US&ceid=US%3Aen",
            "og": "https://encrypted-tbn0.gstatic.com/images?q=tbn:ANd9GcRDn_r7VGm0VN9HpaajRQ_5bmU-LE3YYyjh9OwGM-_wV7o1fEgwVhsvw2lMonxESiqf8IXiYEFL0fQoNlYDVu_V",
            "source": "NBC Sports",
            "source_icon": "https://encrypted-tbn1.gstatic.com/faviconV2?url=https://www.nbcsports.com&client=NEWS_360&size=96&type=FAVICON&fallback_opts=TYPE,SIZE,URL",
            "title": "Report: Bills hire John Parry as officiating liaison"
        },
        {
            "link": "https://news.google.com/articles/CBMiZ2h0dHBzOi8vd3d3LnNlYWhhd2tzLmNvbS9uZXdzL3NlYWhhd2tzLXNpZ24tMjAyNC1kcmFmdC1waWNrcy1uZWhlbWlhaC1wcml0Y2hldHQtc2F0YW9hLWxhdW1lYS1kLWotamFtZXPSAQA?hl=en-US&gl=US&ceid=US%3Aen",
            "og": "https://encrypted-tbn3.gstatic.com/images?q=tbn:ANd9GcQdzgxr_GAOWIfe45w2yRRO_j9bG1NWSjetWtvaIkfeizt8MI5QEcJPMMxZZ7O1leAOEtkdEoN96cgH3de6DRzB",
            "source": "Seahawks.com",
            "source_icon": "https://encrypted-tbn2.gstatic.com/faviconV2?url=https://www.seahawks.com&client=NEWS_360&size=96&type=FAVICON&fallback_opts=TYPE,SIZE,URL",
            "title": "Seahawks Sign 2024 Draft Picks Nehemiah Pritchett, Sataoa Laumea & D.J. James"
        },
        {
            "link": "https://news.google.com/articles/CBMiX2h0dHBzOi8vd3d3LmZveHNwb3J0cy5jb20vc3Rvcmllcy9uYXNjYXIvbmFzY2FyLXVudmVpbHMtMS1taWxsaW9uLWluLXNlYXNvbi10b3VybmFtZW50LWZvci0yMDI10gFfaHR0cHM6Ly9hbXAuZm94c3BvcnRzLmNvbS9zdG9yaWVzL25hc2Nhci9uYXNjYXItdW52ZWlscy0xLW1pbGxpb24taW4tc2Vhc29uLXRvdXJuYW1lbnQtZm9yLTIwMjU?hl=en-US&gl=US&ceid=US%3Aen",
            "og": "https://encrypted-tbn0.gstatic.com/images?q=tbn:ANd9GcTDKyLbWu8MoJQf1H8GczTri5GYSOz5mIJlkRdwjMHde3rdoAexubsjZuqYbcwGQK9-i5v_c_iJho9Xv5AftHwLeSCCb_rxsrHWAEuk-mACRWYaFA",
            "source": "FOX Sports",
            "source_icon": "https://encrypted-tbn3.gstatic.com/faviconV2?url=https://www.foxsports.com&client=NEWS_360&size=96&type=FAVICON&fallback_opts=TYPE,SIZE,URL",
            "title": "NASCAR unveils $1M in-season tournament for 2025"
        },
        {
            "link": "https://news.google.com/articles/CBMicGh0dHBzOi8vMjQ3c3BvcnRzLmNvbS9sb25nZm9ybWFydGljbGUvcHJlZGljdGluZy10aGUtMjAyNC1uYmEtZHJhZnQtY29tYmluZXMtdG9wLXN0YXktb3ItZ28tZGVjaXNpb25zLTIzMTcxNzY4MS_SAXRodHRwczovLzI0N3Nwb3J0cy5jb20vbG9uZ2Zvcm1hcnRpY2xlL3ByZWRpY3RpbmctdGhlLTIwMjQtbmJhLWRyYWZ0LWNvbWJpbmVzLXRvcC1zdGF5LW9yLWdvLWRlY2lzaW9ucy0yMzE3MTc2ODEvYW1wLw?hl=en-US&gl=US&ceid=US%3Aen",
            "og": "https://encrypted-tbn3.gstatic.com/images?q=tbn:ANd9GcT4POPBOHpl-Wo8G_GHvhVJUIWQgmOOR03tGWw45IE30H5E9TKnLGjcMSf5o40WIV2jEH2op7jr8YkazQC5Mzdtw_-NXyeomLeAwdUZJiXlOVxQGA",
            "source": "247Sports",
            "source_icon": "https://encrypted-tbn3.gstatic.com/faviconV2?url=https://247sports.com&client=NEWS_360&size=96&type=FAVICON&fallback_opts=TYPE,SIZE,URL",
            "title": "Predicting the 2024 NBA Draft Combine's top stay-or-go decisions"
        },
        {
            "link": "https://news.google.com/articles/CBMiaGh0dHBzOi8vd3d3Lm5mbC5jb20vbmV3cy9idWNjYW5lZXJzLXNhZmV0eS1hbnRvaW5lLXdpbmZpZWxkLWpyLWFncmVlcy10by1mb3VyLXllYXItODQtMS1taWxsaW9uLWNvbnRyYWN00gEA?hl=en-US&gl=US&ceid=US%3Aen",
            "og": "https://encrypted-tbn1.gstatic.com/images?q=tbn:ANd9GcQynTbYusmA6RhyTIASAK8hVfqIj-3PGykminzB6Pgu1_M-foy0XbEXawX5KBRzM8HZWWBjVKtGOz8mjnt861_a",
            "source": "NFL.com",
            "source_icon": "https://encrypted-tbn3.gstatic.com/faviconV2?url=https://www.nfl.com&client=NEWS_360&size=96&type=FAVICON&fallback_opts=TYPE,SIZE,URL",
            "title": "Buccaneers safety Antoine Winfield Jr. agrees to four-year, $84.1 million contract"
        },
        {
            "link": "https://news.google.com/articles/CBMieWh0dHBzOi8vd3d3LmJpZ2JsdWV2aWV3LmNvbS8yMDI0LzUvMTMvMjQxNTU1MzgvbmZsLXNjaGVkdWxlLXJlbGVhc2UtY291bGQtdGhlLW5ldy15b3JrLWdpYW50cy1wbGF5LWluLWdlcm1hbnktdGhpcy1zZWFzb27SAQA?hl=en-US&gl=US&ceid=US%3Aen",
            "og": "https://encrypted-tbn2.gstatic.com/images?q=tbn:ANd9GcQ2zVMeceT6vDSWZoKaWF9qp6pET-uFKHcw2aPDzfTs6RSp4qrVMuMy39zqAZZZmSBHA-lGqaKjnhDzXXjFkbLYg7gav0XLK74hpYGnaAA_6AtUWQ",
            "source": "Big Blue View",
            "source_icon": "https://encrypted-tbn3.gstatic.com/faviconV2?url=https://www.bigblueview.com&client=NEWS_360&size=96&type=FAVICON&fallback_opts=TYPE,SIZE,URL",
            "title": "NFL schedule release: Could the New York Giants play in Germany this season?"
        },
        {
            "link": "https://news.google.com/articles/CBMiggFodHRwczovL3d3dy5kZXNlcmV0LmNvbS9zcG9ydHMvMjAyNC8wNS8xMy9ieXUtdXRhaC1oZWFkLXRvLW5jYWEtYXVzdGluLXJlZ2lvbmFsLW5lZWRpbmctYS10b3AtZml2ZS1maW5pc2gtdG8tYWR2YW5jZS10by1uYXRpb25hbHMv0gEA?hl=en-US&gl=US&ceid=US%3Aen",
            "og": "https://encrypted-tbn0.gstatic.com/images?q=tbn:ANd9GcQ3sRZMZwYgSYr-83kZrs2Cpzea_3ntBO8341YqaMRMg1CzK_w6rxI-Bc4R6APizOI",
            "source": "Deseret News",
            "source_icon": "https://encrypted-tbn1.gstatic.com/faviconV2?url=https://www.deseret.com&client=NEWS_360&size=96&type=FAVICON&fallback_opts=TYPE,SIZE,URL",
            "title": "BYU, Utah golf teams begin play at NCAA regionals on Monday"
        },
        {
            "link": "https://news.google.com/articles/CBMiVWh0dHBzOi8vd3d3LmRlbnZlcmJyb25jb3MuY29tL25ld3MvYnJvbmNvcy1zaWduLXdyLXBoaWxsaXAtZG9yc2V0dC1jYi1xdWludG9uLW5ld3NvbWXSAQA?hl=en-US&gl=US&ceid=US%3Aen",
            "og": "https://encrypted-tbn2.gstatic.com/images?q=tbn:ANd9GcSdhecY5qys--LYTt5cq7BR6kEynQ16L3Lc3navirObyykIc3B4gf43-jLR1tYLZ8pxyXruCMkOBqTAWZUwGMAq",
            "source": "DenverBroncos.com",
            "source_icon": "https://encrypted-tbn1.gstatic.com/faviconV2?url=https://www.denverbroncos.com&client=NEWS_360&size=96&type=FAVICON&fallback_opts=TYPE,SIZE,URL",
            "title": "Broncos sign WR Phillip Dorsett, CB Quinton Newsome"
        },
        {
            "link": "https://news.google.com/articles/CBMie2h0dHBzOi8vd3d3Lm5iY3Nwb3J0cy5jb20vbmZsL3Byb2Zvb3RiYWxsdGFsay9ydW1vci1taWxsL25ld3MvYWxleC12YW4tcGVsdC13aWxsLWJlLXRoZS1sZWFkLWd1eS1pbi13b3JraW5nLXdpdGgtZHJha2UtbWF5ZdIBAA?hl=en-US&gl=US&ceid=US%3Aen",
            "og": "https://encrypted-tbn1.gstatic.com/images?q=tbn:ANd9GcStojEs1OOIM8qOZ80VADBCGKtVjINlVAe-ytjbVImrvRamKsLY09NguKxuuHp2K-68lqVeMwEdlzi5H04FaC43",
            "source": "NBC Sports",
            "source_icon": "https://encrypted-tbn1.gstatic.com/faviconV2?url=https://www.nbcsports.com&client=NEWS_360&size=96&type=FAVICON&fallback_opts=TYPE,SIZE,URL",
            "title": "Alex Van Pelt will be the \"lead guy\" in working with Drake Maye"
        },
        {
            "link": "https://news.google.com/articles/CBMiYmh0dHBzOi8vd3d3LmVzcG4uY29tL25obC9zdG9yeS9fL2lkLzQwMTQwNTg3L25obC1zdXNwZW5kcy1jYW51Y2tzLWNhcnNvbi1zb3VjeS1zaG90LWNvbm5vci1tY2Rhdmlk0gEA?hl=en-US&gl=US&ceid=US%3Aen",
            "og": "https://encrypted-tbn2.gstatic.com/images?q=tbn:ANd9GcQLoJaEDDws72PhvdlfQVOIjVIKSlS0fywO2OoUpP08C3KRvd633dfBKkRS1DhTpH_tw3MczqFWdV_Hbrs4e1F-",
            "source": "ESPN",
            "source_icon": "https://encrypted-tbn2.gstatic.com/faviconV2?url=https://www.espn.com&client=NEWS_360&size=96&type=FAVICON&fallback_opts=TYPE,SIZE,URL",
            "title": "NHL suspends Canucks' Carson Soucy for shot to Connor McDavid"
        },
        {
            "link": "https://news.google.com/articles/CBMicWh0dHBzOi8vd3d3Lm5hc2Nhci5jb20vbmV3cy1tZWRpYS8yMDI0LzA1LzEzL2N1cC1zZXJpZXMtMjAyNC1kYXJsaW5ndG9uLWFuYWx5c2lzLXJmay1yYWNpbmctZm9yZC1icmFkLWtlc2Vsb3dza2kv0gF1aHR0cHM6Ly93d3cubmFzY2FyLmNvbS9uZXdzLW1lZGlhLzIwMjQvMDUvMTMvY3VwLXNlcmllcy0yMDI0LWRhcmxpbmd0b24tYW5hbHlzaXMtcmZrLXJhY2luZy1mb3JkLWJyYWQta2VzZWxvd3NraS9hbXAv?hl=en-US&gl=US&ceid=US%3Aen",
            "og": "https://encrypted-tbn2.gstatic.com/images?q=tbn:ANd9GcSpVXW2UT-VUKhYDFi8LulFyLUZQRA_JjOHk_k19SH_KUjMpQOTs3SCTv_9YVDU6aYi35RxaZQOyAZQsgAqMN15ODlglJva9AZNfZ0eOYHnJK0Pnw",
            "source": "NASCAR",
            "source_icon": "https://encrypted-tbn0.gstatic.com/faviconV2?url=https://www.nascar.com&client=NEWS_360&size=96&type=FAVICON&fallback_opts=TYPE,SIZE,URL",
            "title": "Brad Keselowski, No. 6 pit crew fly the flag after streak-snapping triumph: ‘It’s a heck of a ride’"
        },
        {
            "link": "https://news.google.com/articles/CBMibGh0dHBzOi8vd3d3LmNsZXZlbGFuZC5jb20vY2F2cy8yMDI0LzA1L2Rvbm92YW4tbWl0Y2hlbGwtdG8tbWlzcy1nYW1lLTQtb2YtZWFzdGVybi1jb25mZXJlbmNlLXNlbWlmaW5hbHMuaHRtbNIBe2h0dHBzOi8vd3d3LmNsZXZlbGFuZC5jb20vY2F2cy8yMDI0LzA1L2Rvbm92YW4tbWl0Y2hlbGwtdG8tbWlzcy1nYW1lLTQtb2YtZWFzdGVybi1jb25mZXJlbmNlLXNlbWlmaW5hbHMuaHRtbD9vdXRwdXRUeXBlPWFtcA?hl=en-US&gl=US&ceid=US%3Aen",
            "og": "https://encrypted-tbn3.gstatic.com/images?q=tbn:ANd9GcS9FJf-Ouq3AB-bwWFFYoXCGM3dIF0lZnilkuPZ4XgvZR9gF4kuoX5fgqaNN-xlTy3BTHY_R2C-KQC-3Y3Za3oYaKBFx4DBoySNBZYoCqADbWGNgA",
            "source": "cleveland.com",
            "source_icon": "https://encrypted-tbn2.gstatic.com/faviconV2?url=https://www.cleveland.com&client=NEWS_360&size=96&type=FAVICON&fallback_opts=TYPE,SIZE,URL",
            "title": "Donovan Mitchell out for Game 4 of Eastern Conference semifinals"
        },
        {
            "link": "https://news.google.com/articles/CBMihAFodHRwczovL3Nwb3J0cy55YWhvby5jb20vbWxiLXBvd2VyLXJhbmtpbmdzLXBoaWxsaWVzLWxlYWQtZG9kZ2Vycy1icmF2ZXMtYXMtdHJpby1vZi1ubC1jb250ZW5kZXJzLXRvcC10aGlzLXdlZWtzLWxpc3QtMTk0MDQ5NzYyLmh0bWzSAQA?hl=en-US&gl=US&ceid=US%3Aen",
            "og": "https://encrypted-tbn0.gstatic.com/images?q=tbn:ANd9GcRRdtxsZJfPtMEbdCjGfJaANhX-yEB0iZkNcENVaMKBj8jERY5xoR__ES9DFZjD6TOBSBx02Cr2_Qx3kT2Vc7N3okcuU08q3FMeqglqJ87dc3pb6Q",
            "source": "Yahoo Sports",
            "source_icon": "https://encrypted-tbn3.gstatic.com/faviconV2?url=https://sports.yahoo.com&client=NEWS_360&size=96&type=FAVICON&fallback_opts=TYPE,SIZE,URL",
            "title": "MLB Power Rankings: Phillies lead Dodgers, Braves as trio of NL contenders top this week's list"
        },
        {
            "link": "https://news.google.com/articles/CBMiTWh0dHBzOi8vcmFjZXIuY29tLzIwMjQvMDUvMTMvd2hhdHMtaGFwcGVuaW5nLWFuZC13aGVuLWF0LXRoaXMteWVhcnMtaW5keS01MDAv0gEA?hl=en-US&gl=US&ceid=US%3Aen",
            "og": "https://encrypted-tbn1.gstatic.com/images?q=tbn:ANd9GcRSb4enpOQg7kK3FL_Nn8_elH77fNTaOyrrN21yJnbh8Z8gWvvSaNjh-VTNP-5AE10OI89dUWPl82hRb2xrJrLijLvuX_m34C1fwK7E_gBjRlgsjw",
            "source": "RACER",
            "source_icon": "https://encrypted-tbn2.gstatic.com/faviconV2?url=https://racer.com&client=NEWS_360&size=96&type=FAVICON&fallback_opts=TYPE,SIZE,URL",
            "title": "The Month of May is here. Here's how to follow the Indy 500"
        },
        {
            "link": "https://news.google.com/articles/CBMidGh0dHBzOi8vd3d3Lm5iY3Nwb3J0cy5jb20vbmZsL3Byb2Zvb3RiYWxsdGFsay9ydW1vci1taWxsL25ld3MvYmVhcnMtc2lnbi1mcmVkZGllLXN3YWluLXRvbW15LXN3ZWVuZXktYW5kLWZvdXItb3RoZXJz0gEA?hl=en-US&gl=US&ceid=US%3Aen",
            "og": "https://encrypted-tbn0.gstatic.com/images?q=tbn:ANd9GcTwPif-Hu8zU07M2aG8qbNOLDrIKFGYivvTj8HyzTJaEMuIurWeZDlME9Ym-nkqOV7ZlOg2S63vfbtAkRTbnU_P",
            "source": "NBC Sports",
            "source_icon": "https://encrypted-tbn1.gstatic.com/faviconV2?url=https://www.nbcsports.com&client=NEWS_360&size=96&type=FAVICON&fallback_opts=TYPE,SIZE,URL",
            "title": "Bears sign Freddie Swain, Tommy Sweeney and four others"
        },
        {
            "link": "https://news.google.com/articles/CBMiSWh0dHBzOi8vd3d3Lm5obC5jb20vYnJ1aW5zL25ld3MvYnJ1aW5zLWFubm91bmNlLXJvc3Rlci10cmFuc2FjdGlvbnMteDY0NzTSAQA?hl=en-US&gl=US&ceid=US%3Aen",
            "og": "https://encrypted-tbn3.gstatic.com/images?q=tbn:ANd9GcSU2l6YsriRNKgkUKkqUmJDUNvVM_DrDtjh6fDmBTvx2qXyeQrKUxX2NRkgMF4BhaDwHOb4eSs72PBZX7vO42I_",
            "source": "NHL.com",
            "source_icon": "https://encrypted-tbn1.gstatic.com/faviconV2?url=https://www.nhl.com&client=NEWS_360&size=96&type=FAVICON&fallback_opts=TYPE,SIZE,URL",
            "title": "Bruins Announce Roster Transactions | Boston Bruins"
        },
        {
            "link": "https://news.google.com/articles/CBMiY2h0dHBzOi8vd3d3Lm5iY3Nwb3J0cy5jb20vZmFudGFzeS9iYXNlYmFsbC9uZXdzL2JhdC1zcGVlZC1sZWFkZXJib2FyZC13aGF0LWlzLWl0LWFuZC13aHktZG8td2UtY2FyZdIBAA?hl=en-US&gl=US&ceid=US%3Aen",
            "og": "https://encrypted-tbn0.gstatic.com/images?q=tbn:ANd9GcSMFCfOanhzs3iRCfnsGyV56dq-11URg27WIFnCXz0lrehc-q-52y0XRwSvkL4u0rb3-PazzYdf1lHYAIvBcdHZ",
            "source": "NBC Sports",
            "source_icon": "https://encrypted-tbn1.gstatic.com/faviconV2?url=https://www.nbcsports.com&client=NEWS_360&size=96&type=FAVICON&fallback_opts=TYPE,SIZE,URL",
            "title": "Bat speed leaderboard: What is it and who stands out?"
        },
        {
            "link": "https://news.google.com/articles/CBMiaGh0dHBzOi8vd3d3LmZveHNwb3J0cy5jb20vc3Rvcmllcy9uYXNjYXIvYnViYmxlLWRyaXZlcnMtZGlzY3Vzcy1wbGF5b2ZmLXB1c2gtbWlkd2F5LXBvaW50LXJlZ3VsYXItc2Vhc29u0gFoaHR0cHM6Ly9hbXAuZm94c3BvcnRzLmNvbS9zdG9yaWVzL25hc2Nhci9idWJibGUtZHJpdmVycy1kaXNjdXNzLXBsYXlvZmYtcHVzaC1taWR3YXktcG9pbnQtcmVndWxhci1zZWFzb24?hl=en-US&gl=US&ceid=US%3Aen",
            "og": "https://encrypted-tbn2.gstatic.com/images?q=tbn:ANd9GcRlb1quKnuS7rWDd7TlM6nbds8s5seYfum2bE0uNO9aBJCKfJ8XBsf-F9H9TSWa8tdfbco1ow2Ln3ZhnccInRHciJGZDEj_HVrAFyc7O0pgC906xA",
            "source": "FOX Sports",
            "source_icon": "https://encrypted-tbn3.gstatic.com/faviconV2?url=https://www.foxsports.com&client=NEWS_360&size=96&type=FAVICON&fallback_opts=TYPE,SIZE,URL",
            "title": "Bubble drivers discuss playoff push at midway point of regular season"
        },
        {
            "link": "https://news.google.com/articles/CBMifGh0dHBzOi8vd3d3LmVzcG4uY29tL25iYS9zdG9yeS9fL2lkLzQwMTQyMTI0L2NlbHRpY3MtdGFrZS1jb250cm9sLWVhc3Qtc2VtaWZpbmFsLXNlcmllcy1nYW1lLTQtd2luLXZzLXNob3J0LWhhbmRlZC1jYXZhbGllcnPSAQA?hl=en-US&gl=US&ceid=US%3Aen",
            "og": "https://encrypted-tbn3.gstatic.com/images?q=tbn:ANd9GcTgWV3Y3hc3hLljGpjgZUg-auHDw9qZsxDi-1mUweI6edcTPxrFr9QCyTJOKaFYBEAC_JouiCAE84HXrODE1YYj",
            "source": "ESPN",
            "source_icon": "https://encrypted-tbn2.gstatic.com/faviconV2?url=https://www.espn.com&client=NEWS_360&size=96&type=FAVICON&fallback_opts=TYPE,SIZE,URL",
            "title": "Celtics outlast hobbled Cavaliers to take 3-1 series lead"
        }
    ],
    "Technology": [
        {
            "link": "https://news.google.com/articles/CBMiXWh0dHBzOi8vd3d3LmJ1c2luZXNzaW5zaWRlci5jb20vY2hhdGdwdC00by1zYW0tYWx0bWFuLWFwcGxlLXNpcmktdGltLWNvb2stY29tcGFyZWQtaG93LTIwMjQtNdIBYWh0dHBzOi8vd3d3LmJ1c2luZXNzaW5zaWRlci5jb20vY2hhdGdwdC00by1zYW0tYWx0bWFuLWFwcGxlLXNpcmktdGltLWNvb2stY29tcGFyZWQtaG93LTIwMjQtNT9hbXA?hl=en-US&gl=US&ceid=US%3Aen",
            "og": "https://encrypted-tbn0.gstatic.com/images?q=tbn:ANd9GcTiV0yg9c9-QSWHzSFrGYaUyePYlmf2Eh3hb62BWpHH_wwcdTq4EjsebOJ2iHenVdCQAoWxstUF1wTi2SvcItpB5GGhWh6WeWtLglqDs1prQZjBag",
            "source": "Business Insider",
            "source_icon": "https://encrypted-tbn3.gstatic.com/faviconV2?url=https://www.businessinsider.com&client=NEWS_360&size=96&type=FAVICON&fallback_opts=TYPE,SIZE,URL",
            "title": "OpenAI's new voice assistant ChatGPT-4o smokes Apple's Siri"
        },
        {
            "link": "https://news.google.com/articles/CBMiOWh0dHBzOi8vOXRvNW1hYy5jb20vMjAyNC8wNS8xMy9maXJzdC1tMi1pcGFkLWFpci1yZXZpZXdzL9IBAA?hl=en-US&gl=US&ceid=US%3Aen",
            "og": "https://encrypted-tbn0.gstatic.com/images?q=tbn:ANd9GcT3YahoAJlpfdg2an2CnVW-le6geeb0iP_qvxV2gA5B85-kV6ylGWZza2tbGjFdkPmflH1wGKLW2nDeToNdPj8e_W4c_cBF24884RJPZX-5H3CucA",
            "source": "9to5Mac",
            "source_icon": "https://encrypted-tbn0.gstatic.com/faviconV2?url=https://9to5mac.com&client=NEWS_360&size=96&type=FAVICON&fallback_opts=TYPE,SIZE,URL",
            "title": "First M2 iPad Air reviews call it 'the iPad to get'"
        },
        {
            "link": "https://news.google.com/articles/CBMiTWh0dHBzOi8vdGhlaGFja2VybmV3cy5jb20vMjAyNC8wNS9hcHBsZS1hbmQtZ29vZ2xlLWxhdW5jaC1jcm9zcy1wbGF0Zm9ybS5odG1s0gEA?hl=en-US&gl=US&ceid=US%3Aen",
            "og": "https://encrypted-tbn2.gstatic.com/images?q=tbn:ANd9GcSngJzQmib1fjB_4HG5Co6_zEvWb66dTZNusVncrOUzyUOakWOLm935Ydic6OQM5aPUCmLJCRUP3yS5b1IvFrRRcOU94j_o0-3i5CJLCUg26Xe4Og",
            "source": "The Hacker News",
            "source_icon": "https://encrypted-tbn3.gstatic.com/faviconV2?url=https://thehackernews.com&client=NEWS_360&size=96&type=FAVICON&fallback_opts=TYPE,SIZE,URL",
            "title": "Apple and Google Launch Cross-Platform Feature to Detect Unwanted Bluetooth Tracking Devices"
        },
        {
            "link": "https://news.google.com/articles/CBMiYGh0dHBzOi8vd3d3LnRoZXZlcmdlLmNvbS8yMDI0LzUvMTMvMjQxNTU5ODIvc29ueS1wbGF5c3RhdGlvbi1jby1jZW8taGVybWVuLWh1bHN0LWhpZGVha2ktbmlzaGlub9IBAA?hl=en-US&gl=US&ceid=US%3Aen",
            "og": "https://encrypted-tbn1.gstatic.com/images?q=tbn:ANd9GcQsZKKfrfopysKK88LxRTYeEPDSe8tNgTug5UveMXUsIL-rE45lESZIEg6qq_MLaOohfQYlizd_9IgyxXENcYn0R0vRI4u4M4PwEk5mYd-oOaDbdQ",
            "source": "The Verge",
            "source_icon": "https://encrypted-tbn2.gstatic.com/faviconV2?url=https://www.theverge.com&client=NEWS_360&size=96&type=FAVICON&fallback_opts=TYPE,SIZE,URL",
            "title": "Sony names new PlayStation leaders following Jim Ryan's retirement"
        },
        {
            "link": "https://news.google.com/articles/CBMiSWh0dHBzOi8vOXRvNWdvb2dsZS5jb20vMjAyNC8wNS8xMy9nb29nbGUtcGl4ZWwtOC1hbmRyb2lkLWNocm9tZW9zLXJlcG9ydC_SAQA?hl=en-US&gl=US&ceid=US%3Aen",
            "og": "https://encrypted-tbn0.gstatic.com/images?q=tbn:ANd9GcT-TQ6jkSDvEnbARcgtx2MQ821SoKu3nykB4SuLzXnfDDYahjko9RTocMCXxf-gxROw9OJnFWVFXBWw43q0u_5qLfN7KuvDMXapacFpazRQSEJPsA",
            "source": "9to5Google",
            "source_icon": "https://encrypted-tbn3.gstatic.com/faviconV2?url=https://9to5google.com&client=NEWS_360&size=96&type=FAVICON&fallback_opts=TYPE,SIZE,URL",
            "title": "Google may have shown off a Pixel 8 running ChromeOS"
        },
        {
            "link": "https://news.google.com/articles/CBMiO2h0dHBzOi8vOXRvNWdvb2dsZS5jb20vMjAyNC8wNS8xMy9waXhlbC04YS1zbmFwc2hvdC13aWRnZXQv0gEA?hl=en-US&gl=US&ceid=US%3Aen",
            "og": "https://encrypted-tbn2.gstatic.com/images?q=tbn:ANd9GcQOfVef_A6hQJz2J5P1lpUCVqzercfjLmykGH2658kxrdCwUPttU8oXCR8DMh0T9WPcXQw1H-FVISxY__h2z8EOJmnTnQE2Y6vQwdec84i1KB9vCQ",
            "source": "9to5Google",
            "source_icon": "https://encrypted-tbn3.gstatic.com/faviconV2?url=https://9to5google.com&client=NEWS_360&size=96&type=FAVICON&fallback_opts=TYPE,SIZE,URL",
            "title": "The Pixel 8a has a 'Snapshot' widget and 'Inside Out' wallpapers"
        },
        {
            "link": "https://news.google.com/articles/CBMigAFodHRwczovL3d3dy50b21zZ3VpZGUuY29tL2FpL2dvb2dsZS1nZW1pbmkvZ29vZ2xlLWp1c3QtYW5zd2VyZWQtZ3B0LTRvLXdpdGgtZ2VtaW5pLXByb3RvdHlwZS10aGF0cy1jb252ZXJzYXRpb25hbC1hbmQtdXNlcy12aWRlb9IBAA?hl=en-US&gl=US&ceid=US%3Aen",
            "og": "https://encrypted-tbn1.gstatic.com/images?q=tbn:ANd9GcQFciIwLl2et-0v-mF9Q8EAB6sRfnPVoYDXg3yCzkCx-OkH9P-EfgpnKc6Z5bfjTgXf9IwWKFz39-mkUZSF9YDJ5j43z_REV_aj9cmnrD2L_5-sxQ",
            "source": "Tom's Guide",
            "source_icon": "https://encrypted-tbn0.gstatic.com/faviconV2?url=https://www.tomsguide.com&client=NEWS_360&size=96&type=FAVICON&fallback_opts=TYPE,SIZE,URL",
            "title": "Google just answered GPT-4o with Gemini demo that's conversational and uses video"
        },
        {
            "link": "https://news.google.com/articles/CBMibWh0dHBzOi8vd3d3LmVuZ2FkZ2V0LmNvbS9nb29nbGVzLXByb2plY3Qtc3RhcmxpbmUtdmlkZW8tY29uZmVyZW5jaW5nLXRlY2gtaXMtY29taW5nLXRvLW9mZmljZXMtMTcxNjIyOTgwLmh0bWzSAQA?hl=en-US&gl=US&ceid=US%3Aen",
            "og": "https://encrypted-tbn0.gstatic.com/images?q=tbn:ANd9GcRPccMxs_cJ3HiyBdJLg6fK3fPXBCccDJCCIpQbWl5iNFlapyhbaSX7pR1J72CjTaH3xTdV72GgWih-4WntAP1MXomn1eQi8yJfRkkVBb2EbGC0iA",
            "source": "Engadget",
            "source_icon": "https://encrypted-tbn1.gstatic.com/faviconV2?url=https://www.engadget.com&client=NEWS_360&size=96&type=FAVICON&fallback_opts=TYPE,SIZE,URL",
            "title": "Google's Project Starline video conferencing tech is coming to offices"
        },
        {
            "link": "https://news.google.com/articles/CBMiZGh0dHBzOi8vd3d3LnpkbmV0LmNvbS9hcnRpY2xlL3doYXQtdG8tZXhwZWN0LWZyb20tZ29vZ2xlLWlvLTIwMjQtYW5kcm9pZC0xNS1nZW1pbmktd2Vhci1vcy1hbmQtbW9yZS_SAQA?hl=en-US&gl=US&ceid=US%3Aen",
            "og": "https://encrypted-tbn3.gstatic.com/images?q=tbn:ANd9GcSTZg6OfOUCjMZ23-NhN-_3VeC-qilxzCoNmr5svEihNcPg_d-4Y6VRQxsEnaQBuwM8flZwNQGQ7Shl-W4wS02uzFuy78EYD7-5h09-cr_JsT45Qg",
            "source": "ZDNet",
            "source_icon": "https://encrypted-tbn3.gstatic.com/faviconV2?url=https://www.zdnet.com&client=NEWS_360&size=96&type=FAVICON&fallback_opts=TYPE,SIZE,URL",
            "title": "What to expect from Google I/O 2024: Android 15, Gemini, Wear OS, and more"
        },
        {
            "link": "https://news.google.com/articles/CBMiXWh0dHBzOi8vd3d3LmludmVzdG9ycy5jb20vbmV3cy90ZWNobm9sb2d5L2FwcGxlLXN0b2NrLWlwaG9uZS1tYWtlci1jbG9zZS10by1kZWFsLXdpdGgtb3BlbmFpL9IBAA?hl=en-US&gl=US&ceid=US%3Aen",
            "og": "https://encrypted-tbn1.gstatic.com/images?q=tbn:ANd9GcRGFxxh-z0VOcptLT5nCZlvSAqaV8hQJA5znMe0uSCw3AoqyPG5Rq1ERvpjH0xvlIXTIMO9UYN6cuupTqVDOLAYPxHJiYQcyRiUYX9VdFH3wDmGcQ",
            "source": "Investor's Business Daily",
            "source_icon": "https://encrypted-tbn0.gstatic.com/faviconV2?url=https://www.investors.com&client=NEWS_360&size=96&type=FAVICON&fallback_opts=TYPE,SIZE,URL",
            "title": "Apple Stock: iPhone Maker Close To Deal With OpenAI"
        },
        {
            "link": "https://news.google.com/articles/CBMiZWh0dHBzOi8vcGV0YXBpeGVsLmNvbS8yMDI0LzA1LzEzL2FwcGxlLWFwb2xvZ2l6ZXMtZm9yLWNydXNoaW5nLWNhbWVyYS1nZWFyLWNyZWF0aXZlLXRvb2xzLWluLWlwYWQtYWQv0gEA?hl=en-US&gl=US&ceid=US%3Aen",
            "og": "https://encrypted-tbn0.gstatic.com/images?q=tbn:ANd9GcQrBlZ6puQK6toHI5BV3_pS_NWc_JehUC37AdCFejNT31EOwq3MCu1pv-V4y3QVA8i5SCZR41rWwyIko-I-XUAZFK1YiB4FfpbkTHTblyytEvT8jw",
            "source": "PetaPixel",
            "source_icon": "https://encrypted-tbn2.gstatic.com/faviconV2?url=https://petapixel.com&client=NEWS_360&size=96&type=FAVICON&fallback_opts=TYPE,SIZE,URL",
            "title": "Apple Apologizes for Crushing Camera Gear, Creative Tools in iPad Ad"
        },
        {
            "link": "https://news.google.com/articles/CBMiTWh0dHBzOi8vd3d3Lndhc2hpbmd0b25wb3N0LmNvbS90ZWNobm9sb2d5LzIwMjQvMDUvMTMvZ29vZ2xlLWFpLXNlYXJjaC1pby1zZ2Uv0gEA?hl=en-US&gl=US&ceid=US%3Aen",
            "og": "https://encrypted-tbn0.gstatic.com/images?q=tbn:ANd9GcQ93aH5np6oWTlCQ6vSW9GPD9hSmV2oMaZspWIxrnMS4WqXtRZJ-XRs6FS_goLqJtNvtKELAJLg5gRugWi22lHDC5iNDQaoBm6grJqOGGaPdkZFEQ",
            "source": "The Washington Post",
            "source_icon": "https://encrypted-tbn3.gstatic.com/faviconV2?url=https://www.washingtonpost.com&client=NEWS_360&size=96&type=FAVICON&fallback_opts=TYPE,SIZE,URL",
            "title": "As Google AI search rolls out to more people, websites brace for carnage"
        },
        {
            "link": "https://news.google.com/articles/CBMidmh0dHBzOi8vd3d3LmJsb29tYmVyZy5jb20vbmV3cy9hcnRpY2xlcy8yMDI0LTA1LTEzL2FwcGxlLXNldC10by1zZWxsLXZpc2lvbi1wcm8taGVhZHNldC1pbnRlcm5hdGlvbmFsbHktZm9yLWZpcnN0LXRpbWXSAQA?hl=en-US&gl=US&ceid=US%3Aen",
            "og": "https://encrypted-tbn2.gstatic.com/images?q=tbn:ANd9GcRO4QDZMxjDp6AicqfmXQuAV2Mg6KXfCYwywXH6dHS1qqBZ11X8dvvgkSmzg9cz8F2uevG7_2XbMs0Mw-ZGJllN",
            "source": "Bloomberg",
            "source_icon": "https://encrypted-tbn1.gstatic.com/faviconV2?url=https://www.bloomberg.com&client=NEWS_360&size=96&type=FAVICON&fallback_opts=TYPE,SIZE,URL",
            "title": "Apple Prepares to Sell Vision Pro Outside US for the First Time"
        },
        {
            "link": "https://news.google.com/articles/CBMiU2h0dHBzOi8vd3d3LnRoZXZlcmdlLmNvbS8yMDI0LzUvMTMvMjQxNTU2MDQvc3F1YXJlLWVuaXgtbXVsdGlwbGF0Zm9ybS1nYW1lcy14Ym94LXBj0gEA?hl=en-US&gl=US&ceid=US%3Aen",
            "og": "https://encrypted-tbn3.gstatic.com/images?q=tbn:ANd9GcR-P_CkReQwIGuPGordan5uaJD2hV98vQOMYX1BInjKowZk6tLmC0P1LvrVZUVt0jaWhZGEY8MXI2R24WGwRCcdWMgDvYthQiqV8CdbLf_56BgbRQ",
            "source": "The Verge",
            "source_icon": "https://encrypted-tbn2.gstatic.com/faviconV2?url=https://www.theverge.com&client=NEWS_360&size=96&type=FAVICON&fallback_opts=TYPE,SIZE,URL",
            "title": "Square Enix plans to “aggressively pursue” multiplatform game releases"
        }
    ],
    "US": [
        {
            "link": "https://news.google.com/articles/CBMiUmh0dHBzOi8vd3d3LmF4aW9zLmNvbS8yMDI0LzA1LzEzL3dpbGRmaXJlLWNhbmFkYS1ldmFjdWF0aW9ucy1haXItcXVhbGl0eS11cy1zdGF0ZXPSAQA?hl=en-US&gl=US&ceid=US%3Aen",
            "og": "https://encrypted-tbn2.gstatic.com/images?q=tbn:ANd9GcQDKboGEuGoYJVBR9dggmJ9y45T1UAdC94KUtrhY-7siLOpsWc9Ly7F-NNTV2c4SGjrkI0kFbizOMQxf-STlOqRrhQrmSkAKQtC-BIZ-a3MwTsKWA",
            "source": "Axios",
            "source_icon": "https://encrypted-tbn0.gstatic.com/faviconV2?url=https://www.axios.com&client=NEWS_360&size=96&type=FAVICON&fallback_opts=TYPE,SIZE,URL",
            "title": "Canada wildfires hit northern U.S. air quality"
        },
        {
            "link": "https://news.google.com/articles/CBMiYGh0dHBzOi8vd3d3LnBvbGl0aWNvLmNvbS9uZXdzLzIwMjQvMDUvMTQvbWFyeWxhbmQtZGVtb2NyYXRpYy1zZW5hdGUtcHJpbWFyeS1sYXJyeS1ob2dhbi0wMDE1NzM5OdIBAA?hl=en-US&gl=US&ceid=US%3Aen",
            "og": "https://encrypted-tbn0.gstatic.com/images?q=tbn:ANd9GcTYiywO903CQ0OFQsIAy7UNlVD4jrSsOPetFMMc1qd1hRafWHSuLXjWIgIEpOWMXZY",
            "source": "POLITICO",
            "source_icon": "https://encrypted-tbn1.gstatic.com/faviconV2?url=https://www.politico.com&client=NEWS_360&size=96&type=FAVICON&fallback_opts=TYPE,SIZE,URL",
            "title": "Dems' ugliest Senate primary ends with a bad grand prize: Facing Larry Hogan"
        },
        {
            "link": "https://news.google.com/articles/CBMiZ2h0dHBzOi8vd3d3Lm5iY25ld3MuY29tL25ld3MvdXMtbmV3cy9ib2R5LWZvdW5kLXNlYXJjaC1tYW4td2VudC1jb2xvcmFkby1yaXZlci1ob21lbWFkZS1yYWZ0LXJjbmExNTIwOTbSAStodHRwczovL3d3dy5uYmNuZXdzLmNvbS9uZXdzL2FtcC9yY25hMTUyMDk2?hl=en-US&gl=US&ceid=US%3Aen",
            "og": "https://encrypted-tbn3.gstatic.com/images?q=tbn:ANd9GcTOhrkUV18BNkY3nsDLqf0aCtMp9MMDmw_sEQzldZMYctQGDiem2ulYpDHvGyOxsykiJaQNbsFVDBtSmXjMwwzHQBTvW77Vr-b2arRjXiSFU9Zytw",
            "source": "NBC News",
            "source_icon": "https://encrypted-tbn1.gstatic.com/faviconV2?url=https://www.nbcnews.com&client=NEWS_360&size=96&type=FAVICON&fallback_opts=TYPE,SIZE,URL",
            "title": "Body found in search of man who went into Colorado River on homemade raft"
        },
        {
            "link": "https://news.google.com/articles/CBMiZGh0dHBzOi8vYXBuZXdzLmNvbS9hcnRpY2xlL3doaXRleS1idWxnZXItcHJpc29uLWtpbGxpbmctcGxlYS1jaGFuZ2UtOGY5ZWUxYjlkMTY5ODliZDY5ZTE0NGM4MDIyNWIxYTDSAQA?hl=en-US&gl=US&ceid=US%3Aen",
            "og": "https://encrypted-tbn3.gstatic.com/images?q=tbn:ANd9GcRldTJpG68XCCr2DbO8ZOpdacW4QMyPrizNgNYKJnj4eaEawvCvAPL2rI1PkfzjuwSuM4awo-9QD68fT-sHMd71V01q",
            "source": "The Associated Press",
            "source_icon": "https://encrypted-tbn2.gstatic.com/faviconV2?url=https://apnews.com&client=NEWS_360&size=96&type=FAVICON&fallback_opts=TYPE,SIZE,URL",
            "title": "3 men charged in Whitey Bulger's 2018 prison killing have plea deals, prosecutors say"
        },
        {
            "link": "https://news.google.com/articles/CBMiMWh0dHBzOi8vd3d3LmJiYy5jb20vbmV3cy93b3JsZC11cy1jYW5hZGEtNjkwMDY0NTXSATVodHRwczovL3d3dy5iYmMuY29tL25ld3Mvd29ybGQtdXMtY2FuYWRhLTY5MDA2NDU1LmFtcA?hl=en-US&gl=US&ceid=US%3Aen",
            "og": "https://encrypted-tbn0.gstatic.com/images?q=tbn:ANd9GcRWC5hWBeGuw2iNm16s2IdpTaEEb_5F-1p80QOOroyx2cx1J9mK8-1x1PPNx9xa_WJyscd2eNaRatFGkE7S8yW-WbEPKrBwgWEiUVxWCCl9ykdXdQ",
            "source": "BBC.com",
            "source_icon": "https://encrypted-tbn2.gstatic.com/faviconV2?url=https://www.bbc.com&client=NEWS_360&size=96&type=FAVICON&fallback_opts=TYPE,SIZE,URL",
            "title": "Michael Cohen details what life was like as Trump's lawyer"
        },
        {
            "link": "https://news.google.com/articles/CBMibWh0dHBzOi8vd3d3LmZveG5ld3MuY29tL3VzL2NvbGxhcHNlZC1mcmFuY2lzLXNjb3R0LWtleS1icmlkZ2UtZGV0b25hdGVkLWhlbHAtZnJlZS1zaGlwLWZyb20tcG9ydC1vZi1iYWx0aW1vcmXSAXFodHRwczovL3d3dy5mb3huZXdzLmNvbS91cy9jb2xsYXBzZWQtZnJhbmNpcy1zY290dC1rZXktYnJpZGdlLWRldG9uYXRlZC1oZWxwLWZyZWUtc2hpcC1mcm9tLXBvcnQtb2YtYmFsdGltb3JlLmFtcA?hl=en-US&gl=US&ceid=US%3Aen",
            "og": "https://encrypted-tbn0.gstatic.com/images?q=tbn:ANd9GcTimXCfTYyXN-e82R00ARVTQM4W5J10nLGZSdpTwQ-nRNrE2TYA76pBQxRz2NwRfY2DkcsIQNDAoR249txr_h10zdiruoeiksXwMzbAkxeo4KFBWA",
            "source": "Fox News",
            "source_icon": "https://encrypted-tbn3.gstatic.com/faviconV2?url=https://www.foxnews.com&client=NEWS_360&size=96&type=FAVICON&fallback_opts=TYPE,SIZE,URL",
            "title": "Collapsed Francis Scott Key Bridge detonated to help free ship from Port of Baltimore"
        },
        {
            "link": "https://news.google.com/articles/CBMiTmh0dHBzOi8vd3d3Lm55dGltZXMuY29tLzIwMjQvMDUvMTMvdXMvcG9saXRpY3MvYmxpbmtlbi11a3JhaW5lLXJ1c3NpYS13YXIuaHRtbNIBAA?hl=en-US&gl=US&ceid=US%3Aen",
            "og": "https://encrypted-tbn3.gstatic.com/images?q=tbn:ANd9GcSGjXfdJJY3rSBZrjThrIBMauW1_bB0864FUWimUiZhq-m99R4CaBivlFGvukQjhf7O5sD-scc4AZqNpQpv2dr_hv22v7FMs8jGeoqZAabBGlncpw",
            "source": "The New York Times",
            "source_icon": "https://encrypted-tbn2.gstatic.com/faviconV2?url=https://www.nytimes.com&client=NEWS_360&size=96&type=FAVICON&fallback_opts=TYPE,SIZE,URL",
            "title": "On Surprise Visit to Ukraine, Blinken Reassures Zelensky of U.S. Support"
        },
        {
            "link": "https://news.google.com/articles/CBMiUmh0dHBzOi8vd3d3LnBvbGl0aWNvLmNvbS9uZXdzLzIwMjQvMDUvMTMvanVyeS1zZWxlY3Rpb24tYm9iLW1lbmVuZGV6LWNhc2UtMDAxNTc3NjfSAQA?hl=en-US&gl=US&ceid=US%3Aen",
            "og": "https://encrypted-tbn1.gstatic.com/images?q=tbn:ANd9GcQ7y-SQr09FLBRWFcqtC3gXijVOmHyj082873Gu27Xi_NRMBi5iFaPZ11eG0IWJ_58",
            "source": "POLITICO",
            "source_icon": "https://encrypted-tbn1.gstatic.com/faviconV2?url=https://www.politico.com&client=NEWS_360&size=96&type=FAVICON&fallback_opts=TYPE,SIZE,URL",
            "title": "Menendez trial doesn't have a full jury yet, but he's not the main reason why"
        },
        {
            "link": "https://news.google.com/articles/CBMiRmh0dHBzOi8vd3d3Lm55dGltZXMuY29tLzIwMjQvMDUvMTMvbnlyZWdpb24vYm93bWFuLWxhdGltZXItZGViYXRlLmh0bWzSAQA?hl=en-US&gl=US&ceid=US%3Aen",
            "og": "https://encrypted-tbn0.gstatic.com/images?q=tbn:ANd9GcTkD-MKAqZw6mUnk-yrvv2VX41x15nmXjC-D1m-f2IvRI34QhyNe64VviA0IY8GgIashfUaI6zzJcMKhKsltj-w87DSe95xbdSYFI6jJwaoK7SLBw",
            "source": "The New York Times",
            "source_icon": "https://encrypted-tbn2.gstatic.com/faviconV2?url=https://www.nytimes.com&client=NEWS_360&size=96&type=FAVICON&fallback_opts=TYPE,SIZE,URL",
            "title": "Democrats' Split Over Israel Takes Center Stage in Tense Primary Debate"
        },
        {
            "link": "https://news.google.com/articles/CBMicWh0dHBzOi8vd3d3LnBicy5vcmcvbmV3c2hvdXIvc2hvdy90YW1hcmEta2VpdGgtYW5kLWFteS13YWx0ZXItb24tcG9sbHMtc2hvd2luZy1iaWRlbi10cmFpbGluZy10cnVtcC1pbi1rZXktc3RhdGVz0gF1aHR0cHM6Ly93d3cucGJzLm9yZy9uZXdzaG91ci9hbXAvc2hvdy90YW1hcmEta2VpdGgtYW5kLWFteS13YWx0ZXItb24tcG9sbHMtc2hvd2luZy1iaWRlbi10cmFpbGluZy10cnVtcC1pbi1rZXktc3RhdGVz?hl=en-US&gl=US&ceid=US%3Aen",
            "og": "https://encrypted-tbn2.gstatic.com/images?q=tbn:ANd9GcQyZeV0GMquk42G9dy7Hh1bztU67k1T7QRiGuAQOoOVPmZSgqzLRyVdoHMeXnOsM2IYYgKt_r1_cAuPcV65pIkC2JsF7nxfqH5juBz41cLyfcFr8Q",
            "source": "PBS NewsHour",
            "source_icon": "https://encrypted-tbn1.gstatic.com/faviconV2?url=https://www.pbs.org&client=NEWS_360&size=96&type=FAVICON&fallback_opts=TYPE,SIZE,URL",
            "title": "Tamara Keith and Amy Walter on polls showing Biden trailing Trump in key states"
        },
        {
            "link": "https://news.google.com/articles/CBMiZ2h0dHBzOi8vd3d3LnRoZWRhaWx5YmVhc3QuY29tL2plcnJ5LXNlaW5mZWxkcy0xNy15ZWFyLW9sZC1naXJsZnJpZW5kLXNhZ2EtcmVzdXJmYWNlcy1hZnRlci1kdWtlLXdhbGtvdXTSAQA?hl=en-US&gl=US&ceid=US%3Aen",
            "og": "https://encrypted-tbn2.gstatic.com/images?q=tbn:ANd9GcStCo1v31G4-k7pBf5dkg95FJgoQof67ihfc-36a4j2dn9BuVaiYgCBbM2ph0HDVzVrV-nvuLwmPE8",
            "source": "The Daily Beast",
            "source_icon": "https://encrypted-tbn0.gstatic.com/faviconV2?url=https://www.thedailybeast.com&client=NEWS_360&size=96&type=FAVICON&fallback_opts=TYPE,SIZE,URL",
            "title": "Jerry Seinfeld's Teen Girlfriend Saga Resurfaces After Duke Walkout"
        },
        {
            "link": "https://news.google.com/articles/CBMicmh0dHBzOi8vYWJjbmV3cy5nby5jb20vUG9saXRpY3MvdHJ1bXAtYWxsaWVzLXBvdGVudGlhbC12cC1jb250ZW5kZXJzLWZsb2NrLW1hbmhhdHRhbi1jb3VydGhvdXNlL3N0b3J5P2lkPTExMDE4MzkxMNIBdmh0dHBzOi8vYWJjbmV3cy5nby5jb20vYW1wL1BvbGl0aWNzL3RydW1wLWFsbGllcy1wb3RlbnRpYWwtdnAtY29udGVuZGVycy1mbG9jay1tYW5oYXR0YW4tY291cnRob3VzZS9zdG9yeT9pZD0xMTAxODM5MTA?hl=en-US&gl=US&ceid=US%3Aen",
            "og": "https://encrypted-tbn0.gstatic.com/images?q=tbn:ANd9GcTJAxC9sU4RJF0fSuEmKR_V-SLTvFIlpP-_8wH2iMo-0E4mJpWk6PnKBCkFy0XUi0N4jgFvBy7r70eP7YlcqMVe44rXjHuQa7bEzK_eiWQF4OHsmQ",
            "source": "ABC News",
            "source_icon": "https://encrypted-tbn3.gstatic.com/faviconV2?url=https://abcnews.go.com&client=NEWS_360&size=96&type=FAVICON&fallback_opts=TYPE,SIZE,URL",
            "title": "Trump allies, potential VP contenders flock to Manhattan courthouse"
        },
        {
            "link": "https://news.google.com/articles/CBMiamh0dHBzOi8vd3d3LmNuYmMuY29tLzIwMjQvMDUvMTQvdXMtb3JkZXJzLWNoaW5lc2UtYmFja2VkLWNyeXB0by1taW5lci10by1zZWxsLWxhbmQtbmVhci1taWxpdGFyeS1iYXNlLmh0bWzSAW5odHRwczovL3d3dy5jbmJjLmNvbS9hbXAvMjAyNC8wNS8xNC91cy1vcmRlcnMtY2hpbmVzZS1iYWNrZWQtY3J5cHRvLW1pbmVyLXRvLXNlbGwtbGFuZC1uZWFyLW1pbGl0YXJ5LWJhc2UuaHRtbA?hl=en-US&gl=US&ceid=US%3Aen",
            "og": "https://encrypted-tbn2.gstatic.com/images?q=tbn:ANd9GcToYBqn-z68yFdznX3AzSy04RA2HukoGDWeEwUhSw9hpW6aSmhQ5mmfutaIISH3ghwg-ErVNJxQRyaWRjhrd64Ch4XNXYfRrpax_RbJ2z2CuMVj0w",
            "source": "CNBC",
            "source_icon": "https://encrypted-tbn0.gstatic.com/faviconV2?url=https://www.cnbc.com&client=NEWS_360&size=96&type=FAVICON&fallback_opts=TYPE,SIZE,URL",
            "title": "U.S. orders Chinese-backed crypto miner to sell land near nuclear missile base"
        },
        {
            "link": "https://news.google.com/articles/CBMieWh0dHBzOi8vd3d3Lm5iY25ld3MuY29tL3BvbGl0aWNzL3BvbGl0aWNzLW5ld3MvYXJpem9uYS1zdXByZW1lLWNvdXJ0LXB1c2hlcy1iYWNrLWVuZm9yY2VtZW50LTE4NjQtYWJvcnRpb24tYmFuLXJjbmExNTIwOTLSAStodHRwczovL3d3dy5uYmNuZXdzLmNvbS9uZXdzL2FtcC9yY25hMTUyMDky?hl=en-US&gl=US&ceid=US%3Aen",
            "og": "https://encrypted-tbn2.gstatic.com/images?q=tbn:ANd9GcRmgZS93WqFfJ9DuJGWz-7ifjNO_ZKXn1gjM1MuYa4NqVo9dsgD5r66AC48D9P7JInMMI63WrsEZfMlVfjKfzYaXUrctC7wg96oPVHSmxUY8SR7Aw",
            "source": "NBC News",
            "source_icon": "https://encrypted-tbn1.gstatic.com/faviconV2?url=https://www.nbcnews.com&client=NEWS_360&size=96&type=FAVICON&fallback_opts=TYPE,SIZE,URL",
            "title": "Arizona Supreme Court pushes back enforcement of 1864 abortion ban"
        },
        {
            "link": "https://news.google.com/articles/CBMiYmh0dHBzOi8vd3d3LndjdHYudHYvMjAyNC8wNS8xNC9maXJzdC1hbGVydC13ZWF0aGVyLWRheS1zdHJvbmctc3Rvcm1zLW1vdmUtdGhyb3VnaC10dWVzZGF5LW1vcm5pbmcv0gFxaHR0cHM6Ly93d3cud2N0di50di8yMDI0LzA1LzE0L2ZpcnN0LWFsZXJ0LXdlYXRoZXItZGF5LXN0cm9uZy1zdG9ybXMtbW92ZS10aHJvdWdoLXR1ZXNkYXktbW9ybmluZy8_b3V0cHV0VHlwZT1hbXA?hl=en-US&gl=US&ceid=US%3Aen",
            "og": "https://encrypted-tbn1.gstatic.com/images?q=tbn:ANd9GcT3a9mM4TviUojvUvbpwc85wWQkC7xOZu6dNwOtmGLtqbI7kVM2U52C7qMY9tlxZLN1L9eTauXcUY6AeSNhLQ6__mzCNa6F-Y3pIKu9EHtq7rYCmQ",
            "source": "WCTV",
            "source_icon": "https://encrypted-tbn1.gstatic.com/faviconV2?url=https://www.wctv.tv&client=NEWS_360&size=96&type=FAVICON&fallback_opts=TYPE,SIZE,URL",
            "title": "First Alert Weather Day: Strong storms to move through Tuesday morning"
        },
        {
            "link": "https://news.google.com/articles/CBMiWmh0dHBzOi8va3RsYS5jb20vbmV3cy9sb2NhbC1uZXdzL3ZpZGVvLXNob3dzLW1vbWVudC1vZi1mYXRhbC1wYXNhZGVuYS1jcmFzaC10aGF0LWtpbGxlZC0zL9IBXmh0dHBzOi8va3RsYS5jb20vbmV3cy9sb2NhbC1uZXdzL3ZpZGVvLXNob3dzLW1vbWVudC1vZi1mYXRhbC1wYXNhZGVuYS1jcmFzaC10aGF0LWtpbGxlZC0zL2FtcC8?hl=en-US&gl=US&ceid=US%3Aen",
            "og": "https://encrypted-tbn2.gstatic.com/images?q=tbn:ANd9GcSs5JGPUMkkKasWrrgF_aKVJrW6dbZ2s2F4NxVlQPRkmoLigVgI4elfvdGU5ACXkkj5VR4u8PMujjxjxmuRZWWeGW4_pIsrhyORmQU1ODnTyEkTqA",
            "source": "KTLA Los Angeles",
            "source_icon": "https://encrypted-tbn2.gstatic.com/faviconV2?url=https://ktla.com&client=NEWS_360&size=96&type=FAVICON&fallback_opts=TYPE,SIZE,URL",
            "title": "Video shows moment of fatal Pasadena crash that killed 3"
        },
        {
            "link": "https://news.google.com/articles/CBMiWmh0dHBzOi8vd3d3LmF4aW9zLmNvbS8yMDI0LzA1LzE0L2p1c3RpY2UtZGVwYXJ0bWVudC1lbGVjdGlvbi13b3JrZXJzLXRocmVhdHMtYWktdGVjaG5vbG9nedIBAA?hl=en-US&gl=US&ceid=US%3Aen",
            "og": "https://encrypted-tbn1.gstatic.com/images?q=tbn:ANd9GcR2uL-p54S5BBd4CSEuH7bfw81H4wlG2K9SVYy8CL-bQo-sD5GmqXw4a4EZLy6hBTfWQk3-Cio6s5LNwc7XPar_R0qy4MeaaWURB1zNZ69UcExYFA",
            "source": "Axios",
            "source_icon": "https://encrypted-tbn0.gstatic.com/faviconV2?url=https://www.axios.com&client=NEWS_360&size=96&type=FAVICON&fallback_opts=TYPE,SIZE,URL",
            "title": "Justice Department: Poll workers face AI-fueled threats ahead of election"
        },
        {
            "link": "https://news.google.com/articles/CBMiXmh0dHBzOi8vd3d3LmtjY2kuY29tL2FydGljbGUvZm9ybWVyLWlvd2EtcHJpZXN0LWFwcGVhcnMtaW4tY291cnQtb24tc2V4LWFidXNlLWNoYXJnZXMvNjA3Nzg3OTfSAQA?hl=en-US&gl=US&ceid=US%3Aen",
            "og": "https://encrypted-tbn1.gstatic.com/images?q=tbn:ANd9GcTQxR2bnBi5Hwju6ii_LF6ZN4QuyZylc08yFWW0nS5SvSsYA_bYPsg00lfTMQZtQLDSy0Yq35x-Vkol4Hqa-dgt",
            "source": "KCCI Des Moines",
            "source_icon": "https://encrypted-tbn3.gstatic.com/faviconV2?url=https://www.kcci.com&client=NEWS_360&size=96&type=FAVICON&fallback_opts=TYPE,SIZE,URL",
            "title": "Former Iowa priest appears in court on sex abuse charges"
        },
        {
            "link": "https://news.google.com/articles/CBMieWh0dHBzOi8vd3d3LnNlYXR0bGV0aW1lcy5jb20vc2VhdHRsZS1uZXdzL2xhdy1qdXN0aWNlL21hbi1hcnJlc3RlZC1pbi1kZWFkbHktc3RhYmJpbmctYXQtY2FwaXRvbC1oaWxsLWxpZ2h0LXJhaWwtc3RhdGlvbi_SAQA?hl=en-US&gl=US&ceid=US%3Aen",
            "og": "https://encrypted-tbn0.gstatic.com/images?q=tbn:ANd9GcS1hym1O74sRB-zizxeK9eRbFysxE8iReh2gGFsVxki6rC2KXhfXbr4o_SK1QzCwKD858ePFyZQ2xdFvlUSerw_SQpoBQ75W9_7MbsIm_Io6LR3aA",
            "source": "The Seattle Times",
            "source_icon": "https://encrypted-tbn1.gstatic.com/faviconV2?url=https://www.seattletimes.com&client=NEWS_360&size=96&type=FAVICON&fallback_opts=TYPE,SIZE,URL",
            "title": "Man arrested in deadly stabbing at Capitol Hill light rail station"
        },
        {
            "link": "https://news.google.com/articles/CBMibGh0dHBzOi8vd3d3Lm5iY25ld3MuY29tL25ld3MvdXMtbmV3cy9tYW4td2hvc2UtbW9tLXNpc3RlcnMtZm91bmQtZGVhZC1tb3RoZXJzLWRheS1raWxsZWQtZ3VuZmlnaHQtcmNuYTE1MjA4M9IBK2h0dHBzOi8vd3d3Lm5iY25ld3MuY29tL25ld3MvYW1wL3JjbmExNTIwODM?hl=en-US&gl=US&ceid=US%3Aen",
            "og": "https://encrypted-tbn1.gstatic.com/images?q=tbn:ANd9GcQSnJiYmDcUKAF6NZXdih_d4tzNx1X5E__37KDPaInl7C_hanpamnuWXlW-tLl3yy8p88DKFa2ni1Ko0yNBmB7I12ejaecuZBv1xSX1Q-uLyZILdw",
            "source": "NBC News",
            "source_icon": "https://encrypted-tbn1.gstatic.com/faviconV2?url=https://www.nbcnews.com&client=NEWS_360&size=96&type=FAVICON&fallback_opts=TYPE,SIZE,URL",
            "title": "Man whose mom, sisters were found dead on Mother's Day is killed in gunfight"
        },
        {
            "link": "https://news.google.com/articles/CBMiVmh0dHBzOi8vd3d3Lndhc2hpbmd0b25wb3N0LmNvbS9wb2xpdGljcy8yMDI0LzA1LzEzL3dpc2NvbnNpbi1zdXByZW1lLWNvdXJ0LWRyb3AtYm94ZXMv0gEA?hl=en-US&gl=US&ceid=US%3Aen",
            "og": "https://encrypted-tbn0.gstatic.com/images?q=tbn:ANd9GcTfXiQDv34a1MU24LT1sX1Df0Q1T9B29sdy-tkryTBSJd2x4ntiDxr6nedRnRYK-kdDH08PRj7nHBfB0vlPYXMkqhkqJh01yUgRNugWxL4P38vwNg",
            "source": "The Washington Post",
            "source_icon": "https://encrypted-tbn3.gstatic.com/faviconV2?url=https://www.washingtonpost.com&client=NEWS_360&size=96&type=FAVICON&fallback_opts=TYPE,SIZE,URL",
            "title": "Wisconsin's top court signals it will reinstate ballot drop boxes"
        },
        {
            "link": "https://news.google.com/articles/CBMimwFodHRwczovL3d3dy5raW5nNS5jb20vYXJ0aWNsZS9uZXdzL2xvY2FsL2RhdmUtcmVpY2hlcnQtZGlzYXBwb2ludGVkLWFib3V0LWJvYi1mZXJndXNvbnMtd2FzaGluZ3Rvbi1nb3Zlcm5vci1iYWxsb3QvMjgxLWM2ZTVhNDcwLWM4MDgtNDRiZi1hZTc3LTI4MzJkYzRmNTE4MdIBAA?hl=en-US&gl=US&ceid=US%3Aen",
            "og": "https://encrypted-tbn0.gstatic.com/images?q=tbn:ANd9GcRCaQ1lq1D9I-v2k-9KErp_rcm_-j36gQf2NDxZO5tCjsoGApUP-P4unLoGqeZ6l0wU1SmoxEAuFy0EaazGa_WjpQNavyZlhnaXX8LJlbg2C2sT4A",
            "source": "KING5.com",
            "source_icon": "https://encrypted-tbn2.gstatic.com/faviconV2?url=https://www.king5.com&client=NEWS_360&size=96&type=FAVICON&fallback_opts=TYPE,SIZE,URL",
            "title": "Dave Reichert 'disappointed' about Bob Fergusons on Washington governor ballot"
        },
        {
            "link": "https://news.google.com/articles/CBMiVWh0dHBzOi8vd3d3LmZveHdlYXRoZXIuY29tL3dlYXRoZXItbmV3cy9sYWtlLWNoYXJsZXMtbG91aXNpYW5hLXRvcm5hZG8td2FsbWFydC1kYW1hZ2XSAVlodHRwczovL3d3dy5mb3h3ZWF0aGVyLmNvbS93ZWF0aGVyLW5ld3MvbGFrZS1jaGFybGVzLWxvdWlzaWFuYS10b3JuYWRvLXdhbG1hcnQtZGFtYWdlLmFtcA?hl=en-US&gl=US&ceid=US%3Aen",
            "og": "https://encrypted-tbn3.gstatic.com/images?q=tbn:ANd9GcRoiUajfP5ksqEe-10n50_VAyhRoNor2qeZYmFJlTxmfz_98tTm7eeMh5w3dNpoIzkOsKHMvAIj34SM3kxzwmKIvtZXNUHZL_VgCRWGWYDNDhynzg",
            "source": "Fox Weather",
            "source_icon": "https://encrypted-tbn3.gstatic.com/faviconV2?url=https://www.foxweather.com&client=NEWS_360&size=96&type=FAVICON&fallback_opts=TYPE,SIZE,URL",
            "title": "Possible tornado leaves trail of damage across southwest Louisiana town"
        },
        {
            "link": "https://news.google.com/articles/CBMicGh0dHBzOi8vd3d3Lmhhd2FpaW5ld3Nub3cuY29tLzIwMjQvMDUvMTMvc2V2ZXJhbC12ZWhpY2xlcy1zdGFsbGVkLWZsYXNoLWZsb29kaW5nLWgtMy1mcmVld2F5LWthbWVoYW1laGEtaGlnaHdheS_SAQA?hl=en-US&gl=US&ceid=US%3Aen",
            "og": "https://encrypted-tbn2.gstatic.com/images?q=tbn:ANd9GcQNApGQe41yig2lUs7duIOdSdU7YVUgfoK8ty89byVGQ3nkBvMb9ZfvdxmdYaL_63qp9gFuWU6W4Yk7dWT0j6Gyh5SZpK3gVU7WYiz1HyP0w8oqzQ",
            "source": "Hawaii News Now",
            "source_icon": "https://encrypted-tbn1.gstatic.com/faviconV2?url=https://www.hawaiinewsnow.com&client=NEWS_360&size=96&type=FAVICON&fallback_opts=TYPE,SIZE,URL",
            "title": "Torrential rains pummel Windward Oahu, inundating major roads and triggering landslides"
        },
        {
            "link": "https://news.google.com/articles/CBMiWmh0dHBzOi8vd3d3LnBvbGl0aWNvLmNvbS9uZXdzLzIwMjQvMDUvMTMvcmZrLWpyLWdldHRpbmctb24tYmFsbG90cy1hcm91bmQtY291bnRyeS0wMDE1Nzc4MNIBAA?hl=en-US&gl=US&ceid=US%3Aen",
            "og": "https://encrypted-tbn2.gstatic.com/images?q=tbn:ANd9GcRixmFN6NxdtarlQFer3R-fMjOxbkIoyr7Pd2dMN_3yN1Lkl6PuJ84NweVlcNUS61E",
            "source": "POLITICO",
            "source_icon": "https://encrypted-tbn1.gstatic.com/faviconV2?url=https://www.politico.com&client=NEWS_360&size=96&type=FAVICON&fallback_opts=TYPE,SIZE,URL",
            "title": "RFK Jr. is defying the odds — against getting on ballots around the country"
        },
        {
            "link": "https://news.google.com/articles/CBMigQFodHRwczovL2FiYzcuY29tL3Bvc3QvbG91aXNpYW5hLXBhcmlzaGlvbmVycy1zdG9wLXRlZW4td2l0aC1ndW4td2hvLXdhbGtlZC1pbnRvLWNodXJjaC1kdXJpbmctbWFzcy1hYmJldmlsbGUtcG9saWNlLXNheS8xNDgxMDEyNy_SAYUBaHR0cHM6Ly9hYmM3LmNvbS9hbXAvcG9zdC9sb3Vpc2lhbmEtcGFyaXNoaW9uZXJzLXN0b3AtdGVlbi13aXRoLWd1bi13aG8td2Fsa2VkLWludG8tY2h1cmNoLWR1cmluZy1tYXNzLWFiYmV2aWxsZS1wb2xpY2Utc2F5LzE0ODEwMTI3Lw?hl=en-US&gl=US&ceid=US%3Aen",
            "og": "https://encrypted-tbn3.gstatic.com/images?q=tbn:ANd9GcSWSsYxb-iuJMoSBZ_fZSIm9GAfdU3ChrpavO8n1w4szKGg9KwDvJlzOf8OqrXFYtYg7mwuNPsQ4uClzYEJZ3REd4U4zrC55mF5Yin_4Lf1onlSIw",
            "source": "KABC-TV",
            "source_icon": "https://encrypted-tbn1.gstatic.com/faviconV2?url=https://abc7.com&client=NEWS_360&size=96&type=FAVICON&fallback_opts=TYPE,SIZE,URL",
            "title": "Louisiana parishioners stop teen with gun who walked into church during Mass, Abbeville police say"
        },
        {
            "link": "https://news.google.com/articles/CBMiXmh0dHBzOi8vd3d3LnRoZWd1YXJkaWFuLmNvbS91cy1uZXdzL2FydGljbGUvMjAyNC9tYXkvMTMva3Jpc3RpLW5vZW0tYmFubmVkLXRyaWJlcy1zb3V0aC1kYWtvdGHSAV5odHRwczovL2FtcC50aGVndWFyZGlhbi5jb20vdXMtbmV3cy9hcnRpY2xlLzIwMjQvbWF5LzEzL2tyaXN0aS1ub2VtLWJhbm5lZC10cmliZXMtc291dGgtZGFrb3Rh?hl=en-US&gl=US&ceid=US%3Aen",
            "og": "https://encrypted-tbn3.gstatic.com/images?q=tbn:ANd9GcTZg9Ooxozd_pUvLinDC6PmT2evFo-aOfQVWCDN4115GAoKzvVDkBc1GcXVdN4ULXbGIqEfZNA2vBbQ9DRMt7B5puEz93YyLdFjIbQYw225pril5w",
            "source": "The Guardian US",
            "source_icon": "https://encrypted-tbn0.gstatic.com/faviconV2?url=https://www.theguardian.com&client=NEWS_360&size=96&type=FAVICON&fallback_opts=TYPE,SIZE,URL",
            "title": "Kristi Noem banned by two more Native tribes in South Dakota"
        },
        {
            "link": "https://news.google.com/articles/CBMiW2h0dHBzOi8vd3d3Lndhc2hpbmd0b25wb3N0LmNvbS9kYy1tZC12YS8yMDI0LzA1LzEzL3ZpcmdpbmlhLWJ1ZGdldC15b3VuZ2tpbi1hc3NlbWJseS10YXhlcy_SAQA?hl=en-US&gl=US&ceid=US%3Aen",
            "og": "https://encrypted-tbn1.gstatic.com/images?q=tbn:ANd9GcRjoqZ9v-L567m4ov1HOCpsWM53FnW8b7Usp_DWJme5QGb6kgYfpRvX8c08BHEkMJOkRQPzBKktoCrkanhgRiaPfG-irY3GfHJcuVHsRBNGzp8SuA",
            "source": "The Washington Post",
            "source_icon": "https://encrypted-tbn3.gstatic.com/faviconV2?url=https://www.washingtonpost.com&client=NEWS_360&size=96&type=FAVICON&fallback_opts=TYPE,SIZE,URL",
            "title": "Va. lawmakers avert budget crisis, approve bipartisan spending plan"
        },
        {
            "link": "https://news.google.com/articles/CBMibmh0dHBzOi8vYXBuZXdzLmNvbS9hcnRpY2xlL2hhcnJpcy1wcm9mYW5pdHktYXNpYW4tYW1lcmljYW5zLWFkdmljZS1jb25mZXJlbmNlLWU2MzdhMWVkOWUxMDJmY2UzNmRmNDlkMmJiYzliYWM50gEA?hl=en-US&gl=US&ceid=US%3Aen",
            "og": "https://encrypted-tbn2.gstatic.com/images?q=tbn:ANd9GcTsfPxlzp63QYSfKMRgGgyuB815ZWafGHrE4znbO9OFsCpvSdwRHVdrTu3XfcFu3orVDI4JoOb0mLN7PB-Za8GJJHwRz6UO6FODhFlDEFp_ONujRQ",
            "source": "The Associated Press",
            "source_icon": "https://encrypted-tbn2.gstatic.com/faviconV2?url=https://apnews.com&client=NEWS_360&size=96&type=FAVICON&fallback_opts=TYPE,SIZE,URL",
            "title": "Vice President Kamala Harris used a profanity while offering advice on breaking down barriers"
        },
        {
            "link": "https://news.google.com/articles/CBMiOmh0dHBzOi8vd3d3LmF4aW9zLmNvbS8yMDI0LzA1LzE0L2JpZGVuLXJ1c3NpYW4tdXJhbml1bS1iYW7SAQA?hl=en-US&gl=US&ceid=US%3Aen",
            "og": "https://encrypted-tbn1.gstatic.com/images?q=tbn:ANd9GcQILgs6ED1YAHmcbxivt2J5HHcF0ldZMuBc9WWOcO6NJUWfJB82zVQhDYdEpL3THXDC00df_-JWQ8dxjrCLjWzPXEG6blsVUOIWilzDFsqpr5liVw",
            "source": "Axios",
            "source_icon": "https://encrypted-tbn0.gstatic.com/faviconV2?url=https://www.axios.com&client=NEWS_360&size=96&type=FAVICON&fallback_opts=TYPE,SIZE,URL",
            "title": "Biden signs Russian uranium imports ban into law"
        },
        {
            "link": "https://news.google.com/articles/CBMiVmh0dHBzOi8vYWJjbmV3cy5nby5jb20vVVMvbWlhbWktd2F0ZXJza2lpbmctdGVlbi1raWxsZWQtYm9hdC1zb3VnaHQvc3Rvcnk_aWQ9MTEwMTgwMDYx0gFaaHR0cHM6Ly9hYmNuZXdzLmdvLmNvbS9hbXAvVVMvbWlhbWktd2F0ZXJza2lpbmctdGVlbi1raWxsZWQtYm9hdC1zb3VnaHQvc3Rvcnk_aWQ9MTEwMTgwMDYx?hl=en-US&gl=US&ceid=US%3Aen",
            "og": "https://encrypted-tbn0.gstatic.com/images?q=tbn:ANd9GcSTpmmUeCdrwnSQlz75589MgSZ9YxVgNzSYAHNUcrIqhZ5tkpAkP7KZfC08J9qpq2RpPC7FzQNpFjLiH_X8LST4kAO-Q1ACNVIR2fcgyuwC2sGIJA",
            "source": "ABC News",
            "source_icon": "https://encrypted-tbn3.gstatic.com/faviconV2?url=https://abcnews.go.com&client=NEWS_360&size=96&type=FAVICON&fallback_opts=TYPE,SIZE,URL",
            "title": "Boat sought in hit-and-run that killed teen wakeboarding in Miami area"
        },
        {
            "link": "https://news.google.com/articles/CBMiR2h0dHBzOi8vd3d3LmZveGJ1c2luZXNzLmNvbS9tZWRpYS9sYXJyeS1rdWRsb3ctZGVtb2NyYXRzLXJ1bm5pbmctc2NhcmVk0gFLaHR0cHM6Ly93d3cuZm94YnVzaW5lc3MuY29tL21lZGlhL2xhcnJ5LWt1ZGxvdy1kZW1vY3JhdHMtcnVubmluZy1zY2FyZWQuYW1w?hl=en-US&gl=US&ceid=US%3Aen",
            "og": "https://encrypted-tbn3.gstatic.com/images?q=tbn:ANd9GcRo9OewfRK8IKidNXdNszd-wCk1MTFSPBXJ_qxfz11U8SwBBWP_bplXLQlJoJi04qRKtSddQn064J1cfCNWTJQgkbvT4NZ5mBjutXYlrUDfETQZRg",
            "source": "Fox Business",
            "source_icon": "https://encrypted-tbn1.gstatic.com/faviconV2?url=https://www.foxbusiness.com&client=NEWS_360&size=96&type=FAVICON&fallback_opts=TYPE,SIZE,URL",
            "title": "LARRY KUDLOW: Democrats look like they're running scared"
        },
        {
            "link": "https://news.google.com/articles/CBMiS2h0dHBzOi8vd3d3Lm55dGltZXMuY29tLzIwMjQvMDUvMTMvdXMvYXJteS1vZmZpY2VyLXJlc2lnbnMtZ2F6YS1pc3JhZWwuaHRtbNIBAA?hl=en-US&gl=US&ceid=US%3Aen",
            "og": "https://encrypted-tbn0.gstatic.com/images?q=tbn:ANd9GcSOMWzezxp_UKBVqxKdorInCVOUs2ds04sbVuXF8FeqvFB1iWXv9CkpiBIhExpEcud3EuNy_tAfBmaCi_41tVSY6mhFbRDdGl85NJK30IcBfWzNSg",
            "source": "The New York Times",
            "source_icon": "https://encrypted-tbn2.gstatic.com/faviconV2?url=https://www.nytimes.com&client=NEWS_360&size=96&type=FAVICON&fallback_opts=TYPE,SIZE,URL",
            "title": "Army Officer Resigns in Protest of 'Unqualified' U.S. Support to Israel"
        },
        {
            "link": "https://news.google.com/articles/CBMicWh0dHBzOi8vd3d3Lm5iY25ld3MuY29tL25ld3Mvd29ybGQvaXNyYWVsLWJhdHRsZXMtaGFtYXMtbm9ydGhlcm4tZ2F6YS1qYWJhbGl5YS1yZWdyb3VwZWQtcmFmYWgtYmxpbmtlbi1yY25hMTUxOTE50gEraHR0cHM6Ly93d3cubmJjbmV3cy5jb20vbmV3cy9hbXAvcmNuYTE1MTkxOQ?hl=en-US&gl=US&ceid=US%3Aen",
            "og": "https://encrypted-tbn0.gstatic.com/images?q=tbn:ANd9GcQMyScUy_NC0jYYxZVF5PYE92mAehNqEIntd5V83WSwi319rldxfhFUzSgqQadA6WvU2JzYzGqybNLz7a9IVoPD7l7mdVy5mc2A-xqcA5RWohlnlQ",
            "source": "NBC News",
            "source_icon": "https://encrypted-tbn1.gstatic.com/faviconV2?url=https://www.nbcnews.com&client=NEWS_360&size=96&type=FAVICON&fallback_opts=TYPE,SIZE,URL",
            "title": "Israel battles regrouped Hamas in northern Gaza; U.S. warns Rafah assault risks 'anarchy'"
        },
        {
            "link": "https://news.google.com/articles/CBMidWh0dHBzOi8vd3d3LnRoZWd1YXJkaWFuLmNvbS91cy1uZXdzL2FydGljbGUvMjAyNC9tYXkvMTMvdW5pdmVyc2l0eS1vZi1ub3J0aC1jYXJvbGluYS1kZWktZnVuZGluZy1wdWJsaWMtc2FmZXR5LXBvbGljZdIBdWh0dHBzOi8vYW1wLnRoZWd1YXJkaWFuLmNvbS91cy1uZXdzL2FydGljbGUvMjAyNC9tYXkvMTMvdW5pdmVyc2l0eS1vZi1ub3J0aC1jYXJvbGluYS1kZWktZnVuZGluZy1wdWJsaWMtc2FmZXR5LXBvbGljZQ?hl=en-US&gl=US&ceid=US%3Aen",
            "og": "https://encrypted-tbn1.gstatic.com/images?q=tbn:ANd9GcSmTf_337RlzdhMMg6sLSLyCjCisoqq1t0dKRoNIlag-ky-ce-_DOSs1FeikiZvvunj9GKvHZOsLd-iXXsidG4NRUCo12uxoc4j5UJ8Vq7evVJWmQ",
            "source": "The Guardian US",
            "source_icon": "https://encrypted-tbn0.gstatic.com/faviconV2?url=https://www.theguardian.com&client=NEWS_360&size=96&type=FAVICON&fallback_opts=TYPE,SIZE,URL",
            "title": "University of North Carolina to divert $2.3m DEI budget to safety and policing"
        },
        {
            "link": "https://news.google.com/articles/CBMiXWh0dHBzOi8vYXBuZXdzLmNvbS9hcnRpY2xlL25lYnJhc2thLXJlcHVibGljYW4tcGFydHktcHJpbWFyeS01MjJlZGNhNmEzMzRlZjgyMDAwMTQ3MDFiY2IxNzJmMdIBAA?hl=en-US&gl=US&ceid=US%3Aen",
            "og": "https://encrypted-tbn0.gstatic.com/images?q=tbn:ANd9GcSrkjH0RpiKvY-0Jy35cqjwyPKplVLdxuphJDqXAvqFUAHK1isIWLKtkhqLlxYnkTPWqzPhKuPwg1cUI6Ff4XXE3zBQ",
            "source": "The Associated Press",
            "source_icon": "https://encrypted-tbn2.gstatic.com/faviconV2?url=https://apnews.com&client=NEWS_360&size=96&type=FAVICON&fallback_opts=TYPE,SIZE,URL",
            "title": "The Nebraska GOP is rejecting all Republican congressional incumbents in Tuesday's primary election"
        },
        {
            "link": "https://news.google.com/articles/CBMiZmh0dHBzOi8vd3d3LmV4cHJlc3NuZXdzLmNvbS9uZXdzL2FydGljbGUvY3VlbGxhci1hemVyYmFpamFuLXBsZWEtaG91c3Rvbi13b21hbi1hemVyYmFpamFuLTE5NDU0ODg3LnBocNIBAA?hl=en-US&gl=US&ceid=US%3Aen",
            "og": "https://encrypted-tbn1.gstatic.com/images?q=tbn:ANd9GcQyPlD45evlzzMd6uja_YYJuWf_48t_uRHkaka5PFRnnZcDFu3BH4M2qSiEKyYgB4DiBpGVKXdhaxGtXY5ztogR1xlbvo_xoOaABpvevb9ji7AfjA",
            "source": "San Antonio Express-News",
            "source_icon": "https://encrypted-tbn2.gstatic.com/faviconV2?url=https://www.expressnews.com&client=NEWS_360&size=96&type=FAVICON&fallback_opts=TYPE,SIZE,URL",
            "title": "Houston woman pleads guilty in Henry Cuellar bribery case"
        },
        {
            "link": "https://news.google.com/articles/CBMihAFodHRwczovL3d3dy5hbC5jb20vbmV3cy8yMDI0LzA1LzMtY2hpbGRyZW4tc2hvdC1pbi1iaXJtaW5naGFtLWNlbnRlci1wb2ludC1vbi1tb3RoZXJzLWRheS1pcy1hYnNvbHV0ZWx5LXVuYWNjZXB0YWJsZS1wb2xpY2Utc2F5Lmh0bWzSAZMBaHR0cHM6Ly93d3cuYWwuY29tL25ld3MvMjAyNC8wNS8zLWNoaWxkcmVuLXNob3QtaW4tYmlybWluZ2hhbS1jZW50ZXItcG9pbnQtb24tbW90aGVycy1kYXktaXMtYWJzb2x1dGVseS11bmFjY2VwdGFibGUtcG9saWNlLXNheS5odG1sP291dHB1dFR5cGU9YW1w?hl=en-US&gl=US&ceid=US%3Aen",
            "og": "https://encrypted-tbn3.gstatic.com/images?q=tbn:ANd9GcTrTQqSWsG3Uv7JCO8yRTx2s2CfBD0eg7BPrMAD4kxeY47NqNtzo-wzHOE1Pncnk5bkY4jqmrPXoeYVgf3myLWUmCtOsk_wgIE0kVMsC7vzedAKdw",
            "source": "AL.com",
            "source_icon": "https://encrypted-tbn0.gstatic.com/faviconV2?url=https://www.al.com&client=NEWS_360&size=96&type=FAVICON&fallback_opts=TYPE,SIZE,URL",
            "title": "3 children shot in Birmingham, Center Point on Mother’s Day is ‘absolutely unacceptable,’ police say"
        },
        {
            "link": "https://news.google.com/articles/CBMiaGh0dHBzOi8vd3d3LnRoZWd1YXJkaWFuLmNvbS91cy1uZXdzL2FydGljbGUvMjAyNC9tYXkvMTMvdHJ1bXAtcHJlc2lkZW50LWFnZW5kYS1jbGltYXRlLXBvbGljeS13aW5kLXBvd2Vy0gFoaHR0cHM6Ly9hbXAudGhlZ3VhcmRpYW4uY29tL3VzLW5ld3MvYXJ0aWNsZS8yMDI0L21heS8xMy90cnVtcC1wcmVzaWRlbnQtYWdlbmRhLWNsaW1hdGUtcG9saWN5LXdpbmQtcG93ZXI?hl=en-US&gl=US&ceid=US%3Aen",
            "og": "https://encrypted-tbn3.gstatic.com/images?q=tbn:ANd9GcQ--Am7ebNkF89sCJ5Sjq7w2wbPVG_gF62U2HoA5Xf0CMDSms855rXoJU_cLaxdG8SWkldExv4j2_Hw1jAaf-gWvUQprMAzEh1WcqxpQYfLStX4KA",
            "source": "The Guardian US",
            "source_icon": "https://encrypted-tbn0.gstatic.com/faviconV2?url=https://www.theguardian.com&client=NEWS_360&size=96&type=FAVICON&fallback_opts=TYPE,SIZE,URL",
            "title": "Trump pledges to scrap offshore wind projects on ‘day one’ of presidency"
        },
        {
            "link": "https://news.google.com/articles/CBMiYWh0dHBzOi8vYXBuZXdzLmNvbS9hcnRpY2xlL3NldmVyZS13ZWF0aGVyLXN0b3Jtcy10b3JuYWRvZXMtc291dGgtMTkzZGZiOTJmNGQ5NjQ2OWE2YmRiNWUzMjhjZWFkMDPSAQA?hl=en-US&gl=US&ceid=US%3Aen",
            "og": "https://encrypted-tbn1.gstatic.com/images?q=tbn:ANd9GcTll8mGWJna284m3OQnjRr8gT2y851Qx7anu-h6Pbkmm7hwesrNcV8DBJn_9z5ZZgPcpB3LhSSNUGKB3BqbT_6oQAoO",
            "source": "The Associated Press",
            "source_icon": "https://encrypted-tbn2.gstatic.com/faviconV2?url=https://apnews.com&client=NEWS_360&size=96&type=FAVICON&fallback_opts=TYPE,SIZE,URL",
            "title": "Severe storms blitz the US South again after one of the most active tornado periods in history"
        },
        {
            "link": "https://news.google.com/articles/CBMioQFodHRwczovL3d3dy5ib3N0b24yNW5ld3MuY29tL25ld3MvbG9jYWwvZGEtd29tYW4tZGVhZC1hbm90aGVyLXJlbWFpbnMtaG9zcGl0YWxpemVkLWFmdGVyLXVuZGVyZ29pbmctbWVkaWNhbC1wcm9jZWR1cmUtc29tZXJ2aWxsZS1ob21lL0ZFU01FWlRYSVpHQkhEWVc0NzdMVEdVN1NNL9IBsAFodHRwczovL3d3dy5ib3N0b24yNW5ld3MuY29tL25ld3MvbG9jYWwvZGEtd29tYW4tZGVhZC1hbm90aGVyLXJlbWFpbnMtaG9zcGl0YWxpemVkLWFmdGVyLXVuZGVyZ29pbmctbWVkaWNhbC1wcm9jZWR1cmUtc29tZXJ2aWxsZS1ob21lL0ZFU01FWlRYSVpHQkhEWVc0NzdMVEdVN1NNLz9vdXRwdXRUeXBlPWFtcA?hl=en-US&gl=US&ceid=US%3Aen",
            "og": "https://encrypted-tbn0.gstatic.com/images?q=tbn:ANd9GcQiyQUcu0mjpa9o0ZIR5ZZ18kUw--9uaHtal85QSauq073az63wgRq-pEWoRNys3-Xva-liny67zm05NT3X0sNuXWB5OUSsqU00g6GGRe05SRXk2g",
            "source": "Boston 25 News",
            "source_icon": "https://encrypted-tbn2.gstatic.com/faviconV2?url=https://www.boston25news.com&client=NEWS_360&size=96&type=FAVICON&fallback_opts=TYPE,SIZE,URL",
            "title": "DA: Woman dead, another remains hospitalized after undergoing medical procedure in Somerville home"
        },
        {
            "link": "https://news.google.com/articles/CBMiUWh0dHBzOi8vd3d3Lm55dGltZXMuY29tLzIwMjQvMDUvMTMvdXMvcG9saXRpY3MvdHJ1Y2std2hpdGUtaG91c2UtZ3VpbHR5LXBsZWEuaHRtbNIBAA?hl=en-US&gl=US&ceid=US%3Aen",
            "og": "https://encrypted-tbn3.gstatic.com/images?q=tbn:ANd9GcRR4lfPDtlLDL4rYRo7jZPgMGpRMerisV8i5Ypwv6y0Vuf-JHjadmB21figV_3Tvq9QahNCYRwzRn9ivbyldstgw5qPgErLWG274RtLFUBZXiRRzg",
            "source": "The New York Times",
            "source_icon": "https://encrypted-tbn2.gstatic.com/faviconV2?url=https://www.nytimes.com&client=NEWS_360&size=96&type=FAVICON&fallback_opts=TYPE,SIZE,URL",
            "title": "Driver of Truck That Hit White House Security Barriers Pleads Guilty"
        },
        {
            "link": "https://news.google.com/articles/CBMiY2h0dHBzOi8vd3d3LnBvbGl0aWNvLmNvbS9uZXdzLzIwMjQvMDUvMTMvY29udHJvdmVyc2lhbC1iaWxsLW92ZXJoYXVsLXB1YmxpYy1yZWNvcmRzLW11cnBoeS0wMDE1NzcwNtIBAA?hl=en-US&gl=US&ceid=US%3Aen",
            "og": "https://encrypted-tbn3.gstatic.com/images?q=tbn:ANd9GcRhSnpOg78qcor2bY5j8yCgmTU6cgCmR3de7_J4jGADqNEIQc77HFlktiwpjiAShWk",
            "source": "POLITICO",
            "source_icon": "https://encrypted-tbn1.gstatic.com/faviconV2?url=https://www.politico.com&client=NEWS_360&size=96&type=FAVICON&fallback_opts=TYPE,SIZE,URL",
            "title": "Controversial NJ bill to overhaul public records law heads to governor"
        },
        {
            "link": "https://news.google.com/articles/CBMilwFodHRwczovL3d3dy53a3ljLmNvbS9hcnRpY2xlL25ld3MvbG9jYWwvY3V5YWhvZ2EtY291bnR5L2V1Y2xpZC1wb2xpY2Utb2ZmaWNlci1qYWNvYi1kZXJiaW4tZnVuZXJhbC1hcnJhbmdlbWVudHMvOTUtOTQwM2IxMGItOWI5NC00ZTIzLWE3MjEtZDM2YWFkNzZmMmIx0gEA?hl=en-US&gl=US&ceid=US%3Aen",
            "og": "https://encrypted-tbn3.gstatic.com/images?q=tbn:ANd9GcTNN-Xy0f2L_GhPdgXokMMqCPNQAsPFPUAOEFiS8YxKCoy4NuS0saYORV8DAdoFfaf94HePCoK5tZRBYELNs_vxvfrnSqx6bKIKPnF-EuXRzbQBCA",
            "source": "WKYC.com",
            "source_icon": "https://encrypted-tbn2.gstatic.com/faviconV2?url=https://www.wkyc.com&client=NEWS_360&size=96&type=FAVICON&fallback_opts=TYPE,SIZE,URL",
            "title": "Remembering Jacob Derbin: Funeral arrangements announced for fallen Euclid police officer"
        },
        {
            "link": "https://news.google.com/articles/CBMiYGh0dHBzOi8vd3d3Lmt1dC5vcmcvZW5lcmd5LWVudmlyb25tZW50LzIwMjQtMDUtMTMvYXVzdGluLXRyYXZpcy1jb3VudHktc3Rvcm0tc2V2ZXJlLXdlYXRoZXItaGFpbNIBAA?hl=en-US&gl=US&ceid=US%3Aen",
            "og": "https://encrypted-tbn1.gstatic.com/images?q=tbn:ANd9GcRaU233NNo-KRuonNtndIH0Y0o-B8BWiBLiRfb4xHPyva59ahhY6O0DS6TTCJ7Olzom4GDwlz1NLg7juZfdIYAN9F2erjdV3WI7p6u3bojX6xtG_g",
            "source": "KUT",
            "source_icon": "https://encrypted-tbn0.gstatic.com/faviconV2?url=https://www.kut.org&client=NEWS_360&size=96&type=FAVICON&fallback_opts=TYPE,SIZE,URL",
            "title": "Austin area is at risk of severe thunderstorms and hail today"
        },
        {
            "link": "https://news.google.com/articles/CBMiamh0dHBzOi8vd3d3LmtvYWEuY29tL25ld3MvY292ZXJpbmctY29sb3JhZG8vZm9ydC1jYXJzb24tc29sZGllci1kZWFkLWZvbGxvd2luZy1ub24tY29tYmF0LXJlbGF0ZWQtZXhlcmNpc2XSAQA?hl=en-US&gl=US&ceid=US%3Aen",
            "og": "https://encrypted-tbn0.gstatic.com/images?q=tbn:ANd9GcQCCM6JNM46AR0ntub_aLPhAU4jPmUMs3qa0B4wre9-XHIvxs8k3LUPXUDkSGkpVBn_PgQYiiJN6Ax1vAxrw-Bq",
            "source": "KOAA News 5",
            "source_icon": "https://encrypted-tbn3.gstatic.com/faviconV2?url=https://www.koaa.com&client=NEWS_360&size=96&type=FAVICON&fallback_opts=TYPE,SIZE,URL",
            "title": "Fort Carson soldier dead following non-combat related exercise"
        },
        {
            "link": "https://news.google.com/articles/CBMie2h0dHBzOi8vd3d3Lm5ld3M1Y2xldmVsYW5kLmNvbS9uZXdzL3BvbGl0aWNzL29oaW8tcG9saXRpY3MvaGlnaC1ob3Blcy1mb3ItbWFyaWp1YW5hLXRvLWhpdC1zdG9yZS1zaGVsdmVzLXNvb25lci10aGlzLXN1bW1lctIBAA?hl=en-US&gl=US&ceid=US%3Aen",
            "og": "https://encrypted-tbn0.gstatic.com/images?q=tbn:ANd9GcRf1p573NFHkgSXVlOAFB0sDZrCdO-16YAG3UZNbxSjD3RHbfDhDqxyMVJHZmMoPP2a8GJr76mmNsnAcpdkeI76",
            "source": "News 5 Cleveland WEWS",
            "source_icon": "https://encrypted-tbn1.gstatic.com/faviconV2?url=https://www.news5cleveland.com&client=NEWS_360&size=96&type=FAVICON&fallback_opts=TYPE,SIZE,URL",
            "title": "High hopes for marijuana to hit store shelves sooner this summer"
        },
        {
            "link": "https://news.google.com/articles/CBMiigFodHRwczovL3d3dy5uYmNjaGljYWdvLmNvbS9uZXdzL2xvY2FsL2dsZW5icm9vay1zb3V0aC1oaWdoLXNjaG9vbC1yZWxlYXNlcy1zdGF0ZW1lbnQtYWZ0ZXItc3R1ZGVudC10cmFnaWNhbGx5LWtpbGxlZC1pbi1jYXItY3Jhc2gvMzQzNTQ4OS_SAZABaHR0cHM6Ly93d3cubmJjY2hpY2Fnby5jb20vbmV3cy9sb2NhbC9nbGVuYnJvb2stc291dGgtaGlnaC1zY2hvb2wtcmVsZWFzZXMtc3RhdGVtZW50LWFmdGVyLXN0dWRlbnQtdHJhZ2ljYWxseS1raWxsZWQtaW4tY2FyLWNyYXNoLzM0MzU0ODkvP2FtcD0x?hl=en-US&gl=US&ceid=US%3Aen",
            "og": "https://encrypted-tbn0.gstatic.com/images?q=tbn:ANd9GcR1CmOAoqwFx0jWGoMBQwfXpOjRddwcFT8Zn0WJ_npiaQDzhDiA20c9JOMWh_8ulztmI38iUyKIm9nDyRrZAQ97hBC2-YXlLtNHswRI9DIgeXjEKg",
            "source": "NBC Chicago",
            "source_icon": "https://encrypted-tbn1.gstatic.com/faviconV2?url=https://www.nbcchicago.com&client=NEWS_360&size=96&type=FAVICON&fallback_opts=TYPE,SIZE,URL",
            "title": "Glenbrook South High School releases message after student ‘tragically' killed in crash"
        },
        {
            "link": "https://news.google.com/articles/CBMiYmh0dHBzOi8vd3d3LnVzYXRvZGF5LmNvbS9zdG9yeS9uZXdzL2VkdWNhdGlvbi8yMDI0LzA1LzEzL2NoaWxkLWNhcmUtc3lzdGVtLXN0YXRpc3RpY3MvNzM2MDI5NjMwMDcv0gEA?hl=en-US&gl=US&ceid=US%3Aen",
            "og": "https://encrypted-tbn3.gstatic.com/images?q=tbn:ANd9GcTriHjTFbTpU538YkqlDMezaw_q6vLjSt_7KEwGXTfAVE_vbeMZumWuZ-iS6nczQwh3dkiIEoQpsgDqK4MJSroaBFyRrLmX8Z_Q9GhK2RkbpyO_-Q",
            "source": "USA TODAY",
            "source_icon": "https://encrypted-tbn0.gstatic.com/faviconV2?url=https://www.usatoday.com&client=NEWS_360&size=96&type=FAVICON&fallback_opts=TYPE,SIZE,URL",
            "title": "Child care is broken in the US: These 5 mind-blowing stats prove it"
        },
        {
            "link": "https://news.google.com/articles/CBMifGh0dHBzOi8vd3d3Lm5paC5nb3YvbmV3cy1ldmVudHMvbmV3cy1yZWxlYXNlcy9vdmVyLTExNS1taWxsaW9uLXBpbGxzLWNvbnRhaW5pbmctaWxsaWNpdC1mZW50YW55bC1zZWl6ZWQtbGF3LWVuZm9yY2VtZW50LTIwMjPSAQA?hl=en-US&gl=US&ceid=US%3Aen",
            "og": "https://encrypted-tbn3.gstatic.com/images?q=tbn:ANd9GcSAnDUcWElEHKvuz0NS9e4-b-J45vOraTPvAp_AQ0eDhAsgV0y3uE3GDHk4_K9rGsJvGKWookS-RGfFGHE3BrRn",
            "source": "National Institutes of Health (NIH) (.gov)",
            "source_icon": "https://encrypted-tbn0.gstatic.com/faviconV2?url=https://www.nih.gov&client=NEWS_360&size=96&type=FAVICON&fallback_opts=TYPE,SIZE,URL",
            "title": "Over 115 million pills containing illicit fentanyl seized by law enforcement in 2023"
        },
        {
            "link": "https://news.google.com/articles/CBMidGh0dHBzOi8vZmVkZXJhbG5ld3NuZXR3b3JrLmNvbS9hZ2VuY3ktb3ZlcnNpZ2h0LzIwMjQvMDUvZGVqb3ktYWdyZWVzLXRvLXBhdXNlLXNvbWUtdXNwcy1mYWNpbGl0eS1jaGFuZ2VzLXVudGlsLTIwMjUv0gEA?hl=en-US&gl=US&ceid=US%3Aen",
            "og": "https://encrypted-tbn3.gstatic.com/images?q=tbn:ANd9GcTwJxfg_tvwtR1WCNJYYmJ8JsWEutS94dmzpgjrMLjd4HXTK8RdiTpSTct87h0FiBBDVFeAuZQd3CJmBsE-AwjiTfJ7qNNp_zhS--zYtPTvmXowWQ",
            "source": "Federal News Network",
            "source_icon": "https://encrypted-tbn0.gstatic.com/faviconV2?url=https://federalnewsnetwork.com&client=NEWS_360&size=96&type=FAVICON&fallback_opts=TYPE,SIZE,URL",
            "title": "DeJoy agrees to pause some USPS facility changes until 2025"
        },
        {
            "link": "https://news.google.com/articles/CBMijAFodHRwczovL3d3dy50YWxsYWhhc3NlZS5jb20vc3RvcnkvbmV3cy9sb2NhbC9zdGF0ZS8yMDI0LzA1LzEzL2Rlc2FudGlzLWV4cGFuZHMtc3RhdGUtb2YtZW1lcmdlbmN5LWZvci10YWxsYWhhc3NlZS1ub3J0aC1mbG9yaWRhLzczNjc0NTMwMDA3L9IBAA?hl=en-US&gl=US&ceid=US%3Aen",
            "og": "https://encrypted-tbn3.gstatic.com/images?q=tbn:ANd9GcSBpVmSNXPk6B5IQGYE_tQMQlu6WBBYMew_9U3UAIAe4GT1A_O_z8wb0KaFfQSopOuMpOMx5GhgW6LQSHX4DZmCa4njd35o2_DCROoSjCBn7eeDhw",
            "source": "Tallahassee Democrat",
            "source_icon": "https://encrypted-tbn2.gstatic.com/faviconV2?url=https://www.tallahassee.com&client=NEWS_360&size=96&type=FAVICON&fallback_opts=TYPE,SIZE,URL",
            "title": "Florida Gov. DeSantis expands state of emergency for Tallahassee, North Florida"
        },
        {
            "link": "https://news.google.com/articles/CBMiYmh0dHBzOi8vd3d3LnBvbGl0aWNvLmNvbS9uZXdzLzIwMjQvMDUvMTMvYmlkZW4taW5mcmFzdHJ1Y3R1cmUtd2Vlay1ob3Blcy12b3RlcnMtbGlzdGVuaW5nLTAwMTU3NDQ40gEA?hl=en-US&gl=US&ceid=US%3Aen",
            "og": "https://encrypted-tbn3.gstatic.com/images?q=tbn:ANd9GcRjSomH1lFRLISTebkD3Gi2GbG4hUCjQPggUoABQtkt8gSoq4C0pOWV0zsSlzjWIUI",
            "source": "POLITICO",
            "source_icon": "https://encrypted-tbn1.gstatic.com/faviconV2?url=https://www.politico.com&client=NEWS_360&size=96&type=FAVICON&fallback_opts=TYPE,SIZE,URL",
            "title": "Biden celebrates 'Infrastructure Week' — and hopes voters are listening"
        },
        {
            "link": "https://news.google.com/articles/CBMiX2h0dHBzOi8vYXBuZXdzLmNvbS9hcnRpY2xlL2Fpcm1hbi1zaG90LWZsb3JpZGEtZGVwdXR5LW1pbGl0YXJ5LTkyMzVjYTY0MmE3MGYzNTg1YzM4ZTE5YWQ1MjljYzM50gEA?hl=en-US&gl=US&ceid=US%3Aen",
            "og": "https://encrypted-tbn1.gstatic.com/images?q=tbn:ANd9GcQvummb2qpJUhhgQ7Rbc4gnflqcZBo9MQtBgCIRTZfNPQgvYA12tQ3ki21IyHvE7dQIHt6ktW4ABWoEAOy4FkJ80lpL077oDQTi1U2NJCw4YK0tMg",
            "source": "The Associated Press",
            "source_icon": "https://encrypted-tbn2.gstatic.com/faviconV2?url=https://apnews.com&client=NEWS_360&size=96&type=FAVICON&fallback_opts=TYPE,SIZE,URL",
            "title": "Questions and grief linger at the apartment door where a deputy killed a US airman"
        },
        {
            "link": "https://news.google.com/articles/CBMiT2h0dHBzOi8vd3d3Lm5iY2Jvc3Rvbi5jb20vbmV3cy9sb2NhbC9ub3J0aGJvcm91Z2gtaG91c2UtcGFydHktc2hvb3RpbmcvMzM2Njk3Ni_SAVVodHRwczovL3d3dy5uYmNib3N0b24uY29tL25ld3MvbG9jYWwvbm9ydGhib3JvdWdoLWhvdXNlLXBhcnR5LXNob290aW5nLzMzNjY5NzYvP2FtcD0x?hl=en-US&gl=US&ceid=US%3Aen",
            "og": "https://encrypted-tbn2.gstatic.com/images?q=tbn:ANd9GcRJzS86SUDZWydR67gsrzqb3ErlT8BqBt3b58rCmjuVX8Reob0T0QrQKNa_d44xHA1-mxdGUzXKG2353cyRFFjKXYCfaNH8s1gkN4STAW3haB1NDw",
            "source": "NBC Boston",
            "source_icon": "https://encrypted-tbn0.gstatic.com/faviconV2?url=https://www.nbcboston.com&client=NEWS_360&size=96&type=FAVICON&fallback_opts=TYPE,SIZE,URL",
            "title": "New details on 3 arrests after deadly Northborough house party shooting"
        },
        {
            "link": "https://news.google.com/articles/CBMiLmh0dHBzOi8vd3d3LmJiYy5jb20vbmV3cy9hcnRpY2xlcy9jZDE4ODJ4NXhnZ2_SATJodHRwczovL3d3dy5iYmMuY29tL25ld3MvYXJ0aWNsZXMvY2QxODgyeDV4Z2dvLmFtcA?hl=en-US&gl=US&ceid=US%3Aen",
            "og": "https://encrypted-tbn1.gstatic.com/images?q=tbn:ANd9GcQjHCG4hM1eutLxFow1sPwFehxdHRdNDcT6ijqjGjy2VDRAVVLWecv_F-B4por-RzR8nnhGCoiRs2BwsMA5D-X8qdBg0EiFUYMw3ViTN0lcSykY8A",
            "source": "BBC.com",
            "source_icon": "https://encrypted-tbn2.gstatic.com/faviconV2?url=https://www.bbc.com&client=NEWS_360&size=96&type=FAVICON&fallback_opts=TYPE,SIZE,URL",
            "title": "Changes at Dublin Portal after 'inappropriate behaviour'"
        },
        {
            "link": "https://news.google.com/articles/CBMiXGh0dHBzOi8vYWJjbmV3cy5nby5jb20vVVMvd2lyZVN0b3J5LzMta2lsbGVkLTE4LXdvdW5kZWQtc2hvb3RpbmctZGF5LXBhcnR5LWFsYWJhbWEtMTEwMTc2OTg50gFgaHR0cHM6Ly9hYmNuZXdzLmdvLmNvbS9hbXAvVVMvd2lyZVN0b3J5LzMta2lsbGVkLTE4LXdvdW5kZWQtc2hvb3RpbmctZGF5LXBhcnR5LWFsYWJhbWEtMTEwMTc2OTg5?hl=en-US&gl=US&ceid=US%3Aen",
            "og": "https://encrypted-tbn3.gstatic.com/images?q=tbn:ANd9GcSbkM7fvbq5vvLQfjWWwcVkmnz7kw_GAKmYjITAW9zvysLVPE0Xwf7QYaI6TCebv4NAHPH_AaF_KUQ9gTz-9RvH",
            "source": "ABC News",
            "source_icon": "https://encrypted-tbn3.gstatic.com/faviconV2?url=https://abcnews.go.com&client=NEWS_360&size=96&type=FAVICON&fallback_opts=TYPE,SIZE,URL",
            "title": "Alabama deputies ask for witnesses' help after shooting at May Day party left 3 dead, 18 hurt"
        },
        {
            "link": "https://news.google.com/articles/CBMiWWh0dHBzOi8vd3d3LnZveC5jb20vZG93bi10by1lYXJ0aC8yMDI0LzUvMTMvMjQxNTM5MDEvY2ljYWRhcy0yMDI0LWJvb2QteGl4LXhpaWktZW1lcmdlbmNl0gEA?hl=en-US&gl=US&ceid=US%3Aen",
            "og": "https://encrypted-tbn3.gstatic.com/images?q=tbn:ANd9GcQtqZr3dC_ChxtfgsBQYcDpKMxJAN5vQdEXMP5fmjZBcwYh5WWacFjaF9n2NxncSUWvqO-CyjwlgIbG8N3WlQAOFv_FNVWnN_MUMY9vd2gLkRMbwQ",
            "source": "Vox.com",
            "source_icon": "https://encrypted-tbn0.gstatic.com/faviconV2?url=https://www.vox.com&client=NEWS_360&size=96&type=FAVICON&fallback_opts=TYPE,SIZE,URL",
            "title": "Cicadas 2024: 8 facts that will mesmerize you"
        },
        {
            "link": "https://news.google.com/articles/CBMicWh0dHBzOi8vd3d3Lm5iY25ld3MuY29tL25ld3MvdXMtbmV3cy9uZXctamVyc2V5LW1hcmluZS1hY2N1c2VkLXRocmVhdHMta2lsbC13aGl0ZS1wZW9wbGUtbWFzcy1zaG9vdGluZy1yY25hMTUyMDgy0gEraHR0cHM6Ly93d3cubmJjbmV3cy5jb20vbmV3cy9hbXAvcmNuYTE1MjA4Mg?hl=en-US&gl=US&ceid=US%3Aen",
            "og": "https://encrypted-tbn3.gstatic.com/images?q=tbn:ANd9GcScZaY5v2pVMOSQkK6ZtqpjxxL9X3kXDQiehY-2_NBoG4DZB8RjDjQ2GCZqKsV5IJGwAJNdh-s_zqUhstjQ550KkKU2kp3lN_FLA3FbJi1EtbuOHQ",
            "source": "NBC News",
            "source_icon": "https://encrypted-tbn1.gstatic.com/faviconV2?url=https://www.nbcnews.com&client=NEWS_360&size=96&type=FAVICON&fallback_opts=TYPE,SIZE,URL",
            "title": "New Jersey Marine accused of threats to kill white people, commit mass shooting"
        },
        {
            "link": "https://news.google.com/articles/CBMiXmh0dHBzOi8vdGhlaGlsbC5jb20vcmVndWxhdGlvbi9jb3VydC1iYXR0bGVzLzQ2NjEyNjQtYW5ncnktdHJ1bXAtYmxhc3RzLWp1ZGdlLWNvaGVuLXRlc3RpbW9ueS_SAWJodHRwczovL3RoZWhpbGwuY29tL3JlZ3VsYXRpb24vY291cnQtYmF0dGxlcy80NjYxMjY0LWFuZ3J5LXRydW1wLWJsYXN0cy1qdWRnZS1jb2hlbi10ZXN0aW1vbnkvYW1wLw?hl=en-US&gl=US&ceid=US%3Aen",
            "og": "https://encrypted-tbn1.gstatic.com/images?q=tbn:ANd9GcSUxaRpFsziuWMLwjWCA8CqDIpFqJ0BkZSu67_WsuATk7oaxcHNKyKGAGBbWiqR8d0t_qo2eD318xbpWXv-E44186vymQ65QjNcz74s0ymu69cY3A",
            "source": "The Hill",
            "source_icon": "https://encrypted-tbn2.gstatic.com/faviconV2?url=https://thehill.com&client=NEWS_360&size=96&type=FAVICON&fallback_opts=TYPE,SIZE,URL",
            "title": "Angry Trump blasts judge after Cohen testimony"
        }
    ],
    "World": [
        {
            "link": "https://news.google.com/articles/CBMieGh0dHBzOi8vd3d3LnJldXRlcnMuY29tL3dvcmxkL21pZGRsZS1lYXN0L2lzcmFlbGktdGFua3MtcHVzaC1pbnRvLWdhemFzLXJhZmFoLWRpc3BsYWNlZC1jaXZpbGlhbnMtZmxlZS1hZ2Fpbi0yMDI0LTA1LTE0L9IBAA?hl=en-US&gl=US&ceid=US%3Aen",
            "og": "https://encrypted-tbn0.gstatic.com/images?q=tbn:ANd9GcS7kXM6SBCfBhfQFXyVa3_5e8S27Zse7uUA8oPKwbkpcSGmBYYcK5XY3-DoNMd1iS4VWF-Knt0gatxyR_kochndf1V2DdUANhU49b99RSY88ey2cQ",
            "source": "Reuters",
            "source_icon": "https://encrypted-tbn2.gstatic.com/faviconV2?url=https://www.reuters.com&client=NEWS_360&size=96&type=FAVICON&fallback_opts=TYPE,SIZE,URL",
            "title": "Israeli tanks push into Gaza's Rafah, as displaced civilians flee again"
        },
        {
            "link": "https://news.google.com/articles/CBMiaGh0dHBzOi8vYXBuZXdzLmNvbS9hcnRpY2xlL2luZGlhLW11bWJhaS1yYWlucy1iaWxsYm9hcmQtY29sbGFwc2UtZGVhdGhzLTNlMzcwNzg4ZDUwNzFmNjVmOWExYzBmN2U4OGFlM2Rh0gEA?hl=en-US&gl=US&ceid=US%3Aen",
            "og": "https://encrypted-tbn0.gstatic.com/images?q=tbn:ANd9GcQV9M5gz8QaeWA6NshMzx3v2MjneeRZk8L2OgZY6lW5H1r97pG1eoeIzY4foIrLKluLqc7WnMmbipBWAXEDd59IZYnt8sH_jb5KA-fVOmd4oKxNeQ",
            "source": "The Associated Press",
            "source_icon": "https://encrypted-tbn2.gstatic.com/faviconV2?url=https://apnews.com&client=NEWS_360&size=96&type=FAVICON&fallback_opts=TYPE,SIZE,URL",
            "title": "Mumbai Billboard collapse: At least 14 killed, 74 injured"
        },
        {
            "link": "https://news.google.com/articles/CBMibmh0dHBzOi8vd3d3LmtzbC5jb20vYXJ0aWNsZS81MTAxMTE2Ny91dGFoLXNlbmF0b3JzLWJsYXN0LXBhdXNlLWluLXdlYXBvbnMtdG8taXNyYWVsLWFzLXJlcHJlaGVuc2libGUtZGl0aGVyaW5n0gEA?hl=en-US&gl=US&ceid=US%3Aen",
            "og": "https://encrypted-tbn0.gstatic.com/images?q=tbn:ANd9GcRquipAbsnd6I5udl5PB5B4g7-pmffY5GKXGWHtAAfRhwdNpJk_HG_0vPBOAldg7Fwa0qoFgdKpVTi6Fpz_J3r4gfd9hC9VI9CW1BLwn74G-ApP1A",
            "source": "KSL.com",
            "source_icon": "https://encrypted-tbn3.gstatic.com/faviconV2?url=https://www.ksl.com&client=NEWS_360&size=96&type=FAVICON&fallback_opts=TYPE,SIZE,URL",
            "title": "Utah senators blast pause in weapons to Israel as 'reprehensible,' 'dithering'"
        },
        {
            "link": "https://news.google.com/articles/CBMiVmh0dHBzOi8vd3d3Lndhc2hpbmd0b25wb3N0LmNvbS93b3JsZC8yMDI0LzA1LzE0L3J1c3NpYS1hdHRhY2sta2hhcmtpdi1yZWdpb24taW52YXNpb24v0gEA?hl=en-US&gl=US&ceid=US%3Aen",
            "og": "https://encrypted-tbn2.gstatic.com/images?q=tbn:ANd9GcS5H4AaatHjRVAVGKjXWB-fnlZh5gYA-xvKAkv6KoOGeRNiekigu2xclGCFSbaHumcfcP8WLuQ-72hql-acus-DlDyfuDlIxrozEIVsXzcfISDQ6w",
            "source": "The Washington Post",
            "source_icon": "https://encrypted-tbn3.gstatic.com/faviconV2?url=https://www.washingtonpost.com&client=NEWS_360&size=96&type=FAVICON&fallback_opts=TYPE,SIZE,URL",
            "title": "Second Russian invasion is worse than the first, Kharkiv region evacuees say"
        },
        {
            "link": "https://news.google.com/articles/CBMiLmh0dHBzOi8vd3d3LmJiYy5jb20vbmV3cy93b3JsZC1ldXJvcGUtNjkwMDc0NjXSATJodHRwczovL3d3dy5iYmMuY29tL25ld3Mvd29ybGQtZXVyb3BlLTY5MDA3NDY1LmFtcA?hl=en-US&gl=US&ceid=US%3Aen",
            "og": "https://encrypted-tbn2.gstatic.com/images?q=tbn:ANd9GcSeG6qFqJi7ArQSqF-4_O1an2yKCO2BwzPrcEqfqv6hGCC8D_KB44T39MfPA2M7wS58D4EcsohAv7pvSwR6MQbmM3Y9tsUrq9A5eWhePjOr0k8tuQ",
            "source": "BBC.com",
            "source_icon": "https://encrypted-tbn2.gstatic.com/faviconV2?url=https://www.bbc.com&client=NEWS_360&size=96&type=FAVICON&fallback_opts=TYPE,SIZE,URL",
            "title": "Georgia to vote on controversial law that sparked mass protests"
        },
        {
            "link": "https://news.google.com/articles/CBMid2h0dHBzOi8vd3d3LnBicy5vcmcvbmV3c2hvdXIvc2hvdy9uZXdzLXdyYXAtZGVmZW5zZS1taW5pc3Rlci1yZXBsYWNlbWVudC1zaG93cy1wdXRpbnMtZGVzcGVyYXRpb24tc3RhdGUtZGVwYXJ0bWVudC1zYXlz0gF7aHR0cHM6Ly93d3cucGJzLm9yZy9uZXdzaG91ci9hbXAvc2hvdy9uZXdzLXdyYXAtZGVmZW5zZS1taW5pc3Rlci1yZXBsYWNlbWVudC1zaG93cy1wdXRpbnMtZGVzcGVyYXRpb24tc3RhdGUtZGVwYXJ0bWVudC1zYXlz?hl=en-US&gl=US&ceid=US%3Aen",
            "og": "https://encrypted-tbn0.gstatic.com/images?q=tbn:ANd9GcSo4OoF7Xs378Vn_VV5aMaHBrxyM6cM5b5z-j1XXk5CeTK2McxKfCjiRUA48T3A65B2Q7qrUMhOAGNubMnLO29JNbi7hbZbaTqFkUgbc8a4SX0k-g",
            "source": "PBS NewsHour",
            "source_icon": "https://encrypted-tbn1.gstatic.com/faviconV2?url=https://www.pbs.org&client=NEWS_360&size=96&type=FAVICON&fallback_opts=TYPE,SIZE,URL",
            "title": "News Wrap: Defense minister replacement shows Putin's desperation, State Department says"
        },
        {
            "link": "https://news.google.com/articles/CBMiLmh0dHBzOi8vd3d3LmJiYy5jb20vbmV3cy9hcnRpY2xlcy9jZzMwMGplazk0em_SATJodHRwczovL3d3dy5iYmMuY29tL25ld3MvYXJ0aWNsZXMvY2czMDBqZWs5NHpvLmFtcA?hl=en-US&gl=US&ceid=US%3Aen",
            "og": "https://encrypted-tbn3.gstatic.com/images?q=tbn:ANd9GcQ1R2gNISt-DGiWrjnwBq1Qpq-oGD9erkHkDVaTdgKQQOzVs_E1VusS19isYiTdpUFbzItBrQ0a29Ky5hm6vT7_m6eD34jFIjAVoodvBLvFq83InQ",
            "source": "BBC.com",
            "source_icon": "https://encrypted-tbn2.gstatic.com/faviconV2?url=https://www.bbc.com&client=NEWS_360&size=96&type=FAVICON&fallback_opts=TYPE,SIZE,URL",
            "title": "Israeli protesters attack Gaza aid trucks in West Bank"
        },
        {
            "link": "https://news.google.com/articles/CBMiLWh0dHBzOi8vd3d3LmJiYy5jb20vbmV3cy91ay1wb2xpdGljcy02OTAwNjE4N9IBMWh0dHBzOi8vd3d3LmJiYy5jb20vbmV3cy91ay1wb2xpdGljcy02OTAwNjE4Ny5hbXA?hl=en-US&gl=US&ceid=US%3Aen",
            "og": "https://encrypted-tbn2.gstatic.com/images?q=tbn:ANd9GcTE3GW5_S0zsTvQnPPqAQwk48sPIhrBlioAWWSnbtxZYvHBDJ4HDxId2a0ahokfWufckS9aVVVk2GEzCfdqAwlziBT1PtI-YnD1oSEjJz0HGQxO5A",
            "source": "BBC.com",
            "source_icon": "https://encrypted-tbn2.gstatic.com/faviconV2?url=https://www.bbc.com&client=NEWS_360&size=96&type=FAVICON&fallback_opts=TYPE,SIZE,URL",
            "title": "MPs arrested for sex offences face Parliament ban"
        },
        {
            "link": "https://news.google.com/articles/CBMiTmh0dHBzOi8vd3d3LmNubi5jb20vMjAyNC8wNS8xNC9jaGluYS94aS1wdXRpbi1jaGluYS1zdW1taXQtaW50bC1obmsvaW5kZXguaHRtbNIBR2h0dHBzOi8vYW1wLmNubi5jb20vY25uLzIwMjQvMDUvMTQvY2hpbmEveGktcHV0aW4tY2hpbmEtc3VtbWl0LWludGwtaG5r?hl=en-US&gl=US&ceid=US%3Aen",
            "og": "https://encrypted-tbn3.gstatic.com/images?q=tbn:ANd9GcTB8Mu9ttP94aOotvS06qwNXGLoTM5weIxWO8ToslSOfTmxmXUOnr5Jp-Q10-sr-ZM4bzThKbgljAGzUIk7Q8YH3nVlH1ozexY8XPVJPVjQFNhAhg",
            "source": "CNN",
            "source_icon": "https://encrypted-tbn2.gstatic.com/faviconV2?url=https://www.cnn.com&client=NEWS_360&size=96&type=FAVICON&fallback_opts=TYPE,SIZE,URL",
            "title": "Putin to meet Xi in Beijing as world convulses from global conflicts"
        },
        {
            "link": "https://news.google.com/articles/CBMidWh0dHBzOi8vYXBuZXdzLmNvbS9hcnRpY2xlL21jYnJpZGUtd2hpc3RsZWJsb3dlci1jb3VydC1wcmlzb24tYWZnaGFuaXN0YW4td2FyLWNyaW1lcy1lM2ZkMjMwMWQyMmQzNWVlMzQ4NjY4YjkxYjAyZDZiYtIBAA?hl=en-US&gl=US&ceid=US%3Aen",
            "og": "https://encrypted-tbn3.gstatic.com/images?q=tbn:ANd9GcTb-uoNk9k4oEHWcmFVXBWRNAGMdMRsGFNuWLPoe8MbeMs4AhSX9WFsDOEOh8I5ZIb93mIP04PizDnZ-F2juwy1Bmgn",
            "source": "The Associated Press",
            "source_icon": "https://encrypted-tbn2.gstatic.com/faviconV2?url=https://apnews.com&client=NEWS_360&size=96&type=FAVICON&fallback_opts=TYPE,SIZE,URL",
            "title": "Army whistleblower who exposed alleged Australian war crimes in Afghanistan is sentenced to prison"
        },
        {
            "link": "https://news.google.com/articles/CBMia2h0dHBzOi8vYXBuZXdzLmNvbS9hcnRpY2xlL3VrLWJyaXRpc2gtc3VuYWstcG9saXRpY3MtZGFuZ2VyLXNwZWVjaC1zdGFybWVyLTg4N2JkN2M4N2IxMmY4NjhiNzlmNDJhYTZhZjYwYTU30gEA?hl=en-US&gl=US&ceid=US%3Aen",
            "og": "https://encrypted-tbn0.gstatic.com/images?q=tbn:ANd9GcTvIxUZPzgUJUekp80ZPN97CW8DvcVOlrALnP4Kqf25b2M8w6XWjqR3YOyjm6YN-5JyJScmVErCHdEe_TimKHkR6CskqDczbjlzDKVbfkp_qGu4Tg",
            "source": "The Associated Press",
            "source_icon": "https://encrypted-tbn2.gstatic.com/faviconV2?url=https://apnews.com&client=NEWS_360&size=96&type=FAVICON&fallback_opts=TYPE,SIZE,URL",
            "title": "British prime minister warns of 'axis of authoritarian states' in pre-election speech"
        },
        {
            "link": "https://news.google.com/articles/CBMicWh0dHBzOi8vd3d3LnRoZWd1YXJkaWFuLmNvbS93b3JsZC9hcnRpY2xlLzIwMjQvbWF5LzEzL2dhemEtbWluaXN0cnktcmV2aXNlcy1maWd1cmVzLWZvci13b21lbi1hbmQtY2hpbGRyZW4ta2lsbGVk0gFxaHR0cHM6Ly9hbXAudGhlZ3VhcmRpYW4uY29tL3dvcmxkL2FydGljbGUvMjAyNC9tYXkvMTMvZ2F6YS1taW5pc3RyeS1yZXZpc2VzLWZpZ3VyZXMtZm9yLXdvbWVuLWFuZC1jaGlsZHJlbi1raWxsZWQ?hl=en-US&gl=US&ceid=US%3Aen",
            "og": "https://encrypted-tbn0.gstatic.com/images?q=tbn:ANd9GcTxUQrniwk5XaQcnscShlu3UYPVnGxErNvt8DSONjm93Ala5kUvcHQkGD_iYwRw9tgpGHf1K_U4FxXCJCo0PyflNEmdsdWw7i1XKuy7daP6JPSQvg",
            "source": "The Guardian",
            "source_icon": "https://encrypted-tbn0.gstatic.com/faviconV2?url=https://www.theguardian.com&client=NEWS_360&size=96&type=FAVICON&fallback_opts=TYPE,SIZE,URL",
            "title": "UN denies Gaza death toll of women and children has been revised down"
        },
        {
            "link": "https://news.google.com/articles/CBMiT2h0dHBzOi8vd3d3Lndhc2hpbmd0b25wb3N0LmNvbS9idXNpbmVzcy8yMDI0LzA1LzEzL3J1c3NpYW4tdXJhbml1bS1pbXBvcnRzLWJhbi_SAQA?hl=en-US&gl=US&ceid=US%3Aen",
            "og": "https://encrypted-tbn2.gstatic.com/images?q=tbn:ANd9GcTGgvCZfwRd95ZJgViMVV3aLhEXEP16zZug1fyNq5yW4-SSr9a47ysybaMRKwIRuDSjWLd7E9Dl1Cik4n8CjtQV",
            "source": "The Washington Post",
            "source_icon": "https://encrypted-tbn3.gstatic.com/faviconV2?url=https://www.washingtonpost.com&client=NEWS_360&size=96&type=FAVICON&fallback_opts=TYPE,SIZE,URL",
            "title": "Biden signs bipartisan bill banning Russian uranium imports"
        },
        {
            "link": "https://news.google.com/articles/CBMiMmh0dHBzOi8vd3d3Lmpwb3N0LmNvbS9icmVha2luZy1uZXdzL2FydGljbGUtODAwOTkw0gEA?hl=en-US&gl=US&ceid=US%3Aen",
            "og": "https://encrypted-tbn1.gstatic.com/images?q=tbn:ANd9GcRZSVTS_0q4swn2iXiktt3OHLBeUUnRQaogpGmKkpaVbIYtazqGGUQV5fp2jPednZLt2bLm0wcQbM-J5BkZrMMApmv_enx5ZasinMrcV0DOEoLetw",
            "source": "The Jerusalem Post",
            "source_icon": "https://encrypted-tbn2.gstatic.com/faviconV2?url=https://www.jpost.com&client=NEWS_360&size=96&type=FAVICON&fallback_opts=TYPE,SIZE,URL",
            "title": "Netanyahu: 'War could be over tomorrow, up to Hamas'"
        },
        {
            "link": "https://news.google.com/articles/CBMib2h0dHBzOi8vd3d3Lm5wci5vcmcvc2VjdGlvbnMvZ29hdHNhbmRzb2RhLzIwMjQvMDUvMTMvMTI1MTAxNjIyOC9yYWZhaC1nYXphLWFtZXJpY2FuLW1lZGljYWwtdm9sdW50ZWVycy1ob3NwaXRhbNIBAA?hl=en-US&gl=US&ceid=US%3Aen",
            "og": "https://encrypted-tbn0.gstatic.com/images?q=tbn:ANd9GcSpInc9fXkfccAG7giWIj89quJi0pCSksXmXR7BV9Gw2jiV_Ffk_-npYB_0MPRBxCO-wadNh_NC5n-EkYWg07mgrzC131USplMlFD5JnGhQJWd7MQ",
            "source": "NPR",
            "source_icon": "https://encrypted-tbn1.gstatic.com/faviconV2?url=https://www.npr.org&client=NEWS_360&size=96&type=FAVICON&fallback_opts=TYPE,SIZE,URL",
            "title": "Trapped in Rafah, U.S. medical volunteers say they can't save lives and can't evacuate"
        },
        {
            "link": "https://news.google.com/articles/CBMiVmh0dHBzOi8vd3d3LnRoZWRhaWx5YmVhc3QuY29tL3J1c3NpYS1zdWZmZXJzLW9uZS1vZi1pdHMtbW9zdC1kZWFkbHktYXR0YWNrcy1vZi10aGUtd2Fy0gEA?hl=en-US&gl=US&ceid=US%3Aen",
            "og": "https://encrypted-tbn1.gstatic.com/images?q=tbn:ANd9GcRd3viRVrdMc9oXmpIEUggrGwbbtk7ge1rJ9c4KNj7PZ50927uNIDW3gkyj5ummiSEgimsuj1CNCCwz2BRt2Ml7",
            "source": "The Daily Beast",
            "source_icon": "https://encrypted-tbn0.gstatic.com/faviconV2?url=https://www.thedailybeast.com&client=NEWS_360&size=96&type=FAVICON&fallback_opts=TYPE,SIZE,URL",
            "title": "Russia Suffers One of Its Most Deadly Attacks of the War"
        },
        {
            "link": "https://news.google.com/articles/CBMia2h0dHBzOi8vd3d3LnJldXRlcnMuY29tL3dvcmxkL2FtZXJpY2FzL3BlcnNpc3RlbnQtYnJhemlsLWZsb29kcy1yYWlzZS1zcGVjdGVyLWNsaW1hdGUtbWlncmF0aW9uLTIwMjQtMDUtMTMv0gEA?hl=en-US&gl=US&ceid=US%3Aen",
            "og": "https://encrypted-tbn2.gstatic.com/images?q=tbn:ANd9GcTVAKUmqafUMsX1fuVq1-fsGfW945Le0LyyDG64fJGZumUORCalDGywBKeNd_-8753Sv0nNCW6pXH-bBWFko88zRzHP0ohcecDupza4V_Z2ZLp1AA",
            "source": "Reuters Canada",
            "source_icon": "https://encrypted-tbn2.gstatic.com/faviconV2?url=https://www.reuters.com&client=NEWS_360&size=96&type=FAVICON&fallback_opts=TYPE,SIZE,URL",
            "title": "Persistent Brazil floods raise specter of climate migration"
        },
        {
            "link": "https://news.google.com/articles/CBMiZmh0dHBzOi8vYXBuZXdzLmNvbS9hcnRpY2xlL2luZGlhLWVsZWN0aW9uLWZvdXJ0aC1waGFzZS1tb2RpLWJqcC1iaWhhci00YjQxMzgwMTYwOTI0ODNmNmQ0Y2Y0MTNiZDQ0ZGI0ZdIBAA?hl=en-US&gl=US&ceid=US%3Aen",
            "og": "https://encrypted-tbn3.gstatic.com/images?q=tbn:ANd9GcT1L9EMbdl_5m9YeiZSjJOJihUCErtXDBZHuOzShqNn4wdMdTCkSzGnaKwcd2Zzi7KiAc4kVEGSVExRpMjDSkcadI7BYVE9ZnEIpJPt",
            "source": "The Associated Press",
            "source_icon": "https://encrypted-tbn2.gstatic.com/faviconV2?url=https://apnews.com&client=NEWS_360&size=96&type=FAVICON&fallback_opts=TYPE,SIZE,URL",
            "title": "Lok Sabha elections 2024: Voters across 96 constituencies cast vote in fourth round"
        },
        {
            "link": "https://news.google.com/articles/CBMicmh0dHBzOi8vd3d3LmJsb29tYmVyZy5jb20vbmV3cy9hcnRpY2xlcy8yMDI0LTA1LTEyL2lzcmFlbC1tYXJrcy03NnRoLWluZGVwZW5kZW5jZS1kYXktd29ycmllZC1hbmQtZGVlcGx5LWZyYWN0dXJlZNIBAA?hl=en-US&gl=US&ceid=US%3Aen",
            "og": "https://encrypted-tbn1.gstatic.com/images?q=tbn:ANd9GcTiVjYULnInh9p2zSG2clShVxdYIjpmbuwrU-WYayXnfZtG3IkXLSwDTS3-PlGwqECOkFYrIjC1bQzPcK1dT0glZrBeeMu16fVW5HiqetrLI8UsHQ",
            "source": "Bloomberg",
            "source_icon": "https://encrypted-tbn1.gstatic.com/faviconV2?url=https://www.bloomberg.com&client=NEWS_360&size=96&type=FAVICON&fallback_opts=TYPE,SIZE,URL",
            "title": "Israel-Hamas War: Israel Deeply Fractured as it Marks 76th Independence Day"
        },
        {
            "link": "https://news.google.com/articles/CBMidGh0dHBzOi8vd3d3Lm5iY25ld3MuY29tL25ld3Mvd29ybGQvc3BhaW4tZWxlY3Rpb25zLWNhdGFsYW4tc2VwYXJhdGlzdHMtbG9zZS1tYWpvcml0eS11bmlvbi1zb2NpYWxpc3RzLXdpbi1yY25hMTUxOTMy0gEraHR0cHM6Ly93d3cubmJjbmV3cy5jb20vbmV3cy9hbXAvcmNuYTE1MTkzMg?hl=en-US&gl=US&ceid=US%3Aen",
            "og": "https://encrypted-tbn2.gstatic.com/images?q=tbn:ANd9GcRdzJ63NwXDqOy8e7KTePYVHCPgded1VzECin7Og4AmQED8oaEGvp5fBafXWBVlgrqDG25CizQ7LHWpGZCjXV3pbMt7Eoictz2C4WfrzMAdSP066g",
            "source": "NBC News",
            "source_icon": "https://encrypted-tbn1.gstatic.com/faviconV2?url=https://www.nbcnews.com&client=NEWS_360&size=96&type=FAVICON&fallback_opts=TYPE,SIZE,URL",
            "title": "Spain elections: Catalan separatists lose majority as pro-union Socialists win regional votes"
        },
        {
            "link": "https://news.google.com/articles/CBMibWh0dHBzOi8vd3d3LmZveHdlYXRoZXIuY29tL3dlYXRoZXItbmV3cy9jYXRhc3Ryb3BoaWMtZmxvb2RzLWtpbGwtbW9yZS10aGFuLTMwMC13YXNoLWF3YXktYWZnaGFuaXN0YW4tdmlsbGFnZXPSAXFodHRwczovL3d3dy5mb3h3ZWF0aGVyLmNvbS93ZWF0aGVyLW5ld3MvY2F0YXN0cm9waGljLWZsb29kcy1raWxsLW1vcmUtdGhhbi0zMDAtd2FzaC1hd2F5LWFmZ2hhbmlzdGFuLXZpbGxhZ2VzLmFtcA?hl=en-US&gl=US&ceid=US%3Aen",
            "og": "https://encrypted-tbn2.gstatic.com/images?q=tbn:ANd9GcSzrWJFwHcQTZZ9kquzMID7HBOrxix1oj1UFUAjcxZwMu0HX4PSD1nH3kDx3MCxruAa9Y8rkCbhvrS3Pp_EGCLR3pk1F1epIiaNKN8h",
            "source": "Fox Weather",
            "source_icon": "https://encrypted-tbn3.gstatic.com/faviconV2?url=https://www.foxweather.com&client=NEWS_360&size=96&type=FAVICON&fallback_opts=TYPE,SIZE,URL",
            "title": "'Catastrophic floods' kill more than 300 in Afghanistan, wash away entire villages"
        },
        {
            "link": "https://news.google.com/articles/CBMia2h0dHBzOi8vd3d3Lndzai5jb20vd29ybGQvbWlkZGxlLWVhc3QvaXNyYWVscy1yYWZhaC1vZmZlbnNpdmUtc3RyYWlucy00NS15ZWFycy1vZi1wZWFjZS13aXRoLWVneXB0LWY3ODEwNjIw0gEA?hl=en-US&gl=US&ceid=US%3Aen",
            "og": "https://encrypted-tbn0.gstatic.com/images?q=tbn:ANd9GcQllcT6O41uK8x77GxtCD2SQAjbPOOe8_682WMeXr5-QCI9rz0V1deOU5W6HVPnmZFYO-wxAwBhq0NzfwGE67j80C4_DmIgPpRukN3JJy_kd3Xkxg",
            "source": "The Wall Street Journal",
            "source_icon": "https://encrypted-tbn1.gstatic.com/faviconV2?url=https://www.wsj.com&client=NEWS_360&size=96&type=FAVICON&fallback_opts=TYPE,SIZE,URL",
            "title": "Israel's Rafah Offensive Strains 45 Years of Peace With Egypt"
        },
        {
            "link": "https://news.google.com/articles/CBMiM2h0dHBzOi8vd3d3LmJiYy5jb20vbmV3cy93b3JsZC1taWRkbGUtZWFzdC02OTAwNDM1NtIBN2h0dHBzOi8vd3d3LmJiYy5jb20vbmV3cy93b3JsZC1taWRkbGUtZWFzdC02OTAwNDM1Ni5hbXA?hl=en-US&gl=US&ceid=US%3Aen",
            "og": "https://encrypted-tbn2.gstatic.com/images?q=tbn:ANd9GcTayz5rnXAkJHJemixBMtgKPank4PTu1s1FDHXeDbSdonfmODTfyTqts_XSu1w8dSEclecmoa2VW-EO7jyCez_5k6ArhgBnNV-0nDXDuLnLC4u1sQ",
            "source": "BBC.com",
            "source_icon": "https://encrypted-tbn2.gstatic.com/faviconV2?url=https://www.bbc.com&client=NEWS_360&size=96&type=FAVICON&fallback_opts=TYPE,SIZE,URL",
            "title": "Gaza war weighs heavily as Israel marks memorial day"
        },
        {
            "link": "https://news.google.com/articles/CBMicWh0dHBzOi8vYXJzdGVjaG5pY2EuY29tL3RlY2gtcG9saWN5LzIwMjQvMDUvZWxvbi1tdXNrcy14LWRvZGdlcy1hdXN0cmFsaWFuLW9yZGVyLXRvLXJlbW92ZS1jaHVyY2gtc3RhYmJpbmctdmlkZW8v0gEA?hl=en-US&gl=US&ceid=US%3Aen",
            "og": "https://encrypted-tbn0.gstatic.com/images?q=tbn:ANd9GcQftZ7y2BgienAKxYk_8M1C2w6sy87siL-H44jekb3xFNXmWbYwEmTuNclUDbQZpIQd1Z8qF5TJOh3m8KgFNemvAePvmwo-NETuDnD0UYdyEhziFQ",
            "source": "Ars Technica",
            "source_icon": "https://encrypted-tbn0.gstatic.com/faviconV2?url=https://arstechnica.com&client=NEWS_360&size=96&type=FAVICON&fallback_opts=TYPE,SIZE,URL",
            "title": "Elon Musk's X dodges Australian order to remove church stabbing video"
        },
        {
            "link": "https://news.google.com/articles/CBMib2h0dHBzOi8vd3d3LmV1cm9uZXdzLmNvbS8yMDI0LzA1LzEzL2xlYWRlcnMtb2YtcmVnaW9uYWwtcml2YWxzLWdyZWVjZS1hbmQtdHVya2l5ZS1tZWV0LWluLWJpZC10by10aGF3LXJlbGF0aW9uc9IBAA?hl=en-US&gl=US&ceid=US%3Aen",
            "og": "https://encrypted-tbn1.gstatic.com/images?q=tbn:ANd9GcRlLLOa4YJr3nlaQJcznl16aThJExlvweVrW-0Qqvks0UYwD6mxPqsyMbMJzE3QjIbcRyoFJ117GINbEQ6LwNilktzXOmIHEFN10qB1Obh4z8OG-A",
            "source": "Euronews",
            "source_icon": "https://encrypted-tbn3.gstatic.com/faviconV2?url=https://www.euronews.com&client=NEWS_360&size=96&type=FAVICON&fallback_opts=TYPE,SIZE,URL",
            "title": "Leaders of regional rivals Greece and Türkiye meet in bid to thaw relations"
        },
        {
            "link": "https://news.google.com/articles/CBMiamh0dHBzOi8vd3d3LmRlbW9jcmFjeW5vdy5vcmcvMjAyNC81LzEzL2hlYWRsaW5lcy91bl9nZW5lcmFsX2Fzc2VtYmx5X3ZvdGVzXzE0M185X2Zvcl9wYWxlc3Rpbmlhbl9zdGF0ZWhvb2TSAQA?hl=en-US&gl=US&ceid=US%3Aen",
            "og": "https://encrypted-tbn3.gstatic.com/images?q=tbn:ANd9GcS5nb2dxYJdt0hNnDe-khHqcK3vr3e2Re71IxWSpMPP-ibsSDmbl2qewpThDQdNNjrk8IftQ-ibhTvlT31AxabE",
            "source": "Democracy Now!",
            "source_icon": "https://encrypted-tbn1.gstatic.com/faviconV2?url=https://www.democracynow.org&client=NEWS_360&size=96&type=FAVICON&fallback_opts=TYPE,SIZE,URL",
            "title": "U.N. General Assembly Votes 143-9 for Palestinian Statehood"
        },
        {
            "link": "https://news.google.com/articles/CBMiNWh0dHBzOi8vd3d3Lmpwb3N0LmNvbS9pc3JhZWwtaGFtYXMtd2FyL2FydGljbGUtODAxMDM50gEA?hl=en-US&gl=US&ceid=US%3Aen",
            "og": "https://encrypted-tbn2.gstatic.com/images?q=tbn:ANd9GcQqHmLzLaoJrZZcQUnHfYJHL4eZXrhAcOmQzkuTXRh-TgF1CFMnYn_tFJCVHlJ5CGPUcdwHNoAci1eqccKItCLHTB9-HZV0oUEiqlCzgDkqZF_r-A",
            "source": "The Jerusalem Post",
            "source_icon": "https://encrypted-tbn2.gstatic.com/faviconV2?url=https://www.jpost.com&client=NEWS_360&size=96&type=FAVICON&fallback_opts=TYPE,SIZE,URL",
            "title": "IDF warns Hamas leaders: We're coming like a roaring flood"
        },
        {
            "link": "https://news.google.com/articles/CBMiYmh0dHBzOi8vd3d3LnJldXRlcnMuY29tL3dvcmxkL2FzaWEtcGFjaWZpYy9pbmRvbmVzaWFzLW10LWlidS1lcnVwdHMtc3Bld2luZy1hc2gtY2xvdWRzLTIwMjQtMDUtMTMv0gEA?hl=en-US&gl=US&ceid=US%3Aen",
            "og": "https://encrypted-tbn3.gstatic.com/images?q=tbn:ANd9GcSu9UQC_9wRoZqXG4F0iOdwsqqOY0CC-J61ll6AIH0ybM1YnZM5QqY4XukaC39L4YDmpil7ozH40IMSt6tNAC8fcM89TqvtuN7vBdim",
            "source": "Reuters",
            "source_icon": "https://encrypted-tbn2.gstatic.com/faviconV2?url=https://www.reuters.com&client=NEWS_360&size=96&type=FAVICON&fallback_opts=TYPE,SIZE,URL",
            "title": "Indonesia's Mt Ibu erupts, spewing ash clouds"
        },
        {
            "link": "https://news.google.com/articles/CBMiV2h0dHBzOi8vd3d3LmNic25ld3MuY29tL25ld3MvbGVnZW5kYXJ5LXRyZWFzdXJlLWNvbm1hbi1oZWFsaW5nLXBvd2Vycy1wb2xhbmQtb2ZmaWNpYWxzL9IBW2h0dHBzOi8vd3d3LmNic25ld3MuY29tL2FtcC9uZXdzL2xlZ2VuZGFyeS10cmVhc3VyZS1jb25tYW4taGVhbGluZy1wb3dlcnMtcG9sYW5kLW9mZmljaWFscy8?hl=en-US&gl=US&ceid=US%3Aen",
            "og": "https://encrypted-tbn3.gstatic.com/images?q=tbn:ANd9GcRie_zlvrKmqsncFDHgVmKUUA7_ZkeE-F-rI7GkCxfF1mSfvpFEEDBheBijGb0sCWT1lZRNj8HejZix6HaF6SjJR2EWOWhvF8asZPqYcEV_oDdTOQ",
            "source": "CBS News",
            "source_icon": "https://encrypted-tbn0.gstatic.com/faviconV2?url=https://www.cbsnews.com&client=NEWS_360&size=96&type=FAVICON&fallback_opts=TYPE,SIZE,URL",
            "title": "Legendary treasure that apparently belonged to notorious 18th-century conman unearthed in Poland"
        },
        {
            "link": "https://news.google.com/articles/CBMiaWh0dHBzOi8vYXBuZXdzLmNvbS9hcnRpY2xlL2luZG9uZXNpYS1tb3VudC1tYXJhcGktY29sZC1sYXZhLWZsYXNoLWZsb29kcy01ZjQ5N2QwY2MzNTA4OTg3NzIxMDIwZjNkYTFlM2M4M9IBAA?hl=en-US&gl=US&ceid=US%3Aen",
            "og": "https://encrypted-tbn3.gstatic.com/images?q=tbn:ANd9GcR4qbxXBI_JIb0pBF6PHw1pcABu3zO_mCiDIwrNl8ZPyqxPJT69xxvRklqHLxEK1hLjjL_J45pIHTY",
            "source": "The Associated Press",
            "source_icon": "https://encrypted-tbn2.gstatic.com/faviconV2?url=https://apnews.com&client=NEWS_360&size=96&type=FAVICON&fallback_opts=TYPE,SIZE,URL",
            "title": "Indonesia: Rescue underway after flash floods kill dozens"
        },
        {
            "link": "https://news.google.com/articles/CBMiYWh0dHBzOi8vd3d3LmFsamF6ZWVyYS5jb20vcHJvZ3JhbS9uZXdzZmVlZC8yMDI0LzUvMTMvd2h5LWVneXB0LWpvaW5pbmctaWNqLWNhc2UtYWdhaW5zdC1pc3JhZWwtaXPSAWVodHRwczovL3d3dy5hbGphemVlcmEuY29tL2FtcC9wcm9ncmFtL25ld3NmZWVkLzIwMjQvNS8xMy93aHktZWd5cHQtam9pbmluZy1pY2otY2FzZS1hZ2FpbnN0LWlzcmFlbC1pcw?hl=en-US&gl=US&ceid=US%3Aen",
            "og": "https://encrypted-tbn2.gstatic.com/images?q=tbn:ANd9GcSaH1fHqxPLNKIZ9mjVKeU-loxjP-AJhczvN8TXiD9H_EThG66sVTRH08eJWVed_6KDOztm1idQFEx3HMwwRDhQavrW7JovRcCGuyHBGBY5kMW7RQ",
            "source": "Al Jazeera English",
            "source_icon": "https://encrypted-tbn0.gstatic.com/faviconV2?url=https://www.aljazeera.com&client=NEWS_360&size=96&type=FAVICON&fallback_opts=TYPE,SIZE,URL",
            "title": "Why Egypt joining ICJ case against Israel is ‘unprecedented’"
        },
        {
            "link": "https://news.google.com/articles/CBMicWh0dHBzOi8vd3d3LmFsamF6ZWVyYS5jb20vbmV3cy8yMDI0LzUvMTMvZW5lcmd5LXN1bW1pdC1zZWVrcy10by1jdXJiLWNvb2tpbmctaGFiaXRzLXRoYXQta2lsbC1taWxsaW9ucy1ldmVyeS15ZWFy0gF1aHR0cHM6Ly93d3cuYWxqYXplZXJhLmNvbS9hbXAvbmV3cy8yMDI0LzUvMTMvZW5lcmd5LXN1bW1pdC1zZWVrcy10by1jdXJiLWNvb2tpbmctaGFiaXRzLXRoYXQta2lsbC1taWxsaW9ucy1ldmVyeS15ZWFy?hl=en-US&gl=US&ceid=US%3Aen",
            "og": "https://encrypted-tbn1.gstatic.com/images?q=tbn:ANd9GcRQQTCii-LGea8uvNvBtY9kLedO1LEbl_FilBkRfW1ng1JuvJ03ERdzw66nyNFFf3XViRLOX0LkN1Oq1EGU9D002-qmqHh38osLuquIv5f22G0HLQ",
            "source": "Al Jazeera English",
            "source_icon": "https://encrypted-tbn0.gstatic.com/faviconV2?url=https://www.aljazeera.com&client=NEWS_360&size=96&type=FAVICON&fallback_opts=TYPE,SIZE,URL",
            "title": "Energy summit seeks to curb cooking habits that kill millions every year"
        },
        {
            "link": "https://news.google.com/articles/CBMifWh0dHBzOi8vd3d3LmNubi5jb20vMjAyNC8wNS8xMy91cy81LXRoaW5ncy10by1rbm93LWZvci1tYXktMTMtdHJ1bXAtdHJpYWwtZ2F6YS11a3JhaW5lLXNldmVyZS13ZWF0aGVyLWJvYi1tZW5lbmRlei9pbmRleC5odG1s0gF2aHR0cHM6Ly9hbXAuY25uLmNvbS9jbm4vMjAyNC8wNS8xMy91cy81LXRoaW5ncy10by1rbm93LWZvci1tYXktMTMtdHJ1bXAtdHJpYWwtZ2F6YS11a3JhaW5lLXNldmVyZS13ZWF0aGVyLWJvYi1tZW5lbmRleg?hl=en-US&gl=US&ceid=US%3Aen",
            "og": "https://encrypted-tbn3.gstatic.com/images?q=tbn:ANd9GcTi5cRTS99CuEA6VU1v1Wejpc2E_k5bKi7SAxxh1uAN9_o35W09LZthdw_kZC_aYuLXTtiz6oXV2b2o7-57f3sFA4FxsmTMsEjCNGYJgM9yFCZVfA",
            "source": "CNN",
            "source_icon": "https://encrypted-tbn2.gstatic.com/faviconV2?url=https://www.cnn.com&client=NEWS_360&size=96&type=FAVICON&fallback_opts=TYPE,SIZE,URL",
            "title": "5 things to know for May 13: Trump Trial, Gaza, Ukraine, Severe weather, Bob Menendez"
        },
        {
            "link": "https://news.google.com/articles/CBMiLmh0dHBzOi8vd3d3LmJiYy5jb20vbmV3cy9hcnRpY2xlcy9jNnB5eXFlcDgzMW_SATJodHRwczovL3d3dy5iYmMuY29tL25ld3MvYXJ0aWNsZXMvYzZweXlxZXA4MzFvLmFtcA?hl=en-US&gl=US&ceid=US%3Aen",
            "og": "https://encrypted-tbn0.gstatic.com/images?q=tbn:ANd9GcQ2XrqTSW7A8vxRb95SrSrIycV58z2432T_dHZjiYW5db7CtOQwSuVnS0XCEil596f0Y9Ik7xCq_Qwt-HqBo4CfMZefk2UU4oV2SDGS7ktNpjjNog",
            "source": "BBC.com",
            "source_icon": "https://encrypted-tbn2.gstatic.com/faviconV2?url=https://www.bbc.com&client=NEWS_360&size=96&type=FAVICON&fallback_opts=TYPE,SIZE,URL",
            "title": "Migrant-smuggler known as Scorpion arrested after BBC investigation"
        },
        {
            "link": "https://news.google.com/articles/CBMidWh0dHBzOi8vd3d3LnJldXRlcnMuY29tL3dvcmxkL2FzaWEtcGFjaWZpYy9mb3JtZXIta2F6YWtoLW1pbmlzdGVyLWdldHMtMjQteWVhcnMtcHJpc29uLW11cmRlcmluZy1oaXMtd2lmZS0yMDI0LTA1LTEzL9IBAA?hl=en-US&gl=US&ceid=US%3Aen",
            "og": "https://encrypted-tbn3.gstatic.com/images?q=tbn:ANd9GcRObbvQljOigE9cB0loPwOj-GKb0Wirg0NLj11hf5qPErf3YFdBLHiaq5qoULRGlRqPzjozAXvw51fO9cJNfE_roFFX0W9nZ_1XWNSqP9kcxc4Njw",
            "source": "Reuters",
            "source_icon": "https://encrypted-tbn2.gstatic.com/faviconV2?url=https://www.reuters.com&client=NEWS_360&size=96&type=FAVICON&fallback_opts=TYPE,SIZE,URL",
            "title": "Former Kazakh minister gets 24 years in prison for murdering wife"
        },
        {
            "link": "https://news.google.com/articles/CBMiYWh0dHBzOi8vd3d3Lm5iY25ld3MuY29tL3NjaWVuY2Uvc2NpZW5jZS1uZXdzL29yY2FzLXNpbmstc2FpbGluZy15YWNodC1zdHJhaXQtZ2licmFsdGFyLXJjbmExNTIwOTPSAStodHRwczovL3d3dy5uYmNuZXdzLmNvbS9uZXdzL2FtcC9yY25hMTUyMDkz?hl=en-US&gl=US&ceid=US%3Aen",
            "og": "https://encrypted-tbn1.gstatic.com/images?q=tbn:ANd9GcRoRz0XHEbK-sqLbTgTFa22KokISBHY863UY5WJ39EnA91t5QwF4bbCLkcQRHoEjEQgeD__ohYSkUjk7OkQwdWbLz_whc3u8uDjQqWxPm_nHC42JA",
            "source": "NBC News",
            "source_icon": "https://encrypted-tbn1.gstatic.com/faviconV2?url=https://www.nbcnews.com&client=NEWS_360&size=96&type=FAVICON&fallback_opts=TYPE,SIZE,URL",
            "title": "Orcas sink sailing yacht in Strait of Gibraltar"
        },
        {
            "link": "https://news.google.com/articles/CBMiLmh0dHBzOi8vd3d3LmJiYy5jb20vbmV3cy9hcnRpY2xlcy9jNzJwcG56eXIyZW_SATJodHRwczovL3d3dy5iYmMuY29tL25ld3MvYXJ0aWNsZXMvYzcycHBuenlyMmVvLmFtcA?hl=en-US&gl=US&ceid=US%3Aen",
            "og": "https://encrypted-tbn3.gstatic.com/images?q=tbn:ANd9GcTubtx4wcUBfXoxPN9exNmkeYv3MJfu3CPAdTa-7XgDHcEeQuRqOOBlUelwOPlOhvS8ZNyUpGoqTosdsJmk7SsM7jkCpvoogrmnTb5V",
            "source": "BBC.com",
            "source_icon": "https://encrypted-tbn2.gstatic.com/faviconV2?url=https://www.bbc.com&client=NEWS_360&size=96&type=FAVICON&fallback_opts=TYPE,SIZE,URL",
            "title": "Lebanon FM fears intensification of Israeli Hezbollah offensive"
        },
        {
            "link": "https://news.google.com/articles/CBMiZGh0dHBzOi8vYXBuZXdzLmNvbS9hcnRpY2xlL2hhaXRpLWdhbmctdmlvbGVuY2UtdHJhdW1hLW1lbnRhbC1oZWFsdGgtZWFlMWUwYmM3YzAxNDNhMWY1OGRhN2Q1OGZmMjllZWTSAQA?hl=en-US&gl=US&ceid=US%3Aen",
            "og": "https://encrypted-tbn1.gstatic.com/images?q=tbn:ANd9GcSzt8H0A4tGWmR4WkUiszFEieiHp6vXLmkqMSxzXtfvf5qQDTGU_B9fpyLiUASNw7mqtGgvoSMT2Y7Gae3Mik_DoVSQ937E6f7hkkirgUtohersnA",
            "source": "The Associated Press",
            "source_icon": "https://encrypted-tbn2.gstatic.com/faviconV2?url=https://apnews.com&client=NEWS_360&size=96&type=FAVICON&fallback_opts=TYPE,SIZE,URL",
            "title": "Haitians break taboo on mental health services after violence traumatize kids"
        },
        {
            "link": "https://news.google.com/articles/CBMiUWh0dHBzOi8vZGFpbHljYWxsZXIuY29tLzIwMjQvMDUvMTMvdWtyYWluZS10ZXJyaXRvcnktbG9zc2VzLWNvbmdyZXNzLWFpZC1wYWNrYWdlL9IBAA?hl=en-US&gl=US&ceid=US%3Aen",
            "og": "https://encrypted-tbn1.gstatic.com/images?q=tbn:ANd9GcRFtM8C98wjXmu4tPkTaoffGFXvyJ1wn7nyjwEPgCAEpAgiPECV8xohjG5GLThzJbf_IQZ0sT1uU36rqxNzgle8",
            "source": "Daily Caller",
            "source_icon": "https://encrypted-tbn2.gstatic.com/faviconV2?url=https://dailycaller.com&client=NEWS_360&size=96&type=FAVICON&fallback_opts=TYPE,SIZE,URL",
            "title": "Russian Troops Make Major Gains After Congress, Biden Greenlit Major Aid Package To Ukraine"
        },
        {
            "link": "https://news.google.com/articles/CBMiP2h0dHBzOi8vd3d3LmZ0LmNvbS9jb250ZW50LzExZTBiODFmLTUwZmEtNGFmZi1iMGU5LWM0NjJhOTQ2OTgxONIBAA?hl=en-US&gl=US&ceid=US%3Aen",
            "og": "https://encrypted-tbn2.gstatic.com/images?q=tbn:ANd9GcRof1ykgzmTUdRvdqdlyjyxLD8m7o6Y6eIuvi0t0HnwTnDK4cFanloHzShe6oyKzJ2Vq8gcHQ5kEwB4L85Gk8wZd87G9y-TrYf8U-2b1tnIopRjLA",
            "source": "Financial Times",
            "source_icon": "https://encrypted-tbn2.gstatic.com/faviconV2?url=https://www.ft.com&client=NEWS_360&size=96&type=FAVICON&fallback_opts=TYPE,SIZE,URL",
            "title": "IMF holds off on fresh Argentina loan despite praise for Javier Milei"
        },
        {
            "link": "https://news.google.com/articles/CBMiZmh0dHBzOi8vd3d3LmZveG5ld3MuY29tL3BvbGl0aWNzL3JlcG9ydHMtYmlkZW4td2hpdGUtaG91c2Utc2hhcmluZy1zZW5zaXRpdmUtaGFtYXMtaW50ZWwtZHJhd3Mtb3V0cmFnZdIBamh0dHBzOi8vd3d3LmZveG5ld3MuY29tL3BvbGl0aWNzL3JlcG9ydHMtYmlkZW4td2hpdGUtaG91c2Utc2hhcmluZy1zZW5zaXRpdmUtaGFtYXMtaW50ZWwtZHJhd3Mtb3V0cmFnZS5hbXA?hl=en-US&gl=US&ceid=US%3Aen",
            "og": "https://encrypted-tbn2.gstatic.com/images?q=tbn:ANd9GcTQaB0ZzSqQhOtw_1T4iqfFM_mlL708cIdgMxxXY7rJTKs9h1IK5e_XsEVfoFTHGLNzermhVRrFaIYxLHjnuYSt4p3-F2KbTlk8s4V0O72nvtJTuQ",
            "source": "Fox News",
            "source_icon": "https://encrypted-tbn3.gstatic.com/faviconV2?url=https://www.foxnews.com&client=NEWS_360&size=96&type=FAVICON&fallback_opts=TYPE,SIZE,URL",
            "title": "Reports of Biden White House keeping 'sensitive' Hamas intel from Israel draws outrage"
        },
        {
            "link": "https://news.google.com/articles/CBMiemh0dHBzOi8vd3d3LmZveGJ1c2luZXNzLmNvbS9saWZlc3R5bGUvdmlkZW8tc2hvd3MtcGxhbmUtdG91Y2gtZG93bi1ydW53YXktd2l0aG91dC1sYW5kaW5nLWdlYXItYXVzdHJhbGlhLW5ld2Nhc3RsZS1haXJwb3J00gF-aHR0cHM6Ly93d3cuZm94YnVzaW5lc3MuY29tL2xpZmVzdHlsZS92aWRlby1zaG93cy1wbGFuZS10b3VjaC1kb3duLXJ1bndheS13aXRob3V0LWxhbmRpbmctZ2Vhci1hdXN0cmFsaWEtbmV3Y2FzdGxlLWFpcnBvcnQuYW1w?hl=en-US&gl=US&ceid=US%3Aen",
            "og": "https://encrypted-tbn0.gstatic.com/images?q=tbn:ANd9GcSSs6vpebtfe_GSDFiPSkObKQvPIqGkFcX3TNIdfqxLtOm9iDUv7XM5yp6fTKdKjtQzzVkxHAEe-JcTLQvWlSiklWIIlL_Y0W6nJ1uDkbwchJu76w",
            "source": "Fox Business",
            "source_icon": "https://encrypted-tbn1.gstatic.com/faviconV2?url=https://www.foxbusiness.com&client=NEWS_360&size=96&type=FAVICON&fallback_opts=TYPE,SIZE,URL",
            "title": "Video shows plane touch down on runway without landing gear after suffering mechanical failure"
        },
        {
            "link": "https://news.google.com/articles/CBMicGh0dHBzOi8vd3d3LmFsamF6ZWVyYS5jb20vbmV3cy8yMDI0LzUvMTQvbnNtLTIwLWluY29uc2lzdGVuY2llcy1wbGFndWUtdXMtYXNzZXNzbWVudC1vbi1pc3JhZWxzLWdhemEtd2FyLWNvbmR1Y3TSAXRodHRwczovL3d3dy5hbGphemVlcmEuY29tL2FtcC9uZXdzLzIwMjQvNS8xNC9uc20tMjAtaW5jb25zaXN0ZW5jaWVzLXBsYWd1ZS11cy1hc3Nlc3NtZW50LW9uLWlzcmFlbHMtZ2F6YS13YXItY29uZHVjdA?hl=en-US&gl=US&ceid=US%3Aen",
            "og": "https://encrypted-tbn2.gstatic.com/images?q=tbn:ANd9GcR7oGNzNCDpfcepDOkGfJAGaM9Z-mR1cuqLeIyj3JiAHtRRjTVt72T3yg6x4x2jHN3_JSGniVVyGWm1wkX8sDSwvqWWgxcsShTduAUUcKoOAN21ig",
            "source": "Al Jazeera English",
            "source_icon": "https://encrypted-tbn0.gstatic.com/faviconV2?url=https://www.aljazeera.com&client=NEWS_360&size=96&type=FAVICON&fallback_opts=TYPE,SIZE,URL",
            "title": "NSM-20: ‘Inconsistencies’ plague US assessment on Israel’s Gaza war conduct"
        },
        {
            "link": "https://news.google.com/articles/CBMiWmh0dHBzOi8vd3d3LnRoZWluZXJ0aWEuY29tL3N1cmYvcmVwb3J0LXNpbmFsb2EtY2FydGVsLWdhdmUtYmFqYS1tdXJkZXItc3VzcGVjdHMtdG8tcG9saWNlL9IBAA?hl=en-US&gl=US&ceid=US%3Aen",
            "og": "https://encrypted-tbn0.gstatic.com/images?q=tbn:ANd9GcQaXemloUN-ehVIGVaGwJRJUTk37nCpP2_Ppx2V0xZKYyInW20zhlF1fsy3dka2-uhfz91lxGaw6bBVf2FCw98lkcTz2qwA8rj28ZhcPDEsQ8jJWw",
            "source": "The Inertia",
            "source_icon": "https://encrypted-tbn1.gstatic.com/faviconV2?url=https://www.theinertia.com&client=NEWS_360&size=96&type=FAVICON&fallback_opts=TYPE,SIZE,URL",
            "title": "Report: Sinaloa Cartel Gave Baja Murder Suspects to Police"
        },
        {
            "link": "https://news.google.com/articles/CBMieGh0dHBzOi8vd3d3LnRoZWRhaWx5YmVhc3QuY29tL2dvcmRvbi1ibGFjay11cy1zb2xkaWVyLWRldGFpbmVkLWluLXJ1c3NpYS1zdGFiYmVkLWJ5LWdpcmxmcmllbmQtYmVmb3JlLWFycmVzdC13aWZlLWNsYWltc9IBAA?hl=en-US&gl=US&ceid=US%3Aen",
            "og": "https://encrypted-tbn1.gstatic.com/images?q=tbn:ANd9GcScDEuaSKuHIDX0nxcLidKJPjYMUBP_c6g3EKgZdS7JA1MoSfONHfx8BAsxCr4WhrguS0YporTdyhKA0yzNn05u",
            "source": "The Daily Beast",
            "source_icon": "https://encrypted-tbn0.gstatic.com/faviconV2?url=https://www.thedailybeast.com&client=NEWS_360&size=96&type=FAVICON&fallback_opts=TYPE,SIZE,URL",
            "title": "Gordon Black: U.S. Soldier Detained in Russia Stabbed by Girlfriend Before Arrest, Wife Claims"
        },
        {
            "link": "https://news.google.com/articles/CBMiM2h0dHBzOi8vd3d3LmJiYy5jb20vbmV3cy93b3JsZC1taWRkbGUtZWFzdC02OTAwNjczNNIBN2h0dHBzOi8vd3d3LmJiYy5jb20vbmV3cy93b3JsZC1taWRkbGUtZWFzdC02OTAwNjczNC5hbXA?hl=en-US&gl=US&ceid=US%3Aen",
            "og": "https://encrypted-tbn2.gstatic.com/images?q=tbn:ANd9GcTGmgL3E10bSzzFfLFKk-Cy4OKaKCuZyg9QSAaUmpoyO-nFexuIh6SH3NpWh-VLgTOkc7Yuty-KCyxQbRKe784bC5nBK-j8iQwWd7k3XZ1tEsRqQQ",
            "source": "BBC.com",
            "source_icon": "https://encrypted-tbn2.gstatic.com/faviconV2?url=https://www.bbc.com&client=NEWS_360&size=96&type=FAVICON&fallback_opts=TYPE,SIZE,URL",
            "title": "Israel-Gaza war: UN says staff member killed in Gaza"
        },
        {
            "link": "https://news.google.com/articles/CBMic2h0dHBzOi8vd3d3LnRpbWVzb2Zpc3JhZWwuY29tL3RoZS11cy1haW1zLXRvLXdyYXAtdXAtZ2F6YS13YXItaG93LWRvZXMtdGhhdC1zcXVhcmUtd2l0aC1pdHMtZ29hbC1vZi10b3BwbGluZy1oYW1hcy_SAXdodHRwczovL3d3dy50aW1lc29maXNyYWVsLmNvbS90aGUtdXMtYWltcy10by13cmFwLXVwLWdhemEtd2FyLWhvdy1kb2VzLXRoYXQtc3F1YXJlLXdpdGgtaXRzLWdvYWwtb2YtdG9wcGxpbmctaGFtYXMvYW1wLw?hl=en-US&gl=US&ceid=US%3Aen",
            "og": "https://encrypted-tbn2.gstatic.com/images?q=tbn:ANd9GcQ6yiQYKbL0ZcXHV8vwYXlILsl5-lrH44llYy5nvDdqcDECWKnwaZlGSjEaHzFmg3pjZo94Rx6puJbbx-wte7bFOIVrp3IFbCpAAWli3dKSO19AFw",
            "source": "The Times of Israel",
            "source_icon": "https://encrypted-tbn3.gstatic.com/faviconV2?url=https://www.timesofisrael.com&client=NEWS_360&size=96&type=FAVICON&fallback_opts=TYPE,SIZE,URL",
            "title": "The US aims to wrap up Gaza war. How does that square with its goal of toppling Hamas?"
        },
        {
            "link": "https://news.google.com/articles/CBMiVWh0dHBzOi8vd3d3Lndhc2hpbmd0b25wb3N0LmNvbS93b3JsZC8yMDI0LzA1LzEzL2lzcmFlbC1oYW1hcy13YXItbmV3cy1nYXphLXBhbGVzdGluZS_SAQA?hl=en-US&gl=US&ceid=US%3Aen",
            "og": "https://encrypted-tbn1.gstatic.com/images?q=tbn:ANd9GcQCo_q0pimfHhSM-MVRf4QyFvcFi9j8F_IjeeVaFVbjKkTlry9WgxDFWEOkujlvVqo3AEdDgHovtJ4PMXOYaonhn0U7hbOgY-ixiW3xk3aa7H9ueA",
            "source": "The Washington Post",
            "source_icon": "https://encrypted-tbn3.gstatic.com/faviconV2?url=https://www.washingtonpost.com&client=NEWS_360&size=96&type=FAVICON&fallback_opts=TYPE,SIZE,URL",
            "title": "Israeli forces advance in Rafah; Health Ministry says Gaza hospital system will collapse in hours"
        }
    ]
}
Request URI:	https://ok.surf/api/v1/news-section
{
    "Business": [
        {
            "link": "https://news.google.com/articles/CBMiaGh0dHBzOi8vd3d3LnRoZWd1YXJkaWFuLmNvbS9idXNpbmVzcy9hcnRpY2xlLzIwMjQvbWF5LzE0L2pvZS1iaWRlbi10YXJpZmYtY2hpbmVzZS1tYWRlLWVsZWN0cmljLXZlaGljbGVz0gFoaHR0cHM6Ly9hbXAudGhlZ3VhcmRpYW4uY29tL2J1c2luZXNzL2FydGljbGUvMjAyNC9tYXkvMTQvam9lLWJpZGVuLXRhcmlmZi1jaGluZXNlLW1hZGUtZWxlY3RyaWMtdmVoaWNsZXM?hl=en-US&gl=US&ceid=US%3Aen",
            "og": "https://encrypted-tbn2.gstatic.com/images?q=tbn:ANd9GcQ32aEMY6aA-I3hp3_FxW5ht6YnUX8Bf-lw8NMl2oCXoW_po3Z9SNDztW3R3R7zL7UDh1bMlLgbI5tVa64D-ezm0m9XFl6weAXYMP5NhoUGl7kE2w",
            "source": "The Guardian",
            "source_icon": "https://encrypted-tbn0.gstatic.com/faviconV2?url=https://www.theguardian.com&client=NEWS_360&size=96&type=FAVICON&fallback_opts=TYPE,SIZE,URL",
            "title": "Biden announces 100% tariff on Chinese-made electric vehicles"
        },
        {
            "link": "https://news.google.com/articles/CBMigAFodHRwczovL3d3dy5jbmJjLmNvbS8yMDI0LzA1LzE0L2dhbWVzdG9wLWFtYy1zaGFyZXMtanVtcC1hbm90aGVyLTQwcGVyY2VudC1pbi1wcmVtYXJrZXQtdHJhZGluZy1hcy1tZW1lLXN0b2NrLWNyYXplLXJldHVybnMuaHRtbNIBhAFodHRwczovL3d3dy5jbmJjLmNvbS9hbXAvMjAyNC8wNS8xNC9nYW1lc3RvcC1hbWMtc2hhcmVzLWp1bXAtYW5vdGhlci00MHBlcmNlbnQtaW4tcHJlbWFya2V0LXRyYWRpbmctYXMtbWVtZS1zdG9jay1jcmF6ZS1yZXR1cm5zLmh0bWw?hl=en-US&gl=US&ceid=US%3Aen",
            "og": "https://encrypted-tbn0.gstatic.com/images?q=tbn:ANd9GcR3lS1mXIfeogYuiAVbL3P3GzNNDzKR_nDGgpodL5Jf_qDdeI49VqIgOBrT-ZARNNsEE9fi1FSAwbJMvqjsgOJrbDxnTW0wEqqbcwLBePq8Qb-EhQ",
            "source": "CNBC",
            "source_icon": "https://encrypted-tbn0.gstatic.com/faviconV2?url=https://www.cnbc.com&client=NEWS_360&size=96&type=FAVICON&fallback_opts=TYPE,SIZE,URL",
            "title": "GameStop, AMC shares jump another 50% in premarket trading as meme stock craze returns"
        },
        {
            "link": "https://news.google.com/articles/CBMiRGh0dHBzOi8vd3d3LmNuYmMuY29tLzIwMjQvMDUvMTQvaG9tZS1kZXBvdC1oZC1xMS0yMDI0LWVhcm5pbmdzLS5odG1s0gFIaHR0cHM6Ly93d3cuY25iYy5jb20vYW1wLzIwMjQvMDUvMTQvaG9tZS1kZXBvdC1oZC1xMS0yMDI0LWVhcm5pbmdzLS5odG1s?hl=en-US&gl=US&ceid=US%3Aen",
            "og": "https://encrypted-tbn2.gstatic.com/images?q=tbn:ANd9GcSOrd1F5rzeD-w8iYLZ1xH_9S29COJpqCfD6S2-Fe74iclWyqYh9f28GlFnI6rT0H7yAT1Yy7K4tIfY0f5Vb9mKgbAw-BGUJlXpYoKDFpDdY_CW4A",
            "source": "CNBC",
            "source_icon": "https://encrypted-tbn0.gstatic.com/faviconV2?url=https://www.cnbc.com&client=NEWS_360&size=96&type=FAVICON&fallback_opts=TYPE,SIZE,URL",
            "title": "Home Depot misses on revenue, as high interest rates hurt sales"
        },
        {
            "link": "https://news.google.com/articles/CBMiaGh0dHBzOi8vd3d3LmNuYmMuY29tLzIwMjQvMDUvMTQvYW5nbG8tYW1lcmljYW4tdG8tc3Bpbi1vZmYtZGUtYmVlcnMtYXMtYmhwLXRha2VvdmVyLXByZXNzdXJlLW1vdW50cy5odG1s0gFsaHR0cHM6Ly93d3cuY25iYy5jb20vYW1wLzIwMjQvMDUvMTQvYW5nbG8tYW1lcmljYW4tdG8tc3Bpbi1vZmYtZGUtYmVlcnMtYXMtYmhwLXRha2VvdmVyLXByZXNzdXJlLW1vdW50cy5odG1s?hl=en-US&gl=US&ceid=US%3Aen",
            "og": "https://encrypted-tbn1.gstatic.com/images?q=tbn:ANd9GcRTNK-8Yy344ZyJXg-MwivyRzqhmnsWqqSbZAYeNNnQqydCJBCFbtpO2jT_HvDEs9aORkBg7UfjKKMtNlvbjPaQnruKdcbAcrMOG_UR6uj9p8I2Gw",
            "source": "CNBC",
            "source_icon": "https://encrypted-tbn0.gstatic.com/faviconV2?url=https://www.cnbc.com&client=NEWS_360&size=96&type=FAVICON&fallback_opts=TYPE,SIZE,URL",
            "title": "Diamond giant De Beers faces spin-off amid wider restructuring as Anglo American takeover pressure mounts"
        },
        {
            "link": "https://news.google.com/articles/CBMiWGh0dHBzOi8vd3d3LnJldXRlcnMuY29tL21hcmtldHMvdXMvZnV0dXJlcy1lZGdlLWhpZ2hlci1zdGFydC1kYXRhLWhlYXZ5LXdlZWstMjAyNC0wNS0xMy_SAQA?hl=en-US&gl=US&ceid=US%3Aen",
            "og": "https://encrypted-tbn2.gstatic.com/images?q=tbn:ANd9GcSUcxUXg6ec3ZfLxJ1DgVoLJTPyc24Vp0qPYzR80s5UUoH9P_pinfdvwYLd0GvJfTY-RvABIGGG13_224ZzQ1H2YULty4nSrC7gs-rr_1HPRsOGHg",
            "source": "Reuters",
            "source_icon": "https://encrypted-tbn2.gstatic.com/faviconV2?url=https://www.reuters.com&client=NEWS_360&size=96&type=FAVICON&fallback_opts=TYPE,SIZE,URL",
            "title": "S&P 500 barely changes as investors hold tight ahead of inflation data"
        },
        {
            "link": "https://news.google.com/articles/CBMiXGh0dHBzOi8vYXBuZXdzLmNvbS9hcnRpY2xlL3N0b2NrLW1hcmtldC1yYXRlcy1jaGluYS10YXJpZmZzLTAwMWQ0NDc4OTkzM2ZlY2E0NGQ0ZTEzNGY1NWI3ZDNk0gEA?hl=en-US&gl=US&ceid=US%3Aen",
            "og": "https://encrypted-tbn0.gstatic.com/images?q=tbn:ANd9GcRVB4d36D0T84_IepuONQ0cRNsPBovz2f4CfnNm3crHQ8eHTwG0jS-rERW6Weczh_pd1iDZH-6PQiZ2jkrYWsKqyNV6k-GdHWieWaXtcpjw0vvM0Q",
            "source": "The Associated Press",
            "source_icon": "https://encrypted-tbn2.gstatic.com/faviconV2?url=https://apnews.com&client=NEWS_360&size=96&type=FAVICON&fallback_opts=TYPE,SIZE,URL",
            "title": "Stock market today: Asian shares mixed in muted trading after Wall Street barely budges"
        },
        {
            "link": "https://news.google.com/articles/CBMicGh0dHBzOi8vd3d3LmJsb29tYmVyZy5jb20vbmV3cy9hcnRpY2xlcy8yMDI0LTA1LTE0L3dhbG1hcnQtd2lsbC1jdXQtcmVsb2NhdGUtaHVuZHJlZHMtb2YtY29ycG9yYXRlLWpvYnMtd3NqLXNheXPSAQA?hl=en-US&gl=US&ceid=US%3Aen",
            "og": "https://encrypted-tbn1.gstatic.com/images?q=tbn:ANd9GcSz6kLJrnN4hEwDZVbvns-XUHrPktQnkX11eCpPowWnnIJQgb0fxYtjjWnR3OcCyCgWJKa45TJlIaC7ItTKhgxaPnFBdO2404Zx_6IafRQhO8lzhQ",
            "source": "Bloomberg",
            "source_icon": "https://encrypted-tbn1.gstatic.com/faviconV2?url=https://www.bloomberg.com&client=NEWS_360&size=96&type=FAVICON&fallback_opts=TYPE,SIZE,URL",
            "title": "Walmart Will Cut, Relocate Hundreds of Corporate Jobs, WSJ Says"
        },
        {
            "link": "https://news.google.com/articles/CBMibWh0dHBzOi8vd3d3LnJldXRlcnMuY29tL3RlY2hub2xvZ3kvYXBwbGUtc3VwcGxpZXItZm94Y29ubnMtcTEtcHJvZml0LWp1bXBzLTcyLXl5LW1pc3Nlcy1mb3JlY2FzdHMtMjAyNC0wNS0xNC_SAQA?hl=en-US&gl=US&ceid=US%3Aen",
            "og": "https://encrypted-tbn1.gstatic.com/images?q=tbn:ANd9GcTeLAeF92CnWWC6pxZX7-gTQ0Jgq5vlw5dUCkH4dJ53DV5P7QOIgXinMQRozznYWpSDVO8_kWdn5-SiF5eGgGOLll18gWGI7ug_m-85_Hemqhln4w",
            "source": "Reuters",
            "source_icon": "https://encrypted-tbn2.gstatic.com/faviconV2?url=https://www.reuters.com&client=NEWS_360&size=96&type=FAVICON&fallback_opts=TYPE,SIZE,URL",
            "title": "Foxconn upbeat on AI demand, stands by Sharp following writedown"
        },
        {
            "link": "https://news.google.com/articles/CBMiWmh0dHBzOi8vd3d3LnJldXRlcnMuY29tL3dvcmxkL2V1cm9wZS9nZXJtYW4tZmluYWwtaW5mbGF0aW9uLWNvbmZpcm1lZC0yNC1hcHJpbC0yMDI0LTA1LTE0L9IBAA?hl=en-US&gl=US&ceid=US%3Aen",
            "og": "https://encrypted-tbn3.gstatic.com/images?q=tbn:ANd9GcR_3Zgk0zsIUSNHifUAlie1U_H14RaQW3P-F_ktFfNJWvlDtt8Z31IYe6wn98dqIHBhqLOcXbftbTAnSvqZbyCT7hVawcnaZNnAWa4Va8oz3PfK5w",
            "source": "Reuters",
            "source_icon": "https://encrypted-tbn2.gstatic.com/faviconV2?url=https://www.reuters.com&client=NEWS_360&size=96&type=FAVICON&fallback_opts=TYPE,SIZE,URL",
            "title": "German final inflation confirmed at 2.4% in April"
        },
        {
            "link": "https://news.google.com/articles/CBMiUGh0dHBzOi8vd3d3Lm55dGltZXMuY29tLzIwMjQvMDUvMTQvYnVzaW5lc3MvZWNvbm9teS9pbnRlcmVzdC1yYXRlLWZvcmVjYXN0cy5odG1s0gEA?hl=en-US&gl=US&ceid=US%3Aen",
            "og": "https://encrypted-tbn0.gstatic.com/images?q=tbn:ANd9GcQxhZAYRZF4jUGxzg6Vk4oSEyW956who1YaBvlnvx__SfsyEn3CfanW9JWd4EV2woNMaIHFAWmmLEFaFRFKchPfwgkKBzBF7VNiCeejIlL0ZmwjPA",
            "source": "The New York Times",
            "source_icon": "https://encrypted-tbn2.gstatic.com/faviconV2?url=https://www.nytimes.com&client=NEWS_360&size=96&type=FAVICON&fallback_opts=TYPE,SIZE,URL",
            "title": "What Forecasters Say About Interest Rates (and Why They Disagree)"
        },
        {
            "link": "https://news.google.com/articles/CBMiU2h0dHBzOi8vd3d3LmNuYmMuY29tLzIwMjQvMDUvMTQvdGhlc2UtYXJlLXRoZS0yMDI0LWNuYmMtZGlzcnVwdG9yLTUwLWNvbXBhbmllcy5odG1s0gFXaHR0cHM6Ly93d3cuY25iYy5jb20vYW1wLzIwMjQvMDUvMTQvdGhlc2UtYXJlLXRoZS0yMDI0LWNuYmMtZGlzcnVwdG9yLTUwLWNvbXBhbmllcy5odG1s?hl=en-US&gl=US&ceid=US%3Aen",
            "og": "https://encrypted-tbn1.gstatic.com/images?q=tbn:ANd9GcReQ9x5XWzy9jvypbJI01jlr4HmVTQ6breq3TKdI_QmRGEiGoC6VGU0lttLRj8wCI1XQH9XEHuuR3jWvEWDQ_tKP5FA30y8Dp3xHYSRzgeS0QSy3w",
            "source": "CNBC",
            "source_icon": "https://encrypted-tbn0.gstatic.com/faviconV2?url=https://www.cnbc.com&client=NEWS_360&size=96&type=FAVICON&fallback_opts=TYPE,SIZE,URL",
            "title": "These are the 2024 CNBC Disruptor 50 companies: See the full list of startups riding the AI wave"
        },
        {
            "link": "https://news.google.com/articles/CBMiYWh0dHBzOi8vd3d3LmRlbnZlcnBvc3QuY29tLzIwMjQvMDUvMTMvcmVkLWxvYnN0ZXItY2xvc2VzLWRlbnZlci13aGVhdC1yaWRnZS1sYWtld29vZC1yZXN0YXVyYW50cy_SAWVodHRwczovL3d3dy5kZW52ZXJwb3N0LmNvbS8yMDI0LzA1LzEzL3JlZC1sb2JzdGVyLWNsb3Nlcy1kZW52ZXItd2hlYXQtcmlkZ2UtbGFrZXdvb2QtcmVzdGF1cmFudHMvYW1wLw?hl=en-US&gl=US&ceid=US%3Aen",
            "og": "https://encrypted-tbn1.gstatic.com/images?q=tbn:ANd9GcTFVxP5Dqj96EguuakUFRcFIyTFlyTKvEiLy-gL7u9q66sP88DQ7SK04hKqkKrQnky8K50VsRkJYhk2PLhHGM4aabI8wzomf0vJ8zOS7V3yUikJYQ",
            "source": "The Denver Post",
            "source_icon": "https://encrypted-tbn0.gstatic.com/faviconV2?url=https://www.denverpost.com&client=NEWS_360&size=96&type=FAVICON&fallback_opts=TYPE,SIZE,URL",
            "title": "Red Lobster closes several Denver-area restaurants"
        },
        {
            "link": "https://news.google.com/articles/CBMiTWh0dHBzOi8vd3d3LnJldXRlcnMuY29tL21hcmtldHMvZXVyb3BlL2dsb2JhbC1tYXJrZXRzLXZpZXctZXVyb3BlLTIwMjQtMDUtMTQv0gEA?hl=en-US&gl=US&ceid=US%3Aen",
            "og": "https://encrypted-tbn1.gstatic.com/images?q=tbn:ANd9GcSzEfQ3SkolrDzhu_7x1Ct6zwlyNE15Ixxz6Qd0Ya1esGYiJDNCQBjiHUDcQej7bjwAJ9vGLPyygja7sNhzvwHmmbAlZrdx6eYSdEzK4auRmwwwyQ",
            "source": "Reuters",
            "source_icon": "https://encrypted-tbn2.gstatic.com/faviconV2?url=https://www.reuters.com&client=NEWS_360&size=96&type=FAVICON&fallback_opts=TYPE,SIZE,URL",
            "title": "Morning Bid: Markets eye US CPI and record high"
        },
        {
            "link": "https://news.google.com/articles/CBMiUWh0dHBzOi8vd3d3LmNvaW5kZXNrLmNvbS9idXNpbmVzcy8yMDI0LzA1LzE0L2NvaW5iYXNlLXJlcG9ydHMtc3lzdGVtLXdpZGUtb3V0YWdlL9IBAA?hl=en-US&gl=US&ceid=US%3Aen",
            "og": "https://encrypted-tbn3.gstatic.com/images?q=tbn:ANd9GcSwFN0qsbw5WF74PlEg_M7AcNC1udGLv0RpuHP00c5kPnAHS8ovX3urdvQE9SG9vvg",
            "source": "CoinDesk",
            "source_icon": "https://encrypted-tbn0.gstatic.com/faviconV2?url=https://www.coindesk.com&client=NEWS_360&size=96&type=FAVICON&fallback_opts=TYPE,SIZE,URL",
            "title": "Coinbase Reports System-Wide Outage"
        },
        {
            "link": "https://news.google.com/articles/CBMicGh0dHBzOi8vd3d3LnJldXRlcnMuY29tL2xlZ2FsL2JpbGwtaHdhbmctdHJpYWwtb3Zlci0zNi1iaWxsaW9uLWFyY2hlZ29zLWNvbGxhcHNlLWJlZ2lucy13aXRoLW9wZW5pbmctMjAyNC0wNS0xMy_SAQA?hl=en-US&gl=US&ceid=US%3Aen",
            "og": "https://encrypted-tbn2.gstatic.com/images?q=tbn:ANd9GcTCRIoMfTVDTpLebnOjYOmQLyQjzdr6a3SqcHrgpbLSWcUU07l8rSlmq1RYaQe6XhUf_X_0-QKiCRp2nGoHYACfm_yKvruv3deXsp58xKFFLp31PQ",
            "source": "Reuters",
            "source_icon": "https://encrypted-tbn2.gstatic.com/faviconV2?url=https://www.reuters.com&client=NEWS_360&size=96&type=FAVICON&fallback_opts=TYPE,SIZE,URL",
            "title": "Archegos' Hwang lied to become Wall Street legend, prosecutors say as trial begins"
        },
        {
            "link": "https://news.google.com/articles/CBMiXWh0dHBzOi8vd3d3Lndhc2hpbmd0b25wb3N0LmNvbS9idXNpbmVzcy8yMDI0LzA1LzEzL3Bvd2VyLWdyaWQtdHJhbnNtaXNzaW9uLWxpbmVzLWVsZWN0cmljaXR5L9IBAA?hl=en-US&gl=US&ceid=US%3Aen",
            "og": "https://encrypted-tbn2.gstatic.com/images?q=tbn:ANd9GcTdZtiONlacKtMyrI4C_A9U4Q_svPPuZRmh30VJLc4TuuTWWSaUuB7_2MHRUI8aiq-LlDkmttiVR8LLO5rlWogIPtGImtvGSLSMadWt9NgUSOy90w",
            "source": "The Washington Post",
            "source_icon": "https://encrypted-tbn3.gstatic.com/faviconV2?url=https://www.washingtonpost.com&client=NEWS_360&size=96&type=FAVICON&fallback_opts=TYPE,SIZE,URL",
            "title": "Sweeping reforms aim to stabilize nation’s wheezing power grid"
        },
        {
            "link": "https://news.google.com/articles/CBMiXGh0dHBzOi8vd3d3LmNuYmMuY29tLzIwMjQvMDUvMTMvbnJmLXJlamVjdHMtc2hlaW4tbWVtYmVyc2hpcC1hcy1yZXRhaWxlci1wdXJzdWVzLXVzLWlwby5odG1s0gFgaHR0cHM6Ly93d3cuY25iYy5jb20vYW1wLzIwMjQvMDUvMTMvbnJmLXJlamVjdHMtc2hlaW4tbWVtYmVyc2hpcC1hcy1yZXRhaWxlci1wdXJzdWVzLXVzLWlwby5odG1s?hl=en-US&gl=US&ceid=US%3Aen",
            "og": "https://encrypted-tbn3.gstatic.com/images?q=tbn:ANd9GcTSfXX1L7JAC73oeOrefUCQO8emNlCOH0llAYGcMghPW-etjzLguYmTy-WGKQFxWVhGqx4LvHtUSwPlKTOr7zsWDKyt3qJViBMqeijKY1sA4bnjeg",
            "source": "CNBC",
            "source_icon": "https://encrypted-tbn0.gstatic.com/faviconV2?url=https://www.cnbc.com&client=NEWS_360&size=96&type=FAVICON&fallback_opts=TYPE,SIZE,URL",
            "title": "NRF rejects Shein membership as retailer pursues U.S. IPO"
        },
        {
            "link": "https://news.google.com/articles/CBMiemh0dHBzOi8vd3d3LmFsLmNvbS9uZXdzLzIwMjQvMDUvYWxhYmFtYS1pcy1ub3QtbWljaGlnYW4taXZleS1zaWducy11bmlvbi1iaWxsLWFzLW1lcmNlZGVzLXdvcmtlcnMtdm90ZS1vbi1qb2luaW5nLXVhdy5odG1s0gGJAWh0dHBzOi8vd3d3LmFsLmNvbS9uZXdzLzIwMjQvMDUvYWxhYmFtYS1pcy1ub3QtbWljaGlnYW4taXZleS1zaWducy11bmlvbi1iaWxsLWFzLW1lcmNlZGVzLXdvcmtlcnMtdm90ZS1vbi1qb2luaW5nLXVhdy5odG1sP291dHB1dFR5cGU9YW1w?hl=en-US&gl=US&ceid=US%3Aen",
            "og": "https://encrypted-tbn3.gstatic.com/images?q=tbn:ANd9GcQDzWUfJlzdCbAaMMBsgeq-g8mHBQv8F9d7XMEF4Sh9yVObxsDInA-SHEiUZMuAdHAp-_H8nHO5MQwO2ts4raE8QqYg4-rnQdNM6gnPXi2W60zZpg",
            "source": "AL.com",
            "source_icon": "https://encrypted-tbn0.gstatic.com/faviconV2?url=https://www.al.com&client=NEWS_360&size=96&type=FAVICON&fallback_opts=TYPE,SIZE,URL",
            "title": "‘Alabama is not Michigan’: Ivey signs union bill as Mercedes workers vote on joining UAW"
        },
        {
            "link": "https://news.google.com/articles/CBMiSGh0dHBzOi8vd3d3LmNuYmMuY29tLzIwMjQvMDUvMTQvc29ueS1xNC1hbmQtZnVsbC15ZWFyLTIwMjMtZWFybmluZ3MuaHRtbNIBTGh0dHBzOi8vd3d3LmNuYmMuY29tL2FtcC8yMDI0LzA1LzE0L3NvbnktcTQtYW5kLWZ1bGwteWVhci0yMDIzLWVhcm5pbmdzLmh0bWw?hl=en-US&gl=US&ceid=US%3Aen",
            "og": "https://encrypted-tbn1.gstatic.com/images?q=tbn:ANd9GcRmcxDUUW__9Ff0NM8Il_ySG1_QGkfLq8Sk-0s9_Bui9XCXuzTknZCtPokI-ufKTPs_MQ67jyytIksNgRe_EUGcT44Q8e9x1MVt1ZD2rkXYV6YiHw",
            "source": "CNBC",
            "source_icon": "https://encrypted-tbn0.gstatic.com/faviconV2?url=https://www.cnbc.com&client=NEWS_360&size=96&type=FAVICON&fallback_opts=TYPE,SIZE,URL",
            "title": "Sony reports 7% drop in annual profit as PlayStation 5 sales miss trimmed target"
        },
        {
            "link": "https://news.google.com/articles/CBMiYmh0dHBzOi8vYWJjbmV3cy5nby5jb20vVVMvd2lyZVN0b3J5L3VzLWFpcmxpbmVzLXN1aW5nLWJpZGVuLWFkbWluaXN0cmF0aW9uLW5ldy1ydWxlLW1ha2UtMTEwMTgxMDc10gFmaHR0cHM6Ly9hYmNuZXdzLmdvLmNvbS9hbXAvVVMvd2lyZVN0b3J5L3VzLWFpcmxpbmVzLXN1aW5nLWJpZGVuLWFkbWluaXN0cmF0aW9uLW5ldy1ydWxlLW1ha2UtMTEwMTgxMDc1?hl=en-US&gl=US&ceid=US%3Aen",
            "og": "https://encrypted-tbn0.gstatic.com/images?q=tbn:ANd9GcTJ5QzV5hO12ez_U9GV0HDZmQvns0xIq4HYDhA_Ehd6IsC_XF5ZvrZRnStlOGtZ42PDAnd5uvm4RUE2k4KjagZB9gehxluw-SAF-9IktMBH7DKB4A",
            "source": "ABC News",
            "source_icon": "https://encrypted-tbn3.gstatic.com/faviconV2?url=https://abcnews.go.com&client=NEWS_360&size=96&type=FAVICON&fallback_opts=TYPE,SIZE,URL",
            "title": "US airlines are suing the Biden administration over a new rule to make certain fees easier to spot"
        },
        {
            "link": "https://news.google.com/articles/CBMibGh0dHBzOi8vd3d3LmJsb29tYmVyZy5jb20vbmV3cy9mZWF0dXJlcy8yMDI0LTA1LTEzL21hY3Jvbi1zdWdnZXN0cy1iaWctbS1hLXBsYW4tZm9yLWV1cm9wZS1zLWVjb25vbXktcmV2aXZhbNIBAA?hl=en-US&gl=US&ceid=US%3Aen",
            "og": "https://encrypted-tbn3.gstatic.com/images?q=tbn:ANd9GcTXoNbq2a8PQsJ7tGiIXAPXoMN-_zHXBqfLUkJHzptbVRmmh9QDQ8Tiu6ayKDri959WUkN4qD_DC3jPNZXfpn5c1-nEjdsS295sOxmrJxfnaRYzaA",
            "source": "Bloomberg",
            "source_icon": "https://encrypted-tbn1.gstatic.com/faviconV2?url=https://www.bloomberg.com&client=NEWS_360&size=96&type=FAVICON&fallback_opts=TYPE,SIZE,URL",
            "title": "Macron Leaves Door Open for Big M&A Plan for Europe's Economy Revival"
        },
        {
            "link": "https://news.google.com/articles/CBMiSGh0dHBzOi8vZmluYW5jZS55YWhvby5jb20vbmV3cy93aGVyZS1udmlkaWEtc3RvY2stMy15ZWFycy0wMDE1MDA5MDYuaHRtbNIBAA?hl=en-US&gl=US&ceid=US%3Aen",
            "og": "https://encrypted-tbn2.gstatic.com/images?q=tbn:ANd9GcQziuA6KVuQtx0AN_2wZt0NdVYhn4xAvzivo6Y2MWg1YNM-2VYdDWzm0XWANF-LGSZ87xSAQuLpOTrgMUIDQ5c1pyuKyeuKvQM4qlgyKCaYM3PPMA",
            "source": "Yahoo Finance",
            "source_icon": "https://encrypted-tbn1.gstatic.com/faviconV2?url=https://finance.yahoo.com&client=NEWS_360&size=96&type=FAVICON&fallback_opts=TYPE,SIZE,URL",
            "title": "Where Will Nvidia Stock Be in 3 Years?"
        },
        {
            "link": "https://news.google.com/articles/CBMibWh0dHBzOi8va3RsYS5jb20vbmV3cy9sb2NhbC1uZXdzL2hvbGx5d29vZC1idXNpbmVzc2VzLXRyeWluZy1hLW5ldy1hcHByb2FjaC10by1jbGVhcmluZy1ob21lbGVzcy1lbmNhbXBtZW50cy_SAXFodHRwczovL2t0bGEuY29tL25ld3MvbG9jYWwtbmV3cy9ob2xseXdvb2QtYnVzaW5lc3Nlcy10cnlpbmctYS1uZXctYXBwcm9hY2gtdG8tY2xlYXJpbmctaG9tZWxlc3MtZW5jYW1wbWVudHMvYW1wLw?hl=en-US&gl=US&ceid=US%3Aen",
            "og": "https://encrypted-tbn3.gstatic.com/images?q=tbn:ANd9GcSTD9fRxzsfXPLmHHWAPiMREWpNQBEKQfo7QMp24gFyHzwMZVbQAu9J0xUEk4bzUDVSqrjT8atpX2iCJ0PTEPID7zbIpWYxKK59O-NPiS7Wm5kyCA",
            "source": "KTLA Los Angeles",
            "source_icon": "https://encrypted-tbn2.gstatic.com/faviconV2?url=https://ktla.com&client=NEWS_360&size=96&type=FAVICON&fallback_opts=TYPE,SIZE,URL",
            "title": "Hollywood businesses trying a new approach to clearing homeless encampments"
        },
        {
            "link": "https://news.google.com/articles/CBMiO2h0dHBzOi8vYWJjNy5jb20vcG9zdC9tY2RvbmFsZHMtNS12YWx1ZS1tZWFsLWRlYWwvMTQ4MDgwMzkv0gEA?hl=en-US&gl=US&ceid=US%3Aen",
            "og": "https://encrypted-tbn2.gstatic.com/images?q=tbn:ANd9GcTi4i2ZKQ7KH-y1hFkwiZR8xdTsZObIPuNE9MerDYZeXiFgu7ZS_5cYvgZcXjxV-jyyAfhOeShGj1HWjNlaE7nWYVFGOr-b2rARdhfanWBU8_3G7g",
            "source": "KABC-TV",
            "source_icon": "https://encrypted-tbn1.gstatic.com/faviconV2?url=https://abc7.com&client=NEWS_360&size=96&type=FAVICON&fallback_opts=TYPE,SIZE,URL",
            "title": "McDonald's may consider $5 value meal as food prices continue to soar"
        },
        {
            "link": "https://news.google.com/articles/CBMiTmh0dHBzOi8vd3d3Lm15c2FuYW50b25pby5jb20vYnVzaW5lc3MvYXJ0aWNsZS9pbmRlZWQtbGF5b2Zmcy0yMDI0LTE5NDU1OTYwLnBocNIBAA?hl=en-US&gl=US&ceid=US%3Aen",
            "og": "https://encrypted-tbn3.gstatic.com/images?q=tbn:ANd9GcQ0HmtT_AcWSpalfgNyEJ7AhDofDbDUOk4WMdJUK7YUUbrJjEJx1WL9WX8Ql2BmUcpkfUBq1zjqZdc5AvxXoglss0Xn6cQW0ACqIHTTfu9ZVCst9A",
            "source": "mySA",
            "source_icon": "https://encrypted-tbn1.gstatic.com/faviconV2?url=https://www.mysanantonio.com&client=NEWS_360&size=96&type=FAVICON&fallback_opts=TYPE,SIZE,URL",
            "title": "Texas-based tech company Indeed announces 1,000 layoffs"
        },
        {
            "link": "https://news.google.com/articles/CBMiSWh0dHBzOi8vdGhlaGFja2VybmV3cy5jb20vMjAyNC8wNS9ibGFjay1iYXN0YS1yYW5zb213YXJlLXN0cmlrZXMtNTAwLmh0bWzSAQA?hl=en-US&gl=US&ceid=US%3Aen",
            "og": "https://encrypted-tbn3.gstatic.com/images?q=tbn:ANd9GcQl3L76sfTeRDoEr9UEO2HHU3kkWFcYlGMYXJUN75iqzI_9ZcaqdKME0o6V-nt0qA5BLnrAgfEJdEwDR4h0HM9Q4S4P0WjgYuY6X2UegtbiH1gTnQ",
            "source": "The Hacker News",
            "source_icon": "https://encrypted-tbn3.gstatic.com/faviconV2?url=https://thehackernews.com&client=NEWS_360&size=96&type=FAVICON&fallback_opts=TYPE,SIZE,URL",
            "title": "Black Basta Ransomware Strikes 500+ Entities Across North America, Europe, and Australia"
        },
        {
            "link": "https://news.google.com/articles/CBMibGh0dHBzOi8vd3d3LmludGMuY29tL25ld3MtZXZlbnRzL3ByZXNzLXJlbGVhc2VzL2RldGFpbC8xNjk1L2tldmluLW9idWNrbGV5LXRvLWxlYWQtZm91bmRyeS1zZXJ2aWNlcy1hdC1pbnRlbNIBAA?hl=en-US&gl=US&ceid=US%3Aen",
            "og": "https://encrypted-tbn0.gstatic.com/images?q=tbn:ANd9GcRVs0kRdN5hnrEri3zNwJAheAmtvbvn4deKqgNwSdbZ2pMvcl5l46MG893KERJn2gyCr6rcxVxDe1HPmrOHvoKoK4wHd-MHbnQ5lt58qOxOY5foXA",
            "source": "Investor Relations :: Intel Corporation (INTC)",
            "source_icon": "https://encrypted-tbn2.gstatic.com/faviconV2?url=https://www.intc.com&client=NEWS_360&size=96&type=FAVICON&fallback_opts=TYPE,SIZE,URL",
            "title": "Kevin O'Buckley to Lead Foundry Services at Intel"
        },
        {
            "link": "https://news.google.com/articles/CBMiemh0dHBzOi8vd3d3LnBicy5vcmcvbmV3c2hvdXIvZWNvbm9teS9zbWFsbC13ZWxsLWJ1aWx0LWNoaW5lc2UtZWxlY3RyaWMtdmVoaWNsZS1wb3Nlcy1hLWJpZy10aHJlYXQtdG8tdGhlLXUtcy1hdXRvLWluZHVzdHJ50gF-aHR0cHM6Ly93d3cucGJzLm9yZy9uZXdzaG91ci9hbXAvZWNvbm9teS9zbWFsbC13ZWxsLWJ1aWx0LWNoaW5lc2UtZWxlY3RyaWMtdmVoaWNsZS1wb3Nlcy1hLWJpZy10aHJlYXQtdG8tdGhlLXUtcy1hdXRvLWluZHVzdHJ5?hl=en-US&gl=US&ceid=US%3Aen",
            "og": "https://encrypted-tbn0.gstatic.com/images?q=tbn:ANd9GcRd9jmFF4w0Wjp_xbTLQirLKOgz59470g6DJ590MaxnyAOVADY1OlA8PGjOWkuJqvEijGtlSagfJWKVbrzGfpru2tnr2OC121LmlI94F1F0zYsfvw",
            "source": "PBS NewsHour",
            "source_icon": "https://encrypted-tbn1.gstatic.com/faviconV2?url=https://www.pbs.org&client=NEWS_360&size=96&type=FAVICON&fallback_opts=TYPE,SIZE,URL",
            "title": "Small, well-built Chinese electric vehicle poses a big threat to the U.S. auto industry"
        },
        {
            "link": "https://news.google.com/articles/CBMidmh0dHBzOi8vd3d3LnRoZXN0cmVldC5jb20vYXV0b21vdGl2ZS9wb3JzY2hlcy11cGRhdGVkLXZlcnNpb24tb2YtaXRzLWxlZ2VuZGFyeS1zcG9ydHMtY2FyLWxlYXZlcy10aGUtcGFzdC1pbi10aGUtZHVzdC3SAQA?hl=en-US&gl=US&ceid=US%3Aen",
            "og": "https://encrypted-tbn3.gstatic.com/images?q=tbn:ANd9GcQ4_b8uY6o6-gIH2z0jR0qyn24kFtFLj_zTWHlzhMYsrANmUPcHE8sQ3I4vy1yHzSeUSnOauYeHpR8wnObI1YXhE5zTyYbbkMyjIwEMevGaatrQaw",
            "source": "TheStreet",
            "source_icon": "https://encrypted-tbn1.gstatic.com/faviconV2?url=https://www.thestreet.com&client=NEWS_360&size=96&type=FAVICON&fallback_opts=TYPE,SIZE,URL",
            "title": "Porsche's updated version of its legendary sports car leaves the past in the dust"
        },
        {
            "link": "https://news.google.com/articles/CBMiSGh0dHBzOi8vZmluYW5jZS55YWhvby5jb20vbmV3cy9ub3ZhdmF4LWluYy1uYXNkYXEtbnZheC1xMS0xNDI0MjUyMzUuaHRtbNIBAA?hl=en-US&gl=US&ceid=US%3Aen",
            "og": "https://encrypted-tbn0.gstatic.com/images?q=tbn:ANd9GcT9uI9LFwcsMYmfdzD2VGg5VXHe_u1nBx-Ugaw3QZH2EeXTHDSM_cv3GrpLpqOjKjfwYexRKrUMzxQ61hTgfxKnHiyi9Wr_Wbs8jFlvwGLM46d5vg",
            "source": "Yahoo Finance",
            "source_icon": "https://encrypted-tbn1.gstatic.com/faviconV2?url=https://finance.yahoo.com&client=NEWS_360&size=96&type=FAVICON&fallback_opts=TYPE,SIZE,URL",
            "title": "Novavax, Inc. (NASDAQ:NVAX) Q1 2024 Earnings Call Transcript"
        },
        {
            "link": "https://news.google.com/articles/CBMi6wFodHRwczovL2xvY2FsMTIuY29tL25ld3MvbmF0aW9uLXdvcmxkL2FwcGxlLXN0b3JlLWVtcGxveWVlcy1tYXJ5bGFuZC11bmlvbi12b3RlLWF1dGhvcml6ZS1maXJzdC1zdHJpa2Utd29ya2luZy1jb25kaXRpb25zLXRvd3Nvbi1tYWxsLWludGVybmF0aW9uYWwtYXNzb2NpYXRpb24tb2YtbWFjaGluaXN0cy1hbmQtYWVyb3NwYWNlLXdvcmtlcnMtY29hbGl0aW9uLW9mLW9yZ2FuaXplZC1yZXRhaWwtZW1wbG95ZWVz0gHvAWh0dHBzOi8vbG9jYWwxMi5jb20vYW1wL25ld3MvbmF0aW9uLXdvcmxkL2FwcGxlLXN0b3JlLWVtcGxveWVlcy1tYXJ5bGFuZC11bmlvbi12b3RlLWF1dGhvcml6ZS1maXJzdC1zdHJpa2Utd29ya2luZy1jb25kaXRpb25zLXRvd3Nvbi1tYWxsLWludGVybmF0aW9uYWwtYXNzb2NpYXRpb24tb2YtbWFjaGluaXN0cy1hbmQtYWVyb3NwYWNlLXdvcmtlcnMtY29hbGl0aW9uLW9mLW9yZ2FuaXplZC1yZXRhaWwtZW1wbG95ZWVz?hl=en-US&gl=US&ceid=US%3Aen",
            "og": "https://encrypted-tbn1.gstatic.com/images?q=tbn:ANd9GcRD64_QPhJB1-8kzPgGKP-D7R7wafE-Wd_iQlbropwr9rO-HXUH-X0pC8li3MBCmZUBKtA-qWYPDDqlmc6fuqsFt29CFnYdiYXoHFJ3gDkFWhpvRQ",
            "source": "WKRC TV Cincinnati",
            "source_icon": "https://encrypted-tbn1.gstatic.com/faviconV2?url=https://local12.com&client=NEWS_360&size=96&type=FAVICON&fallback_opts=TYPE,SIZE,URL",
            "title": "Apple Store employees in Maryland vote to authorize a first strike over working conditions"
        },
        {
            "link": "https://news.google.com/articles/CBMiRmh0dHBzOi8vd3d3LmF4aW9zLmNvbS8yMDI0LzA1LzEzL2FtZXJpY2Fucy1oaWdoLWluZmxhdGlvbi1leHBlY3RhdGlvbnPSAQA?hl=en-US&gl=US&ceid=US%3Aen",
            "og": "https://encrypted-tbn1.gstatic.com/images?q=tbn:ANd9GcR7doZFtZngOCrPpkYz9gHP792Mb4mCj9MGT40ypoYuaQXMOmBD1mgHK0ZgdcbpRubMHnmcXp4VVXEFobsPTT2EtvFomsczSJK3ni7JtYfnxCTFlg",
            "source": "Axios",
            "source_icon": "https://encrypted-tbn0.gstatic.com/faviconV2?url=https://www.axios.com&client=NEWS_360&size=96&type=FAVICON&fallback_opts=TYPE,SIZE,URL",
            "title": "Inflation expectations creep up"
        },
        {
            "link": "https://news.google.com/articles/CBMia2h0dHBzOi8vZmluYW5jZS55YWhvby5jb20vbmV3cy9zdG9jay1tYXJrZXQtdG9kYXktc3RvY2tzLXdvYmJsZS13aXRoLWluZmxhdGlvbi1kYXRhLWluLWZvY3VzLTEzMzAzNDcyNi5odG1s0gEA?hl=en-US&gl=US&ceid=US%3Aen",
            "og": "https://encrypted-tbn2.gstatic.com/images?q=tbn:ANd9GcSkv3FK907s8wveJbCzbuBTgJkj6LWFXeKdPkNPNUmm-iBbD8OLwLu1cQEP99CjxYo",
            "source": "Yahoo Finance",
            "source_icon": "https://encrypted-tbn1.gstatic.com/faviconV2?url=https://finance.yahoo.com&client=NEWS_360&size=96&type=FAVICON&fallback_opts=TYPE,SIZE,URL",
            "title": "Stock market today: Stocks wobble with inflation data in focus"
        }
    ],
    "Sports": [
        {
            "link": "https://news.google.com/articles/CBMiWWh0dHBzOi8vd3d3LmVzcG4uY29tL25iYS9zdG9yeS9fL2lkLzQwMTQzMTYyL3RodW5kZXItcmFsbHktbWF2cy1maW5hbC1taW51dGVzLWV2ZW4tc2VyaWVz0gEA?hl=en-US&gl=US&ceid=US%3Aen",
            "og": "https://encrypted-tbn0.gstatic.com/images?q=tbn:ANd9GcQU3QFi3v3Xbslm06iPmWAD-IHmYie89ILeiBR8a5ud8pkVuNwfT0nOv3VFmPUJFlPJtxUp1ev5O7kBVhI6UthC",
            "source": "ESPN",
            "source_icon": "https://encrypted-tbn2.gstatic.com/faviconV2?url=https://www.espn.com&client=NEWS_360&size=96&type=FAVICON&fallback_opts=TYPE,SIZE,URL",
            "title": "Shai Gilgeous-Alexander rallies Thunder to Game 4 win vs. Mavs"
        },
        {
            "link": "https://news.google.com/articles/CBMiUmh0dHBzOi8vYXBuZXdzLmNvbS9hcnRpY2xlL2xlYnJvbi1qYW1lcy1jYXZhbGllcnMtMGFjN2E2Mjk1ZGQ5MmJiMmMzNTE2NzlmNGZhMjRmMWPSAQA?hl=en-US&gl=US&ceid=US%3Aen",
            "og": "https://encrypted-tbn1.gstatic.com/images?q=tbn:ANd9GcTvDXLP6AwugTtUbbGVHI1ipvyterVWzeHCsveqDXJzjjH1_5IBTELFjdWJJz1TKkZ0JY_MC1IE2jLBD3g0wCQiCNtb7yRLVUWiPdXWn7X6ZX-b9A",
            "source": "The Associated Press",
            "source_icon": "https://encrypted-tbn2.gstatic.com/faviconV2?url=https://apnews.com&client=NEWS_360&size=96&type=FAVICON&fallback_opts=TYPE,SIZE,URL",
            "title": "LeBron James attends Game 4 between Celtics and Cavaliers in Cleveland, his old stomping grounds"
        },
        {
            "link": "https://news.google.com/articles/CBMigQFodHRwczovL255cG9zdC5jb20vMjAyNC8wNS8xMy9waG90b3MvcGFtcGVyZWQtcG9vY2hlcy1hcnJpdmUtaW4tbnljLWZvci10aGUtMTQ4dGgtYW5udWFsLXdlc3RtaW5zdGVyLWtlbm5lbC1jbHViLWRvZy1zaG93LXBob3Rvcy_SAYUBaHR0cHM6Ly9ueXBvc3QuY29tLzIwMjQvMDUvMTMvcGhvdG9zL3BhbXBlcmVkLXBvb2NoZXMtYXJyaXZlLWluLW55Yy1mb3ItdGhlLTE0OHRoLWFubnVhbC13ZXN0bWluc3Rlci1rZW5uZWwtY2x1Yi1kb2ctc2hvdy1waG90b3MvYW1wLw?hl=en-US&gl=US&ceid=US%3Aen",
            "og": "https://encrypted-tbn0.gstatic.com/images?q=tbn:ANd9GcRN9cwfgU1tbqSDXSAk-3DVHa1UscCJhp5DuNMUcSPLlbAnxyDyuhs_NxzZrZiDC9A1CfG01LD0wjgtB2qZd1qbgyRPw2TuAMMmyfarOUcDZ_mD2g",
            "source": "New York Post",
            "source_icon": "https://encrypted-tbn3.gstatic.com/faviconV2?url=https://nypost.com&client=NEWS_360&size=96&type=FAVICON&fallback_opts=TYPE,SIZE,URL",
            "title": "Pampered pooches arrive in NYC for the 148th Annual Westminster Kennel Club Dog Show: photos"
        },
        {
            "link": "https://news.google.com/articles/CBMidGh0dHBzOi8vd3d3LnByaWRlb2ZkZXRyb2l0LmNvbS8yMDI0LzUvMTMvMjQxNTU5NzMvdmlkZW8tZGV0cm9pdC1saW9ucy1xdWFydGVyYmFjay1qYXJlZC1nb2ZmLXBhaWQtY29udHJhY3QtZXh0ZW5zaW9u0gEA?hl=en-US&gl=US&ceid=US%3Aen",
            "og": "https://encrypted-tbn3.gstatic.com/images?q=tbn:ANd9GcS615nNZg5lEUEoAJvP6T-FP1QVHvbS0WfrIjnH5JWCaNv3f_USAfdY9qkBUtscncEBuYmnzt7UlKNPI1Gi4BA5C4ygM336VKDeES3ECRp37X1v1Q",
            "source": "Pride Of Detroit",
            "source_icon": "https://encrypted-tbn1.gstatic.com/faviconV2?url=https://www.prideofdetroit.com&client=NEWS_360&size=96&type=FAVICON&fallback_opts=TYPE,SIZE,URL",
            "title": "Instant reactions to Detroit Lions quarterback Jared Goff getting PAID"
        },
        {
            "link": "https://news.google.com/articles/CBMinAFodHRwczovL3d3dy5wZ2F0b3VyLmNvbS9hcnRpY2xlL25ld3MvcG93ZXItcmFua2luZ3MvMjAyNC8wNS8xMy9wb3dlci1yYW5raW5ncy1wZ2EtY2hhbXBpb25zaGlwLXZhbGhhbGxhLWdvbGYtY2x1Yi10aWdlci13b29kcy1zY290dGllLXNjaGVmZmxlci1yb3J5LW1jaWxyb3nSAQA?hl=en-US&gl=US&ceid=US%3Aen",
            "og": "https://encrypted-tbn2.gstatic.com/images?q=tbn:ANd9GcQslY4o_XhXlufKiw45aUNAmwkEBlxN1uldw_VoBLvq0IG8R1GnBOhI679yjwba4po0Ss46qxAZusLCaPsoNYdn",
            "source": "PGA TOUR",
            "source_icon": "https://encrypted-tbn2.gstatic.com/faviconV2?url=https://www.pgatour.com&client=NEWS_360&size=96&type=FAVICON&fallback_opts=TYPE,SIZE,URL",
            "title": "Power Rankings: PGA Championship - PGA TOUR"
        },
        {
            "link": "https://news.google.com/articles/CBMiU2h0dHBzOi8vYXRobG9uc3BvcnRzLmNvbS9uZmwvY293Ym95cy1mYW5zLXJpcHBpbmctdG9tLWJyYWR5LWFmdGVyLWRhay1wcmVzY290dC10YWtl0gEA?hl=en-US&gl=US&ceid=US%3Aen",
            "og": "https://encrypted-tbn3.gstatic.com/images?q=tbn:ANd9GcQlrQZvXSfg6pEPokWD8RhtiHstK7-wLjLTE613blTGdMgnh0EEoAr0iJFqOYklVmEQcw_wzwvEjeYwsO_XwF95Xw5ilZJZhv7qbqPvbzmbFydC8A",
            "source": "Athlon Sports",
            "source_icon": "https://encrypted-tbn3.gstatic.com/faviconV2?url=https://athlonsports.com&client=NEWS_360&size=96&type=FAVICON&fallback_opts=TYPE,SIZE,URL",
            "title": "Cowboys Fans Are Ripping Tom Brady After Dak Prescott Take"
        },
        {
            "link": "https://news.google.com/articles/CBMiWGh0dHBzOi8vd3d3LmRlbnZlcnBvc3QuY29tLzIwMjQvMDUvMTQvYXZhbGFuY2hlLW5pY2h1c2hraW4tcGxheWVycy1zaG9jay1kaXNhcHBvaW50bWVudC_SAVxodHRwczovL3d3dy5kZW52ZXJwb3N0LmNvbS8yMDI0LzA1LzE0L2F2YWxhbmNoZS1uaWNodXNoa2luLXBsYXllcnMtc2hvY2stZGlzYXBwb2ludG1lbnQvYW1wLw?hl=en-US&gl=US&ceid=US%3Aen",
            "og": "https://encrypted-tbn1.gstatic.com/images?q=tbn:ANd9GcRu7tl67zTUdBtEVtjE5yFElnPTkbnslM4ZYK1UyhZScXuvCKLO_RjKrJK_ck3iUTpwzJp7Bi_dYagStEGYItE7NUxORTXqQxchCvXD42V0m4_2ww",
            "source": "The Denver Post",
            "source_icon": "https://encrypted-tbn0.gstatic.com/faviconV2?url=https://www.denverpost.com&client=NEWS_360&size=96&type=FAVICON&fallback_opts=TYPE,SIZE,URL",
            "title": "Avalanche players express shock, disappointment in Valeri Nichushkin news: “He made his decisions”"
        },
        {
            "link": "https://news.google.com/articles/CBMif2h0dHBzOi8vd3d3LnVzYXRvZGF5LmNvbS9zdG9yeS9zcG9ydHMvYm94aW5nLzIwMjQvMDUvMTMvamFrZS1wYXVsLW1pa2UtdHlzb24tbWVldC1wcmVzcy1jb25mZXJlbmNlLXByb21vdGluZy1maWdodC83MzY3NDk3MTAwNy_SAQA?hl=en-US&gl=US&ceid=US%3Aen",
            "og": "https://encrypted-tbn2.gstatic.com/images?q=tbn:ANd9GcRRzEP1eccVDRLC21T5gA8AWOFbsF22pNbDRYXTtLZVh6Nw2dMbTGvlo_teddS1uSDu3qwQ1AAwzjrZuSPh87tzf96l4q6XYhr4TBf6bayYYtiefQ",
            "source": "USA TODAY",
            "source_icon": "https://encrypted-tbn0.gstatic.com/faviconV2?url=https://www.usatoday.com&client=NEWS_360&size=96&type=FAVICON&fallback_opts=TYPE,SIZE,URL",
            "title": "Jake Paul, Mike Tyson meet at press conference promoting their fight"
        },
        {
            "link": "https://news.google.com/articles/CBMihgFodHRwczovL3d3dy5iYWx0aW1vcmViZWF0ZG93bi5jb20vMjAyNC81LzEzLzI0MTU1NjE0L3N0YWZmLXJlYWN0aW9ucy1yYXZlbnMtdG8tcGxheS1uZmwta2lja29mZi1nYW1lLXZzLWNoaWVmcy13ZWVrLTEtbmZsLWtpY2tvZmYtMjAyNNIBAA?hl=en-US&gl=US&ceid=US%3Aen",
            "og": "https://encrypted-tbn3.gstatic.com/images?q=tbn:ANd9GcSKigZZVhEFrZwzvZHdV3aRHi8QrDzs2KtSUyiDsKQF2z8zyZuQb14liCpgt4SEAYtYXTq7EPOIrGVPHyt__rh9nQhqpcHRB2hpg3s0MAWJAhfYXg",
            "source": "Baltimore Beatdown",
            "source_icon": "https://encrypted-tbn3.gstatic.com/faviconV2?url=https://www.baltimorebeatdown.com&client=NEWS_360&size=96&type=FAVICON&fallback_opts=TYPE,SIZE,URL",
            "title": "Reacting to the Ravens vs. Chiefs Week 1 NFL Kickoff game"
        },
        {
            "link": "https://news.google.com/articles/CBMiaGh0dHBzOi8vd3d3LmVzcG4uY29tL25obC9zdG9yeS9fL2lkLzQwMTQyNzUzL25ldy15b3JrLXJhbmdlcnMtZmFpbC1jbG9zZS1jYXJvbGluYS1odXJyaWNhbmVzLWdhbWUtNS1ob21l0gEA?hl=en-US&gl=US&ceid=US%3Aen",
            "og": "https://encrypted-tbn2.gstatic.com/images?q=tbn:ANd9GcSmc7wI7Rk5Gmb2-Qv-XhjAOcYmNb8pxAf1tXB2ljF0iwIkthkkQ0KlbJgZU7oXTL0n1oKGzfSRZ8WM996nDn7q",
            "source": "ESPN",
            "source_icon": "https://encrypted-tbn2.gstatic.com/faviconV2?url=https://www.espn.com&client=NEWS_360&size=96&type=FAVICON&fallback_opts=TYPE,SIZE,URL",
            "title": "Rangers fail to close out Hurricanes in Game 5 at home"
        },
        {
            "link": "https://news.google.com/articles/CBMiZWh0dHBzOi8vd3d3Lmhvb3BzcnVtb3JzLmNvbS8yMDI0LzA1L3NvdXRoZWFzdC1ub3Rlcy1oYXdrcy1kcmFmdC15b3VuZy1tdXJyYXktd3JpZ2h0LW1pbGxzLWluZ3JhbS5odG1s0gEA?hl=en-US&gl=US&ceid=US%3Aen",
            "og": "https://encrypted-tbn0.gstatic.com/images?q=tbn:ANd9GcSe18i4JVGho5P2alHpVtOYuQRiUXJo5NjNnbVPQgVCtj3diKNtFLloiVKSKh27AWukIznLoebT7JL844o4zqcPdxiFJW4X4CnR7NA0AmjYaRbTOw",
            "source": "hoopsrumors.com",
            "source_icon": "https://encrypted-tbn3.gstatic.com/faviconV2?url=https://www.hoopsrumors.com&client=NEWS_360&size=96&type=FAVICON&fallback_opts=TYPE,SIZE,URL",
            "title": "Southeast Notes: Hawks Draft, Young, Murray, Wright, Mills, Ingram"
        },
        {
            "link": "https://news.google.com/articles/CBMiamh0dHBzOi8vd3d3LmhvcnNlcmFjaW5nbmF0aW9uLmNvbS9uZXdzL1ByZWFrbmVzc18yMDI0X2RyYXdfUG9zdF9wb3NpdGlvbnNfb2Rkc19mb3JfU2F0dXJkYXlfYXRfUGltbGljb18xMjPSAWpodHRwczovL2FtcC5ob3JzZXJhY2luZ25hdGlvbi5jb20vbmV3cy9QcmVha25lc3NfMjAyNF9kcmF3X1Bvc3RfcG9zaXRpb25zX29kZHNfZm9yX1NhdHVyZGF5X2F0X1BpbWxpY29fMTIz?hl=en-US&gl=US&ceid=US%3Aen",
            "og": "https://encrypted-tbn2.gstatic.com/images?q=tbn:ANd9GcQ9IEao7z0EgWjRoUFjxIDnMZ_xwzNhF6_eAVyP2vGxDCUpRy7Hx5j4VpTcuMFe63VJ1T7C4uo7GKQMSOMevxV1WQSgiW33fLY0kYurnqCEbrX66A",
            "source": "Horse Racing Nation",
            "source_icon": "https://encrypted-tbn0.gstatic.com/faviconV2?url=https://www.horseracingnation.com&client=NEWS_360&size=96&type=FAVICON&fallback_opts=TYPE,SIZE,URL",
            "title": "Preakness 2024 draw: Posts, odds for Saturday at Pimlico"
        },
        {
            "link": "https://news.google.com/articles/CBMiUGh0dHBzOi8vd3d3Lm5iY25ld3MuY29tL25ld3Mvc3BvcnRzL2xpc2EtYmx1ZGVyLXJldGlyZXMtaW93YS1oYXdrZXllcy1yY25hMTUyMTAw0gEraHR0cHM6Ly93d3cubmJjbmV3cy5jb20vbmV3cy9hbXAvcmNuYTE1MjEwMA?hl=en-US&gl=US&ceid=US%3Aen",
            "og": "https://encrypted-tbn1.gstatic.com/images?q=tbn:ANd9GcQk3v_yLt4oLZhiWnrK2UjNDMw41MDOa07nDpr0aZCzrKmT6KN9xHNRanwARXtR05aTWketXzHv2rW1MIYyQ8pZQxwcyCDQa0gpQXhTnMdFz3dj4Q",
            "source": "NBC News",
            "source_icon": "https://encrypted-tbn1.gstatic.com/faviconV2?url=https://www.nbcnews.com&client=NEWS_360&size=96&type=FAVICON&fallback_opts=TYPE,SIZE,URL",
            "title": "Lisa Bluder retires after Clark-led Iowa teams reach last 2 NCAA title games"
        },
        {
            "link": "https://news.google.com/articles/CBMic2h0dHBzOi8vd3d3LnNwb3J0c21lZGlhd2F0Y2guY29tLzIwMjQvMDUvZnJpZGF5LTUtMTAtc3BvcnRzLXZpZXdlcnNoaXAtbnVnZ2V0cy10aW1iZXJ3b2x2ZXMtdmlld2Vyc2hpcC1uYmEtbmhsLXBnYS_SAQA?hl=en-US&gl=US&ceid=US%3Aen",
            "og": "https://encrypted-tbn1.gstatic.com/images?q=tbn:ANd9GcQ_ZRwScVin_lchNi2lw5H3kaPQwC7Rk1pz6XBIsiG_4w34JaWa-z2hJ3uBSEvxB0Ei5RiKMSWXnQDY6qYMEFkDlycnYgPMg0E79Gsd3v5U3USwXw",
            "source": "Sports Media Watch",
            "source_icon": "https://encrypted-tbn3.gstatic.com/faviconV2?url=https://www.sportsmediawatch.com&client=NEWS_360&size=96&type=FAVICON&fallback_opts=TYPE,SIZE,URL",
            "title": "Friday (5/10) sports viewership: Over five million for Nuggets-T'Wolves"
        },
        {
            "link": "https://news.google.com/articles/CBMiX2h0dHBzOi8vd3d3Lm5iY3Nwb3J0c2JheWFyZWEuY29tL21sYi9zYW4tZnJhbmNpc2NvLWdpYW50cy9qdW5nLWhvby1sZWUtc2hvdWxkZXItaW5qdXJ5LzE3MzQ2Nzgv0gFlaHR0cHM6Ly93d3cubmJjc3BvcnRzYmF5YXJlYS5jb20vbWxiL3Nhbi1mcmFuY2lzY28tZ2lhbnRzL2p1bmctaG9vLWxlZS1zaG91bGRlci1pbmp1cnkvMTczNDY3OC8_YW1wPTE?hl=en-US&gl=US&ceid=US%3Aen",
            "og": "https://encrypted-tbn1.gstatic.com/images?q=tbn:ANd9GcRFeJTwcAw0PAt6wpdkq1kHktlgrgTb_OWpWXyynPVpJv6675OFNRPyhsh6l1DR3z5bF2WQ2-EPa3e2ltl0ePAKlu94M_L7Gtxmqd0n_pwnRlLyxw",
            "source": "NBC Sports Bay Area",
            "source_icon": "https://encrypted-tbn2.gstatic.com/faviconV2?url=https://www.nbcsportsbayarea.com&client=NEWS_360&size=96&type=FAVICON&fallback_opts=TYPE,SIZE,URL",
            "title": "Doctor explains what Lee's shoulder injury means for Giants star"
        },
        {
            "link": "https://news.google.com/articles/CBMicGh0dHBzOi8vYmxlYWNoZXJyZXBvcnQuY29tL2FydGljbGVzLzEwMTIwODg3LWJyb25ueS1qYW1lcy1uYmEtY29tYmluZS0yMDI0LW1lYXN1cmVtZW50cy1hbmFseXNpcy1hbmQtaW1wcmVzc2lvbnPSAYABaHR0cHM6Ly9zeW5kaWNhdGlvbi5ibGVhY2hlcnJlcG9ydC5jb20vYW1wLzEwMTIwODg3LWJyb25ueS1qYW1lcy1uYmEtY29tYmluZS0yMDI0LW1lYXN1cmVtZW50cy1hbmFseXNpcy1hbmQtaW1wcmVzc2lvbnMuYW1wLmh0bWw?hl=en-US&gl=US&ceid=US%3Aen",
            "og": "https://encrypted-tbn1.gstatic.com/images?q=tbn:ANd9GcSL3YP4_28wrv8Y3tELMMq-c211I2h1WAphmXc_Cf9XT2i00ASJSGxXCRq8BDDj0PTbXEi3Br1VUp4N2wk2O9k1W5uvOO8Df_uLPNjkzbbXNiFdOQ",
            "source": "Bleacher Report",
            "source_icon": "https://encrypted-tbn3.gstatic.com/faviconV2?url=https://bleacherreport.com&client=NEWS_360&size=96&type=FAVICON&fallback_opts=TYPE,SIZE,URL",
            "title": "Bronny James NBA Combine 2024: Measurements, Analysis and Impressions"
        },
        {
            "link": "https://news.google.com/articles/CBMiOGh0dHBzOi8vd3d3LmJiYy5jb20vc3BvcnQvZm9vdGJhbGwvYXJ0aWNsZXMvY3YyeHh2bHludndv0gE8aHR0cHM6Ly93d3cuYmJjLmNvbS9zcG9ydC9mb290YmFsbC9hcnRpY2xlcy9jdjJ4eHZseW52d28uYW1w?hl=en-US&gl=US&ceid=US%3Aen",
            "og": "https://encrypted-tbn0.gstatic.com/images?q=tbn:ANd9GcQzg40IwCnAz5_YLrzS9__ZcFMcriZwjR-gEg_8jvlAOHhispF2-4QjfpX15wK6BRQriuqgRaQgTdlOIUR1pYm4tuEdJT4Y6ppWDO1cYxSIVZzLww",
            "source": "BBC.com",
            "source_icon": "https://encrypted-tbn2.gstatic.com/faviconV2?url=https://www.bbc.com&client=NEWS_360&size=96&type=FAVICON&fallback_opts=TYPE,SIZE,URL",
            "title": "Aston Villa 3-3 Liverpool: 'Emery the star of the show as Villa can taste dream finale'"
        },
        {
            "link": "https://news.google.com/articles/CBMibGh0dHBzOi8vd3d3LnNlYXR0bGV0aW1lcy5jb20vc3BvcnRzL21hcmluZXJzL2dlb3JnZS1raXJieS1yZWRpc2NvdmVycy1mb3JtLWJhcmJlY3Vlcy1yb3lhbHMtaW4tbWFyaW5lcnMtd2luL9IBAA?hl=en-US&gl=US&ceid=US%3Aen",
            "og": "https://encrypted-tbn2.gstatic.com/images?q=tbn:ANd9GcTU2KwM_rFRCZRNJ64Lzy3SxLXM_f9tLoqo2T_hRqJ0_MgZwWzzrvQqrmvXkg79C5yaevRtxgZJCXuimLNtlP_gVlFBDCsiCjORIG8Bx2kaQmCiQw",
            "source": "The Seattle Times",
            "source_icon": "https://encrypted-tbn1.gstatic.com/faviconV2?url=https://www.seattletimes.com&client=NEWS_360&size=96&type=FAVICON&fallback_opts=TYPE,SIZE,URL",
            "title": "Furious George Kirby rediscovers ace-like form as Mariners thump Royals"
        },
        {
            "link": "https://news.google.com/articles/CBMiYGh0dHBzOi8vY29sb3JhZG9ob2NrZXlub3cuY29tLzIwMjQvMDUvMTMvYXZhbGFuY2hlLWdhbWVkYXktcHJlc3N1cmUtaXMtb24taW4tbXVzdC13aW4tZ2FtZS1mb3VyL9IBAA?hl=en-US&gl=US&ceid=US%3Aen",
            "og": "https://encrypted-tbn1.gstatic.com/images?q=tbn:ANd9GcTOY7VGUkUDEP5Gi5IqomQ1Hg_7C3NT_ZKVE8doyek5u7S_xh9OzdJAk7Cn7UpuFjIrTmmy1iHYYDHj1yj5Yf5B1rQHwWQS1thubl_G",
            "source": "Colorado Hockey Now",
            "source_icon": "https://encrypted-tbn1.gstatic.com/faviconV2?url=https://coloradohockeynow.com&client=NEWS_360&size=96&type=FAVICON&fallback_opts=TYPE,SIZE,URL",
            "title": "Avalanche Gameday: Pressure Is On In Must-Win Game Four"
        },
        {
            "link": "https://news.google.com/articles/CBMiZ2h0dHBzOi8vYXRobG9uc3BvcnRzLmNvbS93bmJhL2luZGlhbmEtZmV2ZXItcHJhY3RpY2UtZm9vdGFnZS1zaG93cy1jYWl0bGluLWNsYXJrLXNjcmVhbWluZy1hdC10ZWFtbWF0ZXPSAQA?hl=en-US&gl=US&ceid=US%3Aen",
            "og": "https://encrypted-tbn1.gstatic.com/images?q=tbn:ANd9GcQm5t2XyDaEhAK4irV8g4ZEulgxedm8BbSMzLmjjDEgdzP0IAIj1XU7cLcrIXjFH9PyCl08Ygv8gTxCysg9zswWPqbX76j_GeGG62WhzCJuTc_eQg",
            "source": "Athlon Sports",
            "source_icon": "https://encrypted-tbn3.gstatic.com/faviconV2?url=https://athlonsports.com&client=NEWS_360&size=96&type=FAVICON&fallback_opts=TYPE,SIZE,URL",
            "title": "Indiana Fever Practice Footage Shows Caitlin Clark Screaming At Teammates"
        },
        {
            "link": "https://news.google.com/articles/CBMiTmh0dHBzOi8vd3d3LnRoZXZlcmdlLmNvbS8yMDI0LzUvMTMvMjQxNTU3NzQvcm9rdS1saXZlLW1sYi1nYW1lcy1zdW5kYXktbGVhZG9mZtIBAA?hl=en-US&gl=US&ceid=US%3Aen",
            "og": "https://encrypted-tbn0.gstatic.com/images?q=tbn:ANd9GcQyy0wfe3gFH9L-VWu9TU2VVieRFa9rlrv3tiSY70d1v0TMk9ItoTtTLW9NgqCxlhS74LBNLV7VQj45X4eLerVaYQZJHhCDyDGRToac1mlI1fBIog",
            "source": "The Verge",
            "source_icon": "https://encrypted-tbn2.gstatic.com/faviconV2?url=https://www.theverge.com&client=NEWS_360&size=96&type=FAVICON&fallback_opts=TYPE,SIZE,URL",
            "title": "Roku will start streaming live MLB games for free"
        },
        {
            "link": "https://news.google.com/articles/CBMilwFodHRwczovL3d3dy5uYmNzcG9ydHMuY29tL25mbC9wcm9mb290YmFsbHRhbGsvcnVtb3ItbWlsbC9uZXdzL3RyZXktaGVuZHJpY2tzb24taS13YW50LXRvLWJyaW5nLWEtc3VwZXItYm93bC10by1jaW5jaW5uYXRpLXBsYXktd2l0aC1iZW5nYWxzLWEtbG9uZy10aW1l0gEA?hl=en-US&gl=US&ceid=US%3Aen",
            "og": "https://encrypted-tbn3.gstatic.com/images?q=tbn:ANd9GcTG6ftkOcGPuwJ2eT5U0Z1mHp2YphQoYhqt8LFN7wJeyIpvCrs8a8lSPi7_4RlLSijYULQwhn23r_-vTVUjieDU",
            "source": "NBC Sports",
            "source_icon": "https://encrypted-tbn1.gstatic.com/faviconV2?url=https://www.nbcsports.com&client=NEWS_360&size=96&type=FAVICON&fallback_opts=TYPE,SIZE,URL",
            "title": "Trey Hendrickson: I want to bring a Super Bowl to Cincinnati, play with Bengals a long time"
        },
        {
            "link": "https://news.google.com/articles/CBMiV2h0dHBzOi8vd3d3Lm1sYi5jb20vbmV3cy9kYXVsdG9uLXZhcnNoby1yb2JzLWhvbWVyLWhpdHMtaG9tZXItaW4tYmx1ZS1qYXlzLWNvbWViYWNrLXdpbtIBAA?hl=en-US&gl=US&ceid=US%3Aen",
            "og": "https://encrypted-tbn1.gstatic.com/images?q=tbn:ANd9GcQD-fCB6tywDMnJAGhnczuPdBy4nC4UYEIRdtwTTMEpaqBZrif4Ol9U0_KAOEBmzeNEBjQNK6aAHPawfc4aZqAY",
            "source": "MLB.com",
            "source_icon": "https://encrypted-tbn0.gstatic.com/faviconV2?url=https://www.mlb.com&client=NEWS_360&size=96&type=FAVICON&fallback_opts=TYPE,SIZE,URL",
            "title": "Daulton Varsho robs homer, hits homer in Blue Jays' comeback win"
        },
        {
            "link": "https://news.google.com/articles/CBMiWWh0dHBzOi8vd3d3Lm5obC5jb20vYnJ1aW5zL25ld3Mvc3dlZW5leS1hZGRyZXNzZXMtbWVkaWEtYWhlYWQtb2YtYnJ1aW5zLXJldHVybi10by1mbG9yaWRh0gEA?hl=en-US&gl=US&ceid=US%3Aen",
            "og": "https://encrypted-tbn0.gstatic.com/images?q=tbn:ANd9GcQZ2IjlDYD5WhlacfEXv836EFh5VNgTBwOkUxovNNnq0QZp3vhYaHV8_goz9zcmkqZXaXR9zwv4lEP5ydovENfN",
            "source": "NHL.com",
            "source_icon": "https://encrypted-tbn1.gstatic.com/faviconV2?url=https://www.nhl.com&client=NEWS_360&size=96&type=FAVICON&fallback_opts=TYPE,SIZE,URL",
            "title": "Sweeney Addresses Media Ahead of Bruins' Return to Florida | Boston Bruins"
        },
        {
            "link": "https://news.google.com/articles/CBMiaWh0dHBzOi8vd3d3Lm1sYnRyYWRlcnVtb3JzLmNvbS8yMDI0LzA1L2N1YnMtcGxhY2UtYWRiZXJ0LWFsem9sYXktb24taW5qdXJlZC1saXN0LXdpdGgtZm9yZWFybS1zdHJhaW4uaHRtbNIBAA?hl=en-US&gl=US&ceid=US%3Aen",
            "og": "https://encrypted-tbn0.gstatic.com/images?q=tbn:ANd9GcT7Siod3gVNizAdPIC1cviO4wtLRHFjWmK3hp2Dc-7LNbKEGb3rstc5cRt5qcQaDPMxXFxcykfgz-3PhDV33rHbUztYFCtyeFjngbDwUhzaVN4Yhg",
            "source": "MLB Trade Rumors",
            "source_icon": "https://encrypted-tbn3.gstatic.com/faviconV2?url=https://www.mlbtraderumors.com&client=NEWS_360&size=96&type=FAVICON&fallback_opts=TYPE,SIZE,URL",
            "title": "Cubs Place Adbert Alzolay On Injured List With Forearm Strain"
        },
        {
            "link": "https://news.google.com/articles/CBMiYWh0dHBzOi8vd3d3LnNlY3Nwb3J0cy5jb20vbmV3cy8yMDI0LzA1LzIwMjQtMjUtc2VjLW1lbnMtYmFza2V0YmFsbC1jb25mZXJlbmNlLW9wcG9uZW50cy1hbm5vdW5jZWTSAQA?hl=en-US&gl=US&ceid=US%3Aen",
            "og": "https://encrypted-tbn0.gstatic.com/images?q=tbn:ANd9GcTdPsFTi2K330kBQMovx-Tved0QFGfCPLE2LUfhQQy7cNzG6enE9PFtSyLa-ImkJ1TNnsCp40jTtpKo6WgYf7zN",
            "source": "Southeastern Conference",
            "source_icon": "https://encrypted-tbn3.gstatic.com/faviconV2?url=https://www.secsports.com&client=NEWS_360&size=96&type=FAVICON&fallback_opts=TYPE,SIZE,URL",
            "title": "2024-25 SEC Men's Basketball conference opponents announced"
        },
        {
            "link": "https://news.google.com/articles/CBMiYmh0dHBzOi8vbnlwb3N0LmNvbS8yMDI0LzA1LzEzL3Nwb3J0cy9rbmlja3MtbmVlZC10by1zdGVwLXVwLXdpdGgtamFsZW4tYnJ1bnNvbi1waHlzaWNhbGx5LWxpbWl0ZWQv0gFmaHR0cHM6Ly9ueXBvc3QuY29tLzIwMjQvMDUvMTMvc3BvcnRzL2tuaWNrcy1uZWVkLXRvLXN0ZXAtdXAtd2l0aC1qYWxlbi1icnVuc29uLXBoeXNpY2FsbHktbGltaXRlZC9hbXAv?hl=en-US&gl=US&ceid=US%3Aen",
            "og": "https://encrypted-tbn1.gstatic.com/images?q=tbn:ANd9GcQj3Iu3r4vu2yIyiNZ7DBZ5HUUFB6dEq5nDbChkNRyN4OZtTTLeOaFFatyBVfw30sdsAAerkTuZxQJD7DW11ZBe0DVGFEh9kxzT_Xh7L519_VOQ8A",
            "source": "New York Post",
            "source_icon": "https://encrypted-tbn3.gstatic.com/faviconV2?url=https://nypost.com&client=NEWS_360&size=96&type=FAVICON&fallback_opts=TYPE,SIZE,URL",
            "title": "Knicks need to step up with Jalen Brunson physically limited"
        },
        {
            "link": "https://news.google.com/articles/CBMiZ2h0dHBzOi8vd3d3LmVzcG4uY29tL2dvbGYvc3RvcnkvXy9pZC80MDE0MTA2MC9kdW5uZS1yZXNpZ25zLXBnYS10b3VyLXBvbGljeS1ib2FyZC1lZmZlY3RpdmUtaW1tZWRpYXRlbHnSAQA?hl=en-US&gl=US&ceid=US%3Aen",
            "og": "https://encrypted-tbn0.gstatic.com/images?q=tbn:ANd9GcRj1Y0uxCvEUchZu3SFbcYZxBd_JekihfPc_CiNRg73WwXF-HiEDqWG8fu1Z1H7brjTzdZle85mM-fQmZYUmtXe",
            "source": "ESPN",
            "source_icon": "https://encrypted-tbn2.gstatic.com/faviconV2?url=https://www.espn.com&client=NEWS_360&size=96&type=FAVICON&fallback_opts=TYPE,SIZE,URL",
            "title": "Dunne resigns PGA's Tour policy board, effective immediately"
        },
        {
            "link": "https://news.google.com/articles/CBMiZWh0dHBzOi8vd3d3LmVzcG4uY29tL25iYS9zdG9yeS9fL2lkLzQwMTM5OTc1L3NvdXJjZXMtbGFrZXJzLXN0YXJ0LWNvbnRhY3RpbmctaGVhZC1jb2FjaGluZy1jYW5kaWRhdGVz0gEA?hl=en-US&gl=US&ceid=US%3Aen",
            "og": "https://encrypted-tbn2.gstatic.com/images?q=tbn:ANd9GcRvokcXEHSzG1WOihu-D6I5ej602PR-UwjTBIEchTqZ0nWXhQb14EadoIuOqy6j-uo9EEMt-KGFdbsou4-yP23p",
            "source": "ESPN",
            "source_icon": "https://encrypted-tbn2.gstatic.com/faviconV2?url=https://www.espn.com&client=NEWS_360&size=96&type=FAVICON&fallback_opts=TYPE,SIZE,URL",
            "title": "Sources: Lakers to start contacting head-coaching candidates"
        },
        {
            "link": "https://news.google.com/articles/CBMilQFodHRwczovL3d3dy5wZ2F0b3VyLmNvbS9hcnRpY2xlL25ld3MvbGF0ZXN0LzIwMjQvMDUvMTMvc2NvdHRpZS1zY2hlZmZsZXItd2lmZS1tZXJlZGl0aC13ZWxjb21lLWZpcnN0LWNoaWxkLWJhYnktYm95LWJlbm5ldHQtYWhlYWQtb2YtcGdhLWNoYW1waW9uc2hpcNIBAA?hl=en-US&gl=US&ceid=US%3Aen",
            "og": "https://encrypted-tbn2.gstatic.com/images?q=tbn:ANd9GcRY4EZIAwL5ZrF1m9L9JspaBQRHF7prnUiFammGjSSRUUn5exs9u3OXlsY2xcyuHWJhW0GaCgEcCmCQYknaHvyv",
            "source": "PGA TOUR",
            "source_icon": "https://encrypted-tbn2.gstatic.com/faviconV2?url=https://www.pgatour.com&client=NEWS_360&size=96&type=FAVICON&fallback_opts=TYPE,SIZE,URL",
            "title": "Scottie Scheffler, wife Meredith welcome first child ahead of PGA Championship - PGA TOUR"
        },
        {
            "link": "https://news.google.com/articles/CBMiZGh0dHBzOi8vdHJpYmxpdmUuY29tL3Nwb3J0cy9tYXJrLW1hZGRlbi1wYXVsLXNrZW5lcy1kZWJ1dC13ZW50LWZyb20taHlwZS10by1odW1pbGlhdGlvbi1mb3ItcGlyYXRlcy_SAQA?hl=en-US&gl=US&ceid=US%3Aen",
            "og": "https://encrypted-tbn0.gstatic.com/images?q=tbn:ANd9GcTm-gyXDqSGUMWowVRyNZaO6EF6eqcFyGZjGA88XhbnkHRY4ij9RGkzpDj5rvsc6INOTMxWkHZMjCI3oCWkMCdwhn6llcy9SUMuD2sK",
            "source": "TribLIVE",
            "source_icon": "https://encrypted-tbn1.gstatic.com/faviconV2?url=https://triblive.com&client=NEWS_360&size=96&type=FAVICON&fallback_opts=TYPE,SIZE,URL",
            "title": "Mark Madden: Paul Skenes' debut went from hype to humiliation for Pirates"
        },
        {
            "link": "https://news.google.com/articles/CBMiZGh0dHBzOi8vd3d3Lm1sYnRyYWRlcnVtb3JzLmNvbS8yMDI0LzA1L3JlZHMtcGxhY2UtdGotZnJpZWRsLW9uLWluanVyZWQtbGlzdC13aXRoLXRodW1iLWZyYWN0dXJlLmh0bWzSAQA?hl=en-US&gl=US&ceid=US%3Aen",
            "og": "https://encrypted-tbn1.gstatic.com/images?q=tbn:ANd9GcQBMaPwpvULc2mF-EVmfyREQ2RH-Tbgh7sm8NVrSDNCdgH51jxJNpDL4z2y_zmlPMZT7LcmnUxOdRf3P1GJmmUwVy4pg2SG5JyMpgh-",
            "source": "MLB Trade Rumors",
            "source_icon": "https://encrypted-tbn3.gstatic.com/faviconV2?url=https://www.mlbtraderumors.com&client=NEWS_360&size=96&type=FAVICON&fallback_opts=TYPE,SIZE,URL",
            "title": "Reds Place TJ Friedl On Injured List With Thumb Fracture"
        },
        {
            "link": "https://news.google.com/articles/CBMikwFodHRwczovL3d3dy5wb3VuZGluZ3RoZXJvY2suY29tLzIwMjQvNS8xMy8yNDE1NTg4Ni9ydW1vci1zYW4tYW50b25pby1zcHVycy1jb25zaWRlcmluZy1hLXBhaXItb2YtaW50ZXJuYXRpb25hbC1wcm9zcGVjdHMtaW4tMjAyNC1uYmEtZHJhZnQtcmlzYWNoZXLSAQA?hl=en-US&gl=US&ceid=US%3Aen",
            "og": "https://encrypted-tbn0.gstatic.com/images?q=tbn:ANd9GcRtSpia4586qApAuchCg6rxpfPxGjUYqB0iFoQFiLNAfFgJr4UwgTzWf5ocOn_lsddSLeAJVdtEdqWcq9ASKnMHIjWs4BgueSul9Jpx78DyZERffw",
            "source": "Pounding The Rock",
            "source_icon": "https://encrypted-tbn3.gstatic.com/faviconV2?url=https://www.poundingtherock.com&client=NEWS_360&size=96&type=FAVICON&fallback_opts=TYPE,SIZE,URL",
            "title": "Rumor: Spurs considering a pair of international prospects in 2024 NBA Draft"
        },
        {
            "link": "https://news.google.com/articles/CBMibmh0dHBzOi8vd3d3LmFsLmNvbS9hbGFiYW1hZm9vdGJhbGwvMjAyNC8wNS9raWNrb2ZmLXRpbWUtYW5ub3VuY2VkLWZvci1hbGFiYW1hLWZvb3RiYWxscy10cmlwLXRvLXdpc2NvbnNpbi5odG1s0gF9aHR0cHM6Ly93d3cuYWwuY29tL2FsYWJhbWFmb290YmFsbC8yMDI0LzA1L2tpY2tvZmYtdGltZS1hbm5vdW5jZWQtZm9yLWFsYWJhbWEtZm9vdGJhbGxzLXRyaXAtdG8td2lzY29uc2luLmh0bWw_b3V0cHV0VHlwZT1hbXA?hl=en-US&gl=US&ceid=US%3Aen",
            "og": "https://encrypted-tbn3.gstatic.com/images?q=tbn:ANd9GcRhGnXI0Gc0XRrFmZc0AowJX4qUbOmgCf1_iLXROHYuboIHNCm3PquS5BD4ilsA1HeZiNljnclbvAmENkawLO60hmwIBWcrBU1U5cM3gCMXE6r96w",
            "source": "AL.com",
            "source_icon": "https://encrypted-tbn0.gstatic.com/faviconV2?url=https://www.al.com&client=NEWS_360&size=96&type=FAVICON&fallback_opts=TYPE,SIZE,URL",
            "title": "Kickoff time announced for Alabama football’s trip to Wisconsin"
        },
        {
            "link": "https://news.google.com/articles/CBMid2h0dHBzOi8vd3d3Lm1saXZlLmNvbS93b2x2ZXJpbmVzLzIwMjQvMDUvcGFja2Vycy1wbGFjZS1leC1taWNoaWdhbi1vbC1vbi1yZXNlcnZlcmV0aXJlZC1saXN0LWFmdGVyLXJvb2tpZS1taW5pY2FtcC5odG1s0gGGAWh0dHBzOi8vd3d3Lm1saXZlLmNvbS93b2x2ZXJpbmVzLzIwMjQvMDUvcGFja2Vycy1wbGFjZS1leC1taWNoaWdhbi1vbC1vbi1yZXNlcnZlcmV0aXJlZC1saXN0LWFmdGVyLXJvb2tpZS1taW5pY2FtcC5odG1sP291dHB1dFR5cGU9YW1w?hl=en-US&gl=US&ceid=US%3Aen",
            "og": "https://encrypted-tbn2.gstatic.com/images?q=tbn:ANd9GcRzYD1OXsa72tAj8i9-b1ZmqvvmlPT04d92VuI3OTaq-RnW7xaijEpRNw8Q0q3Mhin-Oa5_4-6Xrd03kLWsQjwuvcwbI7bwpRvO3C5Ux-CTlXWHYA",
            "source": "MLive.com",
            "source_icon": "https://encrypted-tbn3.gstatic.com/faviconV2?url=https://www.mlive.com&client=NEWS_360&size=96&type=FAVICON&fallback_opts=TYPE,SIZE,URL",
            "title": "Packers place ex-Michigan OL on reserve/retired list after rookie minicamp"
        },
        {
            "link": "https://news.google.com/articles/CBMiZWh0dHBzOi8vd3d3LmJhdHRlcnlwb3dlci5jb20vMjAyNC81LzEzLzI0MTU2MDgyL2F1c3Rpbi1yaWxleS1pbmp1cnktdXBkYXRlLW1yaS1yZXN1bHRzLWF0bGFudGEtYnJhdmVz0gEA?hl=en-US&gl=US&ceid=US%3Aen",
            "og": "https://encrypted-tbn0.gstatic.com/images?q=tbn:ANd9GcSzMbMs2AbUIu5yTcSZVi644Eh7VvwV7j1zOzCwbzcUygLwC6tYrneXQBeBDX_8TA1An7M78wvOf0F1HD8z5mH71IS46b-ywwEvzenFpUEAlW42nA",
            "source": "Battery Power",
            "source_icon": "https://encrypted-tbn0.gstatic.com/faviconV2?url=https://www.batterypower.com&client=NEWS_360&size=96&type=FAVICON&fallback_opts=TYPE,SIZE,URL",
            "title": "Braves Notes: Austin Riley update Reynaldo Lopez and more"
        },
        {
            "link": "https://news.google.com/articles/CBMiiAFodHRwczovL3d3dy50aGVmYWxjb2hvbGljLmNvbS8yMDI0LzUvMTMvMjQxNTU4NzIvZmFsY29ucy1zaWduLXRlLXJvc3MtZHdlbGxleS1tYWtlLXRocmVlLXRyeW91dC1wbGF5ZXItc2lnbmluZ3Mtb2ZmaWNpYWwtY2hhcmxpZS13b2VybmVy0gEA?hl=en-US&gl=US&ceid=US%3Aen",
            "og": "https://encrypted-tbn3.gstatic.com/images?q=tbn:ANd9GcQ3q3bc0iYRVzoYGtng0jtuGPyjWYRXPioJ89EyWiz-qDK3mxLREndqYx9td4zg1tnsKBbuCiP9c2tCQF300bPFZ3kwpISLqNagV7czXYPHKyG5Wg",
            "source": "The Falcoholic",
            "source_icon": "https://encrypted-tbn0.gstatic.com/faviconV2?url=https://www.thefalcoholic.com&client=NEWS_360&size=96&type=FAVICON&fallback_opts=TYPE,SIZE,URL",
            "title": "Falcons sign TE Ross Dwelley, make three tryout player signings official"
        },
        {
            "link": "https://news.google.com/articles/CBMiRWh0dHBzOi8vd3d3LnNpLmNvbS9nb2xmL3RpZ2VyLXdvb2RzLWJhY2stYXQtdmFsaGFsbGEtcGdhLWNoYW1waW9uc2hpcNIBAA?hl=en-US&gl=US&ceid=US%3Aen",
            "og": "https://encrypted-tbn0.gstatic.com/images?q=tbn:ANd9GcQfW8_mCeGmWFdnwKk41j4vFqdbxLYBrMWRJX2UxnVcLIbpDy5bRbhv80VQjroEI-SSxVnGUzv-BXSu08FKVj4tnPms2Zoj56QMbK_BfTbjX-iWog",
            "source": "Sports Illustrated",
            "source_icon": "https://encrypted-tbn0.gstatic.com/faviconV2?url=https://www.si.com&client=NEWS_360&size=96&type=FAVICON&fallback_opts=TYPE,SIZE,URL",
            "title": "Tiger Woods Is Back at Valhalla, Where Half a Lifetime Ago He Won a Duel for the Ages"
        },
        {
            "link": "https://news.google.com/articles/CBMiZWh0dHBzOi8vd3d3LmVzcG4uY29tL3duYmEvc3RvcnkvXy9pZC80MDEyOTAzNy93bmJhLTIwMjQtcHJlZGljdGlvbnMtd25iYS1maW5hbHMtcGlja3MtYWNlcy10aHJlZS1wZWF00gEA?hl=en-US&gl=US&ceid=US%3Aen",
            "og": "https://encrypted-tbn2.gstatic.com/images?q=tbn:ANd9GcQfTQnViqVQg1PvColeoFXatXjFy6y_ISJ6ADe6TljV6efrdnGlsLL40jDsU4C5UPLZXRiK0toxCZzM29ei1uN7",
            "source": "ESPN",
            "source_icon": "https://encrypted-tbn2.gstatic.com/faviconV2?url=https://www.espn.com&client=NEWS_360&size=96&type=FAVICON&fallback_opts=TYPE,SIZE,URL",
            "title": "WNBA preseason predictions: Aces three-peat? Finals matchup?"
        },
        {
            "link": "https://news.google.com/articles/CBMilAFodHRwczovL3d3dy5uYmNzcG9ydHNjaGljYWdvLmNvbS9uZmwvY2hpY2Fnby1iZWFycy9iZWFycy1hbmFseXNpcy9iZWFycy1yb29raWUtbWluaWNhbXAtcmVwb3J0LWNhcmQtaG93LWNhbGViLXdpbGxpYW1zLXJvbWUtb2R1bnplLXBlcmZvcm1lZC81NjE4Nzcv0gGaAWh0dHBzOi8vd3d3Lm5iY3Nwb3J0c2NoaWNhZ28uY29tL25mbC9jaGljYWdvLWJlYXJzL2JlYXJzLWFuYWx5c2lzL2JlYXJzLXJvb2tpZS1taW5pY2FtcC1yZXBvcnQtY2FyZC1ob3ctY2FsZWItd2lsbGlhbXMtcm9tZS1vZHVuemUtcGVyZm9ybWVkLzU2MTg3Ny8_YW1wPTE?hl=en-US&gl=US&ceid=US%3Aen",
            "og": "https://encrypted-tbn0.gstatic.com/images?q=tbn:ANd9GcSrJQ6d92IxGRfjrUJU7GY8KfCiiouwQh19gB7o1YeLbaptplUyt6HCxK2CrUQySOgvinPDa0kkZapSAjMcfwBQrDg2BdNYgFVTTv6m",
            "source": "NBC Sports Chicago",
            "source_icon": "https://encrypted-tbn2.gstatic.com/faviconV2?url=https://www.nbcsportschicago.com&client=NEWS_360&size=96&type=FAVICON&fallback_opts=TYPE,SIZE,URL",
            "title": "Bears rookie minicamp report card: How Caleb Williams, Rome Odunze performed"
        },
        {
            "link": "https://news.google.com/articles/CBMiWmh0dHBzOi8vd3d3Lm55dGltZXMuY29tL2F0aGxldGljLzU0ODc1NjcvMjAyNC8wNS8xMy9hcnNlbmFsLW9sZC10cmFmZm9yZC1wcm9ncmVzcy1oaXN0b3J5L9IBAA?hl=en-US&gl=US&ceid=US%3Aen",
            "og": "https://encrypted-tbn1.gstatic.com/images?q=tbn:ANd9GcRMMGj0iowClGCTznDt_HIS7Iv3p7TDbCTISKjH0-f58Cygq9YOERzykLYZilbftrZw69cvmklIvlBDaI3ZjeoyHRKrfgzz6lhxJr5LI8lPBR4WMw",
            "source": "The New York Times",
            "source_icon": "https://encrypted-tbn2.gstatic.com/faviconV2?url=https://www.nytimes.com&client=NEWS_360&size=96&type=FAVICON&fallback_opts=TYPE,SIZE,URL",
            "title": "Arsenal marry progress and history with another 1-0 win at Old Trafford"
        },
        {
            "link": "https://news.google.com/articles/CBMicWh0dHBzOi8vd3d3Lm5iY3Nwb3J0cy5jb20vbmZsL3Byb2Zvb3RiYWxsdGFsay9ydW1vci1taWxsL25ld3MvcmVwb3J0LWJpbGxzLWhpcmUtam9obi1wYXJyeS1hcy1vZmZpY2lhdGluZy1saWFpc29u0gEA?hl=en-US&gl=US&ceid=US%3Aen",
            "og": "https://encrypted-tbn0.gstatic.com/images?q=tbn:ANd9GcRDn_r7VGm0VN9HpaajRQ_5bmU-LE3YYyjh9OwGM-_wV7o1fEgwVhsvw2lMonxESiqf8IXiYEFL0fQoNlYDVu_V",
            "source": "NBC Sports",
            "source_icon": "https://encrypted-tbn1.gstatic.com/faviconV2?url=https://www.nbcsports.com&client=NEWS_360&size=96&type=FAVICON&fallback_opts=TYPE,SIZE,URL",
            "title": "Report: Bills hire John Parry as officiating liaison"
        },
        {
            "link": "https://news.google.com/articles/CBMiZ2h0dHBzOi8vd3d3LnNlYWhhd2tzLmNvbS9uZXdzL3NlYWhhd2tzLXNpZ24tMjAyNC1kcmFmdC1waWNrcy1uZWhlbWlhaC1wcml0Y2hldHQtc2F0YW9hLWxhdW1lYS1kLWotamFtZXPSAQA?hl=en-US&gl=US&ceid=US%3Aen",
            "og": "https://encrypted-tbn3.gstatic.com/images?q=tbn:ANd9GcQdzgxr_GAOWIfe45w2yRRO_j9bG1NWSjetWtvaIkfeizt8MI5QEcJPMMxZZ7O1leAOEtkdEoN96cgH3de6DRzB",
            "source": "Seahawks.com",
            "source_icon": "https://encrypted-tbn2.gstatic.com/faviconV2?url=https://www.seahawks.com&client=NEWS_360&size=96&type=FAVICON&fallback_opts=TYPE,SIZE,URL",
            "title": "Seahawks Sign 2024 Draft Picks Nehemiah Pritchett, Sataoa Laumea & D.J. James"
        },
        {
            "link": "https://news.google.com/articles/CBMiX2h0dHBzOi8vd3d3LmZveHNwb3J0cy5jb20vc3Rvcmllcy9uYXNjYXIvbmFzY2FyLXVudmVpbHMtMS1taWxsaW9uLWluLXNlYXNvbi10b3VybmFtZW50LWZvci0yMDI10gFfaHR0cHM6Ly9hbXAuZm94c3BvcnRzLmNvbS9zdG9yaWVzL25hc2Nhci9uYXNjYXItdW52ZWlscy0xLW1pbGxpb24taW4tc2Vhc29uLXRvdXJuYW1lbnQtZm9yLTIwMjU?hl=en-US&gl=US&ceid=US%3Aen",
            "og": "https://encrypted-tbn0.gstatic.com/images?q=tbn:ANd9GcTDKyLbWu8MoJQf1H8GczTri5GYSOz5mIJlkRdwjMHde3rdoAexubsjZuqYbcwGQK9-i5v_c_iJho9Xv5AftHwLeSCCb_rxsrHWAEuk-mACRWYaFA",
            "source": "FOX Sports",
            "source_icon": "https://encrypted-tbn3.gstatic.com/faviconV2?url=https://www.foxsports.com&client=NEWS_360&size=96&type=FAVICON&fallback_opts=TYPE,SIZE,URL",
            "title": "NASCAR unveils $1M in-season tournament for 2025"
        },
        {
            "link": "https://news.google.com/articles/CBMicGh0dHBzOi8vMjQ3c3BvcnRzLmNvbS9sb25nZm9ybWFydGljbGUvcHJlZGljdGluZy10aGUtMjAyNC1uYmEtZHJhZnQtY29tYmluZXMtdG9wLXN0YXktb3ItZ28tZGVjaXNpb25zLTIzMTcxNzY4MS_SAXRodHRwczovLzI0N3Nwb3J0cy5jb20vbG9uZ2Zvcm1hcnRpY2xlL3ByZWRpY3RpbmctdGhlLTIwMjQtbmJhLWRyYWZ0LWNvbWJpbmVzLXRvcC1zdGF5LW9yLWdvLWRlY2lzaW9ucy0yMzE3MTc2ODEvYW1wLw?hl=en-US&gl=US&ceid=US%3Aen",
            "og": "https://encrypted-tbn3.gstatic.com/images?q=tbn:ANd9GcT4POPBOHpl-Wo8G_GHvhVJUIWQgmOOR03tGWw45IE30H5E9TKnLGjcMSf5o40WIV2jEH2op7jr8YkazQC5Mzdtw_-NXyeomLeAwdUZJiXlOVxQGA",
            "source": "247Sports",
            "source_icon": "https://encrypted-tbn3.gstatic.com/faviconV2?url=https://247sports.com&client=NEWS_360&size=96&type=FAVICON&fallback_opts=TYPE,SIZE,URL",
            "title": "Predicting the 2024 NBA Draft Combine's top stay-or-go decisions"
        },
        {
            "link": "https://news.google.com/articles/CBMiaGh0dHBzOi8vd3d3Lm5mbC5jb20vbmV3cy9idWNjYW5lZXJzLXNhZmV0eS1hbnRvaW5lLXdpbmZpZWxkLWpyLWFncmVlcy10by1mb3VyLXllYXItODQtMS1taWxsaW9uLWNvbnRyYWN00gEA?hl=en-US&gl=US&ceid=US%3Aen",
            "og": "https://encrypted-tbn1.gstatic.com/images?q=tbn:ANd9GcQynTbYusmA6RhyTIASAK8hVfqIj-3PGykminzB6Pgu1_M-foy0XbEXawX5KBRzM8HZWWBjVKtGOz8mjnt861_a",
            "source": "NFL.com",
            "source_icon": "https://encrypted-tbn3.gstatic.com/faviconV2?url=https://www.nfl.com&client=NEWS_360&size=96&type=FAVICON&fallback_opts=TYPE,SIZE,URL",
            "title": "Buccaneers safety Antoine Winfield Jr. agrees to four-year, $84.1 million contract"
        },
        {
            "link": "https://news.google.com/articles/CBMieWh0dHBzOi8vd3d3LmJpZ2JsdWV2aWV3LmNvbS8yMDI0LzUvMTMvMjQxNTU1MzgvbmZsLXNjaGVkdWxlLXJlbGVhc2UtY291bGQtdGhlLW5ldy15b3JrLWdpYW50cy1wbGF5LWluLWdlcm1hbnktdGhpcy1zZWFzb27SAQA?hl=en-US&gl=US&ceid=US%3Aen",
            "og": "https://encrypted-tbn2.gstatic.com/images?q=tbn:ANd9GcQ2zVMeceT6vDSWZoKaWF9qp6pET-uFKHcw2aPDzfTs6RSp4qrVMuMy39zqAZZZmSBHA-lGqaKjnhDzXXjFkbLYg7gav0XLK74hpYGnaAA_6AtUWQ",
            "source": "Big Blue View",
            "source_icon": "https://encrypted-tbn3.gstatic.com/faviconV2?url=https://www.bigblueview.com&client=NEWS_360&size=96&type=FAVICON&fallback_opts=TYPE,SIZE,URL",
            "title": "NFL schedule release: Could the New York Giants play in Germany this season?"
        },
        {
            "link": "https://news.google.com/articles/CBMiggFodHRwczovL3d3dy5kZXNlcmV0LmNvbS9zcG9ydHMvMjAyNC8wNS8xMy9ieXUtdXRhaC1oZWFkLXRvLW5jYWEtYXVzdGluLXJlZ2lvbmFsLW5lZWRpbmctYS10b3AtZml2ZS1maW5pc2gtdG8tYWR2YW5jZS10by1uYXRpb25hbHMv0gEA?hl=en-US&gl=US&ceid=US%3Aen",
            "og": "https://encrypted-tbn0.gstatic.com/images?q=tbn:ANd9GcQ3sRZMZwYgSYr-83kZrs2Cpzea_3ntBO8341YqaMRMg1CzK_w6rxI-Bc4R6APizOI",
            "source": "Deseret News",
            "source_icon": "https://encrypted-tbn1.gstatic.com/faviconV2?url=https://www.deseret.com&client=NEWS_360&size=96&type=FAVICON&fallback_opts=TYPE,SIZE,URL",
            "title": "BYU, Utah golf teams begin play at NCAA regionals on Monday"
        },
        {
            "link": "https://news.google.com/articles/CBMiVWh0dHBzOi8vd3d3LmRlbnZlcmJyb25jb3MuY29tL25ld3MvYnJvbmNvcy1zaWduLXdyLXBoaWxsaXAtZG9yc2V0dC1jYi1xdWludG9uLW5ld3NvbWXSAQA?hl=en-US&gl=US&ceid=US%3Aen",
            "og": "https://encrypted-tbn2.gstatic.com/images?q=tbn:ANd9GcSdhecY5qys--LYTt5cq7BR6kEynQ16L3Lc3navirObyykIc3B4gf43-jLR1tYLZ8pxyXruCMkOBqTAWZUwGMAq",
            "source": "DenverBroncos.com",
            "source_icon": "https://encrypted-tbn1.gstatic.com/faviconV2?url=https://www.denverbroncos.com&client=NEWS_360&size=96&type=FAVICON&fallback_opts=TYPE,SIZE,URL",
            "title": "Broncos sign WR Phillip Dorsett, CB Quinton Newsome"
        },
        {
            "link": "https://news.google.com/articles/CBMie2h0dHBzOi8vd3d3Lm5iY3Nwb3J0cy5jb20vbmZsL3Byb2Zvb3RiYWxsdGFsay9ydW1vci1taWxsL25ld3MvYWxleC12YW4tcGVsdC13aWxsLWJlLXRoZS1sZWFkLWd1eS1pbi13b3JraW5nLXdpdGgtZHJha2UtbWF5ZdIBAA?hl=en-US&gl=US&ceid=US%3Aen",
            "og": "https://encrypted-tbn1.gstatic.com/images?q=tbn:ANd9GcStojEs1OOIM8qOZ80VADBCGKtVjINlVAe-ytjbVImrvRamKsLY09NguKxuuHp2K-68lqVeMwEdlzi5H04FaC43",
            "source": "NBC Sports",
            "source_icon": "https://encrypted-tbn1.gstatic.com/faviconV2?url=https://www.nbcsports.com&client=NEWS_360&size=96&type=FAVICON&fallback_opts=TYPE,SIZE,URL",
            "title": "Alex Van Pelt will be the \"lead guy\" in working with Drake Maye"
        },
        {
            "link": "https://news.google.com/articles/CBMiYmh0dHBzOi8vd3d3LmVzcG4uY29tL25obC9zdG9yeS9fL2lkLzQwMTQwNTg3L25obC1zdXNwZW5kcy1jYW51Y2tzLWNhcnNvbi1zb3VjeS1zaG90LWNvbm5vci1tY2Rhdmlk0gEA?hl=en-US&gl=US&ceid=US%3Aen",
            "og": "https://encrypted-tbn2.gstatic.com/images?q=tbn:ANd9GcQLoJaEDDws72PhvdlfQVOIjVIKSlS0fywO2OoUpP08C3KRvd633dfBKkRS1DhTpH_tw3MczqFWdV_Hbrs4e1F-",
            "source": "ESPN",
            "source_icon": "https://encrypted-tbn2.gstatic.com/faviconV2?url=https://www.espn.com&client=NEWS_360&size=96&type=FAVICON&fallback_opts=TYPE,SIZE,URL",
            "title": "NHL suspends Canucks' Carson Soucy for shot to Connor McDavid"
        },
        {
            "link": "https://news.google.com/articles/CBMicWh0dHBzOi8vd3d3Lm5hc2Nhci5jb20vbmV3cy1tZWRpYS8yMDI0LzA1LzEzL2N1cC1zZXJpZXMtMjAyNC1kYXJsaW5ndG9uLWFuYWx5c2lzLXJmay1yYWNpbmctZm9yZC1icmFkLWtlc2Vsb3dza2kv0gF1aHR0cHM6Ly93d3cubmFzY2FyLmNvbS9uZXdzLW1lZGlhLzIwMjQvMDUvMTMvY3VwLXNlcmllcy0yMDI0LWRhcmxpbmd0b24tYW5hbHlzaXMtcmZrLXJhY2luZy1mb3JkLWJyYWQta2VzZWxvd3NraS9hbXAv?hl=en-US&gl=US&ceid=US%3Aen",
            "og": "https://encrypted-tbn2.gstatic.com/images?q=tbn:ANd9GcSpVXW2UT-VUKhYDFi8LulFyLUZQRA_JjOHk_k19SH_KUjMpQOTs3SCTv_9YVDU6aYi35RxaZQOyAZQsgAqMN15ODlglJva9AZNfZ0eOYHnJK0Pnw",
            "source": "NASCAR",
            "source_icon": "https://encrypted-tbn0.gstatic.com/faviconV2?url=https://www.nascar.com&client=NEWS_360&size=96&type=FAVICON&fallback_opts=TYPE,SIZE,URL",
            "title": "Brad Keselowski, No. 6 pit crew fly the flag after streak-snapping triumph: ‘It’s a heck of a ride’"
        },
        {
            "link": "https://news.google.com/articles/CBMibGh0dHBzOi8vd3d3LmNsZXZlbGFuZC5jb20vY2F2cy8yMDI0LzA1L2Rvbm92YW4tbWl0Y2hlbGwtdG8tbWlzcy1nYW1lLTQtb2YtZWFzdGVybi1jb25mZXJlbmNlLXNlbWlmaW5hbHMuaHRtbNIBe2h0dHBzOi8vd3d3LmNsZXZlbGFuZC5jb20vY2F2cy8yMDI0LzA1L2Rvbm92YW4tbWl0Y2hlbGwtdG8tbWlzcy1nYW1lLTQtb2YtZWFzdGVybi1jb25mZXJlbmNlLXNlbWlmaW5hbHMuaHRtbD9vdXRwdXRUeXBlPWFtcA?hl=en-US&gl=US&ceid=US%3Aen",
            "og": "https://encrypted-tbn3.gstatic.com/images?q=tbn:ANd9GcS9FJf-Ouq3AB-bwWFFYoXCGM3dIF0lZnilkuPZ4XgvZR9gF4kuoX5fgqaNN-xlTy3BTHY_R2C-KQC-3Y3Za3oYaKBFx4DBoySNBZYoCqADbWGNgA",
            "source": "cleveland.com",
            "source_icon": "https://encrypted-tbn2.gstatic.com/faviconV2?url=https://www.cleveland.com&client=NEWS_360&size=96&type=FAVICON&fallback_opts=TYPE,SIZE,URL",
            "title": "Donovan Mitchell out for Game 4 of Eastern Conference semifinals"
        },
        {
            "link": "https://news.google.com/articles/CBMihAFodHRwczovL3Nwb3J0cy55YWhvby5jb20vbWxiLXBvd2VyLXJhbmtpbmdzLXBoaWxsaWVzLWxlYWQtZG9kZ2Vycy1icmF2ZXMtYXMtdHJpby1vZi1ubC1jb250ZW5kZXJzLXRvcC10aGlzLXdlZWtzLWxpc3QtMTk0MDQ5NzYyLmh0bWzSAQA?hl=en-US&gl=US&ceid=US%3Aen",
            "og": "https://encrypted-tbn0.gstatic.com/images?q=tbn:ANd9GcRRdtxsZJfPtMEbdCjGfJaANhX-yEB0iZkNcENVaMKBj8jERY5xoR__ES9DFZjD6TOBSBx02Cr2_Qx3kT2Vc7N3okcuU08q3FMeqglqJ87dc3pb6Q",
            "source": "Yahoo Sports",
            "source_icon": "https://encrypted-tbn3.gstatic.com/faviconV2?url=https://sports.yahoo.com&client=NEWS_360&size=96&type=FAVICON&fallback_opts=TYPE,SIZE,URL",
            "title": "MLB Power Rankings: Phillies lead Dodgers, Braves as trio of NL contenders top this week's list"
        },
        {
            "link": "https://news.google.com/articles/CBMiTWh0dHBzOi8vcmFjZXIuY29tLzIwMjQvMDUvMTMvd2hhdHMtaGFwcGVuaW5nLWFuZC13aGVuLWF0LXRoaXMteWVhcnMtaW5keS01MDAv0gEA?hl=en-US&gl=US&ceid=US%3Aen",
            "og": "https://encrypted-tbn1.gstatic.com/images?q=tbn:ANd9GcRSb4enpOQg7kK3FL_Nn8_elH77fNTaOyrrN21yJnbh8Z8gWvvSaNjh-VTNP-5AE10OI89dUWPl82hRb2xrJrLijLvuX_m34C1fwK7E_gBjRlgsjw",
            "source": "RACER",
            "source_icon": "https://encrypted-tbn2.gstatic.com/faviconV2?url=https://racer.com&client=NEWS_360&size=96&type=FAVICON&fallback_opts=TYPE,SIZE,URL",
            "title": "The Month of May is here. Here's how to follow the Indy 500"
        },
        {
            "link": "https://news.google.com/articles/CBMidGh0dHBzOi8vd3d3Lm5iY3Nwb3J0cy5jb20vbmZsL3Byb2Zvb3RiYWxsdGFsay9ydW1vci1taWxsL25ld3MvYmVhcnMtc2lnbi1mcmVkZGllLXN3YWluLXRvbW15LXN3ZWVuZXktYW5kLWZvdXItb3RoZXJz0gEA?hl=en-US&gl=US&ceid=US%3Aen",
            "og": "https://encrypted-tbn0.gstatic.com/images?q=tbn:ANd9GcTwPif-Hu8zU07M2aG8qbNOLDrIKFGYivvTj8HyzTJaEMuIurWeZDlME9Ym-nkqOV7ZlOg2S63vfbtAkRTbnU_P",
            "source": "NBC Sports",
            "source_icon": "https://encrypted-tbn1.gstatic.com/faviconV2?url=https://www.nbcsports.com&client=NEWS_360&size=96&type=FAVICON&fallback_opts=TYPE,SIZE,URL",
            "title": "Bears sign Freddie Swain, Tommy Sweeney and four others"
        },
        {
            "link": "https://news.google.com/articles/CBMiSWh0dHBzOi8vd3d3Lm5obC5jb20vYnJ1aW5zL25ld3MvYnJ1aW5zLWFubm91bmNlLXJvc3Rlci10cmFuc2FjdGlvbnMteDY0NzTSAQA?hl=en-US&gl=US&ceid=US%3Aen",
            "og": "https://encrypted-tbn3.gstatic.com/images?q=tbn:ANd9GcSU2l6YsriRNKgkUKkqUmJDUNvVM_DrDtjh6fDmBTvx2qXyeQrKUxX2NRkgMF4BhaDwHOb4eSs72PBZX7vO42I_",
            "source": "NHL.com",
            "source_icon": "https://encrypted-tbn1.gstatic.com/faviconV2?url=https://www.nhl.com&client=NEWS_360&size=96&type=FAVICON&fallback_opts=TYPE,SIZE,URL",
            "title": "Bruins Announce Roster Transactions | Boston Bruins"
        },
        {
            "link": "https://news.google.com/articles/CBMiY2h0dHBzOi8vd3d3Lm5iY3Nwb3J0cy5jb20vZmFudGFzeS9iYXNlYmFsbC9uZXdzL2JhdC1zcGVlZC1sZWFkZXJib2FyZC13aGF0LWlzLWl0LWFuZC13aHktZG8td2UtY2FyZdIBAA?hl=en-US&gl=US&ceid=US%3Aen",
            "og": "https://encrypted-tbn0.gstatic.com/images?q=tbn:ANd9GcSMFCfOanhzs3iRCfnsGyV56dq-11URg27WIFnCXz0lrehc-q-52y0XRwSvkL4u0rb3-PazzYdf1lHYAIvBcdHZ",
            "source": "NBC Sports",
            "source_icon": "https://encrypted-tbn1.gstatic.com/faviconV2?url=https://www.nbcsports.com&client=NEWS_360&size=96&type=FAVICON&fallback_opts=TYPE,SIZE,URL",
            "title": "Bat speed leaderboard: What is it and who stands out?"
        },
        {
            "link": "https://news.google.com/articles/CBMiaGh0dHBzOi8vd3d3LmZveHNwb3J0cy5jb20vc3Rvcmllcy9uYXNjYXIvYnViYmxlLWRyaXZlcnMtZGlzY3Vzcy1wbGF5b2ZmLXB1c2gtbWlkd2F5LXBvaW50LXJlZ3VsYXItc2Vhc29u0gFoaHR0cHM6Ly9hbXAuZm94c3BvcnRzLmNvbS9zdG9yaWVzL25hc2Nhci9idWJibGUtZHJpdmVycy1kaXNjdXNzLXBsYXlvZmYtcHVzaC1taWR3YXktcG9pbnQtcmVndWxhci1zZWFzb24?hl=en-US&gl=US&ceid=US%3Aen",
            "og": "https://encrypted-tbn2.gstatic.com/images?q=tbn:ANd9GcRlb1quKnuS7rWDd7TlM6nbds8s5seYfum2bE0uNO9aBJCKfJ8XBsf-F9H9TSWa8tdfbco1ow2Ln3ZhnccInRHciJGZDEj_HVrAFyc7O0pgC906xA",
            "source": "FOX Sports",
            "source_icon": "https://encrypted-tbn3.gstatic.com/faviconV2?url=https://www.foxsports.com&client=NEWS_360&size=96&type=FAVICON&fallback_opts=TYPE,SIZE,URL",
            "title": "Bubble drivers discuss playoff push at midway point of regular season"
        },
        {
            "link": "https://news.google.com/articles/CBMifGh0dHBzOi8vd3d3LmVzcG4uY29tL25iYS9zdG9yeS9fL2lkLzQwMTQyMTI0L2NlbHRpY3MtdGFrZS1jb250cm9sLWVhc3Qtc2VtaWZpbmFsLXNlcmllcy1nYW1lLTQtd2luLXZzLXNob3J0LWhhbmRlZC1jYXZhbGllcnPSAQA?hl=en-US&gl=US&ceid=US%3Aen",
            "og": "https://encrypted-tbn3.gstatic.com/images?q=tbn:ANd9GcTgWV3Y3hc3hLljGpjgZUg-auHDw9qZsxDi-1mUweI6edcTPxrFr9QCyTJOKaFYBEAC_JouiCAE84HXrODE1YYj",
            "source": "ESPN",
            "source_icon": "https://encrypted-tbn2.gstatic.com/faviconV2?url=https://www.espn.com&client=NEWS_360&size=96&type=FAVICON&fallback_opts=TYPE,SIZE,URL",
            "title": "Celtics outlast hobbled Cavaliers to take 3-1 series lead"
        }
    ],
    "Technology": [
        {
            "link": "https://news.google.com/articles/CBMiXWh0dHBzOi8vd3d3LmJ1c2luZXNzaW5zaWRlci5jb20vY2hhdGdwdC00by1zYW0tYWx0bWFuLWFwcGxlLXNpcmktdGltLWNvb2stY29tcGFyZWQtaG93LTIwMjQtNdIBYWh0dHBzOi8vd3d3LmJ1c2luZXNzaW5zaWRlci5jb20vY2hhdGdwdC00by1zYW0tYWx0bWFuLWFwcGxlLXNpcmktdGltLWNvb2stY29tcGFyZWQtaG93LTIwMjQtNT9hbXA?hl=en-US&gl=US&ceid=US%3Aen",
            "og": "https://encrypted-tbn0.gstatic.com/images?q=tbn:ANd9GcTiV0yg9c9-QSWHzSFrGYaUyePYlmf2Eh3hb62BWpHH_wwcdTq4EjsebOJ2iHenVdCQAoWxstUF1wTi2SvcItpB5GGhWh6WeWtLglqDs1prQZjBag",
            "source": "Business Insider",
            "source_icon": "https://encrypted-tbn3.gstatic.com/faviconV2?url=https://www.businessinsider.com&client=NEWS_360&size=96&type=FAVICON&fallback_opts=TYPE,SIZE,URL",
            "title": "OpenAI's new voice assistant ChatGPT-4o smokes Apple's Siri"
        },
        {
            "link": "https://news.google.com/articles/CBMiOWh0dHBzOi8vOXRvNW1hYy5jb20vMjAyNC8wNS8xMy9maXJzdC1tMi1pcGFkLWFpci1yZXZpZXdzL9IBAA?hl=en-US&gl=US&ceid=US%3Aen",
            "og": "https://encrypted-tbn0.gstatic.com/images?q=tbn:ANd9GcT3YahoAJlpfdg2an2CnVW-le6geeb0iP_qvxV2gA5B85-kV6ylGWZza2tbGjFdkPmflH1wGKLW2nDeToNdPj8e_W4c_cBF24884RJPZX-5H3CucA",
            "source": "9to5Mac",
            "source_icon": "https://encrypted-tbn0.gstatic.com/faviconV2?url=https://9to5mac.com&client=NEWS_360&size=96&type=FAVICON&fallback_opts=TYPE,SIZE,URL",
            "title": "First M2 iPad Air reviews call it 'the iPad to get'"
        },
        {
            "link": "https://news.google.com/articles/CBMiTWh0dHBzOi8vdGhlaGFja2VybmV3cy5jb20vMjAyNC8wNS9hcHBsZS1hbmQtZ29vZ2xlLWxhdW5jaC1jcm9zcy1wbGF0Zm9ybS5odG1s0gEA?hl=en-US&gl=US&ceid=US%3Aen",
            "og": "https://encrypted-tbn2.gstatic.com/images?q=tbn:ANd9GcSngJzQmib1fjB_4HG5Co6_zEvWb66dTZNusVncrOUzyUOakWOLm935Ydic6OQM5aPUCmLJCRUP3yS5b1IvFrRRcOU94j_o0-3i5CJLCUg26Xe4Og",
            "source": "The Hacker News",
            "source_icon": "https://encrypted-tbn3.gstatic.com/faviconV2?url=https://thehackernews.com&client=NEWS_360&size=96&type=FAVICON&fallback_opts=TYPE,SIZE,URL",
            "title": "Apple and Google Launch Cross-Platform Feature to Detect Unwanted Bluetooth Tracking Devices"
        },
        {
            "link": "https://news.google.com/articles/CBMiYGh0dHBzOi8vd3d3LnRoZXZlcmdlLmNvbS8yMDI0LzUvMTMvMjQxNTU5ODIvc29ueS1wbGF5c3RhdGlvbi1jby1jZW8taGVybWVuLWh1bHN0LWhpZGVha2ktbmlzaGlub9IBAA?hl=en-US&gl=US&ceid=US%3Aen",
            "og": "https://encrypted-tbn1.gstatic.com/images?q=tbn:ANd9GcQsZKKfrfopysKK88LxRTYeEPDSe8tNgTug5UveMXUsIL-rE45lESZIEg6qq_MLaOohfQYlizd_9IgyxXENcYn0R0vRI4u4M4PwEk5mYd-oOaDbdQ",
            "source": "The Verge",
            "source_icon": "https://encrypted-tbn2.gstatic.com/faviconV2?url=https://www.theverge.com&client=NEWS_360&size=96&type=FAVICON&fallback_opts=TYPE,SIZE,URL",
            "title": "Sony names new PlayStation leaders following Jim Ryan's retirement"
        },
        {
            "link": "https://news.google.com/articles/CBMiSWh0dHBzOi8vOXRvNWdvb2dsZS5jb20vMjAyNC8wNS8xMy9nb29nbGUtcGl4ZWwtOC1hbmRyb2lkLWNocm9tZW9zLXJlcG9ydC_SAQA?hl=en-US&gl=US&ceid=US%3Aen",
            "og": "https://encrypted-tbn0.gstatic.com/images?q=tbn:ANd9GcT-TQ6jkSDvEnbARcgtx2MQ821SoKu3nykB4SuLzXnfDDYahjko9RTocMCXxf-gxROw9OJnFWVFXBWw43q0u_5qLfN7KuvDMXapacFpazRQSEJPsA",
            "source": "9to5Google",
            "source_icon": "https://encrypted-tbn3.gstatic.com/faviconV2?url=https://9to5google.com&client=NEWS_360&size=96&type=FAVICON&fallback_opts=TYPE,SIZE,URL",
            "title": "Google may have shown off a Pixel 8 running ChromeOS"
        },
        {
            "link": "https://news.google.com/articles/CBMiO2h0dHBzOi8vOXRvNWdvb2dsZS5jb20vMjAyNC8wNS8xMy9waXhlbC04YS1zbmFwc2hvdC13aWRnZXQv0gEA?hl=en-US&gl=US&ceid=US%3Aen",
            "og": "https://encrypted-tbn2.gstatic.com/images?q=tbn:ANd9GcQOfVef_A6hQJz2J5P1lpUCVqzercfjLmykGH2658kxrdCwUPttU8oXCR8DMh0T9WPcXQw1H-FVISxY__h2z8EOJmnTnQE2Y6vQwdec84i1KB9vCQ",
            "source": "9to5Google",
            "source_icon": "https://encrypted-tbn3.gstatic.com/faviconV2?url=https://9to5google.com&client=NEWS_360&size=96&type=FAVICON&fallback_opts=TYPE,SIZE,URL",
            "title": "The Pixel 8a has a 'Snapshot' widget and 'Inside Out' wallpapers"
        },
        {
            "link": "https://news.google.com/articles/CBMigAFodHRwczovL3d3dy50b21zZ3VpZGUuY29tL2FpL2dvb2dsZS1nZW1pbmkvZ29vZ2xlLWp1c3QtYW5zd2VyZWQtZ3B0LTRvLXdpdGgtZ2VtaW5pLXByb3RvdHlwZS10aGF0cy1jb252ZXJzYXRpb25hbC1hbmQtdXNlcy12aWRlb9IBAA?hl=en-US&gl=US&ceid=US%3Aen",
            "og": "https://encrypted-tbn1.gstatic.com/images?q=tbn:ANd9GcQFciIwLl2et-0v-mF9Q8EAB6sRfnPVoYDXg3yCzkCx-OkH9P-EfgpnKc6Z5bfjTgXf9IwWKFz39-mkUZSF9YDJ5j43z_REV_aj9cmnrD2L_5-sxQ",
            "source": "Tom's Guide",
            "source_icon": "https://encrypted-tbn0.gstatic.com/faviconV2?url=https://www.tomsguide.com&client=NEWS_360&size=96&type=FAVICON&fallback_opts=TYPE,SIZE,URL",
            "title": "Google just answered GPT-4o with Gemini demo that's conversational and uses video"
        },
        {
            "link": "https://news.google.com/articles/CBMibWh0dHBzOi8vd3d3LmVuZ2FkZ2V0LmNvbS9nb29nbGVzLXByb2plY3Qtc3RhcmxpbmUtdmlkZW8tY29uZmVyZW5jaW5nLXRlY2gtaXMtY29taW5nLXRvLW9mZmljZXMtMTcxNjIyOTgwLmh0bWzSAQA?hl=en-US&gl=US&ceid=US%3Aen",
            "og": "https://encrypted-tbn0.gstatic.com/images?q=tbn:ANd9GcRPccMxs_cJ3HiyBdJLg6fK3fPXBCccDJCCIpQbWl5iNFlapyhbaSX7pR1J72CjTaH3xTdV72GgWih-4WntAP1MXomn1eQi8yJfRkkVBb2EbGC0iA",
            "source": "Engadget",
            "source_icon": "https://encrypted-tbn1.gstatic.com/faviconV2?url=https://www.engadget.com&client=NEWS_360&size=96&type=FAVICON&fallback_opts=TYPE,SIZE,URL",
            "title": "Google's Project Starline video conferencing tech is coming to offices"
        },
        {
            "link": "https://news.google.com/articles/CBMiZGh0dHBzOi8vd3d3LnpkbmV0LmNvbS9hcnRpY2xlL3doYXQtdG8tZXhwZWN0LWZyb20tZ29vZ2xlLWlvLTIwMjQtYW5kcm9pZC0xNS1nZW1pbmktd2Vhci1vcy1hbmQtbW9yZS_SAQA?hl=en-US&gl=US&ceid=US%3Aen",
            "og": "https://encrypted-tbn3.gstatic.com/images?q=tbn:ANd9GcSTZg6OfOUCjMZ23-NhN-_3VeC-qilxzCoNmr5svEihNcPg_d-4Y6VRQxsEnaQBuwM8flZwNQGQ7Shl-W4wS02uzFuy78EYD7-5h09-cr_JsT45Qg",
            "source": "ZDNet",
            "source_icon": "https://encrypted-tbn3.gstatic.com/faviconV2?url=https://www.zdnet.com&client=NEWS_360&size=96&type=FAVICON&fallback_opts=TYPE,SIZE,URL",
            "title": "What to expect from Google I/O 2024: Android 15, Gemini, Wear OS, and more"
        },
        {
            "link": "https://news.google.com/articles/CBMiXWh0dHBzOi8vd3d3LmludmVzdG9ycy5jb20vbmV3cy90ZWNobm9sb2d5L2FwcGxlLXN0b2NrLWlwaG9uZS1tYWtlci1jbG9zZS10by1kZWFsLXdpdGgtb3BlbmFpL9IBAA?hl=en-US&gl=US&ceid=US%3Aen",
            "og": "https://encrypted-tbn1.gstatic.com/images?q=tbn:ANd9GcRGFxxh-z0VOcptLT5nCZlvSAqaV8hQJA5znMe0uSCw3AoqyPG5Rq1ERvpjH0xvlIXTIMO9UYN6cuupTqVDOLAYPxHJiYQcyRiUYX9VdFH3wDmGcQ",
            "source": "Investor's Business Daily",
            "source_icon": "https://encrypted-tbn0.gstatic.com/faviconV2?url=https://www.investors.com&client=NEWS_360&size=96&type=FAVICON&fallback_opts=TYPE,SIZE,URL",
            "title": "Apple Stock: iPhone Maker Close To Deal With OpenAI"
        },
        {
            "link": "https://news.google.com/articles/CBMiZWh0dHBzOi8vcGV0YXBpeGVsLmNvbS8yMDI0LzA1LzEzL2FwcGxlLWFwb2xvZ2l6ZXMtZm9yLWNydXNoaW5nLWNhbWVyYS1nZWFyLWNyZWF0aXZlLXRvb2xzLWluLWlwYWQtYWQv0gEA?hl=en-US&gl=US&ceid=US%3Aen",
            "og": "https://encrypted-tbn0.gstatic.com/images?q=tbn:ANd9GcQrBlZ6puQK6toHI5BV3_pS_NWc_JehUC37AdCFejNT31EOwq3MCu1pv-V4y3QVA8i5SCZR41rWwyIko-I-XUAZFK1YiB4FfpbkTHTblyytEvT8jw",
            "source": "PetaPixel",
            "source_icon": "https://encrypted-tbn2.gstatic.com/faviconV2?url=https://petapixel.com&client=NEWS_360&size=96&type=FAVICON&fallback_opts=TYPE,SIZE,URL",
            "title": "Apple Apologizes for Crushing Camera Gear, Creative Tools in iPad Ad"
        },
        {
            "link": "https://news.google.com/articles/CBMiTWh0dHBzOi8vd3d3Lndhc2hpbmd0b25wb3N0LmNvbS90ZWNobm9sb2d5LzIwMjQvMDUvMTMvZ29vZ2xlLWFpLXNlYXJjaC1pby1zZ2Uv0gEA?hl=en-US&gl=US&ceid=US%3Aen",
            "og": "https://encrypted-tbn0.gstatic.com/images?q=tbn:ANd9GcQ93aH5np6oWTlCQ6vSW9GPD9hSmV2oMaZspWIxrnMS4WqXtRZJ-XRs6FS_goLqJtNvtKELAJLg5gRugWi22lHDC5iNDQaoBm6grJqOGGaPdkZFEQ",
            "source": "The Washington Post",
            "source_icon": "https://encrypted-tbn3.gstatic.com/faviconV2?url=https://www.washingtonpost.com&client=NEWS_360&size=96&type=FAVICON&fallback_opts=TYPE,SIZE,URL",
            "title": "As Google AI search rolls out to more people, websites brace for carnage"
        },
        {
            "link": "https://news.google.com/articles/CBMidmh0dHBzOi8vd3d3LmJsb29tYmVyZy5jb20vbmV3cy9hcnRpY2xlcy8yMDI0LTA1LTEzL2FwcGxlLXNldC10by1zZWxsLXZpc2lvbi1wcm8taGVhZHNldC1pbnRlcm5hdGlvbmFsbHktZm9yLWZpcnN0LXRpbWXSAQA?hl=en-US&gl=US&ceid=US%3Aen",
            "og": "https://encrypted-tbn2.gstatic.com/images?q=tbn:ANd9GcRO4QDZMxjDp6AicqfmXQuAV2Mg6KXfCYwywXH6dHS1qqBZ11X8dvvgkSmzg9cz8F2uevG7_2XbMs0Mw-ZGJllN",
            "source": "Bloomberg",
            "source_icon": "https://encrypted-tbn1.gstatic.com/faviconV2?url=https://www.bloomberg.com&client=NEWS_360&size=96&type=FAVICON&fallback_opts=TYPE,SIZE,URL",
            "title": "Apple Prepares to Sell Vision Pro Outside US for the First Time"
        },
        {
            "link": "https://news.google.com/articles/CBMiU2h0dHBzOi8vd3d3LnRoZXZlcmdlLmNvbS8yMDI0LzUvMTMvMjQxNTU2MDQvc3F1YXJlLWVuaXgtbXVsdGlwbGF0Zm9ybS1nYW1lcy14Ym94LXBj0gEA?hl=en-US&gl=US&ceid=US%3Aen",
            "og": "https://encrypted-tbn3.gstatic.com/images?q=tbn:ANd9GcR-P_CkReQwIGuPGordan5uaJD2hV98vQOMYX1BInjKowZk6tLmC0P1LvrVZUVt0jaWhZGEY8MXI2R24WGwRCcdWMgDvYthQiqV8CdbLf_56BgbRQ",
            "source": "The Verge",
            "source_icon": "https://encrypted-tbn2.gstatic.com/faviconV2?url=https://www.theverge.com&client=NEWS_360&size=96&type=FAVICON&fallback_opts=TYPE,SIZE,URL",
            "title": "Square Enix plans to “aggressively pursue” multiplatform game releases"
        }
    ]
}
]]></system-out>
  <system-err><![CDATA[]]></system-err>
</testsuite>
