<?xml version="1.0" encoding="UTF-8"?>
<testsuite name="tests.NegativeStatusCodeTests" tests="3" skipped="0" failures="3" errors="0" timestamp="2024-05-13T12:51:53" hostname="MacBook-Pro.local" time="5.472">
  <properties/>
  <testcase name="checkCorsNewsFeedNegativeStatusCode()" classname="tests.NegativeStatusCodeTests" time="3.721">
    <failure message="java.lang.AssertionError: 1 expectation failed.&#10;Expected status code &lt;400&gt; but was &lt;200&gt;.&#10;" type="java.lang.AssertionError">java.lang.AssertionError: 1 expectation failed.
Expected status code &lt;400&gt; but was &lt;200&gt;.

	at java.base/jdk.internal.reflect.DirectConstructorHandleAccessor.newInstance(DirectConstructorHandleAccessor.java:67)
	at java.base/java.lang.reflect.Constructor.newInstanceWithCaller(Constructor.java:499)
	at java.base/java.lang.reflect.Constructor.newInstance(Constructor.java:483)
	at org.codehaus.groovy.reflection.CachedConstructor.invoke(CachedConstructor.java:73)
	at org.codehaus.groovy.runtime.callsite.ConstructorSite$ConstructorSiteNoUnwrapNoCoerce.callConstructor(ConstructorSite.java:108)
	at org.codehaus.groovy.runtime.callsite.CallSiteArray.defaultCallConstructor(CallSiteArray.java:57)
	at org.codehaus.groovy.runtime.callsite.AbstractCallSite.callConstructor(AbstractCallSite.java:263)
	at org.codehaus.groovy.runtime.callsite.AbstractCallSite.callConstructor(AbstractCallSite.java:277)
	at io.restassured.internal.ResponseSpecificationImpl$HamcrestAssertionClosure.validate(ResponseSpecificationImpl.groovy:512)
	at io.restassured.internal.ResponseSpecificationImpl$HamcrestAssertionClosure$validate$1.call(Unknown Source)
	at org.codehaus.groovy.runtime.callsite.CallSiteArray.defaultCall(CallSiteArray.java:45)
	at org.codehaus.groovy.runtime.callsite.AbstractCallSite.call(AbstractCallSite.java:125)
	at org.codehaus.groovy.runtime.callsite.AbstractCallSite.call(AbstractCallSite.java:139)
	at io.restassured.internal.ResponseSpecificationImpl.validateResponseIfRequired(ResponseSpecificationImpl.groovy:696)
	at io.restassured.internal.ResponseSpecificationImpl.this$2$validateResponseIfRequired(ResponseSpecificationImpl.groovy)
	at java.base/jdk.internal.reflect.DirectMethodHandleAccessor.invoke(DirectMethodHandleAccessor.java:104)
	at java.base/java.lang.reflect.Method.invoke(Method.java:577)
	at org.codehaus.groovy.runtime.callsite.PlainObjectMetaMethodSite.doInvoke(PlainObjectMetaMethodSite.java:43)
	at org.codehaus.groovy.runtime.callsite.PogoMetaMethodSite$PogoCachedMethodSiteNoUnwrapNoCoerce.invoke(PogoMetaMethodSite.java:198)
	at org.codehaus.groovy.runtime.callsite.PogoMetaMethodSite.callCurrent(PogoMetaMethodSite.java:62)
	at org.codehaus.groovy.runtime.callsite.CallSiteArray.defaultCallCurrent(CallSiteArray.java:49)
	at org.codehaus.groovy.runtime.callsite.AbstractCallSite.callCurrent(AbstractCallSite.java:171)
	at org.codehaus.groovy.runtime.callsite.AbstractCallSite.callCurrent(AbstractCallSite.java:185)
	at io.restassured.internal.ResponseSpecificationImpl.statusCode(ResponseSpecificationImpl.groovy:135)
	at io.restassured.specification.ResponseSpecification$statusCode$0.callCurrent(Unknown Source)
	at org.codehaus.groovy.runtime.callsite.CallSiteArray.defaultCallCurrent(CallSiteArray.java:49)
	at org.codehaus.groovy.runtime.callsite.AbstractCallSite.callCurrent(AbstractCallSite.java:171)
	at org.codehaus.groovy.runtime.callsite.AbstractCallSite.callCurrent(AbstractCallSite.java:185)
	at io.restassured.internal.ResponseSpecificationImpl.statusCode(ResponseSpecificationImpl.groovy:143)
	at io.restassured.internal.ValidatableResponseOptionsImpl.statusCode(ValidatableResponseOptionsImpl.java:89)
	at tests.NegativeStatusCodeTests.checkCorsNewsFeedNegativeStatusCode(NegativeStatusCodeTests.java:17)
	at java.base/jdk.internal.reflect.DirectMethodHandleAccessor.invoke(DirectMethodHandleAccessor.java:104)
	at java.base/java.lang.reflect.Method.invoke(Method.java:577)
	at org.junit.platform.commons.util.ReflectionUtils.invokeMethod(ReflectionUtils.java:727)
	at org.junit.jupiter.engine.execution.MethodInvocation.proceed(MethodInvocation.java:60)
	at org.junit.jupiter.engine.execution.InvocationInterceptorChain$ValidatingInvocation.proceed(InvocationInterceptorChain.java:131)
	at org.junit.jupiter.api.extension.InvocationInterceptor.interceptTestMethod(InvocationInterceptor.java:118)
	at org.junit.jupiter.engine.execution.InterceptingExecutableInvoker$ReflectiveInterceptorCall.lambda$ofVoidMethod$0(InterceptingExecutableInvoker.java:103)
	at org.junit.jupiter.engine.execution.InterceptingExecutableInvoker.lambda$invoke$0(InterceptingExecutableInvoker.java:93)
	at org.junit.jupiter.engine.execution.InvocationInterceptorChain$InterceptedInvocation.proceed(InvocationInterceptorChain.java:106)
	at org.junit.jupiter.engine.extension.TimeoutExtension.intercept(TimeoutExtension.java:156)
	at org.junit.jupiter.engine.extension.TimeoutExtension.interceptTestableMethod(TimeoutExtension.java:147)
	at org.junit.jupiter.engine.extension.TimeoutExtension.interceptTestMethod(TimeoutExtension.java:86)
	at org.junit.jupiter.engine.execution.InterceptingExecutableInvoker$ReflectiveInterceptorCall.lambda$ofVoidMethod$0(InterceptingExecutableInvoker.java:103)
	at org.junit.jupiter.engine.execution.InterceptingExecutableInvoker.lambda$invoke$0(InterceptingExecutableInvoker.java:93)
	at org.junit.jupiter.engine.execution.InvocationInterceptorChain$InterceptedInvocation.proceed(InvocationInterceptorChain.java:106)
	at org.junit.jupiter.engine.execution.InvocationInterceptorChain.proceed(InvocationInterceptorChain.java:64)
	at org.junit.jupiter.engine.execution.InvocationInterceptorChain.chainAndInvoke(InvocationInterceptorChain.java:45)
	at org.junit.jupiter.engine.execution.InvocationInterceptorChain.invoke(InvocationInterceptorChain.java:37)
	at org.junit.jupiter.engine.execution.InterceptingExecutableInvoker.invoke(InterceptingExecutableInvoker.java:92)
	at org.junit.jupiter.engine.execution.InterceptingExecutableInvoker.invoke(InterceptingExecutableInvoker.java:86)
	at org.junit.jupiter.engine.descriptor.TestMethodTestDescriptor.lambda$invokeTestMethod$7(TestMethodTestDescriptor.java:217)
	at org.junit.platform.engine.support.hierarchical.ThrowableCollector.execute(ThrowableCollector.java:73)
	at org.junit.jupiter.engine.descriptor.TestMethodTestDescriptor.invokeTestMethod(TestMethodTestDescriptor.java:213)
	at org.junit.jupiter.engine.descriptor.TestMethodTestDescriptor.execute(TestMethodTestDescriptor.java:138)
	at org.junit.jupiter.engine.descriptor.TestMethodTestDescriptor.execute(TestMethodTestDescriptor.java:68)
	at org.junit.platform.engine.support.hierarchical.NodeTestTask.lambda$executeRecursively$6(NodeTestTask.java:151)
	at org.junit.platform.engine.support.hierarchical.ThrowableCollector.execute(ThrowableCollector.java:73)
	at org.junit.platform.engine.support.hierarchical.NodeTestTask.lambda$executeRecursively$8(NodeTestTask.java:141)
	at org.junit.platform.engine.support.hierarchical.Node.around(Node.java:137)
	at org.junit.platform.engine.support.hierarchical.NodeTestTask.lambda$executeRecursively$9(NodeTestTask.java:139)
	at org.junit.platform.engine.support.hierarchical.ThrowableCollector.execute(ThrowableCollector.java:73)
	at org.junit.platform.engine.support.hierarchical.NodeTestTask.executeRecursively(NodeTestTask.java:138)
	at org.junit.platform.engine.support.hierarchical.NodeTestTask.execute(NodeTestTask.java:95)
	at java.base/java.util.ArrayList.forEach(ArrayList.java:1511)
	at org.junit.platform.engine.support.hierarchical.SameThreadHierarchicalTestExecutorService.invokeAll(SameThreadHierarchicalTestExecutorService.java:41)
	at org.junit.platform.engine.support.hierarchical.NodeTestTask.lambda$executeRecursively$6(NodeTestTask.java:155)
	at org.junit.platform.engine.support.hierarchical.ThrowableCollector.execute(ThrowableCollector.java:73)
	at org.junit.platform.engine.support.hierarchical.NodeTestTask.lambda$executeRecursively$8(NodeTestTask.java:141)
	at org.junit.platform.engine.support.hierarchical.Node.around(Node.java:137)
	at org.junit.platform.engine.support.hierarchical.NodeTestTask.lambda$executeRecursively$9(NodeTestTask.java:139)
	at org.junit.platform.engine.support.hierarchical.ThrowableCollector.execute(ThrowableCollector.java:73)
	at org.junit.platform.engine.support.hierarchical.NodeTestTask.executeRecursively(NodeTestTask.java:138)
	at org.junit.platform.engine.support.hierarchical.NodeTestTask.execute(NodeTestTask.java:95)
	at java.base/java.util.ArrayList.forEach(ArrayList.java:1511)
	at org.junit.platform.engine.support.hierarchical.SameThreadHierarchicalTestExecutorService.invokeAll(SameThreadHierarchicalTestExecutorService.java:41)
	at org.junit.platform.engine.support.hierarchical.NodeTestTask.lambda$executeRecursively$6(NodeTestTask.java:155)
	at org.junit.platform.engine.support.hierarchical.ThrowableCollector.execute(ThrowableCollector.java:73)
	at org.junit.platform.engine.support.hierarchical.NodeTestTask.lambda$executeRecursively$8(NodeTestTask.java:141)
	at org.junit.platform.engine.support.hierarchical.Node.around(Node.java:137)
	at org.junit.platform.engine.support.hierarchical.NodeTestTask.lambda$executeRecursively$9(NodeTestTask.java:139)
	at org.junit.platform.engine.support.hierarchical.ThrowableCollector.execute(ThrowableCollector.java:73)
	at org.junit.platform.engine.support.hierarchical.NodeTestTask.executeRecursively(NodeTestTask.java:138)
	at org.junit.platform.engine.support.hierarchical.NodeTestTask.execute(NodeTestTask.java:95)
	at org.junit.platform.engine.support.hierarchical.SameThreadHierarchicalTestExecutorService.submit(SameThreadHierarchicalTestExecutorService.java:35)
	at org.junit.platform.engine.support.hierarchical.HierarchicalTestExecutor.execute(HierarchicalTestExecutor.java:57)
	at org.junit.platform.engine.support.hierarchical.HierarchicalTestEngine.execute(HierarchicalTestEngine.java:54)
	at org.junit.platform.launcher.core.EngineExecutionOrchestrator.execute(EngineExecutionOrchestrator.java:147)
	at org.junit.platform.launcher.core.EngineExecutionOrchestrator.execute(EngineExecutionOrchestrator.java:127)
	at org.junit.platform.launcher.core.EngineExecutionOrchestrator.execute(EngineExecutionOrchestrator.java:90)
	at org.junit.platform.launcher.core.EngineExecutionOrchestrator.lambda$execute$0(EngineExecutionOrchestrator.java:55)
	at org.junit.platform.launcher.core.EngineExecutionOrchestrator.withInterceptedStreams(EngineExecutionOrchestrator.java:102)
	at org.junit.platform.launcher.core.EngineExecutionOrchestrator.execute(EngineExecutionOrchestrator.java:54)
	at org.junit.platform.launcher.core.DefaultLauncher.execute(DefaultLauncher.java:114)
	at org.junit.platform.launcher.core.DefaultLauncher.execute(DefaultLauncher.java:86)
	at org.junit.platform.launcher.core.DefaultLauncherSession$DelegatingLauncher.execute(DefaultLauncherSession.java:86)
	at org.gradle.api.internal.tasks.testing.junitplatform.JUnitPlatformTestClassProcessor$CollectAllTestClassesExecutor.processAllTestClasses(JUnitPlatformTestClassProcessor.java:119)
	at org.gradle.api.internal.tasks.testing.junitplatform.JUnitPlatformTestClassProcessor$CollectAllTestClassesExecutor.access$000(JUnitPlatformTestClassProcessor.java:94)
	at org.gradle.api.internal.tasks.testing.junitplatform.JUnitPlatformTestClassProcessor.stop(JUnitPlatformTestClassProcessor.java:89)
	at org.gradle.api.internal.tasks.testing.SuiteTestClassProcessor.stop(SuiteTestClassProcessor.java:62)
	at java.base/jdk.internal.reflect.DirectMethodHandleAccessor.invoke(DirectMethodHandleAccessor.java:104)
	at java.base/java.lang.reflect.Method.invoke(Method.java:577)
	at org.gradle.internal.dispatch.ReflectionDispatch.dispatch(ReflectionDispatch.java:36)
	at org.gradle.internal.dispatch.ReflectionDispatch.dispatch(ReflectionDispatch.java:24)
	at org.gradle.internal.dispatch.ContextClassLoaderDispatch.dispatch(ContextClassLoaderDispatch.java:33)
	at org.gradle.internal.dispatch.ProxyDispatchAdapter$DispatchingInvocationHandler.invoke(ProxyDispatchAdapter.java:94)
	at jdk.proxy1/jdk.proxy1.$Proxy2.stop(Unknown Source)
	at org.gradle.api.internal.tasks.testing.worker.TestWorker$3.run(TestWorker.java:193)
	at org.gradle.api.internal.tasks.testing.worker.TestWorker.executeAndMaintainThreadName(TestWorker.java:129)
	at org.gradle.api.internal.tasks.testing.worker.TestWorker.execute(TestWorker.java:100)
	at org.gradle.api.internal.tasks.testing.worker.TestWorker.execute(TestWorker.java:60)
	at org.gradle.process.internal.worker.child.ActionExecutionWorker.execute(ActionExecutionWorker.java:56)
	at org.gradle.process.internal.worker.child.SystemApplicationClassLoaderWorker.call(SystemApplicationClassLoaderWorker.java:113)
	at org.gradle.process.internal.worker.child.SystemApplicationClassLoaderWorker.call(SystemApplicationClassLoaderWorker.java:65)
	at worker.org.gradle.process.internal.worker.GradleWorkerMain.run(GradleWorkerMain.java:69)
	at worker.org.gradle.process.internal.worker.GradleWorkerMain.main(GradleWorkerMain.java:74)
</failure>
  </testcase>
  <testcase name="checkNewsFeedNegativeStatusCode()" classname="tests.NegativeStatusCodeTests" time="1.037">
    <failure message="java.lang.AssertionError: 1 expectation failed.&#10;Expected status code &lt;400&gt; but was &lt;200&gt;.&#10;" type="java.lang.AssertionError">java.lang.AssertionError: 1 expectation failed.
Expected status code &lt;400&gt; but was &lt;200&gt;.

	at java.base/jdk.internal.reflect.DirectConstructorHandleAccessor.newInstance(DirectConstructorHandleAccessor.java:67)
	at java.base/java.lang.reflect.Constructor.newInstanceWithCaller(Constructor.java:499)
	at java.base/java.lang.reflect.Constructor.newInstance(Constructor.java:483)
	at org.codehaus.groovy.reflection.CachedConstructor.invoke(CachedConstructor.java:73)
	at org.codehaus.groovy.runtime.callsite.ConstructorSite$ConstructorSiteNoUnwrapNoCoerce.callConstructor(ConstructorSite.java:108)
	at org.codehaus.groovy.runtime.callsite.AbstractCallSite.callConstructor(AbstractCallSite.java:277)
	at io.restassured.internal.ResponseSpecificationImpl$HamcrestAssertionClosure.validate(ResponseSpecificationImpl.groovy:512)
	at io.restassured.internal.ResponseSpecificationImpl$HamcrestAssertionClosure$validate$1.call(Unknown Source)
	at io.restassured.internal.ResponseSpecificationImpl.validateResponseIfRequired(ResponseSpecificationImpl.groovy:696)
	at io.restassured.internal.ResponseSpecificationImpl.this$2$validateResponseIfRequired(ResponseSpecificationImpl.groovy)
	at java.base/jdk.internal.reflect.DirectMethodHandleAccessor.invoke(DirectMethodHandleAccessor.java:104)
	at java.base/java.lang.reflect.Method.invoke(Method.java:577)
	at org.codehaus.groovy.runtime.callsite.PlainObjectMetaMethodSite.doInvoke(PlainObjectMetaMethodSite.java:43)
	at org.codehaus.groovy.runtime.callsite.PogoMetaMethodSite$PogoCachedMethodSiteNoUnwrapNoCoerce.invoke(PogoMetaMethodSite.java:198)
	at org.codehaus.groovy.runtime.callsite.PogoMetaMethodSite.callCurrent(PogoMetaMethodSite.java:62)
	at org.codehaus.groovy.runtime.callsite.AbstractCallSite.callCurrent(AbstractCallSite.java:185)
	at io.restassured.internal.ResponseSpecificationImpl.statusCode(ResponseSpecificationImpl.groovy:135)
	at io.restassured.specification.ResponseSpecification$statusCode$0.callCurrent(Unknown Source)
	at io.restassured.internal.ResponseSpecificationImpl.statusCode(ResponseSpecificationImpl.groovy:143)
	at io.restassured.internal.ValidatableResponseOptionsImpl.statusCode(ValidatableResponseOptionsImpl.java:89)
	at tests.NegativeStatusCodeTests.checkNewsFeedNegativeStatusCode(NegativeStatusCodeTests.java:41)
	at java.base/jdk.internal.reflect.DirectMethodHandleAccessor.invoke(DirectMethodHandleAccessor.java:104)
	at java.base/java.lang.reflect.Method.invoke(Method.java:577)
	at org.junit.platform.commons.util.ReflectionUtils.invokeMethod(ReflectionUtils.java:727)
	at org.junit.jupiter.engine.execution.MethodInvocation.proceed(MethodInvocation.java:60)
	at org.junit.jupiter.engine.execution.InvocationInterceptorChain$ValidatingInvocation.proceed(InvocationInterceptorChain.java:131)
	at org.junit.jupiter.api.extension.InvocationInterceptor.interceptTestMethod(InvocationInterceptor.java:118)
	at org.junit.jupiter.engine.execution.InterceptingExecutableInvoker$ReflectiveInterceptorCall.lambda$ofVoidMethod$0(InterceptingExecutableInvoker.java:103)
	at org.junit.jupiter.engine.execution.InterceptingExecutableInvoker.lambda$invoke$0(InterceptingExecutableInvoker.java:93)
	at org.junit.jupiter.engine.execution.InvocationInterceptorChain$InterceptedInvocation.proceed(InvocationInterceptorChain.java:106)
	at org.junit.jupiter.engine.extension.TimeoutExtension.intercept(TimeoutExtension.java:156)
	at org.junit.jupiter.engine.extension.TimeoutExtension.interceptTestableMethod(TimeoutExtension.java:147)
	at org.junit.jupiter.engine.extension.TimeoutExtension.interceptTestMethod(TimeoutExtension.java:86)
	at org.junit.jupiter.engine.execution.InterceptingExecutableInvoker$ReflectiveInterceptorCall.lambda$ofVoidMethod$0(InterceptingExecutableInvoker.java:103)
	at org.junit.jupiter.engine.execution.InterceptingExecutableInvoker.lambda$invoke$0(InterceptingExecutableInvoker.java:93)
	at org.junit.jupiter.engine.execution.InvocationInterceptorChain$InterceptedInvocation.proceed(InvocationInterceptorChain.java:106)
	at org.junit.jupiter.engine.execution.InvocationInterceptorChain.proceed(InvocationInterceptorChain.java:64)
	at org.junit.jupiter.engine.execution.InvocationInterceptorChain.chainAndInvoke(InvocationInterceptorChain.java:45)
	at org.junit.jupiter.engine.execution.InvocationInterceptorChain.invoke(InvocationInterceptorChain.java:37)
	at org.junit.jupiter.engine.execution.InterceptingExecutableInvoker.invoke(InterceptingExecutableInvoker.java:92)
	at org.junit.jupiter.engine.execution.InterceptingExecutableInvoker.invoke(InterceptingExecutableInvoker.java:86)
	at org.junit.jupiter.engine.descriptor.TestMethodTestDescriptor.lambda$invokeTestMethod$7(TestMethodTestDescriptor.java:217)
	at org.junit.platform.engine.support.hierarchical.ThrowableCollector.execute(ThrowableCollector.java:73)
	at org.junit.jupiter.engine.descriptor.TestMethodTestDescriptor.invokeTestMethod(TestMethodTestDescriptor.java:213)
	at org.junit.jupiter.engine.descriptor.TestMethodTestDescriptor.execute(TestMethodTestDescriptor.java:138)
	at org.junit.jupiter.engine.descriptor.TestMethodTestDescriptor.execute(TestMethodTestDescriptor.java:68)
	at org.junit.platform.engine.support.hierarchical.NodeTestTask.lambda$executeRecursively$6(NodeTestTask.java:151)
	at org.junit.platform.engine.support.hierarchical.ThrowableCollector.execute(ThrowableCollector.java:73)
	at org.junit.platform.engine.support.hierarchical.NodeTestTask.lambda$executeRecursively$8(NodeTestTask.java:141)
	at org.junit.platform.engine.support.hierarchical.Node.around(Node.java:137)
	at org.junit.platform.engine.support.hierarchical.NodeTestTask.lambda$executeRecursively$9(NodeTestTask.java:139)
	at org.junit.platform.engine.support.hierarchical.ThrowableCollector.execute(ThrowableCollector.java:73)
	at org.junit.platform.engine.support.hierarchical.NodeTestTask.executeRecursively(NodeTestTask.java:138)
	at org.junit.platform.engine.support.hierarchical.NodeTestTask.execute(NodeTestTask.java:95)
	at java.base/java.util.ArrayList.forEach(ArrayList.java:1511)
	at org.junit.platform.engine.support.hierarchical.SameThreadHierarchicalTestExecutorService.invokeAll(SameThreadHierarchicalTestExecutorService.java:41)
	at org.junit.platform.engine.support.hierarchical.NodeTestTask.lambda$executeRecursively$6(NodeTestTask.java:155)
	at org.junit.platform.engine.support.hierarchical.ThrowableCollector.execute(ThrowableCollector.java:73)
	at org.junit.platform.engine.support.hierarchical.NodeTestTask.lambda$executeRecursively$8(NodeTestTask.java:141)
	at org.junit.platform.engine.support.hierarchical.Node.around(Node.java:137)
	at org.junit.platform.engine.support.hierarchical.NodeTestTask.lambda$executeRecursively$9(NodeTestTask.java:139)
	at org.junit.platform.engine.support.hierarchical.ThrowableCollector.execute(ThrowableCollector.java:73)
	at org.junit.platform.engine.support.hierarchical.NodeTestTask.executeRecursively(NodeTestTask.java:138)
	at org.junit.platform.engine.support.hierarchical.NodeTestTask.execute(NodeTestTask.java:95)
	at java.base/java.util.ArrayList.forEach(ArrayList.java:1511)
	at org.junit.platform.engine.support.hierarchical.SameThreadHierarchicalTestExecutorService.invokeAll(SameThreadHierarchicalTestExecutorService.java:41)
	at org.junit.platform.engine.support.hierarchical.NodeTestTask.lambda$executeRecursively$6(NodeTestTask.java:155)
	at org.junit.platform.engine.support.hierarchical.ThrowableCollector.execute(ThrowableCollector.java:73)
	at org.junit.platform.engine.support.hierarchical.NodeTestTask.lambda$executeRecursively$8(NodeTestTask.java:141)
	at org.junit.platform.engine.support.hierarchical.Node.around(Node.java:137)
	at org.junit.platform.engine.support.hierarchical.NodeTestTask.lambda$executeRecursively$9(NodeTestTask.java:139)
	at org.junit.platform.engine.support.hierarchical.ThrowableCollector.execute(ThrowableCollector.java:73)
	at org.junit.platform.engine.support.hierarchical.NodeTestTask.executeRecursively(NodeTestTask.java:138)
	at org.junit.platform.engine.support.hierarchical.NodeTestTask.execute(NodeTestTask.java:95)
	at org.junit.platform.engine.support.hierarchical.SameThreadHierarchicalTestExecutorService.submit(SameThreadHierarchicalTestExecutorService.java:35)
	at org.junit.platform.engine.support.hierarchical.HierarchicalTestExecutor.execute(HierarchicalTestExecutor.java:57)
	at org.junit.platform.engine.support.hierarchical.HierarchicalTestEngine.execute(HierarchicalTestEngine.java:54)
	at org.junit.platform.launcher.core.EngineExecutionOrchestrator.execute(EngineExecutionOrchestrator.java:147)
	at org.junit.platform.launcher.core.EngineExecutionOrchestrator.execute(EngineExecutionOrchestrator.java:127)
	at org.junit.platform.launcher.core.EngineExecutionOrchestrator.execute(EngineExecutionOrchestrator.java:90)
	at org.junit.platform.launcher.core.EngineExecutionOrchestrator.lambda$execute$0(EngineExecutionOrchestrator.java:55)
	at org.junit.platform.launcher.core.EngineExecutionOrchestrator.withInterceptedStreams(EngineExecutionOrchestrator.java:102)
	at org.junit.platform.launcher.core.EngineExecutionOrchestrator.execute(EngineExecutionOrchestrator.java:54)
	at org.junit.platform.launcher.core.DefaultLauncher.execute(DefaultLauncher.java:114)
	at org.junit.platform.launcher.core.DefaultLauncher.execute(DefaultLauncher.java:86)
	at org.junit.platform.launcher.core.DefaultLauncherSession$DelegatingLauncher.execute(DefaultLauncherSession.java:86)
	at org.gradle.api.internal.tasks.testing.junitplatform.JUnitPlatformTestClassProcessor$CollectAllTestClassesExecutor.processAllTestClasses(JUnitPlatformTestClassProcessor.java:119)
	at org.gradle.api.internal.tasks.testing.junitplatform.JUnitPlatformTestClassProcessor$CollectAllTestClassesExecutor.access$000(JUnitPlatformTestClassProcessor.java:94)
	at org.gradle.api.internal.tasks.testing.junitplatform.JUnitPlatformTestClassProcessor.stop(JUnitPlatformTestClassProcessor.java:89)
	at org.gradle.api.internal.tasks.testing.SuiteTestClassProcessor.stop(SuiteTestClassProcessor.java:62)
	at java.base/jdk.internal.reflect.DirectMethodHandleAccessor.invoke(DirectMethodHandleAccessor.java:104)
	at java.base/java.lang.reflect.Method.invoke(Method.java:577)
	at org.gradle.internal.dispatch.ReflectionDispatch.dispatch(ReflectionDispatch.java:36)
	at org.gradle.internal.dispatch.ReflectionDispatch.dispatch(ReflectionDispatch.java:24)
	at org.gradle.internal.dispatch.ContextClassLoaderDispatch.dispatch(ContextClassLoaderDispatch.java:33)
	at org.gradle.internal.dispatch.ProxyDispatchAdapter$DispatchingInvocationHandler.invoke(ProxyDispatchAdapter.java:94)
	at jdk.proxy1/jdk.proxy1.$Proxy2.stop(Unknown Source)
	at org.gradle.api.internal.tasks.testing.worker.TestWorker$3.run(TestWorker.java:193)
	at org.gradle.api.internal.tasks.testing.worker.TestWorker.executeAndMaintainThreadName(TestWorker.java:129)
	at org.gradle.api.internal.tasks.testing.worker.TestWorker.execute(TestWorker.java:100)
	at org.gradle.api.internal.tasks.testing.worker.TestWorker.execute(TestWorker.java:60)
	at org.gradle.process.internal.worker.child.ActionExecutionWorker.execute(ActionExecutionWorker.java:56)
	at org.gradle.process.internal.worker.child.SystemApplicationClassLoaderWorker.call(SystemApplicationClassLoaderWorker.java:113)
	at org.gradle.process.internal.worker.child.SystemApplicationClassLoaderWorker.call(SystemApplicationClassLoaderWorker.java:65)
	at worker.org.gradle.process.internal.worker.GradleWorkerMain.run(GradleWorkerMain.java:69)
	at worker.org.gradle.process.internal.worker.GradleWorkerMain.main(GradleWorkerMain.java:74)
</failure>
  </testcase>
  <testcase name="checkCorsNewsSectionNamesNegativeStatusCode()" classname="tests.NegativeStatusCodeTests" time="0.708">
    <failure message="java.lang.AssertionError: 1 expectation failed.&#10;Expected status code &lt;400&gt; but was &lt;200&gt;.&#10;" type="java.lang.AssertionError">java.lang.AssertionError: 1 expectation failed.
Expected status code &lt;400&gt; but was &lt;200&gt;.

	at java.base/jdk.internal.reflect.DirectConstructorHandleAccessor.newInstance(DirectConstructorHandleAccessor.java:67)
	at java.base/java.lang.reflect.Constructor.newInstanceWithCaller(Constructor.java:499)
	at java.base/java.lang.reflect.Constructor.newInstance(Constructor.java:483)
	at org.codehaus.groovy.reflection.CachedConstructor.invoke(CachedConstructor.java:73)
	at org.codehaus.groovy.runtime.callsite.ConstructorSite$ConstructorSiteNoUnwrapNoCoerce.callConstructor(ConstructorSite.java:108)
	at org.codehaus.groovy.runtime.callsite.AbstractCallSite.callConstructor(AbstractCallSite.java:277)
	at io.restassured.internal.ResponseSpecificationImpl$HamcrestAssertionClosure.validate(ResponseSpecificationImpl.groovy:512)
	at io.restassured.internal.ResponseSpecificationImpl$HamcrestAssertionClosure$validate$1.call(Unknown Source)
	at io.restassured.internal.ResponseSpecificationImpl.validateResponseIfRequired(ResponseSpecificationImpl.groovy:696)
	at io.restassured.internal.ResponseSpecificationImpl.this$2$validateResponseIfRequired(ResponseSpecificationImpl.groovy)
	at java.base/jdk.internal.reflect.DirectMethodHandleAccessor.invoke(DirectMethodHandleAccessor.java:104)
	at java.base/java.lang.reflect.Method.invoke(Method.java:577)
	at org.codehaus.groovy.runtime.callsite.PlainObjectMetaMethodSite.doInvoke(PlainObjectMetaMethodSite.java:43)
	at org.codehaus.groovy.runtime.callsite.PogoMetaMethodSite$PogoCachedMethodSiteNoUnwrapNoCoerce.invoke(PogoMetaMethodSite.java:198)
	at org.codehaus.groovy.runtime.callsite.PogoMetaMethodSite.callCurrent(PogoMetaMethodSite.java:62)
	at org.codehaus.groovy.runtime.callsite.AbstractCallSite.callCurrent(AbstractCallSite.java:185)
	at io.restassured.internal.ResponseSpecificationImpl.statusCode(ResponseSpecificationImpl.groovy:135)
	at io.restassured.specification.ResponseSpecification$statusCode$0.callCurrent(Unknown Source)
	at io.restassured.internal.ResponseSpecificationImpl.statusCode(ResponseSpecificationImpl.groovy:143)
	at io.restassured.internal.ValidatableResponseOptionsImpl.statusCode(ValidatableResponseOptionsImpl.java:89)
	at tests.NegativeStatusCodeTests.checkCorsNewsSectionNamesNegativeStatusCode(NegativeStatusCodeTests.java:29)
	at java.base/jdk.internal.reflect.DirectMethodHandleAccessor.invoke(DirectMethodHandleAccessor.java:104)
	at java.base/java.lang.reflect.Method.invoke(Method.java:577)
	at org.junit.platform.commons.util.ReflectionUtils.invokeMethod(ReflectionUtils.java:727)
	at org.junit.jupiter.engine.execution.MethodInvocation.proceed(MethodInvocation.java:60)
	at org.junit.jupiter.engine.execution.InvocationInterceptorChain$ValidatingInvocation.proceed(InvocationInterceptorChain.java:131)
	at org.junit.jupiter.api.extension.InvocationInterceptor.interceptTestMethod(InvocationInterceptor.java:118)
	at org.junit.jupiter.engine.execution.InterceptingExecutableInvoker$ReflectiveInterceptorCall.lambda$ofVoidMethod$0(InterceptingExecutableInvoker.java:103)
	at org.junit.jupiter.engine.execution.InterceptingExecutableInvoker.lambda$invoke$0(InterceptingExecutableInvoker.java:93)
	at org.junit.jupiter.engine.execution.InvocationInterceptorChain$InterceptedInvocation.proceed(InvocationInterceptorChain.java:106)
	at org.junit.jupiter.engine.extension.TimeoutExtension.intercept(TimeoutExtension.java:156)
	at org.junit.jupiter.engine.extension.TimeoutExtension.interceptTestableMethod(TimeoutExtension.java:147)
	at org.junit.jupiter.engine.extension.TimeoutExtension.interceptTestMethod(TimeoutExtension.java:86)
	at org.junit.jupiter.engine.execution.InterceptingExecutableInvoker$ReflectiveInterceptorCall.lambda$ofVoidMethod$0(InterceptingExecutableInvoker.java:103)
	at org.junit.jupiter.engine.execution.InterceptingExecutableInvoker.lambda$invoke$0(InterceptingExecutableInvoker.java:93)
	at org.junit.jupiter.engine.execution.InvocationInterceptorChain$InterceptedInvocation.proceed(InvocationInterceptorChain.java:106)
	at org.junit.jupiter.engine.execution.InvocationInterceptorChain.proceed(InvocationInterceptorChain.java:64)
	at org.junit.jupiter.engine.execution.InvocationInterceptorChain.chainAndInvoke(InvocationInterceptorChain.java:45)
	at org.junit.jupiter.engine.execution.InvocationInterceptorChain.invoke(InvocationInterceptorChain.java:37)
	at org.junit.jupiter.engine.execution.InterceptingExecutableInvoker.invoke(InterceptingExecutableInvoker.java:92)
	at org.junit.jupiter.engine.execution.InterceptingExecutableInvoker.invoke(InterceptingExecutableInvoker.java:86)
	at org.junit.jupiter.engine.descriptor.TestMethodTestDescriptor.lambda$invokeTestMethod$7(TestMethodTestDescriptor.java:217)
	at org.junit.platform.engine.support.hierarchical.ThrowableCollector.execute(ThrowableCollector.java:73)
	at org.junit.jupiter.engine.descriptor.TestMethodTestDescriptor.invokeTestMethod(TestMethodTestDescriptor.java:213)
	at org.junit.jupiter.engine.descriptor.TestMethodTestDescriptor.execute(TestMethodTestDescriptor.java:138)
	at org.junit.jupiter.engine.descriptor.TestMethodTestDescriptor.execute(TestMethodTestDescriptor.java:68)
	at org.junit.platform.engine.support.hierarchical.NodeTestTask.lambda$executeRecursively$6(NodeTestTask.java:151)
	at org.junit.platform.engine.support.hierarchical.ThrowableCollector.execute(ThrowableCollector.java:73)
	at org.junit.platform.engine.support.hierarchical.NodeTestTask.lambda$executeRecursively$8(NodeTestTask.java:141)
	at org.junit.platform.engine.support.hierarchical.Node.around(Node.java:137)
	at org.junit.platform.engine.support.hierarchical.NodeTestTask.lambda$executeRecursively$9(NodeTestTask.java:139)
	at org.junit.platform.engine.support.hierarchical.ThrowableCollector.execute(ThrowableCollector.java:73)
	at org.junit.platform.engine.support.hierarchical.NodeTestTask.executeRecursively(NodeTestTask.java:138)
	at org.junit.platform.engine.support.hierarchical.NodeTestTask.execute(NodeTestTask.java:95)
	at java.base/java.util.ArrayList.forEach(ArrayList.java:1511)
	at org.junit.platform.engine.support.hierarchical.SameThreadHierarchicalTestExecutorService.invokeAll(SameThreadHierarchicalTestExecutorService.java:41)
	at org.junit.platform.engine.support.hierarchical.NodeTestTask.lambda$executeRecursively$6(NodeTestTask.java:155)
	at org.junit.platform.engine.support.hierarchical.ThrowableCollector.execute(ThrowableCollector.java:73)
	at org.junit.platform.engine.support.hierarchical.NodeTestTask.lambda$executeRecursively$8(NodeTestTask.java:141)
	at org.junit.platform.engine.support.hierarchical.Node.around(Node.java:137)
	at org.junit.platform.engine.support.hierarchical.NodeTestTask.lambda$executeRecursively$9(NodeTestTask.java:139)
	at org.junit.platform.engine.support.hierarchical.ThrowableCollector.execute(ThrowableCollector.java:73)
	at org.junit.platform.engine.support.hierarchical.NodeTestTask.executeRecursively(NodeTestTask.java:138)
	at org.junit.platform.engine.support.hierarchical.NodeTestTask.execute(NodeTestTask.java:95)
	at java.base/java.util.ArrayList.forEach(ArrayList.java:1511)
	at org.junit.platform.engine.support.hierarchical.SameThreadHierarchicalTestExecutorService.invokeAll(SameThreadHierarchicalTestExecutorService.java:41)
	at org.junit.platform.engine.support.hierarchical.NodeTestTask.lambda$executeRecursively$6(NodeTestTask.java:155)
	at org.junit.platform.engine.support.hierarchical.ThrowableCollector.execute(ThrowableCollector.java:73)
	at org.junit.platform.engine.support.hierarchical.NodeTestTask.lambda$executeRecursively$8(NodeTestTask.java:141)
	at org.junit.platform.engine.support.hierarchical.Node.around(Node.java:137)
	at org.junit.platform.engine.support.hierarchical.NodeTestTask.lambda$executeRecursively$9(NodeTestTask.java:139)
	at org.junit.platform.engine.support.hierarchical.ThrowableCollector.execute(ThrowableCollector.java:73)
	at org.junit.platform.engine.support.hierarchical.NodeTestTask.executeRecursively(NodeTestTask.java:138)
	at org.junit.platform.engine.support.hierarchical.NodeTestTask.execute(NodeTestTask.java:95)
	at org.junit.platform.engine.support.hierarchical.SameThreadHierarchicalTestExecutorService.submit(SameThreadHierarchicalTestExecutorService.java:35)
	at org.junit.platform.engine.support.hierarchical.HierarchicalTestExecutor.execute(HierarchicalTestExecutor.java:57)
	at org.junit.platform.engine.support.hierarchical.HierarchicalTestEngine.execute(HierarchicalTestEngine.java:54)
	at org.junit.platform.launcher.core.EngineExecutionOrchestrator.execute(EngineExecutionOrchestrator.java:147)
	at org.junit.platform.launcher.core.EngineExecutionOrchestrator.execute(EngineExecutionOrchestrator.java:127)
	at org.junit.platform.launcher.core.EngineExecutionOrchestrator.execute(EngineExecutionOrchestrator.java:90)
	at org.junit.platform.launcher.core.EngineExecutionOrchestrator.lambda$execute$0(EngineExecutionOrchestrator.java:55)
	at org.junit.platform.launcher.core.EngineExecutionOrchestrator.withInterceptedStreams(EngineExecutionOrchestrator.java:102)
	at org.junit.platform.launcher.core.EngineExecutionOrchestrator.execute(EngineExecutionOrchestrator.java:54)
	at org.junit.platform.launcher.core.DefaultLauncher.execute(DefaultLauncher.java:114)
	at org.junit.platform.launcher.core.DefaultLauncher.execute(DefaultLauncher.java:86)
	at org.junit.platform.launcher.core.DefaultLauncherSession$DelegatingLauncher.execute(DefaultLauncherSession.java:86)
	at org.gradle.api.internal.tasks.testing.junitplatform.JUnitPlatformTestClassProcessor$CollectAllTestClassesExecutor.processAllTestClasses(JUnitPlatformTestClassProcessor.java:119)
	at org.gradle.api.internal.tasks.testing.junitplatform.JUnitPlatformTestClassProcessor$CollectAllTestClassesExecutor.access$000(JUnitPlatformTestClassProcessor.java:94)
	at org.gradle.api.internal.tasks.testing.junitplatform.JUnitPlatformTestClassProcessor.stop(JUnitPlatformTestClassProcessor.java:89)
	at org.gradle.api.internal.tasks.testing.SuiteTestClassProcessor.stop(SuiteTestClassProcessor.java:62)
	at java.base/jdk.internal.reflect.DirectMethodHandleAccessor.invoke(DirectMethodHandleAccessor.java:104)
	at java.base/java.lang.reflect.Method.invoke(Method.java:577)
	at org.gradle.internal.dispatch.ReflectionDispatch.dispatch(ReflectionDispatch.java:36)
	at org.gradle.internal.dispatch.ReflectionDispatch.dispatch(ReflectionDispatch.java:24)
	at org.gradle.internal.dispatch.ContextClassLoaderDispatch.dispatch(ContextClassLoaderDispatch.java:33)
	at org.gradle.internal.dispatch.ProxyDispatchAdapter$DispatchingInvocationHandler.invoke(ProxyDispatchAdapter.java:94)
	at jdk.proxy1/jdk.proxy1.$Proxy2.stop(Unknown Source)
	at org.gradle.api.internal.tasks.testing.worker.TestWorker$3.run(TestWorker.java:193)
	at org.gradle.api.internal.tasks.testing.worker.TestWorker.executeAndMaintainThreadName(TestWorker.java:129)
	at org.gradle.api.internal.tasks.testing.worker.TestWorker.execute(TestWorker.java:100)
	at org.gradle.api.internal.tasks.testing.worker.TestWorker.execute(TestWorker.java:60)
	at org.gradle.process.internal.worker.child.ActionExecutionWorker.execute(ActionExecutionWorker.java:56)
	at org.gradle.process.internal.worker.child.SystemApplicationClassLoaderWorker.call(SystemApplicationClassLoaderWorker.java:113)
	at org.gradle.process.internal.worker.child.SystemApplicationClassLoaderWorker.call(SystemApplicationClassLoaderWorker.java:65)
	at worker.org.gradle.process.internal.worker.GradleWorkerMain.run(GradleWorkerMain.java:69)
	at worker.org.gradle.process.internal.worker.GradleWorkerMain.main(GradleWorkerMain.java:74)
</failure>
  </testcase>
  <system-out><![CDATA[Request URI:	https://ok.surf/api/v1/cors/news-feed
HTTP/1.1 200 OK
{
    "Business": [
        {
            "link": "https://news.google.com/articles/CBMid2h0dHBzOi8vd3d3LmZvcmV4bGl2ZS5jb20vY2VudHJhbGJhbmsvdGhpcy13ZWVrLWJyaW5ncy10aGUtbW9zdC1jcnVjaWFsLWNwaS1yZWFkaW5nLW9mLTIwMjQtYS1taW5pLXN1cGVyLWJvd2wtMjAyNDA1MTMv0gF7aHR0cHM6Ly93d3cuZm9yZXhsaXZlLmNvbS9jZW50cmFsYmFuay90aGlzLXdlZWstYnJpbmdzLXRoZS1tb3N0LWNydWNpYWwtY3BpLXJlYWRpbmctb2YtMjAyNC1hLW1pbmktc3VwZXItYm93bC0yMDI0MDUxMy9hbXAv?hl=en-US&gl=US&ceid=US%3Aen",
            "og": "https://encrypted-tbn3.gstatic.com/images?q=tbn:ANd9GcQZQkF5mzde8dvD1IwhGRd4sa0r_vtN6x4X2UhphIpn7o4diIbzwQ_RSabWgo0AguwKI2qCXPBuL7CqroXAWIwiY-vPJ3e9TORGI6Yj3BbrlBxTQw",
            "source": "ForexLive",
            "source_icon": "https://encrypted-tbn2.gstatic.com/faviconV2?url=https://www.forexlive.com&client=NEWS_360&size=96&type=FAVICON&fallback_opts=TYPE,SIZE,URL",
            "title": "This week brings the 'most crucial CPI reading of 2024', a 'mini Super Bowl'"
        },
        {
            "link": "https://news.google.com/articles/CBMiaGh0dHBzOi8vZmluYW5jZS55YWhvby5jb20vbmV3cy9iaWRlbnMtY29taW5nLW5ldy10YXJpZmZzLW9uLWNoaW5hLXJlZmxlY3QtbGVzc29ucy1sZWFybmVkLTEzMDExNDgwNy5odG1s0gEA?hl=en-US&gl=US&ceid=US%3Aen",
            "og": "https://encrypted-tbn2.gstatic.com/images?q=tbn:ANd9GcQJeAWSW0XhcpCQbNXYYJHfTQfQf5heWV3WOjy_Pq_ScBJ-eGNTOyuGD5k13EVHm29mEbFbPaPntK4tNn2e_-3iHpXYuUMOmGWhFA6q7CwHvk1a1w",
            "source": "Yahoo Finance",
            "source_icon": "https://encrypted-tbn1.gstatic.com/faviconV2?url=https://finance.yahoo.com&client=NEWS_360&size=96&type=FAVICON&fallback_opts=TYPE,SIZE,URL",
            "title": "Biden's coming new tariffs on China reflect 'lessons learned'"
        },
        {
            "link": "https://news.google.com/articles/CBMiWmh0dHBzOi8vYXBuZXdzLmNvbS9hcnRpY2xlL2NoaW5hLWJ5ZC1hdXRvLXNlYWd1bGwtYXV0by1ldi1jYWUyMGM5MjQzMmI3NGU5NWMyMzRkOTNlYzFkZjQwMNIBAA?hl=en-US&gl=US&ceid=US%3Aen",
            "og": "https://encrypted-tbn3.gstatic.com/images?q=tbn:ANd9GcQNa9n5CXtJKc1zPkuvTl4weGZ28I1_ty_4rMHB46MtAASc5lmjoLInMjSFeerVb3KULiaV_bBtUCerPXEnuwQO9VGam6z_0k-k6Kg3P5cMFfX2kw",
            "source": "The Associated Press",
            "source_icon": "https://encrypted-tbn2.gstatic.com/faviconV2?url=https://apnews.com&client=NEWS_360&size=96&type=FAVICON&fallback_opts=TYPE,SIZE,URL",
            "title": "Small, well-built Chinese EV called the Seagull poses a big threat to the US auto industry"
        },
        {
            "link": "https://news.google.com/articles/CBMiVmh0dHBzOi8vd3d3LnJldXRlcnMuY29tL3RlY2hub2xvZ3kvbWljcm9zb2Z0LWludmVzdC00LWJpbGxpb24tZXVyb3MtZnJhbmNlLTIwMjQtMDUtMTMv0gEA?hl=en-US&gl=US&ceid=US%3Aen",
            "og": "https://encrypted-tbn0.gstatic.com/images?q=tbn:ANd9GcRlne9dcFgRk7oTfihCoZ_s_W2qb6wGwmeqrP3T0XTX99qFRLA-HbrkSfV1OieL6uESImxkWIfqM8J9Z2OvcP2L2QeAPyggESy19KbLSnrASzg3vA",
            "source": "Reuters",
            "source_icon": "https://encrypted-tbn2.gstatic.com/faviconV2?url=https://www.reuters.com&client=NEWS_360&size=96&type=FAVICON&fallback_opts=TYPE,SIZE,URL",
            "title": "Microsoft to invest 4 billion euros in France"
        },
        {
            "link": "https://news.google.com/articles/CBMiO2h0dHBzOi8vOXRvNW1hYy5jb20vMjAyNC8wNS8xMi9hcHBsZS1zdG9yZS1zdHJpa2UtbWFyeWxhbmQv0gEA?hl=en-US&gl=US&ceid=US%3Aen",
            "og": "https://encrypted-tbn2.gstatic.com/images?q=tbn:ANd9GcTxhI0DdamldBa0mbrxtOLQhkJw6kPZxNz66o4Qdre_ClZ4itk4UCjvs5ijfyH3k717N_awa1idMh2N-aXXei-UnlY_OaxuD8gbyMhXWzZZmCdV2A",
            "source": "9to5Mac",
            "source_icon": "https://encrypted-tbn0.gstatic.com/faviconV2?url=https://9to5mac.com&client=NEWS_360&size=96&type=FAVICON&fallback_opts=TYPE,SIZE,URL",
            "title": "Apple Store workers in Maryland vote in favor of a strike over working conditions"
        },
        {
            "link": "https://news.google.com/articles/CBMidGh0dHBzOi8vd3d3LmFsLmNvbS9uZXdzL3R1c2NhbG9vc2EvMjAyNC8wNS91bmlvbi1tZW1iZXJzLXJhbGx5LXRvLXNob3ctc3VwcG9ydC1mb3ItYXV0by13b3JrZXJzLWJlZm9yZS11YXctdm90ZS5odG1s0gGDAWh0dHBzOi8vd3d3LmFsLmNvbS9uZXdzL3R1c2NhbG9vc2EvMjAyNC8wNS91bmlvbi1tZW1iZXJzLXJhbGx5LXRvLXNob3ctc3VwcG9ydC1mb3ItYXV0by13b3JrZXJzLWJlZm9yZS11YXctdm90ZS5odG1sP291dHB1dFR5cGU9YW1w?hl=en-US&gl=US&ceid=US%3Aen",
            "og": "https://encrypted-tbn3.gstatic.com/images?q=tbn:ANd9GcSs5KDHZ6_H_8ImSR0bq2U-e_Rwk-7l83fcAZmbp7pStc5OlcRraIdVQoM59kNBDuzThsrBe8CidTj3HuzVRF8pwXscK4H1OPLYIAM9CDbZks7oyQ",
            "source": "AL.com",
            "source_icon": "https://encrypted-tbn0.gstatic.com/faviconV2?url=https://www.al.com&client=NEWS_360&size=96&type=FAVICON&fallback_opts=TYPE,SIZE,URL",
            "title": "Union rallies before Alabama Mercedes UAW vote: ‘Wages, working conditions and benefits improve’"
        },
        {
            "link": "https://news.google.com/articles/CBMiowFodHRwczovL3d3dy5tYXJrZXR3YXRjaC5jb20vc3RvcnkvaW5mbGF0aW9uLW1vdmluZy1hLWJhYnktc3RlcC1pbi10aGUtcmlnaHQtZGlyZWN0aW9uLWhlcmVzLXdoYXQtd2FsbC1zdHJlZXQtZWNvbm9taXN0cy1leHBlY3QtZnJvbS10aGlzLXdlZWtzLWJpZy1yZXBvcnRzLTA3NTM0ZmE20gGnAWh0dHBzOi8vd3d3Lm1hcmtldHdhdGNoLmNvbS9hbXAvc3RvcnkvaW5mbGF0aW9uLW1vdmluZy1hLWJhYnktc3RlcC1pbi10aGUtcmlnaHQtZGlyZWN0aW9uLWhlcmVzLXdoYXQtd2FsbC1zdHJlZXQtZWNvbm9taXN0cy1leHBlY3QtZnJvbS10aGlzLXdlZWtzLWJpZy1yZXBvcnRzLTA3NTM0ZmE2?hl=en-US&gl=US&ceid=US%3Aen",
            "og": "https://encrypted-tbn2.gstatic.com/images?q=tbn:ANd9GcQGD9YSkx_TQe4xZZEzVZugq9WKeku0zsYR_aA-to1t4sFFptHAFV0TdOwwayK9A_LjQ12oFY-M_kPwiVZWLJO96At486Fg5dgZr8sYd9JlSNzfjA",
            "source": "MarketWatch",
            "source_icon": "https://encrypted-tbn1.gstatic.com/faviconV2?url=https://www.marketwatch.com&client=NEWS_360&size=96&type=FAVICON&fallback_opts=TYPE,SIZE,URL",
            "title": "Inflation moving ‘a baby step’ in right direction? Here’s what economists expect"
        },
        {
            "link": "https://news.google.com/articles/CBMiP2h0dHBzOi8vd3d3LmZ0LmNvbS9jb250ZW50L2NkMzkzNDMzLTYwODgtNDhmZi05ODFmLWVlNWViNTE2YTY0YtIBAA?hl=en-US&gl=US&ceid=US%3Aen",
            "og": "https://encrypted-tbn2.gstatic.com/images?q=tbn:ANd9GcR2MMOvrdpIHeuR4xOPLXQkwnmKqCHS0USIVbW275Ekm2BI5QBVaEpZVQfh8uYrjgh95qCArywR79sSCzMkpguunZQL2GHiaHW-8fyzoURxFnLvrQ",
            "source": "Financial Times",
            "source_icon": "https://encrypted-tbn2.gstatic.com/faviconV2?url=https://www.ft.com&client=NEWS_360&size=96&type=FAVICON&fallback_opts=TYPE,SIZE,URL",
            "title": "China fires starting gun on $140bn debt sale to boost economy"
        },
        {
            "link": "https://news.google.com/articles/CBMiRmh0dHBzOi8vd3d3LmNuYmMuY29tLzIwMjQvMDUvMTIvc3RvY2stbWFya2V0LW5ld3MtZm9yLW1heS0xMi0yMDI0Lmh0bWzSAUpodHRwczovL3d3dy5jbmJjLmNvbS9hbXAvMjAyNC8wNS8xMi9zdG9jay1tYXJrZXQtbmV3cy1mb3ItbWF5LTEyLTIwMjQuaHRtbA?hl=en-US&gl=US&ceid=US%3Aen",
            "og": "https://encrypted-tbn0.gstatic.com/images?q=tbn:ANd9GcQxexGqdhMr-UXMgb8rEk69p-dROxyy6bRmm9gfZ3PQ-32OIjkPghCWBPO62wuPJON6Ids0W2DjIpyos60j7kURF-0fVjaaL-aY0v27XM9rcaGVrQ",
            "source": "CNBC",
            "source_icon": "https://encrypted-tbn0.gstatic.com/faviconV2?url=https://www.cnbc.com&client=NEWS_360&size=96&type=FAVICON&fallback_opts=TYPE,SIZE,URL",
            "title": "Stock futures rise slightly after Dow's best week of the year, investors look toward inflation data: Live updates"
        },
        {
            "link": "https://news.google.com/articles/CBMiSGh0dHBzOi8vZmluYW5jZS55YWhvby5jb20vbmV3cy9vaWwtZWRnZXMtbG93ZXItaXJhcS1taXhlZC0wMDI1MDU3NDEuaHRtbNIBAA?hl=en-US&gl=US&ceid=US%3Aen",
            "og": "https://encrypted-tbn1.gstatic.com/images?q=tbn:ANd9GcTLKrXSvZMIRyCsiqTTkr5IaKlUylY9pkE44doGwS3Ib-3nQpuuU3zsyJrPCf12mZu_zHm1OQyL2xYypjmWVwxRXF9jV91Bm7TcQhaYF7LZDsc07Q",
            "source": "Yahoo Finance",
            "source_icon": "https://encrypted-tbn1.gstatic.com/faviconV2?url=https://finance.yahoo.com&client=NEWS_360&size=96&type=FAVICON&fallback_opts=TYPE,SIZE,URL",
            "title": "Oil Steadies as Traders Assess Outlook for China and OPEC+ Curbs"
        },
        {
            "link": "https://news.google.com/articles/CBMicGh0dHBzOi8vd3d3LnJldXRlcnMuY29tL21hcmtldHMvY29tbW9kaXRpZXMvb2lsLWV4dGVuZHMtZGVjbGluZS1zaWducy13ZWFrLWZ1ZWwtZGVtYW5kLXN0cm9uZy1kb2xsYXItMjAyNC0wNS0xMy_SAQA?hl=en-US&gl=US&ceid=US%3Aen",
            "og": "https://encrypted-tbn3.gstatic.com/images?q=tbn:ANd9GcSKwnCRoVkiJETfu5hNWlPZ3WuOgZDaIbIHOEDU7GP8ZGgV5PjKgxHBlPagkAC-idosBgbK-SFXZJWUBj0bUunRxzlefk0jLnOv_ROV",
            "source": "Reuters",
            "source_icon": "https://encrypted-tbn2.gstatic.com/faviconV2?url=https://www.reuters.com&client=NEWS_360&size=96&type=FAVICON&fallback_opts=TYPE,SIZE,URL",
            "title": "Oil slips on signs of weak fuel demand, strong dollar"
        },
        {
            "link": "https://news.google.com/articles/CBMiY2h0dHBzOi8vd3d3LmNuYmMuY29tLzIwMjQvMDUvMTMvc29mdGJhbmtzLWFybS10by1sYXVuY2gtYWktY2hpcHMtYnktMjAyNS1hbWlkLWV4cGxvc2l2ZS1kZW1hbmQuaHRtbNIBZ2h0dHBzOi8vd3d3LmNuYmMuY29tL2FtcC8yMDI0LzA1LzEzL3NvZnRiYW5rcy1hcm0tdG8tbGF1bmNoLWFpLWNoaXBzLWJ5LTIwMjUtYW1pZC1leHBsb3NpdmUtZGVtYW5kLmh0bWw?hl=en-US&gl=US&ceid=US%3Aen",
            "og": "https://encrypted-tbn2.gstatic.com/images?q=tbn:ANd9GcTnHtNRyWsBeEa_-pY_AD215DP4_vB_Gz5FH1rQuMvgLIlsRSl-6SdzlG9GqQWkNpfKo3o3Eui918RSSV3dFldltwfuBrTcoIEoNWRDDqdw9bKQnQ",
            "source": "CNBC",
            "source_icon": "https://encrypted-tbn0.gstatic.com/faviconV2?url=https://www.cnbc.com&client=NEWS_360&size=96&type=FAVICON&fallback_opts=TYPE,SIZE,URL",
            "title": "SoftBank's Arm to reportedly launch AI chips by 2025 to capture explosive demand"
        },
        {
            "link": "https://news.google.com/articles/CBMiXWh0dHBzOi8vd3d3LnZvYW5ld3MuY29tL2EvY2hpbmVzZS1jb21wYW5pZXMtd2luLWJpZHMtdG8tZXhwbG9yZS1pcmFxLWZvci1vaWwtZ2FzLzc2MDgxODYuaHRtbNIBX2h0dHBzOi8vd3d3LnZvYW5ld3MuY29tL2FtcC9jaGluZXNlLWNvbXBhbmllcy13aW4tYmlkcy10by1leHBsb3JlLWlyYXEtZm9yLW9pbC1nYXMvNzYwODE4Ni5odG1s?hl=en-US&gl=US&ceid=US%3Aen",
            "og": "https://encrypted-tbn3.gstatic.com/images?q=tbn:ANd9GcRIcgVRkokB3LFxmqlIZuJu7tuFVa5XfHSdEmzQsYAM9Vq2PH6JfRcTQklxdNZpuYYi65OfR5rW3Qxr1k3ZuUeBwjFnU7eG3dHjkoTgdtQ8ubVtsg",
            "source": "Voice of America - VOA News",
            "source_icon": "https://encrypted-tbn0.gstatic.com/faviconV2?url=https://www.voanews.com&client=NEWS_360&size=96&type=FAVICON&fallback_opts=TYPE,SIZE,URL",
            "title": "Chinese companies win bids to explore Iraq for oil, gas"
        },
        {
            "link": "https://news.google.com/articles/CBMiU2h0dHBzOi8vd3d3LmZveGJ1c2luZXNzLmNvbS9wb2xpdGljcy9jYWxpZm9ybmlhcy1zZWNyZXQtZ2FzLXRheC1oaWtlLWNvbWluZy1pbi0yMDI10gFXaHR0cHM6Ly93d3cuZm94YnVzaW5lc3MuY29tL3BvbGl0aWNzL2NhbGlmb3JuaWFzLXNlY3JldC1nYXMtdGF4LWhpa2UtY29taW5nLWluLTIwMjUuYW1w?hl=en-US&gl=US&ceid=US%3Aen",
            "og": "https://encrypted-tbn3.gstatic.com/images?q=tbn:ANd9GcRanjqcRkfgL4FdZ-9qmf-nChAv0eni9hGEYtL75lbELZ-2cgISEaqjKw_H0Tky6f3iziAVDzIQelkss8Dg6d0DxpE4TdaIzeNFXlVPPgYYwl6ebg",
            "source": "Fox Business",
            "source_icon": "https://encrypted-tbn1.gstatic.com/faviconV2?url=https://www.foxbusiness.com&client=NEWS_360&size=96&type=FAVICON&fallback_opts=TYPE,SIZE,URL",
            "title": "California's 'secret' 50-cent gas tax hike coming in the next two years"
        },
        {
            "link": "https://news.google.com/articles/CBMiXWh0dHBzOi8vd3d3LmR3LmNvbS9lbi9iZXJsaW4tdGVzbGEtYWN0aXZpc3RzLXNheS1jaXZpbC1kaXNvYmVkaWVuY2UtaXMtb25seS1vcHRpb24vYS02OTA1NDAwN9IBXWh0dHBzOi8vYW1wLmR3LmNvbS9lbi9iZXJsaW4tdGVzbGEtYWN0aXZpc3RzLXNheS1jaXZpbC1kaXNvYmVkaWVuY2UtaXMtb25seS1vcHRpb24vYS02OTA1NDAwNw?hl=en-US&gl=US&ceid=US%3Aen",
            "og": "https://encrypted-tbn3.gstatic.com/images?q=tbn:ANd9GcSxo2lDC-m1WXNINgftx1JPDbdT7pho0B__GuiT66rNfZ4c5p5FTuQG791oJDi0yW87SVK0DJocgbzwmUByyyVZfzc1k_Eb9Osv-Y1gj0c_vXrtYA",
            "source": "DW (English)",
            "source_icon": "https://encrypted-tbn1.gstatic.com/faviconV2?url=https://www.dw.com&client=NEWS_360&size=96&type=FAVICON&fallback_opts=TYPE,SIZE,URL",
            "title": "Berlin Tesla activists say civil disobedience is only option"
        },
        {
            "link": "https://news.google.com/articles/CBMiWmh0dHBzOi8vd3d3Lm5ld3Nlci5jb20vc3RvcnkvMzUwMjA0L2luLXRoaXMtY2F0aG9saWMtaG9zcGl0YWwtc3lzdGVtLXVudXN1YWwtYWN0aXZpdHkuaHRtbNIBAA?hl=en-US&gl=US&ceid=US%3Aen",
            "og": "https://encrypted-tbn2.gstatic.com/images?q=tbn:ANd9GcT9ThZWozdfyc65HI3_tVbMOJCqniRpETN9SMThqXZAOXvG9bx1yHK9y85-KFQknqYXLtpqY20xjUAGvc0-7t0CqnYFntM2hNIExl_C6ibe4BZDfQ",
            "source": "Newser",
            "source_icon": "https://encrypted-tbn2.gstatic.com/faviconV2?url=https://www.newser.com&client=NEWS_360&size=96&type=FAVICON&fallback_opts=TYPE,SIZE,URL",
            "title": "In This Catholic Hospital System, 'Unusual Activity'"
        },
        {
            "link": "https://news.google.com/articles/CBMidmh0dHBzOi8vd3d3LnJldXRlcnMuY29tL3dvcmxkL2luZGlhL2JlZm9yZS1nbG9iYWwtc2NydXRpbnktaW5kaWFuLXNwaWNlLW1ha2VyLW1kaC1mYWNlZC1tYW55LXVzLXJlamVjdGlvbnMtMjAyNC0wNS0xMi_SAQA?hl=en-US&gl=US&ceid=US%3Aen",
            "og": "https://encrypted-tbn2.gstatic.com/images?q=tbn:ANd9GcQaPNoaegJed2n7GfuHBhThiU9zUOrniWxyeczlnFqabqaLOdEEhVVbYPUPLc_a9V-JlvqvPQJRpf8kB0MOXiHkkezAPgH_OV4drbDnqX2UJGAOKQ",
            "source": "Reuters India",
            "source_icon": "https://encrypted-tbn2.gstatic.com/faviconV2?url=https://www.reuters.com&client=NEWS_360&size=96&type=FAVICON&fallback_opts=TYPE,SIZE,URL",
            "title": "Before global scrutiny, Indian spice maker MDH faced many US rejections"
        },
        {
            "link": "https://news.google.com/articles/CBMif2h0dHBzOi8vd3d3LmZvcmV4bGl2ZS5jb20vY2VudHJhbGJhbmsvamFwYW5zLWthdG8tc2F5cy1pdHMtbmF0dXJhbC10aGF0LW1vbmV0YXJ5LXBvbGljeS13aWxsLXJldmVydC10by1wb3NpdGl2ZS1yYXRlcy0yMDI0MDUxMy_SAYMBaHR0cHM6Ly93d3cuZm9yZXhsaXZlLmNvbS9jZW50cmFsYmFuay9qYXBhbnMta2F0by1zYXlzLWl0cy1uYXR1cmFsLXRoYXQtbW9uZXRhcnktcG9saWN5LXdpbGwtcmV2ZXJ0LXRvLXBvc2l0aXZlLXJhdGVzLTIwMjQwNTEzL2FtcC8?hl=en-US&gl=US&ceid=US%3Aen",
            "og": "https://encrypted-tbn1.gstatic.com/images?q=tbn:ANd9GcTx0eetfP4G8lpvcMuns5wigI0o-xP1_QBl5f60O2fPZRX3_-AmdopkGh2HTnYspzn7UFGYVr4Se1pxkaTlYE-0fRQ6IfJV3RnRVNS918nqOF8s2A",
            "source": "ForexLive",
            "source_icon": "https://encrypted-tbn2.gstatic.com/faviconV2?url=https://www.forexlive.com&client=NEWS_360&size=96&type=FAVICON&fallback_opts=TYPE,SIZE,URL",
            "title": "Japan's Kato says its natural that monetary policy will revert to positive interest rates"
        },
        {
            "link": "https://news.google.com/articles/CBMiPmh0dHBzOi8vd3d3LmNvbW1vbmRyZWFtcy5vcmcvbmV3cy90cnVtcC1qdWRnZS1jcmVkaXQtY2FyZC1mZWVz0gEA?hl=en-US&gl=US&ceid=US%3Aen",
            "og": "https://encrypted-tbn3.gstatic.com/images?q=tbn:ANd9GcRsgMAZbeHtB6V3Qcjz1yaWb5RQnxq2McyLQiZPPOBpQi0RvSekjKCHcNvCsLq70vCWUtEAGdPHjjKosr1YYDYQW0zwfPoTmwyCC4Da",
            "source": "Common Dreams",
            "source_icon": "https://encrypted-tbn2.gstatic.com/faviconV2?url=https://www.commondreams.org&client=NEWS_360&size=96&type=FAVICON&fallback_opts=TYPE,SIZE,URL",
            "title": "Trump-Appointed Judge Halts Biden Rule Capping Credit Card Fees"
        },
        {
            "link": "https://news.google.com/articles/CBMibWh0dHBzOi8vd3d3LnJldXRlcnMuY29tL21hcmtldHMvY29tbW9kaXRpZXMvaXJhcS1pcy1jb21taXR0ZWQtb3BlY3Mtb2lsLW91dHB1dC1jdXRzLW1pbmlzdGVyLXNheXMtMjAyNC0wNS0xMi_SAQA?hl=en-US&gl=US&ceid=US%3Aen",
            "og": "https://encrypted-tbn2.gstatic.com/images?q=tbn:ANd9GcRlHKf_4idXBLUoepsESCYjQKcLk8IGUMItD1N3UZInwqKGXdT3YQ3pmRbujrKHPNhwgqGW3BhqSBUtgeYH28Y4CcpYIRRs9PCwyGKt7q8iWZjsYg",
            "source": "Reuters",
            "source_icon": "https://encrypted-tbn2.gstatic.com/faviconV2?url=https://www.reuters.com&client=NEWS_360&size=96&type=FAVICON&fallback_opts=TYPE,SIZE,URL",
            "title": "Iraq is committed to OPEC's oil output cuts, minister says"
        },
        {
            "link": "https://news.google.com/articles/CBMidmh0dHBzOi8vd3d3LnBicy5vcmcvbmV3c2hvdXIvc2hvdy90aGUtY29zdHMtYW5kLXBpdGZhbGxzLW9mLWVhcm5lZC13YWdlLWFjY2Vzcy1hcHBzLXRoYXQtb2ZmZXItbG9hbnMtYmV0d2Vlbi1wYXljaGVja3PSAXpodHRwczovL3d3dy5wYnMub3JnL25ld3Nob3VyL2FtcC9zaG93L3RoZS1jb3N0cy1hbmQtcGl0ZmFsbHMtb2YtZWFybmVkLXdhZ2UtYWNjZXNzLWFwcHMtdGhhdC1vZmZlci1sb2Fucy1iZXR3ZWVuLXBheWNoZWNrcw?hl=en-US&gl=US&ceid=US%3Aen",
            "og": "https://encrypted-tbn3.gstatic.com/images?q=tbn:ANd9GcSZS_2mddvVboATAk77CZ7e3Z7d063iUW8OkH3Z5GDBWJs3SQjN6k7DxGnlCEzjWU40BjOcy5VxNOc0cWfAd7GfqM0QqG74FDciEJMEkMZFHHZPsg",
            "source": "PBS NewsHour",
            "source_icon": "https://encrypted-tbn1.gstatic.com/faviconV2?url=https://www.pbs.org&client=NEWS_360&size=96&type=FAVICON&fallback_opts=TYPE,SIZE,URL",
            "title": "The costs and pitfalls of 'earned wage access' apps that offer loans between paychecks"
        },
        {
            "link": "https://news.google.com/articles/CBMicWh0dHBzOi8vZm9ydHVuZS5jb20vMjAyNC8wNS8xMS9qaW0tc2ltb25zLXJlbmFpc3NhbmNlLXRlY2hub2xvZ2llcy1xdWFudC1pbnZlc3RpbmctbWFuYWdlbWVudC1sZWFkZXJzaGlwLWxlc3NvbnMv0gEA?hl=en-US&gl=US&ceid=US%3Aen",
            "og": "https://encrypted-tbn1.gstatic.com/images?q=tbn:ANd9GcTuJt7pi98mGunUFuXtfPCP9PhoKdrLZp3ymsBIVquF5tEBWxq81GlJLz2MHtut64Kuby7fCRuEJ7Ch4Gkl5DXwqLeLiP4nQcHmUuBYzNjDfjXSjw",
            "source": "Fortune",
            "source_icon": "https://encrypted-tbn3.gstatic.com/faviconV2?url=https://fortune.com&client=NEWS_360&size=96&type=FAVICON&fallback_opts=TYPE,SIZE,URL",
            "title": "Jim Simons was a math and investing genius, but also a management wiz. Here are some of his lessons on leadership"
        },
        {
            "link": "https://news.google.com/articles/CBMiaGh0dHBzOi8vd3d3LmJsb29tYmVyZy5jb20vbmV3cy9hcnRpY2xlcy8yMDI0LTA1LTEyL2hvbmcta29uZy1jaGluYS1zdG9ja3MtYXJlLXJhbGx5aW5nLXNob3VsZC15b3UtaW52ZXN00gEA?hl=en-US&gl=US&ceid=US%3Aen",
            "og": "https://encrypted-tbn1.gstatic.com/images?q=tbn:ANd9GcS_ei1zT4ZInKZ3jabNog4L1SJHHVCIcaeFUB2CXeW6Yyi42aCWe7KQFZ8hi5PghxF-Bk3RBTXD_X74oFHJN7YIwOov3_UUm67qtYWHftI8btC_iA",
            "source": "Bloomberg",
            "source_icon": "https://encrypted-tbn1.gstatic.com/faviconV2?url=https://www.bloomberg.com&client=NEWS_360&size=96&type=FAVICON&fallback_opts=TYPE,SIZE,URL",
            "title": "Hong Kong and China Stocks Are on a Tear. Should You Invest?"
        },
        {
            "link": "https://news.google.com/articles/CBMiUmh0dHBzOi8vd3d3LmF4aW9zLmNvbS8yMDI0LzA1LzEyL21vdGhlcnMtZGF5LXdvbWVuLWVtcGxveW1lbnQtcGFuZGVtaWMtcmVtb3RlLXdvcmvSAQA?hl=en-US&gl=US&ceid=US%3Aen",
            "og": "https://encrypted-tbn3.gstatic.com/images?q=tbn:ANd9GcSb4QWeY9bL4iDph2NU30B4LsWc4x9JK1bAs4qKSWhc0nV08HjYnXHDGZ59K03t9FRB2Rf2D3XjrP489CSGTb6qDQmiRo4uh3wXFNzSqD7Gki58RQ",
            "source": "Axios",
            "source_icon": "https://encrypted-tbn0.gstatic.com/faviconV2?url=https://www.axios.com&client=NEWS_360&size=96&type=FAVICON&fallback_opts=TYPE,SIZE,URL",
            "title": "Mother's Day surprise: More women with children are working than ever before"
        },
        {
            "link": "https://news.google.com/articles/CBMiLmh0dHBzOi8vd3d3LmJiYy5jb20vbmV3cy9hcnRpY2xlcy9jNG4xeWpsbDg3d2_SATJodHRwczovL3d3dy5iYmMuY29tL25ld3MvYXJ0aWNsZXMvYzRuMXlqbGw4N3dvLmFtcA?hl=en-US&gl=US&ceid=US%3Aen",
            "og": "https://encrypted-tbn2.gstatic.com/images?q=tbn:ANd9GcQCsGAo7nxd-giDKW0x6w0lJRv5Y-Ecbweft37ryXNdMIo7wJkeYKBkUU0mBP0nb24Hsmpi0pTjUi1bdJSNRpnYMYv671PqbY8SocDa",
            "source": "BBC.com",
            "source_icon": "https://encrypted-tbn2.gstatic.com/faviconV2?url=https://www.bbc.com&client=NEWS_360&size=96&type=FAVICON&fallback_opts=TYPE,SIZE,URL",
            "title": "Mortgages: More face payments during retirement, data suggests"
        },
        {
            "link": "https://news.google.com/articles/CBMiZWh0dHBzOi8vdmFyaWV0eS5jb20vMjAyNC90di9uZXdzL3VwZnJvbnRzLTIwMjQtbmV0ZmxpeC1uYmN1bml2ZXJzYWwtZGlzbmV5LWFtYXpvbi15b3V0dWJlLTEyMzU5OTk2MDMv0gFpaHR0cHM6Ly92YXJpZXR5LmNvbS8yMDI0L3R2L25ld3MvdXBmcm9udHMtMjAyNC1uZXRmbGl4LW5iY3VuaXZlcnNhbC1kaXNuZXktYW1hem9uLXlvdXR1YmUtMTIzNTk5OTYwMy9hbXAv?hl=en-US&gl=US&ceid=US%3Aen",
            "og": "https://encrypted-tbn0.gstatic.com/images?q=tbn:ANd9GcTmorQO8355qUPlyEGC7datGfm4CFDa5QVevRaSX9Iz2LukRRJtEOEeD-LW0b0vLMgS-unW0Fxh99WhgrdD06J6jdG1nvNax9XcIFY4SJru9jgUfA",
            "source": "Variety",
            "source_icon": "https://encrypted-tbn1.gstatic.com/faviconV2?url=https://variety.com&client=NEWS_360&size=96&type=FAVICON&fallback_opts=TYPE,SIZE,URL",
            "title": "Upfronts 2024: TV Insiders Ready to ‘Sprint’ and Schmooze Again After 2023’s Strike Disruption (FULL CALENDAR)"
        },
        {
            "link": "https://news.google.com/articles/CBMiTGh0dHBzOi8vd3d3LmtjcmEuY29tL2FydGljbGUvc2FjcmFtZW50by1uaWdodGNsdWItYW5ub3VuY2VzLWNsb3N1cmUvNjA3NzAyNzbSAQA?hl=en-US&gl=US&ceid=US%3Aen",
            "og": "https://encrypted-tbn2.gstatic.com/images?q=tbn:ANd9GcRoGptSAyeWtWB3yttMBMXYR3UntsRP0tbUnEg65ujLAvyHToqY3tYbkZedHMd-l-o",
            "source": "KCRA Sacramento",
            "source_icon": "https://encrypted-tbn3.gstatic.com/faviconV2?url=https://www.kcra.com&client=NEWS_360&size=96&type=FAVICON&fallback_opts=TYPE,SIZE,URL",
            "title": "The Park Ultra Lounge in Sacramento announces closure"
        },
        {
            "link": "https://news.google.com/articles/CBMidmh0dHBzOi8vd3d3LmJ1c2luZXNzaW5zaWRlci5jb20vYW1lcmljYW5zLWxvc2luZy1mYWl0aC1lY29ub215LWluZmxhdGlvbi11bml2ZXJzaXR5LW1pY2hpZ2FuLWNvbnN1bWVyLXNlbnRpbWVudC0yMDI0LTXSAXpodHRwczovL3d3dy5idXNpbmVzc2luc2lkZXIuY29tL2FtZXJpY2Fucy1sb3NpbmctZmFpdGgtZWNvbm9teS1pbmZsYXRpb24tdW5pdmVyc2l0eS1taWNoaWdhbi1jb25zdW1lci1zZW50aW1lbnQtMjAyNC01P2FtcA?hl=en-US&gl=US&ceid=US%3Aen",
            "og": "https://encrypted-tbn0.gstatic.com/images?q=tbn:ANd9GcSliCzpsYNLBQOdtHEfU9S8afjwPidjEje0JY9OHNHLFnFinAbPTPH8zCsQfjmivPccSsgRBJMSwo_-DM5r2vT0ekPGSUsZytYkdkmsfTb0QYnXLA",
            "source": "Business Insider",
            "source_icon": "https://encrypted-tbn3.gstatic.com/faviconV2?url=https://www.businessinsider.com&client=NEWS_360&size=96&type=FAVICON&fallback_opts=TYPE,SIZE,URL",
            "title": "Charts: Americans are losing faith in the US economy"
        },
        {
            "link": "https://news.google.com/articles/CBMiZGh0dHBzOi8vd3d3LnBjbWFnLmNvbS9uZXdzL3QtbW9iaWxlLXZlcml6b24tYW5kLWF0dC1yZXF1aXJlZC10by1wYXktMTAyLW1pbGxpb24tb3Zlci1mYWxzZS11bmxpbWl0ZWTSAQA?hl=en-US&gl=US&ceid=US%3Aen",
            "og": "https://encrypted-tbn2.gstatic.com/images?q=tbn:ANd9GcQNIIW7aobEr_5wj-LdiVdV9PpmHAuqJ8ZlJAu-l5_XsSxGHCMPwaUPCn2Fcm-ddSeqe3LoQloovnhbPuEUsNuL61tAbeSHCoVFrhgkXPY1tgBD1g",
            "source": "PCMag",
            "source_icon": "https://encrypted-tbn0.gstatic.com/faviconV2?url=https://www.pcmag.com&client=NEWS_360&size=96&type=FAVICON&fallback_opts=TYPE,SIZE,URL",
            "title": "T-Mobile, Verizon, and AT&T Fined $10.2 Million Over False 'Unlimited' Plan Claims"
        },
        {
            "link": "https://news.google.com/articles/CBMiX2h0dHBzOi8vd3d3LmluZGVwZW5kZW50LmNvLnVrL25ld3Mvd29ybGQvYW1lcmljYXMvbWNkb25hbGRzLWZpdmUtZG9sbGFyLW1lYWwtZGVhbC1iMjU0MzQxOC5odG1s0gEA?hl=en-US&gl=US&ceid=US%3Aen",
            "og": "https://encrypted-tbn2.gstatic.com/images?q=tbn:ANd9GcQwWkso9dduoJiSMhO6p-ucOLOETKeBwED5sWqD0OmC82bKEt1k0sXu-PcwNtIVPrZyuxr3dEhcpsjQCW0jYxonwNMPlJt5007FMXDkgTRz_-KVkw",
            "source": "The Independent",
            "source_icon": "https://encrypted-tbn1.gstatic.com/faviconV2?url=https://www.independent.co.uk&client=NEWS_360&size=96&type=FAVICON&fallback_opts=TYPE,SIZE,URL",
            "title": "McDonald's launches a $5 Meal Deal as inflation-weary consumers ditch fast-food"
        },
        {
            "link": "https://news.google.com/articles/CBMiQ2h0dHBzOi8vZnV0dXJpc20uY29tL3RoZS1ieXRlL3dvcmxkcy1sYXJnZXN0LXN1Y2stY2FyYm9uLWF0bW9zcGhlcmXSAQA?hl=en-US&gl=US&ceid=US%3Aen",
            "og": "https://encrypted-tbn0.gstatic.com/images?q=tbn:ANd9GcTVwq0PCqxszSWoFo6xmMqUZBpb_6zW76_eW-5kEqqSVVT10M39pbV33DUqfhSvEjs-k9hACKyvpLTEjgvT4ziqdcTSfcyk6Ye2yYBBxGSY_fAi6w",
            "source": "Futurism",
            "source_icon": "https://encrypted-tbn3.gstatic.com/faviconV2?url=https://futurism.com&client=NEWS_360&size=96&type=FAVICON&fallback_opts=TYPE,SIZE,URL",
            "title": "World's Largest Vacuum to Suck Carbon From Atmosphere Turns On for First Time"
        },
        {
            "link": "https://news.google.com/articles/CBMiZGh0dHBzOi8vdGhlY3J5cHRvYmFzaWMuY29tLzIwMjQvMDUvMTMvY3VycmVudC14cnAtY3ljbGUtbWF5LXNlZS1wcmljZXMtcmVhY2gtYXMtaGlnaC1hcy0yNTAtYW5hbHlzdC_SAQA?hl=en-US&gl=US&ceid=US%3Aen",
            "og": "https://encrypted-tbn1.gstatic.com/images?q=tbn:ANd9GcQt14FRH2BflRJUI8Ql9aZrMzCjQs0dyWR16av9qqBAnyvcTpnPWL1ujC_AitSrZ9U",
            "source": "The Crypto Basic",
            "source_icon": "https://encrypted-tbn1.gstatic.com/faviconV2?url=https://thecryptobasic.com&client=NEWS_360&size=96&type=FAVICON&fallback_opts=TYPE,SIZE,URL",
            "title": "Current XRP Cycle May See Prices Reach as High as $250: Analyst"
        },
        {
            "link": "https://news.google.com/articles/CBMiXWh0dHBzOi8vd3d3LmJ1c2luZXNzaW5zaWRlci5jb20vZWxvbi1tdXNrLWVuY3J5cHRlZC1tZXNzZW5nZXItYXBwLXdhcnMtdGVsZWdyYW0tc2lnbmFsLTIwMjQtNdIBYWh0dHBzOi8vd3d3LmJ1c2luZXNzaW5zaWRlci5jb20vZWxvbi1tdXNrLWVuY3J5cHRlZC1tZXNzZW5nZXItYXBwLXdhcnMtdGVsZWdyYW0tc2lnbmFsLTIwMjQtNT9hbXA?hl=en-US&gl=US&ceid=US%3Aen",
            "og": "https://encrypted-tbn2.gstatic.com/images?q=tbn:ANd9GcR6z7p-JR--CxYTecrD7_4ked9PKt4tjUEGoVYa6vRfvuRYTnt-0DlF_Qw8lXizUShviFBSnAONQ_5KOrnQJgYFrG2zOX-dLF0ECnnRQAdh6F07vw",
            "source": "Business Insider",
            "source_icon": "https://encrypted-tbn3.gstatic.com/faviconV2?url=https://www.businessinsider.com&client=NEWS_360&size=96&type=FAVICON&fallback_opts=TYPE,SIZE,URL",
            "title": "Elon Musk weighs in on the encryption wars between Telegram and Signal"
        },
        {
            "link": "https://news.google.com/articles/CBMicmh0dHBzOi8vd3d3LnJldXRlcnMuY29tL3dvcmxkL2FzaWEtcGFjaWZpYy9laWdodC1tb3JlLWNoaW5lc2UtY2l0aWVzLWpvaW4taG9uZy1rb25nLXNvbG8tdHJhdmVsLXNjaGVtZS0yMDI0LTA1LTExL9IBAA?hl=en-US&gl=US&ceid=US%3Aen",
            "og": "https://encrypted-tbn3.gstatic.com/images?q=tbn:ANd9GcQmxwKyUO_hNxqSTeg4sL0Hc7xLeS1Jwr1ipeOQAeChF1LbP-WltcjL-EZ3Wr1bNrhiVfOlW4tJxzBkyPkyKo0DjGnru66CWz3w1E3ZeljWY8cygw",
            "source": "Reuters",
            "source_icon": "https://encrypted-tbn2.gstatic.com/faviconV2?url=https://www.reuters.com&client=NEWS_360&size=96&type=FAVICON&fallback_opts=TYPE,SIZE,URL",
            "title": "Eight more Chinese cities join Hong Kong solo travel scheme"
        },
        {
            "link": "https://news.google.com/articles/CBMiUmh0dHBzOi8vd3d3LmNuYmMuY29tLzIwMjQvMDUvMTEvbW90aGVycy1kYXktZm9vZC1mcmVlYmllcy1kaXNjb3VudHMtYW5kLWRlYWxzLmh0bWzSAVZodHRwczovL3d3dy5jbmJjLmNvbS9hbXAvMjAyNC8wNS8xMS9tb3RoZXJzLWRheS1mb29kLWZyZWViaWVzLWRpc2NvdW50cy1hbmQtZGVhbHMuaHRtbA?hl=en-US&gl=US&ceid=US%3Aen",
            "og": "https://encrypted-tbn0.gstatic.com/images?q=tbn:ANd9GcSwrsWCszKRjHDyc3mkntmiWp_RehPpNhMdakxOt1RkA7-O6sQFeIJeGAF06qEY_7wV5GUCZx43sTLFwcev3YfvWfNhgk3xr_oFlsholx--WFo5Sg",
            "source": "CNBC",
            "source_icon": "https://encrypted-tbn0.gstatic.com/faviconV2?url=https://www.cnbc.com&client=NEWS_360&size=96&type=FAVICON&fallback_opts=TYPE,SIZE,URL",
            "title": "From Burger King to Panda Express, 7 places you can get Mother’s Day freebies and discounts this weekend"
        },
        {
            "link": "https://news.google.com/articles/CBMiQGh0dHBzOi8vcGF5bWVudHdlZWsuY29tLzE0MDAtc3RpbXVsdXMtY2hlY2tzLWNvbWluZy1vbi10aGlzLWRheS_SAQA?hl=en-US&gl=US&ceid=US%3Aen",
            "og": "https://encrypted-tbn2.gstatic.com/images?q=tbn:ANd9GcQa7MiB8NjRfGQ5f_kmZ2JX4dB5UluspicKDAqBzEu3gwib25G_-PRvV7nFAUf2mgjv1HmXdIQZabVxRGLLFsetsnpYstY7z2V8wMClnFrnL6npOw",
            "source": "Payment Week",
            "source_icon": "https://encrypted-tbn1.gstatic.com/faviconV2?url=https://paymentweek.com&client=NEWS_360&size=96&type=FAVICON&fallback_opts=TYPE,SIZE,URL",
            "title": "$1400 Stimulus Checks Coming on this Day: Who is Eligible & Know USD 1400 Payment Date"
        },
        {
            "link": "https://news.google.com/articles/CBMicmh0dHBzOi8vd3d3LmJsb29tYmVyZy5jb20vbmV3cy9hcnRpY2xlcy8yMDI0LTA1LTEyL2NoaW5hLXRvLW51cnR1cmUtc3RvY2stcmFsbHktYnktbWFza2luZy1saXZlLWZvcmVpZ24tZmxvd3MtZGF0YdIBAA?hl=en-US&gl=US&ceid=US%3Aen",
            "og": "https://encrypted-tbn0.gstatic.com/images?q=tbn:ANd9GcSJMENBkhkx37WoD1DUp2R-55B_hMz7TwN94l2KpmTnTqCSNcD_xWMjlgkxtq6UeRqboZuzP3LwaPuMEdA1egjeEoVNxXhD6KuGXVFS7-h1crZi_Q",
            "source": "Bloomberg",
            "source_icon": "https://encrypted-tbn1.gstatic.com/faviconV2?url=https://www.bloomberg.com&client=NEWS_360&size=96&type=FAVICON&fallback_opts=TYPE,SIZE,URL",
            "title": "China to Nurture Stock Rally by Masking Live Foreign Flows Data"
        },
        {
            "link": "https://news.google.com/articles/CBMibmh0dHBzOi8vdGVjaGNydW5jaC5jb20vMjAyNC8wNS8xMS90ZXNsYXMtcHJvZml0YWJsZS1zdXBlcmNoYXJnZXItbmV0d29yay1pbi1saW1iby1hZnRlci1tdXNrLWF4ZWQtZW50aXJlLXRlYW0v0gEA?hl=en-US&gl=US&ceid=US%3Aen",
            "og": "https://encrypted-tbn0.gstatic.com/images?q=tbn:ANd9GcSODgWi6NHgYvBGkGyQ3euH8gjFmEPZw-SNe5mr5PODY7Zqf4fftEOizM6lSJ9dD4RVTN1aPxAW31nMbkfNGo4x2PTKhnD26xi2pk8lCmZyFLdUbg",
            "source": "TechCrunch",
            "source_icon": "https://encrypted-tbn1.gstatic.com/faviconV2?url=https://techcrunch.com&client=NEWS_360&size=96&type=FAVICON&fallback_opts=TYPE,SIZE,URL",
            "title": "Tesla’s profitable Supercharger network is in limbo after Musk axed the entire team"
        },
        {
            "link": "https://news.google.com/articles/CBMiaWh0dHBzOi8vc2Vla2luZ2FscGhhLmNvbS9hcnRpY2xlLzQ2OTI0NDMtNS1kaXZpZGVuZC1zdG9ja3MtdG8tYnVpbGQtYS1wb3J0Zm9saW8tZm9yLWNvbnNlcnZhdGl2ZS1yZXRpcmVlc9IBAA?hl=en-US&gl=US&ceid=US%3Aen",
            "og": "https://encrypted-tbn3.gstatic.com/images?q=tbn:ANd9GcRwwockgpPBOiLo03YVy1k7fJojw_mE7COqFbgobfKPFkD_XQzRlO8xw8KPa8QRFJRf5voyqhGtjQ3MM6wZvSkAlprSQ0_bU2dXOHugH7Oj_MP7Gg",
            "source": "Seeking Alpha",
            "source_icon": "https://encrypted-tbn3.gstatic.com/faviconV2?url=https://seekingalpha.com&client=NEWS_360&size=96&type=FAVICON&fallback_opts=TYPE,SIZE,URL",
            "title": "5 Dividend Stocks To Build A Portfolio For Conservative Retirees"
        },
        {
            "link": "https://news.google.com/articles/CBMiUGh0dHBzOi8vY25ldnBvc3QuY29tLzIwMjQvMDUvMTEvYXV0b21ha2VyLXNoYXJlLW9mLWNoaW5hLW5ldi1tYXJrZXQtaW4tYXByLTIwMjQv0gEA?hl=en-US&gl=US&ceid=US%3Aen",
            "og": "https://encrypted-tbn1.gstatic.com/images?q=tbn:ANd9GcRuEY85WDR4TNPWG379u--2FXgDXJI40zikJF1angczSd-VguXb2RVXRHF9kSgxgtBKf1d_1kWA1o36GOtTGTYa0D3Cw6BNDNSzwI0BvhUL-JW1MA",
            "source": "CnEVPost",
            "source_icon": "https://encrypted-tbn2.gstatic.com/faviconV2?url=https://cnevpost.com&client=NEWS_360&size=96&type=FAVICON&fallback_opts=TYPE,SIZE,URL",
            "title": "Automakers' share of China NEV market in Apr: BYD tops with 37.5%, Tesla 5th with 4.6%"
        },
        {
            "link": "https://news.google.com/articles/CBMiV2h0dHBzOi8vd3d3LmF4aW9zLmNvbS8yMDI0LzA1LzEzL2Vhcmx5LXJldGlyZW1lbnQtaG93LXJlYWxpc3RpYy1zdG9jay1tYXJrZXQtaW52ZXN0bWVudNIBAA?hl=en-US&gl=US&ceid=US%3Aen",
            "og": "https://encrypted-tbn2.gstatic.com/images?q=tbn:ANd9GcRg-JFAbtayoo98ZuyenVwv3IKE5RXmhriRptDTm4eMf8UzPolrTB3SiwwIVSqUOJs6QPKRZWmOM3a1mnwQZOzdkOi_-HaibX64zldSEq5ZP3wGEA",
            "source": "Axios",
            "source_icon": "https://encrypted-tbn0.gstatic.com/faviconV2?url=https://www.axios.com&client=NEWS_360&size=96&type=FAVICON&fallback_opts=TYPE,SIZE,URL",
            "title": "How early retirement became realistic after stock market booms"
        },
        {
            "link": "https://news.google.com/articles/CBMiP2h0dHBzOi8vd3d3LmZ0LmNvbS9jb250ZW50L2M3MzhlMjZjLWNlNWItNDA5Yy04NmIyLTM5MzM2Zjg5M2RkY9IBAA?hl=en-US&gl=US&ceid=US%3Aen",
            "og": "https://encrypted-tbn2.gstatic.com/images?q=tbn:ANd9GcSLgKS6sXPzmXvEgJGkrXOHJRQ7y82f5_84zbkJKfSkYbmQ-8NhipzFcHedBBit45_bPvIq4hmD68ZC07ljHRqILow5SsN9zQOJ3HGaSMEs9d0Biw",
            "source": "Financial Times",
            "source_icon": "https://encrypted-tbn2.gstatic.com/faviconV2?url=https://www.ft.com&client=NEWS_360&size=96&type=FAVICON&fallback_opts=TYPE,SIZE,URL",
            "title": "China's EV sector to test offshore markets after Zeekr's strong US IPO"
        },
        {
            "link": "https://news.google.com/articles/CBMiTmh0dHBzOi8vZmluYW5jZS55YWhvby5jb20vbmV3cy9hcHBsZS1qdXN0LWFubm91bmNlZC0xMTAtYmlsbGlvbi0yMzA5MDA5MTIuaHRtbNIBAA?hl=en-US&gl=US&ceid=US%3Aen",
            "og": "https://encrypted-tbn1.gstatic.com/images?q=tbn:ANd9GcSw9A3qBkqMI4gFwvZYcTKQB5WH1Epu_VAggNwWyN_UMSZzIx69wwo_VhpI34qRL9jPJwAvuCLnJMqb5M5_VgeIeRET179noOv4mSaEj-zMGZL5vA",
            "source": "Yahoo Finance",
            "source_icon": "https://encrypted-tbn1.gstatic.com/faviconV2?url=https://finance.yahoo.com&client=NEWS_360&size=96&type=FAVICON&fallback_opts=TYPE,SIZE,URL",
            "title": "Apple Just Announced a $110 Billion Stock Buyback. Here's Why I Still Wouldn't Buy the Stock."
        },
        {
            "link": "https://news.google.com/articles/CBMiNmh0dHBzOi8vcGF5bWVudHdlZWsuY29tLzQ1MDAtc29jaWFsLXNlY3VyaXR5LXBheW1lbnRzL9IBAA?hl=en-US&gl=US&ceid=US%3Aen",
            "og": "https://encrypted-tbn3.gstatic.com/images?q=tbn:ANd9GcSq12KyTa08wH8tW7sevJLNY12vZdJleeqxeMw0aj5qkf1DDc4XbhURIAjbf3JD0mh2hwAfC4I2xlOfrhAIuwN1uOTONdRvo_DvidV8rEURB8qt7Q",
            "source": "Payment Week",
            "source_icon": "https://encrypted-tbn1.gstatic.com/faviconV2?url=https://paymentweek.com&client=NEWS_360&size=96&type=FAVICON&fallback_opts=TYPE,SIZE,URL",
            "title": "$4500 Social Security Payments 2024: Who is Eligible and When Will You Get this Deposit?"
        },
        {
            "link": "https://news.google.com/articles/CBMicmh0dHBzOi8vd3d3LmJsb29tYmVyZy5jb20vbmV3cy9mZWF0dXJlcy8yMDI0LTA1LTEyL2NoaXAtdGVjaG5vbG9neS1zcGVuZGluZy1nZXRzLTgxLWJpbGxpb24tYm9vc3QtaW4tY2hpbmEtcml2YWxyedIBAA?hl=en-US&gl=US&ceid=US%3Aen",
            "og": "https://encrypted-tbn2.gstatic.com/images?q=tbn:ANd9GcRqDLe-SsN4fvMwb224ptfK4HOCSIkMw9GN3v9Me3ceX7ca7v0wYDjl1tH_ZqVKpqbqZRqR_p185zep5FsE-5RylTrrGzv2QmaOXPfFQhycMKZd-w",
            "source": "Bloomberg",
            "source_icon": "https://encrypted-tbn1.gstatic.com/faviconV2?url=https://www.bloomberg.com&client=NEWS_360&size=96&type=FAVICON&fallback_opts=TYPE,SIZE,URL",
            "title": "Chip Technology Spending Gets $81 Billion Boost in China Rivalry"
        },
        {
            "link": "https://news.google.com/articles/CBMiWmh0dHBzOi8vZm9ydHVuZS5jb20vMjAyNC8wNS8xMS9jaGluYS1lY29ub215LW91dGxvb2stZGVhZC1lbmQtZXhwb3J0cy1tYW51ZmFjdHVyaW5nLXRyYWRlL9IBAA?hl=en-US&gl=US&ceid=US%3Aen",
            "og": "https://encrypted-tbn2.gstatic.com/images?q=tbn:ANd9GcRe7GBhkZ28qGLI2_PxcfZzr32AvOXDX5NgmsiwLRhg29ps2grdHpIZQah0L-POhZwyhLKnurOG2m-ttHmfO30ybHsbrP1KaMXcoa0kEXWQxqQxKg",
            "source": "Fortune",
            "source_icon": "https://encrypted-tbn3.gstatic.com/faviconV2?url=https://fortune.com&client=NEWS_360&size=96&type=FAVICON&fallback_opts=TYPE,SIZE,URL",
            "title": "China's economy is headed for a 'dead-end,' and Beijing won't do anything to stop that, scholar says"
        },
        {
            "link": "https://news.google.com/articles/CBMicWh0dHBzOi8vd3d3LmJ1c2luZXNzaW5zaWRlci5jb20vd2FycmVuLWJ1ZmZldHQtYmVya3NoaXJlLWFwcGxlLXN0b2NrLXNhbGVzLWRpZXRyaWNoLW1hcmtldC1jcmFzaC1yZWNlc3Npb24tMjAyNC010gF1aHR0cHM6Ly93d3cuYnVzaW5lc3NpbnNpZGVyLmNvbS93YXJyZW4tYnVmZmV0dC1iZXJrc2hpcmUtYXBwbGUtc3RvY2stc2FsZXMtZGlldHJpY2gtbWFya2V0LWNyYXNoLXJlY2Vzc2lvbi0yMDI0LTU_YW1w?hl=en-US&gl=US&ceid=US%3Aen",
            "og": "https://encrypted-tbn3.gstatic.com/images?q=tbn:ANd9GcSXi2jggf1vF_UBhaLQrpH9igzWr0J_xFItLDhmFeWlr6ru1rQhcXRvdXnQIB7YhHVA5lNSYDGdItwVHW928lkct3r6bomIaUq0MgvmhOGXtbxj-Q",
            "source": "Business Insider",
            "source_icon": "https://encrypted-tbn3.gstatic.com/faviconV2?url=https://www.businessinsider.com&client=NEWS_360&size=96&type=FAVICON&fallback_opts=TYPE,SIZE,URL",
            "title": "Buffett sold stocks at high, will pounce in crash, recession: Dietrich"
        },
        {
            "link": "https://news.google.com/articles/CBMiNGh0dHBzOi8vd3d3LnRlc2xhcmF0aS5jb20vdGVzbGEtbGltaXRlZC1hcHItbW9kZWwteS_SAThodHRwczovL3d3dy50ZXNsYXJhdGkuY29tL3Rlc2xhLWxpbWl0ZWQtYXByLW1vZGVsLXkvYW1wLw?hl=en-US&gl=US&ceid=US%3Aen",
            "og": "https://encrypted-tbn3.gstatic.com/images?q=tbn:ANd9GcQtq8WxoVML8q4TKo8gDb9kub0Xia8dWEHwAYi3pIPhTytSA43XEYKFKuZ39VofjyxCzqmf0l4vJe7fAchz90rIEza907nsMod7v8AkXNjzSw50aw",
            "source": "TESLARATI",
            "source_icon": "https://encrypted-tbn2.gstatic.com/faviconV2?url=https://www.teslarati.com&client=NEWS_360&size=96&type=FAVICON&fallback_opts=TYPE,SIZE,URL",
            "title": "Tesla launches limited-time 0.99% APR loan rate on U.S. Model Y orders"
        },
        {
            "link": "https://news.google.com/articles/CBMicWh0dHBzOi8vZmluYW5jZS55YWhvby5jb20vbmV3cy91dGlsaXR5LXN0b2Nrcy1hcmUtb24tZmlyZS0taGVyZS1hcmUtd2FsbC1zdHJlZXQtYW5hbHlzdHMtdG9wLXBpY2tzLTE1MzgwODAyMC5odG1s0gEA?hl=en-US&gl=US&ceid=US%3Aen",
            "og": "https://encrypted-tbn0.gstatic.com/images?q=tbn:ANd9GcT8dg6dWuM38AKi_iIeOjLlBo4I6LQJpn2po3lKkFBEUwMU9iworKdGaWwRk2BTfqqCNHWEFJkbV9lUNrFfYsCOLc0_W8bkMI2r5U7ACB1wb_QMfg",
            "source": "Yahoo Finance",
            "source_icon": "https://encrypted-tbn1.gstatic.com/faviconV2?url=https://finance.yahoo.com&client=NEWS_360&size=96&type=FAVICON&fallback_opts=TYPE,SIZE,URL",
            "title": "Utility stocks are on fire — here are Wall Street analysts' top picks"
        },
        {
            "link": "https://news.google.com/articles/CBMiX2h0dHBzOi8vd3d3LmRhaWx5bWFpbC5jby51ay9uZXdzL2FydGljbGUtMTMzOTY1MjkvYW1lcmljYS1yZXN0YXVyYW50LWNsb3N1cmVzLW1pZHdlc3QtaW93YS5odG1s0gFjaHR0cHM6Ly93d3cuZGFpbHltYWlsLmNvLnVrL25ld3MvYXJ0aWNsZS0xMzM5NjUyOS9hbXAvYW1lcmljYS1yZXN0YXVyYW50LWNsb3N1cmVzLW1pZHdlc3QtaW93YS5odG1s?hl=en-US&gl=US&ceid=US%3Aen",
            "og": "https://encrypted-tbn0.gstatic.com/images?q=tbn:ANd9GcT2Jeu5_YRtS5Dhj_1D0umo3chZk0OZGZ0thj_HCJUKhAAhr9qvBaJqk4rd8bSBtOy55w2zs3w0cAWH5mCpIb9-ypQCUqdycImha1IGnCw23hPAIA",
            "source": "Daily Mail",
            "source_icon": "https://encrypted-tbn1.gstatic.com/faviconV2?url=https://www.dailymail.co.uk&client=NEWS_360&size=96&type=FAVICON&fallback_opts=TYPE,SIZE,URL",
            "title": "A 'perfect storm' is wiping out America's restaurants - here's why the Midwest is hardest hit by closures"
        },
        {
            "link": "https://news.google.com/articles/CBMiRWh0dHBzOi8vaW50ZXJlc3RpbmdlbmdpbmVlcmluZy5jb20vY3VsdHVyZS9haS1kZWNlaXZlLWh1bWFucy1yZXNlYXJjaNIBAA?hl=en-US&gl=US&ceid=US%3Aen",
            "og": "https://encrypted-tbn3.gstatic.com/images?q=tbn:ANd9GcTSCry3wAkIPFnUhyXMOczX3ZoCwYi_unuQPlDW8RvgXj2jAHAYWqTz6QhHgWix04jHgjg0zMC6__OFGTzWiDKY9jVXGdXABKUHolMRd3E7el5Lgw",
            "source": "Interesting Engineering",
            "source_icon": "https://encrypted-tbn3.gstatic.com/faviconV2?url=https://interestingengineering.com&client=NEWS_360&size=96&type=FAVICON&fallback_opts=TYPE,SIZE,URL",
            "title": "AI systems develop ability to deceive humans, finds research"
        },
        {
            "link": "https://news.google.com/articles/CBMiP2h0dHBzOi8vd3d3LmZ0LmNvbS9jb250ZW50L2Y2OWI0ZjMwLWViYjMtNDMwOC1hYTQ5LWIwN2ZiOGRjMWRjZNIBAA?hl=en-US&gl=US&ceid=US%3Aen",
            "og": "https://encrypted-tbn3.gstatic.com/images?q=tbn:ANd9GcSstsw58p1Ga9VAm1szH0VRu4Uc8dFRp7A-35fY7KxrK5oft_6Ol-oufeiL3U8wOlD8_ZDw2CPm5mZEaALeW5XiseQvjqsL2VqupqR0WqQwgauGoA",
            "source": "Financial Times",
            "source_icon": "https://encrypted-tbn2.gstatic.com/faviconV2?url=https://www.ft.com&client=NEWS_360&size=96&type=FAVICON&fallback_opts=TYPE,SIZE,URL",
            "title": "US shale companies accused of collusion over oil price"
        },
        {
            "link": "https://news.google.com/articles/CBMiW2h0dHBzOi8vd3d3LnRlc2xhcmF0aS5jb20vbmV3LXRlc2xhLW1vZGVsLTMtcGVyZm9ybWFuY2UtZGV0YWlscy1naWdhLXNoYW5naGFpLW1paXQtY2F0YWxvZy_SAV9odHRwczovL3d3dy50ZXNsYXJhdGkuY29tL25ldy10ZXNsYS1tb2RlbC0zLXBlcmZvcm1hbmNlLWRldGFpbHMtZ2lnYS1zaGFuZ2hhaS1taWl0LWNhdGFsb2cvYW1wLw?hl=en-US&gl=US&ceid=US%3Aen",
            "og": "https://encrypted-tbn1.gstatic.com/images?q=tbn:ANd9GcTi6LIG_HnrBXUksoZOUXEBBGYwOjw-oTgk9l2GlzA_wv_xKj_z_2nyQLLwl3Ys-5aD91nB6KjJJHOKutIUAnZGUyUL4g7I-CH_Li8pmbb_uuv9kQ",
            "source": "TESLARATI",
            "source_icon": "https://encrypted-tbn2.gstatic.com/faviconV2?url=https://www.teslarati.com&client=NEWS_360&size=96&type=FAVICON&fallback_opts=TYPE,SIZE,URL",
            "title": "New Tesla Model 3 Performance details from Giga Shanghai revealed in MIIT catalog"
        },
        {
            "link": "https://news.google.com/articles/CBMiigFodHRwczovL3d3dy5rZ3cuY29tL2FydGljbGUvbmV3cy9sb2NhbC9wb3J0bGFuLWZpcnN0LXNvbWFsaS1vd25lZC1sYXRlLW5pZ2h0LWNvZmZlZS1zaG9wLW9sZC10b3duLzI4My05M2QxZTRjMS1iN2Y4LTRlZDMtOGYzOS1kN2QyOGM5MDMxZGXSAQA?hl=en-US&gl=US&ceid=US%3Aen",
            "og": "https://encrypted-tbn1.gstatic.com/images?q=tbn:ANd9GcQZQsc-3sGUS7ABSq6FClncj587hRg0mz_aibMq1dOOiFclXXNi2B-cEO_XK-WAqGPpVU6NENkv8LVPF99fJjBG7IYiirNywOuF2mxvn5TjqGGuxA",
            "source": "KGW.com",
            "source_icon": "https://encrypted-tbn0.gstatic.com/faviconV2?url=https://www.kgw.com&client=NEWS_360&size=96&type=FAVICON&fallback_opts=TYPE,SIZE,URL",
            "title": "'Our space is open to all': Portland's first Somali-owned late night coffee shop in Old Town"
        },
        {
            "link": "https://news.google.com/articles/CBMigwFodHRwczovL3RoZWhpbGwuY29tL2J1c2luZXNzL3BlcnNvbmFsLWZpbmFuY2UvNDY1OTUzMy1nZW4tei1pcy1zdHJ1Z2dsaW5nLWZpbmFuY2lhbGx5LW1vcmUtdGhhbi1taWxsZW5uaWFscy1kaWQtYXQtdGhlaXItYWdlLXN0dWR5L9IBhwFodHRwczovL3RoZWhpbGwuY29tL2J1c2luZXNzL3BlcnNvbmFsLWZpbmFuY2UvNDY1OTUzMy1nZW4tei1pcy1zdHJ1Z2dsaW5nLWZpbmFuY2lhbGx5LW1vcmUtdGhhbi1taWxsZW5uaWFscy1kaWQtYXQtdGhlaXItYWdlLXN0dWR5L2FtcC8?hl=en-US&gl=US&ceid=US%3Aen",
            "og": "https://encrypted-tbn2.gstatic.com/images?q=tbn:ANd9GcQDRtwzs_4X1qQnefXZ3ktjY7NmNQQuXxNuNdCPqYGp8XiqkvmTa1g5fTS9J7FvzNaAV6I5x9MXAtcD_Hp5SV8ZEM-fV0i8vCwwY30nLRcslw55RQ",
            "source": "The Hill",
            "source_icon": "https://encrypted-tbn2.gstatic.com/faviconV2?url=https://thehill.com&client=NEWS_360&size=96&type=FAVICON&fallback_opts=TYPE,SIZE,URL",
            "title": "Gen Z is struggling financially more than Millennials did at their age: Study"
        },
        {
            "link": "https://news.google.com/articles/CBMiaGh0dHBzOi8vd3d3LmJ1c2luZXNzaW5zaWRlci5jb20vdGltLWNvb2stcG90ZW50aWFsLXN1Y2Nlc3NvcnMtY2VvLWFwcGxlLWpvaG4tdGVybnVzLWplZmYtd2lsbGlhbXMtMjAyNC010gFsaHR0cHM6Ly93d3cuYnVzaW5lc3NpbnNpZGVyLmNvbS90aW0tY29vay1wb3RlbnRpYWwtc3VjY2Vzc29ycy1jZW8tYXBwbGUtam9obi10ZXJudXMtamVmZi13aWxsaWFtcy0yMDI0LTU_YW1w?hl=en-US&gl=US&ceid=US%3Aen",
            "og": "https://encrypted-tbn2.gstatic.com/images?q=tbn:ANd9GcRUPhWVZb3PWw-LuYNQO_SghJorQMs4EJNl6uPsN43xyStdAHOr4WkaU8hEi5FHNryrYiQMIHZTLLfa9SafoyJwFGwJaYaAuX7da9yPiqD0850Kfw",
            "source": "Business Insider",
            "source_icon": "https://encrypted-tbn3.gstatic.com/faviconV2?url=https://www.businessinsider.com&client=NEWS_360&size=96&type=FAVICON&fallback_opts=TYPE,SIZE,URL",
            "title": "Apple execs that could replace CEO Tim Cook: Bloomberg"
        },
        {
            "link": "https://news.google.com/articles/CBMiUmh0dHBzOi8vY29pbnRlbGVncmFwaC5jb20vbmV3cy9jcGktNjBrLWJ0Yy1wcmljZS1iYXR0bGUtNS10aGluZ3MtYml0Y29pbi10aGlzLXdlZWvSAQA?hl=en-US&gl=US&ceid=US%3Aen",
            "og": "https://encrypted-tbn0.gstatic.com/images?q=tbn:ANd9GcQFhbnBI0AplbnYhqFEp0cOd37BTtKa6ih0Tbn3-_47dvYFiHcnup7_2es6qOZ3TxA",
            "source": "Cointelegraph",
            "source_icon": "https://encrypted-tbn1.gstatic.com/faviconV2?url=https://cointelegraph.com&client=NEWS_360&size=96&type=FAVICON&fallback_opts=TYPE,SIZE,URL",
            "title": "CPI meets $60K BTC price battle — 5 things to know in Bitcoin this week"
        },
        {
            "link": "https://news.google.com/articles/CBMiPGh0dHBzOi8vYml0Y29pbmlzdC5jb20vdHJ1bXAtYml0Y29pbi1hZ2VuZGEtaW5kdXN0cnktZXhwZXJ0L9IBQGh0dHBzOi8vYml0Y29pbmlzdC5jb20vdHJ1bXAtYml0Y29pbi1hZ2VuZGEtaW5kdXN0cnktZXhwZXJ0L2FtcC8?hl=en-US&gl=US&ceid=US%3Aen",
            "og": "https://encrypted-tbn1.gstatic.com/images?q=tbn:ANd9GcRMRm3jFu8asI6Z2eNJQd03VFFaeewwljdZXp5Ffzya6CyHdzxUiCbC57P6lsf22miuyKhWGsH6SHUTDhJ_mbuwEudWxH6sOBuUUeQIw8ADdUnyBw",
            "source": "Bitcoinist",
            "source_icon": "https://encrypted-tbn1.gstatic.com/faviconV2?url=https://bitcoinist.com&client=NEWS_360&size=96&type=FAVICON&fallback_opts=TYPE,SIZE,URL",
            "title": "Trump Campaign Develops Bitcoin Agenda With Industry Expert"
        },
        {
            "link": "https://news.google.com/articles/CBMiUGh0dHBzOi8vZmluYW5jZS55YWhvby5jb20vbmV3cy9mb3J0LXdvcnRocy10YWxsZXN0LWJ1aWxkaW5nLXNlbGxzLTExMTc0MjYxNS5odG1s0gEA?hl=en-US&gl=US&ceid=US%3Aen",
            "og": "https://encrypted-tbn2.gstatic.com/images?q=tbn:ANd9GcTFRnRItsYPyXO7CeJtganNQDnRWMRJFMWGjjHDAorsLg-TuzLY0XOC9a6FqOTlb0OAVYjsnKYnrAoBCzzi-EJc5fqkSEc8fWwTfH6YBTc0K1B7lA",
            "source": "Yahoo Finance",
            "source_icon": "https://encrypted-tbn1.gstatic.com/faviconV2?url=https://finance.yahoo.com&client=NEWS_360&size=96&type=FAVICON&fallback_opts=TYPE,SIZE,URL",
            "title": "Fort Worth's tallest building sells for just $12.3M at auction in stunning price drop"
        },
        {
            "link": "https://news.google.com/articles/CBMiZGh0dHBzOi8vd3d3LnNjaWVuY2VhbGVydC5jb20vYS1zZXJpb3VzLWhpZGRlbi1yaXNrLWlzLWJ1aWx0LWludG8tdmlydHVhbGx5LWV2ZXJ5LWNhci1zY2llbnRpc3RzLXdhcm7SAQA?hl=en-US&gl=US&ceid=US%3Aen",
            "og": "https://encrypted-tbn2.gstatic.com/images?q=tbn:ANd9GcQquR8eGO9FbIzIqGLp_71rPXblAZtSw6MOqizzSCGks7uVTc9dlHl8i3knJ1AJwFqPL9FgwWFo7q1RhS95HGILRIYwUd2j-MuX1ksv_SuZ7WJPwQ",
            "source": "ScienceAlert",
            "source_icon": "https://encrypted-tbn2.gstatic.com/faviconV2?url=https://www.sciencealert.com&client=NEWS_360&size=96&type=FAVICON&fallback_opts=TYPE,SIZE,URL",
            "title": "A Serious Hidden Risk Is Built Into Virtually Every Car, Scientists Warn"
        },
        {
            "link": "https://news.google.com/articles/CBMibGh0dHBzOi8vd3d3LmZveGJ1c2luZXNzLmNvbS9mb3gtbmV3cy1oZWFsdGgvZmRhLWlzc3Vlcy1tb3N0LXNlcmlvdXMtdHlwZS1yZWNhbGwtaW5zdWxpbi1wdW1wLXJlbGF0ZWQtaW9zLWFwcNIBcGh0dHBzOi8vd3d3LmZveGJ1c2luZXNzLmNvbS9mb3gtbmV3cy1oZWFsdGgvZmRhLWlzc3Vlcy1tb3N0LXNlcmlvdXMtdHlwZS1yZWNhbGwtaW5zdWxpbi1wdW1wLXJlbGF0ZWQtaW9zLWFwcC5hbXA?hl=en-US&gl=US&ceid=US%3Aen",
            "og": "https://encrypted-tbn0.gstatic.com/images?q=tbn:ANd9GcR567m1q2_94aMgKSY-DcpTQ31cDdo9BB8oWvFUoDMhbAXIVf-8pV0PUVHG0PT8cDk0O4YLKxUJvXqz52mJEJzvnGDFwa8mxUyRp5onaALlUpeJCw",
            "source": "Fox Business",
            "source_icon": "https://encrypted-tbn1.gstatic.com/faviconV2?url=https://www.foxbusiness.com&client=NEWS_360&size=96&type=FAVICON&fallback_opts=TYPE,SIZE,URL",
            "title": "FDA issues 'most serious type of recall' for insulin pump-related iOS app"
        },
        {
            "link": "https://news.google.com/articles/CBMicmh0dHBzOi8vd3d3LnJldXRlcnMuY29tL3RlY2hub2xvZ3kvc291dGgta29yZWEtcHJlcGFyZXMtc3VwcG9ydC1wYWNrYWdlLXdvcnRoLW92ZXItNy1ibG4tY2hpcC1pbmR1c3RyeS0yMDI0LTA1LTEyL9IBAA?hl=en-US&gl=US&ceid=US%3Aen",
            "og": "https://encrypted-tbn1.gstatic.com/images?q=tbn:ANd9GcQpx2uwiULwQuISL0vuStT4BDxlo9sZGIH_AKxQYad3eTjPLpHBb1wnxN0fg11G9jnNlgK7WXrt0TaW72mvrrNFlfnBf-_x_zMJj2om7iKFqgKapg",
            "source": "Reuters",
            "source_icon": "https://encrypted-tbn2.gstatic.com/faviconV2?url=https://www.reuters.com&client=NEWS_360&size=96&type=FAVICON&fallback_opts=TYPE,SIZE,URL",
            "title": "South Korea prepares support package worth over $7 billion for chip industry"
        },
        {
            "link": "https://news.google.com/articles/CBMidWh0dHBzOi8vd3d3LnJldXRlcnMuY29tL2J1c2luZXNzL2Flcm9zcGFjZS1kZWZlbnNlL2x1ZnRoYW5zYS1ib3NzLXZlbnRzLWZydXN0cmF0aW9uLWFib3V0LWJvZWluZy1wcm9ibGVtcy0yMDI0LTA1LTEyL9IBAA?hl=en-US&gl=US&ceid=US%3Aen",
            "og": "https://encrypted-tbn3.gstatic.com/images?q=tbn:ANd9GcQ6ylJ_msvq4dtLGjfYGL49DnVRAZYrVTcpcUwWD5jGn9fsdYtF_2IzGFnNa-TW4pyKXBBaes_rrcFHNGDIXZo_i9ZK-9qrgtEOXKxihDmP8Vju9Q",
            "source": "Reuters",
            "source_icon": "https://encrypted-tbn2.gstatic.com/faviconV2?url=https://www.reuters.com&client=NEWS_360&size=96&type=FAVICON&fallback_opts=TYPE,SIZE,URL",
            "title": "Lufthansa boss vents frustration about Boeing problems"
        },
        {
            "link": "https://news.google.com/articles/CBMiSGh0dHBzOi8vd3d3LnNmY2hyb25pY2xlLmNvbS9mb29kL2FydGljbGUvc3JpcmFjaGEtaG90LXNhdWNlLTE5NDUzNzQwLnBocNIBAA?hl=en-US&gl=US&ceid=US%3Aen",
            "og": "https://encrypted-tbn0.gstatic.com/images?q=tbn:ANd9GcQPgFzCa5ZKgLJZuyTxU933O3vM9d0vKXgEWXVy1SqPiSg7gkLnteZUCfAvq9KTGD5PXl22K0u7yDj7wgSMFEeJLP73agxiZs8KFTfOMbXtERabyA",
            "source": "San Francisco Chronicle",
            "source_icon": "https://encrypted-tbn3.gstatic.com/faviconV2?url=https://www.sfchronicle.com&client=NEWS_360&size=96&type=FAVICON&fallback_opts=TYPE,SIZE,URL",
            "title": "Popular Sriracha hot sauce is halting production for months. Here's why"
        },
        {
            "link": "https://news.google.com/articles/CBMiQmh0dHBzOi8vd3d3Lmdpem1vY2hpbmEuY29tLzIwMjQvMDUvMTIvcXVhbGNvbW0tcmV2ZW51ZS1odWF3ZWktYmFuL9IBAA?hl=en-US&gl=US&ceid=US%3Aen",
            "og": "https://encrypted-tbn2.gstatic.com/images?q=tbn:ANd9GcSusViAQjDu6LARguGgofGZZbvtUE1cuUAENzPE4YanS-U6WijKnVlqVJRfRdarHB9ePruhkXTeXtWAF7hhqBqLMDzQACWIrODqJnUm7eJzDTIbSg",
            "source": "gizmochina",
            "source_icon": "https://encrypted-tbn0.gstatic.com/faviconV2?url=https://www.gizmochina.com&client=NEWS_360&size=96&type=FAVICON&fallback_opts=TYPE,SIZE,URL",
            "title": "Qualcomm says it's not expecting any revenue from Huawei after 2024"
        },
        {
            "link": "https://news.google.com/articles/CBMiWmh0dHBzOi8vd3d3LmNuYmMuY29tLzIwMjQvMDUvMTMvdGltZS10by1idXktbnZpZGlhLW52ZGEtc3RvY2stZnVuZC1tYW5hZ2Vycy13ZWlnaC1pbi0uaHRtbNIBAA?hl=en-US&gl=US&ceid=US%3Aen",
            "og": "https://encrypted-tbn0.gstatic.com/images?q=tbn:ANd9GcQDxoEDtFAysenbWB2YnemiFyxdz9lEGRLway0IukLmbwKSDuFRTJeq2eUzv4pgnr3FG44l6bc6EQr0k-PDW8dWO-HY-0CdUFcCAz3JJNo6K2GSjw",
            "source": "CNBC",
            "source_icon": "https://encrypted-tbn0.gstatic.com/faviconV2?url=https://www.cnbc.com&client=NEWS_360&size=96&type=FAVICON&fallback_opts=TYPE,SIZE,URL",
            "title": "Time to buy Nvidia NVDA stock? Fund managers weigh in"
        },
        {
            "link": "https://news.google.com/articles/CBMiVWh0dHBzOi8vd3d3Lndhc2hpbmd0b25wb3N0LmNvbS90ZWNobm9sb2d5LzIwMjQvMDUvMTIvYWktZGVlcGZha2VzLWRldGVjdGlvbi1pbmR1c3RyeS_SAQA?hl=en-US&gl=US&ceid=US%3Aen",
            "og": "https://encrypted-tbn3.gstatic.com/images?q=tbn:ANd9GcR8rbdYj2hJXeKaZwCTSeVNI8lRS9QmvKa3vjAdmBOVEmVVpKstClvf11EuhQ4LVMw65N9bPFZed5Th_07ChwaLkiSKI_w4WYI3YLAsJHGTv9bM9w",
            "source": "The Washington Post",
            "source_icon": "https://encrypted-tbn3.gstatic.com/faviconV2?url=https://www.washingtonpost.com&client=NEWS_360&size=96&type=FAVICON&fallback_opts=TYPE,SIZE,URL",
            "title": "Surge of new AI firms claim to offer hyperaccurate deepfake detection"
        },
        {
            "link": "https://news.google.com/articles/CBMilwFodHRwczovL3d3dy5tYXJrZXR3YXRjaC5jb20vc3RvcnkvYmlnLXJldGFpbGVycy1yZXBvcnQtYXMtcTEtZWFybmluZ3Mtd2luZC1kb3duLXRoaXMtY29tcGFueS1oYXMtYmVlbi10aGUtYmlnZ2VzdC1kcmFnLW9uLXRoZS1zLXAtNTAwcy1yZXN1bHRzLTAzZTQzMzBj0gGbAWh0dHBzOi8vd3d3Lm1hcmtldHdhdGNoLmNvbS9hbXAvc3RvcnkvYmlnLXJldGFpbGVycy1yZXBvcnQtYXMtcTEtZWFybmluZ3Mtd2luZC1kb3duLXRoaXMtY29tcGFueS1oYXMtYmVlbi10aGUtYmlnZ2VzdC1kcmFnLW9uLXRoZS1zLXAtNTAwcy1yZXN1bHRzLTAzZTQzMzBj?hl=en-US&gl=US&ceid=US%3Aen",
            "og": "https://encrypted-tbn2.gstatic.com/images?q=tbn:ANd9GcRqL-grrRdTnfSnx-MqCbez7V7whNmWbrr1zoJ1JeddcIve8T7Aq96X4s3lJrkQIt6dcFqjVmone-ux0Bm8a9DDYoBd0iq6w_JhmVNSlZKd9JoRyA",
            "source": "MarketWatch",
            "source_icon": "https://encrypted-tbn1.gstatic.com/faviconV2?url=https://www.marketwatch.com&client=NEWS_360&size=96&type=FAVICON&fallback_opts=TYPE,SIZE,URL",
            "title": "This company has been the biggest drag on the S&P 500’s results this quarter"
        },
        {
            "link": "https://news.google.com/articles/CBMibmh0dHBzOi8vYXNpYS5uaWtrZWkuY29tL0J1c2luZXNzL1RlY2hub2xvZ3kvWWVuLXMtZmFsbC1oaWdobGlnaHRzLUphcGFuLXMtb3ZlcnJlbGlhbmNlLW9uLW92ZXJzZWFzLXRlY2gtZ2lhbnRz0gEA?hl=en-US&gl=US&ceid=US%3Aen",
            "og": "https://encrypted-tbn0.gstatic.com/images?q=tbn:ANd9GcQWE9zt5JK2GgH3cb9Lnvy_7p6a0TIjuDvBfJXvBdyxGJX30aDRS1OhobuVQBMyYl-XWypbe49N29TF3NE3vZR-UeMYx3Wi-Mxs1EXbQsKU5UHAfA",
            "source": "Nikkei Asia",
            "source_icon": "https://encrypted-tbn2.gstatic.com/faviconV2?url=https://asia.nikkei.com&client=NEWS_360&size=96&type=FAVICON&fallback_opts=TYPE,SIZE,URL",
            "title": "Yen's fall highlights Japan's overreliance on overseas tech giants"
        },
        {
            "link": "https://news.google.com/articles/CBMiYmh0dHBzOi8vd3d3LnRpcHJhbmtzLmNvbS9uZXdzL2Jhbmstb2YtYW1lcmljYS13ZWlnaHMtaW4tb24tcGFsYW50aXItc3RvY2stZm9sbG93aW5nLXJlY2VudC1haS1leHBv0gEA?hl=en-US&gl=US&ceid=US%3Aen",
            "og": "https://encrypted-tbn1.gstatic.com/images?q=tbn:ANd9GcT3lV0CKU-mh2r2W60gJ3iKYEXThIsChJIJReYPGg4D3dO6619AeFSQnhUNezfFRYAbTWxf9xC95pS3mppIEgeUSLnLL6Si_KY8VXs3",
            "source": "TipRanks",
            "source_icon": "https://encrypted-tbn2.gstatic.com/faviconV2?url=https://www.tipranks.com&client=NEWS_360&size=96&type=FAVICON&fallback_opts=TYPE,SIZE,URL",
            "title": "Bank of America Weighs in on Palantir Stock Following Recent AI Expo - TipRanks.com"
        }
    ],
    "Entertainment": [
        {
            "link": "https://news.google.com/articles/CBMiVmh0dHBzOi8vd3d3LnRoZWdsb2JlYW5kbWFpbC5jb20vbGlmZS9ob3Jvc2NvcGVzL2FydGljbGUteW91ci1kYWlseS1ob3Jvc2NvcGUtbWF5LTEzLTYv0gEA?hl=en-US&gl=US&ceid=US%3Aen",
            "og": "https://encrypted-tbn1.gstatic.com/images?q=tbn:ANd9GcQZrNCwwmo_kmEtvEPG6mF1yY70i5SaaTJV13YHcEjaEpKjEkdEMCsTSzXwukfGvdnQsetngqDRuj1d4mvrDN9l1V_7k5mbgHGZK-nV6dd3LBg3Eg",
            "source": "The Globe and Mail",
            "source_icon": "https://encrypted-tbn2.gstatic.com/faviconV2?url=https://www.theglobeandmail.com&client=NEWS_360&size=96&type=FAVICON&fallback_opts=TYPE,SIZE,URL",
            "title": "Your daily horoscope: May 13"
        },
        {
            "link": "https://news.google.com/articles/CBMibmh0dHBzOi8vd3d3LmluZGVwZW5kZW50LmNvLnVrL2FydHMtZW50ZXJ0YWlubWVudC9tdXNpYy9uZXdzL2RyYWtlLWtlbmRyaWNrLWxhbWFyLXRvcm9udG8tbWFuc2lvbi1iMjU0MzkyMS5odG1s0gEA?hl=en-US&gl=US&ceid=US%3Aen",
            "og": "https://encrypted-tbn3.gstatic.com/images?q=tbn:ANd9GcTxfRF5Y3Zo_TC9G7gJSFXPjgO5y_pQ6kiotd2Nr6CaF3peTAfGMrw5a-gGtjR0EeQJ0h3QXTdrFYxg7iUAQADi2KUQX9LTqQu8yeDnEn63HGn-zg",
            "source": "The Independent",
            "source_icon": "https://encrypted-tbn1.gstatic.com/faviconV2?url=https://www.independent.co.uk&client=NEWS_360&size=96&type=FAVICON&fallback_opts=TYPE,SIZE,URL",
            "title": "Drake issues plea to media after mansion fiasco and Kendrick Lamar feud"
        },
        {
            "link": "https://news.google.com/articles/CBMiSWh0dHBzOi8vd3d3Lm55dGltZXMuY29tLzIwMjQvMDUvMTIvYXJ0cy9kZXNpZ24vY2hyaXN0aWVzLWN5YmVyYXR0YWNrLmh0bWzSAQA?hl=en-US&gl=US&ceid=US%3Aen",
            "og": "https://encrypted-tbn3.gstatic.com/images?q=tbn:ANd9GcRUXP0550H3jAS2yagNUw9GZtkgYv_XdwZJxmwf09hQAF76s2aHrTshc-BQiQoV74CIyiCn7fqmGhsZYDmGaIpsTIYCurfxK0kUWdFx",
            "source": "The New York Times",
            "source_icon": "https://encrypted-tbn2.gstatic.com/faviconV2?url=https://www.nytimes.com&client=NEWS_360&size=96&type=FAVICON&fallback_opts=TYPE,SIZE,URL",
            "title": "Hobbled by Cyberattack, Christie's Says Marquee Sales Will Proceed"
        },
        {
            "link": "https://news.google.com/articles/CBMiVWh0dHBzOi8vZGVhZGxpbmUuY29tLzIwMjQvMDUvam9obi1vbGl2ZXItZXVyb3Zpc2lvbi13aW5kb3dzOTVtYW4tY2hhbXBpb24tMTIzNTkxMzQ1Mi_SAVlodHRwczovL2RlYWRsaW5lLmNvbS8yMDI0LzA1L2pvaG4tb2xpdmVyLWV1cm92aXNpb24td2luZG93czk1bWFuLWNoYW1waW9uLTEyMzU5MTM0NTIvYW1wLw?hl=en-US&gl=US&ceid=US%3Aen",
            "og": "https://encrypted-tbn2.gstatic.com/images?q=tbn:ANd9GcQmuj_9IUdK3cxEBJU5ReJtivGt9m5VLhMIxQ-5PmwAc-uVJEPw0509H7wlxEG0cJ1XFvZXyQ5ekGwfP9xdHDzOEsukwNvwaf-SivDZz6RPoIT6Mw",
            "source": "Deadline",
            "source_icon": "https://encrypted-tbn0.gstatic.com/faviconV2?url=https://deadline.com&client=NEWS_360&size=96&type=FAVICON&fallback_opts=TYPE,SIZE,URL",
            "title": "John Oliver Calls Eurovision’s Windows95man His Champion"
        },
        {
            "link": "https://news.google.com/articles/CBMiYGh0dHBzOi8vd3d3LmZveG5ld3MuY29tL3VzL2FjdG9yLXN0ZXZlLWJ1c2NlbWktYmxvb2RpZWQtYnJ1aXNlZC1ueWMtYXNzYXVsdC1wb2xpY2UtaHVudC1hdHRhY2tlctIBZGh0dHBzOi8vd3d3LmZveG5ld3MuY29tL3VzL2FjdG9yLXN0ZXZlLWJ1c2NlbWktYmxvb2RpZWQtYnJ1aXNlZC1ueWMtYXNzYXVsdC1wb2xpY2UtaHVudC1hdHRhY2tlci5hbXA?hl=en-US&gl=US&ceid=US%3Aen",
            "og": "https://encrypted-tbn1.gstatic.com/images?q=tbn:ANd9GcR9CYItJX88lenuFVTQGDkvf13DRvqQ12MfgoY0WJRNS4pJtLDdP1JfPcp9OShyKsaCUgWLISUA_fO0iWPPl0OMfB0kteHUHu_0W275-WrhHmAOPg",
            "source": "Fox News",
            "source_icon": "https://encrypted-tbn3.gstatic.com/faviconV2?url=https://www.foxnews.com&client=NEWS_360&size=96&type=FAVICON&fallback_opts=TYPE,SIZE,URL",
            "title": "Actor Steve Buscemi bloodied and bruised in NYC assault as police hunt attacker"
        },
        {
            "link": "https://news.google.com/articles/CBMi6QFodHRwczovL3d3dy5kYWlseW1haWwuY28udWsvdHZzaG93Yml6L2FydGljbGUtMTM0MTA2NDkvS2F0eS1QZXJyeS1Nb3RoZXJzLURheS10cmlidXRlLXNoYXJlcy1wcmVnbmFuY3ktam91cm5leS1kYXVnaHRlci1EYWlzeS1Eb3ZlLUluc3RhZ3JhbS1pbmNsdWRpbmctbW9tZW50cy10b2xkLUFtZXJpY2FuLUlkb2wtc3RhcnMtTGlvbmVsLVJpY2hpZS1MdWtlLUJyeWFuLWZpYW5jLU9ybGFuZG8tQmxvb20uaHRtbNIB7QFodHRwczovL3d3dy5kYWlseW1haWwuY28udWsvdHZzaG93Yml6L2FydGljbGUtMTM0MTA2NDkvYW1wL0thdHktUGVycnktTW90aGVycy1EYXktdHJpYnV0ZS1zaGFyZXMtcHJlZ25hbmN5LWpvdXJuZXktZGF1Z2h0ZXItRGFpc3ktRG92ZS1JbnN0YWdyYW0taW5jbHVkaW5nLW1vbWVudHMtdG9sZC1BbWVyaWNhbi1JZG9sLXN0YXJzLUxpb25lbC1SaWNoaWUtTHVrZS1Ccnlhbi1maWFuYy1PcmxhbmRvLUJsb29tLmh0bWw?hl=en-US&gl=US&ceid=US%3Aen",
            "og": "https://encrypted-tbn2.gstatic.com/images?q=tbn:ANd9GcQKgyWuGjZLPPSc29ErRs05QCyxsc3XvI5NkLd-QcsNFY_oyWnNvGU7oKdlAUQ_d7xL_LCdt3GcULHAugbI41ahmNOFfTt_Sne8WSnqvAq6hOL1CQ",
            "source": "Daily Mail",
            "source_icon": "https://encrypted-tbn1.gstatic.com/faviconV2?url=https://www.dailymail.co.uk&client=NEWS_360&size=96&type=FAVICON&fallback_opts=TYPE,SIZE,URL",
            "title": "Katy Perry celebrates Mother's Day by reflecting on pregnancy journey with daughter Daisy Dove including momen"
        },
        {
            "link": "https://news.google.com/articles/CBMihAFodHRwczovL3BhZ2VzaXguY29tLzIwMjQvMDUvMTIvc3R5bGUvbWVnaGFuLW1hcmtsZS1nb2VzLWdsYW0taW4taGFsdGVyLXN0eWxlLXByaW50LWRyZXNzLWZvci1maW5hbC1kYXktaW4tbmlnZXJpYS13aXRoLXByaW5jZS1oYXJyeS_SAYgBaHR0cHM6Ly9wYWdlc2l4LmNvbS8yMDI0LzA1LzEyL3N0eWxlL21lZ2hhbi1tYXJrbGUtZ29lcy1nbGFtLWluLWhhbHRlci1zdHlsZS1wcmludC1kcmVzcy1mb3ItZmluYWwtZGF5LWluLW5pZ2VyaWEtd2l0aC1wcmluY2UtaGFycnkvYW1wLw?hl=en-US&gl=US&ceid=US%3Aen",
            "og": "https://encrypted-tbn3.gstatic.com/images?q=tbn:ANd9GcSsTyyjlCuF04tsTn7VmLN-CyQlTCTvanwqcliqTfiKR1h2tM7Zt7K2a8RvYBl1ZTzucG4BsQeQTp_HZjOXWh1YSjFO9VcCyw4grt1txc3u7I5bLg",
            "source": "Page Six",
            "source_icon": "https://encrypted-tbn1.gstatic.com/faviconV2?url=https://pagesix.com&client=NEWS_360&size=96&type=FAVICON&fallback_opts=TYPE,SIZE,URL",
            "title": "Meghan Markle goes glam in halter-style print dress for final day in Nigeria with Prince Harry"
        },
        {
            "link": "https://news.google.com/articles/CBMic2h0dHBzOi8vd3d3LmV0b25saW5lLmNvbS9rYXRlLWdvc3NlbGluLWNlbGVicmF0ZXMtc2V4dHVwbGV0cy1iaXJ0aGRheS13aXRoLXJhcmUtcGljLW9mLWhlci1raWRzLWFsbC1ncm93bi11cC0yMjUyNzPSAXdodHRwczovL3d3dy5ldG9ubGluZS5jb20va2F0ZS1nb3NzZWxpbi1jZWxlYnJhdGVzLXNleHR1cGxldHMtYmlydGhkYXktd2l0aC1yYXJlLXBpYy1vZi1oZXIta2lkcy1hbGwtZ3Jvd24tdXAtMjI1MjczP2FtcA?hl=en-US&gl=US&ceid=US%3Aen",
            "og": "https://encrypted-tbn2.gstatic.com/images?q=tbn:ANd9GcSCmtxHTGuow6cpvX6bTaEboU9zX-YD8WRFZsZIxDaFCHr4ckwKPBGAKQsnvK25yhDAoH-OiYk34jEiXzerGpa3TnyzAkHdI12T5JyCndWR-5BX7w",
            "source": "Entertainment Tonight",
            "source_icon": "https://encrypted-tbn2.gstatic.com/faviconV2?url=https://www.etonline.com&client=NEWS_360&size=96&type=FAVICON&fallback_opts=TYPE,SIZE,URL",
            "title": "Kate Gosselin Celebrates Sextuplets' Birthday with Rare Pic of Her Kids All Grown Up"
        },
        {
            "link": "https://news.google.com/articles/CBMia2h0dHBzOi8vd3d3LnRtei5jb20vMjAyNC8wNS8xMi9kb3JpdC1rZW1zbGV5LWZpcmUtYmFjay1mYW4tYXNrLXNwbGl0LXBhdWwtcmhvYmgtc2VwYXJhdGlvbi1yZWFsLWhvdXNld2l2ZXMv0gFraHR0cHM6Ly9hbXAudG16LmNvbS8yMDI0LzA1LzEyL2Rvcml0LWtlbXNsZXktZmlyZS1iYWNrLWZhbi1hc2stc3BsaXQtcGF1bC1yaG9iaC1zZXBhcmF0aW9uLXJlYWwtaG91c2V3aXZlcy8?hl=en-US&gl=US&ceid=US%3Aen",
            "og": "https://encrypted-tbn3.gstatic.com/images?q=tbn:ANd9GcQJwpTa47nEAnbx9DOlzu00VNBZvRJ2kih3PaiJ0Vm3BIsNBtpuGgiZ68qYQeLdDg-MHxLkXseZbQ-TlnzS0vDa7vsX0KLXYDVIspyQYVcaxmlLfw",
            "source": "TMZ",
            "source_icon": "https://encrypted-tbn0.gstatic.com/faviconV2?url=https://www.tmz.com&client=NEWS_360&size=96&type=FAVICON&fallback_opts=TYPE,SIZE,URL",
            "title": "'RHOBH' Star Dorit Kemsley Fires Back At Fan Who Asks About Split"
        },
        {
            "link": "https://news.google.com/articles/CBMibmh0dHBzOi8vd3d3LnBicy5vcmcvbmV3c2hvdXIvYXJ0cy9maWxtbWFrZXItcm9nZXItY29ybWFuLW1lbnRvci10by1tYW55LW9mLWhvbGx5d29vZHMtYmlnZ2VzdC1zdGFycy1kaWVzLWF0LTk40gFyaHR0cHM6Ly93d3cucGJzLm9yZy9uZXdzaG91ci9hbXAvYXJ0cy9maWxtbWFrZXItcm9nZXItY29ybWFuLW1lbnRvci10by1tYW55LW9mLWhvbGx5d29vZHMtYmlnZ2VzdC1zdGFycy1kaWVzLWF0LTk4?hl=en-US&gl=US&ceid=US%3Aen",
            "og": "https://encrypted-tbn2.gstatic.com/images?q=tbn:ANd9GcRbc5R6WBFnOaL9DEDbnvcXL7fYuShxY-X6F2qSn5smrvFSOvD7I2HZUSr6BWaUcq6D_7kS_tr7AKIomj-6RsDectdvK9cYyxshVGvhNIcOb-gU0w",
            "source": "PBS NewsHour",
            "source_icon": "https://encrypted-tbn1.gstatic.com/faviconV2?url=https://www.pbs.org&client=NEWS_360&size=96&type=FAVICON&fallback_opts=TYPE,SIZE,URL",
            "title": "Filmmaker Roger Corman, mentor to many of Hollywood’s biggest stars, dies at 98"
        },
        {
            "link": "https://news.google.com/articles/CBMiXWh0dHBzOi8vd3d3LnRoZWN1dC5jb20vYXJ0aWNsZS90b20tYnJhZHktcG9zdHMtcGhvdG9zLW9mLWdpc2VsZS1ibmRjaGVuLWJyaWRnZXQtbW95bmFoYW4uaHRtbNIBAA?hl=en-US&gl=US&ceid=US%3Aen",
            "og": "https://encrypted-tbn2.gstatic.com/images?q=tbn:ANd9GcS_upwWZm2MDOfrveVEyNXthT6co1GIXs5YOAbNia4UzqEmKplrrpzb_66OyW9kbQAglyL0vgfXSd44rRHfoCwv2Irca-pZ84-A8iOLhg8TQzLT-A",
            "source": "The Cut",
            "source_icon": "https://encrypted-tbn3.gstatic.com/faviconV2?url=https://www.thecut.com&client=NEWS_360&size=96&type=FAVICON&fallback_opts=TYPE,SIZE,URL",
            "title": "Tom Brady Posts Photos of Gisele Bündchen, Bridget Moynahan"
        },
        {
            "link": "https://news.google.com/articles/CBMibWh0dHBzOi8vZGVhZGxpbmUuY29tLzIwMjQvMDUvdHJhdmlzLWtlbGNlLXRheWxvci1zd2lmdC12aXNpdC1lcmFzLXRvdXItcGFyaXMtZmlsbWluZy1ncm90ZXNxdWVyaWUtMTIzNTkxMzM0MC_SAXFodHRwczovL2RlYWRsaW5lLmNvbS8yMDI0LzA1L3RyYXZpcy1rZWxjZS10YXlsb3Itc3dpZnQtdmlzaXQtZXJhcy10b3VyLXBhcmlzLWZpbG1pbmctZ3JvdGVzcXVlcmllLTEyMzU5MTMzNDAvYW1wLw?hl=en-US&gl=US&ceid=US%3Aen",
            "og": "https://encrypted-tbn3.gstatic.com/images?q=tbn:ANd9GcQNqKiUIqhANjW-QBwIfPws07-8G9KzCMl6ebzqzxdvd_KO0FzZmVjfTBGXelzT4U7WFzaDI-pEtHjHD6jWSgOIGtqLO45DFIi6K584RMbyI-5PGQ",
            "source": "Deadline",
            "source_icon": "https://encrypted-tbn0.gstatic.com/faviconV2?url=https://deadline.com&client=NEWS_360&size=96&type=FAVICON&fallback_opts=TYPE,SIZE,URL",
            "title": "Travis Kelce Shows Taylor Swift Support At Eras Tour Concert In Paris After Filming ‘Grotesquerie’"
        },
        {
            "link": "https://news.google.com/articles/CBMicmh0dHBzOi8vdHZsaW5lLmNvbS9yZWNhcHMvaW50ZXJ2aWV3LXdpdGgtdGhlLXZhbXBpcmUtc2Vhc29uLTItZXBpc29kZS0xLXJlY2FwLWNsYXVkaWEtcmVjYXN0LWV4cGxhaW5lZC0xMjM1MjM4MTA5L9IBAA?hl=en-US&gl=US&ceid=US%3Aen",
            "og": "https://encrypted-tbn1.gstatic.com/images?q=tbn:ANd9GcTQFwEUPqdxVJX6LB1xCxQWnzn3mrbT_tbQEUIXodav0XFt44-w1LrqNRHgt_iYHUwTLV45A_i-POOOdDAi6uqMnBytS3FTc7I6--VavIeQWNYX-w",
            "source": "TVLine",
            "source_icon": "https://encrypted-tbn0.gstatic.com/faviconV2?url=https://tvline.com&client=NEWS_360&size=96&type=FAVICON&fallback_opts=TYPE,SIZE,URL",
            "title": "'Interview With The Vampire' Season 2 Episode 1 Recap: Claudia Recast Explained"
        },
        {
            "link": "https://news.google.com/articles/CBMidWh0dHBzOi8vd3d3LndyYWwuY29tL3N0b3J5L2plcnJ5LXNlaW5maWVsZC10by1zcGVhay10by1uZWFybHktNy0wMDAtZ3JhZHVhdGVzLWF0LWR1a2UtY29tbWVuY2VtZW50LWNlcmVtb255LzIxNDI3MzQxL9IBImh0dHBzOi8vd3d3LndyYWwuY29tL2FtcC8yMTQyNzM0MS8?hl=en-US&gl=US&ceid=US%3Aen",
            "og": "https://encrypted-tbn0.gstatic.com/images?q=tbn:ANd9GcTFdV_3WbPbds-wyp33NWs-E111dnjGfKUrNsQDZ_dkMzegPAMirhd6Iwf1lL-b6xoLevak00mMMMTUP8-Z-Pvk_3pUggRJkN-XuJpJ34YEg8VegA",
            "source": "WRAL News",
            "source_icon": "https://encrypted-tbn2.gstatic.com/faviconV2?url=https://www.wral.com&client=NEWS_360&size=96&type=FAVICON&fallback_opts=TYPE,SIZE,URL",
            "title": "'Just swing the bat and pray': Seinfeld shares 3 keys to life with nearly 7,000 graduating Duke students"
        },
        {
            "link": "https://news.google.com/articles/CBMiY2h0dHBzOi8vYXBuZXdzLmNvbS9hcnRpY2xlL2JveC1vZmZpY2Uta2luZ2RvbS1wbGFuZXQtYXBlcy1mYWxsLWd1eS02OGY1YmMyYjNhNDg4NTFhZDE5MDY1MmY2Y2MwNTVmM9IBAA?hl=en-US&gl=US&ceid=US%3Aen",
            "og": "https://encrypted-tbn1.gstatic.com/images?q=tbn:ANd9GcRcZxijj20J8qE0O5q_IcDOkYCT2YHpqdns8mYsEUUvUEVCeb0JJ8I4_K-1ststAtawd0RRGSxhRvPzukMsHhXF3yeq",
            "source": "The Associated Press",
            "source_icon": "https://encrypted-tbn2.gstatic.com/faviconV2?url=https://apnews.com&client=NEWS_360&size=96&type=FAVICON&fallback_opts=TYPE,SIZE,URL",
            "title": "'Kingdom of the Planet of the Apes' reigns at the box office with $56.5 million opening"
        },
        {
            "link": "https://news.google.com/articles/CBMiaWh0dHBzOi8vd3d3LmhvbGx5d29vZHJlcG9ydGVyLmNvbS90di90di1uZXdzL3RoZS1mbG9vci1nYW1lLXNob3ctcmVuZXdlZC10aHJvdWdoLXNlYXNvbi0zLWZveC0xMjM1ODk3MTYxL9IBbWh0dHBzOi8vd3d3LmhvbGx5d29vZHJlcG9ydGVyLmNvbS90di90di1uZXdzL3RoZS1mbG9vci1nYW1lLXNob3ctcmVuZXdlZC10aHJvdWdoLXNlYXNvbi0zLWZveC0xMjM1ODk3MTYxL2FtcC8?hl=en-US&gl=US&ceid=US%3Aen",
            "og": "https://encrypted-tbn1.gstatic.com/images?q=tbn:ANd9GcQHzw3otKOP1Rr8hDJ5_yYOnpCAhW5zrKD8ypY_qWT3nkcSOcqHh0o76UZJH02pNTmH3-wNygCXXVZfOZLqCVlqKBB0AnI9dtQD1de0bnm-jXSmIw",
            "source": "Hollywood Reporter",
            "source_icon": "https://encrypted-tbn1.gstatic.com/faviconV2?url=https://www.hollywoodreporter.com&client=NEWS_360&size=96&type=FAVICON&fallback_opts=TYPE,SIZE,URL",
            "title": "‘The Floor’ Renewed for Two More Seasons at Fox"
        },
        {
            "link": "https://news.google.com/articles/CBMicGh0dHBzOi8vd3d3LnVzYXRvZGF5LmNvbS9zdG9yeS9lbnRlcnRhaW5tZW50L3R2LzIwMjQvMDUvMTIvYW1lcmljYW4taWRvbC1yZWNhcC1zZWFzb24tMjItZXBpc29kZS0xNy83MzY2NjcwNTAwNy_SAQA?hl=en-US&gl=US&ceid=US%3Aen",
            "og": "https://encrypted-tbn0.gstatic.com/images?q=tbn:ANd9GcT-KOp89Qb_MFnIH_0XpYVEVUdzVrjOhwY7TzvZaiGw6wG8JtDo-se9-BuhgjDvDZRkyLcGmIBkq4G0p2hZvb4k7DYF7FyXWMnGSOFVVGH9X2qPFw",
            "source": "USA TODAY",
            "source_icon": "https://encrypted-tbn0.gstatic.com/faviconV2?url=https://www.usatoday.com&client=NEWS_360&size=96&type=FAVICON&fallback_opts=TYPE,SIZE,URL",
            "title": "'American Idol' recap: Emmy Russell and Triston Harper are sent home, revealing the Top 3"
        },
        {
            "link": "https://news.google.com/articles/CBMicWh0dHBzOi8vd3d3LnRpbWVzb2Zpc3JhZWwuY29tL2lzcmFlbC1nZXRzLXRvcC1wdWJsaWMtdm90ZS1mcm9tLTE0LWNvdW50cmllcy1pbi1ldXJvdmlzaW9uLXBsdXMtcmVzdC1vZi10aGUtd29ybGQv0gF1aHR0cHM6Ly93d3cudGltZXNvZmlzcmFlbC5jb20vaXNyYWVsLWdldHMtdG9wLXB1YmxpYy12b3RlLWZyb20tMTQtY291bnRyaWVzLWluLWV1cm92aXNpb24tcGx1cy1yZXN0LW9mLXRoZS13b3JsZC9hbXAv?hl=en-US&gl=US&ceid=US%3Aen",
            "og": "https://encrypted-tbn3.gstatic.com/images?q=tbn:ANd9GcT1dRdNFBm6po6ccmydCyKrEZGxGwu1BtG36RYY8AYjFe62C9TCwjs2iWx2XYtxXKnb5Avn3AznV9t7D0X73WsKFgb7ufj4pW-hw7QyP_kHmV3s8Q",
            "source": "The Times of Israel",
            "source_icon": "https://encrypted-tbn3.gstatic.com/faviconV2?url=https://www.timesofisrael.com&client=NEWS_360&size=96&type=FAVICON&fallback_opts=TYPE,SIZE,URL",
            "title": "Israel gets top public vote from 14 countries in Eurovision – plus ‘rest of the world’"
        },
        {
            "link": "https://news.google.com/articles/CBMiiAFodHRwczovL3d3dy5ubWUuY29tL25ld3MvbXVzaWMvZXVyb3Zpc2lvbi13aW5uZXItbmVtby1oaXRzLW91dC1hdC1jb21wZXRpdGlvbnMtdW5iZWxpZXZhYmxlLWRvdWJsZS1zdGFuZGFyZC1zYXlzLWl0LW5lZWRzLWZpeGluZy0zNzU1NTA00gEA?hl=en-US&gl=US&ceid=US%3Aen",
            "og": "https://encrypted-tbn1.gstatic.com/images?q=tbn:ANd9GcSG3Jqk0TfP-zhZvr5xlEUW7J7auZPby59b5p4oQQtvFxnI2oEsxIh095BmH21AeadCWGTltAkfoocje4Q95N3XvJ8EoGsrKhEnLlho",
            "source": "NME",
            "source_icon": "https://encrypted-tbn0.gstatic.com/faviconV2?url=https://www.nme.com&client=NEWS_360&size=96&type=FAVICON&fallback_opts=TYPE,SIZE,URL",
            "title": "Eurovision winner Nemo hits out at competition's \"unbelievable double standard\", says it \"needs fixing\""
        },
        {
            "link": "https://news.google.com/articles/CBMikAFodHRwczovL3BhZ2VzaXguY29tLzIwMjQvMDUvMTIvZW50ZXJ0YWlubWVudC9vbGl2aWEtbXVubi1yZXZlYWxzLXNoZS11bmRlcndlbnQtZnVsbC1oeXN0ZXJlY3RvbXktYW1pZC1icmVhc3QtY2FuY2VyLWJhdHRsZS1iZXN0LWRlY2lzaW9uLWZvci1tZS_SAZQBaHR0cHM6Ly9wYWdlc2l4LmNvbS8yMDI0LzA1LzEyL2VudGVydGFpbm1lbnQvb2xpdmlhLW11bm4tcmV2ZWFscy1zaGUtdW5kZXJ3ZW50LWZ1bGwtaHlzdGVyZWN0b215LWFtaWQtYnJlYXN0LWNhbmNlci1iYXR0bGUtYmVzdC1kZWNpc2lvbi1mb3ItbWUvYW1wLw?hl=en-US&gl=US&ceid=US%3Aen",
            "og": "https://encrypted-tbn3.gstatic.com/images?q=tbn:ANd9GcSk7t3lVVDWo9Z-kLHnf9mEOz1nfmp2U5K2A-dpWBGzuW-PlICrc_eVfeKtRG3qba1shbHKnn6B6rp4rfEpBovct1dNbl9dwprvDsectrtJI8bRKA",
            "source": "Page Six",
            "source_icon": "https://encrypted-tbn1.gstatic.com/faviconV2?url=https://pagesix.com&client=NEWS_360&size=96&type=FAVICON&fallback_opts=TYPE,SIZE,URL",
            "title": "Olivia Munn reveals she underwent full hysterectomy amid breast cancer battle: 'Best decision for me'"
        },
        {
            "link": "https://news.google.com/articles/CBMicmh0dHBzOi8vdmFyaWV0eS5jb20vMjAyNC9zY2VuZS9uZXdzL2plbm5pZmVyLWxhd3JlbmNlLXNsYW1zLW1pa2UtcGVuY2UtZ2xhYWQtYXdhcmRzLWNvbnZlcnNpb24tdGhlcmFweS0xMjM1OTk5OTQ0L9IBdmh0dHBzOi8vdmFyaWV0eS5jb20vMjAyNC9zY2VuZS9uZXdzL2plbm5pZmVyLWxhd3JlbmNlLXNsYW1zLW1pa2UtcGVuY2UtZ2xhYWQtYXdhcmRzLWNvbnZlcnNpb24tdGhlcmFweS0xMjM1OTk5OTQ0L2FtcC8?hl=en-US&gl=US&ceid=US%3Aen",
            "og": "https://encrypted-tbn0.gstatic.com/images?q=tbn:ANd9GcR_GMXeWQo8JeSUvw3ScFFy8XSaogsp3O7RyUo8BxuMfo1TiYLTc-JDmveGkz5FFvY0faaNVOBtZ0_9-o9P6UO1XIrPID8-vHOB3qKhcloBvOT1TQ",
            "source": "Variety",
            "source_icon": "https://encrypted-tbn1.gstatic.com/faviconV2?url=https://variety.com&client=NEWS_360&size=96&type=FAVICON&fallback_opts=TYPE,SIZE,URL",
            "title": "Jennifer Lawrence Slams Mike Pence at GLAAD Media Awards: ‘Conversion Therapy Isn’t Real,’ Even Though ‘You Think It Worked on You’"
        },
        {
            "link": "https://news.google.com/articles/CBMib2h0dHBzOi8vd3d3Lm5iY25ld3MuY29tL3BvcC1jdWx0dXJlL3ZpcmFsL3NvY2lhbC1tZWRpYS11c2Vycy1hcmUtYmxvY2tpbmctY2VsZWJyaXRpZXMtc2lsZW50LW9uLWdhemEtcmNuYTE1MTg4MNIBK2h0dHBzOi8vd3d3Lm5iY25ld3MuY29tL25ld3MvYW1wL3JjbmExNTE4ODA?hl=en-US&gl=US&ceid=US%3Aen",
            "og": "https://encrypted-tbn2.gstatic.com/images?q=tbn:ANd9GcS3WU_3zSntNsIdqMIASSv2qaD_-kQGiPsEGWmekI4IH4lUHYqYJegHVBk7pIBq47wUY6MzNQLXF97mnGP-WE65WNFMo9uB3lXHuYNxDha6h2aqEw",
            "source": "NBC News",
            "source_icon": "https://encrypted-tbn1.gstatic.com/faviconV2?url=https://www.nbcnews.com&client=NEWS_360&size=96&type=FAVICON&fallback_opts=TYPE,SIZE,URL",
            "title": "Social media users are collectively blocking celebrities and influencers who have been silent on Gaza"
        },
        {
            "link": "https://news.google.com/articles/CBMicmh0dHBzOi8vYXBuZXdzLmNvbS9hcnRpY2xlL2Nhbm5lcy1maWxtLWZlc3RpdmFsLWZ1cmlvc2EtbWV0b28tY29wcG9sYS1tZWdhbG9wb2xpcy0wZWVlN2ViZTc1MzYzZTc2ZmJhODljYTNiZmUwMTBiOdIBAA?hl=en-US&gl=US&ceid=US%3Aen",
            "og": "https://encrypted-tbn3.gstatic.com/images?q=tbn:ANd9GcS9wxvl_zAn808bKvBHOmgLVdeYBci21y0BTh7VOEGzOJQw3y57B92RV2_uwuFI7LQS9nD04RQxe2iWezDzub6hjh8SiiViL1rnCHbc7TEyUlyxRA",
            "source": "The Associated Press",
            "source_icon": "https://encrypted-tbn2.gstatic.com/faviconV2?url=https://apnews.com&client=NEWS_360&size=96&type=FAVICON&fallback_opts=TYPE,SIZE,URL",
            "title": "Cannes is set to kick off. What to know about the film festival"
        },
        {
            "link": "https://news.google.com/articles/CBMifWh0dHBzOi8vd3d3LmluZGVwZW5kZW50LmNvLnVrL2xpZmUtc3R5bGUvcm95YWwtZmFtaWx5L25ld3MvaGFycnktbWVnaGFuLW1hcmtsZS1raW5nLWNoYXJsZXMtcm95YWwtZmFtaWx5LWxhdGVzdC1iMjU0MzkxMy5odG1s0gEA?hl=en-US&gl=US&ceid=US%3Aen",
            "og": "https://encrypted-tbn3.gstatic.com/images?q=tbn:ANd9GcSN_kCyXPFGGAzq7cVzAgUqh4y2hP32Cs2vAZskn1KXqa_eLWAWGarH5ZL3_S0qahSbe1L0aWSQwjP3vLIDN9HEZrdP9HHrznmbXhSw-veY2e7s2Q",
            "source": "The Independent",
            "source_icon": "https://encrypted-tbn1.gstatic.com/faviconV2?url=https://www.independent.co.uk&client=NEWS_360&size=96&type=FAVICON&fallback_opts=TYPE,SIZE,URL",
            "title": "King Charles 'wasn't invited' to see Prince Harry as war of words erupts - live"
        },
        {
            "link": "https://news.google.com/articles/CBMiMmh0dHBzOi8vd3d3Lmpwb3N0LmNvbS9pbnRlcm5hdGlvbmFsL2FydGljbGUtODAwOTU00gEA?hl=en-US&gl=US&ceid=US%3Aen",
            "og": "https://encrypted-tbn0.gstatic.com/images?q=tbn:ANd9GcTKkwydZWilcP1WNIU9eOz9u9CLGnJ45Hk6BMmHyf8fC8tzWn-Dnb0FO2TSquHwXuZAlr-ZkWnwQ9O5HenrKvNxMW6L23RMZbqUrI5-uw-7MJQYeg",
            "source": "The Jerusalem Post",
            "source_icon": "https://encrypted-tbn2.gstatic.com/faviconV2?url=https://www.jpost.com&client=NEWS_360&size=96&type=FAVICON&fallback_opts=TYPE,SIZE,URL",
            "title": "Ireland’s Bambie Thug sore after Israel’s Eurovision win"
        },
        {
            "link": "https://news.google.com/articles/CBMihQFodHRwczovL2t0bGEuY29tL25ld3MvbG9jYWwtbmV3cy9mcm9tLXNwb3J0cy10ZWFtcy10by10ZWxldmlzaW9uLW5ldHdvcmtzLXRvLWt0bGEtdmlld2Vycy10cmlidXRlcy1jb250aW51ZS10by1wb3VyLWluLWZvci1zYW0tcnViaW4v0gGJAWh0dHBzOi8va3RsYS5jb20vbmV3cy9sb2NhbC1uZXdzL2Zyb20tc3BvcnRzLXRlYW1zLXRvLXRlbGV2aXNpb24tbmV0d29ya3MtdG8ta3RsYS12aWV3ZXJzLXRyaWJ1dGVzLWNvbnRpbnVlLXRvLXBvdXItaW4tZm9yLXNhbS1ydWJpbi9hbXAv?hl=en-US&gl=US&ceid=US%3Aen",
            "og": "https://encrypted-tbn2.gstatic.com/images?q=tbn:ANd9GcSZSM2LGlR4oHaOrysppapgFfVMGa562gk1jpntwLYQE5o5yXIMevd8jZ7yaRWJqJY6Ywm5ETVIUeuKmMYUemWhwD2wIdoVZ3Ea5OaN3Uea1SmE_w",
            "source": "KTLA Los Angeles",
            "source_icon": "https://encrypted-tbn2.gstatic.com/faviconV2?url=https://ktla.com&client=NEWS_360&size=96&type=FAVICON&fallback_opts=TYPE,SIZE,URL",
            "title": "From sports teams to television networks to KTLA viewers, tributes continue to pour in for Sam Rubin"
        },
        {
            "link": "https://news.google.com/articles/CBMicWh0dHBzOi8vd3d3LmluZGVwZW5kZW50LmNvLnVrL25ld3Mvd29ybGQvYW1lcmljYXMvbWlzcy11bml2ZXJzZS1taXNzLXVzYS1iZWF1dHktcGFnZWFudC1hbGxlZ2F0aW9ucy1iMjU0MzY2My5odG1s0gEA?hl=en-US&gl=US&ceid=US%3Aen",
            "og": "https://encrypted-tbn1.gstatic.com/images?q=tbn:ANd9GcSFum1rmhAQbBKTOX9izPmi45kSnMhqNEn3FiS16znUfnrptVi21lRxdF5gemfQobIMP0r5w9-pMNwTPFl3cZEqeZ73lysFv_4u6UduMZcaBqSwqA",
            "source": "The Independent",
            "source_icon": "https://encrypted-tbn1.gstatic.com/faviconV2?url=https://www.independent.co.uk&client=NEWS_360&size=96&type=FAVICON&fallback_opts=TYPE,SIZE,URL",
            "title": "Why beauty queens are removing their crowns. The allegations against Miss Universe"
        },
        {
            "link": "https://news.google.com/articles/CBMiamh0dHBzOi8vd3d3LmluZGlld2lyZS5jb20vbmV3cy9nZW5lcmFsLW5ld3MvbWF5YS1ydWRvbHBoLWRlbGl2ZXJzLW1vdGhlci1vZi1hbGwtc25sLW1vbm9sb2d1ZXMtMTIzNTAwMzcxNy_SAQA?hl=en-US&gl=US&ceid=US%3Aen",
            "og": "https://encrypted-tbn1.gstatic.com/images?q=tbn:ANd9GcRZjAjISKtPe_FZ0HaM5G_b_Ra0gFrY68eUfgTa8815MqN3xnrOCgT7QP4TjEKULDKnB7BnWNcluwv_QNcZSFdl_DwaruaasG1SyvSMKd0wqXaM5Q",
            "source": "IndieWire",
            "source_icon": "https://encrypted-tbn1.gstatic.com/faviconV2?url=https://www.indiewire.com&client=NEWS_360&size=96&type=FAVICON&fallback_opts=TYPE,SIZE,URL",
            "title": "Maya Rudolph Delivers Mother' of All 'SNL' Monologues"
        },
        {
            "link": "https://news.google.com/articles/CBMiXmh0dHBzOi8vYWxsZWFycy5uZXQvMjAyNC8wNS8xMi90aWFuYXMtYmF5b3UtYWR2ZW50dXJlLW9wZW5pbmctZGF0ZS1hbm5vdW5jZWQtZm9yLWRpc25leS13b3JsZC_SAQA?hl=en-US&gl=US&ceid=US%3Aen",
            "og": "https://encrypted-tbn2.gstatic.com/images?q=tbn:ANd9GcRKzj4j0cc70QR4OYE1Pj6bfVDRTMZqCOCHgEEryG4HHnAZ07ThOAju_iTInb1G6cWHk4ix1Qi0pUdO3n1iM6-8j7guEPuibtVELaZCe46cSf0J9Q",
            "source": "AllEars.Net",
            "source_icon": "https://encrypted-tbn0.gstatic.com/faviconV2?url=https://allears.net&client=NEWS_360&size=96&type=FAVICON&fallback_opts=TYPE,SIZE,URL",
            "title": "NEWS: Was Tiana's Bayou Adventure OPENING DATE Just Announced for Disney World By Accident?"
        },
        {
            "link": "https://news.google.com/articles/CBMiSGh0dHBzOi8vdmFyaWV0eS5jb20vMjAyNC9maWxtL25ld3Mvc3VzYW4tYmFja2xpbmllLWRlYWQtamF3cy0xMjM1OTk5NTMwL9IBTGh0dHBzOi8vdmFyaWV0eS5jb20vMjAyNC9maWxtL25ld3Mvc3VzYW4tYmFja2xpbmllLWRlYWQtamF3cy0xMjM1OTk5NTMwL2FtcC8?hl=en-US&gl=US&ceid=US%3Aen",
            "og": "https://encrypted-tbn1.gstatic.com/images?q=tbn:ANd9GcQY---7EtAtiDyjK3XY1L3AKurWXCEHb4YRFIRmO2T3d2ESpme0f2iBVdWaafPnfII0oVCqCLnTbDTrip3bWqHP3HtVD8djpKec8nwgu8WX1PKYwg",
            "source": "Variety",
            "source_icon": "https://encrypted-tbn1.gstatic.com/faviconV2?url=https://variety.com&client=NEWS_360&size=96&type=FAVICON&fallback_opts=TYPE,SIZE,URL",
            "title": "Susan Backlinie, Who Played the First Shark Attack Victim in ‘Jaws,’ Dies at 77"
        },
        {
            "link": "https://news.google.com/articles/CBMiUGh0dHBzOi8vZGVhZGxpbmUuY29tLzIwMjQvMDUvcnVzc2VsbC10LWRhdmllcy1kb2N0b3Itd2hvLW5jdXRpLWdhdHdhLTEyMzU5MTMxOTAv0gFUaHR0cHM6Ly9kZWFkbGluZS5jb20vMjAyNC8wNS9ydXNzZWxsLXQtZGF2aWVzLWRvY3Rvci13aG8tbmN1dGktZ2F0d2EtMTIzNTkxMzE5MC9hbXAv?hl=en-US&gl=US&ceid=US%3Aen",
            "og": "https://encrypted-tbn0.gstatic.com/images?q=tbn:ANd9GcSx_KOPls8cK9Ji2O4EWpI3SwL49GEcEFkrfVNqj7-bj34u20Cf2wGXQaJKMgBxVrMoesKjPfVeKFhivOZtsOZny_m8h-1cAohzQE1AegRacIPahQ",
            "source": "Deadline",
            "source_icon": "https://encrypted-tbn0.gstatic.com/faviconV2?url=https://deadline.com&client=NEWS_360&size=96&type=FAVICON&fallback_opts=TYPE,SIZE,URL",
            "title": "Showrunner Russell T. Davies On Ushering An Inclusive Era Of ‘Doctor Who’"
        },
        {
            "link": "https://news.google.com/articles/CBMif2h0dHBzOi8vd3d3LmNpbmVtYWJsZW5kLmNvbS90ZWxldmlzaW9uL2p1c3Rpbi1iaWViZXItbW9tLXNldC1yZWNvcmQtc3RyYWlnaHQtYWZ0ZXItYWNjaWRlbnRhbGx5LXNwYXJraW5nLXJ1bW9yLWhhaWxleS1wcmVnbmFuY3nSAQA?hl=en-US&gl=US&ceid=US%3Aen",
            "og": "https://encrypted-tbn1.gstatic.com/images?q=tbn:ANd9GcRypEINlmfjqZi52Z4E0eCnJYRMwVRBeN3j7NenUeXULRXgJHG702NOdbW5E71-464X3R1fqsIqWdNPkuJyhUpwBiAaEwdGHDwQ441tlKCvmP3JlA",
            "source": "CinemaBlend",
            "source_icon": "https://encrypted-tbn3.gstatic.com/faviconV2?url=https://www.cinemablend.com&client=NEWS_360&size=96&type=FAVICON&fallback_opts=TYPE,SIZE,URL",
            "title": "Whoops, Justin Bieber's Mom Had To Set The Record Straight After Accidentally Sparking A Major Rumor About Hailey's Pregnancy"
        },
        {
            "link": "https://news.google.com/articles/CBMiPWh0dHBzOi8vd3d3Lnh4bG1hZy5jb20vZHJha2UtbHlyaWNhbC13YXIta2VuZHJpY2stbGFtYXItb3Zlci_SAQA?hl=en-US&gl=US&ceid=US%3Aen",
            "og": "https://encrypted-tbn1.gstatic.com/images?q=tbn:ANd9GcSqsgD_v4e0U6-9fG3nMJtukPTR-o7pLVbDuKnRBG8keD6i4BGFonTfNMhjERZGlIHUy3r0ap70DZFYu5dOZ5ZjP7O34_3JJwqAAxQabqit36zMxA",
            "source": "XXLMAG.COM",
            "source_icon": "https://encrypted-tbn0.gstatic.com/faviconV2?url=https://www.xxlmag.com&client=NEWS_360&size=96&type=FAVICON&fallback_opts=TYPE,SIZE,URL",
            "title": "Drake Seemingly Acknowledges His Rap Battle With Kendrick Is Over"
        }
    ],
    "Health": [
        {
            "link": "https://news.google.com/articles/CBMiT2h0dHBzOi8vd3d3Lm5wci5vcmcvMjAyNC8wNS8xMi8xMjUwODM1MTEzL3BpZy1raWRuZXktdHJhbnNwbGFudC1yaWNoYXJkLXNsYXltYW7SAQA?hl=en-US&gl=US&ceid=US%3Aen",
            "og": "https://encrypted-tbn3.gstatic.com/images?q=tbn:ANd9GcRl0HIaKCsjP7WrBDMywtOvkl_EJb4IiBumCB57_RghhOO7QwZkhHiCIr5Qnp3K9TwcBzBoWbt4pO3E7fXqrc00_l5U55q7BAGE3J8Wz8480nG_cw",
            "source": "NPR",
            "source_icon": "https://encrypted-tbn1.gstatic.com/faviconV2?url=https://www.npr.org&client=NEWS_360&size=96&type=FAVICON&fallback_opts=TYPE,SIZE,URL",
            "title": "The first person to receive a genetically modified pig kidney transplant has died"
        },
        {
            "link": "https://news.google.com/articles/CBMia2h0dHBzOi8vd3d3LmxhdGltZXMuY29tL2Vudmlyb25tZW50L3N0b3J5LzIwMjQtMDUtMTIvcmF3LW1pbGstZW50aHVzaWFzdHMtdW5jb3dlZC1ieS1iaXJkLWZsdS1yaXNrLWluLWRhaXJ50gEA?hl=en-US&gl=US&ceid=US%3Aen",
            "og": "https://encrypted-tbn2.gstatic.com/images?q=tbn:ANd9GcQ-glLZayZzaYx_Z5qd2HyMmb9GZ-tG63cQLJr69nlEcBoesbnsTfOq28fUcAt9f-YLbgidlloBfa-xbxJdgt6oLvGAb8CrniWafT_8HLuKq-c86A",
            "source": "Los Angeles Times",
            "source_icon": "https://encrypted-tbn1.gstatic.com/faviconV2?url=https://www.latimes.com&client=NEWS_360&size=96&type=FAVICON&fallback_opts=TYPE,SIZE,URL",
            "title": "Raw milk enthusiasts uncowed by bird flu risk in dairy"
        },
        {
            "link": "https://news.google.com/articles/CBMidWh0dHBzOi8vdGhlaGlsbC5jb20vaG9tZW5ld3MvbmV4c3Rhcl9tZWRpYV93aXJlLzQ2NTM3NDctd2lsbC15b3VyLWxhc3QtY292aWQtdmFjY2luZS13b3JrLWFnYWluc3QtbmV3LWZsaXJ0LXZhcmlhbnRzL9IBeWh0dHBzOi8vdGhlaGlsbC5jb20vaG9tZW5ld3MvbmV4c3Rhcl9tZWRpYV93aXJlLzQ2NTM3NDctd2lsbC15b3VyLWxhc3QtY292aWQtdmFjY2luZS13b3JrLWFnYWluc3QtbmV3LWZsaXJ0LXZhcmlhbnRzL2FtcC8?hl=en-US&gl=US&ceid=US%3Aen",
            "og": "https://encrypted-tbn1.gstatic.com/images?q=tbn:ANd9GcQ-2zwT-5XXD7l6-Ufc2sQzoy3xhImxpv01KFG31YehkkSSSeZVfNsqzQoLv8ULkB9KZHpBg4UZGq0QVcFPHbqiQ55sz47obqZoxNOUQu17cLADYw",
            "source": "The Hill",
            "source_icon": "https://encrypted-tbn2.gstatic.com/faviconV2?url=https://thehill.com&client=NEWS_360&size=96&type=FAVICON&fallback_opts=TYPE,SIZE,URL",
            "title": "Will your last COVID vaccine work against new ‘FLiRT’ variants?"
        },
        {
            "link": "https://news.google.com/articles/CBMigQFodHRwczovL3d3dy5jbGlja29uZGV0cm9pdC5jb20vbmV3cy9taWNoaWdhbi8yMDI0LzA1LzEyL21pY2hpZ2FuLXRpY2stc2Vhc29uLW1vc3QtY29tbW9uLWhvdy10by1wcmV2ZW50LWJpdGVzLWhvdy10by1yZW1vdmUtdGhlbS_SAQA?hl=en-US&gl=US&ceid=US%3Aen",
            "og": "https://encrypted-tbn2.gstatic.com/images?q=tbn:ANd9GcTpXjXceCSejFPJldXAVqJBTGRYuosObXIzo4WCNs2MO_9u8_6fE21q62qNbIpwqJqAHbzAUdnNS5HhzVOripVS",
            "source": "WDIV ClickOnDetroit",
            "source_icon": "https://encrypted-tbn0.gstatic.com/faviconV2?url=https://www.clickondetroit.com&client=NEWS_360&size=96&type=FAVICON&fallback_opts=TYPE,SIZE,URL",
            "title": "Michigan tick season: Most common, how to prevent bites, how to remove them"
        },
        {
            "link": "https://news.google.com/articles/CBMipAFodHRwczovL3d3dy55YWhvby5jb20vbGlmZXN0eWxlL29saXZlLW9pbC1tYXktbG93ZXIteW91ci1yaXNrLW9mLWRlbWVudGlhLXJlbGF0ZWQtZGVhdGgtLWFuZC00LW90aGVyLXRoaW5ncy13ZS1sZWFybmVkLWFib3V0LWhlYWx0aHktbGl2aW5nLXRoaXMtd2Vlay0xNjIwMDA1ODYuaHRtbNIBAA?hl=en-US&gl=US&ceid=US%3Aen",
            "og": "https://encrypted-tbn3.gstatic.com/images?q=tbn:ANd9GcTS86Sa0enz9uwBedmIlZDHYCDEvgiCn8-CRr5DmGWu6Q8qvUnsZeApAdIGvNYr0ocrRAShkeuDZ6ZkVACgXqOpG7u87gKeidCL_XptoW-eZy347Q",
            "source": "Yahoo Life",
            "source_icon": "https://encrypted-tbn1.gstatic.com/faviconV2?url=https://www.yahoo.com&client=NEWS_360&size=96&type=FAVICON&fallback_opts=TYPE,SIZE,URL",
            "title": "Olive oil may lower your risk of dementia-related death — and 4 other things we learned about healthy living this week"
        },
        {
            "link": "https://news.google.com/articles/CBMiU2h0dHBzOi8vd3d3LmNubi5jb20vMjAyNC8wNS8xMS93b3JsZC9iZWV0aG92ZW4tc2NpZW5jZS1uZXdzbGV0dGVyLXd0LXNjbi9pbmRleC5odG1s0gFMaHR0cHM6Ly9hbXAuY25uLmNvbS9jbm4vMjAyNC8wNS8xMS93b3JsZC9iZWV0aG92ZW4tc2NpZW5jZS1uZXdzbGV0dGVyLXd0LXNjbg?hl=en-US&gl=US&ceid=US%3Aen",
            "og": "https://encrypted-tbn2.gstatic.com/images?q=tbn:ANd9GcSmthd4jwN0nCTD8kMPD9OvOQZcZOl08Sq2ZlKn0Pg8keS6QTTD9ckBgR6iBJuuuy07L2k2dLrkFEAmMxOelRndC1pVHJACShwstpz6",
            "source": "CNN",
            "source_icon": "https://encrypted-tbn2.gstatic.com/faviconV2?url=https://www.cnn.com&client=NEWS_360&size=96&type=FAVICON&fallback_opts=TYPE,SIZE,URL",
            "title": "Beethoven’s hair reveals new insights into the composer’s health issues"
        },
        {
            "link": "https://news.google.com/articles/CBMiamh0dHBzOi8vd3d3LmNiczcuY29tLzIwMjQvMDUvMTIvd29tYW4td2hvLXdhcy1maXJzdC1yZWNvdmVyLXJhYmllcy13aXRob3V0LXZhY2NpbmUtbWFya3MtMjB0aC1hbm5pdmVyc2FyeS_SAXlodHRwczovL3d3dy5jYnM3LmNvbS8yMDI0LzA1LzEyL3dvbWFuLXdoby13YXMtZmlyc3QtcmVjb3Zlci1yYWJpZXMtd2l0aG91dC12YWNjaW5lLW1hcmtzLTIwdGgtYW5uaXZlcnNhcnkvP291dHB1dFR5cGU9YW1w?hl=en-US&gl=US&ceid=US%3Aen",
            "og": "https://encrypted-tbn3.gstatic.com/images?q=tbn:ANd9GcRZufLVTCTHBKnX6MHnxt62_EiXY1V25aaT-K7MOQBeBlK5rKREGHgDd_Wjvc9v1v_USnZMt6bM4hht4B6CFXG2fI5v0rX-3bJB2xUY",
            "source": "KOSA",
            "source_icon": "https://encrypted-tbn3.gstatic.com/faviconV2?url=https://www.cbs7.com&client=NEWS_360&size=96&type=FAVICON&fallback_opts=TYPE,SIZE,URL",
            "title": "Woman who was first to recover from rabies without vaccine marks 20th anniversary"
        },
        {
            "link": "https://news.google.com/articles/CBMiY2h0dHBzOi8vbnlwb3N0LmNvbS8yMDI0LzA1LzEyL2xpZmVzdHlsZS9vemVtcGljLWJyZWFzdHMtdGhlLWxhdGVzdC1zaWRlLWVmZmVjdC1vZi10aGUtcG9wdWxhci1kcnVnL9IBAA?hl=en-US&gl=US&ceid=US%3Aen",
            "og": "https://encrypted-tbn2.gstatic.com/images?q=tbn:ANd9GcRNP6rb5FA1BmuRd_4jcRDU4jdAENLTsuVdH39gOhGrtkWzNk-13vpy7Oj57gMczGqSJbf1JotwJxCp1BEhD2n585YTW9tUyBgoy4BFHZHOiBVE2g",
            "source": "New York Post",
            "source_icon": "https://encrypted-tbn3.gstatic.com/faviconV2?url=https://nypost.com&client=NEWS_360&size=96&type=FAVICON&fallback_opts=TYPE,SIZE,URL",
            "title": "'Ozempic breasts' the latest side effect of the popular drug"
        },
        {
            "link": "https://news.google.com/articles/CBMiTmh0dHBzOi8vd3d3LnlhaG9vLmNvbS9saWZlc3R5bGUvb2xkZXItYWR1bHRzLWhhdmluZy1zZXgtZ2V0dGluZy0xOTQ1MDI4NzguaHRtbNIBAA?hl=en-US&gl=US&ceid=US%3Aen",
            "og": "https://encrypted-tbn3.gstatic.com/images?q=tbn:ANd9GcTGWwJrSZa5W4EA7GFnsASfHy0YFUIYPNqF7s2gzXuppiK-1K5bh41UlkhJFP7wXnqLmmY3cKbTg-mvwjC5yzva1xmjpwI2l0ixvmUJXPZQiQRK_w",
            "source": "Yahoo Life",
            "source_icon": "https://encrypted-tbn1.gstatic.com/faviconV2?url=https://www.yahoo.com&client=NEWS_360&size=96&type=FAVICON&fallback_opts=TYPE,SIZE,URL",
            "title": "Older adults are having sex, and they're getting STIs, too"
        },
        {
            "link": "https://news.google.com/articles/CBMib2h0dHBzOi8vd3d3Lmdvb2RuZXdzbmV0d29yay5vcmcvY2FuY2VyLXZhY2NpbmUtdHJpZ2dlcnMtZmllcmNlLWltbXVuZS1yZXNwb25zZS10by1maWdodC1tYWxpZ25hbnQtYnJhaW4tdHVtb3JzL9IBAA?hl=en-US&gl=US&ceid=US%3Aen",
            "og": "https://encrypted-tbn3.gstatic.com/images?q=tbn:ANd9GcRemhihRTPvEicYc25-jzp-gZJyPh1O2U1tlAS2asrXLxHYnF1olpN0-SR726W7eGHImW1idJl8DArc0liwMyQbGrQnomszh8pgSBSB_8YiY7o8QQ",
            "source": "Good News Network",
            "source_icon": "https://encrypted-tbn2.gstatic.com/faviconV2?url=https://www.goodnewsnetwork.org&client=NEWS_360&size=96&type=FAVICON&fallback_opts=TYPE,SIZE,URL",
            "title": "Cancer Vaccine Triggers Fierce Immune Response to Fight Malignant Brain Tumors in Human Patients"
        },
        {
            "link": "https://news.google.com/articles/CBMiZWh0dHBzOi8vd3d3Lndhc2hpbmd0b25wb3N0LmNvbS93ZWxsbmVzcy8yMDI0LzA1LzEyL2Rvd24tc3luZHJvbWUtcmVncmVzc2lvbi1kaXNvcmRlci1tb3RoZXJzLXN1cHBvcnQv0gEA?hl=en-US&gl=US&ceid=US%3Aen",
            "og": "https://encrypted-tbn3.gstatic.com/images?q=tbn:ANd9GcT8qr1Tz2HX-rIC5IDnAIMC6GsMjkwLiiBHcgGDiItkzkx3swY3aWTt8chFLSWbfhQLaxcQ89MK5h6uTWhqasmT4mclxG7egN8eRhIfvxUtLBWWcA",
            "source": "The Washington Post",
            "source_icon": "https://encrypted-tbn3.gstatic.com/faviconV2?url=https://www.washingtonpost.com&client=NEWS_360&size=96&type=FAVICON&fallback_opts=TYPE,SIZE,URL",
            "title": "A strange regression was linked to Down syndrome. These moms found answers."
        },
        {
            "link": "https://news.google.com/articles/CBMifWh0dHBzOi8vc2NpdGVjaGRhaWx5LmNvbS9yZXZvbHV0aW9uYXJ5LXF1YXJ0ZXQtbmFub2NhZ2UtdmFjY2luZS1lZmZlY3RpdmUtYWdhaW5zdC1jb3JvbmF2aXJ1c2VzLXRoYXQtaGF2ZW50LWV2ZW4tZW1lcmdlZC15ZXQv0gEA?hl=en-US&gl=US&ceid=US%3Aen",
            "og": "https://encrypted-tbn1.gstatic.com/images?q=tbn:ANd9GcQpWYxfQaC5J4J8Jb8VO1l5Z5iUDNLaLckiqyBZQzGGnPFqtDySfhiWgyC6JPi5guWkQ5WV9bPqRv9OqQgzHl-ol5jdf_UQNGfua1lipifjD-YdBw",
            "source": "SciTechDaily",
            "source_icon": "https://encrypted-tbn2.gstatic.com/faviconV2?url=https://scitechdaily.com&client=NEWS_360&size=96&type=FAVICON&fallback_opts=TYPE,SIZE,URL",
            "title": "Revolutionary “Quartet Nanocage” Vaccine Effective Against Coronaviruses That Haven't Even Emerged Yet"
        },
        {
            "link": "https://news.google.com/articles/CBMibmh0dHBzOi8vd3d3LnBicy5vcmcvbmV3c2hvdXIvc2hvdy93aGF0LXRvLWtub3ctYWJvdXQtbmV3LWNvdmlkLXZhcmlhbnRzLWFuZC10aGUtc3ByZWFkLW9mLWJpcmQtZmx1LWFuZC1tZWFzbGVz0gFyaHR0cHM6Ly93d3cucGJzLm9yZy9uZXdzaG91ci9hbXAvc2hvdy93aGF0LXRvLWtub3ctYWJvdXQtbmV3LWNvdmlkLXZhcmlhbnRzLWFuZC10aGUtc3ByZWFkLW9mLWJpcmQtZmx1LWFuZC1tZWFzbGVz?hl=en-US&gl=US&ceid=US%3Aen",
            "og": "https://encrypted-tbn2.gstatic.com/images?q=tbn:ANd9GcTuHPam78-rt3WzOzksdhZgxEaM1c7l37qP4M2YYXc5urTUZLgxYNEMusfqWlIfUS_xBNH0r7E4DUoquLPUO9PKVcUmEBW3J2y_HOp5tmUFiAZiYw",
            "source": "PBS NewsHour",
            "source_icon": "https://encrypted-tbn1.gstatic.com/faviconV2?url=https://www.pbs.org&client=NEWS_360&size=96&type=FAVICON&fallback_opts=TYPE,SIZE,URL",
            "title": "What to know about new COVID variants and the spread of bird flu and measles"
        },
        {
            "link": "https://news.google.com/articles/CBMiW2h0dHBzOi8vd3d3LmlmbHNjaWVuY2UuY29tL2EtcG90ZW50aWFsbHktZmF0YWwtbmV3LWNvdmlkLXJlbGF0ZWQtc3luZHJvbWUtaGFzLWVtZXJnZWQtNzQxNzTSAQA?hl=en-US&gl=US&ceid=US%3Aen",
            "og": "https://encrypted-tbn2.gstatic.com/images?q=tbn:ANd9GcSdtq_yH3_kcMNwDm5R0XA5tUvZYSPPmLdab9E3vgQoj6dn-FD5QbZZOiPMRw59UuHZh8DCoLTsZ4k7zFuY1ywUrOpO-tOGiwr6qDF8SmRKYjSX6w",
            "source": "IFLScience",
            "source_icon": "https://encrypted-tbn0.gstatic.com/faviconV2?url=https://www.iflscience.com&client=NEWS_360&size=96&type=FAVICON&fallback_opts=TYPE,SIZE,URL",
            "title": "A Potentially Fatal New COVID-Related Syndrome Has Emerged"
        },
        {
            "link": "https://news.google.com/articles/CBMiZWh0dHBzOi8vbnlwb3N0LmNvbS8yMDI0LzA1LzEyL2xpZmVzdHlsZS9jYXJkaW9sb2dpc3RzLXJldmVhbC1iZXN0LWZydWl0LXRvLWVhdC10by1ib29zdC1oZWFydC1oZWFsdGgv0gFpaHR0cHM6Ly9ueXBvc3QuY29tLzIwMjQvMDUvMTIvbGlmZXN0eWxlL2NhcmRpb2xvZ2lzdHMtcmV2ZWFsLWJlc3QtZnJ1aXQtdG8tZWF0LXRvLWJvb3N0LWhlYXJ0LWhlYWx0aC9hbXAv?hl=en-US&gl=US&ceid=US%3Aen",
            "og": "https://encrypted-tbn2.gstatic.com/images?q=tbn:ANd9GcTGxR5kHnuEr1Y0C6LYiPUul3KnYbgNaJfrAQ9UADqbFfBLS5Kf8rEZ2zsI97Z0GGSvFurw4CIPJOmXTaTQtodf56yq6PmHnsKa3iuLJK-uHEyMqg",
            "source": "New York Post",
            "source_icon": "https://encrypted-tbn3.gstatic.com/faviconV2?url=https://nypost.com&client=NEWS_360&size=96&type=FAVICON&fallback_opts=TYPE,SIZE,URL",
            "title": "I'm a cardiologist — this is the best fruit to eat for a healthy heart"
        },
        {
            "link": "https://news.google.com/articles/CBMiUGh0dHBzOi8vd3d3Lndhc2hpbmd0b25wb3N0LmNvbS9ib29rcy8yMDI0LzA1LzEyL2EtZmF0YWwtaW5oZXJpdGFuY2UtYm9vay1yZXZpZXcv0gEA?hl=en-US&gl=US&ceid=US%3Aen",
            "og": "https://encrypted-tbn0.gstatic.com/images?q=tbn:ANd9GcTvT-20pJ5WqNxu1KAjGACW7eah4ygLME-u8vIhTcvSmFS2dVlBIKR4whEoFkS62AY3wjMNhzigQorJ-f_45JxuGQn6dEAqiAC0BAnxFGSqMvSntw",
            "source": "The Washington Post",
            "source_icon": "https://encrypted-tbn3.gstatic.com/faviconV2?url=https://www.washingtonpost.com&client=NEWS_360&size=96&type=FAVICON&fallback_opts=TYPE,SIZE,URL",
            "title": "‘A Fatal Inheritance,’ by Lawrence Ingrassia book review"
        },
        {
            "link": "https://news.google.com/articles/CBMiWWh0dHBzOi8vc2xhdGUuY29tL2FkdmljZS8yMDI0LzA1L2ZhbWlseS1hZHZpY2Utc2lzdGVyLWV4LWh1c2JhbmQtZGVmZW5zaXZlLXBhcmVudGluZy5odG1s0gEA?hl=en-US&gl=US&ceid=US%3Aen",
            "og": "https://encrypted-tbn0.gstatic.com/images?q=tbn:ANd9GcRTZ8bSw_zd3vR7fM8fLkMr4dlWv5sL4cXFSMANys_j5Fo3_E6IBTSBAfnPmbT46hkbP734CENDNT1MkiJl8wdtPGi8Vlqu0Yh_qDqLoy4ef6z2iw",
            "source": "Slate",
            "source_icon": "https://encrypted-tbn3.gstatic.com/faviconV2?url=https://slate.com&client=NEWS_360&size=96&type=FAVICON&fallback_opts=TYPE,SIZE,URL",
            "title": "Family advice: My boyfriend is constantly defending a despicable man. I can't take it anymore."
        },
        {
            "link": "https://news.google.com/articles/CBMia2h0dHBzOi8vd3d3Lm5kdHYuY29tL2ZlYXR1cmUvdXMtbWFuLWNvbnRyYWN0cy1mbGVzaC1lYXRpbmctYmFjdGVyaWEtYWZ0ZXItd2Fsa2luZy1iYXJlZm9vdC1vbi1iZWFjaC01NjQ1ODUy0gFxaHR0cHM6Ly93d3cubmR0di5jb20vZmVhdHVyZS91cy1tYW4tY29udHJhY3RzLWZsZXNoLWVhdGluZy1iYWN0ZXJpYS1hZnRlci13YWxraW5nLWJhcmVmb290LW9uLWJlYWNoLTU2NDU4NTIvYW1wLzE?hl=en-US&gl=US&ceid=US%3Aen",
            "og": "https://encrypted-tbn2.gstatic.com/images?q=tbn:ANd9GcRwl6idWy5i3dul2uDj5LWu7piy65tsIzgL5_6r5NwL1RXWMcUpJ6MFC9BK8O1koCyUZuZeeyKPwlWvZTQB5s76gvxNVfmZYoqKbmXgOgBSL8SM0Q",
            "source": "NDTV",
            "source_icon": "https://encrypted-tbn0.gstatic.com/faviconV2?url=https://www.ndtv.com&client=NEWS_360&size=96&type=FAVICON&fallback_opts=TYPE,SIZE,URL",
            "title": "US Man Contracts Flesh-Eating Bacteria After Walking Barefoot On Beach"
        },
        {
            "link": "https://news.google.com/articles/CBMiTGh0dHBzOi8vd3d3LmRlbnZlcnBvc3QuY29tLzIwMjQvMDUvMTIvbGVhZC1ibG9vZC1jaGlsZHJlbi1jb2xvcmFkby1haXJwb3J0cy_SAVBodHRwczovL3d3dy5kZW52ZXJwb3N0LmNvbS8yMDI0LzA1LzEyL2xlYWQtYmxvb2QtY2hpbGRyZW4tY29sb3JhZG8tYWlycG9ydHMvYW1wLw?hl=en-US&gl=US&ceid=US%3Aen",
            "og": "https://encrypted-tbn2.gstatic.com/images?q=tbn:ANd9GcTGZhzahz2_2ZIYDPi_bUqaTUbGyi0QyQltqrOtYevfvBGRnPdXUF3t-RsL5gId8V_DN3R14vG4K13PQlNRvg5v5wXDGN67EsYAt-u-9gx1uD75_A",
            "source": "The Denver Post",
            "source_icon": "https://encrypted-tbn0.gstatic.com/faviconV2?url=https://www.denverpost.com&client=NEWS_360&size=96&type=FAVICON&fallback_opts=TYPE,SIZE,URL",
            "title": "Kids living near Colorado airports have slightly elevated levels of lead in their blood, new study finds"
        },
        {
            "link": "https://news.google.com/articles/CBMigQFodHRwczovL3d3dy5zaWxpdmUuY29tL25ld3MvMjAyNC8wNS9iZXN0LW1vdGhlcnMtZGF5LWdpZnQtc3RhdGVuLWlzbGFuZC1ib3ktMy1sZWF2ZXMtaG9zcGl0YWwtYWZ0ZXItbGlmZS10aHJlYXRlbmluZy1pbGxuZXNzLmh0bWzSAZABaHR0cHM6Ly93d3cuc2lsaXZlLmNvbS9uZXdzLzIwMjQvMDUvYmVzdC1tb3RoZXJzLWRheS1naWZ0LXN0YXRlbi1pc2xhbmQtYm95LTMtbGVhdmVzLWhvc3BpdGFsLWFmdGVyLWxpZmUtdGhyZWF0ZW5pbmctaWxsbmVzcy5odG1sP291dHB1dFR5cGU9YW1w?hl=en-US&gl=US&ceid=US%3Aen",
            "og": "https://encrypted-tbn3.gstatic.com/images?q=tbn:ANd9GcTEl7muwm-RThVKeNLSDXVipy6m0D-kqSrlg3v-_vC_FxvyYrSoiaEBBeFqVQJPgWWNbiWSw45EzwEmrYatQIQdi23zHj-BytVP1SqF_ZQaYdXMLA",
            "source": "SILive.com",
            "source_icon": "https://encrypted-tbn3.gstatic.com/faviconV2?url=https://www.silive.com&client=NEWS_360&size=96&type=FAVICON&fallback_opts=TYPE,SIZE,URL",
            "title": "Best Mother’s Day gift: Staten Island boy, 3, leaves hospital after life-threatening illness"
        },
        {
            "link": "https://news.google.com/articles/CBMieGh0dHBzOi8vd3d3LnlhaG9vLmNvbS9saWZlc3R5bGUvaWNlLWNyZWFtLWRvZXNudC1tZWx0LWF0LWFsbC10aGlzLTEyLWluc3VsYXRlZC1ib3dsLXdpbGwtc2F2ZS15b3VyLXN1bW1lci0xMzA0MjExMzEuaHRtbNIBAA?hl=en-US&gl=US&ceid=US%3Aen",
            "og": "https://encrypted-tbn1.gstatic.com/images?q=tbn:ANd9GcR3Um8jtSIjkm1aDo4Ik2FQtLE-69zdpRoi768bQwbO9OCSAFAP0Yf8C3MyQT4f6lfDjdxnm9KBnF7iMQT7D7G2jOq4GzNl3A9W2ng2s931CoCanQ",
            "source": "Yahoo Life",
            "source_icon": "https://encrypted-tbn1.gstatic.com/faviconV2?url=https://www.yahoo.com&client=NEWS_360&size=96&type=FAVICON&fallback_opts=TYPE,SIZE,URL",
            "title": "'Ice cream doesn't melt at all': This $12 insulated bowl will save your summer"
        },
        {
            "link": "https://news.google.com/articles/CBMiTGh0dHBzOi8vd3d3Lndhc2hpbmd0b25wb3N0LmNvbS9oZWFsdGgvMjAyNC8wNS8xMi9oaXAtYm9uZS1mcmFjdHVyZXMtc2VuaW9ycy_SAQA?hl=en-US&gl=US&ceid=US%3Aen",
            "og": "https://encrypted-tbn0.gstatic.com/images?q=tbn:ANd9GcS-pDZvN1JW2LQyZV59hrx1bmt4dUzCBSfOcyyVHWaief6E9MLRmWkwmSlFfS1bGiEZKb8gW7ThuSjmtdhbIu4ztzCTvIZ4EiRL-Xp79bZvboJ6pQ",
            "source": "The Washington Post",
            "source_icon": "https://encrypted-tbn3.gstatic.com/faviconV2?url=https://www.washingtonpost.com&client=NEWS_360&size=96&type=FAVICON&fallback_opts=TYPE,SIZE,URL",
            "title": "Hip breaks more deadly than some cancers in elderly, study finds"
        },
        {
            "link": "https://news.google.com/articles/CBMiVWh0dHBzOi8vd3d3LnNmY2hyb25pY2xlLmNvbS9oZWFsdGgvYXJ0aWNsZS9jb3ZpZC1kb2RnZXJzLWltbXVuZS1vci1sdWNreS0xOTQ1MTA4My5waHDSAQA?hl=en-US&gl=US&ceid=US%3Aen",
            "og": "https://encrypted-tbn1.gstatic.com/images?q=tbn:ANd9GcREYqFKhxZlQuv8TGjZ1ZJ6nSTerrpKYu1arrtBOtXdRYunlFPoxN2m3mjOI4I41DbUIfz2PvGjo38VWbLoMXW_BrLYMgHWmglgUs7HvtfxnDZTpg",
            "source": "San Francisco Chronicle",
            "source_icon": "https://encrypted-tbn3.gstatic.com/faviconV2?url=https://www.sfchronicle.com&client=NEWS_360&size=96&type=FAVICON&fallback_opts=TYPE,SIZE,URL",
            "title": "I still haven't had COVID. Does science know if I'm really immune?"
        },
        {
            "link": "https://news.google.com/articles/CBMicGh0dHBzOi8vd3d3LnBzeXBvc3Qub3JnL25ldXJvc2NpZW50aXN0cy1yZXZlYWwtaW50cmlndWluZy1pbXBhY3Qtb2YtbGlnaHQtb24taHVtYW4tY29nbml0aW9uLWFuZC1icmFpbi1hY3Rpdml0eS_SAQA?hl=en-US&gl=US&ceid=US%3Aen",
            "og": "https://encrypted-tbn1.gstatic.com/images?q=tbn:ANd9GcQgMmij0P7muNsi6BSIB1Qd7PtUJNCG_3qGkq3De9-ZBWAE7QyZynkHtclBVnqZHTTpKLtumdv88SpHeoGoxp_GBF21PGwFseFnll7X-VoUJiu22A",
            "source": "PsyPost",
            "source_icon": "https://encrypted-tbn2.gstatic.com/faviconV2?url=https://www.psypost.org&client=NEWS_360&size=96&type=FAVICON&fallback_opts=TYPE,SIZE,URL",
            "title": "Neuroscientists reveal intriguing impact of light on human cognition and brain activity"
        },
        {
            "link": "https://news.google.com/articles/CBMioQFodHRwczovL3d3dy5kYWlseW1haWwuY28udWsvaGVhbHRoL2FydGljbGUtMTM0MDc2NjMvVGhlLXJlZC1mbGFnLXN5bXB0b20tYmxhZGRlci1jYW5jZXItd29tZW4tbmVlZC1rbm93LUdQcy13cm9uZ2x5LWRpc21pc3MtbWVub3BhdXNlLWVmZmVjdC11cmluZS1pbmZlY3Rpb24uaHRtbNIBAA?hl=en-US&gl=US&ceid=US%3Aen",
            "og": "https://encrypted-tbn2.gstatic.com/images?q=tbn:ANd9GcQ3VHmuXwY2v-dKpJjut_jYPnz5yNMwTG0eQnFXN2HwUE2wywD45qn00KF31h2Qn8Sofk_T3e6mBP39m0G7Tknj5SRqrJpNwapuUP9_f_y8tZcApg",
            "source": "Daily Mail",
            "source_icon": "https://encrypted-tbn1.gstatic.com/faviconV2?url=https://www.dailymail.co.uk&client=NEWS_360&size=96&type=FAVICON&fallback_opts=TYPE,SIZE,URL",
            "title": "The 'red flag' symptom of bladder cancer women need to know about"
        },
        {
            "link": "https://news.google.com/articles/CBMiYGh0dHBzOi8vd3d3Lm9yZWdvbmxpdmUuY29tL2J1c2luZXNzLzIwMjQvMDUvc2VuaW9yLWNpdGl6ZW5zLXJlbWFpbi1zdHJhbmRlZC1pbi1ob3NwaXRhbC1lcnMuaHRtbNIBb2h0dHBzOi8vd3d3Lm9yZWdvbmxpdmUuY29tL2J1c2luZXNzLzIwMjQvMDUvc2VuaW9yLWNpdGl6ZW5zLXJlbWFpbi1zdHJhbmRlZC1pbi1ob3NwaXRhbC1lcnMuaHRtbD9vdXRwdXRUeXBlPWFtcA?hl=en-US&gl=US&ceid=US%3Aen",
            "og": "https://encrypted-tbn3.gstatic.com/images?q=tbn:ANd9GcRkSk1l0iaaZ6xaglYuJpxWREeKdxw_nHQ70iS4rP8F86sMBkrIafZ5OVCCROdRPEr7-mbAdwNgWrdqYhKRq1RTWjsZc_w1czmIP8TzMjsCYAO2-Q",
            "source": "OregonLive",
            "source_icon": "https://encrypted-tbn2.gstatic.com/faviconV2?url=https://www.oregonlive.com&client=NEWS_360&size=96&type=FAVICON&fallback_opts=TYPE,SIZE,URL",
            "title": "Senior citizens remain stranded in hospital ERs"
        },
        {
            "link": "https://news.google.com/articles/CBMiZ2h0dHBzOi8vd3d3LnNjaWVuY2VhbGVydC5jb20vd2hhdC1pcy1hZGVub215b3Npcy10aGlzLWxpdHRsZS1rbm93bi1jb25kaXRpb24tYWZmZWN0cy11cC10by0xLWluLTUtd29tZW7SAQA?hl=en-US&gl=US&ceid=US%3Aen",
            "og": "https://encrypted-tbn3.gstatic.com/images?q=tbn:ANd9GcT6mWbwcPXQXtHELk1q82l5lOSG4XLIH_K2MSUMhKksXrfXWCS_kpnTrslSfCTYCTFLcBcLuWXCNmDMpEN4z_ykqraFYoJjV2vHKPYPRTIxddOsSQ",
            "source": "ScienceAlert",
            "source_icon": "https://encrypted-tbn2.gstatic.com/faviconV2?url=https://www.sciencealert.com&client=NEWS_360&size=96&type=FAVICON&fallback_opts=TYPE,SIZE,URL",
            "title": "What Is Adenomyosis? This Little-Known Condition Affects Up to 1 in 5 Women"
        },
        {
            "link": "https://news.google.com/articles/CBMiY2h0dHBzOi8vd3d3LmxhZGJpYmxlLmNvbS9uZXdzL2hlYWx0aC9keWluZy1kZWF0aC1zaWducy1ob3NwaWNlLWp1bGllLW1jZmFkZGVuLW51cnNlLTU4NDM0Ni0yMDI0MDUxMtIBAA?hl=en-US&gl=US&ceid=US%3Aen",
            "og": "https://encrypted-tbn3.gstatic.com/images?q=tbn:ANd9GcQwANiooN_WF5iBVzLCKDyr4rY067LdhpiWIZUiK00kZZHzYIQ0Gg-_88ThmxYijZyy91S7tOfexAT6of-HQm6rwLm33geQk2588OvzMuH_9MfswQ",
            "source": "LADbible",
            "source_icon": "https://encrypted-tbn1.gstatic.com/faviconV2?url=https://www.ladbible.com&client=NEWS_360&size=96&type=FAVICON&fallback_opts=TYPE,SIZE,URL",
            "title": "Hospice nurse says there are 12 signs to look for that suggest someone is near death"
        },
        {
            "link": "https://news.google.com/articles/CBMidmh0dHBzOi8vbnlwb3N0LmNvbS8yMDI0LzA1LzEyL2xpZmVzdHlsZS9taXJhY3Vsb3VzLW5ldy1jYW5jZXItdHJlYXRtZW50LWdpdmVzLW5ldy1qZXJzZXktbW9tLWEtY2hhbmNlLWZvci1zZWNvbmQtYmFieS_SAXpodHRwczovL255cG9zdC5jb20vMjAyNC8wNS8xMi9saWZlc3R5bGUvbWlyYWN1bG91cy1uZXctY2FuY2VyLXRyZWF0bWVudC1naXZlcy1uZXctamVyc2V5LW1vbS1hLWNoYW5jZS1mb3Itc2Vjb25kLWJhYnkvYW1wLw?hl=en-US&gl=US&ceid=US%3Aen",
            "og": "https://encrypted-tbn3.gstatic.com/images?q=tbn:ANd9GcQf0DkDiTM3fakuB0vCZ4_x0qsIQzVIQmkw2bbdYdayRsHfBhk2T5QGVYtQZAWtG6VzQvFnAtTqO6kyVielMVyB5P3RtNWVg5pkdmq5lBrDsXDW6A",
            "source": "New York Post",
            "source_icon": "https://encrypted-tbn3.gstatic.com/faviconV2?url=https://nypost.com&client=NEWS_360&size=96&type=FAVICON&fallback_opts=TYPE,SIZE,URL",
            "title": "Miraculous new cancer treatment gives New Jersey mom a chance for second baby"
        },
        {
            "link": "https://news.google.com/articles/CBMiTWh0dHBzOi8vd3d3LnlhaG9vLmNvbS9saWZlc3R5bGUvd2FudC1hdm9pZC1mb29kLXBvaXNvbmluZy1za2lwLTA3MDA0MDM3MC5odG1s0gEA?hl=en-US&gl=US&ceid=US%3Aen",
            "og": "https://encrypted-tbn0.gstatic.com/images?q=tbn:ANd9GcRzlJkjpnX6fyL1AippYS42BrP4ciWIfwJPS7IX1Yo2hMwUMo0o423VA_yZymIUCzb0EPz1Vw2EzETnqD1TQoHlkx7s--EOzvkakrN2dl0-NpbmlQ",
            "source": "Yahoo Life",
            "source_icon": "https://encrypted-tbn1.gstatic.com/faviconV2?url=https://www.yahoo.com&client=NEWS_360&size=96&type=FAVICON&fallback_opts=TYPE,SIZE,URL",
            "title": "Want To Avoid Food Poisoning? Skip These Items At Your Hotel's Breakfast Buffet"
        },
        {
            "link": "https://news.google.com/articles/CBMiYmh0dHBzOi8vc2xhdGUuY29tL2xpZmUvMjAyNC8wNS9kZW1vbi1mYWNlLXN5bmRyb21lLXdoYXQtaXMtcHJvc29wb21ldGFtb3JwaG9wc2lhLXJhcmUtZGlzZWFzZS5odG1s0gEA?hl=en-US&gl=US&ceid=US%3Aen",
            "og": "https://encrypted-tbn1.gstatic.com/images?q=tbn:ANd9GcSPBXX2PEmr0bJGqXQ4MqU3YGyMGg1MlqjHVntCv_YhjdIDxhXqDSVZ7vaL1c7n7VAo6pmb77YXZenuO0HrUWz7Grw_rnVrwVOE3DYxTbUAphVjIg",
            "source": "Slate",
            "source_icon": "https://encrypted-tbn3.gstatic.com/faviconV2?url=https://slate.com&client=NEWS_360&size=96&type=FAVICON&fallback_opts=TYPE,SIZE,URL",
            "title": "Demon face syndrome: What it's like to have the rare disorder."
        },
        {
            "link": "https://news.google.com/articles/CBMiiAFodHRwczovL3d3dy5saXZlc2NpZW5jZS5jb20vcGxhbmV0LWVhcnRoL21pY3JvYmlvbG9neS90aGUtbW9zdC1jcml0aWNhbGx5LWhhcm1mdWwtZnVuZ2ktdG8taHVtYW5zLWhvdy10aGUtcmlzZS1vZi1jLWF1cmlzLXdhcy1pbmV2aXRhYmxl0gEA?hl=en-US&gl=US&ceid=US%3Aen",
            "og": "https://encrypted-tbn1.gstatic.com/images?q=tbn:ANd9GcTlVolhkebWlRdBKUoviS4vstrxOQYgQriJcnIKMpTdUugMzk1wYhIGMOUVn36HZbjLDz_8Sia_Puee2e26rQAanwSu",
            "source": "Livescience.com",
            "source_icon": "https://encrypted-tbn2.gstatic.com/faviconV2?url=https://www.livescience.com&client=NEWS_360&size=96&type=FAVICON&fallback_opts=TYPE,SIZE,URL",
            "title": "'The most critically harmful fungi to humans': How the rise of C. auris was inevitable"
        },
        {
            "link": "https://news.google.com/articles/CBMiVGh0dHBzOi8vd3d3LnRoZWd1YXJkaWFuLmNvbS93ZWxsbmVzcy9hcnRpY2xlLzIwMjQvbWF5LzEyL21lbm9wYXVzZS1tYXJ5LWNsYWlyZS1oYXZlctIBVGh0dHBzOi8vYW1wLnRoZWd1YXJkaWFuLmNvbS93ZWxsbmVzcy9hcnRpY2xlLzIwMjQvbWF5LzEyL21lbm9wYXVzZS1tYXJ5LWNsYWlyZS1oYXZlcg?hl=en-US&gl=US&ceid=US%3Aen",
            "og": "https://encrypted-tbn3.gstatic.com/images?q=tbn:ANd9GcRAJ_Rnxkrh1m_AGW1yI5sssrgOlFLc7yhtGsI6ee249f7KEoxwCjiNUT1v5k3jnDuEmAaCKKggTPIT2Kam9no5e_sYQIPy_7DaPOZW_eFLy3ZKew",
            "source": "The Guardian",
            "source_icon": "https://encrypted-tbn0.gstatic.com/faviconV2?url=https://www.theguardian.com&client=NEWS_360&size=96&type=FAVICON&fallback_opts=TYPE,SIZE,URL",
            "title": "‘Menopause should be optional’: the doctor demystifying care for millions on TikTok"
        },
        {
            "link": "https://news.google.com/articles/CBMiVGh0dHBzOi8vd3d3LmZveG5ld3MuY29tL2hlYWx0aC84LW1vc3QtaW1wb3J0YW50LWhlYWx0aC1zdG9yaWVzLXdlZWstY2FzZS1taXNzZWQtdGhlbdIBWGh0dHBzOi8vd3d3LmZveG5ld3MuY29tL2hlYWx0aC84LW1vc3QtaW1wb3J0YW50LWhlYWx0aC1zdG9yaWVzLXdlZWstY2FzZS1taXNzZWQtdGhlbS5hbXA?hl=en-US&gl=US&ceid=US%3Aen",
            "og": "https://encrypted-tbn2.gstatic.com/images?q=tbn:ANd9GcSi9HwYxUZ4-s6AQ6nAmWSDiJZBl0yxiCAIvOUNyo-6ihA29p-FdBYefT9GgU9HwGqvP05zX9D1fF4Gffw8I1Eqn7gw_W-FD0m0bX4zG_sQZGsH9Q",
            "source": "Fox News",
            "source_icon": "https://encrypted-tbn3.gstatic.com/faviconV2?url=https://www.foxnews.com&client=NEWS_360&size=96&type=FAVICON&fallback_opts=TYPE,SIZE,URL",
            "title": "8 of the most important health stories this week, in case you missed them"
        },
        {
            "link": "https://news.google.com/articles/CBMiVGh0dHBzOi8vd3d3LnRlbGVncmFwaC5jby51ay9oZWFsdGgtZml0bmVzcy93ZWxsYmVpbmcvbWVudGFsLWhlYWx0aC9hZGhkLXdvbWVuLWdpcmxzL9IBAA?hl=en-US&gl=US&ceid=US%3Aen",
            "og": "https://encrypted-tbn0.gstatic.com/images?q=tbn:ANd9GcQkhuFTI4OjOE26VvVTSTjk4HkBQH9UY1sWhC7VfuPKjZLfqZrEQ_a6uSqume0uioQTI9Ru_PaAAzf9Qk2g9LTFjadpUNhZnxcIzMDrvRIis77CKw",
            "source": "The Telegraph",
            "source_icon": "https://encrypted-tbn2.gstatic.com/faviconV2?url=https://www.telegraph.co.uk&client=NEWS_360&size=96&type=FAVICON&fallback_opts=TYPE,SIZE,URL",
            "title": "ADHD in women and girls: signs, symptoms and treatment"
        },
        {
            "link": "https://news.google.com/articles/CBMiamh0dHBzOi8vd3d3Lndpb25ld3MuY29tL3NjaWVuY2Uvc2NpZW50aXN0cy1maW5kLXVsdGltYXRlLXNvbHV0aW9uLWZvci1hbGwtc2xlZXAtZGlzb3JkZXJzLWdhcmRlbmluZy03MjA0NDLSAQA?hl=en-US&gl=US&ceid=US%3Aen",
            "og": "https://encrypted-tbn0.gstatic.com/images?q=tbn:ANd9GcTCFCBuRILzdtVNeIkxYSihW64jOZhTHXUP7U5OUmszPN7qvsBkbYqnOheEkx11uoxB8bDFdOtjnLU6IZqWeaf1TyX9wPSHXF0PYN2eU2f_tVhbwQ",
            "source": "WION",
            "source_icon": "https://encrypted-tbn2.gstatic.com/faviconV2?url=https://www.wionews.com&client=NEWS_360&size=96&type=FAVICON&fallback_opts=TYPE,SIZE,URL",
            "title": "Scientists find ultimate solution for all sleep disorders: Gardening"
        },
        {
            "link": "https://news.google.com/articles/CBMiYGh0dHBzOi8vbnlwb3N0LmNvbS8yMDI0LzA1LzEyL2xpZmVzdHlsZS9ob3ctcHJlbWF0dXJlLW1lbm9wYXVzZS1jYW4tY2F1c2UtZWFybHktZGVhdGgtbmV3LXN0dWR5L9IBZGh0dHBzOi8vbnlwb3N0LmNvbS8yMDI0LzA1LzEyL2xpZmVzdHlsZS9ob3ctcHJlbWF0dXJlLW1lbm9wYXVzZS1jYW4tY2F1c2UtZWFybHktZGVhdGgtbmV3LXN0dWR5L2FtcC8?hl=en-US&gl=US&ceid=US%3Aen",
            "og": "https://encrypted-tbn2.gstatic.com/images?q=tbn:ANd9GcQH2ACP2JMkdFmbQ4IzIVhDZes4CpM28gRm4rAhLL3Ln4bhHqIVhsIKnaHZo5ISrHhZ1jE1OQQEtzLZoNs5icHaHrzKA2w-c43-yEsT2Gib0j8Kdw",
            "source": "New York Post",
            "source_icon": "https://encrypted-tbn3.gstatic.com/faviconV2?url=https://nypost.com&client=NEWS_360&size=96&type=FAVICON&fallback_opts=TYPE,SIZE,URL",
            "title": "How premature menopause can cause early death: new study"
        },
        {
            "link": "https://news.google.com/articles/CBMiW2h0dHBzOi8vc2xhdGUuY29tL2FkdmljZS8yMDI0LzA1L21hcnJpYWdlLXRoZXJhcGlzdC1odXNiYW5kLWVtb3Rpb25hbC1hZHZpY2UtcGFyZW50aW5nLmh0bWzSAQA?hl=en-US&gl=US&ceid=US%3Aen",
            "og": "https://encrypted-tbn3.gstatic.com/images?q=tbn:ANd9GcRKCCmoipORfm1237a1WljxqoCwoADFHlH78XTR-dDdoD9QcHnaA2LW_KthEhnL1dbblTfi8zIA8BO6Rjn-fbTSJjFBzYWKGFfM663tlzy__uu0qA",
            "source": "Slate",
            "source_icon": "https://encrypted-tbn3.gstatic.com/faviconV2?url=https://slate.com&client=NEWS_360&size=96&type=FAVICON&fallback_opts=TYPE,SIZE,URL",
            "title": "Marriage advice: My therapist replaced my husband. Is that so bad?"
        },
        {
            "link": "https://news.google.com/articles/CBMiWWh0dHBzOi8vd3d3LmJ1enpmZWVkLmNvbS9zYXJhaGJvdXJhc3NhL2lmLXlvdXJlLWNvbmdlc3RlZC10aGVzZS1mb29kcy1jb3VsZC1iZS10aGUtcmVhc29u0gEA?hl=en-US&gl=US&ceid=US%3Aen",
            "og": "https://encrypted-tbn1.gstatic.com/images?q=tbn:ANd9GcTNKH9aDAfk7lvgPiJQOf-ZTooGqfdMZ2BsLI1zLEzQgKCn7vKc-YDUOxx_A_PX-rWPKYGS9cfZBKTEF-oBbHuOQ4fMrAlhJiG3MooN",
            "source": "BuzzFeed",
            "source_icon": "https://encrypted-tbn2.gstatic.com/faviconV2?url=https://www.buzzfeed.com&client=NEWS_360&size=96&type=FAVICON&fallback_opts=TYPE,SIZE,URL",
            "title": "If You're Congested, These Foods Could Be The Reason"
        },
        {
            "link": "https://news.google.com/articles/CBMic2h0dHBzOi8vd3d3LmRlc2VyZXQuY29tL3V0YWgvMjAyNC8wNS8xMi91dGFobi1tYXktYmUtb24tdmVyZ2Utb2YtYS1zaWduaWZpY2FudC1icmVha3Rocm91Z2gtaW4tdHJlYXRpbmctYWx6aGVpbWVycy_SAQA?hl=en-US&gl=US&ceid=US%3Aen",
            "og": "https://encrypted-tbn1.gstatic.com/images?q=tbn:ANd9GcR_prMM_ELRXpOzElqYb0Xwg-LL0fRoB5lTzObOJDb70SBLfgsHNema58_G0M8-JAjnk0cX9sUKG12juuUXzToF",
            "source": "Deseret News",
            "source_icon": "https://encrypted-tbn1.gstatic.com/faviconV2?url=https://www.deseret.com&client=NEWS_360&size=96&type=FAVICON&fallback_opts=TYPE,SIZE,URL",
            "title": "Utahn may be on verge of a significant breakthrough in treating Alzheimer's"
        },
        {
            "link": "https://news.google.com/articles/CBMie2h0dHBzOi8vd3d3LnVzYXRvZGF5LmNvbS9zdG9yeS9uZXdzL2hlYWx0aC8yMDI0LzA1LzEyL21lYXNsZXMtcG9saW8tY292aWQtMTktYW50aS12YWNjaW5lLW1vdmVtZW50LXRoZS1leGNlcnB0LzczNjM4NTQ2MDA3L9IBAA?hl=en-US&gl=US&ceid=US%3Aen",
            "og": "https://encrypted-tbn3.gstatic.com/images?q=tbn:ANd9GcRoTvDgbS6ehJRLDvPAy-0EXWLO2zrRphkpaiXpoUEZ7C4pzabTTDmFPs2-A5gJdqDfyfxMnWGvv7izmhe0cWsBRdDIHOqU_J7vS6jfq28PUUABKA",
            "source": "USA TODAY",
            "source_icon": "https://encrypted-tbn0.gstatic.com/faviconV2?url=https://www.usatoday.com&client=NEWS_360&size=96&type=FAVICON&fallback_opts=TYPE,SIZE,URL",
            "title": "What's driving the anti-vax movement? | The Excerpt"
        },
        {
            "link": "https://news.google.com/articles/CBMigwFodHRwczovL2t5bWtlbXAuY29tLzIwMjQvMDUvMTIvbWVuZG9jaW5vLWNvdW50eS1wdWJsaWMtaGVhbHRoLXJlcG9ydHMtcmlzZS1pbi1zeXBoaWxpcy1hbmQtaGl2LWNhc2VzLXdpdGhob2xkcy1kYXRhLWNpdGluZy1wcml2YWN5L9IBAA?hl=en-US&gl=US&ceid=US%3Aen",
            "og": "https://encrypted-tbn0.gstatic.com/images?q=tbn:ANd9GcTQv3SBBiEhDcJXg5rmMGzwgv3e9nKjNMXWuDp7ODGO_OT-XVE7a8wfhGY8FWTZoNk",
            "source": "Redheaded Blackbelt",
            "source_icon": "https://encrypted-tbn3.gstatic.com/faviconV2?url=https://kymkemp.com&client=NEWS_360&size=96&type=FAVICON&fallback_opts=TYPE,SIZE,URL",
            "title": "Mendocino County Public Health Reports Rise in Syphilis and HIV Cases, Withholds Data Citing Privacy"
        },
        {
            "link": "https://news.google.com/articles/CBMiYGh0dHBzOi8vd3d3LnZpbGxhZ2VzLW5ld3MuY29tLzIwMjQvMDUvMTEvc2hvdWxkLXlvdS10YWtlLWFzcGlyaW4tdG8taGVscC1wcmV2ZW50LWEtaGVhcnQtYXR0YWNrL9IBAA?hl=en-US&gl=US&ceid=US%3Aen",
            "og": "https://encrypted-tbn3.gstatic.com/images?q=tbn:ANd9GcRkJxXY9VINM6_MiOmFneQ0tQgsrAJwev8BMJjouyhJMEPpjNLWPrbpudIf6r4JepIub2xyKkPZt0aoKjgV5egvr2XoTwg2n97XvJEb2maxrVsu8g",
            "source": "Villages-News",
            "source_icon": "https://encrypted-tbn2.gstatic.com/faviconV2?url=https://www.villages-news.com&client=NEWS_360&size=96&type=FAVICON&fallback_opts=TYPE,SIZE,URL",
            "title": "Should you take aspirin to help prevent a heart attack?"
        },
        {
            "link": "https://news.google.com/articles/CBMicGh0dHBzOi8vd3d3LmRhaWx5bWFpbC5jby51ay9oZWFsdGgvYXJ0aWNsZS0xMzQwMDMxNy9jb3ZpZC12YWNjaW5lcy1hbWVyaWNhbnMtZGlzYWJsZWQtZGlzbWlzc2VkLWFudGl2YXh4ZXJzLmh0bWzSAXRodHRwczovL3d3dy5kYWlseW1haWwuY28udWsvaGVhbHRoL2FydGljbGUtMTM0MDAzMTcvYW1wL2NvdmlkLXZhY2NpbmVzLWFtZXJpY2Fucy1kaXNhYmxlZC1kaXNtaXNzZWQtYW50aXZheHhlcnMuaHRtbA?hl=en-US&gl=US&ceid=US%3Aen",
            "og": "https://encrypted-tbn1.gstatic.com/images?q=tbn:ANd9GcSJDZ-fWg3W_WrXggbE5LC8aSqPFjdDYNCn6RCxoLoTIN2nKQzHEX1xImo5GQOgrdcEh8717Y6O7ysePa0vjFNqt7JsUaAJ9miujYUaRydwGyukHg",
            "source": "Daily Mail",
            "source_icon": "https://encrypted-tbn1.gstatic.com/faviconV2?url=https://www.dailymail.co.uk&client=NEWS_360&size=96&type=FAVICON&fallback_opts=TYPE,SIZE,URL",
            "title": "Texas woman, 34 and California man, 58, claim they've been left with lifelong disabilities and suffered stroke"
        },
        {
            "link": "https://news.google.com/articles/CBMiPWh0dHBzOi8vbmV1cm9zY2llbmNlbmV3cy5jb20vYW5lbmRvcGhhc2lhLWlubmVyLXNwZWVjaC0yNjA4Ny_SAQA?hl=en-US&gl=US&ceid=US%3Aen",
            "og": "https://encrypted-tbn3.gstatic.com/images?q=tbn:ANd9GcRqsFiZxagM7MqlEUtPUScqlBZsGh-L0SzlW9xdubf6qohu9SM6IMNvcsSkdyO9YA-w092h7Bo0jKNvrei52QPU24_qZ3heSTy6TX1txwnWPsQZlQ",
            "source": "Neuroscience News",
            "source_icon": "https://encrypted-tbn2.gstatic.com/faviconV2?url=https://neurosciencenews.com&client=NEWS_360&size=96&type=FAVICON&fallback_opts=TYPE,SIZE,URL",
            "title": "Inside the Quiet Mind: The Absence of Inner Speech"
        },
        {
            "link": "https://news.google.com/articles/CBMic2h0dHBzOi8vZmluYW5jZS55YWhvby5jb20vbmV3cy9xYS13aXRoLW1hZGR5LWR5Y2h0d2FsZC13aGF0LXRoZS1sb25nZXZpdHktcmV2b2x1dGlvbi1tZWFucy1mb3Itd29tZW4tMTgyMzQ3MDAyLmh0bWzSAQA?hl=en-US&gl=US&ceid=US%3Aen",
            "og": "https://encrypted-tbn0.gstatic.com/images?q=tbn:ANd9GcSebGNO25v9MsZQS_TCHbf8DMpBEl24FGkBaCdJzWvJA1faFqAARWFvYpU78KaSQew",
            "source": "Yahoo Finance",
            "source_icon": "https://encrypted-tbn1.gstatic.com/faviconV2?url=https://finance.yahoo.com&client=NEWS_360&size=96&type=FAVICON&fallback_opts=TYPE,SIZE,URL",
            "title": "Q&A with Maddy Dychtwald: What the longevity revolution means for women"
        },
        {
            "link": "https://news.google.com/articles/CBMiP2h0dHBzOi8vbmV1cm9zY2llbmNlbmV3cy5jb20vY29ydGlzb2wtcHJlZ25hbmN5LWNoaWxkLWlxLTI2MDg2L9IBAA?hl=en-US&gl=US&ceid=US%3Aen",
            "og": "https://encrypted-tbn2.gstatic.com/images?q=tbn:ANd9GcT11RjJm36HCOfdlg-xMbno7gtQQvNc-J-uw3gRIcK_yWrFVBpEZFTZqzdFkLGAiWVlCj2FUpgeQU6AgPPEdudzOiFAgWinrOYOxj6J_JFOPHuP6Q",
            "source": "Neuroscience News",
            "source_icon": "https://encrypted-tbn2.gstatic.com/faviconV2?url=https://neurosciencenews.com&client=NEWS_360&size=96&type=FAVICON&fallback_opts=TYPE,SIZE,URL",
            "title": "Mom's Stress Hormone Shapes Child's IQ"
        },
        {
            "link": "https://news.google.com/articles/CBMiUmh0dHBzOi8vZXhwbG9yZXJzd2ViLmNvbS9vbmUtaW4tdGhyZWUtZXZlcmVzdC1jbGltYmVycy1zdWZmZXJzLWNhcmRpYWMtYXJyaHl0aG1pYS_SAQA?hl=en-US&gl=US&ceid=US%3Aen",
            "og": "https://encrypted-tbn2.gstatic.com/images?q=tbn:ANd9GcRNrFLy-Wmj8tvkT7XEjsZ-veCIP2Z-YK_VJoy4-O2dHNzVmjdgFjihfrrG7vJg8GDaLWJ8B7eSMblu5dw4w6VuYZAvWkWIYVmm86P0v0stZ6OW4w",
            "source": "ExplorersWeb",
            "source_icon": "https://encrypted-tbn1.gstatic.com/faviconV2?url=https://explorersweb.com&client=NEWS_360&size=96&type=FAVICON&fallback_opts=TYPE,SIZE,URL",
            "title": "One in Three Everest Climbers Suffers Cardiac Arrhythmia » Explorersweb"
        },
        {
            "link": "https://news.google.com/articles/CBMipwFodHRwczovL3d3dy5kYWlseW1haWwuY28udWsvaGVhbHRoL2FydGljbGUtMTM0MDc2NDUvSS1mZWVsLWd1aWx0eS1kaXNtaXNzaW5nLTEwLXllYXItb2xkLWRhdWdodGVycy1zeW1wdG9tcy1qdXN0LWNvdWdoLXdvbmRlci13b3JzZS1za2lwcGVkLXdob29waW5nLWNvdWdoLXZhY2NpbmUuaHRtbNIBqwFodHRwczovL3d3dy5kYWlseW1haWwuY28udWsvaGVhbHRoL2FydGljbGUtMTM0MDc2NDUvYW1wL0ktZmVlbC1ndWlsdHktZGlzbWlzc2luZy0xMC15ZWFyLW9sZC1kYXVnaHRlcnMtc3ltcHRvbXMtanVzdC1jb3VnaC13b25kZXItd29yc2Utc2tpcHBlZC13aG9vcGluZy1jb3VnaC12YWNjaW5lLmh0bWw?hl=en-US&gl=US&ceid=US%3Aen",
            "og": "https://encrypted-tbn1.gstatic.com/images?q=tbn:ANd9GcTNgHGMMonoHUWPzuJlGcfBbV5mGx1j2ljWGC7qwblSFapQFEqxEbVk_g4_uGT2GaVHikvUHfxj_N8msZembf8ftsq2JVtmfWJiUwBepGFINb-1-Q",
            "source": "Daily Mail",
            "source_icon": "https://encrypted-tbn1.gstatic.com/faviconV2?url=https://www.dailymail.co.uk&client=NEWS_360&size=96&type=FAVICON&fallback_opts=TYPE,SIZE,URL",
            "title": "I feel so guilty for dismissing my 10-year-old daughter's symptoms as 'just' a cough... but I wonder how much"
        },
        {
            "link": "https://news.google.com/articles/CBMia2h0dHBzOi8vd3d3LmRhaWx5bWFpbC5jby51ay9oZWFsdGgvYXJ0aWNsZS0xMzM2NTkzMS9TaW1wbGUtYnJlYWtmYXN0LWx1bmNoLWRpbm5lci10d2Vha3Mtc2F2ZS1jYWxvcmllcy5odG1s0gFvaHR0cHM6Ly93d3cuZGFpbHltYWlsLmNvLnVrL2hlYWx0aC9hcnRpY2xlLTEzMzY1OTMxL2FtcC9TaW1wbGUtYnJlYWtmYXN0LWx1bmNoLWRpbm5lci10d2Vha3Mtc2F2ZS1jYWxvcmllcy5odG1s?hl=en-US&gl=US&ceid=US%3Aen",
            "og": "https://encrypted-tbn3.gstatic.com/images?q=tbn:ANd9GcQiMKa6Ado1bD0pHyuYtj3Ry0XdI2yj27-OkFuXTphODb0odDSi2QPoEQdv5CFqKv2PAa6Qbufuw6XmlJLIoEiSajTz16v3OhjeEjV4w7p2juPZfg",
            "source": "Daily Mail",
            "source_icon": "https://encrypted-tbn1.gstatic.com/faviconV2?url=https://www.dailymail.co.uk&client=NEWS_360&size=96&type=FAVICON&fallback_opts=TYPE,SIZE,URL",
            "title": "Simple breakfast, lunch and dinner tweaks to save yourself 1,000 calories a day (and why you WON'T end up hati"
        },
        {
            "link": "https://news.google.com/articles/CBMiSGh0dHBzOi8vd3d3LmhlYWx0aHNob3RzLmNvbS93ZWItc3Rvcmllcy81LXJlYXNvbnMtdG8tY29uc3VtZS1waXN0YWNoaW9zL9IBSGh0dHBzOi8vd3d3LmhlYWx0aHNob3RzLmNvbS93ZWItc3Rvcmllcy81LXJlYXNvbnMtdG8tY29uc3VtZS1waXN0YWNoaW9zLw?hl=en-US&gl=US&ceid=US%3Aen",
            "og": "https://encrypted-tbn3.gstatic.com/images?q=tbn:ANd9GcSE7ggfepaIftiTilqXz0hoRlhPWsPv2rKshPbVmh2touNZLPz04cbe26L6w0TX3u8BVb5QOSeQxSC5ZnQU8C1TanOWghPqgvV_tF-Xx_t6BzmaYw",
            "source": "Health shots",
            "source_icon": "https://encrypted-tbn0.gstatic.com/faviconV2?url=https://www.healthshots.com&client=NEWS_360&size=96&type=FAVICON&fallback_opts=TYPE,SIZE,URL",
            "title": "5 reasons to consume pistachios"
        },
        {
            "link": "https://news.google.com/articles/CBMiXWh0dHBzOi8vd3d3LmV4cHJlc3MuY28udWsvbGlmZS1zdHlsZS9oZWFsdGgvMTg5Nzk5My92aXRhbWluLXN1cHBsZW1lbnQtY29tYmluYXRpb25zLWRhbmdlcm91c9IBYWh0dHBzOi8vd3d3LmV4cHJlc3MuY28udWsvbGlmZS1zdHlsZS9oZWFsdGgvMTg5Nzk5My92aXRhbWluLXN1cHBsZW1lbnQtY29tYmluYXRpb25zLWRhbmdlcm91cy9hbXA?hl=en-US&gl=US&ceid=US%3Aen",
            "og": "https://encrypted-tbn3.gstatic.com/images?q=tbn:ANd9GcT_AxBOsF7HsPExuPca-GJdr3VHFr7HhjQWy7zzF7RfQ2QeCBghfujmZLvMiGLhtuZ-fsr9J2mwGpOoE_iAzXPh_IjL_U2JomZAm1t8MnJhC_qVXQ",
            "source": "Express",
            "source_icon": "https://encrypted-tbn0.gstatic.com/faviconV2?url=https://www.express.co.uk&client=NEWS_360&size=96&type=FAVICON&fallback_opts=TYPE,SIZE,URL",
            "title": "Expert issues warning over supplements that 'should not be taken together'"
        },
        {
            "link": "https://news.google.com/articles/CBMiPmh0dHBzOi8vbmV1cm9zY2llbmNlbmV3cy5jb20vbmV1cm90ZWNoLXNwaW5hbC1jb3JkLXdyYXAtMjYwODgv0gEA?hl=en-US&gl=US&ceid=US%3Aen",
            "og": "https://encrypted-tbn3.gstatic.com/images?q=tbn:ANd9GcRLMgthaqPOCNn9dayNdgcjHD-cjQcRM4AEYKim-HX3kSwR7ttVOAxjPLEiLvwi82RSxll0vR11wcCiTGm28dtNvNQeCbI4qQT3YkAtRSTRHF50fg",
            "source": "Neuroscience News",
            "source_icon": "https://encrypted-tbn2.gstatic.com/faviconV2?url=https://neurosciencenews.com&client=NEWS_360&size=96&type=FAVICON&fallback_opts=TYPE,SIZE,URL",
            "title": "Wrap Around Spinal Cord Device May Transform Injury Treatment"
        },
        {
            "link": "https://news.google.com/articles/CBMiTGh0dHBzOi8vd3d3Lm1pcnJvci5jby51ay9uZXdzL3dvcmxkLW5ld3MvbGFzc2EtZmV2ZXItZWJvbGEtbGlrZS1idWctMzI3NjIyOTnSAVBodHRwczovL3d3dy5taXJyb3IuY28udWsvbmV3cy93b3JsZC1uZXdzL2xhc3NhLWZldmVyLWVib2xhLWxpa2UtYnVnLTMyNzYyMjk5LmFtcA?hl=en-US&gl=US&ceid=US%3Aen",
            "og": "https://encrypted-tbn2.gstatic.com/images?q=tbn:ANd9GcQAEbkAZlXWJUhhFObsRTp2ypUmeRWhtCx2z78MKUK_QRwBvOme7SH5lF-FMdBMg85bNTuBdnP1XmFwVduKfXOlfxOJfGwEQR79_24OmJIpFzwd8A",
            "source": "The Mirror",
            "source_icon": "https://encrypted-tbn3.gstatic.com/faviconV2?url=https://www.mirror.co.uk&client=NEWS_360&size=96&type=FAVICON&fallback_opts=TYPE,SIZE,URL",
            "title": "Lassa fever: Ebola-like bug that causes bleeding from the eyes and spread by rats found in Paris"
        },
        {
            "link": "https://news.google.com/articles/CBMiZmh0dHBzOi8vd3d3LmRhaWx5bWFpbC5jby51ay9oZWFsdGgvYXJ0aWNsZS0xMzQwMTAyMS9ESVktdHVya2V5LWJhc3Rlci1iYWJpZXMtcHJlZ25hbnQtQW1hem9uLWtpdHMuaHRtbNIBamh0dHBzOi8vd3d3LmRhaWx5bWFpbC5jby51ay9oZWFsdGgvYXJ0aWNsZS0xMzQwMTAyMS9hbXAvRElZLXR1cmtleS1iYXN0ZXItYmFiaWVzLXByZWduYW50LUFtYXpvbi1raXRzLmh0bWw?hl=en-US&gl=US&ceid=US%3Aen",
            "og": "https://encrypted-tbn2.gstatic.com/images?q=tbn:ANd9GcSMgx0F1QADMwb2vb1Zm0s3HClKCeZnkFaTs4NN8T6Xw7gayaAwHe1ImHQuAtPU0NeHVHewHCUhowRlimkGdXMhgvVgOeU7RlD0xS1icUMCCNuuew",
            "source": "Daily Mail",
            "source_icon": "https://encrypted-tbn1.gstatic.com/faviconV2?url=https://www.dailymail.co.uk&client=NEWS_360&size=96&type=FAVICON&fallback_opts=TYPE,SIZE,URL",
            "title": "I had two 'turkey baster babies' using DIY Amazon kits and a sperm donor...and it worked first time"
        },
        {
            "link": "https://news.google.com/articles/CBMikgFodHRwczovL3RpbWVzb2ZpbmRpYS5pbmRpYXRpbWVzLmNvbS9saWZlLXN0eWxlL2hlYWx0aC1maXRuZXNzL3dlYi1zdG9yaWVzLzktaG9tZS1leGVyY2lzZXMtdGhhdC1jYW4taGVscC1tYW5hZ2UtYmFjay1wYWluL3Bob3Rvc3RvcnkvMTA5OTI1NTIxLmNtc9IBkgFodHRwczovL3RpbWVzb2ZpbmRpYS5pbmRpYXRpbWVzLmNvbS9saWZlLXN0eWxlL2hlYWx0aC1maXRuZXNzL3dlYi1zdG9yaWVzLzktaG9tZS1leGVyY2lzZXMtdGhhdC1jYW4taGVscC1tYW5hZ2UtYmFjay1wYWluL3Bob3Rvc3RvcnkvMTA5OTI1NTIxLmNtcw?hl=en-US&gl=US&ceid=US%3Aen",
            "og": "https://encrypted-tbn1.gstatic.com/images?q=tbn:ANd9GcSmybjGRLZCv1ImYxHkpTpjD9nWZ839bQFMIiaKwX-DAggImf5nOFa0gl4uNXBSbiA0zm2MYPVp0ZYNN_B7wt-vaV2VoAAqCJUIaPUxC70LKd2BxQ",
            "source": "The Times of India",
            "source_icon": "https://encrypted-tbn2.gstatic.com/faviconV2?url=https://timesofindia.indiatimes.com&client=NEWS_360&size=96&type=FAVICON&fallback_opts=TYPE,SIZE,URL",
            "title": "9 home exercises that can help manage back pain"
        },
        {
            "link": "https://news.google.com/articles/CBMiOWh0dHBzOi8vd3d3LnluZXRuZXdzLmNvbS9oZWFsdGhfc2NpZW5jZS9hcnRpY2xlL2J5am9ndTBtMNIBAA?hl=en-US&gl=US&ceid=US%3Aen",
            "og": "https://encrypted-tbn2.gstatic.com/images?q=tbn:ANd9GcSnqmY_u1JGY519VlQcOX780AJMUkGFiSm2fnBiQpxWhic3cjRjENpeibvazX-TjjA",
            "source": "Ynetnews",
            "source_icon": "https://encrypted-tbn1.gstatic.com/faviconV2?url=https://www.ynetnews.com&client=NEWS_360&size=96&type=FAVICON&fallback_opts=TYPE,SIZE,URL",
            "title": "Broken heart syndrome: When sadness is overwhelming, it's like a heart attack"
        },
        {
            "link": "https://news.google.com/articles/CBMiS2h0dHBzOi8vY2Euc3R5bGUueWFob28uY29tL2Vhcmx5LWNhbmNlci1zeW1wdG9tLXRoYXRzLW1pc3NlZC0yMjMwMDA4MTkuaHRtbNIBAA?hl=en-US&gl=US&ceid=US%3Aen",
            "og": "https://encrypted-tbn2.gstatic.com/images?q=tbn:ANd9GcTcGXZH6OfQB2J4VVnWap9gGwS20KZsOdyq3J7zmiPg4SYVt3-R5m_byH3mne8c1Uilt8jFLFxlCXy3Cctho0JcWebnyFqtjgtJj5ufni-jgX76nQ",
            "source": "Yahoo Canada Shine On",
            "source_icon": "https://encrypted-tbn1.gstatic.com/faviconV2?url=https://ca.style.yahoo.com&client=NEWS_360&size=96&type=FAVICON&fallback_opts=TYPE,SIZE,URL",
            "title": "This Is the Early Cancer Symptom That's Missed the Most Often, According to Experts"
        },
        {
            "link": "https://news.google.com/articles/CBMiKGh0dHBzOi8vd3d3LmJiYy5jb20vbmV3cy9oZWFsdGgtNjg4MzU4MDfSASxodHRwczovL3d3dy5iYmMuY29tL25ld3MvaGVhbHRoLTY4ODM1ODA3LmFtcA?hl=en-US&gl=US&ceid=US%3Aen",
            "og": "https://encrypted-tbn0.gstatic.com/images?q=tbn:ANd9GcRvSAcp-zSyjiHyQYiUlc7KHGlrYHJ-BmqF0d2S7SLWDAr8s9iP4ytXVkT723K8Pp9SfuUMpSthaBMVqTwpmt3f2MmqNEnNUO-XmPCYvUCxUSFMFg",
            "source": "BBC.com",
            "source_icon": "https://encrypted-tbn2.gstatic.com/faviconV2?url=https://www.bbc.com&client=NEWS_360&size=96&type=FAVICON&fallback_opts=TYPE,SIZE,URL",
            "title": "I lost my mum, dad and baby sister to HIV in infected blood scandal"
        },
        {
            "link": "https://news.google.com/articles/CBMiqQFodHRwczovL3RpbWVzb2ZpbmRpYS5pbmRpYXRpbWVzLmNvbS9saWZlLXN0eWxlL2hlYWx0aC1maXRuZXNzL2hlYWx0aC1uZXdzLzktbW9ybmluZy1oYWJpdHMtdGhhdC1jYW4tYnJpbmctZG93bi1jaG9sZXN0ZXJvbC1sZXZlbHMtd2l0aGluLWEtbW9udGgvcGhvdG9zdG9yeS8xMTAwNTg2NDcuY21z0gGvAWh0dHBzOi8vdGltZXNvZmluZGlhLmluZGlhdGltZXMuY29tL2xpZmUtc3R5bGUvaGVhbHRoLWZpdG5lc3MvaGVhbHRoLW5ld3MvOS1tb3JuaW5nLWhhYml0cy10aGF0LWNhbi1icmluZy1kb3duLWNob2xlc3Rlcm9sLWxldmVscy13aXRoaW4tYS1tb250aC9hbXBfZXRwaG90b3N0b3J5LzExMDA1ODY0Ny5jbXM?hl=en-US&gl=US&ceid=US%3Aen",
            "og": "https://encrypted-tbn2.gstatic.com/images?q=tbn:ANd9GcRzUY199pVVHu5QsG3FVGlp_QHpaE6HoQrsjDxRgmuX1mpH2t88EE5GeidUYoQk9p_JKKyOwSR7sxbo9ExagxHcaMo2adGJtyWX_-4ynkq3WL_b7w",
            "source": "The Times of India",
            "source_icon": "https://encrypted-tbn2.gstatic.com/faviconV2?url=https://timesofindia.indiatimes.com&client=NEWS_360&size=96&type=FAVICON&fallback_opts=TYPE,SIZE,URL",
            "title": "9 morning habits that can bring down cholesterol levels within a month"
        },
        {
            "link": "https://news.google.com/articles/CBMikAFodHRwczovL3d3dy50aGVndWFyZGlhbi5jb20vc29jaWV0eS9hcnRpY2xlLzIwMjQvbWF5LzEyL2lzLXRoaXMtYWN0dWFsbHktcHRzZC1jbGluaWNpYW5zLWRpdmlkZWQtb3Zlci1yZWRlZmluaW5nLWJvcmRlcmxpbmUtcGVyc29uYWxpdHktZGlzb3JkZXLSAZABaHR0cHM6Ly9hbXAudGhlZ3VhcmRpYW4uY29tL3NvY2lldHkvYXJ0aWNsZS8yMDI0L21heS8xMi9pcy10aGlzLWFjdHVhbGx5LXB0c2QtY2xpbmljaWFucy1kaXZpZGVkLW92ZXItcmVkZWZpbmluZy1ib3JkZXJsaW5lLXBlcnNvbmFsaXR5LWRpc29yZGVy?hl=en-US&gl=US&ceid=US%3Aen",
            "og": "https://encrypted-tbn3.gstatic.com/images?q=tbn:ANd9GcShUVLz7MDHJ97JeupuNkFxzTkX6l3Ra6nTRFWkrdT7M44P6fw-A6oRbGnA1TnmbULt-4xMdUvuuhIMdrKDaF-OQU_xkYK4jnKMi28_wpj-5f3JhQ",
            "source": "The Guardian",
            "source_icon": "https://encrypted-tbn0.gstatic.com/faviconV2?url=https://www.theguardian.com&client=NEWS_360&size=96&type=FAVICON&fallback_opts=TYPE,SIZE,URL",
            "title": "Is this actually PTSD? Clinicians divided over redefining borderline personality disorder"
        },
        {
            "link": "https://news.google.com/articles/CBMiT2h0dHBzOi8vd3d3LmxhZGJpYmxlLmNvbS9uZXdzL2hlYWx0aC92YXBlLWVxdWl2YWxlbnQtY2lnYXJldHRlcy0yODY0MTMtMjAyNDA1MTHSAQA?hl=en-US&gl=US&ceid=US%3Aen",
            "og": "https://encrypted-tbn3.gstatic.com/images?q=tbn:ANd9GcS11OWxmSwuZleKXQd-y51f5ibv2ilRtjGl9tWSGe4K3SdfPRd_r1ds58uF0C6EyQmREDaLjXTSfMj0RGUrfe_kv1KrwjYrz-jTN36cBmku8Lf5Tg",
            "source": "LADbible",
            "source_icon": "https://encrypted-tbn1.gstatic.com/faviconV2?url=https://www.ladbible.com&client=NEWS_360&size=96&type=FAVICON&fallback_opts=TYPE,SIZE,URL",
            "title": "Doctor says smoking one vape is equivalent of disturbing amount of cigarettes"
        },
        {
            "link": "https://news.google.com/articles/CBMiZWh0dHBzOi8vd3d3LmluZGVwZW5kZW50LmNvLnVrL2hlYWx0aC1hbmQtd2VsbGJlaW5nL2xvbmctY292aWQtcmVzZWFyY2gtaGVhZGFjaGUtbXVzY2xlcy1iMjU0MzY1Mi5odG1s0gEA?hl=en-US&gl=US&ceid=US%3Aen",
            "og": "https://encrypted-tbn2.gstatic.com/images?q=tbn:ANd9GcTss3k98XN8U19Uffvosf_CWlkXqLD-rgnOvicp6GGUa0ZVkMJc2PfRAlkXWNHluqo4ot0sZI9jhxtLUeeW5RzKXH-5jLgMerl2xP19Ffi50dIGlw",
            "source": "The Independent",
            "source_icon": "https://encrypted-tbn1.gstatic.com/faviconV2?url=https://www.independent.co.uk&client=NEWS_360&size=96&type=FAVICON&fallback_opts=TYPE,SIZE,URL",
            "title": "International DJ forced to give up dream after being left bedridden for a year"
        },
        {
            "link": "https://news.google.com/articles/CBMie2h0dHBzOi8vd3d3LnN0YW5kYXJkbWVkaWEuY28ua2UvaGVhbHRoL2hlYWx0aC1zY2llbmNlL2FydGljbGUvMjAwMTQ5NDg5MC9teS1tb3RoZXItaGFkLXRvLWxpdmUtb24tdGhlLXN0cmVldHMtdG8tcHJvdGVjdC1tZdIBf2h0dHBzOi8vd3d3LnN0YW5kYXJkbWVkaWEuY28ua2UvaGVhbHRoL2FtcC9oZWFsdGgtc2NpZW5jZS9hcnRpY2xlLzIwMDE0OTQ4OTAvbXktbW90aGVyLWhhZC10by1saXZlLW9uLXRoZS1zdHJlZXRzLXRvLXByb3RlY3QtbWU?hl=en-US&gl=US&ceid=US%3Aen",
            "og": "https://encrypted-tbn1.gstatic.com/images?q=tbn:ANd9GcR4-ik24oZqjlu7f5w9V7ayqfFL_YqCngfTHnUL7XdbDbc0ojQpksxIwhJipc2IfSrz30Ir7QNCJac46jrQA9vJAB1Ods25oHkCyO-tNFQpdMa0hA",
            "source": "The Standard",
            "source_icon": "https://encrypted-tbn3.gstatic.com/faviconV2?url=https://www.standardmedia.co.ke&client=NEWS_360&size=96&type=FAVICON&fallback_opts=TYPE,SIZE,URL",
            "title": "'My mother had to live on the streets to protect me'"
        },
        {
            "link": "https://news.google.com/articles/CBMiswFodHRwczovL3d3dy5kYWlseW1haWwuY28udWsvZmVtYWlsL2FydGljbGUtMTMzNzgyMjUvTXktdGhyZWUteWVhci1vbGRzLWl0Y2h5LW1venppZS1iaXRlLW1lbGFub21hLVdBU05ULWNhdXNlZC1zdW4tRG9jdG9ycy1zYWlkLWltcG9zc2libGUtdGhpbmdzLXRvb2stdGVycmlmeWluZy10dXJuLW5vdC15ZXQuaHRtbNIBAA?hl=en-US&gl=US&ceid=US%3Aen",
            "og": "https://encrypted-tbn2.gstatic.com/images?q=tbn:ANd9GcTCYNIf_K0d7mG_EFdu3CoqATgXPSfbpYojDyN5E8azCAi_Gb5t2Gx9U99RRKq5tEeIscijbLNOyPH1XzIM1NoivF4sV6togTYzcje2LodL63Qv5A",
            "source": "Daily Mail",
            "source_icon": "https://encrypted-tbn1.gstatic.com/faviconV2?url=https://www.dailymail.co.uk&client=NEWS_360&size=96&type=FAVICON&fallback_opts=TYPE,SIZE,URL",
            "title": "My three-year-old's itchy 'mozzie bite' was melanoma and it WASN'T caused by the sun. Doctors said it was impo"
        }
    ],
    "Science": [
        {
            "link": "https://news.google.com/articles/CBMiemh0dHBzOi8vdGhlY29udmVyc2F0aW9uLmNvbS93aGF0LWNhdXNlcy10aGUtZGlmZmVyZW50LWNvbG91cnMtb2YtdGhlLWF1cm9yYS1hbi1leHBlcnQtZXhwbGFpbnMtdGhlLWVsZWN0cmljLXJhaW5ib3ctMjI5ODk50gEA?hl=en-US&gl=US&ceid=US%3Aen",
            "og": "https://encrypted-tbn2.gstatic.com/images?q=tbn:ANd9GcSfWMmDsRs9F0wOpvNJzXqL6OQoRTLl1ebm9GtIgwaYS87hA5Nj61-JUG_PFm5jb-0NNFM-3_S4gy1DuixA32g6",
            "source": "The Conversation",
            "source_icon": "https://encrypted-tbn0.gstatic.com/faviconV2?url=https://theconversation.com&client=NEWS_360&size=96&type=FAVICON&fallback_opts=TYPE,SIZE,URL",
            "title": "What causes the different colours of the aurora? An expert explains the electric rainbow"
        },
        {
            "link": "https://news.google.com/articles/CBMiN2h0dHBzOi8vd3d3LnNwYWNlLmNvbS9zcGFjZXgtc3RhcmxpbmstbGF1bmNoLWdyb3VwLTYtNTjSAQA?hl=en-US&gl=US&ceid=US%3Aen",
            "og": "https://encrypted-tbn0.gstatic.com/images?q=tbn:ANd9GcQyWlheoEwMu3zDef54VHCshOwPkza1kW-Jmwhwbx1Z4vBHhJF_JCic8NdhlQkI8GhPa6W-BMAIliDW0I8cl-Q23v7e",
            "source": "Space.com",
            "source_icon": "https://encrypted-tbn2.gstatic.com/faviconV2?url=https://www.space.com&client=NEWS_360&size=96&type=FAVICON&fallback_opts=TYPE,SIZE,URL",
            "title": "SpaceX launches 23 Starlink satellites from Florida"
        },
        {
            "link": "https://news.google.com/articles/CBMikwFodHRwczovL3RpbWVzb2ZpbmRpYS5pbmRpYXRpbWVzLmNvbS93b3JsZC91cy9uYXNhcy1zb2xhci1keW5hbWljcy1vYnNlcnZhdG9yeS1jYXB0dXJlcy1pbWFnZXMtb2Ytc3Vucy1zdHJvbmctc29sYXItZmxhcmVzL2FydGljbGVzaG93LzExMDA0ODA1OC5jbXPSAQA?hl=en-US&gl=US&ceid=US%3Aen",
            "og": "https://encrypted-tbn1.gstatic.com/images?q=tbn:ANd9GcSkpX-CvGwYI6Avdf9WFSZkXPC9H5G2ei0ebiOyJM9rJKKEpFySlA2N32qbZLyU0e1ssMc6dbBHDYh0xEfKMJHHnv9bBiaK_2O5KXZ1OqBk9a35NQ",
            "source": "The Times of India",
            "source_icon": "https://encrypted-tbn2.gstatic.com/faviconV2?url=https://timesofindia.indiatimes.com&client=NEWS_360&size=96&type=FAVICON&fallback_opts=TYPE,SIZE,URL",
            "title": "Nasa’s solar dynamics observatory captures images of 'Sun's strong solar flares'"
        },
        {
            "link": "https://news.google.com/articles/CBMiX2h0dHBzOi8vd2NjZnRlY2guY29tL3NwYWNleHMtZm91cnRoLXN0YXJzaGlwLXRlc3QtZGVsYXllZC10by1qdW5lLWlmdC00LWJvb3N0ZXItc2hpcHBlZC10by1wYWQv0gFjaHR0cHM6Ly93Y2NmdGVjaC5jb20vc3BhY2V4cy1mb3VydGgtc3RhcnNoaXAtdGVzdC1kZWxheWVkLXRvLWp1bmUtaWZ0LTQtYm9vc3Rlci1zaGlwcGVkLXRvLXBhZC9hbXAv?hl=en-US&gl=US&ceid=US%3Aen",
            "og": "https://encrypted-tbn2.gstatic.com/images?q=tbn:ANd9GcSHbXrPEwmGa-qQHC3CiCjo_nCcw6E_OEtwwgEX9-gTlCr1ilUHJBMZwbtMLsuhU8KjHyJ0MSHq5V30xU7sp1tdAKHWl9OUKY201f3Fmb9EvzJSbA",
            "source": "Wccftech",
            "source_icon": "https://encrypted-tbn2.gstatic.com/faviconV2?url=https://wccftech.com&client=NEWS_360&size=96&type=FAVICON&fallback_opts=TYPE,SIZE,URL",
            "title": "SpaceX’s Fourth Starship Test Delayed To June – IFT-4 Booster Shipped To Pad"
        },
        {
            "link": "https://news.google.com/articles/CBMiYWh0dHBzOi8vd3d3LmtzbC5jb20vYXJ0aWNsZS81MTAwNjIzOS9hc3Ryb25vbWVycy1maW5hbGx5LWRldGVjdC1hLXJvY2t5LXBsYW5ldC13aXRoLWFuLWF0bW9zcGhlcmXSAQA?hl=en-US&gl=US&ceid=US%3Aen",
            "og": "https://encrypted-tbn3.gstatic.com/images?q=tbn:ANd9GcT4WMpPA2RYfdwAKHb2grwfN1hK3bdKn1fydPYI4SGWTciclbTar0lR_gJUUjUJap-GmLPcF9Sv80N9eUsN5SCUOQlhSBntCQ39n4OdUEduh5Pq9w",
            "source": "KSL.com",
            "source_icon": "https://encrypted-tbn3.gstatic.com/faviconV2?url=https://www.ksl.com&client=NEWS_360&size=96&type=FAVICON&fallback_opts=TYPE,SIZE,URL",
            "title": "Astronomers finally detect a rocky planet with an atmosphere"
        },
        {
            "link": "https://news.google.com/articles/CBMiYmh0dHBzOi8vd3d3LnRlY2hzcG90LmNvbS9uZXdzLzEwMjk2NC1ncm91bmRicmVha2luZy0zZC1icmFpbi1zY2FuLWdlbmVyYXRlZC0xNC1wZXRhYnl0ZXMtZGF0YS5odG1s0gEA?hl=en-US&gl=US&ceid=US%3Aen",
            "og": "https://encrypted-tbn0.gstatic.com/images?q=tbn:ANd9GcSeZHJ8Dc2V7yA-jV6i5FeV7h-MLviOsI1BiRqrMgfAbRCMqzfJFxf91r78ZjeJNn91DKVE1MrvyxB2ut5Hqw6b1g-pMtc60DPOUKaGBAQCe_cVPA",
            "source": "TechSpot",
            "source_icon": "https://encrypted-tbn2.gstatic.com/faviconV2?url=https://www.techspot.com&client=NEWS_360&size=96&type=FAVICON&fallback_opts=TYPE,SIZE,URL",
            "title": "Groundbreaking 3D brain scan generated 1.4 petabytes of data from millimeter-sized sample"
        },
        {
            "link": "https://news.google.com/articles/CBMid2h0dHBzOi8vd3d3LmxpdmVzY2llbmNlLmNvbS9zcGFjZS9hc3Ryb25vbXkvc3BhY2UtcGhvdG8tb2YtdGhlLXdlZWstZ29kcy1oYW5kLWxlYXZlcy1hc3Ryb25vbWVycy1zY3JhdGNoaW5nLXRoZWlyLWhlYWRz0gEA?hl=en-US&gl=US&ceid=US%3Aen",
            "og": "https://encrypted-tbn2.gstatic.com/images?q=tbn:ANd9GcQcr7403yHy_M-pyfkkUST39IbcA6QnbbZ7X5r0Xxj4pRPVgLLF4wyFrsRI_pO3WtUkuDkPDvi1sbRVex0DAQpff_XYkhP728KaFMHDErgX7uLBqw",
            "source": "Livescience.com",
            "source_icon": "https://encrypted-tbn2.gstatic.com/faviconV2?url=https://www.livescience.com&client=NEWS_360&size=96&type=FAVICON&fallback_opts=TYPE,SIZE,URL",
            "title": "Space photo of the week: 'God's Hand' leaves astronomers scratching their heads"
        },
        {
            "link": "https://news.google.com/articles/CBMiZGh0dHBzOi8vbGVhcm5pbmdlbmdsaXNoLnZvYW5ld3MuY29tL2EvbmFzYS1kZXRhaWxzLXBsYW5zLWZvci1yYWlsd2F5LXN5c3RlbS1vbi10aGUtbW9vbi83NjA1MTEzLmh0bWzSAWZodHRwczovL2xlYXJuaW5nZW5nbGlzaC52b2FuZXdzLmNvbS9hbXAvbmFzYS1kZXRhaWxzLXBsYW5zLWZvci1yYWlsd2F5LXN5c3RlbS1vbi10aGUtbW9vbi83NjA1MTEzLmh0bWw?hl=en-US&gl=US&ceid=US%3Aen",
            "og": "https://encrypted-tbn2.gstatic.com/images?q=tbn:ANd9GcQDfq-V_ocYBEMlUXfIFv3ge40F7qKhztMy1O3JRd5XqQmgGiWEPgMFgqjDn3j570YZdVl3rhgATUPeQKrn8QszWMIMLZ_O6RXt0oMqbksib94ryg",
            "source": "VOA Learning English",
            "source_icon": "https://encrypted-tbn3.gstatic.com/faviconV2?url=https://learningenglish.voanews.com&client=NEWS_360&size=96&type=FAVICON&fallback_opts=TYPE,SIZE,URL",
            "title": "NASA Details Plans for Railway System on the Moon"
        },
        {
            "link": "https://news.google.com/articles/CBMiXmh0dHBzOi8vd3d3LmJiYy5jb20vZnV0dXJlL2FydGljbGUvMjAyNDA1MTAtY2hhbmdlLTYtaXMtanVzdC10aGUtdGlwLW9mLWNoaW5hcy1zcGFjZS1hbWJpdGlvbnPSAQA?hl=en-US&gl=US&ceid=US%3Aen",
            "og": "https://encrypted-tbn3.gstatic.com/images?q=tbn:ANd9GcRyVX4w_GzwZwLEM-eqjdIg3vgpHJnvd1j-S6jnJgtoWLh2qgT0MG3SrcuHm1JmAuJmkPXyQFLc5Kz0HZRUW3ko",
            "source": "BBC.com",
            "source_icon": "https://encrypted-tbn2.gstatic.com/faviconV2?url=https://www.bbc.com&client=NEWS_360&size=96&type=FAVICON&fallback_opts=TYPE,SIZE,URL",
            "title": "Chang'e-6 is just the tip of China's ambitions for the Solar System"
        },
        {
            "link": "https://news.google.com/articles/CBMiWWh0dHBzOi8vd3d3Lm5ld3Nlci5jb20vc3RvcnkvMzQ5OTY1L21heWFuLWludGVyY3JvcHBpbmctY291bGQtYmUta2V5LXRvLWZvb2Qtb24tbWFycy5odG1s0gEA?hl=en-US&gl=US&ceid=US%3Aen",
            "og": "https://encrypted-tbn2.gstatic.com/images?q=tbn:ANd9GcSZSrzYxeIBLZWWRuSjstfjF9zFejNXj57us1s3b5fci0iiQH6kOzGc_IERk_PUoxc",
            "source": "Newser",
            "source_icon": "https://encrypted-tbn2.gstatic.com/faviconV2?url=https://www.newser.com&client=NEWS_360&size=96&type=FAVICON&fallback_opts=TYPE,SIZE,URL",
            "title": "Mayan Intercropping Could Be Key to Food on Mars"
        },
        {
            "link": "https://news.google.com/articles/CBMiUmh0dHBzOi8vd3d3LnNlYXR0bGV0aW1lcy5jb20vbmF0aW9uLXdvcmxkL3dhcy10aGUtc3RvbmUtYWdlLWFjdHVhbGx5LXRoZS13b29kLWFnZS_SAQA?hl=en-US&gl=US&ceid=US%3Aen",
            "og": "https://encrypted-tbn1.gstatic.com/images?q=tbn:ANd9GcTOkGqKbz_skx3R78S7R-NVi93dQm_16pNqxV_ZlyPJ6wlxYS4OsRsJfSkfutBj12tpzh9Ok1GeGIn0MGs5ct4iTwEnOVsa-kqBIpte2KfJ8VjYQQ",
            "source": "The Seattle Times",
            "source_icon": "https://encrypted-tbn1.gstatic.com/faviconV2?url=https://www.seattletimes.com&client=NEWS_360&size=96&type=FAVICON&fallback_opts=TYPE,SIZE,URL",
            "title": "Was the Stone Age actually the Wood Age?"
        },
        {
            "link": "https://news.google.com/articles/CBMijgFodHRwczovL3d3dy5mb3JiZXMuY29tL3NpdGVzL2phbWllY2FydGVyZXVyb3BlLzIwMjQvMDUvMTEvYXByaWwtOHMtdG90YWwtc29sYXItZWNsaXBzZS13aWxsLXJlcGVhdC1leGFjdGx5LTU0LXllYXJzLXRvZGF5LWhlcmVzLXdoeS1hbmQtd2hlcmUv0gEA?hl=en-US&gl=US&ceid=US%3Aen",
            "og": "https://encrypted-tbn3.gstatic.com/images?q=tbn:ANd9GcQcziG9dDQNVKuGBzmS7RQcBuqyz7j9hQGxFSZiTemdYN5MmyWOYGG-qhSn5UqkIt8RS_ZTPEMpBwMZIaNXPLxD7F1Z-aJFY2TVKxs4ILoIc1XDIw",
            "source": "Forbes",
            "source_icon": "https://encrypted-tbn2.gstatic.com/faviconV2?url=https://www.forbes.com&client=NEWS_360&size=96&type=FAVICON&fallback_opts=TYPE,SIZE,URL",
            "title": "April 8's Total Solar Eclipse Will Repeat Exactly 54 Years From Today—Here's Why And Where"
        },
        {
            "link": "https://news.google.com/articles/CBMib2h0dHBzOi8vd3d3LnNjaWVuY2VhbGVydC5jb20vZ2lhbnQtc3RydWN0dXJlLWx1cmtpbmctaW4tZGVlcC1zcGFjZS1jaGFsbGVuZ2VzLW91ci11bmRlcnN0YW5kaW5nLW9mLXRoZS11bml2ZXJzZdIBAA?hl=en-US&gl=US&ceid=US%3Aen",
            "og": "https://encrypted-tbn1.gstatic.com/images?q=tbn:ANd9GcQo5Sc1YpvkTerC1BIp0KD5fgokl1W_c5LgW0Y2qSGWXbcAUaCqPoVGrLOAVz5ZSuc8AlrD4mIztskM6aOA4jZtC80f8J0RQfYOB4n4tiSMKmGuIg",
            "source": "ScienceAlert",
            "source_icon": "https://encrypted-tbn2.gstatic.com/faviconV2?url=https://www.sciencealert.com&client=NEWS_360&size=96&type=FAVICON&fallback_opts=TYPE,SIZE,URL",
            "title": "Giant Structure Lurking in Deep Space Challenges Our Understanding of The Universe"
        },
        {
            "link": "https://news.google.com/articles/CBMiXmh0dHBzOi8vaGFja2FkYXkuY29tLzIwMjQvMDUvMTIvaXJjYi1zNzMtNy1zYXRlbGxpdGUtZm91bmQtYWZ0ZXItZ29pbmctdW50cmFja2VkLWZvci0yNS15ZWFycy_SAQA?hl=en-US&gl=US&ceid=US%3Aen",
            "og": "https://encrypted-tbn1.gstatic.com/images?q=tbn:ANd9GcRojyHzAXzCdR-jtVo6JPqkpqTj8hMPmD12YrhLV-dJXsUHpSVBWKlWaQj12Yeng1PAe43z7LiNUw7rk2v19so7VvNKNut63wh7i9v8NAePkn8Xgw",
            "source": "Hackaday",
            "source_icon": "https://encrypted-tbn2.gstatic.com/faviconV2?url=https://hackaday.com&client=NEWS_360&size=96&type=FAVICON&fallback_opts=TYPE,SIZE,URL",
            "title": "IRCB S73-7 Satellite Found After Going Untracked For 25 Years"
        },
        {
            "link": "https://news.google.com/articles/CBMiamh0dHBzOi8vZW5nbGlzaC5lbHBhaXMuY29tL3NjaWVuY2UtdGVjaC8yMDI0LTA1LTEyL2hlbGl1bS0zLW1pbmluZy10aGUtZnVlbC1vZi10aGUtZnV0dXJlLW9uLXRoZS1tb29uLmh0bWzSAXlodHRwczovL2VuZ2xpc2guZWxwYWlzLmNvbS9zY2llbmNlLXRlY2gvMjAyNC0wNS0xMi9oZWxpdW0tMy1taW5pbmctdGhlLWZ1ZWwtb2YtdGhlLWZ1dHVyZS1vbi10aGUtbW9vbi5odG1sP291dHB1dFR5cGU9YW1w?hl=en-US&gl=US&ceid=US%3Aen",
            "og": "https://encrypted-tbn3.gstatic.com/images?q=tbn:ANd9GcQummT7MooMGjplE2YPRf7ymyBUaPubJjRY3AJ3khT_QI5qGttYXs1fz0n8P6j6gGLkdg1dOzsTv4Fi-T44SCusxDPJrxkbWvxGnY4uLSVVo15F7Q",
            "source": "EL PAÍS USA",
            "source_icon": "https://encrypted-tbn0.gstatic.com/faviconV2?url=https://english.elpais.com&client=NEWS_360&size=96&type=FAVICON&fallback_opts=TYPE,SIZE,URL",
            "title": "Helium-3: Mining the fuel of the future on the Moon"
        },
        {
            "link": "https://news.google.com/articles/CBMiT2h0dHBzOi8vd3d3LndpcmVkLmNvbS9zdG9yeS9wYXJrZXItc29sYXItcHJvYmUtc3VuLXNvbGFyLWVuZXJneS1tYWduZXRpc20td2luZC_SAQA?hl=en-US&gl=US&ceid=US%3Aen",
            "og": "https://encrypted-tbn1.gstatic.com/images?q=tbn:ANd9GcTcXYN5Un5cukcYfgc1iY9sCk1XfWyRmtvKrGBrlOl-Vz6UxsrD1qhr_j_d3RFEFgS8dZIpxZDZ6TwPx6dZCPesTesk7Fv0kwn8mi-mfrbPGuDq2A",
            "source": "WIRED",
            "source_icon": "https://encrypted-tbn2.gstatic.com/faviconV2?url=https://www.wired.com&client=NEWS_360&size=96&type=FAVICON&fallback_opts=TYPE,SIZE,URL",
            "title": "NASA's Quest to Touch the Sun"
        },
        {
            "link": "https://news.google.com/articles/CBMiSmh0dHBzOi8vZGFpbHlnYWxheHkuY29tLzIwMjQvMDUvbmFzYXMtY2hhbmRyYS1kZXRlY3RzLWVydXB0aW9uLWJsYWNrLWhvbGUv0gEA?hl=en-US&gl=US&ceid=US%3Aen",
            "og": "https://encrypted-tbn1.gstatic.com/images?q=tbn:ANd9GcQ2xYP-WajaGI2t2A2j2lM3dJFSMU6TELrYGGFUVUg-pbF3smUWplVUdN5FMYJLDLEAcz9vgd8FtmSksL5MSa0njtI9AE7vMbUo4wS6Kq5ZSlmUMw",
            "source": "The Daily Galaxy --Great Discoveries Channel",
            "source_icon": "https://encrypted-tbn0.gstatic.com/faviconV2?url=https://dailygalaxy.com&client=NEWS_360&size=96&type=FAVICON&fallback_opts=TYPE,SIZE,URL",
            "title": "NASA's Chandra Spacecraft Detects Eruption from Supermassive Black Hole at Milky Way's Core"
        },
        {
            "link": "https://news.google.com/articles/CBMiVGh0dHBzOi8vd3d3LmxpdmVzY2llbmNlLmNvbS9zcGFjZS9hc3Ryb25vbXkvd2h5LWNhbnQtd2Utc2VlLXRoZS1mYXItc2lkZS1vZi10aGUtbW9vbtIBAA?hl=en-US&gl=US&ceid=US%3Aen",
            "og": "https://encrypted-tbn1.gstatic.com/images?q=tbn:ANd9GcTqXU6-kmhnfd4oFuSLOx9PMPivKHWiB5fXp5lFiMNGG25uTO22nyj_3qA7_xGx7jsxmdDWD2pzDM9D86pc3jBYKAI7qofwzHQQkhkVCqcb0sPkQQ",
            "source": "Livescience.com",
            "source_icon": "https://encrypted-tbn2.gstatic.com/faviconV2?url=https://www.livescience.com&client=NEWS_360&size=96&type=FAVICON&fallback_opts=TYPE,SIZE,URL",
            "title": "Why can't we see the far side of the moon?"
        },
        {
            "link": "https://news.google.com/articles/CBMidWh0dHBzOi8vd3d3LnNwYWNlLmNvbS9lbnRlcnRhaW5tZW50L3NwYWNlLW1vdmllcy1zaG93cy90aGlzLXdlZWstaW4tc3BhY2UtcG9kY2FzdC1lcGlzb2RlLTExMC12b3lhZ2VyLTEtYnJ1c2gtc2NpZW5jZdIBAA?hl=en-US&gl=US&ceid=US%3Aen",
            "og": "https://encrypted-tbn1.gstatic.com/images?q=tbn:ANd9GcTgV6h8vLyxY_7fHlJ73CEWCj-QCA0LPrnyudCwW-9OHqdiG0_PDmhwfkXiXaxd55Un2-B38ePJTaTnkL4tvD7OqtWp",
            "source": "Space.com",
            "source_icon": "https://encrypted-tbn2.gstatic.com/faviconV2?url=https://www.space.com&client=NEWS_360&size=96&type=FAVICON&fallback_opts=TYPE,SIZE,URL",
            "title": "This Week In Space podcast: Episode 110 — Voyager 1's Brush with Silence"
        },
        {
            "link": "https://news.google.com/articles/CBMiQmh0dHBzOi8vZnV0dXJpc20uY29tL25hc2EtaW5zcGVjdG9yLWFsYXJtZWQtZGFtYWdlLWhlYXRzaGllbGQtbW9vbtIBAA?hl=en-US&gl=US&ceid=US%3Aen",
            "og": "https://encrypted-tbn2.gstatic.com/images?q=tbn:ANd9GcQB-FssR3tUUPuLFj50yt9EitnqeJ8HlwZ08TD8WOCbXXcToKTGcO39u8IJBsFCT-nV9heiDqEXTRGPVyTUljBs4GE-9US0WINSuCPaJe0Al_qg6g",
            "source": "Futurism",
            "source_icon": "https://encrypted-tbn3.gstatic.com/faviconV2?url=https://futurism.com&client=NEWS_360&size=96&type=FAVICON&fallback_opts=TYPE,SIZE,URL",
            "title": "NASA Inspector Alarmed by Extensive Damage to Heatshield of Astronaut Moon Vehicle"
        },
        {
            "link": "https://news.google.com/articles/CBMiQ2h0dHBzOi8vd3d3Lm5ld3NuYXRpb25ub3cuY29tL3NjaWVuY2UvZWFydGgtcGxhdGUtdGVjdG9uaWNzLXRoZW9yeS_SAUdodHRwczovL3d3dy5uZXdzbmF0aW9ubm93LmNvbS9zY2llbmNlL2VhcnRoLXBsYXRlLXRlY3Rvbmljcy10aGVvcnkvYW1wLw?hl=en-US&gl=US&ceid=US%3Aen",
            "og": "https://encrypted-tbn1.gstatic.com/images?q=tbn:ANd9GcQdnT7NVr_O07xpqf0mdvEaziADtzZnGkWIMFqJF2YWdxrCuktnySwNak8ycJEl9BJYLUEJWM-8a1-BTD4kjteS4IRVUHc66bMUMNX8",
            "source": "NewsNation Now",
            "source_icon": "https://encrypted-tbn2.gstatic.com/faviconV2?url=https://www.newsnationnow.com&client=NEWS_360&size=96&type=FAVICON&fallback_opts=TYPE,SIZE,URL",
            "title": "Scientists offer new theory on the origin of plate tectonics"
        },
        {
            "link": "https://news.google.com/articles/CBMiT2h0dHBzOi8vYXJzdGVjaG5pY2EuY29tL3NjaWVuY2UvMjAyNC8wNS9pcy1kYXJrLW1hdHRlcnMtbWFpbi1yaXZhbC10aGVvcnktZGVhZC_SAQA?hl=en-US&gl=US&ceid=US%3Aen",
            "og": "https://encrypted-tbn1.gstatic.com/images?q=tbn:ANd9GcTZYl-lDDL2hXKS0dd6aWCLkwrT-sFM1FY1U-MpcQlVdr287JMtioM-xwuSeQgv_q_xQXnzfsWCS8reR7Tp2Rys6PjTzDZCdc2B4ZLjSDgQzmNYew",
            "source": "Ars Technica",
            "source_icon": "https://encrypted-tbn0.gstatic.com/faviconV2?url=https://arstechnica.com&client=NEWS_360&size=96&type=FAVICON&fallback_opts=TYPE,SIZE,URL",
            "title": "Is dark matter's main rival theory dead?"
        },
        {
            "link": "https://news.google.com/articles/CBMiT2h0dHBzOi8vd3d3LmhvbWVzYW5kZ2FyZGVucy5jb20vZ2FyZGVucy9ob3ctdG8tdHJhaW4tYW5kLXRpZS1pbi13aXN0ZXJpYS1zaG9vdHPSAQA?hl=en-US&gl=US&ceid=US%3Aen",
            "og": "https://encrypted-tbn3.gstatic.com/images?q=tbn:ANd9GcREgGJH7ywx0DDuWTzaEgpUxZSJDmnPVDIjZLNSiHkgZLQtjzxYoJgLAyaCMAFsynNUh5Ayncaj6d_dBR8mABF12vkqwgChxOsR8bUakzOMQSnVjA",
            "source": "Homes & Gardens",
            "source_icon": "https://encrypted-tbn2.gstatic.com/faviconV2?url=https://www.homesandgardens.com&client=NEWS_360&size=96&type=FAVICON&fallback_opts=TYPE,SIZE,URL",
            "title": "How to train and tie in wisteria shoots – expert advice for this sweet-smelling vine"
        },
        {
            "link": "https://news.google.com/articles/CBMiXmh0dHBzOi8vd3d3LmJ1c2luZXNzaW5zaWRlci5jb20vYmVzdC10aGluZ3MtdG8tZG8taW4taWNlbGFuZC1pbnN0ZWFkLW9mLW5vcnRoZXJuLWxpZ2h0cy0yMDI0LTXSAWJodHRwczovL3d3dy5idXNpbmVzc2luc2lkZXIuY29tL2Jlc3QtdGhpbmdzLXRvLWRvLWluLWljZWxhbmQtaW5zdGVhZC1vZi1ub3J0aGVybi1saWdodHMtMjAyNC01P2FtcA?hl=en-US&gl=US&ceid=US%3Aen",
            "og": "https://encrypted-tbn0.gstatic.com/images?q=tbn:ANd9GcSC8GtaszkUbsZOWgBxFpTaAoCANwO8viYWH_X3789F6UKf_LG_I4eRwIAz7nNwQF0j8ies7pSyCH3J2QbE3-JrLbBZ5Vm1bDoGlJfB1XjPrpXFNw",
            "source": "Business Insider",
            "source_icon": "https://encrypted-tbn3.gstatic.com/faviconV2?url=https://www.businessinsider.com&client=NEWS_360&size=96&type=FAVICON&fallback_opts=TYPE,SIZE,URL",
            "title": "Best things I did in Iceland instead of seeing Northern Lights"
        },
        {
            "link": "https://news.google.com/articles/CBMiP2h0dHBzOi8vZWFydGhza3kub3JnL3NwYWNlL3JhcmUtbmV1dHJpbm9zLWRldGVjdGVkLWljZWN1YmUtdGF1L9IBAA?hl=en-US&gl=US&ceid=US%3Aen",
            "og": "https://encrypted-tbn0.gstatic.com/images?q=tbn:ANd9GcRKyiVPwi6P2cGruVGjUqmEEGJHeqIESmaKEAWIVBmEnVs58r1hHANnZAfg_Lgl5rI0Jg3C54K56GeNSz0_0bY9vzpiLp7tIeR71jlnKXjOk2bZ8g",
            "source": "EarthSky",
            "source_icon": "https://encrypted-tbn0.gstatic.com/faviconV2?url=https://earthsky.org&client=NEWS_360&size=96&type=FAVICON&fallback_opts=TYPE,SIZE,URL",
            "title": "Rare neutrinos detected from under Antarctic ice"
        },
        {
            "link": "https://news.google.com/articles/CBMiVGh0dHBzOi8vd3d3Lm5ld3Nlci5jb20vc3RvcnkvMzUwMDE1L2dpcmwtMTEtaGVscHMtZGlzY292ZXItbGFyZ2VzdC1ldmVyLXJlcHRpbGUuaHRtbNIBAA?hl=en-US&gl=US&ceid=US%3Aen",
            "og": "https://encrypted-tbn0.gstatic.com/images?q=tbn:ANd9GcR1mzd6kvPBE0ALu59fnuuqR2PJSSMwfwyNzKOlQ_-ntaX5sK1cRKqmg9E3N3QWo-E",
            "source": "Newser",
            "source_icon": "https://encrypted-tbn2.gstatic.com/faviconV2?url=https://www.newser.com&client=NEWS_360&size=96&type=FAVICON&fallback_opts=TYPE,SIZE,URL",
            "title": "Girl, 11, Helps Discover Largest Ever Reptile"
        },
        {
            "link": "https://news.google.com/articles/CBMiX2h0dHBzOi8vd3d3LnNjaWVuY2VhbGVydC5jb20veW91ci1mYWNlLW1heS1oYXZlLWJlZW4tc2hhcGVkLWJ5LXByZXNzdXJlLWluLXRoZS13b21iLXN0dWR5LWZpbmRz0gEA?hl=en-US&gl=US&ceid=US%3Aen",
            "og": "https://encrypted-tbn0.gstatic.com/images?q=tbn:ANd9GcQ5tpopLiRJdtpGjeXeIoljOMdPPfeNEAE-RMCRhgcm7iHdkr3-GLM88_1-NOVdHsPN-Y4YakYHQsp889CBtOMG64wR5aVxe_1mHkiKIGTEmuSYnA",
            "source": "ScienceAlert",
            "source_icon": "https://encrypted-tbn2.gstatic.com/faviconV2?url=https://www.sciencealert.com&client=NEWS_360&size=96&type=FAVICON&fallback_opts=TYPE,SIZE,URL",
            "title": "Your Face May Have Been Shaped by Pressure in The Womb, Study Finds"
        },
        {
            "link": "https://news.google.com/articles/CBMimQFodHRwczovL3d3dy5saXZlc2NpZW5jZS5jb20vcGh5c2ljcy1tYXRoZW1hdGljcy9kYXJrLW1hdHRlci9naWFudC1yb2d1ZS13YXZlcy1vZi1pbnZpc2libGUtbWF0dGVyLW1pZ2h0LWJlLWRpc3J1cHRpbmctdGhlLW9yYml0cy1vZi1zdGFycy1uZXctc3R1ZHktaGludHPSAQA?hl=en-US&gl=US&ceid=US%3Aen",
            "og": "https://encrypted-tbn3.gstatic.com/images?q=tbn:ANd9GcSo9JpMycvsN_lcb7fVEIy19-CVU4MQOL_tLyPFWH0_KN736l_4M9If49bCzBxTHzumo2s5kq_vSmnGzN71fFKhQlqRsYqbRtMGh-_Z3MHK1iu3eQ",
            "source": "Livescience.com",
            "source_icon": "https://encrypted-tbn2.gstatic.com/faviconV2?url=https://www.livescience.com&client=NEWS_360&size=96&type=FAVICON&fallback_opts=TYPE,SIZE,URL",
            "title": "Giant 'rogue waves' of invisible matter might be disrupting the orbits of stars, new study hints"
        },
        {
            "link": "https://news.google.com/articles/CBMiXGh0dHBzOi8vYXJzdGVjaG5pY2EuY29tL3NjaWVuY2UvMjAyNC8wNS9tb25zdGVyLWdhbGFjdGljLW91dGZsb3ctcG93ZXJlZC1ieS1leHBsb2Rpbmctc3RhcnMv0gEA?hl=en-US&gl=US&ceid=US%3Aen",
            "og": "https://encrypted-tbn1.gstatic.com/images?q=tbn:ANd9GcRco7rl0o9TxT8_ch6xpM9PRWXS6SyXa4UlQX95dPbPzAvZrkPN5cLPIY_Se1xu4TQIcCeYNm6R6kScf0Smv1E8H68KPy8YxqaSDgq9cC1iD_zGEg",
            "source": "Ars Technica",
            "source_icon": "https://encrypted-tbn0.gstatic.com/faviconV2?url=https://arstechnica.com&client=NEWS_360&size=96&type=FAVICON&fallback_opts=TYPE,SIZE,URL",
            "title": "Monster galactic outflow powered by exploding stars"
        },
        {
            "link": "https://news.google.com/articles/CBMirQFodHRwczovL3RpbWVzb2ZpbmRpYS5pbmRpYXRpbWVzLmNvbS9ob21lL3NjaWVuY2UvbmFzYS10ZWFtLWxlZC1ieS1pbmRpYW4tb3JpZ2luLXNjaWVudGlzdC11bnJhdmVscy13aGF0LWlzLWJlaGluZC1zdXBlcmhlYXRpbmctb2Ytc3Vucy1tb3NzeS1yZWdpb24vYXJ0aWNsZXNob3cvMTEwMDQxMDU1LmNtc9IBAA?hl=en-US&gl=US&ceid=US%3Aen",
            "og": "https://encrypted-tbn0.gstatic.com/images?q=tbn:ANd9GcTQydFXH7CsfKJwNXPS0qqIVX72U0x6R9xk4x8IKyOifEZmDOMdMHkP0plmyAppqd9x4BGvB85tpdQwF_UTTt89aEux_HSnzU0xZH2CdGHZmKD51g",
            "source": "The Times of India",
            "source_icon": "https://encrypted-tbn2.gstatic.com/faviconV2?url=https://timesofindia.indiatimes.com&client=NEWS_360&size=96&type=FAVICON&fallback_opts=TYPE,SIZE,URL",
            "title": "Nasa team led by Indian-origin scientist unravels what is behind superheating of Sun's mossy region"
        },
        {
            "link": "https://news.google.com/articles/CBMiWWh0dHBzOi8vd3d3LnNjaWVuY2VhbGVydC5jb20vdGhlLXVuaXZlcnNlLWNvdWxkLWJlLXNoYXBlZC1saWtlLWEtYml6YXJyZS10d2lzdGVkLWZ1bmhvdXNl0gEA?hl=en-US&gl=US&ceid=US%3Aen",
            "og": "https://encrypted-tbn2.gstatic.com/images?q=tbn:ANd9GcThzzAEBMPAPQFbM6qX5aVvMeSK84TY9mqmgNRFJvKpiWIYeIJcpwrys45ySEoN_FZbNn2wn11d9Jy7YP1bccKhSJtaF3IiJhIcQrfNkTA9MYnLFA",
            "source": "ScienceAlert",
            "source_icon": "https://encrypted-tbn2.gstatic.com/faviconV2?url=https://www.sciencealert.com&client=NEWS_360&size=96&type=FAVICON&fallback_opts=TYPE,SIZE,URL",
            "title": "The Universe Could Be Shaped Like a Bizarre, Twisted Funhouse"
        },
        {
            "link": "https://news.google.com/articles/CBMiP2h0dHBzOi8vcGh5cy5vcmcvbmV3cy8yMDI0LTA1LWNlbGx1bGFyLWhpbnRzLXJlY3ljbGluZy1kbmEuaHRtbNIBPmh0dHBzOi8vcGh5cy5vcmcvbmV3cy8yMDI0LTA1LWNlbGx1bGFyLWhpbnRzLXJlY3ljbGluZy1kbmEuYW1w?hl=en-US&gl=US&ceid=US%3Aen",
            "og": "https://encrypted-tbn0.gstatic.com/images?q=tbn:ANd9GcSsPk54IAs9OGfw-_DX22APq2E7wW91f-Sw66QpAyjmF_YplqjqDuXEj86FaFcGhQbMTA_TB4bdZTyDbaCirZQSI4grKKlu99tNTMkl-hYLWQnD7w",
            "source": "Phys.org",
            "source_icon": "https://encrypted-tbn2.gstatic.com/faviconV2?url=https://phys.org&client=NEWS_360&size=96&type=FAVICON&fallback_opts=TYPE,SIZE,URL",
            "title": "Study discovers cellular activity that hints recycling is in our DNA"
        },
        {
            "link": "https://news.google.com/articles/CBMiYGh0dHBzOi8vYmlndGhpbmsuY29tL3N0YXJ0cy13aXRoLWEtYmFuZy9zdGFydHMtd2l0aC1hLWJhbmctcG9kY2FzdC0xMDUtZGFyay1tYXR0ZXItYW5kLWdhbGF4aWVzL9IBAA?hl=en-US&gl=US&ceid=US%3Aen",
            "og": "https://encrypted-tbn3.gstatic.com/images?q=tbn:ANd9GcSk-PCCuMX5elOFw5gmR_hvCNQqlu9Yeo4jQwn6qg8EQDI0L6_07bkRhMnaKt2Vv8iXH7NIwyR9T8N59oFVWzopGaunYSi09FMF2j5-dTMljToLqw",
            "source": "Big Think",
            "source_icon": "https://encrypted-tbn1.gstatic.com/faviconV2?url=https://bigthink.com&client=NEWS_360&size=96&type=FAVICON&fallback_opts=TYPE,SIZE,URL",
            "title": "Starts With A Bang Podcast #105 - Dark Matter and Galaxies"
        },
        {
            "link": "https://news.google.com/articles/CBMiRmh0dHBzOi8vcGh5cy5vcmcvbmV3cy8yMDI0LTA1LWFuY2llbnQtZWd5cHRpYW4tZ29kZGVzcy1za3ktbW9kZXJuLmh0bWzSAUVodHRwczovL3BoeXMub3JnL25ld3MvMjAyNC0wNS1hbmNpZW50LWVneXB0aWFuLWdvZGRlc3Mtc2t5LW1vZGVybi5hbXA?hl=en-US&gl=US&ceid=US%3Aen",
            "og": "https://encrypted-tbn3.gstatic.com/images?q=tbn:ANd9GcRpTc-0u9xtRDwNJOKSVlNN2W-YscyXTva90MmlEWqBUzir6pNJ4-ByrBYAEhjR34G_tasIswQdnjIRE03iSABUZbwHjyjRqjP9bbS2Y7IRY_wwEw",
            "source": "Phys.org",
            "source_icon": "https://encrypted-tbn2.gstatic.com/faviconV2?url=https://phys.org&client=NEWS_360&size=96&type=FAVICON&fallback_opts=TYPE,SIZE,URL",
            "title": "The ancient Egyptian goddess of the sky: How a researcher used modern astronomy to explore her link with the Milky Way"
        },
        {
            "link": "https://news.google.com/articles/CBMiSmh0dHBzOi8vcGh5cy5vcmcvbmV3cy8yMDI0LTA1LXdlYWtlci1vY2Vhbi1jdXJyZW50cy1kZWNsaW5lLW51dHJpZW50cy5odG1s0gFJaHR0cHM6Ly9waHlzLm9yZy9uZXdzLzIwMjQtMDUtd2Vha2VyLW9jZWFuLWN1cnJlbnRzLWRlY2xpbmUtbnV0cmllbnRzLmFtcA?hl=en-US&gl=US&ceid=US%3Aen",
            "og": "https://encrypted-tbn3.gstatic.com/images?q=tbn:ANd9GcSzr7u0TIHli7lzLvprtH7vyGuj3M5JKgvb5Jkgqs6PXku80mUsmWioXu1XyHXBLTEV5yxGMgNKVrZmaFY0oGGK16t2Mizw3CiEBT2BY7WKnz35NA",
            "source": "Phys.org",
            "source_icon": "https://encrypted-tbn2.gstatic.com/faviconV2?url=https://phys.org&client=NEWS_360&size=96&type=FAVICON&fallback_opts=TYPE,SIZE,URL",
            "title": "Weaker ocean currents lead to decline in nutrients for North Atlantic ocean life during prehistoric climate change"
        },
        {
            "link": "https://news.google.com/articles/CBMiRGh0dHBzOi8vYXJzdGVjaG5pY2EuY29tL3NjaWVuY2UvMjAyNC8wNS9ob3ctdGhlLW1vb24tZ290LWEtbWFrZW92ZXIv0gEA?hl=en-US&gl=US&ceid=US%3Aen",
            "og": "https://encrypted-tbn3.gstatic.com/images?q=tbn:ANd9GcRkLt6swaxj4pw0oz14FmluCgMmvCm9rxgvzio5ic1FxRg4V_ilHtTn6WXsELo-3B1c4pAMc9oQviSP-SQhsnm-0QI6p1XR544R58XSnfPYBfWwuQ",
            "source": "Ars Technica",
            "source_icon": "https://encrypted-tbn0.gstatic.com/faviconV2?url=https://arstechnica.com&client=NEWS_360&size=96&type=FAVICON&fallback_opts=TYPE,SIZE,URL",
            "title": "How the Moon got a makeover"
        },
        {
            "link": "https://news.google.com/articles/CBMiamh0dHBzOi8vd3d3LmVhcnRoLmNvbS9uZXdzL3F1YW50dW0tY29tcHV0aW5nLWdpYW50LWxlYXAtZm9yd2FyZC1icmVha3Rocm91Z2gtdWx0cmEtcHVyZS1zaWxpY29uLWRpc2NvdmVyeS_SAQA?hl=en-US&gl=US&ceid=US%3Aen",
            "og": "https://encrypted-tbn1.gstatic.com/images?q=tbn:ANd9GcSi6jIt6yX3YlN6BjjYd4llieD9yBAC5QPbvBjRdH53AtAWddVAkmTQnLmjISlr-1w",
            "source": "Earth.com",
            "source_icon": "https://encrypted-tbn1.gstatic.com/faviconV2?url=https://www.earth.com&client=NEWS_360&size=96&type=FAVICON&fallback_opts=TYPE,SIZE,URL",
            "title": "Quantum computing takes a giant leap forward with breakthrough discovery"
        },
        {
            "link": "https://news.google.com/articles/CBMiXWh0dHBzOi8vd3d3LnRoZW5ld3MuY29tLnBrL2xhdGVzdC8xMTg3OTczLWxhcmdlc3QtYW5pbWFsLWxpdmVkLTEwMC1taWxsaW9uLXllYXJzLWFnby1vbi1lYXJ0aNIBWmh0dHBzOi8vd3d3LnRoZW5ld3MuY29tLnBrL2FtcC8xMTg3OTczLWxhcmdlc3QtYW5pbWFsLWxpdmVkLTEwMC1taWxsaW9uLXllYXJzLWFnby1vbi1lYXJ0aA?hl=en-US&gl=US&ceid=US%3Aen",
            "og": "https://encrypted-tbn1.gstatic.com/images?q=tbn:ANd9GcSETzqwOrJY4pG-y7lkYZVGXLcDmUYwvwzMH7sAa1M-kQsSiVUlhKLmOqjPp01hC3JRg34wZ5HuvcXn-sRtmxhL1zwVIpnv9FVf-hmtZ53uQcLyUQ",
            "source": "The News International",
            "source_icon": "https://encrypted-tbn3.gstatic.com/faviconV2?url=https://www.thenews.com.pk&client=NEWS_360&size=96&type=FAVICON&fallback_opts=TYPE,SIZE,URL",
            "title": "Largest animal lived 100 million years ago on Earth"
        },
        {
            "link": "https://news.google.com/articles/CBMiYWh0dHBzOi8vc2NpdGVjaGRhaWx5LmNvbS90aGUtY3JhdG9uLWVuaWdtYS1zY2llbnRpc3RzLXByb3Bvc2UtYS1uZXctY29udGluZW50YWwtZm9ybWF0aW9uLXRoZW9yeS_SAQA?hl=en-US&gl=US&ceid=US%3Aen",
            "og": "https://encrypted-tbn0.gstatic.com/images?q=tbn:ANd9GcT0z6p4mIICzaX4MFtJEf8zg5aRkouKAEPXWSPYU3uNym5l4LUunGu_24QPj2MoT-QA5PsXd1z7ZFrMeoPACqIOUqLwx3gPzTv5t_z0nf09iEZZ4A",
            "source": "SciTechDaily",
            "source_icon": "https://encrypted-tbn2.gstatic.com/faviconV2?url=https://scitechdaily.com&client=NEWS_360&size=96&type=FAVICON&fallback_opts=TYPE,SIZE,URL",
            "title": "The Craton Enigma: Scientists Propose a New Continental Formation Theory"
        },
        {
            "link": "https://news.google.com/articles/CBMiUGh0dHBzOi8vcGh5cy5vcmcvbmV3cy8yMDI0LTA1LWV4cGxvcmVzLXdheXMtbWl0aWdhdGUtZW52aXJvbm1lbnRhbC10b3hpY2l0eS5odG1s0gFPaHR0cHM6Ly9waHlzLm9yZy9uZXdzLzIwMjQtMDUtZXhwbG9yZXMtd2F5cy1taXRpZ2F0ZS1lbnZpcm9ubWVudGFsLXRveGljaXR5LmFtcA?hl=en-US&gl=US&ceid=US%3Aen",
            "og": "https://encrypted-tbn1.gstatic.com/images?q=tbn:ANd9GcQcQ4XKuCN3HFC9nYuJJiQm3OiKmVy-iXCVVxtca_X3GT57b_uHZDEv09IKHepGqUPd3USMX-7BAjC0tzAi4p9-h2nMJ6sLlU6QzWR5uNX_PIWt6g",
            "source": "Phys.org",
            "source_icon": "https://encrypted-tbn2.gstatic.com/faviconV2?url=https://phys.org&client=NEWS_360&size=96&type=FAVICON&fallback_opts=TYPE,SIZE,URL",
            "title": "Research explores ways to mitigate the environmental toxicity of ubiquitous silver nanoparticles"
        },
        {
            "link": "https://news.google.com/articles/CBMiX2h0dHBzOi8vd3d3LnNjaWVuY2VhbGVydC5jb20vcGh5c2ljaXN0cy1kZXRlY3QtaGludHMtb2YtYS1teXN0ZXJpb3VzLXBhcnRpY2xlLWNhbGxlZC1hLWdsdWViYWxs0gEA?hl=en-US&gl=US&ceid=US%3Aen",
            "og": "https://encrypted-tbn3.gstatic.com/images?q=tbn:ANd9GcRX7a290dLN1ppPc0ixC90STyjQo5poEduL02yjq82MAp5e5RW4iQbqNVsSoOJa3U2YY9Xnah13fwNDoA5sdyct7QXKqf5SkCaej_gH4zitkvWPhA",
            "source": "ScienceAlert",
            "source_icon": "https://encrypted-tbn2.gstatic.com/faviconV2?url=https://www.sciencealert.com&client=NEWS_360&size=96&type=FAVICON&fallback_opts=TYPE,SIZE,URL",
            "title": "Physicists Detect Hints of a Mysterious Particle Called a 'Glueball'"
        }
    ],
    "Sports": [
        {
            "link": "https://news.google.com/articles/CBMiYmh0dHBzOi8vd3d3LmVzcG4uY29tL25iYS9zdG9yeS9fL2lkLzQwMTM2MTg2L2RlbnZlci1udWdnZXRzLWV2ZW4tc2VyaWVzLW1pbm5lc290YS10aW1iZXJ3b2x2ZXMtMi0y0gEA?hl=en-US&gl=US&ceid=US%3Aen",
            "og": "https://encrypted-tbn0.gstatic.com/images?q=tbn:ANd9GcS1F_S4z4HRtgZ7eGW0B3PxLzAwQVguV0DeE1xGH3TsxCWPOkv7VnlRcMDfC7klBNRG_dfIOH6dltNptfc9ijli",
            "source": "ESPN",
            "source_icon": "https://encrypted-tbn2.gstatic.com/faviconV2?url=https://www.espn.com&client=NEWS_360&size=96&type=FAVICON&fallback_opts=TYPE,SIZE,URL",
            "title": "Denver Nuggets even series with Minnesota Timberwolves 2-2"
        },
        {
            "link": "https://news.google.com/articles/CBMiYWh0dHBzOi8vd3d3Lmhvb3BzcnVtb3JzLmNvbS8yMDI0LzA1L2Vhc3Rlcm4tbm90ZXMtaG9ybmV0cy1kcmFmdC1zcG9lbHN0cmEtYnVsbHMtZHJhZnQtbGF2aW5lLmh0bWzSAQA?hl=en-US&gl=US&ceid=US%3Aen",
            "og": "https://encrypted-tbn2.gstatic.com/images?q=tbn:ANd9GcQErJHvsWVvKtuxLsAgDB72ZgMJ3XuFixCDmL5R73Pk6i3-CtGkBcW2peI471ZopoXxxpgbTwgq7Wfbvsjpl0toz8nPwQxnv7EPNNcKqyj72TtiIQ",
            "source": "hoopsrumors.com",
            "source_icon": "https://encrypted-tbn3.gstatic.com/faviconV2?url=https://www.hoopsrumors.com&client=NEWS_360&size=96&type=FAVICON&fallback_opts=TYPE,SIZE,URL",
            "title": "Eastern Notes: Hornets Draft, Spoelstra, Bulls' Draft, LaVine"
        },
        {
            "link": "https://news.google.com/articles/CBMiY2h0dHBzOi8vd3d3LmJvc3Rvbi5jb20vc3BvcnRzL2Jvc3Rvbi1icnVpbnMvMjAyNC8wNS8xMi9icnVpbnMtYnJhZC1tYXJjaGFuZC1pbmp1cnktZ2FtZS00LXBhbnRoZXJzL9IBaWh0dHBzOi8vd3d3LmJvc3Rvbi5jb20vc3BvcnRzL2Jvc3Rvbi1icnVpbnMvMjAyNC8wNS8xMi9icnVpbnMtYnJhZC1tYXJjaGFuZC1pbmp1cnktZ2FtZS00LXBhbnRoZXJzLz9hbXA9MQ?hl=en-US&gl=US&ceid=US%3Aen",
            "og": "https://encrypted-tbn3.gstatic.com/images?q=tbn:ANd9GcSIh3PuVMCdCM1WoQnd31RMQc_eibVz1gxTSsYnaeypVpBV9M1u-C5qZggugz-Np6bSaDFLFAsaukfe6fDpYg8778UILZULobgnYkjpUiufXsHl5A",
            "source": "Boston.com",
            "source_icon": "https://encrypted-tbn3.gstatic.com/faviconV2?url=https://www.boston.com&client=NEWS_360&size=96&type=FAVICON&fallback_opts=TYPE,SIZE,URL",
            "title": "With Brad Marchand injured, Bruins pledge physical response vs. Panthers in Game 4"
        },
        {
            "link": "https://news.google.com/articles/CBMic2h0dHBzOi8vd3d3Lm5iY3Nwb3J0cy5jb20vbmFzY2FyL25ld3MvYnJhZC1rZXNlbG93c2tpLWNhcHR1cmVzLWZpcnN0LXdpbi1mb3ItcmtmLXJhY2luZy0zLXRha2Vhd2F5cy1mcm9tLWRhcmxpbmd0b27SAQA?hl=en-US&gl=US&ceid=US%3Aen",
            "og": "https://encrypted-tbn0.gstatic.com/images?q=tbn:ANd9GcTmswqv43qgZOavYVR4OXaApUSx0jJelmnDMjDWRzTrh5lEFPChPtj_6j_ibMHs0bBJA7OaYo6EuJejKYS7YcgS",
            "source": "NBC Sports",
            "source_icon": "https://encrypted-tbn1.gstatic.com/faviconV2?url=https://www.nbcsports.com&client=NEWS_360&size=96&type=FAVICON&fallback_opts=TYPE,SIZE,URL",
            "title": "Brad Keselowski captures first win for RFK Racing: 3 takeaways from Darlington"
        },
        {
            "link": "https://news.google.com/articles/CBMif2h0dHBzOi8vYmxlYWNoZXJyZXBvcnQuY29tL2FydGljbGVzLzEwMTIwNzcwLXR5cmVzZS1oYWxpYnVydG9ucy1wYWNlcnMtY3J1c2gta25pY2tzLXN0dW4tbmJhLWZhbnMtd2l0aC1nNC1ibG93b3V0LW9mLWJydW5zb24tbnnSAY8BaHR0cHM6Ly9zeW5kaWNhdGlvbi5ibGVhY2hlcnJlcG9ydC5jb20vYW1wLzEwMTIwNzcwLXR5cmVzZS1oYWxpYnVydG9ucy1wYWNlcnMtY3J1c2gta25pY2tzLXN0dW4tbmJhLWZhbnMtd2l0aC1nNC1ibG93b3V0LW9mLWJydW5zb24tbnkuYW1wLmh0bWw?hl=en-US&gl=US&ceid=US%3Aen",
            "og": "https://encrypted-tbn3.gstatic.com/images?q=tbn:ANd9GcT-Gg2-oKOG5r_s_tz2L2iqyQ_AjXVpO0Na0RLz7QBG7bAsa1NkMelpuefm7BOupFJ6pF4RORS-_Oi-7xaZn0GSBdHgRjuoc5wiVsQP7uaT3EKQfQ",
            "source": "Bleacher Report",
            "source_icon": "https://encrypted-tbn3.gstatic.com/faviconV2?url=https://bleacherreport.com&client=NEWS_360&size=96&type=FAVICON&fallback_opts=TYPE,SIZE,URL",
            "title": "Tyrese Haliburton's Pacers Crush Knicks, Stun NBA Fans with G4 Blowout of Brunson, NY"
        },
        {
            "link": "https://news.google.com/articles/CBMihgFodHRwczovL3d3dy5zdGFydHJpYnVuZS5jb20vdGltYmVyd29sdmVzLW51Z2dldHMtd2VzdGVybi1jb25mZXJlbmNlLXNlbWlmaW5hbHMtc2VyaWVzLXRpZWQtMi0yLWFudGhvbnktZWR3YXJkcy1uaWtvbGEtam9raWMvNjAwMzY1NDU5L9IBAA?hl=en-US&gl=US&ceid=US%3Aen",
            "og": "https://encrypted-tbn0.gstatic.com/images?q=tbn:ANd9GcQJPX7R2aE7nS0hbWiNM-Ceb9KuPPtZSmByLC0r9ZvsVlCblKmnrWt0KwYMGWSZp8fkJrKNqa1Z6QbDiHXI_L2c",
            "source": "Star Tribune",
            "source_icon": "https://encrypted-tbn0.gstatic.com/faviconV2?url=https://www.startribune.com&client=NEWS_360&size=96&type=FAVICON&fallback_opts=TYPE,SIZE,URL",
            "title": "Timberwolves done in by disastrous end of first half in Game 4 loss to Nuggets"
        },
        {
            "link": "https://news.google.com/articles/CBMibmh0dHBzOi8vbnlwb3N0LmNvbS8yMDI0LzA1LzEyL3Nwb3J0cy9rbmlja3MtamFsZW4tYnJ1bnNvbi1jbGVhcmx5LW5vdC1yaWdodC1kZXNwaXRlLXJlZnVzYWwtZm9yLWV4Y3VzZS1leGN1c2Uv0gFyaHR0cHM6Ly9ueXBvc3QuY29tLzIwMjQvMDUvMTIvc3BvcnRzL2tuaWNrcy1qYWxlbi1icnVuc29uLWNsZWFybHktbm90LXJpZ2h0LWRlc3BpdGUtcmVmdXNhbC1mb3ItZXhjdXNlLWV4Y3VzZS9hbXAv?hl=en-US&gl=US&ceid=US%3Aen",
            "og": "https://encrypted-tbn1.gstatic.com/images?q=tbn:ANd9GcTg-XJfiD32DEliIIJy0Cu_pIjjCY2LPQVapQVdf16gZmdhPY47VN7Eyvt77IgzS68_68Ae1JqEUDSi2BQ1U-TGG6uUkqq2L5OOy_SXtNbgaE0aeA",
            "source": "New York Post",
            "source_icon": "https://encrypted-tbn3.gstatic.com/faviconV2?url=https://nypost.com&client=NEWS_360&size=96&type=FAVICON&fallback_opts=TYPE,SIZE,URL",
            "title": "Knicks' Jalen Brunson clearly not right despite refusal to make excuse"
        },
        {
            "link": "https://news.google.com/articles/CBMiS2h0dHBzOi8vdGhlYXRobGV0aWMuY29tLzU0ODg1NzYvMjAyNC8wNS8xMy9jYW51Y2tzLW9pbGVycy1nYW1lLTMtdGFrZWF3YXlzL9IBAA?hl=en-US&gl=US&ceid=US%3Aen",
            "og": "https://encrypted-tbn2.gstatic.com/images?q=tbn:ANd9GcQePFGytfq6g_8zCaEuuckf_D0fDScgWh7JtFW9ZnI8tJWnrWuULLIAHHkE1EuOOweZIhEFPdWsTAgwhAnOvHeUXmmqCnXRyu4Xa4Q1MbmjHEMZoQ",
            "source": "The Athletic",
            "source_icon": "https://encrypted-tbn1.gstatic.com/faviconV2?url=https://theathletic.com&client=NEWS_360&size=96&type=FAVICON&fallback_opts=TYPE,SIZE,URL",
            "title": "How the Canucks, Brock Boeser contained Connor McDavid to win Game 3: 5 takeaways"
        },
        {
            "link": "https://news.google.com/articles/CBMiS2h0dHBzOi8vc3BvcnRzLnlhaG9vLmNvbS9nYW1lLTQtdGFrZWF3YXlzLWNvbnRyb3ZlcnNpYWwtY2FsbC0wMTM1MTYzNjYuaHRtbNIBAA?hl=en-US&gl=US&ceid=US%3Aen",
            "og": "https://encrypted-tbn2.gstatic.com/images?q=tbn:ANd9GcRx4qvz-lc7zafmBd6wJU7HZltLoA7FMoi6Llc1TUAKC4h3Y-ySRLy-7UBp7EwBuoOg_hbBsQPjYlodXFDqbtk0AqlS1A9UaqsWI8uiRG4UcXv_sA",
            "source": "Yahoo Sports",
            "source_icon": "https://encrypted-tbn3.gstatic.com/faviconV2?url=https://sports.yahoo.com&client=NEWS_360&size=96&type=FAVICON&fallback_opts=TYPE,SIZE,URL",
            "title": "Game 4 takeaways: Controversial call mars Bruins' 3-2 loss to Panthers"
        },
        {
            "link": "https://news.google.com/articles/CBMieGh0dHBzOi8vd3d3LnVzYXRvZGF5LmNvbS9zdG9yeS9zcG9ydHMvY29sbGVnZS9zb2Z0YmFsbC8yMDI0LzA1LzEyL25jYWEtc29mdGJhbGwtdG91cm5hbWVudC1icmFja2V0LXNjaGVkdWxlLzczNjQxMDQxMDA3L9IBAA?hl=en-US&gl=US&ceid=US%3Aen",
            "og": "https://encrypted-tbn3.gstatic.com/images?q=tbn:ANd9GcQUfOBV-EQh_9Ak4tLCw6u5HC-1g1Qzpz7nEhKgbj1ZKaN-NESSHYC0QDnzKkGJSVHlG-eBYmRe0tHTEV_UHT-ADzjfNDKikKlXFnMWHQ8EXiySQA",
            "source": "USA TODAY",
            "source_icon": "https://encrypted-tbn0.gstatic.com/faviconV2?url=https://www.usatoday.com&client=NEWS_360&size=96&type=FAVICON&fallback_opts=TYPE,SIZE,URL",
            "title": "NCAA softball tournament 2024: Bracket, schedule, times, TV, seeds"
        },
        {
            "link": "https://news.google.com/articles/CBMib2h0dHBzOi8vd3d3LnNibmF0aW9uLmNvbS9nb2xmLzIwMjQvNS8xMi8yNDE1NDk0OS9yb3J5LW1jaWxyb3ktYmxvd3Mtd2VsbHMtZmFyZ28tZmllbGQtMm5kLXN0cmFpZ2h0LXBnYS10b3VyLXdpbtIBAA?hl=en-US&gl=US&ceid=US%3Aen",
            "og": "https://encrypted-tbn1.gstatic.com/images?q=tbn:ANd9GcQRIxgqZwhLNcpWNtM1L9il54DeRIQ5wwkmYOJMAzTCPDI6FsZU-CaFeguhqIKyUN4xzjRs5qGnQlhVQc83U68oS0ybY2qefUR251ojWBM3naOUbA",
            "source": "SB Nation",
            "source_icon": "https://encrypted-tbn2.gstatic.com/faviconV2?url=https://www.sbnation.com&client=NEWS_360&size=96&type=FAVICON&fallback_opts=TYPE,SIZE,URL",
            "title": "Rory McIlroy blows Wells Fargo field away as \"stars align\" for 2nd straight PGA Tour win"
        },
        {
            "link": "https://news.google.com/articles/CBMijAFodHRwczovL3d3dy5jYnNzcG9ydHMuY29tL3Rlbm5pcy9uZXdzL25vdmFrLWRqb2tvdmljLWhlYWQtaW5qdXJ5LTI0LXRpbWUtZ3JhbmQtc2xhbS13aW5uZXItc3VmZmVycy11cHNldC1sb3NzLWFmdGVyLWdldHRpbmctaGl0LXdpdGgtYm90dGxlL9IBkAFodHRwczovL3d3dy5jYnNzcG9ydHMuY29tL3Rlbm5pcy9uZXdzL25vdmFrLWRqb2tvdmljLWhlYWQtaW5qdXJ5LTI0LXRpbWUtZ3JhbmQtc2xhbS13aW5uZXItc3VmZmVycy11cHNldC1sb3NzLWFmdGVyLWdldHRpbmctaGl0LXdpdGgtYm90dGxlL2FtcC8?hl=en-US&gl=US&ceid=US%3Aen",
            "og": "https://encrypted-tbn3.gstatic.com/images?q=tbn:ANd9GcQdJ8kESzxS-uAW8x_p419notwa5wzFXFg4YUEXJOIn3ClyUgNHW5h3LmpG1yecovkKw2_t2BL62a3ZRTrvtfxUdpbksTM-dOa6u8rSOPhcCOOJtA",
            "source": "CBS Sports",
            "source_icon": "https://encrypted-tbn2.gstatic.com/faviconV2?url=https://www.cbssports.com&client=NEWS_360&size=96&type=FAVICON&fallback_opts=TYPE,SIZE,URL",
            "title": "Novak Djokovic head injury: 24-time Grand Slam winner suffers upset loss after getting hit with bottle"
        },
        {
            "link": "https://news.google.com/articles/CBMicWh0dHBzOi8vd3d3Lm5iY3Nwb3J0c2JheWFyZWEuY29tL21sYi9zYW4tZnJhbmNpc2NvLWdpYW50cy9qdW5nLWhvby1sZWUtc2hvdWxkZXItaW5qdXJ5LXVwZGF0ZS1ib2ItbWVsdmluLzE3MzQzNDcv0gF3aHR0cHM6Ly93d3cubmJjc3BvcnRzYmF5YXJlYS5jb20vbWxiL3Nhbi1mcmFuY2lzY28tZ2lhbnRzL2p1bmctaG9vLWxlZS1zaG91bGRlci1pbmp1cnktdXBkYXRlLWJvYi1tZWx2aW4vMTczNDM0Ny8_YW1wPTE?hl=en-US&gl=US&ceid=US%3Aen",
            "og": "https://encrypted-tbn0.gstatic.com/images?q=tbn:ANd9GcS67GJ3IdRjCVS7SCyAJTLt9cmi23RrI83aLHOSX_j2Y4WxNcYe4yPOgnA68cndPj1l3UEY12sC4A0lNw9d4SdxwX0k6QYQaYri7ZOkiLQAS0xMdQ",
            "source": "NBC Sports Bay Area",
            "source_icon": "https://encrypted-tbn2.gstatic.com/faviconV2?url=https://www.nbcsportsbayarea.com&client=NEWS_360&size=96&type=FAVICON&fallback_opts=TYPE,SIZE,URL",
            "title": "Melvin provides Lee injury update after Giants outfielder exits game"
        },
        {
            "link": "https://news.google.com/articles/CBMiUWh0dHBzOi8vd3d3Lm1sYi5jb20vbmV3cy9qdWxpby1yb2RyaWd1ZXotaGl0cy1ob21lLXJ1bi1kb3VibGUtbWFyaW5lcnMtd2luLXZzLWEtc9IBAA?hl=en-US&gl=US&ceid=US%3Aen",
            "og": "https://encrypted-tbn0.gstatic.com/images?q=tbn:ANd9GcRwbaQajGZXrjGJs4clhaZ5jdA6_A1YV5Ve28gzhhsd-QRA-ta8q8NRmAciIKUYiNk",
            "source": "MLB.com",
            "source_icon": "https://encrypted-tbn0.gstatic.com/faviconV2?url=https://www.mlb.com&client=NEWS_360&size=96&type=FAVICON&fallback_opts=TYPE,SIZE,URL",
            "title": "Julio Rodríguez hits home run, double; Mariners win vs. A's"
        },
        {
            "link": "https://news.google.com/articles/CBMiRmh0dHBzOi8vd3d3Lm1sYi5jb20vbmV3cy9icmFuZG9uLW5pbW1vLXdhbGstb2ZmLWhyLXZzLWJyYXZlcy1vZmYtYmVuY2jSAQA?hl=en-US&gl=US&ceid=US%3Aen",
            "og": "https://encrypted-tbn1.gstatic.com/images?q=tbn:ANd9GcRqCrqKWGyFIAlgz4YHQqVDCdMQXqWOy7oMggxOeEnwc7UBaTGlzJWZUQYghnIeaPe-Uf_KULBmFAb6wmtnZR6k",
            "source": "MLB.com",
            "source_icon": "https://encrypted-tbn0.gstatic.com/faviconV2?url=https://www.mlb.com&client=NEWS_360&size=96&type=FAVICON&fallback_opts=TYPE,SIZE,URL",
            "title": "Brandon Nimmo hits walk-off HR vs. Braves off bench"
        },
        {
            "link": "https://news.google.com/articles/CBMiUGh0dHBzOi8vdGhlYXRobGV0aWMuY29tLzU0ODgzNzQvMjAyNC8wNS8xMi9uZWxseS1rb3JkYXMtcm9zZS16aGFuZy1mb3VuZGVycy1jdXAv0gEA?hl=en-US&gl=US&ceid=US%3Aen",
            "og": "https://encrypted-tbn2.gstatic.com/images?q=tbn:ANd9GcT1WwkXTJGH98tH0GevQGI1Vkcs18RgbeHLgcgj5Ii5HrCLTongrMI5nLrN5z0ANpnfhCvIPMOc5t3kR0S1NXdkCRm0CLfmY23684y8FD7JtyBA-w",
            "source": "The Athletic",
            "source_icon": "https://encrypted-tbn1.gstatic.com/faviconV2?url=https://theathletic.com&client=NEWS_360&size=96&type=FAVICON&fallback_opts=TYPE,SIZE,URL",
            "title": "Zhang wins Founders Cup; Korda's LPGA win streak ends"
        },
        {
            "link": "https://news.google.com/articles/CBMieGh0dHBzOi8vbW1hanVua2llLnVzYXRvZGF5LmNvbS9saXN0cy91ZmMtb24tZXNwbi01Ni10YWtlYXdheXMtcmVhY3Rpb24tcmVjYXAtZGVycmljay1sZXdpcy1rbm9ja291dC1kYW5hLXdoaXRlLWNyaXRpY2lzbdIBAA?hl=en-US&gl=US&ceid=US%3Aen",
            "og": "https://encrypted-tbn3.gstatic.com/images?q=tbn:ANd9GcRQqwnrx2NQjOFyvmiLwmieWKtCgmj0dBr6aLuWPFp5x_g-LHLpPwdmcIt1Pe3KmkRa0Bvn4qX0iUBgXf5hooyFhPlXBkQHz7Dm_JP-",
            "source": "MMA Junkie",
            "source_icon": "https://encrypted-tbn2.gstatic.com/faviconV2?url=https://mmajunkie.usatoday.com&client=NEWS_360&size=96&type=FAVICON&fallback_opts=TYPE,SIZE,URL",
            "title": "UFC on ESPN 56 takeaways: Derrick Lewis magic and Dana White criticism"
        },
        {
            "link": "https://news.google.com/articles/CBMibWh0dHBzOi8vd3d3LnBvdW5kaW5ndGhlcm9jay5jb20vMjAyNC81LzEyLzI0MTU1MDIwL3doYXQtdGhlLTIwMjQtbmJhLWRyYWZ0LWxvdHRlcnktcmVzdWx0cy1tZWFuLWZvci10aGUtc3B1cnPSAQA?hl=en-US&gl=US&ceid=US%3Aen",
            "og": "https://encrypted-tbn1.gstatic.com/images?q=tbn:ANd9GcQmg-WwqVqVbdnkm41wkhJn9GPBdBxk6bLDflcCmFqkh_vuc95jHmJw9ONJjD4Xlg6wEwLvYtjL5JLUUtA_JmO0NxsvhqCyMpWWfQtOwEL3qdZpMA",
            "source": "Pounding The Rock",
            "source_icon": "https://encrypted-tbn3.gstatic.com/faviconV2?url=https://www.poundingtherock.com&client=NEWS_360&size=96&type=FAVICON&fallback_opts=TYPE,SIZE,URL",
            "title": "What the 2024 NBA draft lottery results mean for the Spurs"
        },
        {
            "link": "https://news.google.com/articles/CBMiWWh0dHBzOi8vd3d3LnNpLmNvbS9uZmwvYnJvbmNvcy9uZXdzL3NlYW4tcGF5dG9uLWNvbW1lbnRzLWJvLW5peC10aHJvd2luZy1icm9uY29zLW1pbmljYW1w0gEA?hl=en-US&gl=US&ceid=US%3Aen",
            "og": "https://encrypted-tbn0.gstatic.com/images?q=tbn:ANd9GcSOLDzNFu0GotvX5RVXG8l14Moz-YOBOA3sSO9duU9UW5hz3OymtyC0GpqvbzDDI_b3egQXciYyI0LnjACSb-lpf_nzksZrgBk5EhLXn-5fZbpqrA",
            "source": "Sports Illustrated",
            "source_icon": "https://encrypted-tbn0.gstatic.com/faviconV2?url=https://www.si.com&client=NEWS_360&size=96&type=FAVICON&fallback_opts=TYPE,SIZE,URL",
            "title": "Broncos HC Sean Payton Compares Bo Nix's Throwing to Watching a 'Good Golfer'"
        },
        {
            "link": "https://news.google.com/articles/CBMiS2h0dHBzOi8vd3d3LnNvdW5kZXJhdGhlYXJ0LmNvbS8yMDI0LzA1L3NvdW5kZXJzLXRpbWJlcnMtcmVjYXAtamluZ2xlLWJlbGxzL9IBAA?hl=en-US&gl=US&ceid=US%3Aen",
            "og": "https://encrypted-tbn1.gstatic.com/images?q=tbn:ANd9GcQBJ5oHA2vfJZz134HvwKI3aIM0At0xof7UDbuTfHUjL2qZFBc6hrk0IsZdVoVzRV8",
            "source": "Sounder At Heart",
            "source_icon": "https://encrypted-tbn0.gstatic.com/faviconV2?url=https://www.sounderatheart.com&client=NEWS_360&size=96&type=FAVICON&fallback_opts=TYPE,SIZE,URL",
            "title": "Jingle Bells, Portland smells"
        },
        {
            "link": "https://news.google.com/articles/CBMiK2h0dHBzOi8vcGl0Y2hlcmxpc3QuY29tL3NwLXJvdW5kdXAtNS0xMS0yNC_SAQA?hl=en-US&gl=US&ceid=US%3Aen",
            "og": "https://encrypted-tbn3.gstatic.com/images?q=tbn:ANd9GcTwrVHysNEFpn803RYvUgc9jTEZTsFNqNPlr7dtwzHqYxMVzJAvQSvAl45DG4JKXo9I5oyh_TShWKFlUlHoILl51jYCt7xWOVWo93Xp",
            "source": "Pitcher List",
            "source_icon": "https://encrypted-tbn0.gstatic.com/faviconV2?url=https://pitcherlist.com&client=NEWS_360&size=96&type=FAVICON&fallback_opts=TYPE,SIZE,URL",
            "title": "Fantasy Baseball SP Roundup: Skenes From A Memory"
        },
        {
            "link": "https://news.google.com/articles/CBMiTGh0dHBzOi8vd3d3Lm1sYi5jb20vbmV3cy95dS1kYXJ2aXNoLWRvbWluYW50LWFzLXBhZHJlcy13aW4tc2VyaWVzLXZzLWRvZGdlcnPSAQA?hl=en-US&gl=US&ceid=US%3Aen",
            "og": "https://encrypted-tbn0.gstatic.com/images?q=tbn:ANd9GcRUeyPtxrogfA5lD2tl9O8Ydi8mSZAGGnWC447lS0SgcLSQWbmtImN7YbxSKHTvVSLQYwng4K9mVIhAMwQaar3Q",
            "source": "MLB.com",
            "source_icon": "https://encrypted-tbn0.gstatic.com/faviconV2?url=https://www.mlb.com&client=NEWS_360&size=96&type=FAVICON&fallback_opts=TYPE,SIZE,URL",
            "title": "Yu Darvish dominant as Padres win series vs. Dodgers"
        },
        {
            "link": "https://news.google.com/articles/CBMiU2h0dHBzOi8vbmVzbi5jb20vMjAyNC8wNS9qYXlsZW4tYnJvd24tcmlicy1jbGV2ZWxhbmQtYWZ0ZXItY2VsdGljcy1ib3VuY2UtYmFjay13aW4v0gFXaHR0cHM6Ly9uZXNuLmNvbS8yMDI0LzA1L2pheWxlbi1icm93bi1yaWJzLWNsZXZlbGFuZC1hZnRlci1jZWx0aWNzLWJvdW5jZS1iYWNrLXdpbi9hbXAv?hl=en-US&gl=US&ceid=US%3Aen",
            "og": "https://encrypted-tbn3.gstatic.com/images?q=tbn:ANd9GcSSCl4N3I6NiskzFFDUl_couPJ16bHNtWshc4lLFTvBh5eoJ60kJUzwjzWt0ojuki_fKzlPI4WOBQ-padZxTRZ0rZTR6roqD6ecmTT8",
            "source": "NESN",
            "source_icon": "https://encrypted-tbn2.gstatic.com/faviconV2?url=https://nesn.com&client=NEWS_360&size=96&type=FAVICON&fallback_opts=TYPE,SIZE,URL",
            "title": "Jaylen Brown Rips Cleveland After Celtics’ Bounce-Back Win"
        },
        {
            "link": "https://news.google.com/articles/CBMiigFodHRwczovL3d3dy5zaWx2ZXJzY3JlZW5hbmRyb2xsLmNvbS8yMDI0LzUvMTIvMjQxNTUwNTAvbGFrZXJzLXJ1bW9ycy1oZWFkLWNvYWNoLWludGVydmlldy1qai1yZWRpY2stdHktbHVlLW1pY2FoLW5vcmktZGF2aWQtYWRlbG1hbi1yZXBvcnTSAQA?hl=en-US&gl=US&ceid=US%3Aen",
            "og": "https://encrypted-tbn3.gstatic.com/images?q=tbn:ANd9GcS8LwLpDVteJ4hRkq968qFGgMJ0B6Oqg3fYqEHFqyyx4N2oNvr_4XnS6uJI75_ZWpus7E102x1NC9t4cQIdU7PPJ_92hIoj3iyN8iWO",
            "source": "Silver Screen and Roll",
            "source_icon": "https://encrypted-tbn3.gstatic.com/faviconV2?url=https://www.silverscreenandroll.com&client=NEWS_360&size=96&type=FAVICON&fallback_opts=TYPE,SIZE,URL",
            "title": "Lakers Rumors: Head coach interviews to begin this week"
        },
        {
            "link": "https://news.google.com/articles/CBMiW2h0dHBzOi8vd3d3Lm5qLmNvbS9ydXRnZXJzLzIwMjQvMDUvZXgtcnV0Z2Vycy1nb2xmZXItd2lucy0xc3QtcGdhLXRvdXItZXZlbnQtb2YtY2FyZWVyLmh0bWzSAWpodHRwczovL3d3dy5uai5jb20vcnV0Z2Vycy8yMDI0LzA1L2V4LXJ1dGdlcnMtZ29sZmVyLXdpbnMtMXN0LXBnYS10b3VyLWV2ZW50LW9mLWNhcmVlci5odG1sP291dHB1dFR5cGU9YW1w?hl=en-US&gl=US&ceid=US%3Aen",
            "og": "https://encrypted-tbn0.gstatic.com/images?q=tbn:ANd9GcQOuxPWB9ocNmSxPBxFHjJoG6bOl4r_BtJB3GVMgshBH-ih55EcRdjkxmJI_WnMGcPQrg-6TUBni_7JWg7mO7jZZLzRUueXqhx_l6WNPcdFxdVqVg",
            "source": "NJ.com",
            "source_icon": "https://encrypted-tbn2.gstatic.com/faviconV2?url=https://www.nj.com&client=NEWS_360&size=96&type=FAVICON&fallback_opts=TYPE,SIZE,URL",
            "title": "Ex-Rutgers golfer wins 1st PGA Tour event of career"
        },
        {
            "link": "https://news.google.com/articles/CBMiZGh0dHBzOi8vd3d3LmVzcG4uY29tL21sYi9zdG9yeS9fL2lkLzQwMTMzMDk4L2NhcmRpbmFscy1vbGl2ZXItbWFybW9sLWJlbmNoLWNvYWNoLWVqZWN0ZWQtcmVwbGF5LXdpbnPSAQA?hl=en-US&gl=US&ceid=US%3Aen",
            "og": "https://encrypted-tbn1.gstatic.com/images?q=tbn:ANd9GcTzUKLE9f7c7MTylRRkR7LNUNG6m9o1jYOKgL2GFxCIMlAyPqOIpVOkE3ab0vY5VBBlukYOrZMxHmyjbYMsppuz",
            "source": "ESPN",
            "source_icon": "https://encrypted-tbn2.gstatic.com/faviconV2?url=https://www.espn.com&client=NEWS_360&size=96&type=FAVICON&fallback_opts=TYPE,SIZE,URL",
            "title": "Cardinals' Oliver Marmol, bench coach ejected after replay wins"
        },
        {
            "link": "https://news.google.com/articles/CBMiW2h0dHBzOi8vdGhlYXRobGV0aWMuY29tLzU0ODQzNjgvMjAyNC8wNS8xMi9tYW5jaGVzdGVyLXVuaXRlZC1hcnNlbmFsLXJlc3VsdC1wcmVtaWVyLWxlYWd1ZS_SAQA?hl=en-US&gl=US&ceid=US%3Aen",
            "og": "https://encrypted-tbn0.gstatic.com/images?q=tbn:ANd9GcQ3uC02czGuDQ4Zrl137dHQ0p8lnWU4QjJ0-8L17eEN_EpRJM5StPt9QZdpeqK_QII8bQ2gwG9vxtuTHH1F-Mh26tWLraMaoq_GhSgqjpWTpk9cLA",
            "source": "The Athletic",
            "source_icon": "https://encrypted-tbn1.gstatic.com/faviconV2?url=https://theathletic.com&client=NEWS_360&size=96&type=FAVICON&fallback_opts=TYPE,SIZE,URL",
            "title": "The Briefing: Man Utd 0 Arsenal 1 - Title race still alive, Trossard key, Casemiro blunder"
        },
        {
            "link": "https://news.google.com/articles/CBMiZGh0dHBzOi8vbnlwb3N0LmNvbS8yMDI0LzA1LzEyL3Nwb3J0cy9kcmFrZS1tYXllLWdldHMtcG9pbnRlZC1tZXNzYWdlLWZyb20tcGF0cmlvdHMtY29hY2gtamVyb2QtbWF5by_SAWhodHRwczovL255cG9zdC5jb20vMjAyNC8wNS8xMi9zcG9ydHMvZHJha2UtbWF5ZS1nZXRzLXBvaW50ZWQtbWVzc2FnZS1mcm9tLXBhdHJpb3RzLWNvYWNoLWplcm9kLW1heW8vYW1wLw?hl=en-US&gl=US&ceid=US%3Aen",
            "og": "https://encrypted-tbn1.gstatic.com/images?q=tbn:ANd9GcStY6AAjTpmiB6RrqAiK3LxKuqt5AWKpFHgtzerL-e8TeeixTDRuhynY0q4ADLbD-p6LVo8ut35ioplJcN8AQjcDP8usP51F6eQwtGZ6G0LWWu6RQ",
            "source": "New York Post",
            "source_icon": "https://encrypted-tbn3.gstatic.com/faviconV2?url=https://nypost.com&client=NEWS_360&size=96&type=FAVICON&fallback_opts=TYPE,SIZE,URL",
            "title": "Drake Maye gets pointed message from Patriots coach Jerod Mayo during rookie minicamp"
        },
        {
            "link": "https://news.google.com/articles/CBMicWh0dHBzOi8vd3d3Lm5iY3Nwb3J0cy5jb20vbmJhL25ld3Mvd2lubmVycy1sb3NlcnMtZnJvbS0yMDI0LW5iYS1kcmFmdC1sb3R0ZXJ5LWRvLXRoZS1iYXNrZXRiYWxsLWdvZHMtaGF0ZS1kZXRyb2l00gEA?hl=en-US&gl=US&ceid=US%3Aen",
            "og": "https://encrypted-tbn2.gstatic.com/images?q=tbn:ANd9GcRqckpfVXc-K6fA4mCQnoAeowjUeyoAzfyk3nVu2wJQojDg_H05BEdiNl3Vw88ydplzQpPxqVsJVt3fEX4UP-NA",
            "source": "NBC Sports",
            "source_icon": "https://encrypted-tbn1.gstatic.com/faviconV2?url=https://www.nbcsports.com&client=NEWS_360&size=96&type=FAVICON&fallback_opts=TYPE,SIZE,URL",
            "title": "Winners, Losers from 2024 NBA Draft Lottery: Do the basketball gods hate Detroit?"
        },
        {
            "link": "https://news.google.com/articles/CBMiZWh0dHBzOi8vYXBuZXdzLmNvbS9hcnRpY2xlL21iYXBwZS1wc2ctZnJlbmNoLWxlYWd1ZS1tb25hY28tbWFyc2VpbGxlLTcyODkxOGY2YTU5ODc2MjVjNmNkMDdiOGFjMTQ3OGY30gEA?hl=en-US&gl=US&ceid=US%3Aen",
            "og": "https://encrypted-tbn1.gstatic.com/images?q=tbn:ANd9GcQOHkIQIEQiJVKX_SXYj0DDmniJeCjUxk5PVwMUQRC0h9pwCYLywmtztea5yviSTOU54eEW7AZ1-tvOcTc68vZHFyNdb5N2-ZRivOoBso8F6yvGzg",
            "source": "The Associated Press",
            "source_icon": "https://encrypted-tbn2.gstatic.com/faviconV2?url=https://apnews.com&client=NEWS_360&size=96&type=FAVICON&fallback_opts=TYPE,SIZE,URL",
            "title": "Goodbye goal: Mbappé gets mixed reception from fans in last PSG home game before scoring in 3-1 loss"
        },
        {
            "link": "https://news.google.com/articles/CBMiZGh0dHBzOi8vd3d3LmVzcG4uY29tL25iYS9zdG9yeS9fL2lkLzQwMTI3NzQzL2x1a2EtZG9uY2ljLWJhdHRsZXMta25lZS1reXJpZS1pcnZpbmctY2xvc2VzLXN0cm9uZy13aW7SAQA?hl=en-US&gl=US&ceid=US%3Aen",
            "og": "https://encrypted-tbn2.gstatic.com/images?q=tbn:ANd9GcRizN3AnF1QANBzLwjZDcRdVVtjVuMk0yTzV8Q6ALNmf-806boJJohVvpY2jndFKGXBF9ZTptARhnueM04-XNXQ",
            "source": "ESPN",
            "source_icon": "https://encrypted-tbn2.gstatic.com/faviconV2?url=https://www.espn.com&client=NEWS_360&size=96&type=FAVICON&fallback_opts=TYPE,SIZE,URL",
            "title": "Luka Doncic battles knee, Kyrie Irving closes strong in win"
        },
        {
            "link": "https://news.google.com/articles/CBMif2h0dHBzOi8vd3d3LnRoZW1hdC5jb20vbmV3cy8yMDI0L21heS8xMy9yZXRoZXJmb3JkLW1ha2VzLW1vc3Qtb2Ytc2Vjb25kLWNoYW5jZS1lYXJucy10cmlwLXRvLTIwMjQtb2x5bXBpYy1nYW1lcy1pbi1wYXJpcy1mcmFuY2XSAQA?hl=en-US&gl=US&ceid=US%3Aen",
            "og": "https://encrypted-tbn1.gstatic.com/images?q=tbn:ANd9GcR3jmJO7FoPhjBwVGpU7jz6m_aVBrWp6olNnGxcfS5DvBX_a0nmadkm8hMy_KWYzU1NXfFnRjjj5CBHFX438K8J",
            "source": "USA Wrestling",
            "source_icon": "https://encrypted-tbn3.gstatic.com/faviconV2?url=https://www.themat.com&client=NEWS_360&size=96&type=FAVICON&fallback_opts=TYPE,SIZE,URL",
            "title": "Retherford makes most of second chance, earns trip to 2024 Olympic Games in Paris, France"
        },
        {
            "link": "https://news.google.com/articles/CBMiUWh0dHBzOi8vdGhlYXRobGV0aWMuY29tLzU0ODcwMzYvMjAyNC8wNS8xMS9yYW5nZXJzLWh1cnJpY2FuZXMtYnJhZHktc2tqZWktZ2FtZS00L9IBAA?hl=en-US&gl=US&ceid=US%3Aen",
            "og": "https://encrypted-tbn1.gstatic.com/images?q=tbn:ANd9GcSt5UQ8gx2V_udoT1hTts7q8Tr6Zcq2BvBfZ4shyfsTttiUmsTvWNEtFz1tbnklF5mAYPhhQppTzNlk3smiht6yNF_2Px_Nszk_pBm8VNlXIhpBbA",
            "source": "The Athletic",
            "source_icon": "https://encrypted-tbn1.gstatic.com/faviconV2?url=https://theathletic.com&client=NEWS_360&size=96&type=FAVICON&fallback_opts=TYPE,SIZE,URL",
            "title": "Lazerus: Game 4 thriller plants seed of hope in Hurricanes, seed of doubt in Rangers"
        },
        {
            "link": "https://news.google.com/articles/CBMifWh0dHBzOi8vd3d3LmhvdXN0b25jaHJvbmljbGUuY29tL3RleGFzLXNwb3J0cy1uYXRpb24vcm9ja2V0cy9hcnRpY2xlL2hvdXN0b24tcm9ja2V0cy1uYmEtZHJhZnQtbm8tMy1waWNrLWxvdHRlcnktMTk0NTM1ODAucGhw0gEA?hl=en-US&gl=US&ceid=US%3Aen",
            "og": "https://encrypted-tbn1.gstatic.com/images?q=tbn:ANd9GcQOYQvulId6aZrx2xVMtsRaF9kQYoaydXSpo__yLf3n3f5g6i9domS1qtl-BKQDF7M",
            "source": "Houston Chronicle",
            "source_icon": "https://encrypted-tbn2.gstatic.com/faviconV2?url=https://www.houstonchronicle.com&client=NEWS_360&size=96&type=FAVICON&fallback_opts=TYPE,SIZE,URL",
            "title": "Rockets land third overall pick in 2024 NBA draft"
        },
        {
            "link": "https://news.google.com/articles/CBMicmh0dHBzOi8vbnlwb3N0LmNvbS8yMDI0LzA1LzEyL3Nwb3J0cy9yYW5nZXJzLXdpbGwtbmVlZC1hbGV4aXMtbGFmcmVuaWVyZXMtZ2FtZS00LXNlbGYtZm9yLXJlbWFpbmRlci1vZi1wb3N0c2Vhc29uL9IBdmh0dHBzOi8vbnlwb3N0LmNvbS8yMDI0LzA1LzEyL3Nwb3J0cy9yYW5nZXJzLXdpbGwtbmVlZC1hbGV4aXMtbGFmcmVuaWVyZXMtZ2FtZS00LXNlbGYtZm9yLXJlbWFpbmRlci1vZi1wb3N0c2Vhc29uL2FtcC8?hl=en-US&gl=US&ceid=US%3Aen",
            "og": "https://encrypted-tbn0.gstatic.com/images?q=tbn:ANd9GcQzTp0Llq5JJwUfq__Mz583lF49Q8cd_khpqudvqqWD9Gn_5sDkV6Oum757UN9bdDEa2dnfOkxC4jLvTX1De4_aIG13w_BdYCMK72Q0C1wJs2CqCw",
            "source": "New York Post",
            "source_icon": "https://encrypted-tbn3.gstatic.com/faviconV2?url=https://nypost.com&client=NEWS_360&size=96&type=FAVICON&fallback_opts=TYPE,SIZE,URL",
            "title": "Rangers will need Alexis Lafreniere's Game 4 self for remainder of postseason"
        },
        {
            "link": "https://news.google.com/articles/CBMikgFodHRwczovL3d3dy5tbWFmaWdodGluZy5jb20vMjAyNC81LzEyLzI0MTU0NjIyL2RhbmEtd2hpdGUtcmlwcy1zdGVwaGVuLWVzcGlub3phLXJldmVhbGluZy1jb25vci1tY2dyZWdvci1yZXR1cm4tc2V0LXRvLWdlbmVyYXRlLW92ZXItMjBtLWxpdmUtZ2F0ZdIBAA?hl=en-US&gl=US&ceid=US%3Aen",
            "og": "https://encrypted-tbn0.gstatic.com/images?q=tbn:ANd9GcQTRsd2y1ku8Wzs2VAgHb7nK2aQTrRt2unWA4IfmrXtZi5ucboJ9fp9BPaUsnWFRIzu0FT4LNSryXct-HTJ9me0hk0tdrKytWE1dxOEhyCGyiOw-w",
            "source": "MMA Fighting",
            "source_icon": "https://encrypted-tbn0.gstatic.com/faviconV2?url=https://www.mmafighting.com&client=NEWS_360&size=96&type=FAVICON&fallback_opts=TYPE,SIZE,URL",
            "title": "Dana White rips Stephen Espinoza, reveals Conor McGregor's return generating first $20M live gate for UFC"
        },
        {
            "link": "https://news.google.com/articles/CBMipAFodHRwczovL3d3dy5vZGRzY2hlY2tlci5jb20vdXMvcGlja3MtcGFybGF5cy9iYXNrZXRiYWxsL25iYS8yMDI0MDUxMi1uZXcteW9yay1rbmlja3MtdnMtaW5kaWFuYS1wYWNlcnMtcGxheWVyLXByb3AtcGljay1jYW4tZG9udGUtZGl2aW5jZW56by1wdXQtdXAtcG9pbnRzLWluLWdhbWUtNNIBAA?hl=en-US&gl=US&ceid=US%3Aen",
            "og": "https://encrypted-tbn3.gstatic.com/images?q=tbn:ANd9GcQbwmAF6Y4lIpiB9mzFq1ukIzLOri69KgehpzusU4G9ROEK5mrr5USh0Ver_FFMMsYZSux9P-BaoucFWigfCqMVppxF9AHDVrnPsjdAajrFYl5Eog",
            "source": "OddsChecker",
            "source_icon": "https://encrypted-tbn3.gstatic.com/faviconV2?url=https://www.oddschecker.com&client=NEWS_360&size=96&type=FAVICON&fallback_opts=TYPE,SIZE,URL",
            "title": "New York Knicks vs. Indiana Pacers Player Prop Pick: Can Donte DiVincenzo Put Up Points in Game 4?"
        },
        {
            "link": "https://news.google.com/articles/CBMimQFodHRwczovLzI0N3Nwb3J0cy5jb20vY29sbGVnZS9ub3J0aC1jYXJvbGluYS9hcnRpY2xlL3VuYy1iYXNlYmFsbC1saWdodHMtdXAtbG91aXN2aWxsZS1mb3Itc3dlZXAtY2xhaW1zLW91dHJpZ2h0LWRpdmlzaW9uLXRpdGxlLWx1a2Utc3RldmVuc29uLTIzMTY5NzI4Ni_SAZ0BaHR0cHM6Ly8yNDdzcG9ydHMuY29tL2NvbGxlZ2Uvbm9ydGgtY2Fyb2xpbmEvYXJ0aWNsZS91bmMtYmFzZWJhbGwtbGlnaHRzLXVwLWxvdWlzdmlsbGUtZm9yLXN3ZWVwLWNsYWltcy1vdXRyaWdodC1kaXZpc2lvbi10aXRsZS1sdWtlLXN0ZXZlbnNvbi0yMzE2OTcyODYvYW1wLw?hl=en-US&gl=US&ceid=US%3Aen",
            "og": "https://encrypted-tbn2.gstatic.com/images?q=tbn:ANd9GcRTpjtITylLP1OlvgVbThU5J5FqzWKxwAfNW3baB950ThpqYhsvfk-S5Vm7568jbI6v_wwWf9qknZrS4ETvnl_NxiZYWJfTjcJDHQUzp0vDV0DIhA",
            "source": "247Sports",
            "source_icon": "https://encrypted-tbn3.gstatic.com/faviconV2?url=https://247sports.com&client=NEWS_360&size=96&type=FAVICON&fallback_opts=TYPE,SIZE,URL",
            "title": "UNC Lights Up Louisville For Sweep, Claims Outright Division Title"
        },
        {
            "link": "https://news.google.com/articles/CBMiSWh0dHBzOi8vd3d3Lm1sYi5jb20vbmV3cy9jbGV2ZWxhbmQtZ3VhcmRpYW5zLXVudmVpbC1jaXR5LWNvbm5lY3QtdW5pZm9ybXPSAQA?hl=en-US&gl=US&ceid=US%3Aen",
            "og": "https://encrypted-tbn0.gstatic.com/images?q=tbn:ANd9GcRBcCYBNAPjGRzxTMRAh2qRIA3GGSgQY-pPjFZAlbXaJKGGF17UJfxSD6R3BiVOqxI",
            "source": "MLB.com",
            "source_icon": "https://encrypted-tbn0.gstatic.com/faviconV2?url=https://www.mlb.com&client=NEWS_360&size=96&type=FAVICON&fallback_opts=TYPE,SIZE,URL",
            "title": "Cleveland Guardians unveil City Connect uniforms"
        },
        {
            "link": "https://news.google.com/articles/CBMiVmh0dHBzOi8vd3d3LnNpLmNvbS9uZmwvYnJvbmNvcy9uZXdzL2Jyb25jb3Mtbm90LXNpZ25pbmctdHJ5b3V0LXBsYXllcnMtcm9va2llLW1pbmljYW1w0gEA?hl=en-US&gl=US&ceid=US%3Aen",
            "og": "https://encrypted-tbn1.gstatic.com/images?q=tbn:ANd9GcSMnrG6B8sbo5V3cNrm7EJ5yqB-TDcNxieD5Z8tEtexYTfTibbUgDcC5KpgUwptWoz6GABRTo93kh026_pFr885j7epuXEGOadJAMKG8tdRHeOhHw",
            "source": "Sports Illustrated",
            "source_icon": "https://encrypted-tbn0.gstatic.com/faviconV2?url=https://www.si.com&client=NEWS_360&size=96&type=FAVICON&fallback_opts=TYPE,SIZE,URL",
            "title": "Report: Broncos Not Signing Tryout Players After Rookie Camp"
        },
        {
            "link": "https://news.google.com/articles/CBMifmh0dHBzOi8vd3d3Lm5iY3Nwb3J0cy5jb20vZ29sZi9uZXdzL2Zyb20tc2NvdHRpZS1zY2hlZmZsZXItdG8tam9obi1kYWx5LXJhbmtpbmctYWxsLTE1Ni1wbGF5ZXJzLWluLXBnYS1jaGFtcGlvbnNoaXAtYXQtdmFoYWxsYdIBAA?hl=en-US&gl=US&ceid=US%3Aen",
            "og": "https://encrypted-tbn1.gstatic.com/images?q=tbn:ANd9GcT60hT40AnM5uMQvbBFgpn91sEAsLPXcSzxD3D7iT88ZjWwewI_6eeLW9Ui3y7s43KXz_Ofl8pWu2yfAOPwuWjv",
            "source": "NBC Sports",
            "source_icon": "https://encrypted-tbn1.gstatic.com/faviconV2?url=https://www.nbcsports.com&client=NEWS_360&size=96&type=FAVICON&fallback_opts=TYPE,SIZE,URL",
            "title": "From Scottie Scheffler to John Daly, ranking all 156 players in PGA Championship at Vahalla"
        },
        {
            "link": "https://news.google.com/articles/CBMicGh0dHBzOi8vd3d3Lm5obC5jb20vc3RhcnMvbmV3cy9oZWlrYS1zLXRha2UtZGFsbGFzLXN0YXJzLWZsZXgtcm9hZC1tdXNjbGVzLXdpbi1nYW1lLTMtYWdhaW5zdC1jb2xvcmFkby1hdmFsYW5jaGXSAQA?hl=en-US&gl=US&ceid=US%3Aen",
            "og": "https://encrypted-tbn1.gstatic.com/images?q=tbn:ANd9GcS5J1AvFRnJKfz-k4vGkz8ubLmEdsWWbsUzAZRjpxZCm7tV7plDmpfeCOHRz41MEJgeFA0QnAbglbZTtw9BFo-u",
            "source": "NHL.com",
            "source_icon": "https://encrypted-tbn1.gstatic.com/faviconV2?url=https://www.nhl.com&client=NEWS_360&size=96&type=FAVICON&fallback_opts=TYPE,SIZE,URL",
            "title": "Heika's Take: Stars flex road muscles, win Game 3 in Colorado | Dallas Stars"
        },
        {
            "link": "https://news.google.com/articles/CBMiZWh0dHBzOi8vd3d3LmxhdGltZXMuY29tL3Nwb3J0cy9kb2RnZXJzL3N0b3J5LzIwMjQtMDUtMTIvZG9kZ2Vycy1wYWRyZXMtbmwtd2VzdC1zaG9oZWktb2h0YW5pLWFuYWx5c2lz0gEA?hl=en-US&gl=US&ceid=US%3Aen",
            "og": "https://encrypted-tbn1.gstatic.com/images?q=tbn:ANd9GcRn4dVSw4HTW-BYFkimD2whbN38JWNtBA0dAA_sv9G5JBdxBv7rdTZ-nQ1tFe1yMTuzrayTNeOP25PvbX34lzY-0HWT-riu6cSOwAlm242hPeBikw",
            "source": "Los Angeles Times",
            "source_icon": "https://encrypted-tbn1.gstatic.com/faviconV2?url=https://www.latimes.com&client=NEWS_360&size=96&type=FAVICON&fallback_opts=TYPE,SIZE,URL",
            "title": "Column: Dave Roberts does his job: Protecting Shohei Ohtani from himself"
        },
        {
            "link": "https://news.google.com/articles/CBMilQFodHRwczovL3d3dy5wZ2F0b3VyLmNvbS9hcnRpY2xlL25ld3MvYmV0dGluZy1kZnMvMjAyNC8wNS8xMi9Qb2ludHMtYW5kLXBheW91dHMtd2VsbHMtZmFyZ28tY2hhbXBpb25zaGlwLXF1YWlsLWhvbGxvdy1yb3J5LW1jaWxyb3ktZmVkZXhjdXAtbW9uZXktbGlzdNIBAA?hl=en-US&gl=US&ceid=US%3Aen",
            "og": "https://encrypted-tbn0.gstatic.com/images?q=tbn:ANd9GcTW_Kva6roKEwV3GpxrS9KaLPHEk-pPfPLvpXVyhPHt9bii9DObwpgqOm67TBFRy70",
            "source": "PGA TOUR",
            "source_icon": "https://encrypted-tbn2.gstatic.com/faviconV2?url=https://www.pgatour.com&client=NEWS_360&size=96&type=FAVICON&fallback_opts=TYPE,SIZE,URL",
            "title": "Points and payouts: Rory McIlroy earns $3.6 million, 700 FedExCup points at Wells Fargo Championship - PGA TOUR"
        },
        {
            "link": "https://news.google.com/articles/CBMiZWh0dHBzOi8vYXRobG9uc3BvcnRzLmNvbS93bmJhL2VzcG4tYW5ub3VuY2VzLWV4Y2l0aW5nLWJyb2FkY2FzdC1kZWNpc2lvbi1vbi1jYWl0bGluLWNsYXJrcy13bmJhLWRlYnV00gEA?hl=en-US&gl=US&ceid=US%3Aen",
            "og": "https://encrypted-tbn0.gstatic.com/images?q=tbn:ANd9GcQ8FRPrYmSsFrG3iHJ4A75MAOAVVT7r1_L0erxzZizZ92ALbXnCPeugSqTSNgK6wNV3U9Nzekx4W0a_geA9OjtFuSxXfu8uhJHHjP7Ucthz-VigGg",
            "source": "Athlon Sports",
            "source_icon": "https://encrypted-tbn3.gstatic.com/faviconV2?url=https://athlonsports.com&client=NEWS_360&size=96&type=FAVICON&fallback_opts=TYPE,SIZE,URL",
            "title": "ESPN Announces Exciting Broadcast Decision on Caitlin Clark's WNBA Debut"
        },
        {
            "link": "https://news.google.com/articles/CBMiYWh0dHBzOi8vd3d3LmVzcG4uY29tL25iYS9zdG9yeS9fL2lkLzQwMTM2MzM3L2FudGhvbnktZWR3YXJkcy10ZWxscy1qYW1hbC1tdXJyYXktbG92ZS1rZWVwLXRhbGtpbmfSAQA?hl=en-US&gl=US&ceid=US%3Aen",
            "og": "https://encrypted-tbn0.gstatic.com/images?q=tbn:ANd9GcSp8mCnm68h-De7U-kwI5AYgqrYL7rZJBfGG-L5M-Xt_gERw8Fq0AgcCG1sIvxVng6E9v1CLfR5_3hxB69GT_cQ",
            "source": "ESPN",
            "source_icon": "https://encrypted-tbn2.gstatic.com/faviconV2?url=https://www.espn.com&client=NEWS_360&size=96&type=FAVICON&fallback_opts=TYPE,SIZE,URL",
            "title": "Anthony Edwards tells Jamal Murray: 'We love that; keep talking'"
        },
        {
            "link": "https://news.google.com/articles/CBMioQFodHRwczovL3d3dy5uYmNzcG9ydHNjaGljYWdvLmNvbS9uZmwvY2hpY2Fnby1iZWFycy9iZWFycy1hbmFseXNpcy9saWdodC15ZWFycy1haGVhZC1iZWFycy1zdWNjZXNzZnVsbHktbGF1bmNoLWNhbGViLXdpbGxpYW1zLWRldmVsb3BtZW50LXBsYW4tYXQtbWluaWNhbXAvNTYxNzAyL9IBpwFodHRwczovL3d3dy5uYmNzcG9ydHNjaGljYWdvLmNvbS9uZmwvY2hpY2Fnby1iZWFycy9iZWFycy1hbmFseXNpcy9saWdodC15ZWFycy1haGVhZC1iZWFycy1zdWNjZXNzZnVsbHktbGF1bmNoLWNhbGViLXdpbGxpYW1zLWRldmVsb3BtZW50LXBsYW4tYXQtbWluaWNhbXAvNTYxNzAyLz9hbXA9MQ?hl=en-US&gl=US&ceid=US%3Aen",
            "og": "https://encrypted-tbn0.gstatic.com/images?q=tbn:ANd9GcRtc2wgaCUKMIglJT984o9eLEW5mevUdu4-pi-EHaofbpwJmRYq1TJ0AqP3n06I66fYTGoidc4CgFWmkkDh1UHc98KFaUrQ1uYwUi8i6VxRlcZh6w",
            "source": "NBC Sports Chicago",
            "source_icon": "https://encrypted-tbn2.gstatic.com/faviconV2?url=https://www.nbcsportschicago.com&client=NEWS_360&size=96&type=FAVICON&fallback_opts=TYPE,SIZE,URL",
            "title": "‘Light years ahead:' Bears successfully launch Caleb Williams development plan at minicamp"
        },
        {
            "link": "https://news.google.com/articles/CBMiW2h0dHBzOi8vd3d3Lm1sYnRyYWRlcnVtb3JzLmNvbS8yMDI0LzA1L3JlZC1zb3gtYWN0aXZhdGUtYnJheWFuLWJlbGxvLWZyb20taW5qdXJlZC1saXN0Lmh0bWzSAQA?hl=en-US&gl=US&ceid=US%3Aen",
            "og": "https://encrypted-tbn2.gstatic.com/images?q=tbn:ANd9GcT98TJoQ9HGzyu2IjLV6KR1AjcYGkc9Ju4Bv7BcaBFswOvaOPKzf4BUnemFKvwn9FfeXLsW3axPATULmR31mspUKNVxmuHcjfMk6aFRsjo61xyBeg",
            "source": "MLB Trade Rumors",
            "source_icon": "https://encrypted-tbn3.gstatic.com/faviconV2?url=https://www.mlbtraderumors.com&client=NEWS_360&size=96&type=FAVICON&fallback_opts=TYPE,SIZE,URL",
            "title": "Red Sox Activate Brayan Bello From Injured List"
        },
        {
            "link": "https://news.google.com/articles/CBMihAFodHRwczovL3d3dy5zeXJhY3VzZS5jb20vb3JhbmdlbGFjcm9zc2UvMjAyNC8wNS9zeXJhY3VzZS1sYWNyb3NzZS12cy10b3dzb24tbmNhYS1jaGFtcGlvbnNoaXAtcm91bmQtMS1jaGFubmVsLXRpbWUtaG93LXRvLXdhdGNoLmh0bWzSAZMBaHR0cHM6Ly93d3cuc3lyYWN1c2UuY29tL29yYW5nZWxhY3Jvc3NlLzIwMjQvMDUvc3lyYWN1c2UtbGFjcm9zc2UtdnMtdG93c29uLW5jYWEtY2hhbXBpb25zaGlwLXJvdW5kLTEtY2hhbm5lbC10aW1lLWhvdy10by13YXRjaC5odG1sP291dHB1dFR5cGU9YW1w?hl=en-US&gl=US&ceid=US%3Aen",
            "og": "https://encrypted-tbn0.gstatic.com/images?q=tbn:ANd9GcRKOkX1Ye8iQL2oTxY6Ydu2tRSqiXQsGs5SBsk-RQIiQal89jtxCBzdab6hWkHjnQUY48hXX5fLbEbGZPmZHuAziOcAZhWJIE-Um6GRhhnrHgkR6w",
            "source": "syracuse.com",
            "source_icon": "https://encrypted-tbn0.gstatic.com/faviconV2?url=https://www.syracuse.com&client=NEWS_360&size=96&type=FAVICON&fallback_opts=TYPE,SIZE,URL",
            "title": "Syracuse lacrosse vs. Towson: NCAA championship Round 1 channel, time, how to watch"
        },
        {
            "link": "https://news.google.com/articles/CBMiemh0dHBzOi8vcGFja2Vyc3dpcmUudXNhdG9kYXkuY29tLzIwMjQvMDUvMTIvZm9ybWVyLXBhY2tlcnMtZXhlY3V0aXZlLWVsaW90LXdvbGYtbmFtZWQtdnAtb2YtcGxheWVyLXBlcnNvbm5lbC1mb3ItcGF0cmlvdHMv0gEA?hl=en-US&gl=US&ceid=US%3Aen",
            "og": "https://encrypted-tbn1.gstatic.com/images?q=tbn:ANd9GcTX83eo3XWUmUNaN01h3RCV5lXvAejnUpYK-boqo3MQnqg0eDPa4HdxI6H0l9i2fRDVAN_-MssR_SCQZMoAtm_B4oagHCRkqzFvu_58z0RMnEPvqg",
            "source": "Packers Wire",
            "source_icon": "https://encrypted-tbn1.gstatic.com/faviconV2?url=https://packerswire.usatoday.com&client=NEWS_360&size=96&type=FAVICON&fallback_opts=TYPE,SIZE,URL",
            "title": "Former Packers executive Eliot Wolf named VP of player personnel for Patriots"
        },
        {
            "link": "https://news.google.com/articles/CBMieWh0dHBzOi8vd3d3LmN5Y2xpbmduZXdzLmNvbS9uZXdzL2dpcm8tZGl0YWxpYS1tYWdsaWEtcm9zYS10YWRlai1wb2dhY2FyLWRlZmVuZHMtbmFwbGVzLWxlYWRvdXQtZm9yLWp1YW4tc2ViYXN0aWFuLW1vbGFuby_SAQA?hl=en-US&gl=US&ceid=US%3Aen",
            "og": "https://encrypted-tbn3.gstatic.com/images?q=tbn:ANd9GcSL-LmztMn__WnMZoMMV4zrvzaQQyZ_NeR6isK1kmHnHXqrETQAMEoxiYBOuI4Jwacf5eYNBy7dyADQcHtqPkV0vR73",
            "source": "Cyclingnews",
            "source_icon": "https://encrypted-tbn3.gstatic.com/faviconV2?url=https://www.cyclingnews.com&client=NEWS_360&size=96&type=FAVICON&fallback_opts=TYPE,SIZE,URL",
            "title": "Giro d'Italia maglia rosa Tadej Pogačar defends Naples leadout for Juan Sebastian Molano"
        },
        {
            "link": "https://news.google.com/articles/CBMiTWh0dHBzOi8vd3d3LmRlbnZlcnBvc3QuY29tLzIwMjQvMDUvMTIva3Jpcy1icnlhbnQtcm9ja2llcy1jYXJlZXItZnJ1c3RyYXRpb24v0gFRaHR0cHM6Ly93d3cuZGVudmVycG9zdC5jb20vMjAyNC8wNS8xMi9rcmlzLWJyeWFudC1yb2NraWVzLWNhcmVlci1mcnVzdHJhdGlvbi9hbXAv?hl=en-US&gl=US&ceid=US%3Aen",
            "og": "https://encrypted-tbn2.gstatic.com/images?q=tbn:ANd9GcTxgAl9opJYt9Uu5UmKf5tqrGpANW32DdRMOKKqzLmz52xFZJMrhIMAgyb9GCWdadwioambJYVSSECc8n03Q0pCWqkrmrzwI97rzUYS8efHJ6bf7A",
            "source": "The Denver Post",
            "source_icon": "https://encrypted-tbn0.gstatic.com/faviconV2?url=https://www.denverpost.com&client=NEWS_360&size=96&type=FAVICON&fallback_opts=TYPE,SIZE,URL",
            "title": "As Kris Bryant attempts to resurrect Rockies career, former MVP can’t hide his frustration: “It’s through the roof”"
        },
        {
            "link": "https://news.google.com/articles/CBMicmh0dHBzOi8vd3d3Lm5iY3Nwb3J0cy5jb20vbmZsL3Byb2Zvb3RiYWxsdGFsay9ydW1vci1taWxsL25ld3MvZm9ybWVyLWNoYXJnZXJzLWdlbmVyYWwtbWFuYWdlci1hLWotc21pdGgtZGllcy1hdC03NdIBAA?hl=en-US&gl=US&ceid=US%3Aen",
            "og": "https://encrypted-tbn2.gstatic.com/images?q=tbn:ANd9GcTRktksbnOVx2PcSQC1Hpjma3b8MA00KpFQy336WQB4v5lQgnnQNcYGeWl38kV0Vob4ghJkchiUXIAha8ci5M0s",
            "source": "NBC Sports",
            "source_icon": "https://encrypted-tbn1.gstatic.com/faviconV2?url=https://www.nbcsports.com&client=NEWS_360&size=96&type=FAVICON&fallback_opts=TYPE,SIZE,URL",
            "title": "Former Chargers General Manager A.J. Smith dies at 75"
        },
        {
            "link": "https://news.google.com/articles/CBMiaGh0dHBzOi8vd3d3LmNuYmMuY29tLzIwMjQvMDUvMTIvZnJvbS10eXNvbi1wYXVsLWZpZ2h0LXRvLW5mbC1uZXRmbGl4LWxpdmUtc3BvcnRzLWludGVyZXN0LWlzLXJpc2luZy5odG1s0gFsaHR0cHM6Ly93d3cuY25iYy5jb20vYW1wLzIwMjQvMDUvMTIvZnJvbS10eXNvbi1wYXVsLWZpZ2h0LXRvLW5mbC1uZXRmbGl4LWxpdmUtc3BvcnRzLWludGVyZXN0LWlzLXJpc2luZy5odG1s?hl=en-US&gl=US&ceid=US%3Aen",
            "og": "https://encrypted-tbn3.gstatic.com/images?q=tbn:ANd9GcQA3TxW2rhYz5v7NnLvFyZSmRJTOxTBvchrhQJxHd6ytrLWJasY_wTTJ9lwlzLaSgZBB4mHNtUeS31Pyb_W8h7v-Yaw-ZOFfL1rUjHOQci2JoExPA",
            "source": "CNBC",
            "source_icon": "https://encrypted-tbn0.gstatic.com/faviconV2?url=https://www.cnbc.com&client=NEWS_360&size=96&type=FAVICON&fallback_opts=TYPE,SIZE,URL",
            "title": "From Mike Tyson-Jake Paul fight to NFL games, Netflix interest in live sports is rising"
        },
        {
            "link": "https://news.google.com/articles/CBMic2h0dHBzOi8vd3d3Lm5iY3Nwb3J0cy5jb20vZmFudGFzeS9iYXNlYmFsbC9uZXdzL3dhaXZlci13aXJlLXdhdGNoLXRhai1icmFkbGV5LWRlYnV0cy13aWxsc29uLWNvbnRyZXJhcy1yZXBsYWNlbWVudHPSAQA?hl=en-US&gl=US&ceid=US%3Aen",
            "og": "https://encrypted-tbn3.gstatic.com/images?q=tbn:ANd9GcRRF5-4GAd5M4_IdocBhr7OiCTbviwnj_XkfLQytFM6z7cpwXSPG6n77OHrbR_HvJ3QpZmUpjaflaZhPRRBpicg",
            "source": "NBC Sports",
            "source_icon": "https://encrypted-tbn1.gstatic.com/faviconV2?url=https://www.nbcsports.com&client=NEWS_360&size=96&type=FAVICON&fallback_opts=TYPE,SIZE,URL",
            "title": "Waiver Wire Watch: Taj Bradley debuts, Willson Contreras replacements"
        },
        {
            "link": "https://news.google.com/articles/CBMiU2h0dHBzOi8vdGhlYXRobGV0aWMuY29tLzU0ODg1NDYvMjAyNC8wNS8xMi9wYW50aGVycy1icnVpbnMtZ2FtZS00LXJlc3VsdC10YWtlYXdheXMv0gEA?hl=en-US&gl=US&ceid=US%3Aen",
            "og": "https://encrypted-tbn2.gstatic.com/images?q=tbn:ANd9GcRT1elqRgCqUSFzwvVvekl2QSa0Lmu380jyqmGoXmMdtHglpbVryebKRXI2-QU-LRZBHxgQpNK-6c-uGhpO_XXnmTqGslYigNdVqBedK_4JL_UETQ",
            "source": "The Athletic",
            "source_icon": "https://encrypted-tbn1.gstatic.com/faviconV2?url=https://theathletic.com&client=NEWS_360&size=96&type=FAVICON&fallback_opts=TYPE,SIZE,URL",
            "title": "How a disputed Panthers goal helped put the Bruins in a 3-1 series hole: 5 takeaways"
        },
        {
            "link": "https://news.google.com/articles/CBMijwFodHRwczovL3Nwb3J0cy55YWhvby5jb20vbmJhLXBsYXlvZmZzLW51Z2dldHMtc3R1bi10aW1iZXJ3b2x2ZXMtd2l0aC1qYW1hbC1tdXJyYXktcHJheWVyLXRpZS1zZXJpZXMtcmVjbGFpbS1ob21lLWNvdXJ0LWFkdmFudGFnZS0wMjMwMjE1NDUuaHRtbNIBAA?hl=en-US&gl=US&ceid=US%3Aen",
            "og": "https://encrypted-tbn1.gstatic.com/images?q=tbn:ANd9GcRdTE9yZotVdHR0LN8OCMvOrXLYx1VJ8chu6hHFrdF9suI0kayVdIjJDnraSdrujIPyq3hD8abaeDMmu3VeR26VAAkRHUNUDwXROt95PyzTBZKRtA",
            "source": "Yahoo Sports",
            "source_icon": "https://encrypted-tbn3.gstatic.com/faviconV2?url=https://sports.yahoo.com&client=NEWS_360&size=96&type=FAVICON&fallback_opts=TYPE,SIZE,URL",
            "title": "NBA playoffs: Nuggets stun Timberwolves with Jamal Murray prayer; tie series, reclaim home-court advantage"
        }
    ],
    "Technology": [
        {
            "link": "https://news.google.com/articles/CBMibGh0dHBzOi8vYXJzdGVjaG5pY2EuY29tL2NhcnMvMjAyNC8wNS90aGUtMjAyNS1hc3Rvbi1tYXJ0aW4tdmFudGFnZS1nZXRzLWEtYm9sZC1uZXctYm9keS1hbmQtYmlnLXBvd2VyLWJvb3N0L9IBAA?hl=en-US&gl=US&ceid=US%3Aen",
            "og": "https://encrypted-tbn3.gstatic.com/images?q=tbn:ANd9GcRX6ynVfSI-uD_MXInDmLHO_Y_CA8SZ4Y6DnMjIYYlX4dcWfG6AMJodzXQI9Ui4dgSn1LiE_yqYOoXgLntiP4KZp99mTLDNKwQVwgiWTRBI-vNuYg",
            "source": "Ars Technica",
            "source_icon": "https://encrypted-tbn0.gstatic.com/faviconV2?url=https://arstechnica.com&client=NEWS_360&size=96&type=FAVICON&fallback_opts=TYPE,SIZE,URL",
            "title": "The 2025 Aston Martin Vantage gets a bold new body and big power boost"
        },
        {
            "link": "https://news.google.com/articles/CBMiemh0dHBzOi8vd3d3LnRoZXZlcmdlLmNvbS8yMDI0LzUvMTEvMjQxNTQyMTkvZ29vZ2xlLWktby0yMDI0LXdoYXQtdG8tZXhwZWN0LXdoZXJlLXdhdGNoLWxpdmVzdHJlYW0tYWktYW5kcm9pZC1zZWFyY2gtZ2VtaW5p0gEA?hl=en-US&gl=US&ceid=US%3Aen",
            "og": "https://encrypted-tbn3.gstatic.com/images?q=tbn:ANd9GcQBEXx8oG4wjgHsWxsMkUv0C6erZOlmILiJmTnZOTVWUBQjGDllNIQK7znz3Xw0ZaPCpcPk4rvRZ9vCQSZd0QimbHDTRMSUUwedY2_jJtK4VMdfpQ",
            "source": "The Verge",
            "source_icon": "https://encrypted-tbn2.gstatic.com/faviconV2?url=https://www.theverge.com&client=NEWS_360&size=96&type=FAVICON&fallback_opts=TYPE,SIZE,URL",
            "title": "Google I/O 2024 will be all about AI again"
        },
        {
            "link": "https://news.google.com/articles/CBMidmh0dHBzOi8vd3d3LnB1c2hzcXVhcmUuY29tL25ld3MvMjAyNC8wNS9zb255LWRlbGlzdHMtZ2hvc3Qtb2YtdHN1c2hpbWEtcGMtZnJvbS1zdGVhbS1yZWdpb25zLWluLWxpbmUtd2l0aC1oZWxsZGl2ZXJzLTLSAQA?hl=en-US&gl=US&ceid=US%3Aen",
            "og": "https://encrypted-tbn2.gstatic.com/images?q=tbn:ANd9GcQ5bp-BiqWPnm9KxlnSPLuxVuIUoi6MyER3wFRdruqkHbrj3rDKpDEMyoMlMmCns24sHNXGwu0MzPvttKNYZGmccEEkUNPVz0JfluGNps8rejxSJw",
            "source": "Push Square",
            "source_icon": "https://encrypted-tbn2.gstatic.com/faviconV2?url=https://www.pushsquare.com&client=NEWS_360&size=96&type=FAVICON&fallback_opts=TYPE,SIZE,URL",
            "title": "Sony Delists Ghost of Tsushima PC from Steam Regions in Line with Helldivers 2"
        },
        {
            "link": "https://news.google.com/articles/CBMibWh0dHBzOi8vd3d3Lm5vdGVib29rY2hlY2submV0L1hpYW9taS1NaXgtRm9sZC00LWFuZC1NaXgtRmxpcC1zbGF0ZWQtdG8tbGF1bmNoLWFoZWFkLW9mLXNjaGVkdWxlLjgzNjM1Mi4wLmh0bWzSAQA?hl=en-US&gl=US&ceid=US%3Aen",
            "og": "https://encrypted-tbn2.gstatic.com/images?q=tbn:ANd9GcS97DueEuCxktRPaoDToThrDu52igCTfb7roM81BKdn2VWxr3NYvEpF5P6_qOTIVDEyubygyC4zWijXr4P20fUyIps4GAfdGDbsMr3fN4lnJEXItw",
            "source": "Notebookcheck.net",
            "source_icon": "https://encrypted-tbn3.gstatic.com/faviconV2?url=https://www.notebookcheck.net&client=NEWS_360&size=96&type=FAVICON&fallback_opts=TYPE,SIZE,URL",
            "title": "Xiaomi Mix Fold 4 and Mix Flip slated to launch ahead of schedule"
        },
        {
            "link": "https://news.google.com/articles/CBMiTmh0dHBzOi8vY2hyb21ldW5ib3hlZC5jb20vc3BhdGlhbC1hdWRpby1tYXktYmUtb24tdGhlLXdheS1mb3IteW91ci1jaHJvbWVib29rL9IBAA?hl=en-US&gl=US&ceid=US%3Aen",
            "og": "https://encrypted-tbn1.gstatic.com/images?q=tbn:ANd9GcRwN45_ETLOYuvKqJIFA0wEK2joxJDTUIeefrAwKrlbVRCZqtDQfkFbjOADGY58mzn_kOzcbvo1ol4U2IT63Wku93u5Scwx1SaVBOQKgAJk7HcO-Q",
            "source": "Chrome Unboxed",
            "source_icon": "https://encrypted-tbn0.gstatic.com/faviconV2?url=https://chromeunboxed.com&client=NEWS_360&size=96&type=FAVICON&fallback_opts=TYPE,SIZE,URL",
            "title": "Spatial Audio may be on the way for your Chromebook"
        },
        {
            "link": "https://news.google.com/articles/CBMiWWh0dHBzOi8vd2NjZnRlY2guY29tL3NhbXN1bmctYnJpbmdpbmctYmF0dGVyeS1haS1iZWZvcmUtaXQtbGF1bmNoZXMtZ2FsYXh5LXMyNS1uZXh0LXllYXIv0gFdaHR0cHM6Ly93Y2NmdGVjaC5jb20vc2Ftc3VuZy1icmluZ2luZy1iYXR0ZXJ5LWFpLWJlZm9yZS1pdC1sYXVuY2hlcy1nYWxheHktczI1LW5leHQteWVhci9hbXAv?hl=en-US&gl=US&ceid=US%3Aen",
            "og": "https://encrypted-tbn2.gstatic.com/images?q=tbn:ANd9GcTVpkPVDFRq7M3eg4UwmkJrjPtAEyeQ-oKY0me55V68udtnH9rq25K0M1YZzepIuv6PAIrN6MSmvx2ZRN9aUwhNEXLX1vN9Zjgwcl9F8YtnbhPPBQ",
            "source": "Wccftech",
            "source_icon": "https://encrypted-tbn2.gstatic.com/faviconV2?url=https://wccftech.com&client=NEWS_360&size=96&type=FAVICON&fallback_opts=TYPE,SIZE,URL",
            "title": "Samsung Rumored To Introduce Its ‘Battery AI’ Feature Before The Galaxy S25 Lineup Launches Next Year, Will Be Supported On Older Models"
        },
        {
            "link": "https://news.google.com/articles/CBMiiwFodHRwczovL3d3dy5mb3JiZXMuY29tL3NpdGVzL2RhdmlkcGhlbGFuLzIwMjQvMDUvMTIvaW9zLTE4LXRyYWlsYmxhemluZy1haS1pcGhvbmUtdXBncmFkZXMtanVzdC13ZWVrcy1hd2F5LXJlcG9ydC1jbGFpbXMtaXBob25lLTE2LXByby1tYXgv0gEA?hl=en-US&gl=US&ceid=US%3Aen",
            "og": "https://encrypted-tbn0.gstatic.com/images?q=tbn:ANd9GcTGK0aPwSJfJKse1LARB5BSd11s9QVnD8naQwSNABVNOfS_KBhXby4AgsBaRh3LS3xz7ZcD0dR2yVU9QQf85_FYGrrV351bvpPq1982mFNDDO41iQ",
            "source": "Forbes",
            "source_icon": "https://encrypted-tbn2.gstatic.com/faviconV2?url=https://www.forbes.com&client=NEWS_360&size=96&type=FAVICON&fallback_opts=TYPE,SIZE,URL",
            "title": "iOS 18: Trailblazing AI iPhone Upgrades Just Weeks Away, Report Claims"
        },
        {
            "link": "https://news.google.com/articles/CBMiXmh0dHBzOi8vd3d3LnRvbXNndWlkZS5jb20vYWkvY2hhdGdwdC9vcGVuYWktY29uZmlybXMtY2hhdGdwdC1ldmVudC1mb3ItbW9uZGF5LWZlZWxzLWxpa2UtbWFnaWPSAQA?hl=en-US&gl=US&ceid=US%3Aen",
            "og": "https://encrypted-tbn1.gstatic.com/images?q=tbn:ANd9GcRCNWByfhsiXLOXWv8rM_TccUVJfakgajceBCIfQf5kVFGxSO0PxYyRPAOdukI4jB-1V1TnZ2MCEhxA0vYObCEMvpD-PqYxUWm7J8g3E8SOEmHV8w",
            "source": "Tom's Guide",
            "source_icon": "https://encrypted-tbn0.gstatic.com/faviconV2?url=https://www.tomsguide.com&client=NEWS_360&size=96&type=FAVICON&fallback_opts=TYPE,SIZE,URL",
            "title": "OpenAI confirms ChatGPT event for today — 'feels like magic'"
        },
        {
            "link": "https://news.google.com/articles/CBMif2h0dHBzOi8vd3d3LmZvcmJlcy5jb20vc2l0ZXMva3Jpc2hvbHQvMjAyNC8wNS8xMi90b2RheXMtbnl0LXN0cmFuZHMtaGludHMtc3BhbmdyYW0tYW5kLWFuc3dlcnMtZm9yLW1vbmRheS1tYXktMTMtYmVzdC1pbi1jbGFzcy_SAQA?hl=en-US&gl=US&ceid=US%3Aen",
            "og": "https://encrypted-tbn3.gstatic.com/images?q=tbn:ANd9GcSCLtv7dHOuk_M7eNjKZ-s0EE9_5SsrOO404F2SedX05KjD-I6QoLjKAfHz8olojsXGtmsGJEGrQvgQuvUY2OtXxQr_DHW77wq06uQVUilabEDCxQ",
            "source": "Forbes",
            "source_icon": "https://encrypted-tbn2.gstatic.com/faviconV2?url=https://www.forbes.com&client=NEWS_360&size=96&type=FAVICON&fallback_opts=TYPE,SIZE,URL",
            "title": "Today's NYT 'Strands' Hints, Spangram And Answers For Monday, May 13"
        },
        {
            "link": "https://news.google.com/articles/CBMiSmh0dHBzOi8vOXRvNW1hYy5jb20vMjAyNC8wNS8xMi9pcGFkLXByby10aGluLXJlZGVzaWduZWQtY2hhc3Npcy1zdHJ1Y3R1cmUv0gEA?hl=en-US&gl=US&ceid=US%3Aen",
            "og": "https://encrypted-tbn3.gstatic.com/images?q=tbn:ANd9GcSRqAJeome2CaIkjtjG6xuh6vyL3OsqUHSQOlVvwNwsroomdyfzBohpUlt4G2ei_J3-77J4JFWnZU_KHCAWiMunD7SZK6X1O-z5cMnPYq1VJ9mfyw",
            "source": "9to5Mac",
            "source_icon": "https://encrypted-tbn0.gstatic.com/faviconV2?url=https://9to5mac.com&client=NEWS_360&size=96&type=FAVICON&fallback_opts=TYPE,SIZE,URL",
            "title": "Ultra-thin M4 iPad Pro features new internal structure to improve stiffness and heat dissipation"
        },
        {
            "link": "https://news.google.com/articles/CBMic2h0dHBzOi8vd3d3LmZvcmJlcy5jb20vc2l0ZXMvZGF2aWRwaGVsYW4vMjAyNC8wNS8xMi9hcHBsZS1pcGhvbmUtMTYtcHJvLW5ldy1sZWFrLXJldmVhbHMtcmFkaWNhbGx5LXVwZ3JhZGVkLWRlc2lnbi_SAQA?hl=en-US&gl=US&ceid=US%3Aen",
            "og": "https://encrypted-tbn0.gstatic.com/images?q=tbn:ANd9GcSLUjhyO-gz3SjcnM6LlKVj-YQXzyz62GGWgIWCcBpYQh2h9sPZCoRmZQo20gqvYCtJi9pv-wyjule3imrkmtW5uUOJr1ITN_0DHZe1YS69rI9LYw",
            "source": "Forbes",
            "source_icon": "https://encrypted-tbn2.gstatic.com/faviconV2?url=https://www.forbes.com&client=NEWS_360&size=96&type=FAVICON&fallback_opts=TYPE,SIZE,URL",
            "title": "Apple iPhone 16 Pro: Design Upgrade Shines In New Leak"
        },
        {
            "link": "https://news.google.com/articles/CBMid2h0dHBzOi8vd3d3LmZvcmJlcy5jb20vc2l0ZXMvbWlrZXN0dWJicy8yMDI0LzA1LzEyL2VzY2FwZS1mcm9tLXRhcmtvdi1ldmVudC1icmluZ3MtZmxlYS1tYXJrZXQtY2hhbmdlcy1tYWtlcy1sYWJzLWZyZWUv0gEA?hl=en-US&gl=US&ceid=US%3Aen",
            "og": "https://encrypted-tbn0.gstatic.com/images?q=tbn:ANd9GcQbDxDaVrdXKkv9HEkT5qtXCtX_BtK7yKzatL0H4bpowzUUC0c6wMp9tcD041mZ8V8zQvrYrZhWetHch7Jp7JQ_oFo2KYLpCosViARx9qEMGEDJhA",
            "source": "Forbes",
            "source_icon": "https://encrypted-tbn2.gstatic.com/faviconV2?url=https://www.forbes.com&client=NEWS_360&size=96&type=FAVICON&fallback_opts=TYPE,SIZE,URL",
            "title": "'Escape From Tarkov' Event Brings Flea Market Changes, Makes Labs Free"
        },
        {
            "link": "https://news.google.com/articles/CBMibGh0dHBzOi8vd3d3LnVzYXRvZGF5LmNvbS9zdG9yeS90ZWNoL25ld3MvMjAyNC8wNS8xMS9uZXVyYWxpbmstbWFsZnVuY3Rpb24tcmVzb2x2ZWQtYnBzLWltcHJvdmVkLzczNjQ3NzE5MDA3L9IBAA?hl=en-US&gl=US&ceid=US%3Aen",
            "og": "https://encrypted-tbn0.gstatic.com/images?q=tbn:ANd9GcQwlNq-Kg-dQEhUx8ILap5aoNtrDrKGdMWfb7KTw4s7-i-Yen-tNUis-KbR-mYi8rCeEBHlKMHBsYx0japzvmr3NA45OPIzN6QoHcROOiMxjxYvvQ",
            "source": "USA TODAY",
            "source_icon": "https://encrypted-tbn0.gstatic.com/faviconV2?url=https://www.usatoday.com&client=NEWS_360&size=96&type=FAVICON&fallback_opts=TYPE,SIZE,URL",
            "title": "Neuralink: Chip adjustment after malfunction improved cursor movement"
        },
        {
            "link": "https://news.google.com/articles/CBMiaGh0dHBzOi8vd3d3LmJ1c2luZXNzaW5zaWRlci5jb20vdGltLWNvb2stcG90ZW50aWFsLXN1Y2Nlc3NvcnMtY2VvLWFwcGxlLWpvaG4tdGVybnVzLWplZmYtd2lsbGlhbXMtMjAyNC010gFsaHR0cHM6Ly93d3cuYnVzaW5lc3NpbnNpZGVyLmNvbS90aW0tY29vay1wb3RlbnRpYWwtc3VjY2Vzc29ycy1jZW8tYXBwbGUtam9obi10ZXJudXMtamVmZi13aWxsaWFtcy0yMDI0LTU_YW1w?hl=en-US&gl=US&ceid=US%3Aen",
            "og": "https://encrypted-tbn2.gstatic.com/images?q=tbn:ANd9GcSz3hDZIiLkmZp89AvuoH79Ec5cKAkhfu12pNo5lZKbnCVcVOu-2riLTqykuY_D3RIGYXqQATD7tfNi8QntR6pEY6wKZErWzMN6KrVI",
            "source": "Business Insider",
            "source_icon": "https://encrypted-tbn3.gstatic.com/faviconV2?url=https://www.businessinsider.com&client=NEWS_360&size=96&type=FAVICON&fallback_opts=TYPE,SIZE,URL",
            "title": "Apple execs that could replace CEO Tim Cook: Bloomberg"
        },
        {
            "link": "https://news.google.com/articles/CBMibGh0dHBzOi8vd3d3LmdhZGdldHMzNjAuY29tL2FwcHMvbmV3cy9nb29nbGUtY2hyb21lLXVwZGF0ZS1wYXRjaC16ZXJvLWRheS12dWxuZXJhYmlsaXR5LWhvdy10by11cGRhdGUtNTY0MTExOdIBcGh0dHBzOi8vd3d3LmdhZGdldHMzNjAuY29tL2FwcHMvbmV3cy9nb29nbGUtY2hyb21lLXVwZGF0ZS1wYXRjaC16ZXJvLWRheS12dWxuZXJhYmlsaXR5LWhvdy10by11cGRhdGUtNTY0MTExOS9hbXA?hl=en-US&gl=US&ceid=US%3Aen",
            "og": "https://encrypted-tbn3.gstatic.com/images?q=tbn:ANd9GcRGwXncIkBk2daXzayQprh300BQC0ro0uaSN_F8CHRJmxs1D7duRe2rZ9Bzh5_WxpY3EK-mpWKAQKF6cfC3p3ubW3DranwukQz8nu3tEmW5EIQSmQ",
            "source": "Gadgets 360",
            "source_icon": "https://encrypted-tbn1.gstatic.com/faviconV2?url=https://www.gadgets360.com&client=NEWS_360&size=96&type=FAVICON&fallback_opts=TYPE,SIZE,URL",
            "title": "Google Chrome Updated With Patch for Nasty Zero-Day Vulnerability Exploited by Attackers"
        },
        {
            "link": "https://news.google.com/articles/CBMiZ2h0dHBzOi8vd3d3LmdzbWFyZW5hLmNvbS9waXhlbF84YV9vbGVkX2lwYWRfcHJvc19tNF9pcGFkX2FpcnNfb2ZmaWNpYWxfd2Vla18xOV9pbl9yZXZpZXctbmV3cy02MjgxNC5waHDSAWRodHRwczovL20uZ3NtYXJlbmEuY29tL3BpeGVsXzhhX29sZWRfaXBhZF9wcm9zX200X2lwYWRfYWlyc19vZmZpY2lhbF93ZWVrXzE5X2luX3Jldmlldy1hbXAtNjI4MTQucGhw?hl=en-US&gl=US&ceid=US%3Aen",
            "og": "https://encrypted-tbn2.gstatic.com/images?q=tbn:ANd9GcSfpd7ZkC0MM3YY7LKpzoOLps4BSgquFFv9l0BEfC0OOQsJ5THj5FDdgJEAXpp8xi6jJIURxjKPcRoI5IGPtXo3eloa8YNG-QPceXLy0vFU9qqong",
            "source": "GSMArena.com",
            "source_icon": "https://encrypted-tbn1.gstatic.com/faviconV2?url=https://www.gsmarena.com&client=NEWS_360&size=96&type=FAVICON&fallback_opts=TYPE,SIZE,URL",
            "title": "Pixel 8a, OLED iPad Pros, M4 iPad Airs official, Week 19 in review - GSMArena.com news"
        },
        {
            "link": "https://news.google.com/articles/CBMiRWh0dHBzOi8vd3d3Lm55dGltZXMuY29tLzIwMjQvMDUvMTMvY3Jvc3N3b3Jkcy9zcGVsbGluZy1iZWUtZm9ydW0uaHRtbNIBAA?hl=en-US&gl=US&ceid=US%3Aen",
            "og": "https://encrypted-tbn1.gstatic.com/images?q=tbn:ANd9GcQ5grjpsd56LVzyE3fvmN86t_cUG-be0XmRf1Vy3AVsPkQvFNapmxXeddYeRsGLgdoZdFh2d143rJyIbzT8NM2cF7ZlV37isM6-VGrhOWkkjJchMw",
            "source": "The New York Times",
            "source_icon": "https://encrypted-tbn2.gstatic.com/faviconV2?url=https://www.nytimes.com&client=NEWS_360&size=96&type=FAVICON&fallback_opts=TYPE,SIZE,URL",
            "title": "NYT Spelling Bee Answers for May 13, 2024"
        },
        {
            "link": "https://news.google.com/articles/CBMie2h0dHBzOi8vd3d3LnB1c2hzcXVhcmUuY29tL25ld3MvMjAyNC8wNS9mYW5zLXBvc2l0aXZlbHktcmV2aWV3LWJvbWItaGktZmktcnVzaC1pbi13YWtlLW9mLXhib3hycy1jbG9zdXJlLW9mLXRhbmdvLWdhbWV3b3Jrc9IBAA?hl=en-US&gl=US&ceid=US%3Aen",
            "og": "https://encrypted-tbn3.gstatic.com/images?q=tbn:ANd9GcRQ4WF2BfiIh3M2jm5uwK9iLSIQq2fKQ7BQ1PMxTqXy0-ZLRgSOy6SeLRw7zjnhBZtjx8ScfLL3ejKmpuI2T2p22k3YWoOzdfykZjifg-H0AT5aIQ",
            "source": "Push Square",
            "source_icon": "https://encrypted-tbn2.gstatic.com/faviconV2?url=https://www.pushsquare.com&client=NEWS_360&size=96&type=FAVICON&fallback_opts=TYPE,SIZE,URL",
            "title": "Fans Positively Review Bomb Hi-Fi Rush in Wake of Xbox's Closure of Tango Gameworks"
        },
        {
            "link": "https://news.google.com/articles/CBMigwFodHRwczovL3d3dy5pZ24uY29tL2FydGljbGVzL2ZpbmFsLWZhbnRhc3ktbWFrZXItc3F1YXJlLWVuaXgtd2lsbC1hZ2dyZXNzaXZlbHktcHVyc3VlLWEtbXVsdGlwbGF0Zm9ybS1zdHJhdGVneS1hZnRlci1wcm9maXRzLXR1bWJsZdIBAA?hl=en-US&gl=US&ceid=US%3Aen",
            "og": "https://encrypted-tbn1.gstatic.com/images?q=tbn:ANd9GcTFyaViGjfRhSaZXWi11OOV_bSMTGSetwe8NUxWy1J7FIWmdpTojHzV_hSf5TKmpE2HLOAAXiag7eKvwCt4sxEGqzAm9epJJbMtBxym9Nya2ClPzA",
            "source": "IGN",
            "source_icon": "https://encrypted-tbn1.gstatic.com/faviconV2?url=https://www.ign.com&client=NEWS_360&size=96&type=FAVICON&fallback_opts=TYPE,SIZE,URL",
            "title": "Final Fantasy Maker Square Enix Will Aggressively Pursue a Multiplatform Strategy After Profits Tumble"
        },
        {
            "link": "https://news.google.com/articles/CBMihAFodHRwczovL3d3dy5rYXJlMTEuY29tL2FydGljbGUvd2VhdGhlci9ob3ctdG8tcGhvdG9ncmFwaC1ub3J0aGVybi1saWdodHMtbWlubmVzb3RhLXdpc2NvbnNpbi84OS0wN2U3YmNlNS03ZGIzLTQyZmYtYWEyMS02MzJlOWY2MjY3YWbSAQA?hl=en-US&gl=US&ceid=US%3Aen",
            "og": "https://encrypted-tbn0.gstatic.com/images?q=tbn:ANd9GcSI1R-NrE3zz6GFHsnu8wnhqD9H1yt4Ns1Gl8H7pQkI-RI5Q75Bxhb4kMSo1d5V-pcIRZ2HwPNF-bzWF_8X0nLNNTHDndPjY5Qb_Q1kATvVvtG6vg",
            "source": "KARE11.com",
            "source_icon": "https://encrypted-tbn2.gstatic.com/faviconV2?url=https://www.kare11.com&client=NEWS_360&size=96&type=FAVICON&fallback_opts=TYPE,SIZE,URL",
            "title": "How to take the best pictures of the Northern Lights"
        },
        {
            "link": "https://news.google.com/articles/CBMiUmh0dHBzOi8vd3d3LnNhbW1vYmlsZS5jb20vbmV3cy9nYWxheHktczIxLW9uZS11aS02LTEtdXBkYXRlLXJlbGVhc2VkLXVzYS11bmxvY2tlZC_SAQA?hl=en-US&gl=US&ceid=US%3Aen",
            "og": "https://encrypted-tbn2.gstatic.com/images?q=tbn:ANd9GcSspzzV4WLHqhmFlSmlphU6BCu6XWO-ANmYYhbKINzqVuJDBO--rykVUEtS5rkcCC7R-fx6NtB3pWBM2eaI6Xvhaiy1iYwOhcyldETCG3XjdevUxg",
            "source": "SamMobile - Samsung news",
            "source_icon": "https://encrypted-tbn3.gstatic.com/faviconV2?url=https://www.sammobile.com&client=NEWS_360&size=96&type=FAVICON&fallback_opts=TYPE,SIZE,URL",
            "title": "Samsung Galaxy S21 gets One UI 6.1 update in the USA"
        },
        {
            "link": "https://news.google.com/articles/CBMijgFodHRwczovL3d3dy5mb3JiZXMuY29tL3NpdGVzL3BhdWx0YXNzaS8yMDI0LzA1LzEyL3NvbnktaXMtZ29pbmctdG8tZGVzdHJveS1pdHMtcGMtcGxheXN0YXRpb24tZXhwYW5zaW9uLWJlZm9yZS1pdC1zdGFydHMtd2l0aC1wc24tcmVxdWlyZW1lbnQv0gEA?hl=en-US&gl=US&ceid=US%3Aen",
            "og": "https://encrypted-tbn0.gstatic.com/images?q=tbn:ANd9GcSePwJLXSB2JagCLexy5Av8_uFfqiCqrWiNQ5jQO-muCq75Nnpo4u-fuYkxTyqdFKa7C87GCB7uIPXeTJo1JhVjoZG4pMzKuQDPH4NWEyA9uEQIJg",
            "source": "Forbes",
            "source_icon": "https://encrypted-tbn2.gstatic.com/faviconV2?url=https://www.forbes.com&client=NEWS_360&size=96&type=FAVICON&fallback_opts=TYPE,SIZE,URL",
            "title": "Sony Is Going To Destroy Its PC PlayStation Expansion Before It Starts With PSN Requirement"
        },
        {
            "link": "https://news.google.com/articles/CBMiSmh0dHBzOi8vd3d3LmRpZ2l0YWx0cmVuZHMuY29tL2dhbWluZy9uaW50ZW5kby1zd2l0Y2gtaXMtaW4taXRzLWZpbGxlci1lcmEv0gFOaHR0cHM6Ly93d3cuZGlnaXRhbHRyZW5kcy5jb20vZ2FtaW5nL25pbnRlbmRvLXN3aXRjaC1pcy1pbi1pdHMtZmlsbGVyLWVyYS8_YW1w?hl=en-US&gl=US&ceid=US%3Aen",
            "og": "https://encrypted-tbn1.gstatic.com/images?q=tbn:ANd9GcTpZ5LAnXhVDygtXvnJTLAHrt5nba9lY05GL824eZ2zYJ3aqKe8u8yriCTTdiLR4LGsrnmMfQL9cY_yJrrVq9AR7ugVd8wkZBPCZlxcQ7RqNurWoQ",
            "source": "Digital Trends",
            "source_icon": "https://encrypted-tbn2.gstatic.com/faviconV2?url=https://www.digitaltrends.com&client=NEWS_360&size=96&type=FAVICON&fallback_opts=TYPE,SIZE,URL",
            "title": "The Nintendo Switch is in its filler era"
        },
        {
            "link": "https://news.google.com/articles/CBMiV2h0dHBzOi8vd3d3Lndzai5jb20vbGlmZXN0eWxlL3JlbGF0aW9uc2hpcHMvYWktZXRoaWNzLW1vcmFscy1kZWFkLXBlb3BsZS1ncmllZi1mOGUzYzdmN9IBAA?hl=en-US&gl=US&ceid=US%3Aen",
            "og": "https://encrypted-tbn1.gstatic.com/images?q=tbn:ANd9GcQTiiXAqoQgTLN8Z0zgiyautGa0LDxGlBxD1GOMd1pI9Ds80fZE2j-mdbyRmC2_l76cBTu2dQF4P1Su4ipKxFnF8EJQgrxqZm26XDecsSrd9X8U7g",
            "source": "The Wall Street Journal",
            "source_icon": "https://encrypted-tbn1.gstatic.com/faviconV2?url=https://www.wsj.com&client=NEWS_360&size=96&type=FAVICON&fallback_opts=TYPE,SIZE,URL",
            "title": "Should We Use AI to Resurrect Loved Ones? Breaking Down the Ethical and Moral Implications - WSJ"
        },
        {
            "link": "https://news.google.com/articles/CBMigAFodHRwczovL3d3dy5hb2wuY29tL2xpZmVzdHlsZS93aGF0LXRvLXNob3AtYXQtYW1hem9uLXRoaXMtd2Vla2VuZC1zYXZlLXVwLXRvLTgwLW9uLW1vcmUtdGhhbi00MC1vZi10aGUtYmVzdC1kZWFscy0xMzE2NDkwNzAuaHRtbNIBAA?hl=en-US&gl=US&ceid=US%3Aen",
            "og": "https://encrypted-tbn1.gstatic.com/images?q=tbn:ANd9GcT0hc8bozg2Sp8-BLDoE78cSD7K_hRU5OhJClN4CF4x5Pc6D0bYpw8bHe3aVeEQYpk",
            "source": "AOL",
            "source_icon": "https://encrypted-tbn2.gstatic.com/faviconV2?url=https://www.aol.com&client=NEWS_360&size=96&type=FAVICON&fallback_opts=TYPE,SIZE,URL",
            "title": "What to shop at Amazon this weekend: Save up to 80% on more than 40 of the best deals"
        },
        {
            "link": "https://news.google.com/articles/CBMid2h0dHBzOi8vd3d3LnB1c2hzcXVhcmUuY29tL25ld3MvMjAyNC8wNS9zaW5nbGUtcGxheWVyLWFuaW1hbC13ZWxsLWhhcy1hLXNlY3JldC1wdXp6bGUtdGhhdC1yZXF1aXJlcy01MC1wbGF5ZXJzLXRvLXNvbHZl0gEA?hl=en-US&gl=US&ceid=US%3Aen",
            "og": "https://encrypted-tbn1.gstatic.com/images?q=tbn:ANd9GcT8fE_-zLdY9Qe67dPH3W9UxCbMUfl3aJ13nzRIsjAtamul34fPby02P3KD4Ub4GD0Gf3AP1yfVP0tv74O21dXMAHPXXjXxZaem9B4tMQVnUNdXHw",
            "source": "Push Square",
            "source_icon": "https://encrypted-tbn2.gstatic.com/faviconV2?url=https://www.pushsquare.com&client=NEWS_360&size=96&type=FAVICON&fallback_opts=TYPE,SIZE,URL",
            "title": "Single Player Animal Well Has a Secret Puzzle that Requires 50 Players to Solve"
        },
        {
            "link": "https://news.google.com/articles/CBMiqQFodHRwczovL3d3dy5ub3RlYm9va2NoZWNrLm5ldC9Bc3VzLXdhcnJhbnR5LWRlamEtdnUtZm9yLWJyb2tlbi1ST0ctQWxseS10aHVtYi1zdGljay1Zb3VUdWJlci1jYXRjaGVzLUFzdXMtYXR0ZW1wdGluZy10by1kb2RnZS1yZXBhaXItcmVxdWVzdC1vdmVyLXRpbnktbWFyay44MzYxOTEuMC5odG1s0gEA?hl=en-US&gl=US&ceid=US%3Aen",
            "og": "https://encrypted-tbn0.gstatic.com/images?q=tbn:ANd9GcTVv6OYMJGV0bj8dxyYD301xhUGCXN13FBFBV7eBNo5mPJbrDeYcjilj_r4Kz866eqsPX3F7-2Jg671og1GDY5RKx1Yp3Rpgb9lTy6cT_KNJfKSiA",
            "source": "Notebookcheck.net",
            "source_icon": "https://encrypted-tbn3.gstatic.com/faviconV2?url=https://www.notebookcheck.net&client=NEWS_360&size=96&type=FAVICON&fallback_opts=TYPE,SIZE,URL",
            "title": "Asus warranty déjà vu for broken ROG Ally thumb stick — YouTuber catches Asus attempting to dodge repair request over \"tiny\" mark"
        },
        {
            "link": "https://news.google.com/articles/CBMiPWh0dHBzOi8vd3d3LmNic25ld3MuY29tL3ZpZGVvL3doYXQtaGFwcGVuZWQtdG8tc2ltcGxlLWRlc2lnbi_SAQA?hl=en-US&gl=US&ceid=US%3Aen",
            "og": "https://encrypted-tbn2.gstatic.com/images?q=tbn:ANd9GcT4_5dx89yQJgyyBgAZw8zgBCHnf22l09MpuKf4jeuOWnIcWFX-kqQaT-_xz6Ours_WFgNnCF1OqH2PPYc8nmpFEsP31AMYyB22p8DU",
            "source": "CBS News",
            "source_icon": "https://encrypted-tbn0.gstatic.com/faviconV2?url=https://www.cbsnews.com&client=NEWS_360&size=96&type=FAVICON&fallback_opts=TYPE,SIZE,URL",
            "title": "What happened to \"simple\" design?"
        },
        {
            "link": "https://news.google.com/articles/CBMifGh0dHBzOi8vd3d3LmdhbWVzcG90LmNvbS9hcnRpY2xlcy90aGUtbWFnaWMtb2YtemVsZGEtdGVhcnMtb2YtdGhlLWtpbmdkb20tb25lLXllYXItbGF0ZXItaXMtaW4tZXhwZXJpbWVudGF0aW9uLzExMDAtNjUyMzM2My_SAQA?hl=en-US&gl=US&ceid=US%3Aen",
            "og": "https://encrypted-tbn1.gstatic.com/images?q=tbn:ANd9GcSdVIsFE3i8Re7hBmSm7USJiOelAWhKfCK2g7Ty7BPzIW8NV44KCRLVNZXDMcc_FuuY3tj9WxFn1IWGBAVmdCJu9KzBTIUARsIIdfdn87uIgBBrrg",
            "source": "GameSpot",
            "source_icon": "https://encrypted-tbn1.gstatic.com/faviconV2?url=https://www.gamespot.com&client=NEWS_360&size=96&type=FAVICON&fallback_opts=TYPE,SIZE,URL",
            "title": "The Magic Of Zelda: Tears Of The Kingdom One Year Later Is In Experimentation"
        },
        {
            "link": "https://news.google.com/articles/CBMiSmh0dHBzOi8vd3d3Lm55dGltZXMuY29tLzIwMjQvMDUvMTIvc2NpZW5jZS9wYXJyb3RzLWxhbmd1YWdlLWNvZ25pdGlvbi5odG1s0gEA?hl=en-US&gl=US&ceid=US%3Aen",
            "og": "https://encrypted-tbn2.gstatic.com/images?q=tbn:ANd9GcRMQTykQSuSWoog0QLtv689ipPqvXaDtkVtB-TRLLlgOSsMADDn36JstXx4bcIhAxvw5aodqryu1quD-s35kryvszXetbQD2Q0xbp6COKID2c3cfA",
            "source": "The New York Times",
            "source_icon": "https://encrypted-tbn2.gstatic.com/faviconV2?url=https://www.nytimes.com&client=NEWS_360&size=96&type=FAVICON&fallback_opts=TYPE,SIZE,URL",
            "title": "Can Parrots Converse? Polly Says That's the Wrong Question."
        },
        {
            "link": "https://news.google.com/articles/CBMicmh0dHBzOi8vd3d3LmZvcmJlcy5jb20vc2l0ZXMvcGF1bHRhc3NpLzIwMjQvMDUvMTIvYS1sb25nLWxpc3Qtb2YtbGVha2VkLW1hcnZlbC1yaXZhbHMtaGVyb2VzLWFuZC12aWxsYWlucy10by1jb21lL9IBAA?hl=en-US&gl=US&ceid=US%3Aen",
            "og": "https://encrypted-tbn3.gstatic.com/images?q=tbn:ANd9GcRiTZI0LY64e6wTgOHyPA8VJef7PwgUn4rZ7s1qqfH0LERB_S93EhPugQKmjXki-1E0Vxl17Ow4o6bI-NP2E6beMVOJyyL2wIzFZrTYk2TlREZ4wg",
            "source": "Forbes",
            "source_icon": "https://encrypted-tbn2.gstatic.com/faviconV2?url=https://www.forbes.com&client=NEWS_360&size=96&type=FAVICON&fallback_opts=TYPE,SIZE,URL",
            "title": "A Long List Of Leaked 'Marvel Rivals' Heroes And Villains To Come"
        },
        {
            "link": "https://news.google.com/articles/CBMicmh0dHBzOi8vd3d3LmZvcmJlcy5jb20vc2l0ZXMvZGF2aWRwaGVsYW4vMjAyNC8wNS8xMS9hcHBsZS1pcGFkLWFpci1tMS1qdXN0LWRyb3BwZWQtdG8tcmVjb3JkLWxvdy1wcmljZXMtcmlnaHQtbm93L9IBAA?hl=en-US&gl=US&ceid=US%3Aen",
            "og": "https://encrypted-tbn3.gstatic.com/images?q=tbn:ANd9GcQEhUg7T58sppuJazwix8ehMZ8YMZpLGOhGGFWR2Qn3v439k2bkuTKk1JxWzHLy4Pdo_O8WeBMJ9qkmSUBKikeK1WfDl-B7sTldSV55okTtUbzHtw",
            "source": "Forbes",
            "source_icon": "https://encrypted-tbn2.gstatic.com/faviconV2?url=https://www.forbes.com&client=NEWS_360&size=96&type=FAVICON&fallback_opts=TYPE,SIZE,URL",
            "title": "Apple iPad Air (M1) Just Dropped To Record Low Prices"
        },
        {
            "link": "https://news.google.com/articles/CBMiTWh0dHBzOi8vd3d3LmRpZ2l0YWx0cmVuZHMuY29tL21vdmllcy93YXRjaC1uZXRmbGl4LXNjaS1maS1tb3ZpZXMtaW4tbWF5LTIwMjQv0gFRaHR0cHM6Ly93d3cuZGlnaXRhbHRyZW5kcy5jb20vbW92aWVzL3dhdGNoLW5ldGZsaXgtc2NpLWZpLW1vdmllcy1pbi1tYXktMjAyNC8_YW1w?hl=en-US&gl=US&ceid=US%3Aen",
            "og": "https://encrypted-tbn2.gstatic.com/images?q=tbn:ANd9GcTpgjFyeJyASKv8nzYRRz7lLgW6tD7msyDbmNi62dO65hYTPDDg7uRclQD5ImzvKM1_ZAWzan_c5OufLfE2ZrKsKjmFZyvNXx5cJGKgnbiIOMPGkA",
            "source": "Digital Trends",
            "source_icon": "https://encrypted-tbn2.gstatic.com/faviconV2?url=https://www.digitaltrends.com&client=NEWS_360&size=96&type=FAVICON&fallback_opts=TYPE,SIZE,URL",
            "title": "5 sci-fi movies on Netflix you need to watch in May 2024"
        },
        {
            "link": "https://news.google.com/articles/CBMiYWh0dHBzOi8vd3d3LnZpZGVvZ2FtZXIuY29tL25ld3MvbmV3LWhlbGxkaXZlcnMtMi1sZWFrLWdpdmVzLXVzLWEtY2xvc2UtdXAtbG9vay1hdC10aGUtaWxsdW1pbmF0ZS_SAQA?hl=en-US&gl=US&ceid=US%3Aen",
            "og": "https://encrypted-tbn2.gstatic.com/images?q=tbn:ANd9GcSqcQetFiaU8PDnvawbEZy63M4k5TRrrTju7TVm6d9jDYJEpyhQjtxxVDeJGk27tVqFITbu1iWgtewklLGDtpUhdlZuvBCaVN_woDIBUNonK7zrUg",
            "source": "Video Gamer",
            "source_icon": "https://encrypted-tbn2.gstatic.com/faviconV2?url=https://www.videogamer.com&client=NEWS_360&size=96&type=FAVICON&fallback_opts=TYPE,SIZE,URL",
            "title": "New Helldivers 2 leak gives us a close-up look at the Illuminate"
        },
        {
            "link": "https://news.google.com/articles/CBMiUmh0dHBzOi8vd3d3Lm55dGltZXMuY29tLzIwMjQvMDUvMTIvYnVzaW5lc3MvcmVsYXRpb25zaGlwcy10cmVsbG8tc2xhY2stbm90aW9uLmh0bWzSAQA?hl=en-US&gl=US&ceid=US%3Aen",
            "og": "https://encrypted-tbn1.gstatic.com/images?q=tbn:ANd9GcRLm5SFIUQn36CSurmQQVI74kH03Avt1oKSt83Mlqx3VX--67cknPEb4qN6MGpz_GmEMfSDWMhfXXNow58nZJ2rLPpk5gC7uNmmVUu3p9EOAWKVsA",
            "source": "The New York Times",
            "source_icon": "https://encrypted-tbn2.gstatic.com/faviconV2?url=https://www.nytimes.com&client=NEWS_360&size=96&type=FAVICON&fallback_opts=TYPE,SIZE,URL",
            "title": "Honey, I Love You. Didn't You See My Slack About It?"
        },
        {
            "link": "https://news.google.com/articles/CBMiTGh0dHBzOi8vd3d3LnBob25lYXJlbmEuY29tL25ld3Mvd2Vla2x5LXRlY2gtZGVhbHMtdW5kZXItMTAwLWRvbGxhcnNfaWQxNTgxODfSAQA?hl=en-US&gl=US&ceid=US%3Aen",
            "og": "https://encrypted-tbn2.gstatic.com/images?q=tbn:ANd9GcS2-pGYHpOwMWWcQyDG9G6d4EZ8KIYMRm78F7f5RI51kqN4BFUM_Tr11Ms8tGHRryxgfw7bjcf_18iIl8rtlK5p0aiWBX_oepeADYReokMFGm9yuQ",
            "source": "PhoneArena",
            "source_icon": "https://encrypted-tbn1.gstatic.com/faviconV2?url=https://www.phonearena.com&client=NEWS_360&size=96&type=FAVICON&fallback_opts=TYPE,SIZE,URL",
            "title": "Weekly deals under $100: Awesome Apple AirPods 2, Galaxy Watch 4 Classic and more exciting offers"
        },
        {
            "link": "https://news.google.com/articles/CBMiWGh0dHBzOi8vd3d3LmJ1enpmZWVkLmNvbS95aXlhbmcvZ29yZ2VvdXMtdGFyZ2V0LXVwZ3JhZGVzLXRoYXRsbC1tYWtlLXlvdS1mZWVsLWxpa2UteW91cmXSAQA?hl=en-US&gl=US&ceid=US%3Aen",
            "og": "https://encrypted-tbn2.gstatic.com/images?q=tbn:ANd9GcR2sUmdtjmtGYM3tCc3ZZ2Ll__xTwlnNK0cx9qNwBO97yL5NcTch9pgV8hyUBW0oPAyFdSq5ii8slRlJONRxQ8HJ6--_RCInSRXN8KyvFVmUbWuBg",
            "source": "BuzzFeed",
            "source_icon": "https://encrypted-tbn2.gstatic.com/faviconV2?url=https://www.buzzfeed.com&client=NEWS_360&size=96&type=FAVICON&fallback_opts=TYPE,SIZE,URL",
            "title": "20 Gorgeous Target Upgrades That'll Make You Feel Like You're Living Your Best Life"
        },
        {
            "link": "https://news.google.com/articles/CBMiWmh0dHBzOi8vd3d3LmdlbWF0c3UuY29tLzIwMjQvMDUvc2hpbi1tZWdhbWktdGVuc2VpLXYtYW5kLWFsbC1kbGMtdG8tYmUtZGVsaXN0ZWQtb24tanVuZS0xM9IBAA?hl=en-US&gl=US&ceid=US%3Aen",
            "og": "https://encrypted-tbn1.gstatic.com/images?q=tbn:ANd9GcQERg91yjmYPqN0IEfUXpi7oV09FtWFK2UOxfaJGTKKqul2v22jW-8qfTOBqCkyny9ZuMqR6kiHUf42wxjrtj4B",
            "source": "Gematsu",
            "source_icon": "https://encrypted-tbn0.gstatic.com/faviconV2?url=https://www.gematsu.com&client=NEWS_360&size=96&type=FAVICON&fallback_opts=TYPE,SIZE,URL",
            "title": "Shin Megami Tensei V and all DLC to be delisted on June 13"
        },
        {
            "link": "https://news.google.com/articles/CBMiXWh0dHBzOi8vd3d3LmhvdXNlZGlnZXN0LmNvbS8xNTc5NDY5L2ZyYW1lbGVzcy1nbGFzcy1zaG93ZXItZG9vcnMtZGF0ZWQtdHJ5LWNvenktYXJjaC1mcmFtaW5nL9IBAA?hl=en-US&gl=US&ceid=US%3Aen",
            "og": "https://encrypted-tbn3.gstatic.com/images?q=tbn:ANd9GcRGF--f_Z1j0GGJW_QQwni1cwGJSoiNTGKTWn45QG-DivJHLFR7XTitjie_wTmTPV22atW-KvW5piUOxeHoFAnn3b02ThTgpArIVYrFBUI0d6pPhw",
            "source": "House Digest",
            "source_icon": "https://encrypted-tbn2.gstatic.com/faviconV2?url=https://www.housedigest.com&client=NEWS_360&size=96&type=FAVICON&fallback_opts=TYPE,SIZE,URL",
            "title": "Leave the frameless shower door trend in the past & try this cozy idea"
        },
        {
            "link": "https://news.google.com/articles/CBMiVGh0dHBzOi8vd3d3LnlhaG9vLmNvbS9saWZlc3R5bGUvZ29vZ2xlLWRldmljZS1uZXR3b3JrLXVzZWZ1bC1zdGFsa2luZy0xNzM0MTkzMTcuaHRtbNIBAA?hl=en-US&gl=US&ceid=US%3Aen",
            "og": "https://encrypted-tbn0.gstatic.com/images?q=tbn:ANd9GcTGjrStTEV_wZ3yLJAyao5yzKTe0gE8lQYbdWeHOqE12L_-d5OGNaPpT6Vh51Ijcm7EwnMg3mtsL__y0_bf5A4lOWJB-TFEag2WhgUxEqnXSilttA",
            "source": "Yahoo Life",
            "source_icon": "https://encrypted-tbn1.gstatic.com/faviconV2?url=https://www.yahoo.com&client=NEWS_360&size=96&type=FAVICON&fallback_opts=TYPE,SIZE,URL",
            "title": "Google's new 'Find My' device network is useful but a stalking risk"
        },
        {
            "link": "https://news.google.com/articles/CBMiOmh0dHBzOi8vd3d3LmVhdGluZ3dlbGwuY29tL2Jlc3QtZHJpbmtzLWZvci1hbnhpZXR5LTg2NDU5NDPSAQA?hl=en-US&gl=US&ceid=US%3Aen",
            "og": "https://encrypted-tbn3.gstatic.com/images?q=tbn:ANd9GcRYDRO5siXvyyPv6GfI64-RGNhsXNteWhLWDKrrwPguLbMf-JrXPacpsmPqQNdv1IfcnJbp-S5j8z78PUEuQvsHsJ4plzZ_srYN8LpoCj00OgcSSA",
            "source": "EatingWell",
            "source_icon": "https://encrypted-tbn3.gstatic.com/faviconV2?url=https://www.eatingwell.com&client=NEWS_360&size=96&type=FAVICON&fallback_opts=TYPE,SIZE,URL",
            "title": "4 Best Drinks for Lower Anxiety, Recommended by Dietitians"
        },
        {
            "link": "https://news.google.com/articles/CBMic2h0dHBzOi8vd3d3LmZvcmJlcy5jb20vc2l0ZXMvcGF1bHRhc3NpLzIwMjQvMDUvMTEvd2F0Y2gta2FpLWNlbmF0LXRha2Utc2l4LWhvdXJzLXRvLWJlYXQtZWxkZW4tcmluZ3MtdHJlZS1zZW50aW5lbC_SAQA?hl=en-US&gl=US&ceid=US%3Aen",
            "og": "https://encrypted-tbn0.gstatic.com/images?q=tbn:ANd9GcSvX14gy0OEu3PFZwj0RWsQ6KmAk7Dpo5gDI__1SH3RP4XRBD7hiCKaKHKMnUhjRg877SyE464YQNnczsrTpa8EO8acrLOS-rxbTnLJPMN1D5ySyg",
            "source": "Forbes",
            "source_icon": "https://encrypted-tbn2.gstatic.com/faviconV2?url=https://www.forbes.com&client=NEWS_360&size=96&type=FAVICON&fallback_opts=TYPE,SIZE,URL",
            "title": "Watch Kai Cenat Take Six Hours To Beat Elden Ring's Tree Sentinel"
        },
        {
            "link": "https://news.google.com/articles/CBMiX2h0dHBzOi8vd3d3Lm1vdG9ncC5jb20vZW4vdmlkZW9zLzIwMjQvMDUvMTIvc3VuZGF5LXByZXNzLWNvbmZlcmVuY2UtZ3JhbmQtcHJpeC1kZS1mcmFuY2UvNDk4NDMz0gEA?hl=en-US&gl=US&ceid=US%3Aen",
            "og": "https://encrypted-tbn3.gstatic.com/images?q=tbn:ANd9GcQVGosFl8kOVeFuMHJTNOQhydNl0GaS2QlZMN5cMB2LoALLOZLa9BlbSzxjKVk99yc",
            "source": "motogp.com",
            "source_icon": "https://encrypted-tbn1.gstatic.com/faviconV2?url=https://www.motogp.com&client=NEWS_360&size=96&type=FAVICON&fallback_opts=TYPE,SIZE,URL",
            "title": "Sunday Press Conference: Grand Prix de France"
        },
        {
            "link": "https://news.google.com/articles/CBMiUGh0dHBzOi8vd3d3LmV2ZW50aHVicy5jb20vbmV3cy8yMDI0L21heS8xMi9kaXNhc3Ryb3VzLXR3aXR0ZXItc2Y2LWJhbGFuY2UtcGF0Y2gv0gEA?hl=en-US&gl=US&ceid=US%3Aen",
            "og": "https://encrypted-tbn3.gstatic.com/images?q=tbn:ANd9GcQECGTeWgeVK4fOFdok0nPS2XmBHsZA5EyRnUecSWlrhme4YvImL7yJbHrhOWnCxG-jEfBNcDjfXqRViOwOPV72fe2F3QYPFWG0Tc4R7oo41YRooA",
            "source": "EventHubs",
            "source_icon": "https://encrypted-tbn2.gstatic.com/faviconV2?url=https://www.eventhubs.com&client=NEWS_360&size=96&type=FAVICON&fallback_opts=TYPE,SIZE,URL",
            "title": "How disastrous things would be if Twitter was put in charge of Street Fighter 6's balance patch"
        },
        {
            "link": "https://news.google.com/articles/CBMibWh0dHBzOi8vd3d3LmhvdXN0b25jaHJvbmljbGUuY29tL25laWdoYm9yaG9vZC9iYXlhcmVhL2FydGljbGUvc2VhYnJvb2stbW9kZXJuLW1pbmltYWxpc3QtbWFuc2lvbi0xOTQzNjQ3MS5waHDSAQA?hl=en-US&gl=US&ceid=US%3Aen",
            "og": "https://encrypted-tbn1.gstatic.com/images?q=tbn:ANd9GcRob8y1KbUb5z_kXwdtH8Bpxe2rbbHbTVAg5Tb7rsCrYwXxqRIAzks4jP0KZBAFVIa7_HlscZiirVhk5jz_cQQteMdoY77cy7c49a0GCvai2sqhgQ",
            "source": "Houston Chronicle",
            "source_icon": "https://encrypted-tbn2.gstatic.com/faviconV2?url=https://www.houstonchronicle.com&client=NEWS_360&size=96&type=FAVICON&fallback_opts=TYPE,SIZE,URL",
            "title": "Seabrook TX home listed for $8.9 million is a \"work of art\""
        },
        {
            "link": "https://news.google.com/articles/CBMiX2h0dHBzOi8vd3d3Lm5pbnRlbmRvbGlmZS5jb20vZmVhdHVyZXMvaGFuZHMtb24taGFkZXMtMi1pcy1hLWhlbGwtb2YtYS10aW1lLWV2ZW4taW4tZWFybHktYWNjZXNz0gEA?hl=en-US&gl=US&ceid=US%3Aen",
            "og": "https://encrypted-tbn3.gstatic.com/images?q=tbn:ANd9GcR2aDBpbElS0v-BxciMIsikqrPZmvyGCpu2BxZgeDalrgm-AkZHsdkWL2DwPE6sH5nTHvyeqguS0l2ZYUD6TB5x2oL9Ix7-efOeMcifu6d3a7eicg",
            "source": "Nintendo Life",
            "source_icon": "https://encrypted-tbn1.gstatic.com/faviconV2?url=https://www.nintendolife.com&client=NEWS_360&size=96&type=FAVICON&fallback_opts=TYPE,SIZE,URL",
            "title": "Hands On: Hades 2 Is A Hell Of A Time, Even In Early Access"
        },
        {
            "link": "https://news.google.com/articles/CBMiOGh0dHBzOi8vd3d3LmNyZWF0aXZlYmxvcS5jb20vbmV3cy9hcHBsZS1wZW5jaWwtcGFja2FnaW5n0gEA?hl=en-US&gl=US&ceid=US%3Aen",
            "og": "https://encrypted-tbn1.gstatic.com/images?q=tbn:ANd9GcTtyfQQ3MDeA2hrcp76kNtwja9hFZFPWmcyPTDIOiQJkvBralkLASMTNiHHryI-LK-RvfEENkf4pOZUpLFEfp9_-1RK",
            "source": "Creative Bloq",
            "source_icon": "https://encrypted-tbn1.gstatic.com/faviconV2?url=https://www.creativebloq.com&client=NEWS_360&size=96&type=FAVICON&fallback_opts=TYPE,SIZE,URL",
            "title": "I'm obsessed with the new Apple Pencil Pro packaging"
        },
        {
            "link": "https://news.google.com/articles/CBMifGh0dHBzOi8vd3d3LmNhcnNjb29wcy5jb20vMjAyNC8wNS9mb3JkLXN1cGVyLWR1dHktZHJpdmVyLXB1bGxzLWRhbmdlcm91cy1zdHVudC1ieS1nZXR0aW5nLWludG8tYmFjay1zZWF0LXdoaWxlLWRvaW5nLTgwLW1waC_SAQA?hl=en-US&gl=US&ceid=US%3Aen",
            "og": "https://encrypted-tbn2.gstatic.com/images?q=tbn:ANd9GcToUhG70qS3tewEK7L5y_pW4ctqcD2HPAlKHEgZ_Yv66FG8cLHp07j3S6X7BmQo6M2d84eWwmZ0fWsttVEn5wFdMjD-ctVtLPm6sAS70WWfLJHK3g",
            "source": "CarScoops",
            "source_icon": "https://encrypted-tbn3.gstatic.com/faviconV2?url=https://www.carscoops.com&client=NEWS_360&size=96&type=FAVICON&fallback_opts=TYPE,SIZE,URL",
            "title": "Ford Pickup Truck Driver Takes A Back Seat (Literally) At 80 MPH On Cruise Control"
        },
        {
            "link": "https://news.google.com/articles/CBMiemh0dHBzOi8vd3d3LmV1cm9nYW1lci5uZXQvbWFydmVsLXJpdmFscy10b3MtY29udGFpbnMtYS1ub24tZGlzcGFyYWdlbWVudC1jbGF1c2UtdG8tcHJldmVudC1wbGF5ZXJzLWdpdmluZy1uZWdhdGl2ZS1yZXZpZXdz0gEA?hl=en-US&gl=US&ceid=US%3Aen",
            "og": "https://encrypted-tbn3.gstatic.com/images?q=tbn:ANd9GcSPb4ULWCQASgaZdZM_TVP0--blZkp6J_LsNjT1ZZofO5DOb4PfBqNAbdsQc9c_Jw_5MozbXH9V68khDIMU59r8BfHBoZa3NavQ2oDwG0-qAWytCA",
            "source": "Eurogamer.net",
            "source_icon": "https://encrypted-tbn0.gstatic.com/faviconV2?url=https://www.eurogamer.net&client=NEWS_360&size=96&type=FAVICON&fallback_opts=TYPE,SIZE,URL",
            "title": "Marvel Rivals' ToS contains a \"non-disparagement\" clause to prevent players giving \"negative reviews\""
        },
        {
            "link": "https://news.google.com/articles/CBMiZGh0dHBzOi8vc3BhY2VuZXdzLmNvbS9sdW5hci1sYW5kZXItY29tcGFueS1pc3BhY2Utc2Vlcy1vcHBvcnR1bml0aWVzLWluLWphcGFuLXUtcy1hcnRlbWlzLWFncmVlbWVudC_SAQA?hl=en-US&gl=US&ceid=US%3Aen",
            "og": "https://encrypted-tbn2.gstatic.com/images?q=tbn:ANd9GcT06erwM19bTNnEGEKVmRubOOCuT9HxOaeAWI0jZ444j8FhthmU6xHk9lj0-F7iBp8H_lL22RP1MlrM_CGjQFQxyLtQSVJFeEA2MnERyT4ISp3oFw",
            "source": "SpaceNews",
            "source_icon": "https://encrypted-tbn1.gstatic.com/faviconV2?url=https://spacenews.com&client=NEWS_360&size=96&type=FAVICON&fallback_opts=TYPE,SIZE,URL",
            "title": "Lunar lander company ispace sees opportunities in Japan-U.S. Artemis agreement"
        },
        {
            "link": "https://news.google.com/articles/CBMicmh0dHBzOi8vd3d3Lm5pbnRlbmRvbGlmZS5jb20vbmV3cy8yMDI0LzA1L3ZpZGVvLW5pbnRlbmRvLXdvcmxkLWNoYW1waW9uc2hpcHMtamFwYW5lc2UtZ2FtZXBsYXktb2ZmaWNpYWxseS1yZXZlYWxlZNIBAA?hl=en-US&gl=US&ceid=US%3Aen",
            "og": "https://encrypted-tbn0.gstatic.com/images?q=tbn:ANd9GcQLzaJ9vOAAsTwlxXBbttlu4DQsvP7uEdTRIUhjVkv4hXrTVknpLBTikRMxfMdazgwph-_YAxcSHwz_ooQ4rQpoWinlCMZOwN6ltbD83LUld_APNw",
            "source": "Nintendo Life",
            "source_icon": "https://encrypted-tbn1.gstatic.com/faviconV2?url=https://www.nintendolife.com&client=NEWS_360&size=96&type=FAVICON&fallback_opts=TYPE,SIZE,URL",
            "title": "Video: Nintendo World Championships Japanese Gameplay Officially Revealed"
        },
        {
            "link": "https://news.google.com/articles/CBMiiwFodHRwczovL3d3dy5saXZlc2NpZW5jZS5jb20vdGVjaG5vbG9neS92aXJ0dWFsLXJlYWxpdHkvbWV0YS1qdXN0LXN0dWNrLWl0cy1haS1zb21ld2hlcmUteW91LWRpZG50LWV4cGVjdC1pdC1hLXBhaXItb2YtcmF5LWJhbi1zbWFydC1nbGFzc2Vz0gEA?hl=en-US&gl=US&ceid=US%3Aen",
            "og": "https://encrypted-tbn0.gstatic.com/images?q=tbn:ANd9GcRLrRjzynGOHltvHK2gHW9jJYfRK3dm7v5_jT6oYzX-sA9INIboyPP7f5jouWlUWl8lIWmJLwcTEzA0FJ_R-A-3KYxl",
            "source": "Livescience.com",
            "source_icon": "https://encrypted-tbn2.gstatic.com/faviconV2?url=https://www.livescience.com&client=NEWS_360&size=96&type=FAVICON&fallback_opts=TYPE,SIZE,URL",
            "title": "Meta just stuck its AI somewhere you didn't expect it — a pair of Ray-Ban smart glasses"
        },
        {
            "link": "https://news.google.com/articles/CBMiX2h0dHBzOi8vd3d3LmJ1c2luZXNzaW5zaWRlci5jb20vYXJ0LW9mLWFuaW1hdGlvbi1yZXNvcnQtd29ydGgtaXQtZm9yLWFkdWx0cy1kaXNuZXktd29ybGQtMjAyNC010gFjaHR0cHM6Ly93d3cuYnVzaW5lc3NpbnNpZGVyLmNvbS9hcnQtb2YtYW5pbWF0aW9uLXJlc29ydC13b3J0aC1pdC1mb3ItYWR1bHRzLWRpc25leS13b3JsZC0yMDI0LTU_YW1w?hl=en-US&gl=US&ceid=US%3Aen",
            "og": "https://encrypted-tbn2.gstatic.com/images?q=tbn:ANd9GcTgyI3g36MEvjg-oC1Ba3UixCzkiGFcxz4E8N6u_PN6De_651DKTjYR_F0uuvsr_aENTc4o32k1lpS_5mgIV0f2gBkYTdgfPmdBiQ-bgd0zLmRYUw",
            "source": "Business Insider",
            "source_icon": "https://encrypted-tbn3.gstatic.com/faviconV2?url=https://www.businessinsider.com&client=NEWS_360&size=96&type=FAVICON&fallback_opts=TYPE,SIZE,URL",
            "title": "Staying at Disney's Art of Animation as an adult, worth it for $265"
        },
        {
            "link": "https://news.google.com/articles/CBMiRGh0dHBzOi8vd3d3LnRoZXZlcmdlLmNvbS8yNDE1MzQ3OC9jcm93LWNvdW50cnktcmV2aWV3LXN0ZWFtLXBzNS14Ym940gEA?hl=en-US&gl=US&ceid=US%3Aen",
            "og": "https://encrypted-tbn0.gstatic.com/images?q=tbn:ANd9GcSuJJLs22jZPD2xttcSpVDt3KvbbenaY3GBx8VmU2wNGM9fpSfu_OA1qfr6e7ZJbAjQBpqy6laT1nkNt5EjgQlB5zcLqPp5iXnVLA0i0zXGGPxvMA",
            "source": "The Verge",
            "source_icon": "https://encrypted-tbn2.gstatic.com/faviconV2?url=https://www.theverge.com&client=NEWS_360&size=96&type=FAVICON&fallback_opts=TYPE,SIZE,URL",
            "title": "Crow Country is a gloriously grimy revival of '90s survival horror"
        },
        {
            "link": "https://news.google.com/articles/CBMidGh0dHBzOi8vd3d3LmZvcmJlcy5jb20vc2l0ZXMvb2xsaWViYXJkZXIvMjAyNC8wNS8xMS90aGUtbGlmZS1zaXplLXByb3BsaWNhLW1hc3Rlci1zd29yZC1mcm9tLXplbGRhLWxvb2tzLWluY3JlZGlibGUv0gEA?hl=en-US&gl=US&ceid=US%3Aen",
            "og": "https://encrypted-tbn0.gstatic.com/images?q=tbn:ANd9GcTB_4Mv6N8QAbOO9s0A0-CyoUJ7u5hjYAh53unyvV-7lbpZFFoChpq2HF9AAfhOtS6FkTozIIv3wwtnKtyVKy711wYF2KoXRUkxWl7gMkIz11mG2A",
            "source": "Forbes",
            "source_icon": "https://encrypted-tbn2.gstatic.com/faviconV2?url=https://www.forbes.com&client=NEWS_360&size=96&type=FAVICON&fallback_opts=TYPE,SIZE,URL",
            "title": "The Life-Size Proplica Master Sword From 'Zelda' Looks Incredible"
        },
        {
            "link": "https://news.google.com/articles/CBMiTmh0dHBzOi8vd3d3LmdhbWluZ2JpYmxlLmNvbS9uZXdzL2ZhbGxvdXQtNC1wbGF5ZXJzLWhpZGRlbi1hcmVhLTU5MTc1MC0yMDI0MDUwOdIBAA?hl=en-US&gl=US&ceid=US%3Aen",
            "og": "https://encrypted-tbn3.gstatic.com/images?q=tbn:ANd9GcSoe9jUS0HYRgw07KTROUQduV4Zydgkfn13pag_yQxh3XlI0e15_Z9U0ewEETYwgCnlxaT3ljKPFVxbNJm9TKfl-K8-4PP8uFMoponx",
            "source": "GAMINGbible",
            "source_icon": "https://encrypted-tbn3.gstatic.com/faviconV2?url=https://www.gamingbible.com&client=NEWS_360&size=96&type=FAVICON&fallback_opts=TYPE,SIZE,URL",
            "title": "New Fallout 4 players urged to check out creepy hidden 'Saw maze'"
        },
        {
            "link": "https://news.google.com/articles/CBMiemh0dHBzOi8vd3d3Lm5vdGVib29rY2hlY2submV0L0xlYWtlci1yZXZlYWxzLXNwZWNzLWFuZC1sYXVuY2gtcHJpY2luZy1mb3ItbmV4dC1BU1VTLVJPRy1BbGx5LWdhbWluZy1oYW5kaGVsZC44MzY2OTIuMC5odG1s0gEA?hl=en-US&gl=US&ceid=US%3Aen",
            "og": "https://encrypted-tbn1.gstatic.com/images?q=tbn:ANd9GcRDyoJX6Yzeu5EAebIlN5v2zVwFqyzgDKbjJ1CxTg0DedO5IYKv4pmsBleIjv61ljSEDhxzeJVNypGfR4Gquz8RBzsMOhxTd1LSiWtIW2xzRw8JfA",
            "source": "Notebookcheck.net",
            "source_icon": "https://encrypted-tbn3.gstatic.com/faviconV2?url=https://www.notebookcheck.net&client=NEWS_360&size=96&type=FAVICON&fallback_opts=TYPE,SIZE,URL",
            "title": "Leaker reveals specs and launch pricing for next ASUS ROG Ally gaming handheld"
        },
        {
            "link": "https://news.google.com/articles/CBMiTGh0dHBzOi8vd3d3LnRoZXZlcmdlLmNvbS8yMDI0LzUvMTEvMjQxNTI5NzcvYW5kcm9pZC1haS1nb29nbGUtaW8tMjAyNC1nZW1pbmnSAQA?hl=en-US&gl=US&ceid=US%3Aen",
            "og": "https://encrypted-tbn0.gstatic.com/images?q=tbn:ANd9GcQgM4P53YV5brD1sX7dY0a2ZkGhQGJMAV5cpIQYPhSC0BmQuCm0DVh-pcNIyIzXwVpvWgHCaqAtNjHfGcAZTBkKZyFe6DmwypNrWZV3H-A8DDkhUQ",
            "source": "The Verge",
            "source_icon": "https://encrypted-tbn2.gstatic.com/faviconV2?url=https://www.theverge.com&client=NEWS_360&size=96&type=FAVICON&fallback_opts=TYPE,SIZE,URL",
            "title": "Android in the time of AI"
        },
        {
            "link": "https://news.google.com/articles/CBMiUmh0dHBzOi8vd3d3LmFuZHJvaWRwb2xpY2UuY29tL2JyaW5nLXRoZS1zMjQtdWx0cmFzLWJlc3QtZmVhdHVyZS10by1hbnktczI0LW9yLXMyNC_SAQA?hl=en-US&gl=US&ceid=US%3Aen",
            "og": "https://encrypted-tbn2.gstatic.com/images?q=tbn:ANd9GcQB1GEo61KWbxZltKMYLrrwQ9paDeQlK91HvA8tqyVFnua9J4-oEzcgnETMCqxcnGJ-g8yWbjY_1Fk77o4U1qR7TdQ7ErNiytgjX8KUiveZUjBTZw",
            "source": "Android Police",
            "source_icon": "https://encrypted-tbn1.gstatic.com/faviconV2?url=https://www.androidpolice.com&client=NEWS_360&size=96&type=FAVICON&fallback_opts=TYPE,SIZE,URL",
            "title": "Why I'd spend $30 to get the Galaxy S24 Ultra's best feature on any other S24 model"
        },
        {
            "link": "https://news.google.com/articles/CBMiWWh0dHBzOi8vaW50ZXJlc3RpbmdlbmdpbmVlcmluZy5jb20vaW5ub3ZhdGlvbi9uZXctd2FycC1kcml2ZS1vZmZlcnMtbGlnaHRuaW5nLWZhc3QtdHJhdmVs0gEA?hl=en-US&gl=US&ceid=US%3Aen",
            "og": "https://encrypted-tbn2.gstatic.com/images?q=tbn:ANd9GcTYLP3Wchu4VqSlVtBRzI6GxFrKvv3JPCfSCv3pqWRtEZHCYPGaSI78q3h8As-iVAXi929C_Y3Dbgt7jd1kuI2A877ViY-iZEpRDXrgDy8MFVkvyw",
            "source": "Interesting Engineering",
            "source_icon": "https://encrypted-tbn3.gstatic.com/faviconV2?url=https://interestingengineering.com&client=NEWS_360&size=96&type=FAVICON&fallback_opts=TYPE,SIZE,URL",
            "title": "First-of-its-kind model makes wrap drives feasible for space travel"
        },
        {
            "link": "https://news.google.com/articles/CBMiWWh0dHBzOi8vd3d3Lm5lb3dpbi5uZXQvbmV3cy9mb3VyLXRoaW5ncy1hcHBsZS1raWxsZWQtdGhpcy13ZWVrLWFmdGVyLWl0cy1sZXQtbG9vc2UtZXZlbnQv0gFYaHR0cHM6Ly93d3cubmVvd2luLm5ldC9hbXAvZm91ci10aGluZ3MtYXBwbGUta2lsbGVkLXRoaXMtd2Vlay1hZnRlci1pdHMtbGV0LWxvb3NlLWV2ZW50Lw?hl=en-US&gl=US&ceid=US%3Aen",
            "og": "https://encrypted-tbn3.gstatic.com/images?q=tbn:ANd9GcTyc9FcVlxOZazpVPEaoqma4R9k-Iz17VARonBTxojL9Fvcwh0e9qLOkpJ5z-QQm7RP5nv5Lza8hTcKZoAOM7goEBF01k5v8__x_ZoYikmoluAHYQ",
            "source": "Neowin",
            "source_icon": "https://encrypted-tbn1.gstatic.com/faviconV2?url=https://www.neowin.net&client=NEWS_360&size=96&type=FAVICON&fallback_opts=TYPE,SIZE,URL",
            "title": "Four things Apple killed this week after its 'Let Loose' event"
        },
        {
            "link": "https://news.google.com/articles/CBMiPWh0dHBzOi8vd3d3LmJ1enpmZWVkLmNvbS9hYmJ5a2Fzcy9vdmVyY29tZS1hdm9pZGFuY2UtcHJvZHVjdHPSAQA?hl=en-US&gl=US&ceid=US%3Aen",
            "og": "https://encrypted-tbn1.gstatic.com/images?q=tbn:ANd9GcRbLmmg04X-ihsfqiANuXEQkuL5WevUTXbWXwQeeCatQSO-0w3iPC8_YqBpviNvqNUivizys1EmpECAasr_uTtwd-0WlMbi1pP6g4T9LIp2SFHeFg",
            "source": "BuzzFeed",
            "source_icon": "https://encrypted-tbn2.gstatic.com/faviconV2?url=https://www.buzzfeed.com&client=NEWS_360&size=96&type=FAVICON&fallback_opts=TYPE,SIZE,URL",
            "title": "33 Products Will Help You Overcome Tasks You Avoid"
        },
        {
            "link": "https://news.google.com/articles/CBMiR2h0dHBzOi8vd3d3LnZnMjQ3LmNvbS9mYWxsb3V0LTQtbmV4dC1nZW4tdXBkYXRlLWdldHRpbmctZml4ZXMtbmV4dC13ZWVr0gEA?hl=en-US&gl=US&ceid=US%3Aen",
            "og": "https://encrypted-tbn2.gstatic.com/images?q=tbn:ANd9GcTuTkPU2kgLs3B1ekH1zIteY_D8HCGt4_HenIHnYKrxPA9HqIsC1u9Xg2RqlZo0E7t2gaKoPrTVMFQJRq_z9C1id6s0iNJX4EHe-6AhVL54z_ieZg",
            "source": "VG247",
            "source_icon": "https://encrypted-tbn0.gstatic.com/faviconV2?url=https://www.vg247.com&client=NEWS_360&size=96&type=FAVICON&fallback_opts=TYPE,SIZE,URL",
            "title": "Fallout 4's next-gen update is broken, but don't worry, some fixes are coming next week"
        },
        {
            "link": "https://news.google.com/articles/CBMiT2h0dHBzOi8vcm9hZC5jYy9jb250ZW50L3RlY2gtbmV3cy9iaWtlLWxpZ2h0LWdldC15b3Utc2Vlbi01LXRpbWVzLXNvb25lci0zMDgyNzXSAQA?hl=en-US&gl=US&ceid=US%3Aen",
            "og": "https://encrypted-tbn3.gstatic.com/images?q=tbn:ANd9GcTHHaa1uTiSW7gRJ0bx-Wo6wr_cCUhmo5aM9fJnOcsqpT4Ovp97OxAn00Nrr0bSlcLYn1flPUsA4nBnw20d8wywEW6h1rzjq-RjSCW1H8UVaRldpg",
            "source": "road.cc",
            "source_icon": "https://encrypted-tbn2.gstatic.com/faviconV2?url=https://road.cc&client=NEWS_360&size=96&type=FAVICON&fallback_opts=TYPE,SIZE,URL",
            "title": "A bike light that promises to get you seen \"5.5 times sooner\", plus a hologram-powered smart bike, propeller-powered Seabike + loads more tech news from 3T, Oakley, Continental + more"
        },
        {
            "link": "https://news.google.com/articles/CBMihAFodHRwczovL3d3dy5yb2NrcGFwZXJzaG90Z3VuLmNvbS93YXJuZXItYnJvcy1hcmUtcmV0dXJuaW5nLXNvbWUtYWR1bHQtc3dpbS1wdWJsaXNoZWQtc3RlYW0tc3RvcmUtcGFnZXMtdG8tdGhlaXItZGV2ZWxvcGVycy1hZnRlci1hbGzSAQA?hl=en-US&gl=US&ceid=US%3Aen",
            "og": "https://encrypted-tbn1.gstatic.com/images?q=tbn:ANd9GcTtP2le1fuyUAPiTPk8YgDNhxO0yZsCtwD_xiNuRUP9MyYb8H1Wsj7f1Oku987ppg08K49tkDJzvf1zusm8G0r_Z04WY5Apopt7t6kEDKJXoIJbiQ",
            "source": "Rock Paper Shotgun",
            "source_icon": "https://encrypted-tbn3.gstatic.com/faviconV2?url=https://www.rockpapershotgun.com&client=NEWS_360&size=96&type=FAVICON&fallback_opts=TYPE,SIZE,URL",
            "title": "Warner Bros. are returning some Adult Swim-published Steam store pages to their developers after all"
        },
        {
            "link": "https://news.google.com/articles/CBMiQWh0dHBzOi8vd3d3LndpcmVkLmNvbS9zdG9yeS9wZW9wbGUtZG8tbm90LWxpa2UtdGhlLW5ldy1zb25vcy1hcHAv0gEA?hl=en-US&gl=US&ceid=US%3Aen",
            "og": "https://encrypted-tbn2.gstatic.com/images?q=tbn:ANd9GcTN4F9GxgQQkpWKoFx26an6k8eX5eFljHNDp0C6mWfXgqKoOk23jP8f86CmAU404VrQ8qcaNxf0EPMH4Qzbt1v-62XvrVEUew9s8FWUjVK60Z-Baw",
            "source": "WIRED",
            "source_icon": "https://encrypted-tbn2.gstatic.com/faviconV2?url=https://www.wired.com&client=NEWS_360&size=96&type=FAVICON&fallback_opts=TYPE,SIZE,URL",
            "title": "Many People Do Not Like the New Sonos App"
        }
    ],
    "US": [
        {
            "link": "https://news.google.com/articles/CBMiUmh0dHBzOi8vd3d3LmNubi5jb20vMjAyNC8wNS8xMy9wb2xpdGljcy9ib2ItbWVuZW5kZXotd2hhdC10by1rbm93LXRyaWFsL2luZGV4Lmh0bWzSAUtodHRwczovL2FtcC5jbm4uY29tL2Nubi8yMDI0LzA1LzEzL3BvbGl0aWNzL2JvYi1tZW5lbmRlei13aGF0LXRvLWtub3ctdHJpYWw?hl=en-US&gl=US&ceid=US%3Aen",
            "og": "https://encrypted-tbn3.gstatic.com/images?q=tbn:ANd9GcTiKBcWi7d_XRUJh3Mu3pG_aujxiqkZGNtZSL3M6Q_gfasWga8bbSJh-M7cd_RpYOHLM3e9qumoN8GMMZadu3f3XQ-iFmpICyTlD2ZlE8p-wLc5iA",
            "source": "CNN",
            "source_icon": "https://encrypted-tbn2.gstatic.com/faviconV2?url=https://www.cnn.com&client=NEWS_360&size=96&type=FAVICON&fallback_opts=TYPE,SIZE,URL",
            "title": "What to know about New Jersey Democratic Sen. Bob Menendez’s trial"
        },
        {
            "link": "https://news.google.com/articles/CBMib2h0dHBzOi8vYXBuZXdzLmNvbS9hcnRpY2xlL3RydW1wLXRyaWFsLXN0b3JteS1kYW5pZWxzLW1pY2hhZWwtY29oZW4taHVzaC1tb25leS1mOTZkZDcyODljZjk1MjE0NWNkZDY3MzdiMjlhZGQzZNIBAA?hl=en-US&gl=US&ceid=US%3Aen",
            "og": "https://encrypted-tbn0.gstatic.com/images?q=tbn:ANd9GcSIgx5YEGR0-dcmceEfiY-GLGBIwSWJE3QibT_kU8GIzOdSdd-bdEFQNicDW_cLyVw10yGqMKfYlhEVP9gfznh4WEpitfLQ63PLSwLyZ3OakfUW_A",
            "source": "The Associated Press",
            "source_icon": "https://encrypted-tbn2.gstatic.com/faviconV2?url=https://apnews.com&client=NEWS_360&size=96&type=FAVICON&fallback_opts=TYPE,SIZE,URL",
            "title": "Trump hush money trial: Star witness Michael Cohen set to testify"
        },
        {
            "link": "https://news.google.com/articles/CBMiYmh0dHBzOi8vYWJjbmV3cy5nby5jb20vVVMvZW5naW5lZXJzLXNldC1vZmYtZXhwbG9zaXZlcy1mcmFuY2lzLXNjb3R0LWtleS1icmlkZ2Uvc3Rvcnk_aWQ9MTEwMTMyOTcw0gFmaHR0cHM6Ly9hYmNuZXdzLmdvLmNvbS9hbXAvVVMvZW5naW5lZXJzLXNldC1vZmYtZXhwbG9zaXZlcy1mcmFuY2lzLXNjb3R0LWtleS1icmlkZ2Uvc3Rvcnk_aWQ9MTEwMTMyOTcw?hl=en-US&gl=US&ceid=US%3Aen",
            "og": "https://encrypted-tbn1.gstatic.com/images?q=tbn:ANd9GcR5iDCJoZdCle0EUg25lRAM3nlezEl0payGtsJx5DPaOUiMUQNoBcSHoEzw6C4bm_X6tf41OGbzfFi2N2niNYAkoyDadXKS0ZiwPv-qOMtUi097Lw",
            "source": "ABC News",
            "source_icon": "https://encrypted-tbn3.gstatic.com/faviconV2?url=https://abcnews.go.com&client=NEWS_360&size=96&type=FAVICON&fallback_opts=TYPE,SIZE,URL",
            "title": "Removal of Francis Scott Key Bridge wreckage rescheduled due to lightning"
        },
        {
            "link": "https://news.google.com/articles/CBMibmh0dHBzOi8vd3d3LmluZGVwZW5kZW50LmNvLnVrL2FydHMtZW50ZXJ0YWlubWVudC90di9uZXdzL2plcnJ5LXNlaW5mZWxkLXNwZWVjaC1wcm90ZXN0LXBhbGVzdGluZS1iMjU0Mzk1My5odG1s0gEA?hl=en-US&gl=US&ceid=US%3Aen",
            "og": "https://encrypted-tbn2.gstatic.com/images?q=tbn:ANd9GcS-7HemhMkfQmu8jJZ3vIOVLdsBfgM071_GXEGc03PZtczSc5oG35Sf20kdaMcKc6XmCcu5dHmNZjWNNfPKond70ycVwdNkH7Rvtx81dFoKKUTlFA",
            "source": "The Independent",
            "source_icon": "https://encrypted-tbn1.gstatic.com/faviconV2?url=https://www.independent.co.uk&client=NEWS_360&size=96&type=FAVICON&fallback_opts=TYPE,SIZE,URL",
            "title": "Jerry Seinfeld: University students stage walkout over comedian’s Israel support"
        },
        {
            "link": "https://news.google.com/articles/CBMidGh0dHBzOi8vbnlwb3N0LmNvbS8yMDI0LzA1LzEzL3VzLW5ld3MvYW50b255LWJsaW5rZW4tZGVsaXZlcnMtc3Ryb25nZXN0LXB1YmxpYy1yZWJ1a2Utb2YtaXNyYWVsLXlldC1nZXQtb3V0LW9mLWdhemEv0gF4aHR0cHM6Ly9ueXBvc3QuY29tLzIwMjQvMDUvMTMvdXMtbmV3cy9hbnRvbnktYmxpbmtlbi1kZWxpdmVycy1zdHJvbmdlc3QtcHVibGljLXJlYnVrZS1vZi1pc3JhZWwteWV0LWdldC1vdXQtb2YtZ2F6YS9hbXAv?hl=en-US&gl=US&ceid=US%3Aen",
            "og": "https://encrypted-tbn2.gstatic.com/images?q=tbn:ANd9GcQ_XI_SlROhzjNTV-NxK0Y7lBLfp9fsite_kQ4Emdc2lCJofjYJgtloHKOj1eBtIOdOUh5UzUCMpDGNwTSdQzlfZJHdmfBHnEMkgzyf1Uh-lvIU5w",
            "source": "New York Post",
            "source_icon": "https://encrypted-tbn3.gstatic.com/faviconV2?url=https://nypost.com&client=NEWS_360&size=96&type=FAVICON&fallback_opts=TYPE,SIZE,URL",
            "title": "Blinken delivers strongest public rebuke of Israel yet: 'Get out of Gaza'"
        },
        {
            "link": "https://news.google.com/articles/CBMiVWh0dHBzOi8vZm94OC5jb20vbmV3cy9oZS1pcy1teS1oZXJvLW1vdGhlci1vZi1mYWxsZW4tZXVjbGlkLW9mZmljZXItc3BlYWtzLWFib3V0LXNvbi_SAVlodHRwczovL2ZveDguY29tL25ld3MvaGUtaXMtbXktaGVyby1tb3RoZXItb2YtZmFsbGVuLWV1Y2xpZC1vZmZpY2VyLXNwZWFrcy1hYm91dC1zb24vYW1wLw?hl=en-US&gl=US&ceid=US%3Aen",
            "og": "https://encrypted-tbn2.gstatic.com/images?q=tbn:ANd9GcSHPOaKkeUM7486o1o2iRioNjLsX04wU123C4lPleO0_JNmv01nHLORnY16ZUEFeqM",
            "source": "WJW FOX 8 News Cleveland",
            "source_icon": "https://encrypted-tbn3.gstatic.com/faviconV2?url=https://fox8.com&client=NEWS_360&size=96&type=FAVICON&fallback_opts=TYPE,SIZE,URL",
            "title": "‘He is my hero’: Mother of fallen Euclid officer speaks about son"
        },
        {
            "link": "https://news.google.com/articles/CBMiT2h0dHBzOi8vd3d3Lm5wci5vcmcvMjAyNC8wNS8xMi8xMjUwODM1MTEzL3BpZy1raWRuZXktdHJhbnNwbGFudC1yaWNoYXJkLXNsYXltYW7SAQA?hl=en-US&gl=US&ceid=US%3Aen",
            "og": "https://encrypted-tbn3.gstatic.com/images?q=tbn:ANd9GcRl0HIaKCsjP7WrBDMywtOvkl_EJb4IiBumCB57_RghhOO7QwZkhHiCIr5Qnp3K9TwcBzBoWbt4pO3E7fXqrc00_l5U55q7BAGE3J8Wz8480nG_cw",
            "source": "NPR",
            "source_icon": "https://encrypted-tbn1.gstatic.com/faviconV2?url=https://www.npr.org&client=NEWS_360&size=96&type=FAVICON&fallback_opts=TYPE,SIZE,URL",
            "title": "The first person to receive a genetically modified pig kidney transplant has died"
        },
        {
            "link": "https://news.google.com/articles/CBMijgFodHRwczovL3d3dy5sYXRpbWVzLmNvbS9jYWxpZm9ybmlhL3N0b3J5LzIwMjQtMDUtMTIvYWZ0ZXItcHJvdGVzdGVycy1zZXQtdXAtY2FtcC1vbi1zdGFnZS1wb21vbmEtY29sbGVnZS1tb3ZlZC1jZXJlbW9ueS1kZW1vbnN0cmF0b3JzLWZvbGxvd2Vk0gEA?hl=en-US&gl=US&ceid=US%3Aen",
            "og": "https://encrypted-tbn0.gstatic.com/images?q=tbn:ANd9GcQ8hs4dCe-8r8SvzNoIMKAGcJae5HLnBuzqmMi1XwNE_pqjc2EgQUfe4bz5VzUx-78WNtyzp9Hl7IJRnmtAZobBgf2IeUsbvhpsg8Z257GPkUn_RA",
            "source": "Los Angeles Times",
            "source_icon": "https://encrypted-tbn1.gstatic.com/faviconV2?url=https://www.latimes.com&client=NEWS_360&size=96&type=FAVICON&fallback_opts=TYPE,SIZE,URL",
            "title": "Pomona College moved graduation to Shrine, and protesters followed"
        },
        {
            "link": "https://news.google.com/articles/CBMic2h0dHBzOi8vd3d3LmNiczE3LmNvbS9uZXdzL2xvY2FsLW5ld3Mvc3RpbGwtY2hhbmNlcy10by12aWV3LW5vcnRoZXJuLWxpZ2h0cy1zdW5kYXktbmlnaHQtaW4tY2VudHJhbC1ub3J0aC1jYXJvbGluYS_SAQA?hl=en-US&gl=US&ceid=US%3Aen",
            "og": "https://encrypted-tbn3.gstatic.com/images?q=tbn:ANd9GcTtkueR-jTOmo1fnEfUQxLrklrormFE9gCvOvvHNyYUNUaKm9uODWHHqFWGAJAby4tdgeK3Pb_pTy9B8Wczx6kv7bUtUx_A5qpoEgp4wv2gg-JFDw",
            "source": "CBS17.com",
            "source_icon": "https://encrypted-tbn1.gstatic.com/faviconV2?url=https://www.cbs17.com&client=NEWS_360&size=96&type=FAVICON&fallback_opts=TYPE,SIZE,URL",
            "title": "Still chances to view Northern Lights Sunday night in central North Carolina"
        },
        {
            "link": "https://news.google.com/articles/CBMic2h0dHBzOi8vd3d3LmluZGVwZW5kZW50LmNvLnVrL25ld3Mvd29ybGQvYW1lcmljYXMvdXMtcG9saXRpY3MvZG9uYWxkLXRydW1wLW5ldy1qZXJzZXktYmlkZW4tZmF0LWFsdmluLWIyNTQzNzIzLmh0bWzSAQA?hl=en-US&gl=US&ceid=US%3Aen",
            "og": "https://encrypted-tbn2.gstatic.com/images?q=tbn:ANd9GcQ8e42qxYzJXRer9fX2sG-QIBNSd5tUNGCOry-K-lRZLM-zFetS1R9C3nYSA3DxWrBQ6L2jXXUYbK4U02hG--Mw16wZ",
            "source": "The Independent",
            "source_icon": "https://encrypted-tbn1.gstatic.com/faviconV2?url=https://www.independent.co.uk&client=NEWS_360&size=96&type=FAVICON&fallback_opts=TYPE,SIZE,URL",
            "title": "Trump gets nasty in New Jersey, dubs Biden a 'total moron' and DA Bragg 'fat Alvin'"
        },
        {
            "link": "https://news.google.com/articles/CBMicWh0dHBzOi8vYWJjbmV3cy5nby5jb20vSW50ZXJuYXRpb25hbC9zbW9rZS1jYW5hZGlhbi13aWxkZmlyZXMtcmVhY2hlcy11cy1taW5uZXNvdGEtYWlyLXF1YWxpdHkvc3Rvcnk_aWQ9MTEwMTQ5OTI50gF1aHR0cHM6Ly9hYmNuZXdzLmdvLmNvbS9hbXAvSW50ZXJuYXRpb25hbC9zbW9rZS1jYW5hZGlhbi13aWxkZmlyZXMtcmVhY2hlcy11cy1taW5uZXNvdGEtYWlyLXF1YWxpdHkvc3Rvcnk_aWQ9MTEwMTQ5OTI5?hl=en-US&gl=US&ceid=US%3Aen",
            "og": "https://encrypted-tbn1.gstatic.com/images?q=tbn:ANd9GcROkWnXCCVAsinvHtqbMkX0AAn-n9Rsc_aMJ-HscOv0MIb1_LEh7NKXsozDnZbKxcobt6jnqJqAwn5I-3n1nDuQOyzZZ3UXhTLeauIkd98-Qe1zgA",
            "source": "ABC News",
            "source_icon": "https://encrypted-tbn3.gstatic.com/faviconV2?url=https://abcnews.go.com&client=NEWS_360&size=96&type=FAVICON&fallback_opts=TYPE,SIZE,URL",
            "title": "Smoke from Canadian wildfires reaches US, Minnesota under air quality alert"
        },
        {
            "link": "https://news.google.com/articles/CBMiUmh0dHBzOi8vd3d3LmZveG5ld3MuY29tL3VzL2FsYWJhbWEtcGFydHktc2hvb3RpbmctbGVhdmVzLTMtZGVhZC1vdmVyLWRvemVuLWluanVyZWTSAVZodHRwczovL3d3dy5mb3huZXdzLmNvbS91cy9hbGFiYW1hLXBhcnR5LXNob290aW5nLWxlYXZlcy0zLWRlYWQtb3Zlci1kb3plbi1pbmp1cmVkLmFtcA?hl=en-US&gl=US&ceid=US%3Aen",
            "og": "https://encrypted-tbn3.gstatic.com/images?q=tbn:ANd9GcRSO7_b9X9IH7H8xQgIy8ecbPnHiUdYnFThlZn638KiUyKXLKD5ecGqlqV4ZcYsjDD8GqoCAg6Zo7RNMHTD-MrDbROmiJCqqd8_tYWxMSAoF7eh5w",
            "source": "Fox News",
            "source_icon": "https://encrypted-tbn3.gstatic.com/faviconV2?url=https://www.foxnews.com&client=NEWS_360&size=96&type=FAVICON&fallback_opts=TYPE,SIZE,URL",
            "title": "Alabama party shooting leaves 3 dead, over a dozen injured"
        },
        {
            "link": "https://news.google.com/articles/CBMikwFodHRwczovL3R1cm50bzEwLmNvbS9uZXdzL2xvY2FsL2JlbGxpbmdoYW0tMTYteWVhci1vbGQtZGVhZC1pbi1ub3J0aGJvcm91Z2gtaG91c2UtcGFydHktZGlzdHJpY3Qtd29yY2VzdGVyLWNvdW50eS1hdHRvcm5leS1qb3NlcGgtZWFybHktbWF5LTEyLTIwMjTSAZcBaHR0cHM6Ly90dXJudG8xMC5jb20vYW1wL25ld3MvbG9jYWwvYmVsbGluZ2hhbS0xNi15ZWFyLW9sZC1kZWFkLWluLW5vcnRoYm9yb3VnaC1ob3VzZS1wYXJ0eS1kaXN0cmljdC13b3JjZXN0ZXItY291bnR5LWF0dG9ybmV5LWpvc2VwaC1lYXJseS1tYXktMTItMjAyNA?hl=en-US&gl=US&ceid=US%3Aen",
            "og": "https://encrypted-tbn1.gstatic.com/images?q=tbn:ANd9GcQVRhE8B41aZXAQJu06M_MRe8VS0UulmKzBzywTYNyKWpWNytY6_WGGdxpUhCdQ_IsNSZmTst6O1NGWxhKF_EmV1yOUgzfVyeBfyMKcjY4Fujy18g",
            "source": "Turn to 10",
            "source_icon": "https://encrypted-tbn0.gstatic.com/faviconV2?url=https://turnto10.com&client=NEWS_360&size=96&type=FAVICON&fallback_opts=TYPE,SIZE,URL",
            "title": "Bellingham 16-year-old shot dead at Northborough house party"
        },
        {
            "link": "https://news.google.com/articles/CBMiWmh0dHBzOi8vd3d3Lmtob24yLmNvbS9sb2NhbC1uZXdzL253cy1lc3RhYmxpc2hlcy1mbGFzaC1mbG9vZC1hZHZpc29yeS1mb3ItaG9ub2x1bHUtY291bnR5L9IBXmh0dHBzOi8vd3d3Lmtob24yLmNvbS9sb2NhbC1uZXdzL253cy1lc3RhYmxpc2hlcy1mbGFzaC1mbG9vZC1hZHZpc29yeS1mb3ItaG9ub2x1bHUtY291bnR5L2FtcC8?hl=en-US&gl=US&ceid=US%3Aen",
            "og": "https://encrypted-tbn3.gstatic.com/images?q=tbn:ANd9GcQkKQcK58MFfdJnO5MVg4X5cKUE7bx_MfBe7voUNGv6pXD0krMtDLdlTj_ciJYAMAakUwhaa0HjVyGSvQKgULx6tij0eOAUXUB1EYiVtsIljsLrPg",
            "source": "KHON2",
            "source_icon": "https://encrypted-tbn2.gstatic.com/faviconV2?url=https://www.khon2.com&client=NEWS_360&size=96&type=FAVICON&fallback_opts=TYPE,SIZE,URL",
            "title": "Statewide flood watch for expected Kona Low"
        },
        {
            "link": "https://news.google.com/articles/CBMiRWh0dHBzOi8vd3d3LmJhbHRpbW9yZXN1bi5jb20vMjAyNC8wNS8xMi9qb2hucy1ob3BraW5zLWVuY2FtcG1lbnQtZW5kL9IBAA?hl=en-US&gl=US&ceid=US%3Aen",
            "og": "https://encrypted-tbn3.gstatic.com/images?q=tbn:ANd9GcTdEqHMgdXDSrC0DywMz8b1gmygTn1fxAezmjbSNJFqx1zyUl4aAS3oAoj-G6CMAHuC6iDvyt09CFdfH2zqGpCZyWLm",
            "source": "Baltimore Sun",
            "source_icon": "https://encrypted-tbn0.gstatic.com/faviconV2?url=https://www.baltimoresun.com&client=NEWS_360&size=96&type=FAVICON&fallback_opts=TYPE,SIZE,URL",
            "title": "The Johns Hopkins encampment is being disbanded"
        },
        {
            "link": "https://news.google.com/articles/CBMiQGh0dHBzOi8vd3d3Lnd0YWUuY29tL2FydGljbGUvZmlubGV5dmlsbGUtdG9ybmFkby1kYW1hZ2UvNjA3Njg0NzXSAQA?hl=en-US&gl=US&ceid=US%3Aen",
            "og": "https://encrypted-tbn2.gstatic.com/images?q=tbn:ANd9GcRcx1q-BNPoc2ZWfVnGj4CtVvsgDkkGMH287YUfJ1x22QUpX4xi8KJNNBp5DA72KertsZDjBBbb-tvJrMfoY0T7",
            "source": "WTAE Pittsburgh",
            "source_icon": "https://encrypted-tbn1.gstatic.com/faviconV2?url=https://www.wtae.com&client=NEWS_360&size=96&type=FAVICON&fallback_opts=TYPE,SIZE,URL",
            "title": "Finleyville tornado may have been EF2, NWS says"
        },
        {
            "link": "https://news.google.com/articles/CBMiR2h0dHBzOi8vd3d3Lm55dGltZXMuY29tLzIwMjQvMDUvMTIvdXMvZG9uYWxkLXRydW1wLWhhbm5pYmFsLWxlY3Rlci5odG1s0gEA?hl=en-US&gl=US&ceid=US%3Aen",
            "og": "https://encrypted-tbn1.gstatic.com/images?q=tbn:ANd9GcSIcWLB9NRm1FqA-bEGGQClclkJqAiUr__6EQZGlQp2PQgoy7o1qQPOMlkGI2NsamcOZhOSkX0isrnxyACxbWTcrXJJnpuD3uWfVf0nEJJ-a9rq0g",
            "source": "The New York Times",
            "source_icon": "https://encrypted-tbn2.gstatic.com/faviconV2?url=https://www.nytimes.com&client=NEWS_360&size=96&type=FAVICON&fallback_opts=TYPE,SIZE,URL",
            "title": "Trump, Bashing Migrants, Likens Them to Hannibal Lecter, Movie Cannibal"
        },
        {
            "link": "https://news.google.com/articles/CBMiiAFodHRwczovL3d3dy5kaXNwYXRjaC5jb20vc3RvcnkvbmV3cy9jcmltZS8yMDI0LzA1LzEyL2FjdGl2ZS1zaG9vdGVyLWNvbHVtYnVzLW9oaW8tYW1hem9uLXBvbGljZS1vZmZpY2VyLXNob3QtbWFkaXNvbi1jb3VudHkvNzM2NjYxMDMwMDcv0gEA?hl=en-US&gl=US&ceid=US%3Aen",
            "og": "https://encrypted-tbn1.gstatic.com/images?q=tbn:ANd9GcR1N2SC7WN6Yh6rgniXM7Vmqn4bby5AYYIFbm6Omc9LBHiLAkt7018CcSZsWndaYfW4eI-cb2MC_XGsZYxod4p7mbvwnzaI8aDcMCMqXQ3KKZhqFQ",
            "source": "The Columbus Dispatch",
            "source_icon": "https://encrypted-tbn0.gstatic.com/faviconV2?url=https://www.dispatch.com&client=NEWS_360&size=96&type=FAVICON&fallback_opts=TYPE,SIZE,URL",
            "title": "Suspected Amazon shooter killed by Columbus police; officer shot in vest"
        },
        {
            "link": "https://news.google.com/articles/CBMikgFodHRwczovL3d3dy50YWxsYWhhc3NlZS5jb20vc3RvcnkvbmV3cy9sb2NhbC8yMDI0LzA1LzEyL3RhbGxhaGFzc2VlLXRvcm5hZG8tdXBkYXRlcy0zMDAwMC1zdGlsbC1vdXQtb2YtcG93ZXItY2xlYW51cC1jb250aW51ZXMtb3V0YWdlLzczNjU4MDEwMDA3L9IBAA?hl=en-US&gl=US&ceid=US%3Aen",
            "og": "https://encrypted-tbn3.gstatic.com/images?q=tbn:ANd9GcSBpVmSNXPk6B5IQGYE_tQMQlu6WBBYMew_9U3UAIAe4GT1A_O_z8wb0KaFfQSopOuMpOMx5GhgW6LQSHX4DZmCa4njd35o2_DCROoSjCBn7eeDhw",
            "source": "Tallahassee Democrat",
            "source_icon": "https://encrypted-tbn2.gstatic.com/faviconV2?url=https://www.tallahassee.com&client=NEWS_360&size=96&type=FAVICON&fallback_opts=TYPE,SIZE,URL",
            "title": "Tallahassee tornado updates: 30,000 still out of power; cleanup continues"
        },
        {
            "link": "https://news.google.com/articles/CBMiZGh0dHBzOi8vMTN3aGFtLmNvbS9uZXdzL2xvY2FsL3JvY2hlc3Rlci1wb2xpY2Utb2ZmaWNlci1pbnZvbHZlZC1pbi1tdWx0aS12ZWhpY2xlLWNyYXNoLW9uLWpheS1zdHJlZXTSAWhodHRwczovLzEzd2hhbS5jb20vYW1wL25ld3MvbG9jYWwvcm9jaGVzdGVyLXBvbGljZS1vZmZpY2VyLWludm9sdmVkLWluLW11bHRpLXZlaGljbGUtY3Jhc2gtb24tamF5LXN0cmVldA?hl=en-US&gl=US&ceid=US%3Aen",
            "og": "https://encrypted-tbn0.gstatic.com/images?q=tbn:ANd9GcQVe563zooRUv_EFhkPaDPGKeSjJZA_x2L5Oh8Bk1xcgzmBVCKzkn9-l4C2CWAZ611IEhRzkj3z3lgsCnMIk49Qx_ZOq8pv3TnwmVM4ueBG1JrsyQ",
            "source": "13WHAM-TV",
            "source_icon": "https://encrypted-tbn3.gstatic.com/faviconV2?url=https://13wham.com&client=NEWS_360&size=96&type=FAVICON&fallback_opts=TYPE,SIZE,URL",
            "title": "RPD car hit on Jay Street; second RPD crash within a day"
        },
        {
            "link": "https://news.google.com/articles/CBMiXmh0dHBzOi8vd3d3LmZveDEwcGhvZW5peC5jb20vbmV3cy9pLTE3LWNsb3N1cmUtaW4tbm9ydGgtcGhvZW5peC1jYXVzZXMtbWFzc2l2ZS10cmFmZmljLWJhY2t1cHPSAWJodHRwczovL3d3dy5mb3gxMHBob2VuaXguY29tL25ld3MvaS0xNy1jbG9zdXJlLWluLW5vcnRoLXBob2VuaXgtY2F1c2VzLW1hc3NpdmUtdHJhZmZpYy1iYWNrdXBzLmFtcA?hl=en-US&gl=US&ceid=US%3Aen",
            "og": "https://encrypted-tbn1.gstatic.com/images?q=tbn:ANd9GcRfce9uHXQ27-PJyu9YCoLtWHrtPibc5OCNtdB31Gbzo65C6FDg6SnOGR9JmCcmPBt3ZdgUkvf_QWQJk9f_C3dO6m_6qMcV6lzmlSotDVVIJ_kMpw",
            "source": "FOX 10 News Phoenix",
            "source_icon": "https://encrypted-tbn1.gstatic.com/faviconV2?url=https://www.fox10phoenix.com&client=NEWS_360&size=96&type=FAVICON&fallback_opts=TYPE,SIZE,URL",
            "title": "I-17 closure in north Phoenix causes massive traffic backups"
        },
        {
            "link": "https://news.google.com/articles/CBMiU2h0dHBzOi8vd3d3LmZveG5ld3MuY29tL3VzL3ZjdS1zdHVkZW50cy13YWxrLW91dC1nbGVubi15b3VuZ2tpbi1jb21tZW5jZW1lbnQtc3BlZWNo0gFXaHR0cHM6Ly93d3cuZm94bmV3cy5jb20vdXMvdmN1LXN0dWRlbnRzLXdhbGstb3V0LWdsZW5uLXlvdW5na2luLWNvbW1lbmNlbWVudC1zcGVlY2guYW1w?hl=en-US&gl=US&ceid=US%3Aen",
            "og": "https://encrypted-tbn3.gstatic.com/images?q=tbn:ANd9GcSUZFHVDHPPKSQwI3fwff_HJ_8JU1J4kzJzJFU_nfJDfZVA3yI1-ZCUHQKlw9GaXQtEKUOW2OPLoq7WNTvpUP7K47LOPcvQsnxSHYVTUUcRrm-ncQ",
            "source": "Fox News",
            "source_icon": "https://encrypted-tbn3.gstatic.com/faviconV2?url=https://www.foxnews.com&client=NEWS_360&size=96&type=FAVICON&fallback_opts=TYPE,SIZE,URL",
            "title": "VCU students walk out of Gov Youngkin's commencement speech"
        },
        {
            "link": "https://news.google.com/articles/CBMipgFodHRwczovL3d3dy53ZHJiLmNvbS9uZXdzL2NyaW1lLXJlcG9ydHMvd2hlbi1pcy1pdC1nb2luZy10by1zdG9wLTUtcGVvcGxlLWtpbGxlZC1pbi1zaG9vdGluZ3Mtb24tbW90aGVycy1kYXktd2Vla2VuZC9hcnRpY2xlXzU5MGVmY2I2LTEwYjYtMTFlZi05N2VhLTIzM2E2MjJhNDgyYS5odG1s0gEA?hl=en-US&gl=US&ceid=US%3Aen",
            "og": "https://encrypted-tbn0.gstatic.com/images?q=tbn:ANd9GcTRZYEr7FltkSfB4VGnqXm6FnT627k-_sRWBF42EyqLLEx3Hsbf5ePb3vL_MH6bRGsVHHc3iYIbjsii0um2JEndmMM1uYxc6Bt5evE4cf-hoxdE1g",
            "source": "WDRB",
            "source_icon": "https://encrypted-tbn2.gstatic.com/faviconV2?url=https://www.wdrb.com&client=NEWS_360&size=96&type=FAVICON&fallback_opts=TYPE,SIZE,URL",
            "title": "'When is it going to stop' | 5 people killed in shootings on Mother's Day weekend in Louisville"
        },
        {
            "link": "https://news.google.com/articles/CBMiV2h0dHBzOi8vd3d3LmZveHdlYXRoZXIuY29tL3dlYXRoZXItbmV3cy9zb3V0aC1zZXZlcmUtd2VhdGhlci1mbG9vZGluZy1mb3JlY2FzdC1tYXktMjAyNNIBW2h0dHBzOi8vd3d3LmZveHdlYXRoZXIuY29tL3dlYXRoZXItbmV3cy9zb3V0aC1zZXZlcmUtd2VhdGhlci1mbG9vZGluZy1mb3JlY2FzdC1tYXktMjAyNC5hbXA?hl=en-US&gl=US&ceid=US%3Aen",
            "og": "https://encrypted-tbn0.gstatic.com/images?q=tbn:ANd9GcRgHHc-yRKSe6HC84F-qmPEm3FCzl76sOIS9moz5h3os7-qTwX6tj0c7UVCm-MCGjGJhiv7h4RO6uOZwZo1KkzkX2sSMFlniQmRi6IJQgpmz30-JQ",
            "source": "Fox Weather",
            "source_icon": "https://encrypted-tbn3.gstatic.com/faviconV2?url=https://www.foxweather.com&client=NEWS_360&size=96&type=FAVICON&fallback_opts=TYPE,SIZE,URL",
            "title": "Millions brace for severe weather, 75 mph gusts and hen egg size hail Monday"
        },
        {
            "link": "https://news.google.com/articles/CBMidWh0dHBzOi8vd3d3LndyYWwuY29tL3N0b3J5L2plcnJ5LXNlaW5maWVsZC10by1zcGVhay10by1uZWFybHktNy0wMDAtZ3JhZHVhdGVzLWF0LWR1a2UtY29tbWVuY2VtZW50LWNlcmVtb255LzIxNDI3MzQxL9IBImh0dHBzOi8vd3d3LndyYWwuY29tL2FtcC8yMTQyNzM0MS8?hl=en-US&gl=US&ceid=US%3Aen",
            "og": "https://encrypted-tbn0.gstatic.com/images?q=tbn:ANd9GcTBqD7B6Xgp3luENPWePgoaLa-fToVbxlAMJbn0yFRdQOHCm4IIbeOIJ_kW6mL0XRjgk_B-BnqzxbqGbsqa7Hdy5Kuw_ic6dwYBHDgrmKMok2bU5w",
            "source": "WRAL News",
            "source_icon": "https://encrypted-tbn2.gstatic.com/faviconV2?url=https://www.wral.com&client=NEWS_360&size=96&type=FAVICON&fallback_opts=TYPE,SIZE,URL",
            "title": "'Just swing the bat and pray': Seinfeld shares 3 keys to life with nearly 7,000 graduating Duke students"
        },
        {
            "link": "https://news.google.com/articles/CBMiUGh0dHBzOi8vd3d3Lndhc2hpbmd0b25wb3N0LmNvbS93ZWF0aGVyLzIwMjQvMDUvMTIvZGMtZm9yZWNhc3QtbW9uZGF5LXN1bm55LXdhcm0v0gEA?hl=en-US&gl=US&ceid=US%3Aen",
            "og": "https://encrypted-tbn3.gstatic.com/images?q=tbn:ANd9GcS0XkDSQq0g2g2bTvBbnckoRX_93Mq7yCGFVF-CYml5R2x_TGfH_VpHC99wFB5Cv69fRE110PsbERspga0xfamx-Xx9-ihEvg3_ZDWfWbGnOPWIbw",
            "source": "The Washington Post",
            "source_icon": "https://encrypted-tbn3.gstatic.com/faviconV2?url=https://www.washingtonpost.com&client=NEWS_360&size=96&type=FAVICON&fallback_opts=TYPE,SIZE,URL",
            "title": "PM Update: Dry by dark Sunday, then a sunny, warm Monday"
        },
        {
            "link": "https://news.google.com/articles/CBMicmh0dHBzOi8vYXBuZXdzLmNvbS9hcnRpY2xlL3NjaG9vbC1zYWZldHktZ3Vucy1hcnRpZmljaWFsLWludGVsbGlnZW5jZS1sZWdpc2xhdGlvbi0zMzZiOWVjMzRkZjUzOGQ5M2Q0ZjA2ZTM0YjExYzliMdIBAA?hl=en-US&gl=US&ceid=US%3Aen",
            "og": "https://encrypted-tbn3.gstatic.com/images?q=tbn:ANd9GcQlbKrlO8mTWK4xfU1oWj1UIwjT-S9AU80P3v7bATASUkcadvDb970aZnnrY_ib95NAFuLFaW6nwHsaRwk7DK7ex85o-1Ts2tRlCfleaJFjKh7_lg",
            "source": "The Associated Press",
            "source_icon": "https://encrypted-tbn2.gstatic.com/faviconV2?url=https://apnews.com&client=NEWS_360&size=96&type=FAVICON&fallback_opts=TYPE,SIZE,URL",
            "title": "Schools turn to artificial intelligence to spot guns as companies press lawmakers for state funds"
        },
        {
            "link": "https://news.google.com/articles/CBMib2h0dHBzOi8vd3d3LmluZGVwZW5kZW50LmNvLnVrL25ld3Mvd29ybGQvYW1lcmljYXMvdXMtcG9saXRpY3MvdHJ1bXAtYnVyZ3VtLWhhbGV5LW5ldy1qZXJzZXktcmFsbHktYjI1NDM3MTQuaHRtbNIBAA?hl=en-US&gl=US&ceid=US%3Aen",
            "og": "https://encrypted-tbn0.gstatic.com/images?q=tbn:ANd9GcRob09z6FhaZBEdfN6PjONwKKOnrPIait-wQDHRe99BC-Sxxqz4XC81TmrsoP201K-OvemM-BOox6z-vHDJsMtLfuPrjVveZl6jXe6R",
            "source": "The Independent",
            "source_icon": "https://encrypted-tbn1.gstatic.com/faviconV2?url=https://www.independent.co.uk&client=NEWS_360&size=96&type=FAVICON&fallback_opts=TYPE,SIZE,URL",
            "title": "Potential VP pick flies with Trump to wild Jersey rally after he nixed another"
        },
        {
            "link": "https://news.google.com/articles/CBMiywFodHRwczovL3d3dy5sb2NhbDEyLmNvbS9uZXdzL25hdGlvbi13b3JsZC9hbnRpLWlzcmFlbC1kZW1vbnN0cmF0b3JzLWdhdGhlci1hZnRlci11dC1hdXN0aW4tY29tbWVuY2VtZW50LWNlcmVtb255LXVuaXZlcnNpdHktb2YtdGV4YXMtYXQtYXVzdGluLWRlcGFydG1lbnQtb2YtcHVibGljLXNhZmV0eS1kcHMtaXNyYWVsLWhhbWFzLXdhci1taWRkbGUtZWFzdNIBywFodHRwczovL2xvY2FsMTIuY29tL2FtcC9uZXdzL25hdGlvbi13b3JsZC9hbnRpLWlzcmFlbC1kZW1vbnN0cmF0b3JzLWdhdGhlci1hZnRlci11dC1hdXN0aW4tY29tbWVuY2VtZW50LWNlcmVtb255LXVuaXZlcnNpdHktb2YtdGV4YXMtYXQtYXVzdGluLWRlcGFydG1lbnQtb2YtcHVibGljLXNhZmV0eS1kcHMtaXNyYWVsLWhhbWFzLXdhci1taWRkbGUtZWFzdA?hl=en-US&gl=US&ceid=US%3Aen",
            "og": "https://encrypted-tbn2.gstatic.com/images?q=tbn:ANd9GcTlDN-Jvxec-aXf-AtMvrkWZABpbP7JJEgz9jNgzMWK5pcYP1s0WzSsmBXxfoTcBlTIIXOt93h6p5gA8h5zgPWROhIBzzckN2hM7RaC2nIB3v5mqw",
            "source": "WKRC TV Cincinnati",
            "source_icon": "https://encrypted-tbn0.gstatic.com/faviconV2?url=https://www.local12.com&client=NEWS_360&size=96&type=FAVICON&fallback_opts=TYPE,SIZE,URL",
            "title": "Anti-Israel demonstrators gather after UT Austin commencement"
        },
        {
            "link": "https://news.google.com/articles/CBMizgFodHRwczovL2xvY2FsMTIuY29tL25ld3MvbmF0aW9uLXdvcmxkL2tlbnR1Y2t5LWdvdmVybm9yLWRpc2N1c3Nlcy1uZXh0LXN0ZXBzLXJlZ2FyZGluZy1tZWRpY2FsLW1hcmlqdWFuYS11c2FnZS13ZWVkLWd1bW1pZXMtZGVsdGEtOC1kZWx0YS05LWVkaWJsZXMtcmVjcmVhdGlvbmFsLWhlYWx0aC1hbmR5LWJlc2hlYXItZHJ1Zy1yZWNsYXNzaWZpY2F0aW9uLWRlYdIB0gFodHRwczovL2xvY2FsMTIuY29tL2FtcC9uZXdzL25hdGlvbi13b3JsZC9rZW50dWNreS1nb3Zlcm5vci1kaXNjdXNzZXMtbmV4dC1zdGVwcy1yZWdhcmRpbmctbWVkaWNhbC1tYXJpanVhbmEtdXNhZ2Utd2VlZC1ndW1taWVzLWRlbHRhLTgtZGVsdGEtOS1lZGlibGVzLXJlY3JlYXRpb25hbC1oZWFsdGgtYW5keS1iZXNoZWFyLWRydWctcmVjbGFzc2lmaWNhdGlvbi1kZWE?hl=en-US&gl=US&ceid=US%3Aen",
            "og": "https://encrypted-tbn0.gstatic.com/images?q=tbn:ANd9GcQTjBZkWOKILrakUoc5VWi0cIsBw0udRpNqE45-HwDiVtv45T8p9OkBQ7Xr_5W0v3LIDMcvepyE_2RZn4Ktay1Y9QK-dB47uvWPMzbiT3_SBA_tjg",
            "source": "WKRC TV Cincinnati",
            "source_icon": "https://encrypted-tbn1.gstatic.com/faviconV2?url=https://local12.com&client=NEWS_360&size=96&type=FAVICON&fallback_opts=TYPE,SIZE,URL",
            "title": "Kentucky governor discusses next steps regarding medical marijuana usage"
        },
        {
            "link": "https://news.google.com/articles/CBMiTWh0dHBzOi8vd3d3Lm5ld3N3ZWVrLmNvbS9iZXJuaWUtc2FuZGVycy1pc3N1ZXMtc2NhdGhpbmctcmVidWtlLWlzcmFlbC0xODk5NjU50gEA?hl=en-US&gl=US&ceid=US%3Aen",
            "og": "https://encrypted-tbn3.gstatic.com/images?q=tbn:ANd9GcRCpAYESTBXsDx6X_tVPg-s09caog7m0DSRZXi4tw_q69u4MpUSBfEr9qnn-qmcpnE2ZWTw7f320NicBruGvjcOqulS6RcM9FFL0kTsf1nZFuvDbw",
            "source": "Newsweek",
            "source_icon": "https://encrypted-tbn3.gstatic.com/faviconV2?url=https://www.newsweek.com&client=NEWS_360&size=96&type=FAVICON&fallback_opts=TYPE,SIZE,URL",
            "title": "Bernie Sanders Issues Scathing Rebuke of Israel"
        },
        {
            "link": "https://news.google.com/articles/CBMicWh0dHBzOi8vdGhlaGlsbC5jb20vcmVndWxhdGlvbi9jb3VydC1iYXR0bGVzLzQ2NTg1MTgtbWFyeS10cnVtcC1hYnN1cmQtdG8tdGhpbmstdHJ1bXAtd291bGQtd2lsbGluZ2x5LWdvLXRvLWphaWwv0gF1aHR0cHM6Ly90aGVoaWxsLmNvbS9yZWd1bGF0aW9uL2NvdXJ0LWJhdHRsZXMvNDY1ODUxOC1tYXJ5LXRydW1wLWFic3VyZC10by10aGluay10cnVtcC13b3VsZC13aWxsaW5nbHktZ28tdG8tamFpbC9hbXAv?hl=en-US&gl=US&ceid=US%3Aen",
            "og": "https://encrypted-tbn2.gstatic.com/images?q=tbn:ANd9GcRAoQXJwwC5IX-Uo4T9XFvtRiBc80KF-L7UqcPozcNM7pYm5SHChrisFpFg3eWwki6J2cQ5JQ_PAQPwfXS9i0Axlhq7g1p5OGosemmrkHASORuTuQ",
            "source": "The Hill",
            "source_icon": "https://encrypted-tbn2.gstatic.com/faviconV2?url=https://thehill.com&client=NEWS_360&size=96&type=FAVICON&fallback_opts=TYPE,SIZE,URL",
            "title": "Mary Trump: ‘Absurd’ to think Trump would willingly go to jail"
        },
        {
            "link": "https://news.google.com/articles/CBMibWh0dHBzOi8vd3d3Lm5iY25ld3MuY29tL25ld3MvZ2VvcmdpYS1tb3RoZXItZmF0YWxseS1tYXVsZWQtZG9ncy1hdHRhY2tlZC1jaGlsZHJlbi1kYXlzLW1vdGhlcnMtZGF5LXJjbmExNTE4NjXSAStodHRwczovL3d3dy5uYmNuZXdzLmNvbS9uZXdzL2FtcC9yY25hMTUxODY1?hl=en-US&gl=US&ceid=US%3Aen",
            "og": "https://encrypted-tbn3.gstatic.com/images?q=tbn:ANd9GcTuvcNeY2nImKTXx5oobNE5bx-ipmNiDhtOWc1THNSLyvmjU8Po3dL3lh5n-E2AVPVj9zYKQ4rdf9woXOOoRn22SIeXMhch6h_7OW0_sMTpGHvyXQ",
            "source": "NBC News",
            "source_icon": "https://encrypted-tbn1.gstatic.com/faviconV2?url=https://www.nbcnews.com&client=NEWS_360&size=96&type=FAVICON&fallback_opts=TYPE,SIZE,URL",
            "title": "Georgia mother fatally mauled by dogs who attacked her and her children days before Mother's Day"
        },
        {
            "link": "https://news.google.com/articles/CBMiX2h0dHBzOi8vd3d3Lm5iY25ld3MuY29tL3BvbGl0aWNzL2VsZWN0aW9ucy93aXNjb25zaW4tc3VwcmVtZS1jb3VydC1iYWxsb3QtZHJvcC1ib3hlcy1yY25hMTUxNDIy0gEraHR0cHM6Ly93d3cubmJjbmV3cy5jb20vbmV3cy9hbXAvcmNuYTE1MTQyMg?hl=en-US&gl=US&ceid=US%3Aen",
            "og": "https://encrypted-tbn0.gstatic.com/images?q=tbn:ANd9GcReSastdJpVQJgSyBMhMzPCG_zg0Koz3f32CAGCvFLv-W2wj7P3ZQAK4DKIpPQ0VfLIkM0Kzbubo8zKvjBR9boiOHhjIiquVft96uVYRuS6qJ5NhA",
            "source": "NBC News",
            "source_icon": "https://encrypted-tbn1.gstatic.com/faviconV2?url=https://www.nbcnews.com&client=NEWS_360&size=96&type=FAVICON&fallback_opts=TYPE,SIZE,URL",
            "title": "Wisconsin Supreme Court to revisit ruling that banned most ballot drop boxes"
        },
        {
            "link": "https://news.google.com/articles/CBMicmh0dHBzOi8vd3d3LmtjcmEuY29tL2FydGljbGUvc2hlLWxlZnQtYXMtaGVyby1ib2R5LW1pc3NpbmctMzAteWVhci1vbGQtbW90aGVyLXJlY292ZXJlZC1zYW4tam9hcXVpbi1yaXZlci82MDc2NzAzNNIBAA?hl=en-US&gl=US&ceid=US%3Aen",
            "og": "https://encrypted-tbn2.gstatic.com/images?q=tbn:ANd9GcTTknQYuxzh55UZo7ai_uGYf0kxMzl0jXXoCtyJFnVzbFOLmMHpTYh0mfqyaWyIuMcikodpJ3TcGgF99Uh0AsI9duo0S8Q6_9tOrEQ89MbhJMCTiw",
            "source": "KCRA Sacramento",
            "source_icon": "https://encrypted-tbn3.gstatic.com/faviconV2?url=https://www.kcra.com&client=NEWS_360&size=96&type=FAVICON&fallback_opts=TYPE,SIZE,URL",
            "title": "Body of missing 30-year-old mother recovered from San Joaquin River"
        },
        {
            "link": "https://news.google.com/articles/CBMiSGh0dHBzOi8vd3d3Lndvb2R0di5jb20vbmV3cy9uYXRpb25hbC90b3AtdGhyaWxsLTItY2xvc2VkLWF0LWNlZGFyLXBvaW50L9IBTGh0dHBzOi8vd3d3Lndvb2R0di5jb20vbmV3cy9uYXRpb25hbC90b3AtdGhyaWxsLTItY2xvc2VkLWF0LWNlZGFyLXBvaW50L2FtcC8?hl=en-US&gl=US&ceid=US%3Aen",
            "og": "https://encrypted-tbn2.gstatic.com/images?q=tbn:ANd9GcRLFbXRLJ295QTD_WtgjRmnA5IOl8Gmnqz_RdT7Kfv_Y22OQvvfYSERE5FTb1DpbCUx9hG30VjNs3u2sV-RHa0aD1Y52Z56Kl2ZzxC7cy5d2or6EA",
            "source": "WOODTV.com",
            "source_icon": "https://encrypted-tbn1.gstatic.com/faviconV2?url=https://www.woodtv.com&client=NEWS_360&size=96&type=FAVICON&fallback_opts=TYPE,SIZE,URL",
            "title": "Top Thrill 2 closed at Cedar Point"
        },
        {
            "link": "https://news.google.com/articles/CBMiZWh0dHBzOi8vYWJjbmV3cy5nby5jb20vVVMvd2lyZVN0b3J5L2V4cGVydHMtZ3VuLWp1c3RpZnktZGVhZGx5LWZvcmNlLWZhdGFsLXNob290aW5nLWZsb3JpZGEtMTEwMTM3MDAy0gFpaHR0cHM6Ly9hYmNuZXdzLmdvLmNvbS9hbXAvVVMvd2lyZVN0b3J5L2V4cGVydHMtZ3VuLWp1c3RpZnktZGVhZGx5LWZvcmNlLWZhdGFsLXNob290aW5nLWZsb3JpZGEtMTEwMTM3MDAy?hl=en-US&gl=US&ceid=US%3Aen",
            "og": "https://encrypted-tbn3.gstatic.com/images?q=tbn:ANd9GcQCQCJkogZPNO5RAJUwDASmuRSapmvVSOhlMDPTKLRRX5uX0U7IzhA9x3HQzFvpjH011aS099pBudmwfSdhq-zJUK3TUoENoaUFXHaprT_PS27K1A",
            "source": "ABC News",
            "source_icon": "https://encrypted-tbn3.gstatic.com/faviconV2?url=https://abcnews.go.com&client=NEWS_360&size=96&type=FAVICON&fallback_opts=TYPE,SIZE,URL",
            "title": "Experts say gun alone doesn't justify deadly force in fatal shooting of Florida airman"
        },
        {
            "link": "https://news.google.com/articles/CBMiY2h0dHBzOi8vd3d3LnVzYXRvZGF5LmNvbS9zdG9yeS9uZXdzL25hdGlvbi8yMDI0LzA1LzEyL21pbm5lc290YS11bmZ1cmxzLW5ldy1zdGF0ZS1mbGFnLzczNjY0MjQwMDA3L9IBAA?hl=en-US&gl=US&ceid=US%3Aen",
            "og": "https://encrypted-tbn1.gstatic.com/images?q=tbn:ANd9GcSkOgZsB8bp55KjNMt6Vbl-LBaMDOWFqNwtgnmLEXzcyomSGVmmt0CJClfjX781yxXRr-m4B61IYh1pinhaLRUBvG7RFflVRId9tZGo9-5mc5yhxw",
            "source": "USA TODAY",
            "source_icon": "https://encrypted-tbn0.gstatic.com/faviconV2?url=https://www.usatoday.com&client=NEWS_360&size=96&type=FAVICON&fallback_opts=TYPE,SIZE,URL",
            "title": "Minnesota unfurls new state flag, see unused submissions"
        },
        {
            "link": "https://news.google.com/articles/CBMiZGh0dHBzOi8va3RsYS5jb20vbmV3cy9sb2NhbC1uZXdzL2JveS0xNy1yaWRpbmctYS1zY29vdGVyLWtpbGxlZC1ieS1oaXQtYW5kLXJ1bi1kcml2ZXItaW4tbG9uZy1iZWFjaC_SAWhodHRwczovL2t0bGEuY29tL25ld3MvbG9jYWwtbmV3cy9ib3ktMTctcmlkaW5nLWEtc2Nvb3Rlci1raWxsZWQtYnktaGl0LWFuZC1ydW4tZHJpdmVyLWluLWxvbmctYmVhY2gvYW1wLw?hl=en-US&gl=US&ceid=US%3Aen",
            "og": "https://encrypted-tbn3.gstatic.com/images?q=tbn:ANd9GcRSwZ39IYfT5bYS75Yp2bYt42ePzfv6mc7CjHHhyJ_zeXs_D0GyjJ-6JaxPYbdmDj85mXKJmvRfxdar5X995hFRSQ7qcd6wxcFNbpwm6aWS5FHFuA",
            "source": "KTLA Los Angeles",
            "source_icon": "https://encrypted-tbn2.gstatic.com/faviconV2?url=https://ktla.com&client=NEWS_360&size=96&type=FAVICON&fallback_opts=TYPE,SIZE,URL",
            "title": "Boy riding a scooter, 17, killed by hit-and-run driver in Long Beach"
        },
        {
            "link": "https://news.google.com/articles/CBMiU2h0dHBzOi8vd3d3LnNoZWtub3dzLmNvbS9wYXJlbnRpbmcvYXJ0aWNsZXMvMzAyMjc0OC9iYXJyb24tdHJ1bXAtdm9pY2UtdmlyYWwtdmlkZW8v0gFXaHR0cHM6Ly93d3cuc2hla25vd3MuY29tL3BhcmVudGluZy9hcnRpY2xlcy8zMDIyNzQ4L2JhcnJvbi10cnVtcC12b2ljZS12aXJhbC12aWRlby9hbXAv?hl=en-US&gl=US&ceid=US%3Aen",
            "og": "https://encrypted-tbn2.gstatic.com/images?q=tbn:ANd9GcSqB8MJrVtTwOqTk9K1HdfKXPSggDw3sykUs1Z6yqxlMEVVpaQqXIAlobG0Mtb3rvMByzcdiB9z-OKThBf1EWGZGXCQz58TQf9qzUpWyrcZvtJD_Q",
            "source": "SheKnows",
            "source_icon": "https://encrypted-tbn2.gstatic.com/faviconV2?url=https://www.sheknows.com&client=NEWS_360&size=96&type=FAVICON&fallback_opts=TYPE,SIZE,URL",
            "title": "A Super-Rare Clip of Barron Trump’s Voice Has the Internet Comparing Him to This Family Member"
        },
        {
            "link": "https://news.google.com/articles/CBMigQFodHRwczovL3d3dy51c2F0b2RheS5jb20vc3RvcnkvbmV3cy9uYXRpb24vMjAyNC8wNS8xMi9mcmFuY2lzLXNjb3R0LWtleS1icmlkZ2UtY29sbGFwc2UtcmVhY3Rpb24tb24tYm9keS1jYW0tZm9vdGFnZS83MzY2NDAyOTAwNy_SAQA?hl=en-US&gl=US&ceid=US%3Aen",
            "og": "https://encrypted-tbn0.gstatic.com/images?q=tbn:ANd9GcQuHSCBQhSdeGwgzxbrFOuH6nJGSZ29VsT00JT0RI2m_mIStrroD8OBcQT_ZzUlJIU1eo8xCkkxMhnyPZCGbLwrZXKqjLPjTP7MUzyYogCedO8Sgg",
            "source": "USA TODAY",
            "source_icon": "https://encrypted-tbn0.gstatic.com/faviconV2?url=https://www.usatoday.com&client=NEWS_360&size=96&type=FAVICON&fallback_opts=TYPE,SIZE,URL",
            "title": "Francis Scott Key Bridge: First responder's reaction captured on body cam"
        },
        {
            "link": "https://news.google.com/articles/CBMiYWh0dHBzOi8vd3d3Lndhc2hpbmd0b25wb3N0LmNvbS9kYy1tZC12YS8yMDI0LzA1LzEyL21hcnlsYW5kLWRlbWNyYXRpYy1zZW5hdGUtcHJpbWFyeS1yYWNlLWdlbmRlci_SAQA?hl=en-US&gl=US&ceid=US%3Aen",
            "og": "https://encrypted-tbn2.gstatic.com/images?q=tbn:ANd9GcRltI46S7R5no_21mqLDkKUvEJC7toLa0oxBGycRTQ54agZuZvb7uBJuAiMaQCjBOTkmfCGAKZTOArWyhRBdmqw0HhYrIBT9WnPmpsB7hZOLAxj6Q",
            "source": "The Washington Post",
            "source_icon": "https://encrypted-tbn3.gstatic.com/faviconV2?url=https://www.washingtonpost.com&client=NEWS_360&size=96&type=FAVICON&fallback_opts=TYPE,SIZE,URL",
            "title": "Maryland’s consequential Democratic U.S. Senate primary is May 14."
        },
        {
            "link": "https://news.google.com/articles/CBMiamh0dHBzOi8vd3d3Lm5ld3N3ZWVrLmNvbS9haWxlZW4tY2Fubm9uLW92ZXJzZWVpbmctdHJ1bXAtY2FzZS1nb3Zlcm5tZW50YWwtaW5zYW5pdHktZ2xlbm4ta2lyc2NobmVyLTE4OTk2NDDSAQA?hl=en-US&gl=US&ceid=US%3Aen",
            "og": "https://encrypted-tbn2.gstatic.com/images?q=tbn:ANd9GcQfR3Yl1dqkH1vNiLw3CqiUkD8AsKuQtqdYVO7L2kNOOGfp_mWA7dgJiWw5fM1ifU_V7hfziX9Lbm7oX9M_1Te57EW3AAageY65GCF3IhlS6LFQ0g",
            "source": "Newsweek",
            "source_icon": "https://encrypted-tbn3.gstatic.com/faviconV2?url=https://www.newsweek.com&client=NEWS_360&size=96&type=FAVICON&fallback_opts=TYPE,SIZE,URL",
            "title": "Aileen Cannon Overseeing Trump Case Is 'Governmental Insanity'—Attorney"
        },
        {
            "link": "https://news.google.com/articles/CBMiS2h0dHBzOi8vd3d3Lm55dGltZXMuY29tLzIwMjQvMDUvMTIvdXMvamltLWp1c3RpY2Utd2VzdC12aXJnaW5pYS1zZW5hdGUuaHRtbNIBAA?hl=en-US&gl=US&ceid=US%3Aen",
            "og": "https://encrypted-tbn1.gstatic.com/images?q=tbn:ANd9GcSov774Rd9EihbBFIMPY6HaM3jVCi2-lTNjSEur6Ra7RiYTl-HXp23hpiu9Gg8Lenhfu9bDEC60MNpUJCIIEs7PvgN4g-3mG3t2V3KQH9q7xvO1aw",
            "source": "The New York Times",
            "source_icon": "https://encrypted-tbn2.gstatic.com/faviconV2?url=https://www.nytimes.com&client=NEWS_360&size=96&type=FAVICON&fallback_opts=TYPE,SIZE,URL",
            "title": "Gov. Jim Justice Faces Heavy Business Debts as He Seeks Senate Seat"
        }
    ],
    "World": [
        {
            "link": "https://news.google.com/articles/CBMiaWh0dHBzOi8vd3d3LmNubi5jb20vMjAyNC8wNS8xMi9ldXJvcGUvc2VyZ2VpLXNob2lndS1wdXRpbi1yZXBsYWNlcy1kZWZlbnNlLW1pbmlzdGVyLWludGwtbGF0YW0vaW5kZXguaHRtbNIBYmh0dHBzOi8vYW1wLmNubi5jb20vY25uLzIwMjQvMDUvMTIvZXVyb3BlL3NlcmdlaS1zaG9pZ3UtcHV0aW4tcmVwbGFjZXMtZGVmZW5zZS1taW5pc3Rlci1pbnRsLWxhdGFt?hl=en-US&gl=US&ceid=US%3Aen",
            "og": "https://encrypted-tbn0.gstatic.com/images?q=tbn:ANd9GcT7XT86gxn1tHWBwjPcF3Y0PoSLKBSXWYHk1ZWN3QAg2Czg7Diz79zR6MovJq5krwA07lbTs1EvrCnvrnlPxpEs2DR0c_vAbFPRf-V2CZfZySKttQ",
            "source": "CNN",
            "source_icon": "https://encrypted-tbn2.gstatic.com/faviconV2?url=https://www.cnn.com&client=NEWS_360&size=96&type=FAVICON&fallback_opts=TYPE,SIZE,URL",
            "title": "Putin replaces Russia’s defense minister with a civilian as Ukraine war rages and defense spending spirals"
        },
        {
            "link": "https://news.google.com/articles/CBMibGh0dHBzOi8vd3d3LnJldXRlcnMuY29tL3dvcmxkL21pZGRsZS1lYXN0L2lzcmFlbGktZm9yY2VzLXN0ZXAtdXAtYXR0YWNrcy1qYWJhbGlhLWNhbXAtcmFmYWgtZ2F6YS0yMDI0LTA1LTEzL9IBAA?hl=en-US&gl=US&ceid=US%3Aen",
            "og": "https://encrypted-tbn1.gstatic.com/images?q=tbn:ANd9GcTi7RKN245HQ0evTDmBH0Pi8pYYTgYEIc3-H53fcGuACd9UJ6em17JclUQr1_QgB4mB4dSZIaz6o7BpcxcsZw33uUyeewe4ibyqoQOaNZC5cb0yBg",
            "source": "Reuters",
            "source_icon": "https://encrypted-tbn2.gstatic.com/faviconV2?url=https://www.reuters.com&client=NEWS_360&size=96&type=FAVICON&fallback_opts=TYPE,SIZE,URL",
            "title": "Israeli forces step up attacks on Jabalia camp and Rafah in Gaza"
        },
        {
            "link": "https://news.google.com/articles/CBMiS2h0dHBzOi8vd3d3Lm55dGltZXMuY29tLzIwMjQvMDUvMTIvd29ybGQvZXVyb3BlL3NwYWluLWNhdGFsYW4tZWxlY3Rpb24uaHRtbNIBAA?hl=en-US&gl=US&ceid=US%3Aen",
            "og": "https://encrypted-tbn0.gstatic.com/images?q=tbn:ANd9GcSk2Go0MSFE11Y-fe3FicSrnfEGoevjAgWTlDmgF6nDR-yozinmJKReNviiFp-OIbbjUpzBJKXx5IOG6Pgffo17VMnhFJMqrOdiP6Jp",
            "source": "The New York Times",
            "source_icon": "https://encrypted-tbn2.gstatic.com/faviconV2?url=https://www.nytimes.com&client=NEWS_360&size=96&type=FAVICON&fallback_opts=TYPE,SIZE,URL",
            "title": "Spain's Socialists Win Catalan Vote Dominated by Amnesty for Separatists"
        },
        {
            "link": "https://news.google.com/articles/CBMiYmh0dHBzOi8vd3d3LnJldXRlcnMuY29tL3dvcmxkL2FzaWEtcGFjaWZpYy9pbmRvbmVzaWFzLW10LWlidS1lcnVwdHMtc3Bld2luZy1hc2gtY2xvdWRzLTIwMjQtMDUtMTMv0gEA?hl=en-US&gl=US&ceid=US%3Aen",
            "og": "https://encrypted-tbn3.gstatic.com/images?q=tbn:ANd9GcTDns9uYmBfvm6rgYX_PBIo7fW8R4GOb3_vP4Ms2lQhGhO0IQP3PYtQ10AzqX5ZCtunYdYLwMSwStGF66lplNfMO56277hyLV0xguu-rn7v_Y5DjQ",
            "source": "Reuters",
            "source_icon": "https://encrypted-tbn2.gstatic.com/faviconV2?url=https://www.reuters.com&client=NEWS_360&size=96&type=FAVICON&fallback_opts=TYPE,SIZE,URL",
            "title": "Indonesia's Mt Ibu erupts, spewing ash clouds"
        },
        {
            "link": "https://news.google.com/articles/CBMiLmh0dHBzOi8vd3d3LmJiYy5jb20vbmV3cy9hcnRpY2xlcy9jNzJwMHh4NDEweG_SATJodHRwczovL3d3dy5iYmMuY29tL25ld3MvYXJ0aWNsZXMvYzcycDB4eDQxMHhvLmFtcA?hl=en-US&gl=US&ceid=US%3Aen",
            "og": "https://encrypted-tbn0.gstatic.com/images?q=tbn:ANd9GcQQHN25-KEvPlhchsXtBfd6qjc_iyRGEotbFDaf9zhBoSnAf-nWbzQTbklDYQlzAjm4r7YBdL0LNNtL_YyzE0oghl3-BBCHmqoKeNAeLVj_tB5pXA",
            "source": "BBC.com",
            "source_icon": "https://encrypted-tbn2.gstatic.com/faviconV2?url=https://www.bbc.com&client=NEWS_360&size=96&type=FAVICON&fallback_opts=TYPE,SIZE,URL",
            "title": "Russians simply walked in, Ukraine troops in Kharkiv tell BBC"
        },
        {
            "link": "https://news.google.com/articles/CBMiZGh0dHBzOi8vYXBuZXdzLmNvbS9hcnRpY2xlL2lzcmFlbC1nYXphLXdhci1mYWxsZW4tc29sZGllcnMtbWVtb3JpYWwtOWU1ZTM1ZWY2MzUyYzc5YWI1OWU3ZjNiOGE3ZjdhMWLSAQA?hl=en-US&gl=US&ceid=US%3Aen",
            "og": "https://encrypted-tbn1.gstatic.com/images?q=tbn:ANd9GcQBcH5UhTH2OG5PXRb45xfk_TpOvwl06LV1TmIkeKAorvexA3QgYL-VANBPqQax4bLWRXmVCEIin_ZkPS1S5WqlYIwIYA9LgIigclPwCoVbLDE6aQ",
            "source": "The Associated Press",
            "source_icon": "https://encrypted-tbn2.gstatic.com/faviconV2?url=https://apnews.com&client=NEWS_360&size=96&type=FAVICON&fallback_opts=TYPE,SIZE,URL",
            "title": "Profound sadness, anger grips Israel on Memorial Day"
        },
        {
            "link": "https://news.google.com/articles/CBMiVmh0dHBzOi8vYXBuZXdzLmNvbS9hcnRpY2xlL2Rlbm1hcmstY29pbi1hdWN0aW9uLWJydXVuLTQ5MzU5ZDlmM2U1YzBkMzAxNzcxYjE4YTI1NDY0MDU20gEA?hl=en-US&gl=US&ceid=US%3Aen",
            "og": "https://encrypted-tbn1.gstatic.com/images?q=tbn:ANd9GcR6BrSjtiZohBUQQY8ml2TG3bEBuvHJ_ByTdwSfqG1tSpDghKGxOKpPNy7cz79nUNr4TKzhwZUNXYThYtOe_e4wYOqBzwQVQ6KY6e1i1jn_zbd87g",
            "source": "The Associated Press",
            "source_icon": "https://encrypted-tbn2.gstatic.com/faviconV2?url=https://apnews.com&client=NEWS_360&size=96&type=FAVICON&fallback_opts=TYPE,SIZE,URL",
            "title": "Danish butter tycoon's big coin collection could fetch up to $72 million"
        },
        {
            "link": "https://news.google.com/articles/CBMia2h0dHBzOi8vd3d3LmNuYmMuY29tLzIwMjQvMDUvMTMvcmlzaGktc3VuYWstd2FybnMtYnJpdGFpbi1pcy1hdC1hLWNyb3Nzcm9hZHMtYWhlYWQtb2YtZ2VuZXJhbC1lbGVjdGlvbi5odG1s0gEA?hl=en-US&gl=US&ceid=US%3Aen",
            "og": "https://encrypted-tbn1.gstatic.com/images?q=tbn:ANd9GcTm5WK58fCiJlevbIeEOfbLRVx70k2vEY7EXuX_6WSTw_oosDV5PU6xbd-AKKwEZ8WyEGyk576R_gTxP6iUo0GfBaOL-2sBReYIAK-dVBb124ssiA",
            "source": "CNBC",
            "source_icon": "https://encrypted-tbn0.gstatic.com/faviconV2?url=https://www.cnbc.com&client=NEWS_360&size=96&type=FAVICON&fallback_opts=TYPE,SIZE,URL",
            "title": "Rishi Sunak warns Britain is at a crossroads ahead of general election"
        },
        {
            "link": "https://news.google.com/articles/CBMicWh0dHBzOi8vd3d3LmFsamF6ZWVyYS5jb20vbmV3cy8yMDI0LzUvMTMvdGhvdXNhbmRzLW9mLWdlb3JnaWFucy1kZWZ5LXdhcm5pbmdzLXRvLWpvaW4tcHJvdGVzdC1hZ2FpbnN0LXJ1c3NpYS1iaWxs0gEA?hl=en-US&gl=US&ceid=US%3Aen",
            "og": "https://encrypted-tbn1.gstatic.com/images?q=tbn:ANd9GcR39NALIUksWoE3cGV8jVOltxGHMTDC7MRpf3WRk1_I66Dt0Zp8wGh1brMFchtrhUqOacOx10ZoagQVeKutZqRmeoFVqbUHMD-iWXyI-bijPcD8wg",
            "source": "Al Jazeera English",
            "source_icon": "https://encrypted-tbn0.gstatic.com/faviconV2?url=https://www.aljazeera.com&client=NEWS_360&size=96&type=FAVICON&fallback_opts=TYPE,SIZE,URL",
            "title": "Thousands of Georgians defy warnings to join protest against 'Russia' bill"
        },
        {
            "link": "https://news.google.com/articles/CBMiLWh0dHBzOi8vd3d3LmJiYy5jb20vbmV3cy91ay1wb2xpdGljcy02ODk5OTIxMtIBMWh0dHBzOi8vd3d3LmJiYy5jb20vbmV3cy91ay1wb2xpdGljcy02ODk5OTIxMi5hbXA?hl=en-US&gl=US&ceid=US%3Aen",
            "og": "https://encrypted-tbn3.gstatic.com/images?q=tbn:ANd9GcTcscNKMbyPsrUJ1G9O7VL0ApxqK0YP9Itfi74nxqXIeNLWalvLmkMdgJjelKlcpj16N0ZlCiWFwiOmMiFnEjnvx2Ehh2T0fmopFoLf_nHwo29ZlQ",
            "source": "BBC.com",
            "source_icon": "https://encrypted-tbn2.gstatic.com/faviconV2?url=https://www.bbc.com&client=NEWS_360&size=96&type=FAVICON&fallback_opts=TYPE,SIZE,URL",
            "title": "UK ban on selling arms to Israel would strengthen Hamas, says Cameron"
        },
        {
            "link": "https://news.google.com/articles/CBMiLmh0dHBzOi8vd3d3LmJiYy5jb20vbmV3cy9hcnRpY2xlcy9jeTl4enp5NTdseW_SATJodHRwczovL3d3dy5iYmMuY29tL25ld3MvYXJ0aWNsZXMvY3k5eHp6eTU3bHlvLmFtcA?hl=en-US&gl=US&ceid=US%3Aen",
            "og": "https://encrypted-tbn2.gstatic.com/images?q=tbn:ANd9GcTWUs5c4ATt4ZaO8sZPp4fxqvcBsninYqpME629sTLTnOpBh-OFITYCEp0kdnrDfSdtnXb5H8V0IdRoGT9z-ayOU0-qtuR9CzHmjYbvZJBLLv4r9g",
            "source": "BBC.com",
            "source_icon": "https://encrypted-tbn2.gstatic.com/faviconV2?url=https://www.bbc.com&client=NEWS_360&size=96&type=FAVICON&fallback_opts=TYPE,SIZE,URL",
            "title": "Indonesia: Floods and cold lava from Marapi volcano kill 41"
        },
        {
            "link": "https://news.google.com/articles/CBMiVmh0dHBzOi8vd3d3Lm5ld3N3ZWVrLmNvbS9saW5kc2V5LWdyYWhhbXMtbnVjbGVhci1ib21icy10YW50cnVtLXNwYXJrcy1iYWNrbGFzaC0xODk5NjY40gEA?hl=en-US&gl=US&ceid=US%3Aen",
            "og": "https://encrypted-tbn1.gstatic.com/images?q=tbn:ANd9GcRGZ5i5qHHWkVb9mdOQ-T8_Wng5iTflN72Jvnv7kLvqu1W9KWBq9ST2kno4zaXQLcVxLU-ptAoeSW5GfbW-Fs93ku_4eEjJKhIXHTnup6bT7h9Ncw",
            "source": "Newsweek",
            "source_icon": "https://encrypted-tbn3.gstatic.com/faviconV2?url=https://www.newsweek.com&client=NEWS_360&size=96&type=FAVICON&fallback_opts=TYPE,SIZE,URL",
            "title": "Lindsey Graham's Nuclear Bombs 'Tantrum' Sparks Backlash"
        },
        {
            "link": "https://news.google.com/articles/CBMinQFodHRwczovL255cG9zdC5jb20vMjAyNC8wNS8xMi93b3JsZC1uZXdzL3VrcmFpbmlhbi1haXJzdHJpa2Uta2lsbHMtYXQtbGVhc3QtOS1pbi1vbmUtb2Yta3lpdnMtb3duLWFwYXJ0bWVudC1ibG9ja3MtaW4tcnVzc2lhbi1jb250cm9sbGVkLWNpdHkta3JlbWxpbi1jbGFpbXMv0gGhAWh0dHBzOi8vbnlwb3N0LmNvbS8yMDI0LzA1LzEyL3dvcmxkLW5ld3MvdWtyYWluaWFuLWFpcnN0cmlrZS1raWxscy1hdC1sZWFzdC05LWluLW9uZS1vZi1reWl2cy1vd24tYXBhcnRtZW50LWJsb2Nrcy1pbi1ydXNzaWFuLWNvbnRyb2xsZWQtY2l0eS1rcmVtbGluLWNsYWltcy9hbXAv?hl=en-US&gl=US&ceid=US%3Aen",
            "og": "https://encrypted-tbn3.gstatic.com/images?q=tbn:ANd9GcTTDVHxW0cPfdmU7TXUPpwuFxllgRDyT_i_Zf2b3mfl_LRRRVeXCI118rRJk1chTO8G7ZvHeC03s8kK6IgxfacxTfNjdulZY0LAl1uzXqOwNRkhgQ",
            "source": "New York Post",
            "source_icon": "https://encrypted-tbn3.gstatic.com/faviconV2?url=https://nypost.com&client=NEWS_360&size=96&type=FAVICON&fallback_opts=TYPE,SIZE,URL",
            "title": "Ukrainian airstrike kills at least 9 in one of Kyiv's own apartment blocks in Russian-controlled city, Kremlin claims"
        },
        {
            "link": "https://news.google.com/articles/CBMidGh0dHBzOi8vd3d3LnJldXRlcnMuY29tL3dvcmxkL2FzaWEtcGFjaWZpYy9hdXN0cmFsaWFuLWNvdXJ0LWxpZnRzLW9yZGVyLWJsb2NraW5nLXgtY2h1cmNoLXN0YWJiaW5nLXZpZGVvLTIwMjQtMDUtMTMv0gEA?hl=en-US&gl=US&ceid=US%3Aen",
            "og": "https://encrypted-tbn3.gstatic.com/images?q=tbn:ANd9GcR_CzzHAM-IHSlajM0Mn2R6leSq5RRX_RgMq4B2EK1wZxcVka_5qzOiKn8Qo90nu7jaHUHvYKhqWcDUi6AHxogD-ep92Ic4h4vR8hlC8rsav-v4VQ",
            "source": "Reuters",
            "source_icon": "https://encrypted-tbn2.gstatic.com/faviconV2?url=https://www.reuters.com&client=NEWS_360&size=96&type=FAVICON&fallback_opts=TYPE,SIZE,URL",
            "title": "Australian court lifts order blocking X on church stabbing video"
        },
        {
            "link": "https://news.google.com/articles/CBMiaGh0dHBzOi8vd3d3LmNubi5jb20vMjAyNC8wNS8xMi90cmF2ZWwvdWstbW91bnRhaW5lZXItbmVwYWxpLWxvZ3MtbW9zdC1ldmVyZXN0LWNsaW1icy1pbnRsLWhuay9pbmRleC5odG1s0gFhaHR0cHM6Ly9hbXAuY25uLmNvbS9jbm4vMjAyNC8wNS8xMi90cmF2ZWwvdWstbW91bnRhaW5lZXItbmVwYWxpLWxvZ3MtbW9zdC1ldmVyZXN0LWNsaW1icy1pbnRsLWhuaw?hl=en-US&gl=US&ceid=US%3Aen",
            "og": "https://encrypted-tbn2.gstatic.com/images?q=tbn:ANd9GcRYc8iHUkllevhFCqLxtWOc0rOfV_jA0I2IeqbGUPMfqCppSBAFYu-H6YDBQ9jAvvMoYczA_CO_mI5Th0vuv-XOk8ELQem8147kYaDyfU_LOd5S6w",
            "source": "CNN",
            "source_icon": "https://encrypted-tbn2.gstatic.com/faviconV2?url=https://www.cnn.com&client=NEWS_360&size=96&type=FAVICON&fallback_opts=TYPE,SIZE,URL",
            "title": "Nepali and British climbers break their own records once more with successful Everest ascents"
        },
        {
            "link": "https://news.google.com/articles/CBMicGh0dHBzOi8vd3d3Lm5iY25ld3MuY29tL25ld3Mvd29ybGQvd2VzdGVybi1jYW5hZGEtYmxhemVzLWNhdXNlLWV2YWN1YXRpb24tb3JkZXJzLWFpci1xdWFsaXR5LWNvbmNlcm5zLXJjbmExNTE4ODPSAStodHRwczovL3d3dy5uYmNuZXdzLmNvbS9uZXdzL2FtcC9yY25hMTUxODgz?hl=en-US&gl=US&ceid=US%3Aen",
            "og": "https://encrypted-tbn2.gstatic.com/images?q=tbn:ANd9GcSCJJlwtVBryJBqsbjGgyqVZ2uxYvPsuA6ura-gxHSx5x7qtV7P2cUJ-mIqHIlAfze-r6GQ32S-rnBoWCr0VqSnxJQ25leSRzyRYvftAmkUuioF0Q",
            "source": "NBC News",
            "source_icon": "https://encrypted-tbn1.gstatic.com/faviconV2?url=https://www.nbcnews.com&client=NEWS_360&size=96&type=FAVICON&fallback_opts=TYPE,SIZE,URL",
            "title": "Western Canada blazes cause evacuation orders, air quality concerns"
        },
        {
            "link": "https://news.google.com/articles/CBMicmh0dHBzOi8vd3d3LmFsamF6ZWVyYS5jb20vbmV3cy8yMDI0LzUvMTIvZWd5cHQtc2F5cy1pdC13aWxsLWpvaW4tc291dGgtYWZyaWNhcy1nZW5vY2lkZS1jYXNlLWFnYWluc3QtaXNyYWVsLWF0LWljatIBdmh0dHBzOi8vd3d3LmFsamF6ZWVyYS5jb20vYW1wL25ld3MvMjAyNC81LzEyL2VneXB0LXNheXMtaXQtd2lsbC1qb2luLXNvdXRoLWFmcmljYXMtZ2Vub2NpZGUtY2FzZS1hZ2FpbnN0LWlzcmFlbC1hdC1pY2o?hl=en-US&gl=US&ceid=US%3Aen",
            "og": "https://encrypted-tbn2.gstatic.com/images?q=tbn:ANd9GcRyh4xmEUikVgEYsK8kPmYuMd4zjJkCSG1zIttHWv1k_JRiG_3_Tu5h7Kk-s5rKHcRWfFfGJjdIgpiM67aZJbtnwajc_XXHPd74GX9S2OTJ3p9yKQ",
            "source": "Al Jazeera English",
            "source_icon": "https://encrypted-tbn0.gstatic.com/faviconV2?url=https://www.aljazeera.com&client=NEWS_360&size=96&type=FAVICON&fallback_opts=TYPE,SIZE,URL",
            "title": "Egypt says it will join South Africa’s genocide case against Israel at ICJ"
        },
        {
            "link": "https://news.google.com/articles/CBMigAFodHRwczovL3RoZWhpbGwuY29tL3BvbGljeS9kZWZlbnNlLzQ2NTk0ODAtbXktbGlmZS1pcy1pbi1kYW5nZXItc2F5cy1tYXJpbmUtdmV0LXdoby10cmllZC10by1oZWxwLW5vcnRoLWtvcmVhbi1kaXBsb21hdHMtZGVmZWN0L9IBhAFodHRwczovL3RoZWhpbGwuY29tL3BvbGljeS9kZWZlbnNlLzQ2NTk0ODAtbXktbGlmZS1pcy1pbi1kYW5nZXItc2F5cy1tYXJpbmUtdmV0LXdoby10cmllZC10by1oZWxwLW5vcnRoLWtvcmVhbi1kaXBsb21hdHMtZGVmZWN0L2FtcC8?hl=en-US&gl=US&ceid=US%3Aen",
            "og": "https://encrypted-tbn3.gstatic.com/images?q=tbn:ANd9GcRDbUa1ta-tkMHxaAruqql9ibmMWTaye7w4vPbbRsOBri9wvgelgqZ0Rd5l_YtgKXmQVhIV1QatSnAG03Bwg-oA2GKrHfHCFvcwS0U5UplTCFWuSA",
            "source": "The Hill",
            "source_icon": "https://encrypted-tbn2.gstatic.com/faviconV2?url=https://thehill.com&client=NEWS_360&size=96&type=FAVICON&fallback_opts=TYPE,SIZE,URL",
            "title": "‘My life is in danger,’ says marine vet who tried to help North Korean diplomats defect"
        },
        {
            "link": "https://news.google.com/articles/CBMibWh0dHBzOi8vd3d3LmJhcnJvbnMuY29tL25ld3MvZG9ncy1ob3JzZXMtcmFiYml0cy1tb3JlLXRoYW4tMTAtMDAwLWFuaW1hbHMtcmVzY3VlZC1mcm9tLWJyYXppbC1mbG9vZHMtZmJiYTI1ZDXSAXFodHRwczovL3d3dy5iYXJyb25zLmNvbS9hbXAvbmV3cy9kb2dzLWhvcnNlcy1yYWJiaXRzLW1vcmUtdGhhbi0xMC0wMDAtYW5pbWFscy1yZXNjdWVkLWZyb20tYnJhemlsLWZsb29kcy1mYmJhMjVkNQ?hl=en-US&gl=US&ceid=US%3Aen",
            "og": "https://encrypted-tbn1.gstatic.com/images?q=tbn:ANd9GcQHOrCIPL15KZFx941d5wBzTWLvgfp81PfloiAaJDqMqJrxKa693eN9WsRl6hfcG7NrjN1TU0OI8fw44Bw_mA",
            "source": "Barron's",
            "source_icon": "https://encrypted-tbn1.gstatic.com/faviconV2?url=https://www.barrons.com&client=NEWS_360&size=96&type=FAVICON&fallback_opts=TYPE,SIZE,URL",
            "title": "Dogs, Horses, Rabbits: More Than 10,000 Animals Rescued From Brazil Floods"
        },
        {
            "link": "https://news.google.com/articles/CBMieGh0dHBzOi8vd3d3LnJldXRlcnMuY29tL3dvcmxkL2FzaWEtcGFjaWZpYy90YWxpYmFuLW1pbmlzdHJ5LWRlYXRoLXRvbGwtZmxvb2RzLW5vcnRoZXJuLWFmZ2hhbmlzdGFuLXJpc2VzLTMxNS0yMDI0LTA1LTEyL9IBAA?hl=en-US&gl=US&ceid=US%3Aen",
            "og": "https://encrypted-tbn0.gstatic.com/images?q=tbn:ANd9GcTQLWGinNoBmfIzZt5deJJefF1OICz5gIquMNtpgYeQKRSwZJxPFAK1fo9NhiAeLcHBRKr-qXGeSMFxjLD9B_1ugmwwN6zsBdaUrSjcyItZ3SZY_g",
            "source": "Reuters",
            "source_icon": "https://encrypted-tbn2.gstatic.com/faviconV2?url=https://www.reuters.com&client=NEWS_360&size=96&type=FAVICON&fallback_opts=TYPE,SIZE,URL",
            "title": "Afghanistan floods devastate villages, killing 315"
        },
        {
            "link": "https://news.google.com/articles/CBMicWh0dHBzOi8vd3d3LmFsamF6ZWVyYS5jb20vbmV3cy8yMDI0LzUvMTIvbGl0aHVhbmlhLXZvdGVzLXRvLWVsZWN0LXByZXNpZGVudC1hbWlkLWNvbmNlcm5zLW92ZXItcnVzc2lhLXVrcmFpbmUtd2Fy0gF1aHR0cHM6Ly93d3cuYWxqYXplZXJhLmNvbS9hbXAvbmV3cy8yMDI0LzUvMTIvbGl0aHVhbmlhLXZvdGVzLXRvLWVsZWN0LXByZXNpZGVudC1hbWlkLWNvbmNlcm5zLW92ZXItcnVzc2lhLXVrcmFpbmUtd2Fy?hl=en-US&gl=US&ceid=US%3Aen",
            "og": "https://encrypted-tbn2.gstatic.com/images?q=tbn:ANd9GcTbULYMhBy2CIUaSIXk9yflE3eVbx_tC0ZnMYF1RkLFp-OpasXtC42CWAOfEG4FSwQB3kxpCQVTQQ-niugXHf-cqbNfITzzCpRj9VMuytknIjC83A",
            "source": "Al Jazeera English",
            "source_icon": "https://encrypted-tbn0.gstatic.com/faviconV2?url=https://www.aljazeera.com&client=NEWS_360&size=96&type=FAVICON&fallback_opts=TYPE,SIZE,URL",
            "title": "Lithuania holds presidential election amid concerns over Russia-Ukraine war"
        },
        {
            "link": "https://news.google.com/articles/CBMiW2h0dHBzOi8vd3d3LmNubi5jb20vMjAyNC8wNS8xMy90cmF2ZWwvYXVzdHJhbGlhLXBsYW5lLXdoZWVscy11cC1sYW5kaW5nLWludGwtaG5rL2luZGV4Lmh0bWzSAVRodHRwczovL2FtcC5jbm4uY29tL2Nubi8yMDI0LzA1LzEzL3RyYXZlbC9hdXN0cmFsaWEtcGxhbmUtd2hlZWxzLXVwLWxhbmRpbmctaW50bC1obms?hl=en-US&gl=US&ceid=US%3Aen",
            "og": "https://encrypted-tbn0.gstatic.com/images?q=tbn:ANd9GcTFJowbuO34cGjHztMN_gJ9tiCnBY4ifrRhUmuJGsmMddTYitQ0nrmAF4HuxvizxKeGwHfOcC1tSGVaz3tLAt6K0YW3Zw92HdIdSetHc5xOAb8o_g",
            "source": "CNN",
            "source_icon": "https://encrypted-tbn2.gstatic.com/faviconV2?url=https://www.cnn.com&client=NEWS_360&size=96&type=FAVICON&fallback_opts=TYPE,SIZE,URL",
            "title": "Plane makes successful wheels-up emergency landing in Australia after circling airport for hours"
        },
        {
            "link": "https://news.google.com/articles/CBMic2h0dHBzOi8vd3d3Lm5iY25ld3MuY29tL21lZXQtdGhlLXByZXNzL3ZpZGVvL21heS0xMi1zZWMtYmxpbmtlbi1zZW5zLWJlcm5pZS1zYW5kZXJzLWFuZC1saW5kc2V5LWdyYWhhbS0yMTA3NTkyMzc1ODnSATdodHRwczovL3d3dy5uYmNuZXdzLmNvbS9uZXdzL2FtcC12aWRlby9tbXZvMjEwNzU5MjM3NTg5?hl=en-US&gl=US&ceid=US%3Aen",
            "og": "https://encrypted-tbn2.gstatic.com/images?q=tbn:ANd9GcSwJ_oz1qLBrxgToDT90GHizjYGfeatsB_O-J5mEpDyyzuspxZmHoqp2FFNgt8chZF9vfY5YXplFOpApjdA5W6aX7TLO0mjnYPYUn9r-9pP18uVRg",
            "source": "NBC News",
            "source_icon": "https://encrypted-tbn1.gstatic.com/faviconV2?url=https://www.nbcnews.com&client=NEWS_360&size=96&type=FAVICON&fallback_opts=TYPE,SIZE,URL",
            "title": "May 12 — Sec. Blinken, Sens. Bernie Sanders and Lindsey Graham"
        },
        {
            "link": "https://news.google.com/articles/CBMiVGh0dHBzOi8vd3d3LnBvbGl0aWNvLmNvbS9uZXdzLzIwMjQvMDUvMTIvY2hyaXMtY29vbnMtbmV0YW55YWh1LWlzcmFlbC1iaWRlbi0wMDE1NzQ5MNIBAA?hl=en-US&gl=US&ceid=US%3Aen",
            "og": "https://encrypted-tbn3.gstatic.com/images?q=tbn:ANd9GcRK2Vgwv799OLnl9UUH9Qwd7oaXiu-pPIYlRyRKQf8eK4varHbCAyqNi8GQ22GNM48",
            "source": "POLITICO",
            "source_icon": "https://encrypted-tbn1.gstatic.com/faviconV2?url=https://www.politico.com&client=NEWS_360&size=96&type=FAVICON&fallback_opts=TYPE,SIZE,URL",
            "title": "Netanyahu needs to consider his legacy, Chris Coons says"
        },
        {
            "link": "https://news.google.com/articles/CBMiSGh0dHBzOi8vd3d3Lndhc2hpbmd0b25wb3N0LmNvbS93b3JsZC8yMDI0LzA1LzEyL3N1ZGFuLXdhci1yc2YtZWwtZmFzaGlyL9IBAA?hl=en-US&gl=US&ceid=US%3Aen",
            "og": "https://encrypted-tbn1.gstatic.com/images?q=tbn:ANd9GcQzQ-Zcg53EkefesDv9Sr9idlfKWDFjVwQ9TWx400lrBQPG7TlgXRahPveSGPrja82ix9nU6QYF_pXrYYZ9TFoPrjr-cRrRqrg9dKfR2Nc1GNYFTA",
            "source": "The Washington Post",
            "source_icon": "https://encrypted-tbn3.gstatic.com/faviconV2?url=https://www.washingtonpost.com&client=NEWS_360&size=96&type=FAVICON&fallback_opts=TYPE,SIZE,URL",
            "title": "Hospitals overflowing in Sudan’s El Fashir as final battle looms"
        },
        {
            "link": "https://news.google.com/articles/CBMiW2h0dHBzOi8vd3d3LmZveG5ld3MuY29tL21lZGlhL2JpZGVuLXBvbGljeS1lbnN1cmluZy1oYW1hcy1zdGF5cy1zdHJvbmctbWFyaW5lLWNvcnBzLXZldGVyYW7SAV9odHRwczovL3d3dy5mb3huZXdzLmNvbS9tZWRpYS9iaWRlbi1wb2xpY3ktZW5zdXJpbmctaGFtYXMtc3RheXMtc3Ryb25nLW1hcmluZS1jb3Jwcy12ZXRlcmFuLmFtcA?hl=en-US&gl=US&ceid=US%3Aen",
            "og": "https://encrypted-tbn1.gstatic.com/images?q=tbn:ANd9GcSK5QWigWBxlwqlrpK1bup3kCqbLzLtpSBYm5D04Yt42srwIkLUDAYPR7uvLfw19ISIdq7LQ_rP9iLd3oHwAp7DpNR12U7JLcPWtRAdXWeP8FzpCg",
            "source": "Fox News",
            "source_icon": "https://encrypted-tbn3.gstatic.com/faviconV2?url=https://www.foxnews.com&client=NEWS_360&size=96&type=FAVICON&fallback_opts=TYPE,SIZE,URL",
            "title": "Biden policy is ensuring that Hamas 'stays strong': Marine Corps veteran"
        },
        {
            "link": "https://news.google.com/articles/CBMiaWh0dHBzOi8vYXBuZXdzLmNvbS9hcnRpY2xlL2lzcmFlbC1wYWxlc3RpbmlhbnMtaGFtYXMtd2FyLW5ld3MtMDUtMTItMjAyNC1jNjFmYmUwNmJjNWMxYTdjODVhYzE4YTU0MmU4Nzc2ZdIBAA?hl=en-US&gl=US&ceid=US%3Aen",
            "og": "https://encrypted-tbn2.gstatic.com/images?q=tbn:ANd9GcQLSC0t6UmV9T3Xei_cPzsMI_waInzCc6k8e9_QFzDj-23cNjfkBqb9VA4o3ieR6EgwoKWwdaqeKLS1GPwQ9p6Z74BrnnibKzIvKA6dBwzRpponaA",
            "source": "The Associated Press",
            "source_icon": "https://encrypted-tbn2.gstatic.com/faviconV2?url=https://apnews.com&client=NEWS_360&size=96&type=FAVICON&fallback_opts=TYPE,SIZE,URL",
            "title": "Israel-Hamas war: Israel pushes deeper into Rafah"
        },
        {
            "link": "https://news.google.com/articles/CBMibGh0dHBzOi8vd3d3LnBvbGl0aWNvLmV1L2FydGljbGUvbm9ydGgtbWFjZWRvbmlhLXByZXNpZGVudC1lbGVjdC1zcGFya3Mtcm93LXdpdGgtZ3JlZWNlLXN3ZWFyaW5nLWluLWNlcmVtb255L9IBAA?hl=en-US&gl=US&ceid=US%3Aen",
            "og": "https://encrypted-tbn2.gstatic.com/images?q=tbn:ANd9GcTOqaJnFVUbvurY4ntaHw46dY7mfm0VXSv429EEiBanc3Lcv3r-Mrm9uIrRY5h6zO8tNVleUPKFIesPvePIcyw-uJWXDqvirMWfD1Zsijo_F9P6SA",
            "source": "POLITICO Europe",
            "source_icon": "https://encrypted-tbn2.gstatic.com/faviconV2?url=https://www.politico.eu&client=NEWS_360&size=96&type=FAVICON&fallback_opts=TYPE,SIZE,URL",
            "title": "North Macedonia president-elect sparks row with Greece at swearing-in"
        },
        {
            "link": "https://news.google.com/articles/CBMijAFodHRwczovL255cG9zdC5jb20vMjAyNC8wNS8xMy93b3JsZC1uZXdzL3VzLXNvbGRpZXItZ29yZG9uLWJsYWNrLWdvdC1pbi1ibG9vZHktZmlnaHQtd2l0aC1ydXNzaWFuLWdpcmxmcmllbmQtbW9udGhzLWJlZm9yZS1hcnJlc3QtaW4tcnVzc2lhL9IBkAFodHRwczovL255cG9zdC5jb20vMjAyNC8wNS8xMy93b3JsZC1uZXdzL3VzLXNvbGRpZXItZ29yZG9uLWJsYWNrLWdvdC1pbi1ibG9vZHktZmlnaHQtd2l0aC1ydXNzaWFuLWdpcmxmcmllbmQtbW9udGhzLWJlZm9yZS1hcnJlc3QtaW4tcnVzc2lhL2FtcC8?hl=en-US&gl=US&ceid=US%3Aen",
            "og": "https://encrypted-tbn2.gstatic.com/images?q=tbn:ANd9GcRDG6uw9K_RuQKVkp0UDaTgjiQ6J-RA4u_DJuNVIQd784LwpnBSF42zM6Sfx_WfhCSfi2NGTjoB5hoV60nPNQGJ_45Bn3E40Hm1Mm3ID8fryMUgjQ",
            "source": "New York Post",
            "source_icon": "https://encrypted-tbn3.gstatic.com/faviconV2?url=https://nypost.com&client=NEWS_360&size=96&type=FAVICON&fallback_opts=TYPE,SIZE,URL",
            "title": "US soldier detained in Russia was stabbed by girlfriend during on-camera fight in front of his wife, daughter: 'had blood on his face'"
        },
        {
            "link": "https://news.google.com/articles/CBMiTGh0dHBzOi8vd3d3LnBvbGl0aWNvLmNvbS9uZXdzLzIwMjQvMDUvMTIvY2FuYWRhLWluZGlhLXNpa2gta2lsbGluZ3MtMDAxNTc0OTPSAQA?hl=en-US&gl=US&ceid=US%3Aen",
            "og": "https://encrypted-tbn1.gstatic.com/images?q=tbn:ANd9GcTKiZUFg6t-27eRQIuWNU_wwz_yDRBCxCiGsqUDDJEr-egB80itge4rDUzBXXqKXL8",
            "source": "POLITICO",
            "source_icon": "https://encrypted-tbn1.gstatic.com/faviconV2?url=https://www.politico.com&client=NEWS_360&size=96&type=FAVICON&fallback_opts=TYPE,SIZE,URL",
            "title": "Canadian police announce arrest of 4th Indian suspect in killing of Sikh activist"
        },
        {
            "link": "https://news.google.com/articles/CBMibWh0dHBzOi8vd3d3LnRpbWVzb2Zpc3JhZWwuY29tL2JpZGVuLXNheXMtdGhlcmUtd291bGQtYmUtYS1jZWFzZWZpcmUtaW4tZ2F6YS10b21vcnJvdy1pZi1oYW1hcy1mcmVlcy1ob3N0YWdlcy_SAXFodHRwczovL3d3dy50aW1lc29maXNyYWVsLmNvbS9iaWRlbi1zYXlzLXRoZXJlLXdvdWxkLWJlLWEtY2Vhc2VmaXJlLWluLWdhemEtdG9tb3Jyb3ctaWYtaGFtYXMtZnJlZXMtaG9zdGFnZXMvYW1wLw?hl=en-US&gl=US&ceid=US%3Aen",
            "og": "https://encrypted-tbn3.gstatic.com/images?q=tbn:ANd9GcTkzhe0I4Lko7bWPJrUC3hde35MUwNxIgsnSxBmsagYmuIb1YN5DpGWbSzKgDOlhUZucj5wezbRavLW_kUx8K9VSgcQ2eRLV3Y13pn3lL_YbiK-SA",
            "source": "The Times of Israel",
            "source_icon": "https://encrypted-tbn3.gstatic.com/faviconV2?url=https://www.timesofisrael.com&client=NEWS_360&size=96&type=FAVICON&fallback_opts=TYPE,SIZE,URL",
            "title": "Biden says there would be a ceasefire in Gaza ‘tomorrow’ if Hamas frees hostages"
        },
        {
            "link": "https://news.google.com/articles/CBMigwFodHRwczovL3d3dy5wb2xpdGljby5jb20vbmV3cy8yMDI0LzA1LzEyL3Bvb3Ita2VueWFucy1mZWVsLWRldmFzdGF0ZWQtYnktZmxvb2RzLWFuZC1icnV0YWxpemVkLWJ5LXRoZS1nb3Zlcm5tZW50cy1yZXNwb25zZS0wMDE1NzQ4NdIBAA?hl=en-US&gl=US&ceid=US%3Aen",
            "og": "https://encrypted-tbn1.gstatic.com/images?q=tbn:ANd9GcQ9g_joSXWH6SaAR9msps1CNtI1e7mjCx4qSCA6iuOq10bqxtZ3Kojth0dNmwVGCJ4",
            "source": "POLITICO",
            "source_icon": "https://encrypted-tbn1.gstatic.com/faviconV2?url=https://www.politico.com&client=NEWS_360&size=96&type=FAVICON&fallback_opts=TYPE,SIZE,URL",
            "title": "Poor Kenyans feel devastated by floods and brutalized by the government's response"
        },
        {
            "link": "https://news.google.com/articles/CBMibGh0dHBzOi8vd3d3Lm5iY25ld3MuY29tL25ld3Mvd29ybGQvbWFnbml0dWRlLTY0LWVhcnRocXVha2Utc3RyaWtlLXJhdHRsZXMtbWV4aWNvLWd1YXRlbWFsYS1ib3JkZXItcmNuYTE1MTg2MdIBK2h0dHBzOi8vd3d3Lm5iY25ld3MuY29tL25ld3MvYW1wL3JjbmExNTE4NjE?hl=en-US&gl=US&ceid=US%3Aen",
            "og": "https://encrypted-tbn0.gstatic.com/images?q=tbn:ANd9GcQHRuUzKKmMjeB2x2pFNCfrG0c72XiGUL-Sgr23IpKZivDnycsQqI1hCq7AcWrAMC3F2FWnqZLbE6LwAyFwoZ03RyoFA6Gb0MRGDoED2ypPR_Sssg",
            "source": "NBC News",
            "source_icon": "https://encrypted-tbn1.gstatic.com/faviconV2?url=https://www.nbcnews.com&client=NEWS_360&size=96&type=FAVICON&fallback_opts=TYPE,SIZE,URL",
            "title": "Magnitude-6.4 earthquake strike rattles Mexico-Guatemala border"
        },
        {
            "link": "https://news.google.com/articles/CBMicmh0dHBzOi8vd3d3LmJsb29tYmVyZy5jb20vbmV3cy9hcnRpY2xlcy8yMDI0LTA1LTEyL2lzcmFlbC1tYXJrcy03NnRoLWluZGVwZW5kZW5jZS1kYXktd29ycmllZC1hbmQtZGVlcGx5LWZyYWN0dXJlZNIBAA?hl=en-US&gl=US&ceid=US%3Aen",
            "og": "https://encrypted-tbn1.gstatic.com/images?q=tbn:ANd9GcTiVjYULnInh9p2zSG2clShVxdYIjpmbuwrU-WYayXnfZtG3IkXLSwDTS3-PlGwqECOkFYrIjC1bQzPcK1dT0glZrBeeMu16fVW5HiqetrLI8UsHQ",
            "source": "Bloomberg",
            "source_icon": "https://encrypted-tbn1.gstatic.com/faviconV2?url=https://www.bloomberg.com&client=NEWS_360&size=96&type=FAVICON&fallback_opts=TYPE,SIZE,URL",
            "title": "Israel-Hamas War: Israel Deeply Fractured as it Marks 76th Independence Day"
        },
        {
            "link": "https://news.google.com/articles/CBMiYWh0dHBzOi8vd3d3LmZveG5ld3MuY29tL3BvbGl0aWNzL2JpZGVuLWFkbWluaXN0cmF0aW9uLXB1c2hpbmctYXZvaWQtaXNyYWVsaS1pbnZhc2lvbi1yYWZhaC1yZXBvcnTSAWVodHRwczovL3d3dy5mb3huZXdzLmNvbS9wb2xpdGljcy9iaWRlbi1hZG1pbmlzdHJhdGlvbi1wdXNoaW5nLWF2b2lkLWlzcmFlbGktaW52YXNpb24tcmFmYWgtcmVwb3J0LmFtcA?hl=en-US&gl=US&ceid=US%3Aen",
            "og": "https://encrypted-tbn0.gstatic.com/images?q=tbn:ANd9GcTXQ4KM1nF2QXICGqt6myWpFMAwtrWa0bubOafLNtoxQUHBTFDG1zbzn0iNxclv-phxNoY2ptO4kF8mcjZbQWdC_LQ_G7hUGlJwM6rzCGB8UYKb0w",
            "source": "Fox News",
            "source_icon": "https://encrypted-tbn3.gstatic.com/faviconV2?url=https://www.foxnews.com&client=NEWS_360&size=96&type=FAVICON&fallback_opts=TYPE,SIZE,URL",
            "title": "US offers Israel intel on Hamas leaders for pledge to hold back on Rafah"
        },
        {
            "link": "https://news.google.com/articles/CBMipgFodHRwczovL3d3dy5oYWFyZXR6LmNvbS9pc3JhZWwtbmV3cy8yMDI0LTA1LTEyL3R5LWFydGljbGUvLnByZW1pdW0vd2h5LWlzcmFlbHMtZ2VuZXJhbHMtYXJlLW5vdy1vcGVubHktYnJpZWZpbmctYWdhaW5zdC1uZXRhbnlhaHUvMDAwMDAxOGYtNmQxNS1kOGM5LWEzY2YtNmQ1ZGViNWIwMDAw0gEA?hl=en-US&gl=US&ceid=US%3Aen",
            "og": "https://encrypted-tbn0.gstatic.com/images?q=tbn:ANd9GcR4JLH1GGNuoftEdTZNVdVPCUpMbvYuxo2KwzY0WnAm1ouQS2V75R6UrkVC5aeT8yJeoEYOQ_z0iiCBRa1qqjwoT8pkNxs5NYEHxsAN",
            "source": "Haaretz",
            "source_icon": "https://encrypted-tbn3.gstatic.com/faviconV2?url=https://www.haaretz.com&client=NEWS_360&size=96&type=FAVICON&fallback_opts=TYPE,SIZE,URL",
            "title": "Why Israel's Generals Are Now Openly Briefing Against Netanyahu - Israel News"
        },
        {
            "link": "https://news.google.com/articles/CBMiX2h0dHBzOi8vd3d3LnBvbGl0aWNvLmV1L2FydGljbGUvaXNyYWVsLWdhemEtamFiYWxpYS1yYWZhaC1taWxpdGFyeS1vcGVyYXRpb25zLWNlYXNlLWZpcmUtY2FsbHMv0gEA?hl=en-US&gl=US&ceid=US%3Aen",
            "og": "https://encrypted-tbn2.gstatic.com/images?q=tbn:ANd9GcRNk73TO9FfBUEn7QlRlIiVgB6pEvWwHE6CM97FmLsKrA3DEwP2uSXkqwBaTU491JntShI-3uh0Pqs72Xk2hBepLcz5mrV__zxRsolp757EgqkTmg",
            "source": "POLITICO Europe",
            "source_icon": "https://encrypted-tbn2.gstatic.com/faviconV2?url=https://www.politico.eu&client=NEWS_360&size=96&type=FAVICON&fallback_opts=TYPE,SIZE,URL",
            "title": "Cease-fire calls mount as Israel ramps up military operations in Gaza"
        }
    ]
}
Request URI:	https://ok.surf/api/v1/news-feed
HTTP/1.1 200 OK
{
    "Business": [
        {
            "link": "https://news.google.com/articles/CBMid2h0dHBzOi8vd3d3LmZvcmV4bGl2ZS5jb20vY2VudHJhbGJhbmsvdGhpcy13ZWVrLWJyaW5ncy10aGUtbW9zdC1jcnVjaWFsLWNwaS1yZWFkaW5nLW9mLTIwMjQtYS1taW5pLXN1cGVyLWJvd2wtMjAyNDA1MTMv0gF7aHR0cHM6Ly93d3cuZm9yZXhsaXZlLmNvbS9jZW50cmFsYmFuay90aGlzLXdlZWstYnJpbmdzLXRoZS1tb3N0LWNydWNpYWwtY3BpLXJlYWRpbmctb2YtMjAyNC1hLW1pbmktc3VwZXItYm93bC0yMDI0MDUxMy9hbXAv?hl=en-US&gl=US&ceid=US%3Aen",
            "og": "https://encrypted-tbn3.gstatic.com/images?q=tbn:ANd9GcQZQkF5mzde8dvD1IwhGRd4sa0r_vtN6x4X2UhphIpn7o4diIbzwQ_RSabWgo0AguwKI2qCXPBuL7CqroXAWIwiY-vPJ3e9TORGI6Yj3BbrlBxTQw",
            "source": "ForexLive",
            "source_icon": "https://encrypted-tbn2.gstatic.com/faviconV2?url=https://www.forexlive.com&client=NEWS_360&size=96&type=FAVICON&fallback_opts=TYPE,SIZE,URL",
            "title": "This week brings the 'most crucial CPI reading of 2024', a 'mini Super Bowl'"
        },
        {
            "link": "https://news.google.com/articles/CBMiaGh0dHBzOi8vZmluYW5jZS55YWhvby5jb20vbmV3cy9iaWRlbnMtY29taW5nLW5ldy10YXJpZmZzLW9uLWNoaW5hLXJlZmxlY3QtbGVzc29ucy1sZWFybmVkLTEzMDExNDgwNy5odG1s0gEA?hl=en-US&gl=US&ceid=US%3Aen",
            "og": "https://encrypted-tbn2.gstatic.com/images?q=tbn:ANd9GcQJeAWSW0XhcpCQbNXYYJHfTQfQf5heWV3WOjy_Pq_ScBJ-eGNTOyuGD5k13EVHm29mEbFbPaPntK4tNn2e_-3iHpXYuUMOmGWhFA6q7CwHvk1a1w",
            "source": "Yahoo Finance",
            "source_icon": "https://encrypted-tbn1.gstatic.com/faviconV2?url=https://finance.yahoo.com&client=NEWS_360&size=96&type=FAVICON&fallback_opts=TYPE,SIZE,URL",
            "title": "Biden's coming new tariffs on China reflect 'lessons learned'"
        },
        {
            "link": "https://news.google.com/articles/CBMiWmh0dHBzOi8vYXBuZXdzLmNvbS9hcnRpY2xlL2NoaW5hLWJ5ZC1hdXRvLXNlYWd1bGwtYXV0by1ldi1jYWUyMGM5MjQzMmI3NGU5NWMyMzRkOTNlYzFkZjQwMNIBAA?hl=en-US&gl=US&ceid=US%3Aen",
            "og": "https://encrypted-tbn3.gstatic.com/images?q=tbn:ANd9GcQNa9n5CXtJKc1zPkuvTl4weGZ28I1_ty_4rMHB46MtAASc5lmjoLInMjSFeerVb3KULiaV_bBtUCerPXEnuwQO9VGam6z_0k-k6Kg3P5cMFfX2kw",
            "source": "The Associated Press",
            "source_icon": "https://encrypted-tbn2.gstatic.com/faviconV2?url=https://apnews.com&client=NEWS_360&size=96&type=FAVICON&fallback_opts=TYPE,SIZE,URL",
            "title": "Small, well-built Chinese EV called the Seagull poses a big threat to the US auto industry"
        },
        {
            "link": "https://news.google.com/articles/CBMiVmh0dHBzOi8vd3d3LnJldXRlcnMuY29tL3RlY2hub2xvZ3kvbWljcm9zb2Z0LWludmVzdC00LWJpbGxpb24tZXVyb3MtZnJhbmNlLTIwMjQtMDUtMTMv0gEA?hl=en-US&gl=US&ceid=US%3Aen",
            "og": "https://encrypted-tbn0.gstatic.com/images?q=tbn:ANd9GcRlne9dcFgRk7oTfihCoZ_s_W2qb6wGwmeqrP3T0XTX99qFRLA-HbrkSfV1OieL6uESImxkWIfqM8J9Z2OvcP2L2QeAPyggESy19KbLSnrASzg3vA",
            "source": "Reuters",
            "source_icon": "https://encrypted-tbn2.gstatic.com/faviconV2?url=https://www.reuters.com&client=NEWS_360&size=96&type=FAVICON&fallback_opts=TYPE,SIZE,URL",
            "title": "Microsoft to invest 4 billion euros in France"
        },
        {
            "link": "https://news.google.com/articles/CBMiO2h0dHBzOi8vOXRvNW1hYy5jb20vMjAyNC8wNS8xMi9hcHBsZS1zdG9yZS1zdHJpa2UtbWFyeWxhbmQv0gEA?hl=en-US&gl=US&ceid=US%3Aen",
            "og": "https://encrypted-tbn2.gstatic.com/images?q=tbn:ANd9GcTxhI0DdamldBa0mbrxtOLQhkJw6kPZxNz66o4Qdre_ClZ4itk4UCjvs5ijfyH3k717N_awa1idMh2N-aXXei-UnlY_OaxuD8gbyMhXWzZZmCdV2A",
            "source": "9to5Mac",
            "source_icon": "https://encrypted-tbn0.gstatic.com/faviconV2?url=https://9to5mac.com&client=NEWS_360&size=96&type=FAVICON&fallback_opts=TYPE,SIZE,URL",
            "title": "Apple Store workers in Maryland vote in favor of a strike over working conditions"
        },
        {
            "link": "https://news.google.com/articles/CBMidGh0dHBzOi8vd3d3LmFsLmNvbS9uZXdzL3R1c2NhbG9vc2EvMjAyNC8wNS91bmlvbi1tZW1iZXJzLXJhbGx5LXRvLXNob3ctc3VwcG9ydC1mb3ItYXV0by13b3JrZXJzLWJlZm9yZS11YXctdm90ZS5odG1s0gGDAWh0dHBzOi8vd3d3LmFsLmNvbS9uZXdzL3R1c2NhbG9vc2EvMjAyNC8wNS91bmlvbi1tZW1iZXJzLXJhbGx5LXRvLXNob3ctc3VwcG9ydC1mb3ItYXV0by13b3JrZXJzLWJlZm9yZS11YXctdm90ZS5odG1sP291dHB1dFR5cGU9YW1w?hl=en-US&gl=US&ceid=US%3Aen",
            "og": "https://encrypted-tbn3.gstatic.com/images?q=tbn:ANd9GcSs5KDHZ6_H_8ImSR0bq2U-e_Rwk-7l83fcAZmbp7pStc5OlcRraIdVQoM59kNBDuzThsrBe8CidTj3HuzVRF8pwXscK4H1OPLYIAM9CDbZks7oyQ",
            "source": "AL.com",
            "source_icon": "https://encrypted-tbn0.gstatic.com/faviconV2?url=https://www.al.com&client=NEWS_360&size=96&type=FAVICON&fallback_opts=TYPE,SIZE,URL",
            "title": "Union rallies before Alabama Mercedes UAW vote: ‘Wages, working conditions and benefits improve’"
        },
        {
            "link": "https://news.google.com/articles/CBMiowFodHRwczovL3d3dy5tYXJrZXR3YXRjaC5jb20vc3RvcnkvaW5mbGF0aW9uLW1vdmluZy1hLWJhYnktc3RlcC1pbi10aGUtcmlnaHQtZGlyZWN0aW9uLWhlcmVzLXdoYXQtd2FsbC1zdHJlZXQtZWNvbm9taXN0cy1leHBlY3QtZnJvbS10aGlzLXdlZWtzLWJpZy1yZXBvcnRzLTA3NTM0ZmE20gGnAWh0dHBzOi8vd3d3Lm1hcmtldHdhdGNoLmNvbS9hbXAvc3RvcnkvaW5mbGF0aW9uLW1vdmluZy1hLWJhYnktc3RlcC1pbi10aGUtcmlnaHQtZGlyZWN0aW9uLWhlcmVzLXdoYXQtd2FsbC1zdHJlZXQtZWNvbm9taXN0cy1leHBlY3QtZnJvbS10aGlzLXdlZWtzLWJpZy1yZXBvcnRzLTA3NTM0ZmE2?hl=en-US&gl=US&ceid=US%3Aen",
            "og": "https://encrypted-tbn2.gstatic.com/images?q=tbn:ANd9GcQGD9YSkx_TQe4xZZEzVZugq9WKeku0zsYR_aA-to1t4sFFptHAFV0TdOwwayK9A_LjQ12oFY-M_kPwiVZWLJO96At486Fg5dgZr8sYd9JlSNzfjA",
            "source": "MarketWatch",
            "source_icon": "https://encrypted-tbn1.gstatic.com/faviconV2?url=https://www.marketwatch.com&client=NEWS_360&size=96&type=FAVICON&fallback_opts=TYPE,SIZE,URL",
            "title": "Inflation moving ‘a baby step’ in right direction? Here’s what economists expect"
        },
        {
            "link": "https://news.google.com/articles/CBMiP2h0dHBzOi8vd3d3LmZ0LmNvbS9jb250ZW50L2NkMzkzNDMzLTYwODgtNDhmZi05ODFmLWVlNWViNTE2YTY0YtIBAA?hl=en-US&gl=US&ceid=US%3Aen",
            "og": "https://encrypted-tbn2.gstatic.com/images?q=tbn:ANd9GcR2MMOvrdpIHeuR4xOPLXQkwnmKqCHS0USIVbW275Ekm2BI5QBVaEpZVQfh8uYrjgh95qCArywR79sSCzMkpguunZQL2GHiaHW-8fyzoURxFnLvrQ",
            "source": "Financial Times",
            "source_icon": "https://encrypted-tbn2.gstatic.com/faviconV2?url=https://www.ft.com&client=NEWS_360&size=96&type=FAVICON&fallback_opts=TYPE,SIZE,URL",
            "title": "China fires starting gun on $140bn debt sale to boost economy"
        },
        {
            "link": "https://news.google.com/articles/CBMiRmh0dHBzOi8vd3d3LmNuYmMuY29tLzIwMjQvMDUvMTIvc3RvY2stbWFya2V0LW5ld3MtZm9yLW1heS0xMi0yMDI0Lmh0bWzSAUpodHRwczovL3d3dy5jbmJjLmNvbS9hbXAvMjAyNC8wNS8xMi9zdG9jay1tYXJrZXQtbmV3cy1mb3ItbWF5LTEyLTIwMjQuaHRtbA?hl=en-US&gl=US&ceid=US%3Aen",
            "og": "https://encrypted-tbn0.gstatic.com/images?q=tbn:ANd9GcQxexGqdhMr-UXMgb8rEk69p-dROxyy6bRmm9gfZ3PQ-32OIjkPghCWBPO62wuPJON6Ids0W2DjIpyos60j7kURF-0fVjaaL-aY0v27XM9rcaGVrQ",
            "source": "CNBC",
            "source_icon": "https://encrypted-tbn0.gstatic.com/faviconV2?url=https://www.cnbc.com&client=NEWS_360&size=96&type=FAVICON&fallback_opts=TYPE,SIZE,URL",
            "title": "Stock futures rise slightly after Dow's best week of the year, investors look toward inflation data: Live updates"
        },
        {
            "link": "https://news.google.com/articles/CBMiSGh0dHBzOi8vZmluYW5jZS55YWhvby5jb20vbmV3cy9vaWwtZWRnZXMtbG93ZXItaXJhcS1taXhlZC0wMDI1MDU3NDEuaHRtbNIBAA?hl=en-US&gl=US&ceid=US%3Aen",
            "og": "https://encrypted-tbn1.gstatic.com/images?q=tbn:ANd9GcTLKrXSvZMIRyCsiqTTkr5IaKlUylY9pkE44doGwS3Ib-3nQpuuU3zsyJrPCf12mZu_zHm1OQyL2xYypjmWVwxRXF9jV91Bm7TcQhaYF7LZDsc07Q",
            "source": "Yahoo Finance",
            "source_icon": "https://encrypted-tbn1.gstatic.com/faviconV2?url=https://finance.yahoo.com&client=NEWS_360&size=96&type=FAVICON&fallback_opts=TYPE,SIZE,URL",
            "title": "Oil Steadies as Traders Assess Outlook for China and OPEC+ Curbs"
        },
        {
            "link": "https://news.google.com/articles/CBMicGh0dHBzOi8vd3d3LnJldXRlcnMuY29tL21hcmtldHMvY29tbW9kaXRpZXMvb2lsLWV4dGVuZHMtZGVjbGluZS1zaWducy13ZWFrLWZ1ZWwtZGVtYW5kLXN0cm9uZy1kb2xsYXItMjAyNC0wNS0xMy_SAQA?hl=en-US&gl=US&ceid=US%3Aen",
            "og": "https://encrypted-tbn3.gstatic.com/images?q=tbn:ANd9GcSKwnCRoVkiJETfu5hNWlPZ3WuOgZDaIbIHOEDU7GP8ZGgV5PjKgxHBlPagkAC-idosBgbK-SFXZJWUBj0bUunRxzlefk0jLnOv_ROV",
            "source": "Reuters",
            "source_icon": "https://encrypted-tbn2.gstatic.com/faviconV2?url=https://www.reuters.com&client=NEWS_360&size=96&type=FAVICON&fallback_opts=TYPE,SIZE,URL",
            "title": "Oil slips on signs of weak fuel demand, strong dollar"
        },
        {
            "link": "https://news.google.com/articles/CBMiY2h0dHBzOi8vd3d3LmNuYmMuY29tLzIwMjQvMDUvMTMvc29mdGJhbmtzLWFybS10by1sYXVuY2gtYWktY2hpcHMtYnktMjAyNS1hbWlkLWV4cGxvc2l2ZS1kZW1hbmQuaHRtbNIBZ2h0dHBzOi8vd3d3LmNuYmMuY29tL2FtcC8yMDI0LzA1LzEzL3NvZnRiYW5rcy1hcm0tdG8tbGF1bmNoLWFpLWNoaXBzLWJ5LTIwMjUtYW1pZC1leHBsb3NpdmUtZGVtYW5kLmh0bWw?hl=en-US&gl=US&ceid=US%3Aen",
            "og": "https://encrypted-tbn2.gstatic.com/images?q=tbn:ANd9GcTnHtNRyWsBeEa_-pY_AD215DP4_vB_Gz5FH1rQuMvgLIlsRSl-6SdzlG9GqQWkNpfKo3o3Eui918RSSV3dFldltwfuBrTcoIEoNWRDDqdw9bKQnQ",
            "source": "CNBC",
            "source_icon": "https://encrypted-tbn0.gstatic.com/faviconV2?url=https://www.cnbc.com&client=NEWS_360&size=96&type=FAVICON&fallback_opts=TYPE,SIZE,URL",
            "title": "SoftBank's Arm to reportedly launch AI chips by 2025 to capture explosive demand"
        },
        {
            "link": "https://news.google.com/articles/CBMiXWh0dHBzOi8vd3d3LnZvYW5ld3MuY29tL2EvY2hpbmVzZS1jb21wYW5pZXMtd2luLWJpZHMtdG8tZXhwbG9yZS1pcmFxLWZvci1vaWwtZ2FzLzc2MDgxODYuaHRtbNIBX2h0dHBzOi8vd3d3LnZvYW5ld3MuY29tL2FtcC9jaGluZXNlLWNvbXBhbmllcy13aW4tYmlkcy10by1leHBsb3JlLWlyYXEtZm9yLW9pbC1nYXMvNzYwODE4Ni5odG1s?hl=en-US&gl=US&ceid=US%3Aen",
            "og": "https://encrypted-tbn3.gstatic.com/images?q=tbn:ANd9GcRIcgVRkokB3LFxmqlIZuJu7tuFVa5XfHSdEmzQsYAM9Vq2PH6JfRcTQklxdNZpuYYi65OfR5rW3Qxr1k3ZuUeBwjFnU7eG3dHjkoTgdtQ8ubVtsg",
            "source": "Voice of America - VOA News",
            "source_icon": "https://encrypted-tbn0.gstatic.com/faviconV2?url=https://www.voanews.com&client=NEWS_360&size=96&type=FAVICON&fallback_opts=TYPE,SIZE,URL",
            "title": "Chinese companies win bids to explore Iraq for oil, gas"
        },
        {
            "link": "https://news.google.com/articles/CBMiU2h0dHBzOi8vd3d3LmZveGJ1c2luZXNzLmNvbS9wb2xpdGljcy9jYWxpZm9ybmlhcy1zZWNyZXQtZ2FzLXRheC1oaWtlLWNvbWluZy1pbi0yMDI10gFXaHR0cHM6Ly93d3cuZm94YnVzaW5lc3MuY29tL3BvbGl0aWNzL2NhbGlmb3JuaWFzLXNlY3JldC1nYXMtdGF4LWhpa2UtY29taW5nLWluLTIwMjUuYW1w?hl=en-US&gl=US&ceid=US%3Aen",
            "og": "https://encrypted-tbn3.gstatic.com/images?q=tbn:ANd9GcRanjqcRkfgL4FdZ-9qmf-nChAv0eni9hGEYtL75lbELZ-2cgISEaqjKw_H0Tky6f3iziAVDzIQelkss8Dg6d0DxpE4TdaIzeNFXlVPPgYYwl6ebg",
            "source": "Fox Business",
            "source_icon": "https://encrypted-tbn1.gstatic.com/faviconV2?url=https://www.foxbusiness.com&client=NEWS_360&size=96&type=FAVICON&fallback_opts=TYPE,SIZE,URL",
            "title": "California's 'secret' 50-cent gas tax hike coming in the next two years"
        },
        {
            "link": "https://news.google.com/articles/CBMiXWh0dHBzOi8vd3d3LmR3LmNvbS9lbi9iZXJsaW4tdGVzbGEtYWN0aXZpc3RzLXNheS1jaXZpbC1kaXNvYmVkaWVuY2UtaXMtb25seS1vcHRpb24vYS02OTA1NDAwN9IBXWh0dHBzOi8vYW1wLmR3LmNvbS9lbi9iZXJsaW4tdGVzbGEtYWN0aXZpc3RzLXNheS1jaXZpbC1kaXNvYmVkaWVuY2UtaXMtb25seS1vcHRpb24vYS02OTA1NDAwNw?hl=en-US&gl=US&ceid=US%3Aen",
            "og": "https://encrypted-tbn3.gstatic.com/images?q=tbn:ANd9GcSxo2lDC-m1WXNINgftx1JPDbdT7pho0B__GuiT66rNfZ4c5p5FTuQG791oJDi0yW87SVK0DJocgbzwmUByyyVZfzc1k_Eb9Osv-Y1gj0c_vXrtYA",
            "source": "DW (English)",
            "source_icon": "https://encrypted-tbn1.gstatic.com/faviconV2?url=https://www.dw.com&client=NEWS_360&size=96&type=FAVICON&fallback_opts=TYPE,SIZE,URL",
            "title": "Berlin Tesla activists say civil disobedience is only option"
        },
        {
            "link": "https://news.google.com/articles/CBMiWmh0dHBzOi8vd3d3Lm5ld3Nlci5jb20vc3RvcnkvMzUwMjA0L2luLXRoaXMtY2F0aG9saWMtaG9zcGl0YWwtc3lzdGVtLXVudXN1YWwtYWN0aXZpdHkuaHRtbNIBAA?hl=en-US&gl=US&ceid=US%3Aen",
            "og": "https://encrypted-tbn2.gstatic.com/images?q=tbn:ANd9GcT9ThZWozdfyc65HI3_tVbMOJCqniRpETN9SMThqXZAOXvG9bx1yHK9y85-KFQknqYXLtpqY20xjUAGvc0-7t0CqnYFntM2hNIExl_C6ibe4BZDfQ",
            "source": "Newser",
            "source_icon": "https://encrypted-tbn2.gstatic.com/faviconV2?url=https://www.newser.com&client=NEWS_360&size=96&type=FAVICON&fallback_opts=TYPE,SIZE,URL",
            "title": "In This Catholic Hospital System, 'Unusual Activity'"
        },
        {
            "link": "https://news.google.com/articles/CBMidmh0dHBzOi8vd3d3LnJldXRlcnMuY29tL3dvcmxkL2luZGlhL2JlZm9yZS1nbG9iYWwtc2NydXRpbnktaW5kaWFuLXNwaWNlLW1ha2VyLW1kaC1mYWNlZC1tYW55LXVzLXJlamVjdGlvbnMtMjAyNC0wNS0xMi_SAQA?hl=en-US&gl=US&ceid=US%3Aen",
            "og": "https://encrypted-tbn2.gstatic.com/images?q=tbn:ANd9GcQaPNoaegJed2n7GfuHBhThiU9zUOrniWxyeczlnFqabqaLOdEEhVVbYPUPLc_a9V-JlvqvPQJRpf8kB0MOXiHkkezAPgH_OV4drbDnqX2UJGAOKQ",
            "source": "Reuters India",
            "source_icon": "https://encrypted-tbn2.gstatic.com/faviconV2?url=https://www.reuters.com&client=NEWS_360&size=96&type=FAVICON&fallback_opts=TYPE,SIZE,URL",
            "title": "Before global scrutiny, Indian spice maker MDH faced many US rejections"
        },
        {
            "link": "https://news.google.com/articles/CBMif2h0dHBzOi8vd3d3LmZvcmV4bGl2ZS5jb20vY2VudHJhbGJhbmsvamFwYW5zLWthdG8tc2F5cy1pdHMtbmF0dXJhbC10aGF0LW1vbmV0YXJ5LXBvbGljeS13aWxsLXJldmVydC10by1wb3NpdGl2ZS1yYXRlcy0yMDI0MDUxMy_SAYMBaHR0cHM6Ly93d3cuZm9yZXhsaXZlLmNvbS9jZW50cmFsYmFuay9qYXBhbnMta2F0by1zYXlzLWl0cy1uYXR1cmFsLXRoYXQtbW9uZXRhcnktcG9saWN5LXdpbGwtcmV2ZXJ0LXRvLXBvc2l0aXZlLXJhdGVzLTIwMjQwNTEzL2FtcC8?hl=en-US&gl=US&ceid=US%3Aen",
            "og": "https://encrypted-tbn1.gstatic.com/images?q=tbn:ANd9GcTx0eetfP4G8lpvcMuns5wigI0o-xP1_QBl5f60O2fPZRX3_-AmdopkGh2HTnYspzn7UFGYVr4Se1pxkaTlYE-0fRQ6IfJV3RnRVNS918nqOF8s2A",
            "source": "ForexLive",
            "source_icon": "https://encrypted-tbn2.gstatic.com/faviconV2?url=https://www.forexlive.com&client=NEWS_360&size=96&type=FAVICON&fallback_opts=TYPE,SIZE,URL",
            "title": "Japan's Kato says its natural that monetary policy will revert to positive interest rates"
        },
        {
            "link": "https://news.google.com/articles/CBMiPmh0dHBzOi8vd3d3LmNvbW1vbmRyZWFtcy5vcmcvbmV3cy90cnVtcC1qdWRnZS1jcmVkaXQtY2FyZC1mZWVz0gEA?hl=en-US&gl=US&ceid=US%3Aen",
            "og": "https://encrypted-tbn3.gstatic.com/images?q=tbn:ANd9GcRsgMAZbeHtB6V3Qcjz1yaWb5RQnxq2McyLQiZPPOBpQi0RvSekjKCHcNvCsLq70vCWUtEAGdPHjjKosr1YYDYQW0zwfPoTmwyCC4Da",
            "source": "Common Dreams",
            "source_icon": "https://encrypted-tbn2.gstatic.com/faviconV2?url=https://www.commondreams.org&client=NEWS_360&size=96&type=FAVICON&fallback_opts=TYPE,SIZE,URL",
            "title": "Trump-Appointed Judge Halts Biden Rule Capping Credit Card Fees"
        },
        {
            "link": "https://news.google.com/articles/CBMibWh0dHBzOi8vd3d3LnJldXRlcnMuY29tL21hcmtldHMvY29tbW9kaXRpZXMvaXJhcS1pcy1jb21taXR0ZWQtb3BlY3Mtb2lsLW91dHB1dC1jdXRzLW1pbmlzdGVyLXNheXMtMjAyNC0wNS0xMi_SAQA?hl=en-US&gl=US&ceid=US%3Aen",
            "og": "https://encrypted-tbn2.gstatic.com/images?q=tbn:ANd9GcRlHKf_4idXBLUoepsESCYjQKcLk8IGUMItD1N3UZInwqKGXdT3YQ3pmRbujrKHPNhwgqGW3BhqSBUtgeYH28Y4CcpYIRRs9PCwyGKt7q8iWZjsYg",
            "source": "Reuters",
            "source_icon": "https://encrypted-tbn2.gstatic.com/faviconV2?url=https://www.reuters.com&client=NEWS_360&size=96&type=FAVICON&fallback_opts=TYPE,SIZE,URL",
            "title": "Iraq is committed to OPEC's oil output cuts, minister says"
        },
        {
            "link": "https://news.google.com/articles/CBMidmh0dHBzOi8vd3d3LnBicy5vcmcvbmV3c2hvdXIvc2hvdy90aGUtY29zdHMtYW5kLXBpdGZhbGxzLW9mLWVhcm5lZC13YWdlLWFjY2Vzcy1hcHBzLXRoYXQtb2ZmZXItbG9hbnMtYmV0d2Vlbi1wYXljaGVja3PSAXpodHRwczovL3d3dy5wYnMub3JnL25ld3Nob3VyL2FtcC9zaG93L3RoZS1jb3N0cy1hbmQtcGl0ZmFsbHMtb2YtZWFybmVkLXdhZ2UtYWNjZXNzLWFwcHMtdGhhdC1vZmZlci1sb2Fucy1iZXR3ZWVuLXBheWNoZWNrcw?hl=en-US&gl=US&ceid=US%3Aen",
            "og": "https://encrypted-tbn3.gstatic.com/images?q=tbn:ANd9GcSZS_2mddvVboATAk77CZ7e3Z7d063iUW8OkH3Z5GDBWJs3SQjN6k7DxGnlCEzjWU40BjOcy5VxNOc0cWfAd7GfqM0QqG74FDciEJMEkMZFHHZPsg",
            "source": "PBS NewsHour",
            "source_icon": "https://encrypted-tbn1.gstatic.com/faviconV2?url=https://www.pbs.org&client=NEWS_360&size=96&type=FAVICON&fallback_opts=TYPE,SIZE,URL",
            "title": "The costs and pitfalls of 'earned wage access' apps that offer loans between paychecks"
        },
        {
            "link": "https://news.google.com/articles/CBMicWh0dHBzOi8vZm9ydHVuZS5jb20vMjAyNC8wNS8xMS9qaW0tc2ltb25zLXJlbmFpc3NhbmNlLXRlY2hub2xvZ2llcy1xdWFudC1pbnZlc3RpbmctbWFuYWdlbWVudC1sZWFkZXJzaGlwLWxlc3NvbnMv0gEA?hl=en-US&gl=US&ceid=US%3Aen",
            "og": "https://encrypted-tbn1.gstatic.com/images?q=tbn:ANd9GcTuJt7pi98mGunUFuXtfPCP9PhoKdrLZp3ymsBIVquF5tEBWxq81GlJLz2MHtut64Kuby7fCRuEJ7Ch4Gkl5DXwqLeLiP4nQcHmUuBYzNjDfjXSjw",
            "source": "Fortune",
            "source_icon": "https://encrypted-tbn3.gstatic.com/faviconV2?url=https://fortune.com&client=NEWS_360&size=96&type=FAVICON&fallback_opts=TYPE,SIZE,URL",
            "title": "Jim Simons was a math and investing genius, but also a management wiz. Here are some of his lessons on leadership"
        },
        {
            "link": "https://news.google.com/articles/CBMiaGh0dHBzOi8vd3d3LmJsb29tYmVyZy5jb20vbmV3cy9hcnRpY2xlcy8yMDI0LTA1LTEyL2hvbmcta29uZy1jaGluYS1zdG9ja3MtYXJlLXJhbGx5aW5nLXNob3VsZC15b3UtaW52ZXN00gEA?hl=en-US&gl=US&ceid=US%3Aen",
            "og": "https://encrypted-tbn1.gstatic.com/images?q=tbn:ANd9GcS_ei1zT4ZInKZ3jabNog4L1SJHHVCIcaeFUB2CXeW6Yyi42aCWe7KQFZ8hi5PghxF-Bk3RBTXD_X74oFHJN7YIwOov3_UUm67qtYWHftI8btC_iA",
            "source": "Bloomberg",
            "source_icon": "https://encrypted-tbn1.gstatic.com/faviconV2?url=https://www.bloomberg.com&client=NEWS_360&size=96&type=FAVICON&fallback_opts=TYPE,SIZE,URL",
            "title": "Hong Kong and China Stocks Are on a Tear. Should You Invest?"
        },
        {
            "link": "https://news.google.com/articles/CBMiUmh0dHBzOi8vd3d3LmF4aW9zLmNvbS8yMDI0LzA1LzEyL21vdGhlcnMtZGF5LXdvbWVuLWVtcGxveW1lbnQtcGFuZGVtaWMtcmVtb3RlLXdvcmvSAQA?hl=en-US&gl=US&ceid=US%3Aen",
            "og": "https://encrypted-tbn3.gstatic.com/images?q=tbn:ANd9GcSb4QWeY9bL4iDph2NU30B4LsWc4x9JK1bAs4qKSWhc0nV08HjYnXHDGZ59K03t9FRB2Rf2D3XjrP489CSGTb6qDQmiRo4uh3wXFNzSqD7Gki58RQ",
            "source": "Axios",
            "source_icon": "https://encrypted-tbn0.gstatic.com/faviconV2?url=https://www.axios.com&client=NEWS_360&size=96&type=FAVICON&fallback_opts=TYPE,SIZE,URL",
            "title": "Mother's Day surprise: More women with children are working than ever before"
        },
        {
            "link": "https://news.google.com/articles/CBMiLmh0dHBzOi8vd3d3LmJiYy5jb20vbmV3cy9hcnRpY2xlcy9jNG4xeWpsbDg3d2_SATJodHRwczovL3d3dy5iYmMuY29tL25ld3MvYXJ0aWNsZXMvYzRuMXlqbGw4N3dvLmFtcA?hl=en-US&gl=US&ceid=US%3Aen",
            "og": "https://encrypted-tbn2.gstatic.com/images?q=tbn:ANd9GcQCsGAo7nxd-giDKW0x6w0lJRv5Y-Ecbweft37ryXNdMIo7wJkeYKBkUU0mBP0nb24Hsmpi0pTjUi1bdJSNRpnYMYv671PqbY8SocDa",
            "source": "BBC.com",
            "source_icon": "https://encrypted-tbn2.gstatic.com/faviconV2?url=https://www.bbc.com&client=NEWS_360&size=96&type=FAVICON&fallback_opts=TYPE,SIZE,URL",
            "title": "Mortgages: More face payments during retirement, data suggests"
        },
        {
            "link": "https://news.google.com/articles/CBMiZWh0dHBzOi8vdmFyaWV0eS5jb20vMjAyNC90di9uZXdzL3VwZnJvbnRzLTIwMjQtbmV0ZmxpeC1uYmN1bml2ZXJzYWwtZGlzbmV5LWFtYXpvbi15b3V0dWJlLTEyMzU5OTk2MDMv0gFpaHR0cHM6Ly92YXJpZXR5LmNvbS8yMDI0L3R2L25ld3MvdXBmcm9udHMtMjAyNC1uZXRmbGl4LW5iY3VuaXZlcnNhbC1kaXNuZXktYW1hem9uLXlvdXR1YmUtMTIzNTk5OTYwMy9hbXAv?hl=en-US&gl=US&ceid=US%3Aen",
            "og": "https://encrypted-tbn0.gstatic.com/images?q=tbn:ANd9GcTmorQO8355qUPlyEGC7datGfm4CFDa5QVevRaSX9Iz2LukRRJtEOEeD-LW0b0vLMgS-unW0Fxh99WhgrdD06J6jdG1nvNax9XcIFY4SJru9jgUfA",
            "source": "Variety",
            "source_icon": "https://encrypted-tbn1.gstatic.com/faviconV2?url=https://variety.com&client=NEWS_360&size=96&type=FAVICON&fallback_opts=TYPE,SIZE,URL",
            "title": "Upfronts 2024: TV Insiders Ready to ‘Sprint’ and Schmooze Again After 2023’s Strike Disruption (FULL CALENDAR)"
        },
        {
            "link": "https://news.google.com/articles/CBMiTGh0dHBzOi8vd3d3LmtjcmEuY29tL2FydGljbGUvc2FjcmFtZW50by1uaWdodGNsdWItYW5ub3VuY2VzLWNsb3N1cmUvNjA3NzAyNzbSAQA?hl=en-US&gl=US&ceid=US%3Aen",
            "og": "https://encrypted-tbn2.gstatic.com/images?q=tbn:ANd9GcRoGptSAyeWtWB3yttMBMXYR3UntsRP0tbUnEg65ujLAvyHToqY3tYbkZedHMd-l-o",
            "source": "KCRA Sacramento",
            "source_icon": "https://encrypted-tbn3.gstatic.com/faviconV2?url=https://www.kcra.com&client=NEWS_360&size=96&type=FAVICON&fallback_opts=TYPE,SIZE,URL",
            "title": "The Park Ultra Lounge in Sacramento announces closure"
        },
        {
            "link": "https://news.google.com/articles/CBMidmh0dHBzOi8vd3d3LmJ1c2luZXNzaW5zaWRlci5jb20vYW1lcmljYW5zLWxvc2luZy1mYWl0aC1lY29ub215LWluZmxhdGlvbi11bml2ZXJzaXR5LW1pY2hpZ2FuLWNvbnN1bWVyLXNlbnRpbWVudC0yMDI0LTXSAXpodHRwczovL3d3dy5idXNpbmVzc2luc2lkZXIuY29tL2FtZXJpY2Fucy1sb3NpbmctZmFpdGgtZWNvbm9teS1pbmZsYXRpb24tdW5pdmVyc2l0eS1taWNoaWdhbi1jb25zdW1lci1zZW50aW1lbnQtMjAyNC01P2FtcA?hl=en-US&gl=US&ceid=US%3Aen",
            "og": "https://encrypted-tbn0.gstatic.com/images?q=tbn:ANd9GcSliCzpsYNLBQOdtHEfU9S8afjwPidjEje0JY9OHNHLFnFinAbPTPH8zCsQfjmivPccSsgRBJMSwo_-DM5r2vT0ekPGSUsZytYkdkmsfTb0QYnXLA",
            "source": "Business Insider",
            "source_icon": "https://encrypted-tbn3.gstatic.com/faviconV2?url=https://www.businessinsider.com&client=NEWS_360&size=96&type=FAVICON&fallback_opts=TYPE,SIZE,URL",
            "title": "Charts: Americans are losing faith in the US economy"
        },
        {
            "link": "https://news.google.com/articles/CBMiZGh0dHBzOi8vd3d3LnBjbWFnLmNvbS9uZXdzL3QtbW9iaWxlLXZlcml6b24tYW5kLWF0dC1yZXF1aXJlZC10by1wYXktMTAyLW1pbGxpb24tb3Zlci1mYWxzZS11bmxpbWl0ZWTSAQA?hl=en-US&gl=US&ceid=US%3Aen",
            "og": "https://encrypted-tbn2.gstatic.com/images?q=tbn:ANd9GcQNIIW7aobEr_5wj-LdiVdV9PpmHAuqJ8ZlJAu-l5_XsSxGHCMPwaUPCn2Fcm-ddSeqe3LoQloovnhbPuEUsNuL61tAbeSHCoVFrhgkXPY1tgBD1g",
            "source": "PCMag",
            "source_icon": "https://encrypted-tbn0.gstatic.com/faviconV2?url=https://www.pcmag.com&client=NEWS_360&size=96&type=FAVICON&fallback_opts=TYPE,SIZE,URL",
            "title": "T-Mobile, Verizon, and AT&T Fined $10.2 Million Over False 'Unlimited' Plan Claims"
        },
        {
            "link": "https://news.google.com/articles/CBMiX2h0dHBzOi8vd3d3LmluZGVwZW5kZW50LmNvLnVrL25ld3Mvd29ybGQvYW1lcmljYXMvbWNkb25hbGRzLWZpdmUtZG9sbGFyLW1lYWwtZGVhbC1iMjU0MzQxOC5odG1s0gEA?hl=en-US&gl=US&ceid=US%3Aen",
            "og": "https://encrypted-tbn2.gstatic.com/images?q=tbn:ANd9GcQwWkso9dduoJiSMhO6p-ucOLOETKeBwED5sWqD0OmC82bKEt1k0sXu-PcwNtIVPrZyuxr3dEhcpsjQCW0jYxonwNMPlJt5007FMXDkgTRz_-KVkw",
            "source": "The Independent",
            "source_icon": "https://encrypted-tbn1.gstatic.com/faviconV2?url=https://www.independent.co.uk&client=NEWS_360&size=96&type=FAVICON&fallback_opts=TYPE,SIZE,URL",
            "title": "McDonald's launches a $5 Meal Deal as inflation-weary consumers ditch fast-food"
        },
        {
            "link": "https://news.google.com/articles/CBMiQ2h0dHBzOi8vZnV0dXJpc20uY29tL3RoZS1ieXRlL3dvcmxkcy1sYXJnZXN0LXN1Y2stY2FyYm9uLWF0bW9zcGhlcmXSAQA?hl=en-US&gl=US&ceid=US%3Aen",
            "og": "https://encrypted-tbn0.gstatic.com/images?q=tbn:ANd9GcTVwq0PCqxszSWoFo6xmMqUZBpb_6zW76_eW-5kEqqSVVT10M39pbV33DUqfhSvEjs-k9hACKyvpLTEjgvT4ziqdcTSfcyk6Ye2yYBBxGSY_fAi6w",
            "source": "Futurism",
            "source_icon": "https://encrypted-tbn3.gstatic.com/faviconV2?url=https://futurism.com&client=NEWS_360&size=96&type=FAVICON&fallback_opts=TYPE,SIZE,URL",
            "title": "World's Largest Vacuum to Suck Carbon From Atmosphere Turns On for First Time"
        },
        {
            "link": "https://news.google.com/articles/CBMiZGh0dHBzOi8vdGhlY3J5cHRvYmFzaWMuY29tLzIwMjQvMDUvMTMvY3VycmVudC14cnAtY3ljbGUtbWF5LXNlZS1wcmljZXMtcmVhY2gtYXMtaGlnaC1hcy0yNTAtYW5hbHlzdC_SAQA?hl=en-US&gl=US&ceid=US%3Aen",
            "og": "https://encrypted-tbn1.gstatic.com/images?q=tbn:ANd9GcQt14FRH2BflRJUI8Ql9aZrMzCjQs0dyWR16av9qqBAnyvcTpnPWL1ujC_AitSrZ9U",
            "source": "The Crypto Basic",
            "source_icon": "https://encrypted-tbn1.gstatic.com/faviconV2?url=https://thecryptobasic.com&client=NEWS_360&size=96&type=FAVICON&fallback_opts=TYPE,SIZE,URL",
            "title": "Current XRP Cycle May See Prices Reach as High as $250: Analyst"
        },
        {
            "link": "https://news.google.com/articles/CBMiXWh0dHBzOi8vd3d3LmJ1c2luZXNzaW5zaWRlci5jb20vZWxvbi1tdXNrLWVuY3J5cHRlZC1tZXNzZW5nZXItYXBwLXdhcnMtdGVsZWdyYW0tc2lnbmFsLTIwMjQtNdIBYWh0dHBzOi8vd3d3LmJ1c2luZXNzaW5zaWRlci5jb20vZWxvbi1tdXNrLWVuY3J5cHRlZC1tZXNzZW5nZXItYXBwLXdhcnMtdGVsZWdyYW0tc2lnbmFsLTIwMjQtNT9hbXA?hl=en-US&gl=US&ceid=US%3Aen",
            "og": "https://encrypted-tbn2.gstatic.com/images?q=tbn:ANd9GcR6z7p-JR--CxYTecrD7_4ked9PKt4tjUEGoVYa6vRfvuRYTnt-0DlF_Qw8lXizUShviFBSnAONQ_5KOrnQJgYFrG2zOX-dLF0ECnnRQAdh6F07vw",
            "source": "Business Insider",
            "source_icon": "https://encrypted-tbn3.gstatic.com/faviconV2?url=https://www.businessinsider.com&client=NEWS_360&size=96&type=FAVICON&fallback_opts=TYPE,SIZE,URL",
            "title": "Elon Musk weighs in on the encryption wars between Telegram and Signal"
        },
        {
            "link": "https://news.google.com/articles/CBMicmh0dHBzOi8vd3d3LnJldXRlcnMuY29tL3dvcmxkL2FzaWEtcGFjaWZpYy9laWdodC1tb3JlLWNoaW5lc2UtY2l0aWVzLWpvaW4taG9uZy1rb25nLXNvbG8tdHJhdmVsLXNjaGVtZS0yMDI0LTA1LTExL9IBAA?hl=en-US&gl=US&ceid=US%3Aen",
            "og": "https://encrypted-tbn3.gstatic.com/images?q=tbn:ANd9GcQmxwKyUO_hNxqSTeg4sL0Hc7xLeS1Jwr1ipeOQAeChF1LbP-WltcjL-EZ3Wr1bNrhiVfOlW4tJxzBkyPkyKo0DjGnru66CWz3w1E3ZeljWY8cygw",
            "source": "Reuters",
            "source_icon": "https://encrypted-tbn2.gstatic.com/faviconV2?url=https://www.reuters.com&client=NEWS_360&size=96&type=FAVICON&fallback_opts=TYPE,SIZE,URL",
            "title": "Eight more Chinese cities join Hong Kong solo travel scheme"
        },
        {
            "link": "https://news.google.com/articles/CBMiUmh0dHBzOi8vd3d3LmNuYmMuY29tLzIwMjQvMDUvMTEvbW90aGVycy1kYXktZm9vZC1mcmVlYmllcy1kaXNjb3VudHMtYW5kLWRlYWxzLmh0bWzSAVZodHRwczovL3d3dy5jbmJjLmNvbS9hbXAvMjAyNC8wNS8xMS9tb3RoZXJzLWRheS1mb29kLWZyZWViaWVzLWRpc2NvdW50cy1hbmQtZGVhbHMuaHRtbA?hl=en-US&gl=US&ceid=US%3Aen",
            "og": "https://encrypted-tbn0.gstatic.com/images?q=tbn:ANd9GcSwrsWCszKRjHDyc3mkntmiWp_RehPpNhMdakxOt1RkA7-O6sQFeIJeGAF06qEY_7wV5GUCZx43sTLFwcev3YfvWfNhgk3xr_oFlsholx--WFo5Sg",
            "source": "CNBC",
            "source_icon": "https://encrypted-tbn0.gstatic.com/faviconV2?url=https://www.cnbc.com&client=NEWS_360&size=96&type=FAVICON&fallback_opts=TYPE,SIZE,URL",
            "title": "From Burger King to Panda Express, 7 places you can get Mother’s Day freebies and discounts this weekend"
        },
        {
            "link": "https://news.google.com/articles/CBMiQGh0dHBzOi8vcGF5bWVudHdlZWsuY29tLzE0MDAtc3RpbXVsdXMtY2hlY2tzLWNvbWluZy1vbi10aGlzLWRheS_SAQA?hl=en-US&gl=US&ceid=US%3Aen",
            "og": "https://encrypted-tbn2.gstatic.com/images?q=tbn:ANd9GcQa7MiB8NjRfGQ5f_kmZ2JX4dB5UluspicKDAqBzEu3gwib25G_-PRvV7nFAUf2mgjv1HmXdIQZabVxRGLLFsetsnpYstY7z2V8wMClnFrnL6npOw",
            "source": "Payment Week",
            "source_icon": "https://encrypted-tbn1.gstatic.com/faviconV2?url=https://paymentweek.com&client=NEWS_360&size=96&type=FAVICON&fallback_opts=TYPE,SIZE,URL",
            "title": "$1400 Stimulus Checks Coming on this Day: Who is Eligible & Know USD 1400 Payment Date"
        },
        {
            "link": "https://news.google.com/articles/CBMicmh0dHBzOi8vd3d3LmJsb29tYmVyZy5jb20vbmV3cy9hcnRpY2xlcy8yMDI0LTA1LTEyL2NoaW5hLXRvLW51cnR1cmUtc3RvY2stcmFsbHktYnktbWFza2luZy1saXZlLWZvcmVpZ24tZmxvd3MtZGF0YdIBAA?hl=en-US&gl=US&ceid=US%3Aen",
            "og": "https://encrypted-tbn0.gstatic.com/images?q=tbn:ANd9GcSJMENBkhkx37WoD1DUp2R-55B_hMz7TwN94l2KpmTnTqCSNcD_xWMjlgkxtq6UeRqboZuzP3LwaPuMEdA1egjeEoVNxXhD6KuGXVFS7-h1crZi_Q",
            "source": "Bloomberg",
            "source_icon": "https://encrypted-tbn1.gstatic.com/faviconV2?url=https://www.bloomberg.com&client=NEWS_360&size=96&type=FAVICON&fallback_opts=TYPE,SIZE,URL",
            "title": "China to Nurture Stock Rally by Masking Live Foreign Flows Data"
        },
        {
            "link": "https://news.google.com/articles/CBMibmh0dHBzOi8vdGVjaGNydW5jaC5jb20vMjAyNC8wNS8xMS90ZXNsYXMtcHJvZml0YWJsZS1zdXBlcmNoYXJnZXItbmV0d29yay1pbi1saW1iby1hZnRlci1tdXNrLWF4ZWQtZW50aXJlLXRlYW0v0gEA?hl=en-US&gl=US&ceid=US%3Aen",
            "og": "https://encrypted-tbn0.gstatic.com/images?q=tbn:ANd9GcSODgWi6NHgYvBGkGyQ3euH8gjFmEPZw-SNe5mr5PODY7Zqf4fftEOizM6lSJ9dD4RVTN1aPxAW31nMbkfNGo4x2PTKhnD26xi2pk8lCmZyFLdUbg",
            "source": "TechCrunch",
            "source_icon": "https://encrypted-tbn1.gstatic.com/faviconV2?url=https://techcrunch.com&client=NEWS_360&size=96&type=FAVICON&fallback_opts=TYPE,SIZE,URL",
            "title": "Tesla’s profitable Supercharger network is in limbo after Musk axed the entire team"
        },
        {
            "link": "https://news.google.com/articles/CBMiaWh0dHBzOi8vc2Vla2luZ2FscGhhLmNvbS9hcnRpY2xlLzQ2OTI0NDMtNS1kaXZpZGVuZC1zdG9ja3MtdG8tYnVpbGQtYS1wb3J0Zm9saW8tZm9yLWNvbnNlcnZhdGl2ZS1yZXRpcmVlc9IBAA?hl=en-US&gl=US&ceid=US%3Aen",
            "og": "https://encrypted-tbn3.gstatic.com/images?q=tbn:ANd9GcRwwockgpPBOiLo03YVy1k7fJojw_mE7COqFbgobfKPFkD_XQzRlO8xw8KPa8QRFJRf5voyqhGtjQ3MM6wZvSkAlprSQ0_bU2dXOHugH7Oj_MP7Gg",
            "source": "Seeking Alpha",
            "source_icon": "https://encrypted-tbn3.gstatic.com/faviconV2?url=https://seekingalpha.com&client=NEWS_360&size=96&type=FAVICON&fallback_opts=TYPE,SIZE,URL",
            "title": "5 Dividend Stocks To Build A Portfolio For Conservative Retirees"
        },
        {
            "link": "https://news.google.com/articles/CBMiUGh0dHBzOi8vY25ldnBvc3QuY29tLzIwMjQvMDUvMTEvYXV0b21ha2VyLXNoYXJlLW9mLWNoaW5hLW5ldi1tYXJrZXQtaW4tYXByLTIwMjQv0gEA?hl=en-US&gl=US&ceid=US%3Aen",
            "og": "https://encrypted-tbn1.gstatic.com/images?q=tbn:ANd9GcRuEY85WDR4TNPWG379u--2FXgDXJI40zikJF1angczSd-VguXb2RVXRHF9kSgxgtBKf1d_1kWA1o36GOtTGTYa0D3Cw6BNDNSzwI0BvhUL-JW1MA",
            "source": "CnEVPost",
            "source_icon": "https://encrypted-tbn2.gstatic.com/faviconV2?url=https://cnevpost.com&client=NEWS_360&size=96&type=FAVICON&fallback_opts=TYPE,SIZE,URL",
            "title": "Automakers' share of China NEV market in Apr: BYD tops with 37.5%, Tesla 5th with 4.6%"
        },
        {
            "link": "https://news.google.com/articles/CBMiV2h0dHBzOi8vd3d3LmF4aW9zLmNvbS8yMDI0LzA1LzEzL2Vhcmx5LXJldGlyZW1lbnQtaG93LXJlYWxpc3RpYy1zdG9jay1tYXJrZXQtaW52ZXN0bWVudNIBAA?hl=en-US&gl=US&ceid=US%3Aen",
            "og": "https://encrypted-tbn2.gstatic.com/images?q=tbn:ANd9GcRg-JFAbtayoo98ZuyenVwv3IKE5RXmhriRptDTm4eMf8UzPolrTB3SiwwIVSqUOJs6QPKRZWmOM3a1mnwQZOzdkOi_-HaibX64zldSEq5ZP3wGEA",
            "source": "Axios",
            "source_icon": "https://encrypted-tbn0.gstatic.com/faviconV2?url=https://www.axios.com&client=NEWS_360&size=96&type=FAVICON&fallback_opts=TYPE,SIZE,URL",
            "title": "How early retirement became realistic after stock market booms"
        },
        {
            "link": "https://news.google.com/articles/CBMiP2h0dHBzOi8vd3d3LmZ0LmNvbS9jb250ZW50L2M3MzhlMjZjLWNlNWItNDA5Yy04NmIyLTM5MzM2Zjg5M2RkY9IBAA?hl=en-US&gl=US&ceid=US%3Aen",
            "og": "https://encrypted-tbn2.gstatic.com/images?q=tbn:ANd9GcSLgKS6sXPzmXvEgJGkrXOHJRQ7y82f5_84zbkJKfSkYbmQ-8NhipzFcHedBBit45_bPvIq4hmD68ZC07ljHRqILow5SsN9zQOJ3HGaSMEs9d0Biw",
            "source": "Financial Times",
            "source_icon": "https://encrypted-tbn2.gstatic.com/faviconV2?url=https://www.ft.com&client=NEWS_360&size=96&type=FAVICON&fallback_opts=TYPE,SIZE,URL",
            "title": "China's EV sector to test offshore markets after Zeekr's strong US IPO"
        },
        {
            "link": "https://news.google.com/articles/CBMiTmh0dHBzOi8vZmluYW5jZS55YWhvby5jb20vbmV3cy9hcHBsZS1qdXN0LWFubm91bmNlZC0xMTAtYmlsbGlvbi0yMzA5MDA5MTIuaHRtbNIBAA?hl=en-US&gl=US&ceid=US%3Aen",
            "og": "https://encrypted-tbn1.gstatic.com/images?q=tbn:ANd9GcSw9A3qBkqMI4gFwvZYcTKQB5WH1Epu_VAggNwWyN_UMSZzIx69wwo_VhpI34qRL9jPJwAvuCLnJMqb5M5_VgeIeRET179noOv4mSaEj-zMGZL5vA",
            "source": "Yahoo Finance",
            "source_icon": "https://encrypted-tbn1.gstatic.com/faviconV2?url=https://finance.yahoo.com&client=NEWS_360&size=96&type=FAVICON&fallback_opts=TYPE,SIZE,URL",
            "title": "Apple Just Announced a $110 Billion Stock Buyback. Here's Why I Still Wouldn't Buy the Stock."
        },
        {
            "link": "https://news.google.com/articles/CBMiNmh0dHBzOi8vcGF5bWVudHdlZWsuY29tLzQ1MDAtc29jaWFsLXNlY3VyaXR5LXBheW1lbnRzL9IBAA?hl=en-US&gl=US&ceid=US%3Aen",
            "og": "https://encrypted-tbn3.gstatic.com/images?q=tbn:ANd9GcSq12KyTa08wH8tW7sevJLNY12vZdJleeqxeMw0aj5qkf1DDc4XbhURIAjbf3JD0mh2hwAfC4I2xlOfrhAIuwN1uOTONdRvo_DvidV8rEURB8qt7Q",
            "source": "Payment Week",
            "source_icon": "https://encrypted-tbn1.gstatic.com/faviconV2?url=https://paymentweek.com&client=NEWS_360&size=96&type=FAVICON&fallback_opts=TYPE,SIZE,URL",
            "title": "$4500 Social Security Payments 2024: Who is Eligible and When Will You Get this Deposit?"
        },
        {
            "link": "https://news.google.com/articles/CBMicmh0dHBzOi8vd3d3LmJsb29tYmVyZy5jb20vbmV3cy9mZWF0dXJlcy8yMDI0LTA1LTEyL2NoaXAtdGVjaG5vbG9neS1zcGVuZGluZy1nZXRzLTgxLWJpbGxpb24tYm9vc3QtaW4tY2hpbmEtcml2YWxyedIBAA?hl=en-US&gl=US&ceid=US%3Aen",
            "og": "https://encrypted-tbn2.gstatic.com/images?q=tbn:ANd9GcRqDLe-SsN4fvMwb224ptfK4HOCSIkMw9GN3v9Me3ceX7ca7v0wYDjl1tH_ZqVKpqbqZRqR_p185zep5FsE-5RylTrrGzv2QmaOXPfFQhycMKZd-w",
            "source": "Bloomberg",
            "source_icon": "https://encrypted-tbn1.gstatic.com/faviconV2?url=https://www.bloomberg.com&client=NEWS_360&size=96&type=FAVICON&fallback_opts=TYPE,SIZE,URL",
            "title": "Chip Technology Spending Gets $81 Billion Boost in China Rivalry"
        },
        {
            "link": "https://news.google.com/articles/CBMiWmh0dHBzOi8vZm9ydHVuZS5jb20vMjAyNC8wNS8xMS9jaGluYS1lY29ub215LW91dGxvb2stZGVhZC1lbmQtZXhwb3J0cy1tYW51ZmFjdHVyaW5nLXRyYWRlL9IBAA?hl=en-US&gl=US&ceid=US%3Aen",
            "og": "https://encrypted-tbn2.gstatic.com/images?q=tbn:ANd9GcRe7GBhkZ28qGLI2_PxcfZzr32AvOXDX5NgmsiwLRhg29ps2grdHpIZQah0L-POhZwyhLKnurOG2m-ttHmfO30ybHsbrP1KaMXcoa0kEXWQxqQxKg",
            "source": "Fortune",
            "source_icon": "https://encrypted-tbn3.gstatic.com/faviconV2?url=https://fortune.com&client=NEWS_360&size=96&type=FAVICON&fallback_opts=TYPE,SIZE,URL",
            "title": "China's economy is headed for a 'dead-end,' and Beijing won't do anything to stop that, scholar says"
        },
        {
            "link": "https://news.google.com/articles/CBMicWh0dHBzOi8vd3d3LmJ1c2luZXNzaW5zaWRlci5jb20vd2FycmVuLWJ1ZmZldHQtYmVya3NoaXJlLWFwcGxlLXN0b2NrLXNhbGVzLWRpZXRyaWNoLW1hcmtldC1jcmFzaC1yZWNlc3Npb24tMjAyNC010gF1aHR0cHM6Ly93d3cuYnVzaW5lc3NpbnNpZGVyLmNvbS93YXJyZW4tYnVmZmV0dC1iZXJrc2hpcmUtYXBwbGUtc3RvY2stc2FsZXMtZGlldHJpY2gtbWFya2V0LWNyYXNoLXJlY2Vzc2lvbi0yMDI0LTU_YW1w?hl=en-US&gl=US&ceid=US%3Aen",
            "og": "https://encrypted-tbn3.gstatic.com/images?q=tbn:ANd9GcSXi2jggf1vF_UBhaLQrpH9igzWr0J_xFItLDhmFeWlr6ru1rQhcXRvdXnQIB7YhHVA5lNSYDGdItwVHW928lkct3r6bomIaUq0MgvmhOGXtbxj-Q",
            "source": "Business Insider",
            "source_icon": "https://encrypted-tbn3.gstatic.com/faviconV2?url=https://www.businessinsider.com&client=NEWS_360&size=96&type=FAVICON&fallback_opts=TYPE,SIZE,URL",
            "title": "Buffett sold stocks at high, will pounce in crash, recession: Dietrich"
        },
        {
            "link": "https://news.google.com/articles/CBMiNGh0dHBzOi8vd3d3LnRlc2xhcmF0aS5jb20vdGVzbGEtbGltaXRlZC1hcHItbW9kZWwteS_SAThodHRwczovL3d3dy50ZXNsYXJhdGkuY29tL3Rlc2xhLWxpbWl0ZWQtYXByLW1vZGVsLXkvYW1wLw?hl=en-US&gl=US&ceid=US%3Aen",
            "og": "https://encrypted-tbn3.gstatic.com/images?q=tbn:ANd9GcQtq8WxoVML8q4TKo8gDb9kub0Xia8dWEHwAYi3pIPhTytSA43XEYKFKuZ39VofjyxCzqmf0l4vJe7fAchz90rIEza907nsMod7v8AkXNjzSw50aw",
            "source": "TESLARATI",
            "source_icon": "https://encrypted-tbn2.gstatic.com/faviconV2?url=https://www.teslarati.com&client=NEWS_360&size=96&type=FAVICON&fallback_opts=TYPE,SIZE,URL",
            "title": "Tesla launches limited-time 0.99% APR loan rate on U.S. Model Y orders"
        },
        {
            "link": "https://news.google.com/articles/CBMicWh0dHBzOi8vZmluYW5jZS55YWhvby5jb20vbmV3cy91dGlsaXR5LXN0b2Nrcy1hcmUtb24tZmlyZS0taGVyZS1hcmUtd2FsbC1zdHJlZXQtYW5hbHlzdHMtdG9wLXBpY2tzLTE1MzgwODAyMC5odG1s0gEA?hl=en-US&gl=US&ceid=US%3Aen",
            "og": "https://encrypted-tbn0.gstatic.com/images?q=tbn:ANd9GcT8dg6dWuM38AKi_iIeOjLlBo4I6LQJpn2po3lKkFBEUwMU9iworKdGaWwRk2BTfqqCNHWEFJkbV9lUNrFfYsCOLc0_W8bkMI2r5U7ACB1wb_QMfg",
            "source": "Yahoo Finance",
            "source_icon": "https://encrypted-tbn1.gstatic.com/faviconV2?url=https://finance.yahoo.com&client=NEWS_360&size=96&type=FAVICON&fallback_opts=TYPE,SIZE,URL",
            "title": "Utility stocks are on fire — here are Wall Street analysts' top picks"
        },
        {
            "link": "https://news.google.com/articles/CBMiX2h0dHBzOi8vd3d3LmRhaWx5bWFpbC5jby51ay9uZXdzL2FydGljbGUtMTMzOTY1MjkvYW1lcmljYS1yZXN0YXVyYW50LWNsb3N1cmVzLW1pZHdlc3QtaW93YS5odG1s0gFjaHR0cHM6Ly93d3cuZGFpbHltYWlsLmNvLnVrL25ld3MvYXJ0aWNsZS0xMzM5NjUyOS9hbXAvYW1lcmljYS1yZXN0YXVyYW50LWNsb3N1cmVzLW1pZHdlc3QtaW93YS5odG1s?hl=en-US&gl=US&ceid=US%3Aen",
            "og": "https://encrypted-tbn0.gstatic.com/images?q=tbn:ANd9GcT2Jeu5_YRtS5Dhj_1D0umo3chZk0OZGZ0thj_HCJUKhAAhr9qvBaJqk4rd8bSBtOy55w2zs3w0cAWH5mCpIb9-ypQCUqdycImha1IGnCw23hPAIA",
            "source": "Daily Mail",
            "source_icon": "https://encrypted-tbn1.gstatic.com/faviconV2?url=https://www.dailymail.co.uk&client=NEWS_360&size=96&type=FAVICON&fallback_opts=TYPE,SIZE,URL",
            "title": "A 'perfect storm' is wiping out America's restaurants - here's why the Midwest is hardest hit by closures"
        },
        {
            "link": "https://news.google.com/articles/CBMiRWh0dHBzOi8vaW50ZXJlc3RpbmdlbmdpbmVlcmluZy5jb20vY3VsdHVyZS9haS1kZWNlaXZlLWh1bWFucy1yZXNlYXJjaNIBAA?hl=en-US&gl=US&ceid=US%3Aen",
            "og": "https://encrypted-tbn3.gstatic.com/images?q=tbn:ANd9GcTSCry3wAkIPFnUhyXMOczX3ZoCwYi_unuQPlDW8RvgXj2jAHAYWqTz6QhHgWix04jHgjg0zMC6__OFGTzWiDKY9jVXGdXABKUHolMRd3E7el5Lgw",
            "source": "Interesting Engineering",
            "source_icon": "https://encrypted-tbn3.gstatic.com/faviconV2?url=https://interestingengineering.com&client=NEWS_360&size=96&type=FAVICON&fallback_opts=TYPE,SIZE,URL",
            "title": "AI systems develop ability to deceive humans, finds research"
        },
        {
            "link": "https://news.google.com/articles/CBMiP2h0dHBzOi8vd3d3LmZ0LmNvbS9jb250ZW50L2Y2OWI0ZjMwLWViYjMtNDMwOC1hYTQ5LWIwN2ZiOGRjMWRjZNIBAA?hl=en-US&gl=US&ceid=US%3Aen",
            "og": "https://encrypted-tbn3.gstatic.com/images?q=tbn:ANd9GcSstsw58p1Ga9VAm1szH0VRu4Uc8dFRp7A-35fY7KxrK5oft_6Ol-oufeiL3U8wOlD8_ZDw2CPm5mZEaALeW5XiseQvjqsL2VqupqR0WqQwgauGoA",
            "source": "Financial Times",
            "source_icon": "https://encrypted-tbn2.gstatic.com/faviconV2?url=https://www.ft.com&client=NEWS_360&size=96&type=FAVICON&fallback_opts=TYPE,SIZE,URL",
            "title": "US shale companies accused of collusion over oil price"
        },
        {
            "link": "https://news.google.com/articles/CBMiW2h0dHBzOi8vd3d3LnRlc2xhcmF0aS5jb20vbmV3LXRlc2xhLW1vZGVsLTMtcGVyZm9ybWFuY2UtZGV0YWlscy1naWdhLXNoYW5naGFpLW1paXQtY2F0YWxvZy_SAV9odHRwczovL3d3dy50ZXNsYXJhdGkuY29tL25ldy10ZXNsYS1tb2RlbC0zLXBlcmZvcm1hbmNlLWRldGFpbHMtZ2lnYS1zaGFuZ2hhaS1taWl0LWNhdGFsb2cvYW1wLw?hl=en-US&gl=US&ceid=US%3Aen",
            "og": "https://encrypted-tbn1.gstatic.com/images?q=tbn:ANd9GcTi6LIG_HnrBXUksoZOUXEBBGYwOjw-oTgk9l2GlzA_wv_xKj_z_2nyQLLwl3Ys-5aD91nB6KjJJHOKutIUAnZGUyUL4g7I-CH_Li8pmbb_uuv9kQ",
            "source": "TESLARATI",
            "source_icon": "https://encrypted-tbn2.gstatic.com/faviconV2?url=https://www.teslarati.com&client=NEWS_360&size=96&type=FAVICON&fallback_opts=TYPE,SIZE,URL",
            "title": "New Tesla Model 3 Performance details from Giga Shanghai revealed in MIIT catalog"
        },
        {
            "link": "https://news.google.com/articles/CBMiigFodHRwczovL3d3dy5rZ3cuY29tL2FydGljbGUvbmV3cy9sb2NhbC9wb3J0bGFuLWZpcnN0LXNvbWFsaS1vd25lZC1sYXRlLW5pZ2h0LWNvZmZlZS1zaG9wLW9sZC10b3duLzI4My05M2QxZTRjMS1iN2Y4LTRlZDMtOGYzOS1kN2QyOGM5MDMxZGXSAQA?hl=en-US&gl=US&ceid=US%3Aen",
            "og": "https://encrypted-tbn1.gstatic.com/images?q=tbn:ANd9GcQZQsc-3sGUS7ABSq6FClncj587hRg0mz_aibMq1dOOiFclXXNi2B-cEO_XK-WAqGPpVU6NENkv8LVPF99fJjBG7IYiirNywOuF2mxvn5TjqGGuxA",
            "source": "KGW.com",
            "source_icon": "https://encrypted-tbn0.gstatic.com/faviconV2?url=https://www.kgw.com&client=NEWS_360&size=96&type=FAVICON&fallback_opts=TYPE,SIZE,URL",
            "title": "'Our space is open to all': Portland's first Somali-owned late night coffee shop in Old Town"
        },
        {
            "link": "https://news.google.com/articles/CBMigwFodHRwczovL3RoZWhpbGwuY29tL2J1c2luZXNzL3BlcnNvbmFsLWZpbmFuY2UvNDY1OTUzMy1nZW4tei1pcy1zdHJ1Z2dsaW5nLWZpbmFuY2lhbGx5LW1vcmUtdGhhbi1taWxsZW5uaWFscy1kaWQtYXQtdGhlaXItYWdlLXN0dWR5L9IBhwFodHRwczovL3RoZWhpbGwuY29tL2J1c2luZXNzL3BlcnNvbmFsLWZpbmFuY2UvNDY1OTUzMy1nZW4tei1pcy1zdHJ1Z2dsaW5nLWZpbmFuY2lhbGx5LW1vcmUtdGhhbi1taWxsZW5uaWFscy1kaWQtYXQtdGhlaXItYWdlLXN0dWR5L2FtcC8?hl=en-US&gl=US&ceid=US%3Aen",
            "og": "https://encrypted-tbn2.gstatic.com/images?q=tbn:ANd9GcQDRtwzs_4X1qQnefXZ3ktjY7NmNQQuXxNuNdCPqYGp8XiqkvmTa1g5fTS9J7FvzNaAV6I5x9MXAtcD_Hp5SV8ZEM-fV0i8vCwwY30nLRcslw55RQ",
            "source": "The Hill",
            "source_icon": "https://encrypted-tbn2.gstatic.com/faviconV2?url=https://thehill.com&client=NEWS_360&size=96&type=FAVICON&fallback_opts=TYPE,SIZE,URL",
            "title": "Gen Z is struggling financially more than Millennials did at their age: Study"
        },
        {
            "link": "https://news.google.com/articles/CBMiaGh0dHBzOi8vd3d3LmJ1c2luZXNzaW5zaWRlci5jb20vdGltLWNvb2stcG90ZW50aWFsLXN1Y2Nlc3NvcnMtY2VvLWFwcGxlLWpvaG4tdGVybnVzLWplZmYtd2lsbGlhbXMtMjAyNC010gFsaHR0cHM6Ly93d3cuYnVzaW5lc3NpbnNpZGVyLmNvbS90aW0tY29vay1wb3RlbnRpYWwtc3VjY2Vzc29ycy1jZW8tYXBwbGUtam9obi10ZXJudXMtamVmZi13aWxsaWFtcy0yMDI0LTU_YW1w?hl=en-US&gl=US&ceid=US%3Aen",
            "og": "https://encrypted-tbn2.gstatic.com/images?q=tbn:ANd9GcRUPhWVZb3PWw-LuYNQO_SghJorQMs4EJNl6uPsN43xyStdAHOr4WkaU8hEi5FHNryrYiQMIHZTLLfa9SafoyJwFGwJaYaAuX7da9yPiqD0850Kfw",
            "source": "Business Insider",
            "source_icon": "https://encrypted-tbn3.gstatic.com/faviconV2?url=https://www.businessinsider.com&client=NEWS_360&size=96&type=FAVICON&fallback_opts=TYPE,SIZE,URL",
            "title": "Apple execs that could replace CEO Tim Cook: Bloomberg"
        },
        {
            "link": "https://news.google.com/articles/CBMiUmh0dHBzOi8vY29pbnRlbGVncmFwaC5jb20vbmV3cy9jcGktNjBrLWJ0Yy1wcmljZS1iYXR0bGUtNS10aGluZ3MtYml0Y29pbi10aGlzLXdlZWvSAQA?hl=en-US&gl=US&ceid=US%3Aen",
            "og": "https://encrypted-tbn0.gstatic.com/images?q=tbn:ANd9GcQFhbnBI0AplbnYhqFEp0cOd37BTtKa6ih0Tbn3-_47dvYFiHcnup7_2es6qOZ3TxA",
            "source": "Cointelegraph",
            "source_icon": "https://encrypted-tbn1.gstatic.com/faviconV2?url=https://cointelegraph.com&client=NEWS_360&size=96&type=FAVICON&fallback_opts=TYPE,SIZE,URL",
            "title": "CPI meets $60K BTC price battle — 5 things to know in Bitcoin this week"
        },
        {
            "link": "https://news.google.com/articles/CBMiPGh0dHBzOi8vYml0Y29pbmlzdC5jb20vdHJ1bXAtYml0Y29pbi1hZ2VuZGEtaW5kdXN0cnktZXhwZXJ0L9IBQGh0dHBzOi8vYml0Y29pbmlzdC5jb20vdHJ1bXAtYml0Y29pbi1hZ2VuZGEtaW5kdXN0cnktZXhwZXJ0L2FtcC8?hl=en-US&gl=US&ceid=US%3Aen",
            "og": "https://encrypted-tbn1.gstatic.com/images?q=tbn:ANd9GcRMRm3jFu8asI6Z2eNJQd03VFFaeewwljdZXp5Ffzya6CyHdzxUiCbC57P6lsf22miuyKhWGsH6SHUTDhJ_mbuwEudWxH6sOBuUUeQIw8ADdUnyBw",
            "source": "Bitcoinist",
            "source_icon": "https://encrypted-tbn1.gstatic.com/faviconV2?url=https://bitcoinist.com&client=NEWS_360&size=96&type=FAVICON&fallback_opts=TYPE,SIZE,URL",
            "title": "Trump Campaign Develops Bitcoin Agenda With Industry Expert"
        },
        {
            "link": "https://news.google.com/articles/CBMiUGh0dHBzOi8vZmluYW5jZS55YWhvby5jb20vbmV3cy9mb3J0LXdvcnRocy10YWxsZXN0LWJ1aWxkaW5nLXNlbGxzLTExMTc0MjYxNS5odG1s0gEA?hl=en-US&gl=US&ceid=US%3Aen",
            "og": "https://encrypted-tbn2.gstatic.com/images?q=tbn:ANd9GcTFRnRItsYPyXO7CeJtganNQDnRWMRJFMWGjjHDAorsLg-TuzLY0XOC9a6FqOTlb0OAVYjsnKYnrAoBCzzi-EJc5fqkSEc8fWwTfH6YBTc0K1B7lA",
            "source": "Yahoo Finance",
            "source_icon": "https://encrypted-tbn1.gstatic.com/faviconV2?url=https://finance.yahoo.com&client=NEWS_360&size=96&type=FAVICON&fallback_opts=TYPE,SIZE,URL",
            "title": "Fort Worth's tallest building sells for just $12.3M at auction in stunning price drop"
        },
        {
            "link": "https://news.google.com/articles/CBMiZGh0dHBzOi8vd3d3LnNjaWVuY2VhbGVydC5jb20vYS1zZXJpb3VzLWhpZGRlbi1yaXNrLWlzLWJ1aWx0LWludG8tdmlydHVhbGx5LWV2ZXJ5LWNhci1zY2llbnRpc3RzLXdhcm7SAQA?hl=en-US&gl=US&ceid=US%3Aen",
            "og": "https://encrypted-tbn2.gstatic.com/images?q=tbn:ANd9GcQquR8eGO9FbIzIqGLp_71rPXblAZtSw6MOqizzSCGks7uVTc9dlHl8i3knJ1AJwFqPL9FgwWFo7q1RhS95HGILRIYwUd2j-MuX1ksv_SuZ7WJPwQ",
            "source": "ScienceAlert",
            "source_icon": "https://encrypted-tbn2.gstatic.com/faviconV2?url=https://www.sciencealert.com&client=NEWS_360&size=96&type=FAVICON&fallback_opts=TYPE,SIZE,URL",
            "title": "A Serious Hidden Risk Is Built Into Virtually Every Car, Scientists Warn"
        },
        {
            "link": "https://news.google.com/articles/CBMibGh0dHBzOi8vd3d3LmZveGJ1c2luZXNzLmNvbS9mb3gtbmV3cy1oZWFsdGgvZmRhLWlzc3Vlcy1tb3N0LXNlcmlvdXMtdHlwZS1yZWNhbGwtaW5zdWxpbi1wdW1wLXJlbGF0ZWQtaW9zLWFwcNIBcGh0dHBzOi8vd3d3LmZveGJ1c2luZXNzLmNvbS9mb3gtbmV3cy1oZWFsdGgvZmRhLWlzc3Vlcy1tb3N0LXNlcmlvdXMtdHlwZS1yZWNhbGwtaW5zdWxpbi1wdW1wLXJlbGF0ZWQtaW9zLWFwcC5hbXA?hl=en-US&gl=US&ceid=US%3Aen",
            "og": "https://encrypted-tbn0.gstatic.com/images?q=tbn:ANd9GcR567m1q2_94aMgKSY-DcpTQ31cDdo9BB8oWvFUoDMhbAXIVf-8pV0PUVHG0PT8cDk0O4YLKxUJvXqz52mJEJzvnGDFwa8mxUyRp5onaALlUpeJCw",
            "source": "Fox Business",
            "source_icon": "https://encrypted-tbn1.gstatic.com/faviconV2?url=https://www.foxbusiness.com&client=NEWS_360&size=96&type=FAVICON&fallback_opts=TYPE,SIZE,URL",
            "title": "FDA issues 'most serious type of recall' for insulin pump-related iOS app"
        },
        {
            "link": "https://news.google.com/articles/CBMicmh0dHBzOi8vd3d3LnJldXRlcnMuY29tL3RlY2hub2xvZ3kvc291dGgta29yZWEtcHJlcGFyZXMtc3VwcG9ydC1wYWNrYWdlLXdvcnRoLW92ZXItNy1ibG4tY2hpcC1pbmR1c3RyeS0yMDI0LTA1LTEyL9IBAA?hl=en-US&gl=US&ceid=US%3Aen",
            "og": "https://encrypted-tbn1.gstatic.com/images?q=tbn:ANd9GcQpx2uwiULwQuISL0vuStT4BDxlo9sZGIH_AKxQYad3eTjPLpHBb1wnxN0fg11G9jnNlgK7WXrt0TaW72mvrrNFlfnBf-_x_zMJj2om7iKFqgKapg",
            "source": "Reuters",
            "source_icon": "https://encrypted-tbn2.gstatic.com/faviconV2?url=https://www.reuters.com&client=NEWS_360&size=96&type=FAVICON&fallback_opts=TYPE,SIZE,URL",
            "title": "South Korea prepares support package worth over $7 billion for chip industry"
        },
        {
            "link": "https://news.google.com/articles/CBMidWh0dHBzOi8vd3d3LnJldXRlcnMuY29tL2J1c2luZXNzL2Flcm9zcGFjZS1kZWZlbnNlL2x1ZnRoYW5zYS1ib3NzLXZlbnRzLWZydXN0cmF0aW9uLWFib3V0LWJvZWluZy1wcm9ibGVtcy0yMDI0LTA1LTEyL9IBAA?hl=en-US&gl=US&ceid=US%3Aen",
            "og": "https://encrypted-tbn3.gstatic.com/images?q=tbn:ANd9GcQ6ylJ_msvq4dtLGjfYGL49DnVRAZYrVTcpcUwWD5jGn9fsdYtF_2IzGFnNa-TW4pyKXBBaes_rrcFHNGDIXZo_i9ZK-9qrgtEOXKxihDmP8Vju9Q",
            "source": "Reuters",
            "source_icon": "https://encrypted-tbn2.gstatic.com/faviconV2?url=https://www.reuters.com&client=NEWS_360&size=96&type=FAVICON&fallback_opts=TYPE,SIZE,URL",
            "title": "Lufthansa boss vents frustration about Boeing problems"
        },
        {
            "link": "https://news.google.com/articles/CBMiSGh0dHBzOi8vd3d3LnNmY2hyb25pY2xlLmNvbS9mb29kL2FydGljbGUvc3JpcmFjaGEtaG90LXNhdWNlLTE5NDUzNzQwLnBocNIBAA?hl=en-US&gl=US&ceid=US%3Aen",
            "og": "https://encrypted-tbn0.gstatic.com/images?q=tbn:ANd9GcQPgFzCa5ZKgLJZuyTxU933O3vM9d0vKXgEWXVy1SqPiSg7gkLnteZUCfAvq9KTGD5PXl22K0u7yDj7wgSMFEeJLP73agxiZs8KFTfOMbXtERabyA",
            "source": "San Francisco Chronicle",
            "source_icon": "https://encrypted-tbn3.gstatic.com/faviconV2?url=https://www.sfchronicle.com&client=NEWS_360&size=96&type=FAVICON&fallback_opts=TYPE,SIZE,URL",
            "title": "Popular Sriracha hot sauce is halting production for months. Here's why"
        },
        {
            "link": "https://news.google.com/articles/CBMiQmh0dHBzOi8vd3d3Lmdpem1vY2hpbmEuY29tLzIwMjQvMDUvMTIvcXVhbGNvbW0tcmV2ZW51ZS1odWF3ZWktYmFuL9IBAA?hl=en-US&gl=US&ceid=US%3Aen",
            "og": "https://encrypted-tbn2.gstatic.com/images?q=tbn:ANd9GcSusViAQjDu6LARguGgofGZZbvtUE1cuUAENzPE4YanS-U6WijKnVlqVJRfRdarHB9ePruhkXTeXtWAF7hhqBqLMDzQACWIrODqJnUm7eJzDTIbSg",
            "source": "gizmochina",
            "source_icon": "https://encrypted-tbn0.gstatic.com/faviconV2?url=https://www.gizmochina.com&client=NEWS_360&size=96&type=FAVICON&fallback_opts=TYPE,SIZE,URL",
            "title": "Qualcomm says it's not expecting any revenue from Huawei after 2024"
        },
        {
            "link": "https://news.google.com/articles/CBMiWmh0dHBzOi8vd3d3LmNuYmMuY29tLzIwMjQvMDUvMTMvdGltZS10by1idXktbnZpZGlhLW52ZGEtc3RvY2stZnVuZC1tYW5hZ2Vycy13ZWlnaC1pbi0uaHRtbNIBAA?hl=en-US&gl=US&ceid=US%3Aen",
            "og": "https://encrypted-tbn0.gstatic.com/images?q=tbn:ANd9GcQDxoEDtFAysenbWB2YnemiFyxdz9lEGRLway0IukLmbwKSDuFRTJeq2eUzv4pgnr3FG44l6bc6EQr0k-PDW8dWO-HY-0CdUFcCAz3JJNo6K2GSjw",
            "source": "CNBC",
            "source_icon": "https://encrypted-tbn0.gstatic.com/faviconV2?url=https://www.cnbc.com&client=NEWS_360&size=96&type=FAVICON&fallback_opts=TYPE,SIZE,URL",
            "title": "Time to buy Nvidia NVDA stock? Fund managers weigh in"
        },
        {
            "link": "https://news.google.com/articles/CBMiVWh0dHBzOi8vd3d3Lndhc2hpbmd0b25wb3N0LmNvbS90ZWNobm9sb2d5LzIwMjQvMDUvMTIvYWktZGVlcGZha2VzLWRldGVjdGlvbi1pbmR1c3RyeS_SAQA?hl=en-US&gl=US&ceid=US%3Aen",
            "og": "https://encrypted-tbn3.gstatic.com/images?q=tbn:ANd9GcR8rbdYj2hJXeKaZwCTSeVNI8lRS9QmvKa3vjAdmBOVEmVVpKstClvf11EuhQ4LVMw65N9bPFZed5Th_07ChwaLkiSKI_w4WYI3YLAsJHGTv9bM9w",
            "source": "The Washington Post",
            "source_icon": "https://encrypted-tbn3.gstatic.com/faviconV2?url=https://www.washingtonpost.com&client=NEWS_360&size=96&type=FAVICON&fallback_opts=TYPE,SIZE,URL",
            "title": "Surge of new AI firms claim to offer hyperaccurate deepfake detection"
        },
        {
            "link": "https://news.google.com/articles/CBMilwFodHRwczovL3d3dy5tYXJrZXR3YXRjaC5jb20vc3RvcnkvYmlnLXJldGFpbGVycy1yZXBvcnQtYXMtcTEtZWFybmluZ3Mtd2luZC1kb3duLXRoaXMtY29tcGFueS1oYXMtYmVlbi10aGUtYmlnZ2VzdC1kcmFnLW9uLXRoZS1zLXAtNTAwcy1yZXN1bHRzLTAzZTQzMzBj0gGbAWh0dHBzOi8vd3d3Lm1hcmtldHdhdGNoLmNvbS9hbXAvc3RvcnkvYmlnLXJldGFpbGVycy1yZXBvcnQtYXMtcTEtZWFybmluZ3Mtd2luZC1kb3duLXRoaXMtY29tcGFueS1oYXMtYmVlbi10aGUtYmlnZ2VzdC1kcmFnLW9uLXRoZS1zLXAtNTAwcy1yZXN1bHRzLTAzZTQzMzBj?hl=en-US&gl=US&ceid=US%3Aen",
            "og": "https://encrypted-tbn2.gstatic.com/images?q=tbn:ANd9GcRqL-grrRdTnfSnx-MqCbez7V7whNmWbrr1zoJ1JeddcIve8T7Aq96X4s3lJrkQIt6dcFqjVmone-ux0Bm8a9DDYoBd0iq6w_JhmVNSlZKd9JoRyA",
            "source": "MarketWatch",
            "source_icon": "https://encrypted-tbn1.gstatic.com/faviconV2?url=https://www.marketwatch.com&client=NEWS_360&size=96&type=FAVICON&fallback_opts=TYPE,SIZE,URL",
            "title": "This company has been the biggest drag on the S&P 500’s results this quarter"
        },
        {
            "link": "https://news.google.com/articles/CBMibmh0dHBzOi8vYXNpYS5uaWtrZWkuY29tL0J1c2luZXNzL1RlY2hub2xvZ3kvWWVuLXMtZmFsbC1oaWdobGlnaHRzLUphcGFuLXMtb3ZlcnJlbGlhbmNlLW9uLW92ZXJzZWFzLXRlY2gtZ2lhbnRz0gEA?hl=en-US&gl=US&ceid=US%3Aen",
            "og": "https://encrypted-tbn0.gstatic.com/images?q=tbn:ANd9GcQWE9zt5JK2GgH3cb9Lnvy_7p6a0TIjuDvBfJXvBdyxGJX30aDRS1OhobuVQBMyYl-XWypbe49N29TF3NE3vZR-UeMYx3Wi-Mxs1EXbQsKU5UHAfA",
            "source": "Nikkei Asia",
            "source_icon": "https://encrypted-tbn2.gstatic.com/faviconV2?url=https://asia.nikkei.com&client=NEWS_360&size=96&type=FAVICON&fallback_opts=TYPE,SIZE,URL",
            "title": "Yen's fall highlights Japan's overreliance on overseas tech giants"
        },
        {
            "link": "https://news.google.com/articles/CBMiYmh0dHBzOi8vd3d3LnRpcHJhbmtzLmNvbS9uZXdzL2Jhbmstb2YtYW1lcmljYS13ZWlnaHMtaW4tb24tcGFsYW50aXItc3RvY2stZm9sbG93aW5nLXJlY2VudC1haS1leHBv0gEA?hl=en-US&gl=US&ceid=US%3Aen",
            "og": "https://encrypted-tbn1.gstatic.com/images?q=tbn:ANd9GcT3lV0CKU-mh2r2W60gJ3iKYEXThIsChJIJReYPGg4D3dO6619AeFSQnhUNezfFRYAbTWxf9xC95pS3mppIEgeUSLnLL6Si_KY8VXs3",
            "source": "TipRanks",
            "source_icon": "https://encrypted-tbn2.gstatic.com/faviconV2?url=https://www.tipranks.com&client=NEWS_360&size=96&type=FAVICON&fallback_opts=TYPE,SIZE,URL",
            "title": "Bank of America Weighs in on Palantir Stock Following Recent AI Expo - TipRanks.com"
        }
    ],
    "Entertainment": [
        {
            "link": "https://news.google.com/articles/CBMiVmh0dHBzOi8vd3d3LnRoZWdsb2JlYW5kbWFpbC5jb20vbGlmZS9ob3Jvc2NvcGVzL2FydGljbGUteW91ci1kYWlseS1ob3Jvc2NvcGUtbWF5LTEzLTYv0gEA?hl=en-US&gl=US&ceid=US%3Aen",
            "og": "https://encrypted-tbn1.gstatic.com/images?q=tbn:ANd9GcQZrNCwwmo_kmEtvEPG6mF1yY70i5SaaTJV13YHcEjaEpKjEkdEMCsTSzXwukfGvdnQsetngqDRuj1d4mvrDN9l1V_7k5mbgHGZK-nV6dd3LBg3Eg",
            "source": "The Globe and Mail",
            "source_icon": "https://encrypted-tbn2.gstatic.com/faviconV2?url=https://www.theglobeandmail.com&client=NEWS_360&size=96&type=FAVICON&fallback_opts=TYPE,SIZE,URL",
            "title": "Your daily horoscope: May 13"
        },
        {
            "link": "https://news.google.com/articles/CBMibmh0dHBzOi8vd3d3LmluZGVwZW5kZW50LmNvLnVrL2FydHMtZW50ZXJ0YWlubWVudC9tdXNpYy9uZXdzL2RyYWtlLWtlbmRyaWNrLWxhbWFyLXRvcm9udG8tbWFuc2lvbi1iMjU0MzkyMS5odG1s0gEA?hl=en-US&gl=US&ceid=US%3Aen",
            "og": "https://encrypted-tbn3.gstatic.com/images?q=tbn:ANd9GcTxfRF5Y3Zo_TC9G7gJSFXPjgO5y_pQ6kiotd2Nr6CaF3peTAfGMrw5a-gGtjR0EeQJ0h3QXTdrFYxg7iUAQADi2KUQX9LTqQu8yeDnEn63HGn-zg",
            "source": "The Independent",
            "source_icon": "https://encrypted-tbn1.gstatic.com/faviconV2?url=https://www.independent.co.uk&client=NEWS_360&size=96&type=FAVICON&fallback_opts=TYPE,SIZE,URL",
            "title": "Drake issues plea to media after mansion fiasco and Kendrick Lamar feud"
        },
        {
            "link": "https://news.google.com/articles/CBMiSWh0dHBzOi8vd3d3Lm55dGltZXMuY29tLzIwMjQvMDUvMTIvYXJ0cy9kZXNpZ24vY2hyaXN0aWVzLWN5YmVyYXR0YWNrLmh0bWzSAQA?hl=en-US&gl=US&ceid=US%3Aen",
            "og": "https://encrypted-tbn3.gstatic.com/images?q=tbn:ANd9GcRUXP0550H3jAS2yagNUw9GZtkgYv_XdwZJxmwf09hQAF76s2aHrTshc-BQiQoV74CIyiCn7fqmGhsZYDmGaIpsTIYCurfxK0kUWdFx",
            "source": "The New York Times",
            "source_icon": "https://encrypted-tbn2.gstatic.com/faviconV2?url=https://www.nytimes.com&client=NEWS_360&size=96&type=FAVICON&fallback_opts=TYPE,SIZE,URL",
            "title": "Hobbled by Cyberattack, Christie's Says Marquee Sales Will Proceed"
        },
        {
            "link": "https://news.google.com/articles/CBMiVWh0dHBzOi8vZGVhZGxpbmUuY29tLzIwMjQvMDUvam9obi1vbGl2ZXItZXVyb3Zpc2lvbi13aW5kb3dzOTVtYW4tY2hhbXBpb24tMTIzNTkxMzQ1Mi_SAVlodHRwczovL2RlYWRsaW5lLmNvbS8yMDI0LzA1L2pvaG4tb2xpdmVyLWV1cm92aXNpb24td2luZG93czk1bWFuLWNoYW1waW9uLTEyMzU5MTM0NTIvYW1wLw?hl=en-US&gl=US&ceid=US%3Aen",
            "og": "https://encrypted-tbn2.gstatic.com/images?q=tbn:ANd9GcQmuj_9IUdK3cxEBJU5ReJtivGt9m5VLhMIxQ-5PmwAc-uVJEPw0509H7wlxEG0cJ1XFvZXyQ5ekGwfP9xdHDzOEsukwNvwaf-SivDZz6RPoIT6Mw",
            "source": "Deadline",
            "source_icon": "https://encrypted-tbn0.gstatic.com/faviconV2?url=https://deadline.com&client=NEWS_360&size=96&type=FAVICON&fallback_opts=TYPE,SIZE,URL",
            "title": "John Oliver Calls Eurovision’s Windows95man His Champion"
        },
        {
            "link": "https://news.google.com/articles/CBMiYGh0dHBzOi8vd3d3LmZveG5ld3MuY29tL3VzL2FjdG9yLXN0ZXZlLWJ1c2NlbWktYmxvb2RpZWQtYnJ1aXNlZC1ueWMtYXNzYXVsdC1wb2xpY2UtaHVudC1hdHRhY2tlctIBZGh0dHBzOi8vd3d3LmZveG5ld3MuY29tL3VzL2FjdG9yLXN0ZXZlLWJ1c2NlbWktYmxvb2RpZWQtYnJ1aXNlZC1ueWMtYXNzYXVsdC1wb2xpY2UtaHVudC1hdHRhY2tlci5hbXA?hl=en-US&gl=US&ceid=US%3Aen",
            "og": "https://encrypted-tbn1.gstatic.com/images?q=tbn:ANd9GcR9CYItJX88lenuFVTQGDkvf13DRvqQ12MfgoY0WJRNS4pJtLDdP1JfPcp9OShyKsaCUgWLISUA_fO0iWPPl0OMfB0kteHUHu_0W275-WrhHmAOPg",
            "source": "Fox News",
            "source_icon": "https://encrypted-tbn3.gstatic.com/faviconV2?url=https://www.foxnews.com&client=NEWS_360&size=96&type=FAVICON&fallback_opts=TYPE,SIZE,URL",
            "title": "Actor Steve Buscemi bloodied and bruised in NYC assault as police hunt attacker"
        },
        {
            "link": "https://news.google.com/articles/CBMi6QFodHRwczovL3d3dy5kYWlseW1haWwuY28udWsvdHZzaG93Yml6L2FydGljbGUtMTM0MTA2NDkvS2F0eS1QZXJyeS1Nb3RoZXJzLURheS10cmlidXRlLXNoYXJlcy1wcmVnbmFuY3ktam91cm5leS1kYXVnaHRlci1EYWlzeS1Eb3ZlLUluc3RhZ3JhbS1pbmNsdWRpbmctbW9tZW50cy10b2xkLUFtZXJpY2FuLUlkb2wtc3RhcnMtTGlvbmVsLVJpY2hpZS1MdWtlLUJyeWFuLWZpYW5jLU9ybGFuZG8tQmxvb20uaHRtbNIB7QFodHRwczovL3d3dy5kYWlseW1haWwuY28udWsvdHZzaG93Yml6L2FydGljbGUtMTM0MTA2NDkvYW1wL0thdHktUGVycnktTW90aGVycy1EYXktdHJpYnV0ZS1zaGFyZXMtcHJlZ25hbmN5LWpvdXJuZXktZGF1Z2h0ZXItRGFpc3ktRG92ZS1JbnN0YWdyYW0taW5jbHVkaW5nLW1vbWVudHMtdG9sZC1BbWVyaWNhbi1JZG9sLXN0YXJzLUxpb25lbC1SaWNoaWUtTHVrZS1Ccnlhbi1maWFuYy1PcmxhbmRvLUJsb29tLmh0bWw?hl=en-US&gl=US&ceid=US%3Aen",
            "og": "https://encrypted-tbn2.gstatic.com/images?q=tbn:ANd9GcQKgyWuGjZLPPSc29ErRs05QCyxsc3XvI5NkLd-QcsNFY_oyWnNvGU7oKdlAUQ_d7xL_LCdt3GcULHAugbI41ahmNOFfTt_Sne8WSnqvAq6hOL1CQ",
            "source": "Daily Mail",
            "source_icon": "https://encrypted-tbn1.gstatic.com/faviconV2?url=https://www.dailymail.co.uk&client=NEWS_360&size=96&type=FAVICON&fallback_opts=TYPE,SIZE,URL",
            "title": "Katy Perry celebrates Mother's Day by reflecting on pregnancy journey with daughter Daisy Dove including momen"
        },
        {
            "link": "https://news.google.com/articles/CBMihAFodHRwczovL3BhZ2VzaXguY29tLzIwMjQvMDUvMTIvc3R5bGUvbWVnaGFuLW1hcmtsZS1nb2VzLWdsYW0taW4taGFsdGVyLXN0eWxlLXByaW50LWRyZXNzLWZvci1maW5hbC1kYXktaW4tbmlnZXJpYS13aXRoLXByaW5jZS1oYXJyeS_SAYgBaHR0cHM6Ly9wYWdlc2l4LmNvbS8yMDI0LzA1LzEyL3N0eWxlL21lZ2hhbi1tYXJrbGUtZ29lcy1nbGFtLWluLWhhbHRlci1zdHlsZS1wcmludC1kcmVzcy1mb3ItZmluYWwtZGF5LWluLW5pZ2VyaWEtd2l0aC1wcmluY2UtaGFycnkvYW1wLw?hl=en-US&gl=US&ceid=US%3Aen",
            "og": "https://encrypted-tbn3.gstatic.com/images?q=tbn:ANd9GcSsTyyjlCuF04tsTn7VmLN-CyQlTCTvanwqcliqTfiKR1h2tM7Zt7K2a8RvYBl1ZTzucG4BsQeQTp_HZjOXWh1YSjFO9VcCyw4grt1txc3u7I5bLg",
            "source": "Page Six",
            "source_icon": "https://encrypted-tbn1.gstatic.com/faviconV2?url=https://pagesix.com&client=NEWS_360&size=96&type=FAVICON&fallback_opts=TYPE,SIZE,URL",
            "title": "Meghan Markle goes glam in halter-style print dress for final day in Nigeria with Prince Harry"
        },
        {
            "link": "https://news.google.com/articles/CBMic2h0dHBzOi8vd3d3LmV0b25saW5lLmNvbS9rYXRlLWdvc3NlbGluLWNlbGVicmF0ZXMtc2V4dHVwbGV0cy1iaXJ0aGRheS13aXRoLXJhcmUtcGljLW9mLWhlci1raWRzLWFsbC1ncm93bi11cC0yMjUyNzPSAXdodHRwczovL3d3dy5ldG9ubGluZS5jb20va2F0ZS1nb3NzZWxpbi1jZWxlYnJhdGVzLXNleHR1cGxldHMtYmlydGhkYXktd2l0aC1yYXJlLXBpYy1vZi1oZXIta2lkcy1hbGwtZ3Jvd24tdXAtMjI1MjczP2FtcA?hl=en-US&gl=US&ceid=US%3Aen",
            "og": "https://encrypted-tbn2.gstatic.com/images?q=tbn:ANd9GcSCmtxHTGuow6cpvX6bTaEboU9zX-YD8WRFZsZIxDaFCHr4ckwKPBGAKQsnvK25yhDAoH-OiYk34jEiXzerGpa3TnyzAkHdI12T5JyCndWR-5BX7w",
            "source": "Entertainment Tonight",
            "source_icon": "https://encrypted-tbn2.gstatic.com/faviconV2?url=https://www.etonline.com&client=NEWS_360&size=96&type=FAVICON&fallback_opts=TYPE,SIZE,URL",
            "title": "Kate Gosselin Celebrates Sextuplets' Birthday with Rare Pic of Her Kids All Grown Up"
        },
        {
            "link": "https://news.google.com/articles/CBMia2h0dHBzOi8vd3d3LnRtei5jb20vMjAyNC8wNS8xMi9kb3JpdC1rZW1zbGV5LWZpcmUtYmFjay1mYW4tYXNrLXNwbGl0LXBhdWwtcmhvYmgtc2VwYXJhdGlvbi1yZWFsLWhvdXNld2l2ZXMv0gFraHR0cHM6Ly9hbXAudG16LmNvbS8yMDI0LzA1LzEyL2Rvcml0LWtlbXNsZXktZmlyZS1iYWNrLWZhbi1hc2stc3BsaXQtcGF1bC1yaG9iaC1zZXBhcmF0aW9uLXJlYWwtaG91c2V3aXZlcy8?hl=en-US&gl=US&ceid=US%3Aen",
            "og": "https://encrypted-tbn3.gstatic.com/images?q=tbn:ANd9GcQJwpTa47nEAnbx9DOlzu00VNBZvRJ2kih3PaiJ0Vm3BIsNBtpuGgiZ68qYQeLdDg-MHxLkXseZbQ-TlnzS0vDa7vsX0KLXYDVIspyQYVcaxmlLfw",
            "source": "TMZ",
            "source_icon": "https://encrypted-tbn0.gstatic.com/faviconV2?url=https://www.tmz.com&client=NEWS_360&size=96&type=FAVICON&fallback_opts=TYPE,SIZE,URL",
            "title": "'RHOBH' Star Dorit Kemsley Fires Back At Fan Who Asks About Split"
        },
        {
            "link": "https://news.google.com/articles/CBMibmh0dHBzOi8vd3d3LnBicy5vcmcvbmV3c2hvdXIvYXJ0cy9maWxtbWFrZXItcm9nZXItY29ybWFuLW1lbnRvci10by1tYW55LW9mLWhvbGx5d29vZHMtYmlnZ2VzdC1zdGFycy1kaWVzLWF0LTk40gFyaHR0cHM6Ly93d3cucGJzLm9yZy9uZXdzaG91ci9hbXAvYXJ0cy9maWxtbWFrZXItcm9nZXItY29ybWFuLW1lbnRvci10by1tYW55LW9mLWhvbGx5d29vZHMtYmlnZ2VzdC1zdGFycy1kaWVzLWF0LTk4?hl=en-US&gl=US&ceid=US%3Aen",
            "og": "https://encrypted-tbn2.gstatic.com/images?q=tbn:ANd9GcRbc5R6WBFnOaL9DEDbnvcXL7fYuShxY-X6F2qSn5smrvFSOvD7I2HZUSr6BWaUcq6D_7kS_tr7AKIomj-6RsDectdvK9cYyxshVGvhNIcOb-gU0w",
            "source": "PBS NewsHour",
            "source_icon": "https://encrypted-tbn1.gstatic.com/faviconV2?url=https://www.pbs.org&client=NEWS_360&size=96&type=FAVICON&fallback_opts=TYPE,SIZE,URL",
            "title": "Filmmaker Roger Corman, mentor to many of Hollywood’s biggest stars, dies at 98"
        },
        {
            "link": "https://news.google.com/articles/CBMiXWh0dHBzOi8vd3d3LnRoZWN1dC5jb20vYXJ0aWNsZS90b20tYnJhZHktcG9zdHMtcGhvdG9zLW9mLWdpc2VsZS1ibmRjaGVuLWJyaWRnZXQtbW95bmFoYW4uaHRtbNIBAA?hl=en-US&gl=US&ceid=US%3Aen",
            "og": "https://encrypted-tbn2.gstatic.com/images?q=tbn:ANd9GcS_upwWZm2MDOfrveVEyNXthT6co1GIXs5YOAbNia4UzqEmKplrrpzb_66OyW9kbQAglyL0vgfXSd44rRHfoCwv2Irca-pZ84-A8iOLhg8TQzLT-A",
            "source": "The Cut",
            "source_icon": "https://encrypted-tbn3.gstatic.com/faviconV2?url=https://www.thecut.com&client=NEWS_360&size=96&type=FAVICON&fallback_opts=TYPE,SIZE,URL",
            "title": "Tom Brady Posts Photos of Gisele Bündchen, Bridget Moynahan"
        },
        {
            "link": "https://news.google.com/articles/CBMibWh0dHBzOi8vZGVhZGxpbmUuY29tLzIwMjQvMDUvdHJhdmlzLWtlbGNlLXRheWxvci1zd2lmdC12aXNpdC1lcmFzLXRvdXItcGFyaXMtZmlsbWluZy1ncm90ZXNxdWVyaWUtMTIzNTkxMzM0MC_SAXFodHRwczovL2RlYWRsaW5lLmNvbS8yMDI0LzA1L3RyYXZpcy1rZWxjZS10YXlsb3Itc3dpZnQtdmlzaXQtZXJhcy10b3VyLXBhcmlzLWZpbG1pbmctZ3JvdGVzcXVlcmllLTEyMzU5MTMzNDAvYW1wLw?hl=en-US&gl=US&ceid=US%3Aen",
            "og": "https://encrypted-tbn3.gstatic.com/images?q=tbn:ANd9GcQNqKiUIqhANjW-QBwIfPws07-8G9KzCMl6ebzqzxdvd_KO0FzZmVjfTBGXelzT4U7WFzaDI-pEtHjHD6jWSgOIGtqLO45DFIi6K584RMbyI-5PGQ",
            "source": "Deadline",
            "source_icon": "https://encrypted-tbn0.gstatic.com/faviconV2?url=https://deadline.com&client=NEWS_360&size=96&type=FAVICON&fallback_opts=TYPE,SIZE,URL",
            "title": "Travis Kelce Shows Taylor Swift Support At Eras Tour Concert In Paris After Filming ‘Grotesquerie’"
        },
        {
            "link": "https://news.google.com/articles/CBMicmh0dHBzOi8vdHZsaW5lLmNvbS9yZWNhcHMvaW50ZXJ2aWV3LXdpdGgtdGhlLXZhbXBpcmUtc2Vhc29uLTItZXBpc29kZS0xLXJlY2FwLWNsYXVkaWEtcmVjYXN0LWV4cGxhaW5lZC0xMjM1MjM4MTA5L9IBAA?hl=en-US&gl=US&ceid=US%3Aen",
            "og": "https://encrypted-tbn1.gstatic.com/images?q=tbn:ANd9GcTQFwEUPqdxVJX6LB1xCxQWnzn3mrbT_tbQEUIXodav0XFt44-w1LrqNRHgt_iYHUwTLV45A_i-POOOdDAi6uqMnBytS3FTc7I6--VavIeQWNYX-w",
            "source": "TVLine",
            "source_icon": "https://encrypted-tbn0.gstatic.com/faviconV2?url=https://tvline.com&client=NEWS_360&size=96&type=FAVICON&fallback_opts=TYPE,SIZE,URL",
            "title": "'Interview With The Vampire' Season 2 Episode 1 Recap: Claudia Recast Explained"
        },
        {
            "link": "https://news.google.com/articles/CBMidWh0dHBzOi8vd3d3LndyYWwuY29tL3N0b3J5L2plcnJ5LXNlaW5maWVsZC10by1zcGVhay10by1uZWFybHktNy0wMDAtZ3JhZHVhdGVzLWF0LWR1a2UtY29tbWVuY2VtZW50LWNlcmVtb255LzIxNDI3MzQxL9IBImh0dHBzOi8vd3d3LndyYWwuY29tL2FtcC8yMTQyNzM0MS8?hl=en-US&gl=US&ceid=US%3Aen",
            "og": "https://encrypted-tbn0.gstatic.com/images?q=tbn:ANd9GcTFdV_3WbPbds-wyp33NWs-E111dnjGfKUrNsQDZ_dkMzegPAMirhd6Iwf1lL-b6xoLevak00mMMMTUP8-Z-Pvk_3pUggRJkN-XuJpJ34YEg8VegA",
            "source": "WRAL News",
            "source_icon": "https://encrypted-tbn2.gstatic.com/faviconV2?url=https://www.wral.com&client=NEWS_360&size=96&type=FAVICON&fallback_opts=TYPE,SIZE,URL",
            "title": "'Just swing the bat and pray': Seinfeld shares 3 keys to life with nearly 7,000 graduating Duke students"
        },
        {
            "link": "https://news.google.com/articles/CBMiY2h0dHBzOi8vYXBuZXdzLmNvbS9hcnRpY2xlL2JveC1vZmZpY2Uta2luZ2RvbS1wbGFuZXQtYXBlcy1mYWxsLWd1eS02OGY1YmMyYjNhNDg4NTFhZDE5MDY1MmY2Y2MwNTVmM9IBAA?hl=en-US&gl=US&ceid=US%3Aen",
            "og": "https://encrypted-tbn1.gstatic.com/images?q=tbn:ANd9GcRcZxijj20J8qE0O5q_IcDOkYCT2YHpqdns8mYsEUUvUEVCeb0JJ8I4_K-1ststAtawd0RRGSxhRvPzukMsHhXF3yeq",
            "source": "The Associated Press",
            "source_icon": "https://encrypted-tbn2.gstatic.com/faviconV2?url=https://apnews.com&client=NEWS_360&size=96&type=FAVICON&fallback_opts=TYPE,SIZE,URL",
            "title": "'Kingdom of the Planet of the Apes' reigns at the box office with $56.5 million opening"
        },
        {
            "link": "https://news.google.com/articles/CBMiaWh0dHBzOi8vd3d3LmhvbGx5d29vZHJlcG9ydGVyLmNvbS90di90di1uZXdzL3RoZS1mbG9vci1nYW1lLXNob3ctcmVuZXdlZC10aHJvdWdoLXNlYXNvbi0zLWZveC0xMjM1ODk3MTYxL9IBbWh0dHBzOi8vd3d3LmhvbGx5d29vZHJlcG9ydGVyLmNvbS90di90di1uZXdzL3RoZS1mbG9vci1nYW1lLXNob3ctcmVuZXdlZC10aHJvdWdoLXNlYXNvbi0zLWZveC0xMjM1ODk3MTYxL2FtcC8?hl=en-US&gl=US&ceid=US%3Aen",
            "og": "https://encrypted-tbn1.gstatic.com/images?q=tbn:ANd9GcQHzw3otKOP1Rr8hDJ5_yYOnpCAhW5zrKD8ypY_qWT3nkcSOcqHh0o76UZJH02pNTmH3-wNygCXXVZfOZLqCVlqKBB0AnI9dtQD1de0bnm-jXSmIw",
            "source": "Hollywood Reporter",
            "source_icon": "https://encrypted-tbn1.gstatic.com/faviconV2?url=https://www.hollywoodreporter.com&client=NEWS_360&size=96&type=FAVICON&fallback_opts=TYPE,SIZE,URL",
            "title": "‘The Floor’ Renewed for Two More Seasons at Fox"
        },
        {
            "link": "https://news.google.com/articles/CBMicGh0dHBzOi8vd3d3LnVzYXRvZGF5LmNvbS9zdG9yeS9lbnRlcnRhaW5tZW50L3R2LzIwMjQvMDUvMTIvYW1lcmljYW4taWRvbC1yZWNhcC1zZWFzb24tMjItZXBpc29kZS0xNy83MzY2NjcwNTAwNy_SAQA?hl=en-US&gl=US&ceid=US%3Aen",
            "og": "https://encrypted-tbn0.gstatic.com/images?q=tbn:ANd9GcT-KOp89Qb_MFnIH_0XpYVEVUdzVrjOhwY7TzvZaiGw6wG8JtDo-se9-BuhgjDvDZRkyLcGmIBkq4G0p2hZvb4k7DYF7FyXWMnGSOFVVGH9X2qPFw",
            "source": "USA TODAY",
            "source_icon": "https://encrypted-tbn0.gstatic.com/faviconV2?url=https://www.usatoday.com&client=NEWS_360&size=96&type=FAVICON&fallback_opts=TYPE,SIZE,URL",
            "title": "'American Idol' recap: Emmy Russell and Triston Harper are sent home, revealing the Top 3"
        },
        {
            "link": "https://news.google.com/articles/CBMicWh0dHBzOi8vd3d3LnRpbWVzb2Zpc3JhZWwuY29tL2lzcmFlbC1nZXRzLXRvcC1wdWJsaWMtdm90ZS1mcm9tLTE0LWNvdW50cmllcy1pbi1ldXJvdmlzaW9uLXBsdXMtcmVzdC1vZi10aGUtd29ybGQv0gF1aHR0cHM6Ly93d3cudGltZXNvZmlzcmFlbC5jb20vaXNyYWVsLWdldHMtdG9wLXB1YmxpYy12b3RlLWZyb20tMTQtY291bnRyaWVzLWluLWV1cm92aXNpb24tcGx1cy1yZXN0LW9mLXRoZS13b3JsZC9hbXAv?hl=en-US&gl=US&ceid=US%3Aen",
            "og": "https://encrypted-tbn3.gstatic.com/images?q=tbn:ANd9GcT1dRdNFBm6po6ccmydCyKrEZGxGwu1BtG36RYY8AYjFe62C9TCwjs2iWx2XYtxXKnb5Avn3AznV9t7D0X73WsKFgb7ufj4pW-hw7QyP_kHmV3s8Q",
            "source": "The Times of Israel",
            "source_icon": "https://encrypted-tbn3.gstatic.com/faviconV2?url=https://www.timesofisrael.com&client=NEWS_360&size=96&type=FAVICON&fallback_opts=TYPE,SIZE,URL",
            "title": "Israel gets top public vote from 14 countries in Eurovision – plus ‘rest of the world’"
        },
        {
            "link": "https://news.google.com/articles/CBMiiAFodHRwczovL3d3dy5ubWUuY29tL25ld3MvbXVzaWMvZXVyb3Zpc2lvbi13aW5uZXItbmVtby1oaXRzLW91dC1hdC1jb21wZXRpdGlvbnMtdW5iZWxpZXZhYmxlLWRvdWJsZS1zdGFuZGFyZC1zYXlzLWl0LW5lZWRzLWZpeGluZy0zNzU1NTA00gEA?hl=en-US&gl=US&ceid=US%3Aen",
            "og": "https://encrypted-tbn1.gstatic.com/images?q=tbn:ANd9GcSG3Jqk0TfP-zhZvr5xlEUW7J7auZPby59b5p4oQQtvFxnI2oEsxIh095BmH21AeadCWGTltAkfoocje4Q95N3XvJ8EoGsrKhEnLlho",
            "source": "NME",
            "source_icon": "https://encrypted-tbn0.gstatic.com/faviconV2?url=https://www.nme.com&client=NEWS_360&size=96&type=FAVICON&fallback_opts=TYPE,SIZE,URL",
            "title": "Eurovision winner Nemo hits out at competition's \"unbelievable double standard\", says it \"needs fixing\""
        },
        {
            "link": "https://news.google.com/articles/CBMikAFodHRwczovL3BhZ2VzaXguY29tLzIwMjQvMDUvMTIvZW50ZXJ0YWlubWVudC9vbGl2aWEtbXVubi1yZXZlYWxzLXNoZS11bmRlcndlbnQtZnVsbC1oeXN0ZXJlY3RvbXktYW1pZC1icmVhc3QtY2FuY2VyLWJhdHRsZS1iZXN0LWRlY2lzaW9uLWZvci1tZS_SAZQBaHR0cHM6Ly9wYWdlc2l4LmNvbS8yMDI0LzA1LzEyL2VudGVydGFpbm1lbnQvb2xpdmlhLW11bm4tcmV2ZWFscy1zaGUtdW5kZXJ3ZW50LWZ1bGwtaHlzdGVyZWN0b215LWFtaWQtYnJlYXN0LWNhbmNlci1iYXR0bGUtYmVzdC1kZWNpc2lvbi1mb3ItbWUvYW1wLw?hl=en-US&gl=US&ceid=US%3Aen",
            "og": "https://encrypted-tbn3.gstatic.com/images?q=tbn:ANd9GcSk7t3lVVDWo9Z-kLHnf9mEOz1nfmp2U5K2A-dpWBGzuW-PlICrc_eVfeKtRG3qba1shbHKnn6B6rp4rfEpBovct1dNbl9dwprvDsectrtJI8bRKA",
            "source": "Page Six",
            "source_icon": "https://encrypted-tbn1.gstatic.com/faviconV2?url=https://pagesix.com&client=NEWS_360&size=96&type=FAVICON&fallback_opts=TYPE,SIZE,URL",
            "title": "Olivia Munn reveals she underwent full hysterectomy amid breast cancer battle: 'Best decision for me'"
        },
        {
            "link": "https://news.google.com/articles/CBMicmh0dHBzOi8vdmFyaWV0eS5jb20vMjAyNC9zY2VuZS9uZXdzL2plbm5pZmVyLWxhd3JlbmNlLXNsYW1zLW1pa2UtcGVuY2UtZ2xhYWQtYXdhcmRzLWNvbnZlcnNpb24tdGhlcmFweS0xMjM1OTk5OTQ0L9IBdmh0dHBzOi8vdmFyaWV0eS5jb20vMjAyNC9zY2VuZS9uZXdzL2plbm5pZmVyLWxhd3JlbmNlLXNsYW1zLW1pa2UtcGVuY2UtZ2xhYWQtYXdhcmRzLWNvbnZlcnNpb24tdGhlcmFweS0xMjM1OTk5OTQ0L2FtcC8?hl=en-US&gl=US&ceid=US%3Aen",
            "og": "https://encrypted-tbn0.gstatic.com/images?q=tbn:ANd9GcR_GMXeWQo8JeSUvw3ScFFy8XSaogsp3O7RyUo8BxuMfo1TiYLTc-JDmveGkz5FFvY0faaNVOBtZ0_9-o9P6UO1XIrPID8-vHOB3qKhcloBvOT1TQ",
            "source": "Variety",
            "source_icon": "https://encrypted-tbn1.gstatic.com/faviconV2?url=https://variety.com&client=NEWS_360&size=96&type=FAVICON&fallback_opts=TYPE,SIZE,URL",
            "title": "Jennifer Lawrence Slams Mike Pence at GLAAD Media Awards: ‘Conversion Therapy Isn’t Real,’ Even Though ‘You Think It Worked on You’"
        },
        {
            "link": "https://news.google.com/articles/CBMib2h0dHBzOi8vd3d3Lm5iY25ld3MuY29tL3BvcC1jdWx0dXJlL3ZpcmFsL3NvY2lhbC1tZWRpYS11c2Vycy1hcmUtYmxvY2tpbmctY2VsZWJyaXRpZXMtc2lsZW50LW9uLWdhemEtcmNuYTE1MTg4MNIBK2h0dHBzOi8vd3d3Lm5iY25ld3MuY29tL25ld3MvYW1wL3JjbmExNTE4ODA?hl=en-US&gl=US&ceid=US%3Aen",
            "og": "https://encrypted-tbn2.gstatic.com/images?q=tbn:ANd9GcS3WU_3zSntNsIdqMIASSv2qaD_-kQGiPsEGWmekI4IH4lUHYqYJegHVBk7pIBq47wUY6MzNQLXF97mnGP-WE65WNFMo9uB3lXHuYNxDha6h2aqEw",
            "source": "NBC News",
            "source_icon": "https://encrypted-tbn1.gstatic.com/faviconV2?url=https://www.nbcnews.com&client=NEWS_360&size=96&type=FAVICON&fallback_opts=TYPE,SIZE,URL",
            "title": "Social media users are collectively blocking celebrities and influencers who have been silent on Gaza"
        },
        {
            "link": "https://news.google.com/articles/CBMicmh0dHBzOi8vYXBuZXdzLmNvbS9hcnRpY2xlL2Nhbm5lcy1maWxtLWZlc3RpdmFsLWZ1cmlvc2EtbWV0b28tY29wcG9sYS1tZWdhbG9wb2xpcy0wZWVlN2ViZTc1MzYzZTc2ZmJhODljYTNiZmUwMTBiOdIBAA?hl=en-US&gl=US&ceid=US%3Aen",
            "og": "https://encrypted-tbn3.gstatic.com/images?q=tbn:ANd9GcS9wxvl_zAn808bKvBHOmgLVdeYBci21y0BTh7VOEGzOJQw3y57B92RV2_uwuFI7LQS9nD04RQxe2iWezDzub6hjh8SiiViL1rnCHbc7TEyUlyxRA",
            "source": "The Associated Press",
            "source_icon": "https://encrypted-tbn2.gstatic.com/faviconV2?url=https://apnews.com&client=NEWS_360&size=96&type=FAVICON&fallback_opts=TYPE,SIZE,URL",
            "title": "Cannes is set to kick off. What to know about the film festival"
        },
        {
            "link": "https://news.google.com/articles/CBMifWh0dHBzOi8vd3d3LmluZGVwZW5kZW50LmNvLnVrL2xpZmUtc3R5bGUvcm95YWwtZmFtaWx5L25ld3MvaGFycnktbWVnaGFuLW1hcmtsZS1raW5nLWNoYXJsZXMtcm95YWwtZmFtaWx5LWxhdGVzdC1iMjU0MzkxMy5odG1s0gEA?hl=en-US&gl=US&ceid=US%3Aen",
            "og": "https://encrypted-tbn3.gstatic.com/images?q=tbn:ANd9GcSN_kCyXPFGGAzq7cVzAgUqh4y2hP32Cs2vAZskn1KXqa_eLWAWGarH5ZL3_S0qahSbe1L0aWSQwjP3vLIDN9HEZrdP9HHrznmbXhSw-veY2e7s2Q",
            "source": "The Independent",
            "source_icon": "https://encrypted-tbn1.gstatic.com/faviconV2?url=https://www.independent.co.uk&client=NEWS_360&size=96&type=FAVICON&fallback_opts=TYPE,SIZE,URL",
            "title": "King Charles 'wasn't invited' to see Prince Harry as war of words erupts - live"
        },
        {
            "link": "https://news.google.com/articles/CBMiMmh0dHBzOi8vd3d3Lmpwb3N0LmNvbS9pbnRlcm5hdGlvbmFsL2FydGljbGUtODAwOTU00gEA?hl=en-US&gl=US&ceid=US%3Aen",
            "og": "https://encrypted-tbn0.gstatic.com/images?q=tbn:ANd9GcTKkwydZWilcP1WNIU9eOz9u9CLGnJ45Hk6BMmHyf8fC8tzWn-Dnb0FO2TSquHwXuZAlr-ZkWnwQ9O5HenrKvNxMW6L23RMZbqUrI5-uw-7MJQYeg",
            "source": "The Jerusalem Post",
            "source_icon": "https://encrypted-tbn2.gstatic.com/faviconV2?url=https://www.jpost.com&client=NEWS_360&size=96&type=FAVICON&fallback_opts=TYPE,SIZE,URL",
            "title": "Ireland’s Bambie Thug sore after Israel’s Eurovision win"
        },
        {
            "link": "https://news.google.com/articles/CBMihQFodHRwczovL2t0bGEuY29tL25ld3MvbG9jYWwtbmV3cy9mcm9tLXNwb3J0cy10ZWFtcy10by10ZWxldmlzaW9uLW5ldHdvcmtzLXRvLWt0bGEtdmlld2Vycy10cmlidXRlcy1jb250aW51ZS10by1wb3VyLWluLWZvci1zYW0tcnViaW4v0gGJAWh0dHBzOi8va3RsYS5jb20vbmV3cy9sb2NhbC1uZXdzL2Zyb20tc3BvcnRzLXRlYW1zLXRvLXRlbGV2aXNpb24tbmV0d29ya3MtdG8ta3RsYS12aWV3ZXJzLXRyaWJ1dGVzLWNvbnRpbnVlLXRvLXBvdXItaW4tZm9yLXNhbS1ydWJpbi9hbXAv?hl=en-US&gl=US&ceid=US%3Aen",
            "og": "https://encrypted-tbn2.gstatic.com/images?q=tbn:ANd9GcSZSM2LGlR4oHaOrysppapgFfVMGa562gk1jpntwLYQE5o5yXIMevd8jZ7yaRWJqJY6Ywm5ETVIUeuKmMYUemWhwD2wIdoVZ3Ea5OaN3Uea1SmE_w",
            "source": "KTLA Los Angeles",
            "source_icon": "https://encrypted-tbn2.gstatic.com/faviconV2?url=https://ktla.com&client=NEWS_360&size=96&type=FAVICON&fallback_opts=TYPE,SIZE,URL",
            "title": "From sports teams to television networks to KTLA viewers, tributes continue to pour in for Sam Rubin"
        },
        {
            "link": "https://news.google.com/articles/CBMicWh0dHBzOi8vd3d3LmluZGVwZW5kZW50LmNvLnVrL25ld3Mvd29ybGQvYW1lcmljYXMvbWlzcy11bml2ZXJzZS1taXNzLXVzYS1iZWF1dHktcGFnZWFudC1hbGxlZ2F0aW9ucy1iMjU0MzY2My5odG1s0gEA?hl=en-US&gl=US&ceid=US%3Aen",
            "og": "https://encrypted-tbn1.gstatic.com/images?q=tbn:ANd9GcSFum1rmhAQbBKTOX9izPmi45kSnMhqNEn3FiS16znUfnrptVi21lRxdF5gemfQobIMP0r5w9-pMNwTPFl3cZEqeZ73lysFv_4u6UduMZcaBqSwqA",
            "source": "The Independent",
            "source_icon": "https://encrypted-tbn1.gstatic.com/faviconV2?url=https://www.independent.co.uk&client=NEWS_360&size=96&type=FAVICON&fallback_opts=TYPE,SIZE,URL",
            "title": "Why beauty queens are removing their crowns. The allegations against Miss Universe"
        },
        {
            "link": "https://news.google.com/articles/CBMiamh0dHBzOi8vd3d3LmluZGlld2lyZS5jb20vbmV3cy9nZW5lcmFsLW5ld3MvbWF5YS1ydWRvbHBoLWRlbGl2ZXJzLW1vdGhlci1vZi1hbGwtc25sLW1vbm9sb2d1ZXMtMTIzNTAwMzcxNy_SAQA?hl=en-US&gl=US&ceid=US%3Aen",
            "og": "https://encrypted-tbn1.gstatic.com/images?q=tbn:ANd9GcRZjAjISKtPe_FZ0HaM5G_b_Ra0gFrY68eUfgTa8815MqN3xnrOCgT7QP4TjEKULDKnB7BnWNcluwv_QNcZSFdl_DwaruaasG1SyvSMKd0wqXaM5Q",
            "source": "IndieWire",
            "source_icon": "https://encrypted-tbn1.gstatic.com/faviconV2?url=https://www.indiewire.com&client=NEWS_360&size=96&type=FAVICON&fallback_opts=TYPE,SIZE,URL",
            "title": "Maya Rudolph Delivers Mother' of All 'SNL' Monologues"
        },
        {
            "link": "https://news.google.com/articles/CBMiXmh0dHBzOi8vYWxsZWFycy5uZXQvMjAyNC8wNS8xMi90aWFuYXMtYmF5b3UtYWR2ZW50dXJlLW9wZW5pbmctZGF0ZS1hbm5vdW5jZWQtZm9yLWRpc25leS13b3JsZC_SAQA?hl=en-US&gl=US&ceid=US%3Aen",
            "og": "https://encrypted-tbn2.gstatic.com/images?q=tbn:ANd9GcRKzj4j0cc70QR4OYE1Pj6bfVDRTMZqCOCHgEEryG4HHnAZ07ThOAju_iTInb1G6cWHk4ix1Qi0pUdO3n1iM6-8j7guEPuibtVELaZCe46cSf0J9Q",
            "source": "AllEars.Net",
            "source_icon": "https://encrypted-tbn0.gstatic.com/faviconV2?url=https://allears.net&client=NEWS_360&size=96&type=FAVICON&fallback_opts=TYPE,SIZE,URL",
            "title": "NEWS: Was Tiana's Bayou Adventure OPENING DATE Just Announced for Disney World By Accident?"
        },
        {
            "link": "https://news.google.com/articles/CBMiSGh0dHBzOi8vdmFyaWV0eS5jb20vMjAyNC9maWxtL25ld3Mvc3VzYW4tYmFja2xpbmllLWRlYWQtamF3cy0xMjM1OTk5NTMwL9IBTGh0dHBzOi8vdmFyaWV0eS5jb20vMjAyNC9maWxtL25ld3Mvc3VzYW4tYmFja2xpbmllLWRlYWQtamF3cy0xMjM1OTk5NTMwL2FtcC8?hl=en-US&gl=US&ceid=US%3Aen",
            "og": "https://encrypted-tbn1.gstatic.com/images?q=tbn:ANd9GcQY---7EtAtiDyjK3XY1L3AKurWXCEHb4YRFIRmO2T3d2ESpme0f2iBVdWaafPnfII0oVCqCLnTbDTrip3bWqHP3HtVD8djpKec8nwgu8WX1PKYwg",
            "source": "Variety",
            "source_icon": "https://encrypted-tbn1.gstatic.com/faviconV2?url=https://variety.com&client=NEWS_360&size=96&type=FAVICON&fallback_opts=TYPE,SIZE,URL",
            "title": "Susan Backlinie, Who Played the First Shark Attack Victim in ‘Jaws,’ Dies at 77"
        },
        {
            "link": "https://news.google.com/articles/CBMiUGh0dHBzOi8vZGVhZGxpbmUuY29tLzIwMjQvMDUvcnVzc2VsbC10LWRhdmllcy1kb2N0b3Itd2hvLW5jdXRpLWdhdHdhLTEyMzU5MTMxOTAv0gFUaHR0cHM6Ly9kZWFkbGluZS5jb20vMjAyNC8wNS9ydXNzZWxsLXQtZGF2aWVzLWRvY3Rvci13aG8tbmN1dGktZ2F0d2EtMTIzNTkxMzE5MC9hbXAv?hl=en-US&gl=US&ceid=US%3Aen",
            "og": "https://encrypted-tbn0.gstatic.com/images?q=tbn:ANd9GcSx_KOPls8cK9Ji2O4EWpI3SwL49GEcEFkrfVNqj7-bj34u20Cf2wGXQaJKMgBxVrMoesKjPfVeKFhivOZtsOZny_m8h-1cAohzQE1AegRacIPahQ",
            "source": "Deadline",
            "source_icon": "https://encrypted-tbn0.gstatic.com/faviconV2?url=https://deadline.com&client=NEWS_360&size=96&type=FAVICON&fallback_opts=TYPE,SIZE,URL",
            "title": "Showrunner Russell T. Davies On Ushering An Inclusive Era Of ‘Doctor Who’"
        },
        {
            "link": "https://news.google.com/articles/CBMif2h0dHBzOi8vd3d3LmNpbmVtYWJsZW5kLmNvbS90ZWxldmlzaW9uL2p1c3Rpbi1iaWViZXItbW9tLXNldC1yZWNvcmQtc3RyYWlnaHQtYWZ0ZXItYWNjaWRlbnRhbGx5LXNwYXJraW5nLXJ1bW9yLWhhaWxleS1wcmVnbmFuY3nSAQA?hl=en-US&gl=US&ceid=US%3Aen",
            "og": "https://encrypted-tbn1.gstatic.com/images?q=tbn:ANd9GcRypEINlmfjqZi52Z4E0eCnJYRMwVRBeN3j7NenUeXULRXgJHG702NOdbW5E71-464X3R1fqsIqWdNPkuJyhUpwBiAaEwdGHDwQ441tlKCvmP3JlA",
            "source": "CinemaBlend",
            "source_icon": "https://encrypted-tbn3.gstatic.com/faviconV2?url=https://www.cinemablend.com&client=NEWS_360&size=96&type=FAVICON&fallback_opts=TYPE,SIZE,URL",
            "title": "Whoops, Justin Bieber's Mom Had To Set The Record Straight After Accidentally Sparking A Major Rumor About Hailey's Pregnancy"
        },
        {
            "link": "https://news.google.com/articles/CBMiPWh0dHBzOi8vd3d3Lnh4bG1hZy5jb20vZHJha2UtbHlyaWNhbC13YXIta2VuZHJpY2stbGFtYXItb3Zlci_SAQA?hl=en-US&gl=US&ceid=US%3Aen",
            "og": "https://encrypted-tbn1.gstatic.com/images?q=tbn:ANd9GcSqsgD_v4e0U6-9fG3nMJtukPTR-o7pLVbDuKnRBG8keD6i4BGFonTfNMhjERZGlIHUy3r0ap70DZFYu5dOZ5ZjP7O34_3JJwqAAxQabqit36zMxA",
            "source": "XXLMAG.COM",
            "source_icon": "https://encrypted-tbn0.gstatic.com/faviconV2?url=https://www.xxlmag.com&client=NEWS_360&size=96&type=FAVICON&fallback_opts=TYPE,SIZE,URL",
            "title": "Drake Seemingly Acknowledges His Rap Battle With Kendrick Is Over"
        }
    ],
    "Health": [
        {
            "link": "https://news.google.com/articles/CBMiT2h0dHBzOi8vd3d3Lm5wci5vcmcvMjAyNC8wNS8xMi8xMjUwODM1MTEzL3BpZy1raWRuZXktdHJhbnNwbGFudC1yaWNoYXJkLXNsYXltYW7SAQA?hl=en-US&gl=US&ceid=US%3Aen",
            "og": "https://encrypted-tbn3.gstatic.com/images?q=tbn:ANd9GcRl0HIaKCsjP7WrBDMywtOvkl_EJb4IiBumCB57_RghhOO7QwZkhHiCIr5Qnp3K9TwcBzBoWbt4pO3E7fXqrc00_l5U55q7BAGE3J8Wz8480nG_cw",
            "source": "NPR",
            "source_icon": "https://encrypted-tbn1.gstatic.com/faviconV2?url=https://www.npr.org&client=NEWS_360&size=96&type=FAVICON&fallback_opts=TYPE,SIZE,URL",
            "title": "The first person to receive a genetically modified pig kidney transplant has died"
        },
        {
            "link": "https://news.google.com/articles/CBMia2h0dHBzOi8vd3d3LmxhdGltZXMuY29tL2Vudmlyb25tZW50L3N0b3J5LzIwMjQtMDUtMTIvcmF3LW1pbGstZW50aHVzaWFzdHMtdW5jb3dlZC1ieS1iaXJkLWZsdS1yaXNrLWluLWRhaXJ50gEA?hl=en-US&gl=US&ceid=US%3Aen",
            "og": "https://encrypted-tbn2.gstatic.com/images?q=tbn:ANd9GcQ-glLZayZzaYx_Z5qd2HyMmb9GZ-tG63cQLJr69nlEcBoesbnsTfOq28fUcAt9f-YLbgidlloBfa-xbxJdgt6oLvGAb8CrniWafT_8HLuKq-c86A",
            "source": "Los Angeles Times",
            "source_icon": "https://encrypted-tbn1.gstatic.com/faviconV2?url=https://www.latimes.com&client=NEWS_360&size=96&type=FAVICON&fallback_opts=TYPE,SIZE,URL",
            "title": "Raw milk enthusiasts uncowed by bird flu risk in dairy"
        },
        {
            "link": "https://news.google.com/articles/CBMidWh0dHBzOi8vdGhlaGlsbC5jb20vaG9tZW5ld3MvbmV4c3Rhcl9tZWRpYV93aXJlLzQ2NTM3NDctd2lsbC15b3VyLWxhc3QtY292aWQtdmFjY2luZS13b3JrLWFnYWluc3QtbmV3LWZsaXJ0LXZhcmlhbnRzL9IBeWh0dHBzOi8vdGhlaGlsbC5jb20vaG9tZW5ld3MvbmV4c3Rhcl9tZWRpYV93aXJlLzQ2NTM3NDctd2lsbC15b3VyLWxhc3QtY292aWQtdmFjY2luZS13b3JrLWFnYWluc3QtbmV3LWZsaXJ0LXZhcmlhbnRzL2FtcC8?hl=en-US&gl=US&ceid=US%3Aen",
            "og": "https://encrypted-tbn1.gstatic.com/images?q=tbn:ANd9GcQ-2zwT-5XXD7l6-Ufc2sQzoy3xhImxpv01KFG31YehkkSSSeZVfNsqzQoLv8ULkB9KZHpBg4UZGq0QVcFPHbqiQ55sz47obqZoxNOUQu17cLADYw",
            "source": "The Hill",
            "source_icon": "https://encrypted-tbn2.gstatic.com/faviconV2?url=https://thehill.com&client=NEWS_360&size=96&type=FAVICON&fallback_opts=TYPE,SIZE,URL",
            "title": "Will your last COVID vaccine work against new ‘FLiRT’ variants?"
        },
        {
            "link": "https://news.google.com/articles/CBMigQFodHRwczovL3d3dy5jbGlja29uZGV0cm9pdC5jb20vbmV3cy9taWNoaWdhbi8yMDI0LzA1LzEyL21pY2hpZ2FuLXRpY2stc2Vhc29uLW1vc3QtY29tbW9uLWhvdy10by1wcmV2ZW50LWJpdGVzLWhvdy10by1yZW1vdmUtdGhlbS_SAQA?hl=en-US&gl=US&ceid=US%3Aen",
            "og": "https://encrypted-tbn2.gstatic.com/images?q=tbn:ANd9GcTpXjXceCSejFPJldXAVqJBTGRYuosObXIzo4WCNs2MO_9u8_6fE21q62qNbIpwqJqAHbzAUdnNS5HhzVOripVS",
            "source": "WDIV ClickOnDetroit",
            "source_icon": "https://encrypted-tbn0.gstatic.com/faviconV2?url=https://www.clickondetroit.com&client=NEWS_360&size=96&type=FAVICON&fallback_opts=TYPE,SIZE,URL",
            "title": "Michigan tick season: Most common, how to prevent bites, how to remove them"
        },
        {
            "link": "https://news.google.com/articles/CBMipAFodHRwczovL3d3dy55YWhvby5jb20vbGlmZXN0eWxlL29saXZlLW9pbC1tYXktbG93ZXIteW91ci1yaXNrLW9mLWRlbWVudGlhLXJlbGF0ZWQtZGVhdGgtLWFuZC00LW90aGVyLXRoaW5ncy13ZS1sZWFybmVkLWFib3V0LWhlYWx0aHktbGl2aW5nLXRoaXMtd2Vlay0xNjIwMDA1ODYuaHRtbNIBAA?hl=en-US&gl=US&ceid=US%3Aen",
            "og": "https://encrypted-tbn3.gstatic.com/images?q=tbn:ANd9GcTS86Sa0enz9uwBedmIlZDHYCDEvgiCn8-CRr5DmGWu6Q8qvUnsZeApAdIGvNYr0ocrRAShkeuDZ6ZkVACgXqOpG7u87gKeidCL_XptoW-eZy347Q",
            "source": "Yahoo Life",
            "source_icon": "https://encrypted-tbn1.gstatic.com/faviconV2?url=https://www.yahoo.com&client=NEWS_360&size=96&type=FAVICON&fallback_opts=TYPE,SIZE,URL",
            "title": "Olive oil may lower your risk of dementia-related death — and 4 other things we learned about healthy living this week"
        },
        {
            "link": "https://news.google.com/articles/CBMiU2h0dHBzOi8vd3d3LmNubi5jb20vMjAyNC8wNS8xMS93b3JsZC9iZWV0aG92ZW4tc2NpZW5jZS1uZXdzbGV0dGVyLXd0LXNjbi9pbmRleC5odG1s0gFMaHR0cHM6Ly9hbXAuY25uLmNvbS9jbm4vMjAyNC8wNS8xMS93b3JsZC9iZWV0aG92ZW4tc2NpZW5jZS1uZXdzbGV0dGVyLXd0LXNjbg?hl=en-US&gl=US&ceid=US%3Aen",
            "og": "https://encrypted-tbn2.gstatic.com/images?q=tbn:ANd9GcSmthd4jwN0nCTD8kMPD9OvOQZcZOl08Sq2ZlKn0Pg8keS6QTTD9ckBgR6iBJuuuy07L2k2dLrkFEAmMxOelRndC1pVHJACShwstpz6",
            "source": "CNN",
            "source_icon": "https://encrypted-tbn2.gstatic.com/faviconV2?url=https://www.cnn.com&client=NEWS_360&size=96&type=FAVICON&fallback_opts=TYPE,SIZE,URL",
            "title": "Beethoven’s hair reveals new insights into the composer’s health issues"
        },
        {
            "link": "https://news.google.com/articles/CBMiamh0dHBzOi8vd3d3LmNiczcuY29tLzIwMjQvMDUvMTIvd29tYW4td2hvLXdhcy1maXJzdC1yZWNvdmVyLXJhYmllcy13aXRob3V0LXZhY2NpbmUtbWFya3MtMjB0aC1hbm5pdmVyc2FyeS_SAXlodHRwczovL3d3dy5jYnM3LmNvbS8yMDI0LzA1LzEyL3dvbWFuLXdoby13YXMtZmlyc3QtcmVjb3Zlci1yYWJpZXMtd2l0aG91dC12YWNjaW5lLW1hcmtzLTIwdGgtYW5uaXZlcnNhcnkvP291dHB1dFR5cGU9YW1w?hl=en-US&gl=US&ceid=US%3Aen",
            "og": "https://encrypted-tbn3.gstatic.com/images?q=tbn:ANd9GcRZufLVTCTHBKnX6MHnxt62_EiXY1V25aaT-K7MOQBeBlK5rKREGHgDd_Wjvc9v1v_USnZMt6bM4hht4B6CFXG2fI5v0rX-3bJB2xUY",
            "source": "KOSA",
            "source_icon": "https://encrypted-tbn3.gstatic.com/faviconV2?url=https://www.cbs7.com&client=NEWS_360&size=96&type=FAVICON&fallback_opts=TYPE,SIZE,URL",
            "title": "Woman who was first to recover from rabies without vaccine marks 20th anniversary"
        },
        {
            "link": "https://news.google.com/articles/CBMiY2h0dHBzOi8vbnlwb3N0LmNvbS8yMDI0LzA1LzEyL2xpZmVzdHlsZS9vemVtcGljLWJyZWFzdHMtdGhlLWxhdGVzdC1zaWRlLWVmZmVjdC1vZi10aGUtcG9wdWxhci1kcnVnL9IBAA?hl=en-US&gl=US&ceid=US%3Aen",
            "og": "https://encrypted-tbn2.gstatic.com/images?q=tbn:ANd9GcRNP6rb5FA1BmuRd_4jcRDU4jdAENLTsuVdH39gOhGrtkWzNk-13vpy7Oj57gMczGqSJbf1JotwJxCp1BEhD2n585YTW9tUyBgoy4BFHZHOiBVE2g",
            "source": "New York Post",
            "source_icon": "https://encrypted-tbn3.gstatic.com/faviconV2?url=https://nypost.com&client=NEWS_360&size=96&type=FAVICON&fallback_opts=TYPE,SIZE,URL",
            "title": "'Ozempic breasts' the latest side effect of the popular drug"
        },
        {
            "link": "https://news.google.com/articles/CBMiTmh0dHBzOi8vd3d3LnlhaG9vLmNvbS9saWZlc3R5bGUvb2xkZXItYWR1bHRzLWhhdmluZy1zZXgtZ2V0dGluZy0xOTQ1MDI4NzguaHRtbNIBAA?hl=en-US&gl=US&ceid=US%3Aen",
            "og": "https://encrypted-tbn3.gstatic.com/images?q=tbn:ANd9GcTGWwJrSZa5W4EA7GFnsASfHy0YFUIYPNqF7s2gzXuppiK-1K5bh41UlkhJFP7wXnqLmmY3cKbTg-mvwjC5yzva1xmjpwI2l0ixvmUJXPZQiQRK_w",
            "source": "Yahoo Life",
            "source_icon": "https://encrypted-tbn1.gstatic.com/faviconV2?url=https://www.yahoo.com&client=NEWS_360&size=96&type=FAVICON&fallback_opts=TYPE,SIZE,URL",
            "title": "Older adults are having sex, and they're getting STIs, too"
        },
        {
            "link": "https://news.google.com/articles/CBMib2h0dHBzOi8vd3d3Lmdvb2RuZXdzbmV0d29yay5vcmcvY2FuY2VyLXZhY2NpbmUtdHJpZ2dlcnMtZmllcmNlLWltbXVuZS1yZXNwb25zZS10by1maWdodC1tYWxpZ25hbnQtYnJhaW4tdHVtb3JzL9IBAA?hl=en-US&gl=US&ceid=US%3Aen",
            "og": "https://encrypted-tbn3.gstatic.com/images?q=tbn:ANd9GcRemhihRTPvEicYc25-jzp-gZJyPh1O2U1tlAS2asrXLxHYnF1olpN0-SR726W7eGHImW1idJl8DArc0liwMyQbGrQnomszh8pgSBSB_8YiY7o8QQ",
            "source": "Good News Network",
            "source_icon": "https://encrypted-tbn2.gstatic.com/faviconV2?url=https://www.goodnewsnetwork.org&client=NEWS_360&size=96&type=FAVICON&fallback_opts=TYPE,SIZE,URL",
            "title": "Cancer Vaccine Triggers Fierce Immune Response to Fight Malignant Brain Tumors in Human Patients"
        },
        {
            "link": "https://news.google.com/articles/CBMiZWh0dHBzOi8vd3d3Lndhc2hpbmd0b25wb3N0LmNvbS93ZWxsbmVzcy8yMDI0LzA1LzEyL2Rvd24tc3luZHJvbWUtcmVncmVzc2lvbi1kaXNvcmRlci1tb3RoZXJzLXN1cHBvcnQv0gEA?hl=en-US&gl=US&ceid=US%3Aen",
            "og": "https://encrypted-tbn3.gstatic.com/images?q=tbn:ANd9GcT8qr1Tz2HX-rIC5IDnAIMC6GsMjkwLiiBHcgGDiItkzkx3swY3aWTt8chFLSWbfhQLaxcQ89MK5h6uTWhqasmT4mclxG7egN8eRhIfvxUtLBWWcA",
            "source": "The Washington Post",
            "source_icon": "https://encrypted-tbn3.gstatic.com/faviconV2?url=https://www.washingtonpost.com&client=NEWS_360&size=96&type=FAVICON&fallback_opts=TYPE,SIZE,URL",
            "title": "A strange regression was linked to Down syndrome. These moms found answers."
        },
        {
            "link": "https://news.google.com/articles/CBMifWh0dHBzOi8vc2NpdGVjaGRhaWx5LmNvbS9yZXZvbHV0aW9uYXJ5LXF1YXJ0ZXQtbmFub2NhZ2UtdmFjY2luZS1lZmZlY3RpdmUtYWdhaW5zdC1jb3JvbmF2aXJ1c2VzLXRoYXQtaGF2ZW50LWV2ZW4tZW1lcmdlZC15ZXQv0gEA?hl=en-US&gl=US&ceid=US%3Aen",
            "og": "https://encrypted-tbn1.gstatic.com/images?q=tbn:ANd9GcQpWYxfQaC5J4J8Jb8VO1l5Z5iUDNLaLckiqyBZQzGGnPFqtDySfhiWgyC6JPi5guWkQ5WV9bPqRv9OqQgzHl-ol5jdf_UQNGfua1lipifjD-YdBw",
            "source": "SciTechDaily",
            "source_icon": "https://encrypted-tbn2.gstatic.com/faviconV2?url=https://scitechdaily.com&client=NEWS_360&size=96&type=FAVICON&fallback_opts=TYPE,SIZE,URL",
            "title": "Revolutionary “Quartet Nanocage” Vaccine Effective Against Coronaviruses That Haven't Even Emerged Yet"
        },
        {
            "link": "https://news.google.com/articles/CBMibmh0dHBzOi8vd3d3LnBicy5vcmcvbmV3c2hvdXIvc2hvdy93aGF0LXRvLWtub3ctYWJvdXQtbmV3LWNvdmlkLXZhcmlhbnRzLWFuZC10aGUtc3ByZWFkLW9mLWJpcmQtZmx1LWFuZC1tZWFzbGVz0gFyaHR0cHM6Ly93d3cucGJzLm9yZy9uZXdzaG91ci9hbXAvc2hvdy93aGF0LXRvLWtub3ctYWJvdXQtbmV3LWNvdmlkLXZhcmlhbnRzLWFuZC10aGUtc3ByZWFkLW9mLWJpcmQtZmx1LWFuZC1tZWFzbGVz?hl=en-US&gl=US&ceid=US%3Aen",
            "og": "https://encrypted-tbn2.gstatic.com/images?q=tbn:ANd9GcTuHPam78-rt3WzOzksdhZgxEaM1c7l37qP4M2YYXc5urTUZLgxYNEMusfqWlIfUS_xBNH0r7E4DUoquLPUO9PKVcUmEBW3J2y_HOp5tmUFiAZiYw",
            "source": "PBS NewsHour",
            "source_icon": "https://encrypted-tbn1.gstatic.com/faviconV2?url=https://www.pbs.org&client=NEWS_360&size=96&type=FAVICON&fallback_opts=TYPE,SIZE,URL",
            "title": "What to know about new COVID variants and the spread of bird flu and measles"
        },
        {
            "link": "https://news.google.com/articles/CBMiW2h0dHBzOi8vd3d3LmlmbHNjaWVuY2UuY29tL2EtcG90ZW50aWFsbHktZmF0YWwtbmV3LWNvdmlkLXJlbGF0ZWQtc3luZHJvbWUtaGFzLWVtZXJnZWQtNzQxNzTSAQA?hl=en-US&gl=US&ceid=US%3Aen",
            "og": "https://encrypted-tbn2.gstatic.com/images?q=tbn:ANd9GcSdtq_yH3_kcMNwDm5R0XA5tUvZYSPPmLdab9E3vgQoj6dn-FD5QbZZOiPMRw59UuHZh8DCoLTsZ4k7zFuY1ywUrOpO-tOGiwr6qDF8SmRKYjSX6w",
            "source": "IFLScience",
            "source_icon": "https://encrypted-tbn0.gstatic.com/faviconV2?url=https://www.iflscience.com&client=NEWS_360&size=96&type=FAVICON&fallback_opts=TYPE,SIZE,URL",
            "title": "A Potentially Fatal New COVID-Related Syndrome Has Emerged"
        },
        {
            "link": "https://news.google.com/articles/CBMiZWh0dHBzOi8vbnlwb3N0LmNvbS8yMDI0LzA1LzEyL2xpZmVzdHlsZS9jYXJkaW9sb2dpc3RzLXJldmVhbC1iZXN0LWZydWl0LXRvLWVhdC10by1ib29zdC1oZWFydC1oZWFsdGgv0gFpaHR0cHM6Ly9ueXBvc3QuY29tLzIwMjQvMDUvMTIvbGlmZXN0eWxlL2NhcmRpb2xvZ2lzdHMtcmV2ZWFsLWJlc3QtZnJ1aXQtdG8tZWF0LXRvLWJvb3N0LWhlYXJ0LWhlYWx0aC9hbXAv?hl=en-US&gl=US&ceid=US%3Aen",
            "og": "https://encrypted-tbn2.gstatic.com/images?q=tbn:ANd9GcTGxR5kHnuEr1Y0C6LYiPUul3KnYbgNaJfrAQ9UADqbFfBLS5Kf8rEZ2zsI97Z0GGSvFurw4CIPJOmXTaTQtodf56yq6PmHnsKa3iuLJK-uHEyMqg",
            "source": "New York Post",
            "source_icon": "https://encrypted-tbn3.gstatic.com/faviconV2?url=https://nypost.com&client=NEWS_360&size=96&type=FAVICON&fallback_opts=TYPE,SIZE,URL",
            "title": "I'm a cardiologist — this is the best fruit to eat for a healthy heart"
        },
        {
            "link": "https://news.google.com/articles/CBMiUGh0dHBzOi8vd3d3Lndhc2hpbmd0b25wb3N0LmNvbS9ib29rcy8yMDI0LzA1LzEyL2EtZmF0YWwtaW5oZXJpdGFuY2UtYm9vay1yZXZpZXcv0gEA?hl=en-US&gl=US&ceid=US%3Aen",
            "og": "https://encrypted-tbn0.gstatic.com/images?q=tbn:ANd9GcTvT-20pJ5WqNxu1KAjGACW7eah4ygLME-u8vIhTcvSmFS2dVlBIKR4whEoFkS62AY3wjMNhzigQorJ-f_45JxuGQn6dEAqiAC0BAnxFGSqMvSntw",
            "source": "The Washington Post",
            "source_icon": "https://encrypted-tbn3.gstatic.com/faviconV2?url=https://www.washingtonpost.com&client=NEWS_360&size=96&type=FAVICON&fallback_opts=TYPE,SIZE,URL",
            "title": "‘A Fatal Inheritance,’ by Lawrence Ingrassia book review"
        },
        {
            "link": "https://news.google.com/articles/CBMiWWh0dHBzOi8vc2xhdGUuY29tL2FkdmljZS8yMDI0LzA1L2ZhbWlseS1hZHZpY2Utc2lzdGVyLWV4LWh1c2JhbmQtZGVmZW5zaXZlLXBhcmVudGluZy5odG1s0gEA?hl=en-US&gl=US&ceid=US%3Aen",
            "og": "https://encrypted-tbn0.gstatic.com/images?q=tbn:ANd9GcRTZ8bSw_zd3vR7fM8fLkMr4dlWv5sL4cXFSMANys_j5Fo3_E6IBTSBAfnPmbT46hkbP734CENDNT1MkiJl8wdtPGi8Vlqu0Yh_qDqLoy4ef6z2iw",
            "source": "Slate",
            "source_icon": "https://encrypted-tbn3.gstatic.com/faviconV2?url=https://slate.com&client=NEWS_360&size=96&type=FAVICON&fallback_opts=TYPE,SIZE,URL",
            "title": "Family advice: My boyfriend is constantly defending a despicable man. I can't take it anymore."
        },
        {
            "link": "https://news.google.com/articles/CBMia2h0dHBzOi8vd3d3Lm5kdHYuY29tL2ZlYXR1cmUvdXMtbWFuLWNvbnRyYWN0cy1mbGVzaC1lYXRpbmctYmFjdGVyaWEtYWZ0ZXItd2Fsa2luZy1iYXJlZm9vdC1vbi1iZWFjaC01NjQ1ODUy0gFxaHR0cHM6Ly93d3cubmR0di5jb20vZmVhdHVyZS91cy1tYW4tY29udHJhY3RzLWZsZXNoLWVhdGluZy1iYWN0ZXJpYS1hZnRlci13YWxraW5nLWJhcmVmb290LW9uLWJlYWNoLTU2NDU4NTIvYW1wLzE?hl=en-US&gl=US&ceid=US%3Aen",
            "og": "https://encrypted-tbn2.gstatic.com/images?q=tbn:ANd9GcRwl6idWy5i3dul2uDj5LWu7piy65tsIzgL5_6r5NwL1RXWMcUpJ6MFC9BK8O1koCyUZuZeeyKPwlWvZTQB5s76gvxNVfmZYoqKbmXgOgBSL8SM0Q",
            "source": "NDTV",
            "source_icon": "https://encrypted-tbn0.gstatic.com/faviconV2?url=https://www.ndtv.com&client=NEWS_360&size=96&type=FAVICON&fallback_opts=TYPE,SIZE,URL",
            "title": "US Man Contracts Flesh-Eating Bacteria After Walking Barefoot On Beach"
        },
        {
            "link": "https://news.google.com/articles/CBMiTGh0dHBzOi8vd3d3LmRlbnZlcnBvc3QuY29tLzIwMjQvMDUvMTIvbGVhZC1ibG9vZC1jaGlsZHJlbi1jb2xvcmFkby1haXJwb3J0cy_SAVBodHRwczovL3d3dy5kZW52ZXJwb3N0LmNvbS8yMDI0LzA1LzEyL2xlYWQtYmxvb2QtY2hpbGRyZW4tY29sb3JhZG8tYWlycG9ydHMvYW1wLw?hl=en-US&gl=US&ceid=US%3Aen",
            "og": "https://encrypted-tbn2.gstatic.com/images?q=tbn:ANd9GcTGZhzahz2_2ZIYDPi_bUqaTUbGyi0QyQltqrOtYevfvBGRnPdXUF3t-RsL5gId8V_DN3R14vG4K13PQlNRvg5v5wXDGN67EsYAt-u-9gx1uD75_A",
            "source": "The Denver Post",
            "source_icon": "https://encrypted-tbn0.gstatic.com/faviconV2?url=https://www.denverpost.com&client=NEWS_360&size=96&type=FAVICON&fallback_opts=TYPE,SIZE,URL",
            "title": "Kids living near Colorado airports have slightly elevated levels of lead in their blood, new study finds"
        },
        {
            "link": "https://news.google.com/articles/CBMigQFodHRwczovL3d3dy5zaWxpdmUuY29tL25ld3MvMjAyNC8wNS9iZXN0LW1vdGhlcnMtZGF5LWdpZnQtc3RhdGVuLWlzbGFuZC1ib3ktMy1sZWF2ZXMtaG9zcGl0YWwtYWZ0ZXItbGlmZS10aHJlYXRlbmluZy1pbGxuZXNzLmh0bWzSAZABaHR0cHM6Ly93d3cuc2lsaXZlLmNvbS9uZXdzLzIwMjQvMDUvYmVzdC1tb3RoZXJzLWRheS1naWZ0LXN0YXRlbi1pc2xhbmQtYm95LTMtbGVhdmVzLWhvc3BpdGFsLWFmdGVyLWxpZmUtdGhyZWF0ZW5pbmctaWxsbmVzcy5odG1sP291dHB1dFR5cGU9YW1w?hl=en-US&gl=US&ceid=US%3Aen",
            "og": "https://encrypted-tbn3.gstatic.com/images?q=tbn:ANd9GcTEl7muwm-RThVKeNLSDXVipy6m0D-kqSrlg3v-_vC_FxvyYrSoiaEBBeFqVQJPgWWNbiWSw45EzwEmrYatQIQdi23zHj-BytVP1SqF_ZQaYdXMLA",
            "source": "SILive.com",
            "source_icon": "https://encrypted-tbn3.gstatic.com/faviconV2?url=https://www.silive.com&client=NEWS_360&size=96&type=FAVICON&fallback_opts=TYPE,SIZE,URL",
            "title": "Best Mother’s Day gift: Staten Island boy, 3, leaves hospital after life-threatening illness"
        },
        {
            "link": "https://news.google.com/articles/CBMieGh0dHBzOi8vd3d3LnlhaG9vLmNvbS9saWZlc3R5bGUvaWNlLWNyZWFtLWRvZXNudC1tZWx0LWF0LWFsbC10aGlzLTEyLWluc3VsYXRlZC1ib3dsLXdpbGwtc2F2ZS15b3VyLXN1bW1lci0xMzA0MjExMzEuaHRtbNIBAA?hl=en-US&gl=US&ceid=US%3Aen",
            "og": "https://encrypted-tbn1.gstatic.com/images?q=tbn:ANd9GcR3Um8jtSIjkm1aDo4Ik2FQtLE-69zdpRoi768bQwbO9OCSAFAP0Yf8C3MyQT4f6lfDjdxnm9KBnF7iMQT7D7G2jOq4GzNl3A9W2ng2s931CoCanQ",
            "source": "Yahoo Life",
            "source_icon": "https://encrypted-tbn1.gstatic.com/faviconV2?url=https://www.yahoo.com&client=NEWS_360&size=96&type=FAVICON&fallback_opts=TYPE,SIZE,URL",
            "title": "'Ice cream doesn't melt at all': This $12 insulated bowl will save your summer"
        },
        {
            "link": "https://news.google.com/articles/CBMiTGh0dHBzOi8vd3d3Lndhc2hpbmd0b25wb3N0LmNvbS9oZWFsdGgvMjAyNC8wNS8xMi9oaXAtYm9uZS1mcmFjdHVyZXMtc2VuaW9ycy_SAQA?hl=en-US&gl=US&ceid=US%3Aen",
            "og": "https://encrypted-tbn0.gstatic.com/images?q=tbn:ANd9GcS-pDZvN1JW2LQyZV59hrx1bmt4dUzCBSfOcyyVHWaief6E9MLRmWkwmSlFfS1bGiEZKb8gW7ThuSjmtdhbIu4ztzCTvIZ4EiRL-Xp79bZvboJ6pQ",
            "source": "The Washington Post",
            "source_icon": "https://encrypted-tbn3.gstatic.com/faviconV2?url=https://www.washingtonpost.com&client=NEWS_360&size=96&type=FAVICON&fallback_opts=TYPE,SIZE,URL",
            "title": "Hip breaks more deadly than some cancers in elderly, study finds"
        },
        {
            "link": "https://news.google.com/articles/CBMiVWh0dHBzOi8vd3d3LnNmY2hyb25pY2xlLmNvbS9oZWFsdGgvYXJ0aWNsZS9jb3ZpZC1kb2RnZXJzLWltbXVuZS1vci1sdWNreS0xOTQ1MTA4My5waHDSAQA?hl=en-US&gl=US&ceid=US%3Aen",
            "og": "https://encrypted-tbn1.gstatic.com/images?q=tbn:ANd9GcREYqFKhxZlQuv8TGjZ1ZJ6nSTerrpKYu1arrtBOtXdRYunlFPoxN2m3mjOI4I41DbUIfz2PvGjo38VWbLoMXW_BrLYMgHWmglgUs7HvtfxnDZTpg",
            "source": "San Francisco Chronicle",
            "source_icon": "https://encrypted-tbn3.gstatic.com/faviconV2?url=https://www.sfchronicle.com&client=NEWS_360&size=96&type=FAVICON&fallback_opts=TYPE,SIZE,URL",
            "title": "I still haven't had COVID. Does science know if I'm really immune?"
        },
        {
            "link": "https://news.google.com/articles/CBMicGh0dHBzOi8vd3d3LnBzeXBvc3Qub3JnL25ldXJvc2NpZW50aXN0cy1yZXZlYWwtaW50cmlndWluZy1pbXBhY3Qtb2YtbGlnaHQtb24taHVtYW4tY29nbml0aW9uLWFuZC1icmFpbi1hY3Rpdml0eS_SAQA?hl=en-US&gl=US&ceid=US%3Aen",
            "og": "https://encrypted-tbn1.gstatic.com/images?q=tbn:ANd9GcQgMmij0P7muNsi6BSIB1Qd7PtUJNCG_3qGkq3De9-ZBWAE7QyZynkHtclBVnqZHTTpKLtumdv88SpHeoGoxp_GBF21PGwFseFnll7X-VoUJiu22A",
            "source": "PsyPost",
            "source_icon": "https://encrypted-tbn2.gstatic.com/faviconV2?url=https://www.psypost.org&client=NEWS_360&size=96&type=FAVICON&fallback_opts=TYPE,SIZE,URL",
            "title": "Neuroscientists reveal intriguing impact of light on human cognition and brain activity"
        },
        {
            "link": "https://news.google.com/articles/CBMioQFodHRwczovL3d3dy5kYWlseW1haWwuY28udWsvaGVhbHRoL2FydGljbGUtMTM0MDc2NjMvVGhlLXJlZC1mbGFnLXN5bXB0b20tYmxhZGRlci1jYW5jZXItd29tZW4tbmVlZC1rbm93LUdQcy13cm9uZ2x5LWRpc21pc3MtbWVub3BhdXNlLWVmZmVjdC11cmluZS1pbmZlY3Rpb24uaHRtbNIBAA?hl=en-US&gl=US&ceid=US%3Aen",
            "og": "https://encrypted-tbn2.gstatic.com/images?q=tbn:ANd9GcQ3VHmuXwY2v-dKpJjut_jYPnz5yNMwTG0eQnFXN2HwUE2wywD45qn00KF31h2Qn8Sofk_T3e6mBP39m0G7Tknj5SRqrJpNwapuUP9_f_y8tZcApg",
            "source": "Daily Mail",
            "source_icon": "https://encrypted-tbn1.gstatic.com/faviconV2?url=https://www.dailymail.co.uk&client=NEWS_360&size=96&type=FAVICON&fallback_opts=TYPE,SIZE,URL",
            "title": "The 'red flag' symptom of bladder cancer women need to know about"
        },
        {
            "link": "https://news.google.com/articles/CBMiYGh0dHBzOi8vd3d3Lm9yZWdvbmxpdmUuY29tL2J1c2luZXNzLzIwMjQvMDUvc2VuaW9yLWNpdGl6ZW5zLXJlbWFpbi1zdHJhbmRlZC1pbi1ob3NwaXRhbC1lcnMuaHRtbNIBb2h0dHBzOi8vd3d3Lm9yZWdvbmxpdmUuY29tL2J1c2luZXNzLzIwMjQvMDUvc2VuaW9yLWNpdGl6ZW5zLXJlbWFpbi1zdHJhbmRlZC1pbi1ob3NwaXRhbC1lcnMuaHRtbD9vdXRwdXRUeXBlPWFtcA?hl=en-US&gl=US&ceid=US%3Aen",
            "og": "https://encrypted-tbn3.gstatic.com/images?q=tbn:ANd9GcRkSk1l0iaaZ6xaglYuJpxWREeKdxw_nHQ70iS4rP8F86sMBkrIafZ5OVCCROdRPEr7-mbAdwNgWrdqYhKRq1RTWjsZc_w1czmIP8TzMjsCYAO2-Q",
            "source": "OregonLive",
            "source_icon": "https://encrypted-tbn2.gstatic.com/faviconV2?url=https://www.oregonlive.com&client=NEWS_360&size=96&type=FAVICON&fallback_opts=TYPE,SIZE,URL",
            "title": "Senior citizens remain stranded in hospital ERs"
        },
        {
            "link": "https://news.google.com/articles/CBMiZ2h0dHBzOi8vd3d3LnNjaWVuY2VhbGVydC5jb20vd2hhdC1pcy1hZGVub215b3Npcy10aGlzLWxpdHRsZS1rbm93bi1jb25kaXRpb24tYWZmZWN0cy11cC10by0xLWluLTUtd29tZW7SAQA?hl=en-US&gl=US&ceid=US%3Aen",
            "og": "https://encrypted-tbn3.gstatic.com/images?q=tbn:ANd9GcT6mWbwcPXQXtHELk1q82l5lOSG4XLIH_K2MSUMhKksXrfXWCS_kpnTrslSfCTYCTFLcBcLuWXCNmDMpEN4z_ykqraFYoJjV2vHKPYPRTIxddOsSQ",
            "source": "ScienceAlert",
            "source_icon": "https://encrypted-tbn2.gstatic.com/faviconV2?url=https://www.sciencealert.com&client=NEWS_360&size=96&type=FAVICON&fallback_opts=TYPE,SIZE,URL",
            "title": "What Is Adenomyosis? This Little-Known Condition Affects Up to 1 in 5 Women"
        },
        {
            "link": "https://news.google.com/articles/CBMiY2h0dHBzOi8vd3d3LmxhZGJpYmxlLmNvbS9uZXdzL2hlYWx0aC9keWluZy1kZWF0aC1zaWducy1ob3NwaWNlLWp1bGllLW1jZmFkZGVuLW51cnNlLTU4NDM0Ni0yMDI0MDUxMtIBAA?hl=en-US&gl=US&ceid=US%3Aen",
            "og": "https://encrypted-tbn3.gstatic.com/images?q=tbn:ANd9GcQwANiooN_WF5iBVzLCKDyr4rY067LdhpiWIZUiK00kZZHzYIQ0Gg-_88ThmxYijZyy91S7tOfexAT6of-HQm6rwLm33geQk2588OvzMuH_9MfswQ",
            "source": "LADbible",
            "source_icon": "https://encrypted-tbn1.gstatic.com/faviconV2?url=https://www.ladbible.com&client=NEWS_360&size=96&type=FAVICON&fallback_opts=TYPE,SIZE,URL",
            "title": "Hospice nurse says there are 12 signs to look for that suggest someone is near death"
        },
        {
            "link": "https://news.google.com/articles/CBMidmh0dHBzOi8vbnlwb3N0LmNvbS8yMDI0LzA1LzEyL2xpZmVzdHlsZS9taXJhY3Vsb3VzLW5ldy1jYW5jZXItdHJlYXRtZW50LWdpdmVzLW5ldy1qZXJzZXktbW9tLWEtY2hhbmNlLWZvci1zZWNvbmQtYmFieS_SAXpodHRwczovL255cG9zdC5jb20vMjAyNC8wNS8xMi9saWZlc3R5bGUvbWlyYWN1bG91cy1uZXctY2FuY2VyLXRyZWF0bWVudC1naXZlcy1uZXctamVyc2V5LW1vbS1hLWNoYW5jZS1mb3Itc2Vjb25kLWJhYnkvYW1wLw?hl=en-US&gl=US&ceid=US%3Aen",
            "og": "https://encrypted-tbn3.gstatic.com/images?q=tbn:ANd9GcQf0DkDiTM3fakuB0vCZ4_x0qsIQzVIQmkw2bbdYdayRsHfBhk2T5QGVYtQZAWtG6VzQvFnAtTqO6kyVielMVyB5P3RtNWVg5pkdmq5lBrDsXDW6A",
            "source": "New York Post",
            "source_icon": "https://encrypted-tbn3.gstatic.com/faviconV2?url=https://nypost.com&client=NEWS_360&size=96&type=FAVICON&fallback_opts=TYPE,SIZE,URL",
            "title": "Miraculous new cancer treatment gives New Jersey mom a chance for second baby"
        },
        {
            "link": "https://news.google.com/articles/CBMiTWh0dHBzOi8vd3d3LnlhaG9vLmNvbS9saWZlc3R5bGUvd2FudC1hdm9pZC1mb29kLXBvaXNvbmluZy1za2lwLTA3MDA0MDM3MC5odG1s0gEA?hl=en-US&gl=US&ceid=US%3Aen",
            "og": "https://encrypted-tbn0.gstatic.com/images?q=tbn:ANd9GcRzlJkjpnX6fyL1AippYS42BrP4ciWIfwJPS7IX1Yo2hMwUMo0o423VA_yZymIUCzb0EPz1Vw2EzETnqD1TQoHlkx7s--EOzvkakrN2dl0-NpbmlQ",
            "source": "Yahoo Life",
            "source_icon": "https://encrypted-tbn1.gstatic.com/faviconV2?url=https://www.yahoo.com&client=NEWS_360&size=96&type=FAVICON&fallback_opts=TYPE,SIZE,URL",
            "title": "Want To Avoid Food Poisoning? Skip These Items At Your Hotel's Breakfast Buffet"
        },
        {
            "link": "https://news.google.com/articles/CBMiYmh0dHBzOi8vc2xhdGUuY29tL2xpZmUvMjAyNC8wNS9kZW1vbi1mYWNlLXN5bmRyb21lLXdoYXQtaXMtcHJvc29wb21ldGFtb3JwaG9wc2lhLXJhcmUtZGlzZWFzZS5odG1s0gEA?hl=en-US&gl=US&ceid=US%3Aen",
            "og": "https://encrypted-tbn1.gstatic.com/images?q=tbn:ANd9GcSPBXX2PEmr0bJGqXQ4MqU3YGyMGg1MlqjHVntCv_YhjdIDxhXqDSVZ7vaL1c7n7VAo6pmb77YXZenuO0HrUWz7Grw_rnVrwVOE3DYxTbUAphVjIg",
            "source": "Slate",
            "source_icon": "https://encrypted-tbn3.gstatic.com/faviconV2?url=https://slate.com&client=NEWS_360&size=96&type=FAVICON&fallback_opts=TYPE,SIZE,URL",
            "title": "Demon face syndrome: What it's like to have the rare disorder."
        },
        {
            "link": "https://news.google.com/articles/CBMiiAFodHRwczovL3d3dy5saXZlc2NpZW5jZS5jb20vcGxhbmV0LWVhcnRoL21pY3JvYmlvbG9neS90aGUtbW9zdC1jcml0aWNhbGx5LWhhcm1mdWwtZnVuZ2ktdG8taHVtYW5zLWhvdy10aGUtcmlzZS1vZi1jLWF1cmlzLXdhcy1pbmV2aXRhYmxl0gEA?hl=en-US&gl=US&ceid=US%3Aen",
            "og": "https://encrypted-tbn1.gstatic.com/images?q=tbn:ANd9GcTlVolhkebWlRdBKUoviS4vstrxOQYgQriJcnIKMpTdUugMzk1wYhIGMOUVn36HZbjLDz_8Sia_Puee2e26rQAanwSu",
            "source": "Livescience.com",
            "source_icon": "https://encrypted-tbn2.gstatic.com/faviconV2?url=https://www.livescience.com&client=NEWS_360&size=96&type=FAVICON&fallback_opts=TYPE,SIZE,URL",
            "title": "'The most critically harmful fungi to humans': How the rise of C. auris was inevitable"
        },
        {
            "link": "https://news.google.com/articles/CBMiVGh0dHBzOi8vd3d3LnRoZWd1YXJkaWFuLmNvbS93ZWxsbmVzcy9hcnRpY2xlLzIwMjQvbWF5LzEyL21lbm9wYXVzZS1tYXJ5LWNsYWlyZS1oYXZlctIBVGh0dHBzOi8vYW1wLnRoZWd1YXJkaWFuLmNvbS93ZWxsbmVzcy9hcnRpY2xlLzIwMjQvbWF5LzEyL21lbm9wYXVzZS1tYXJ5LWNsYWlyZS1oYXZlcg?hl=en-US&gl=US&ceid=US%3Aen",
            "og": "https://encrypted-tbn3.gstatic.com/images?q=tbn:ANd9GcRAJ_Rnxkrh1m_AGW1yI5sssrgOlFLc7yhtGsI6ee249f7KEoxwCjiNUT1v5k3jnDuEmAaCKKggTPIT2Kam9no5e_sYQIPy_7DaPOZW_eFLy3ZKew",
            "source": "The Guardian",
            "source_icon": "https://encrypted-tbn0.gstatic.com/faviconV2?url=https://www.theguardian.com&client=NEWS_360&size=96&type=FAVICON&fallback_opts=TYPE,SIZE,URL",
            "title": "‘Menopause should be optional’: the doctor demystifying care for millions on TikTok"
        },
        {
            "link": "https://news.google.com/articles/CBMiVGh0dHBzOi8vd3d3LmZveG5ld3MuY29tL2hlYWx0aC84LW1vc3QtaW1wb3J0YW50LWhlYWx0aC1zdG9yaWVzLXdlZWstY2FzZS1taXNzZWQtdGhlbdIBWGh0dHBzOi8vd3d3LmZveG5ld3MuY29tL2hlYWx0aC84LW1vc3QtaW1wb3J0YW50LWhlYWx0aC1zdG9yaWVzLXdlZWstY2FzZS1taXNzZWQtdGhlbS5hbXA?hl=en-US&gl=US&ceid=US%3Aen",
            "og": "https://encrypted-tbn2.gstatic.com/images?q=tbn:ANd9GcSi9HwYxUZ4-s6AQ6nAmWSDiJZBl0yxiCAIvOUNyo-6ihA29p-FdBYefT9GgU9HwGqvP05zX9D1fF4Gffw8I1Eqn7gw_W-FD0m0bX4zG_sQZGsH9Q",
            "source": "Fox News",
            "source_icon": "https://encrypted-tbn3.gstatic.com/faviconV2?url=https://www.foxnews.com&client=NEWS_360&size=96&type=FAVICON&fallback_opts=TYPE,SIZE,URL",
            "title": "8 of the most important health stories this week, in case you missed them"
        },
        {
            "link": "https://news.google.com/articles/CBMiVGh0dHBzOi8vd3d3LnRlbGVncmFwaC5jby51ay9oZWFsdGgtZml0bmVzcy93ZWxsYmVpbmcvbWVudGFsLWhlYWx0aC9hZGhkLXdvbWVuLWdpcmxzL9IBAA?hl=en-US&gl=US&ceid=US%3Aen",
            "og": "https://encrypted-tbn0.gstatic.com/images?q=tbn:ANd9GcQkhuFTI4OjOE26VvVTSTjk4HkBQH9UY1sWhC7VfuPKjZLfqZrEQ_a6uSqume0uioQTI9Ru_PaAAzf9Qk2g9LTFjadpUNhZnxcIzMDrvRIis77CKw",
            "source": "The Telegraph",
            "source_icon": "https://encrypted-tbn2.gstatic.com/faviconV2?url=https://www.telegraph.co.uk&client=NEWS_360&size=96&type=FAVICON&fallback_opts=TYPE,SIZE,URL",
            "title": "ADHD in women and girls: signs, symptoms and treatment"
        },
        {
            "link": "https://news.google.com/articles/CBMiamh0dHBzOi8vd3d3Lndpb25ld3MuY29tL3NjaWVuY2Uvc2NpZW50aXN0cy1maW5kLXVsdGltYXRlLXNvbHV0aW9uLWZvci1hbGwtc2xlZXAtZGlzb3JkZXJzLWdhcmRlbmluZy03MjA0NDLSAQA?hl=en-US&gl=US&ceid=US%3Aen",
            "og": "https://encrypted-tbn0.gstatic.com/images?q=tbn:ANd9GcTCFCBuRILzdtVNeIkxYSihW64jOZhTHXUP7U5OUmszPN7qvsBkbYqnOheEkx11uoxB8bDFdOtjnLU6IZqWeaf1TyX9wPSHXF0PYN2eU2f_tVhbwQ",
            "source": "WION",
            "source_icon": "https://encrypted-tbn2.gstatic.com/faviconV2?url=https://www.wionews.com&client=NEWS_360&size=96&type=FAVICON&fallback_opts=TYPE,SIZE,URL",
            "title": "Scientists find ultimate solution for all sleep disorders: Gardening"
        },
        {
            "link": "https://news.google.com/articles/CBMiYGh0dHBzOi8vbnlwb3N0LmNvbS8yMDI0LzA1LzEyL2xpZmVzdHlsZS9ob3ctcHJlbWF0dXJlLW1lbm9wYXVzZS1jYW4tY2F1c2UtZWFybHktZGVhdGgtbmV3LXN0dWR5L9IBZGh0dHBzOi8vbnlwb3N0LmNvbS8yMDI0LzA1LzEyL2xpZmVzdHlsZS9ob3ctcHJlbWF0dXJlLW1lbm9wYXVzZS1jYW4tY2F1c2UtZWFybHktZGVhdGgtbmV3LXN0dWR5L2FtcC8?hl=en-US&gl=US&ceid=US%3Aen",
            "og": "https://encrypted-tbn2.gstatic.com/images?q=tbn:ANd9GcQH2ACP2JMkdFmbQ4IzIVhDZes4CpM28gRm4rAhLL3Ln4bhHqIVhsIKnaHZo5ISrHhZ1jE1OQQEtzLZoNs5icHaHrzKA2w-c43-yEsT2Gib0j8Kdw",
            "source": "New York Post",
            "source_icon": "https://encrypted-tbn3.gstatic.com/faviconV2?url=https://nypost.com&client=NEWS_360&size=96&type=FAVICON&fallback_opts=TYPE,SIZE,URL",
            "title": "How premature menopause can cause early death: new study"
        },
        {
            "link": "https://news.google.com/articles/CBMiW2h0dHBzOi8vc2xhdGUuY29tL2FkdmljZS8yMDI0LzA1L21hcnJpYWdlLXRoZXJhcGlzdC1odXNiYW5kLWVtb3Rpb25hbC1hZHZpY2UtcGFyZW50aW5nLmh0bWzSAQA?hl=en-US&gl=US&ceid=US%3Aen",
            "og": "https://encrypted-tbn3.gstatic.com/images?q=tbn:ANd9GcRKCCmoipORfm1237a1WljxqoCwoADFHlH78XTR-dDdoD9QcHnaA2LW_KthEhnL1dbblTfi8zIA8BO6Rjn-fbTSJjFBzYWKGFfM663tlzy__uu0qA",
            "source": "Slate",
            "source_icon": "https://encrypted-tbn3.gstatic.com/faviconV2?url=https://slate.com&client=NEWS_360&size=96&type=FAVICON&fallback_opts=TYPE,SIZE,URL",
            "title": "Marriage advice: My therapist replaced my husband. Is that so bad?"
        },
        {
            "link": "https://news.google.com/articles/CBMiWWh0dHBzOi8vd3d3LmJ1enpmZWVkLmNvbS9zYXJhaGJvdXJhc3NhL2lmLXlvdXJlLWNvbmdlc3RlZC10aGVzZS1mb29kcy1jb3VsZC1iZS10aGUtcmVhc29u0gEA?hl=en-US&gl=US&ceid=US%3Aen",
            "og": "https://encrypted-tbn1.gstatic.com/images?q=tbn:ANd9GcTNKH9aDAfk7lvgPiJQOf-ZTooGqfdMZ2BsLI1zLEzQgKCn7vKc-YDUOxx_A_PX-rWPKYGS9cfZBKTEF-oBbHuOQ4fMrAlhJiG3MooN",
            "source": "BuzzFeed",
            "source_icon": "https://encrypted-tbn2.gstatic.com/faviconV2?url=https://www.buzzfeed.com&client=NEWS_360&size=96&type=FAVICON&fallback_opts=TYPE,SIZE,URL",
            "title": "If You're Congested, These Foods Could Be The Reason"
        },
        {
            "link": "https://news.google.com/articles/CBMic2h0dHBzOi8vd3d3LmRlc2VyZXQuY29tL3V0YWgvMjAyNC8wNS8xMi91dGFobi1tYXktYmUtb24tdmVyZ2Utb2YtYS1zaWduaWZpY2FudC1icmVha3Rocm91Z2gtaW4tdHJlYXRpbmctYWx6aGVpbWVycy_SAQA?hl=en-US&gl=US&ceid=US%3Aen",
            "og": "https://encrypted-tbn1.gstatic.com/images?q=tbn:ANd9GcR_prMM_ELRXpOzElqYb0Xwg-LL0fRoB5lTzObOJDb70SBLfgsHNema58_G0M8-JAjnk0cX9sUKG12juuUXzToF",
            "source": "Deseret News",
            "source_icon": "https://encrypted-tbn1.gstatic.com/faviconV2?url=https://www.deseret.com&client=NEWS_360&size=96&type=FAVICON&fallback_opts=TYPE,SIZE,URL",
            "title": "Utahn may be on verge of a significant breakthrough in treating Alzheimer's"
        },
        {
            "link": "https://news.google.com/articles/CBMie2h0dHBzOi8vd3d3LnVzYXRvZGF5LmNvbS9zdG9yeS9uZXdzL2hlYWx0aC8yMDI0LzA1LzEyL21lYXNsZXMtcG9saW8tY292aWQtMTktYW50aS12YWNjaW5lLW1vdmVtZW50LXRoZS1leGNlcnB0LzczNjM4NTQ2MDA3L9IBAA?hl=en-US&gl=US&ceid=US%3Aen",
            "og": "https://encrypted-tbn3.gstatic.com/images?q=tbn:ANd9GcRoTvDgbS6ehJRLDvPAy-0EXWLO2zrRphkpaiXpoUEZ7C4pzabTTDmFPs2-A5gJdqDfyfxMnWGvv7izmhe0cWsBRdDIHOqU_J7vS6jfq28PUUABKA",
            "source": "USA TODAY",
            "source_icon": "https://encrypted-tbn0.gstatic.com/faviconV2?url=https://www.usatoday.com&client=NEWS_360&size=96&type=FAVICON&fallback_opts=TYPE,SIZE,URL",
            "title": "What's driving the anti-vax movement? | The Excerpt"
        },
        {
            "link": "https://news.google.com/articles/CBMigwFodHRwczovL2t5bWtlbXAuY29tLzIwMjQvMDUvMTIvbWVuZG9jaW5vLWNvdW50eS1wdWJsaWMtaGVhbHRoLXJlcG9ydHMtcmlzZS1pbi1zeXBoaWxpcy1hbmQtaGl2LWNhc2VzLXdpdGhob2xkcy1kYXRhLWNpdGluZy1wcml2YWN5L9IBAA?hl=en-US&gl=US&ceid=US%3Aen",
            "og": "https://encrypted-tbn0.gstatic.com/images?q=tbn:ANd9GcTQv3SBBiEhDcJXg5rmMGzwgv3e9nKjNMXWuDp7ODGO_OT-XVE7a8wfhGY8FWTZoNk",
            "source": "Redheaded Blackbelt",
            "source_icon": "https://encrypted-tbn3.gstatic.com/faviconV2?url=https://kymkemp.com&client=NEWS_360&size=96&type=FAVICON&fallback_opts=TYPE,SIZE,URL",
            "title": "Mendocino County Public Health Reports Rise in Syphilis and HIV Cases, Withholds Data Citing Privacy"
        },
        {
            "link": "https://news.google.com/articles/CBMiYGh0dHBzOi8vd3d3LnZpbGxhZ2VzLW5ld3MuY29tLzIwMjQvMDUvMTEvc2hvdWxkLXlvdS10YWtlLWFzcGlyaW4tdG8taGVscC1wcmV2ZW50LWEtaGVhcnQtYXR0YWNrL9IBAA?hl=en-US&gl=US&ceid=US%3Aen",
            "og": "https://encrypted-tbn3.gstatic.com/images?q=tbn:ANd9GcRkJxXY9VINM6_MiOmFneQ0tQgsrAJwev8BMJjouyhJMEPpjNLWPrbpudIf6r4JepIub2xyKkPZt0aoKjgV5egvr2XoTwg2n97XvJEb2maxrVsu8g",
            "source": "Villages-News",
            "source_icon": "https://encrypted-tbn2.gstatic.com/faviconV2?url=https://www.villages-news.com&client=NEWS_360&size=96&type=FAVICON&fallback_opts=TYPE,SIZE,URL",
            "title": "Should you take aspirin to help prevent a heart attack?"
        },
        {
            "link": "https://news.google.com/articles/CBMicGh0dHBzOi8vd3d3LmRhaWx5bWFpbC5jby51ay9oZWFsdGgvYXJ0aWNsZS0xMzQwMDMxNy9jb3ZpZC12YWNjaW5lcy1hbWVyaWNhbnMtZGlzYWJsZWQtZGlzbWlzc2VkLWFudGl2YXh4ZXJzLmh0bWzSAXRodHRwczovL3d3dy5kYWlseW1haWwuY28udWsvaGVhbHRoL2FydGljbGUtMTM0MDAzMTcvYW1wL2NvdmlkLXZhY2NpbmVzLWFtZXJpY2Fucy1kaXNhYmxlZC1kaXNtaXNzZWQtYW50aXZheHhlcnMuaHRtbA?hl=en-US&gl=US&ceid=US%3Aen",
            "og": "https://encrypted-tbn1.gstatic.com/images?q=tbn:ANd9GcSJDZ-fWg3W_WrXggbE5LC8aSqPFjdDYNCn6RCxoLoTIN2nKQzHEX1xImo5GQOgrdcEh8717Y6O7ysePa0vjFNqt7JsUaAJ9miujYUaRydwGyukHg",
            "source": "Daily Mail",
            "source_icon": "https://encrypted-tbn1.gstatic.com/faviconV2?url=https://www.dailymail.co.uk&client=NEWS_360&size=96&type=FAVICON&fallback_opts=TYPE,SIZE,URL",
            "title": "Texas woman, 34 and California man, 58, claim they've been left with lifelong disabilities and suffered stroke"
        },
        {
            "link": "https://news.google.com/articles/CBMiPWh0dHBzOi8vbmV1cm9zY2llbmNlbmV3cy5jb20vYW5lbmRvcGhhc2lhLWlubmVyLXNwZWVjaC0yNjA4Ny_SAQA?hl=en-US&gl=US&ceid=US%3Aen",
            "og": "https://encrypted-tbn3.gstatic.com/images?q=tbn:ANd9GcRqsFiZxagM7MqlEUtPUScqlBZsGh-L0SzlW9xdubf6qohu9SM6IMNvcsSkdyO9YA-w092h7Bo0jKNvrei52QPU24_qZ3heSTy6TX1txwnWPsQZlQ",
            "source": "Neuroscience News",
            "source_icon": "https://encrypted-tbn2.gstatic.com/faviconV2?url=https://neurosciencenews.com&client=NEWS_360&size=96&type=FAVICON&fallback_opts=TYPE,SIZE,URL",
            "title": "Inside the Quiet Mind: The Absence of Inner Speech"
        },
        {
            "link": "https://news.google.com/articles/CBMic2h0dHBzOi8vZmluYW5jZS55YWhvby5jb20vbmV3cy9xYS13aXRoLW1hZGR5LWR5Y2h0d2FsZC13aGF0LXRoZS1sb25nZXZpdHktcmV2b2x1dGlvbi1tZWFucy1mb3Itd29tZW4tMTgyMzQ3MDAyLmh0bWzSAQA?hl=en-US&gl=US&ceid=US%3Aen",
            "og": "https://encrypted-tbn0.gstatic.com/images?q=tbn:ANd9GcSebGNO25v9MsZQS_TCHbf8DMpBEl24FGkBaCdJzWvJA1faFqAARWFvYpU78KaSQew",
            "source": "Yahoo Finance",
            "source_icon": "https://encrypted-tbn1.gstatic.com/faviconV2?url=https://finance.yahoo.com&client=NEWS_360&size=96&type=FAVICON&fallback_opts=TYPE,SIZE,URL",
            "title": "Q&A with Maddy Dychtwald: What the longevity revolution means for women"
        },
        {
            "link": "https://news.google.com/articles/CBMiP2h0dHBzOi8vbmV1cm9zY2llbmNlbmV3cy5jb20vY29ydGlzb2wtcHJlZ25hbmN5LWNoaWxkLWlxLTI2MDg2L9IBAA?hl=en-US&gl=US&ceid=US%3Aen",
            "og": "https://encrypted-tbn2.gstatic.com/images?q=tbn:ANd9GcT11RjJm36HCOfdlg-xMbno7gtQQvNc-J-uw3gRIcK_yWrFVBpEZFTZqzdFkLGAiWVlCj2FUpgeQU6AgPPEdudzOiFAgWinrOYOxj6J_JFOPHuP6Q",
            "source": "Neuroscience News",
            "source_icon": "https://encrypted-tbn2.gstatic.com/faviconV2?url=https://neurosciencenews.com&client=NEWS_360&size=96&type=FAVICON&fallback_opts=TYPE,SIZE,URL",
            "title": "Mom's Stress Hormone Shapes Child's IQ"
        },
        {
            "link": "https://news.google.com/articles/CBMiUmh0dHBzOi8vZXhwbG9yZXJzd2ViLmNvbS9vbmUtaW4tdGhyZWUtZXZlcmVzdC1jbGltYmVycy1zdWZmZXJzLWNhcmRpYWMtYXJyaHl0aG1pYS_SAQA?hl=en-US&gl=US&ceid=US%3Aen",
            "og": "https://encrypted-tbn2.gstatic.com/images?q=tbn:ANd9GcRNrFLy-Wmj8tvkT7XEjsZ-veCIP2Z-YK_VJoy4-O2dHNzVmjdgFjihfrrG7vJg8GDaLWJ8B7eSMblu5dw4w6VuYZAvWkWIYVmm86P0v0stZ6OW4w",
            "source": "ExplorersWeb",
            "source_icon": "https://encrypted-tbn1.gstatic.com/faviconV2?url=https://explorersweb.com&client=NEWS_360&size=96&type=FAVICON&fallback_opts=TYPE,SIZE,URL",
            "title": "One in Three Everest Climbers Suffers Cardiac Arrhythmia » Explorersweb"
        },
        {
            "link": "https://news.google.com/articles/CBMipwFodHRwczovL3d3dy5kYWlseW1haWwuY28udWsvaGVhbHRoL2FydGljbGUtMTM0MDc2NDUvSS1mZWVsLWd1aWx0eS1kaXNtaXNzaW5nLTEwLXllYXItb2xkLWRhdWdodGVycy1zeW1wdG9tcy1qdXN0LWNvdWdoLXdvbmRlci13b3JzZS1za2lwcGVkLXdob29waW5nLWNvdWdoLXZhY2NpbmUuaHRtbNIBqwFodHRwczovL3d3dy5kYWlseW1haWwuY28udWsvaGVhbHRoL2FydGljbGUtMTM0MDc2NDUvYW1wL0ktZmVlbC1ndWlsdHktZGlzbWlzc2luZy0xMC15ZWFyLW9sZC1kYXVnaHRlcnMtc3ltcHRvbXMtanVzdC1jb3VnaC13b25kZXItd29yc2Utc2tpcHBlZC13aG9vcGluZy1jb3VnaC12YWNjaW5lLmh0bWw?hl=en-US&gl=US&ceid=US%3Aen",
            "og": "https://encrypted-tbn1.gstatic.com/images?q=tbn:ANd9GcTNgHGMMonoHUWPzuJlGcfBbV5mGx1j2ljWGC7qwblSFapQFEqxEbVk_g4_uGT2GaVHikvUHfxj_N8msZembf8ftsq2JVtmfWJiUwBepGFINb-1-Q",
            "source": "Daily Mail",
            "source_icon": "https://encrypted-tbn1.gstatic.com/faviconV2?url=https://www.dailymail.co.uk&client=NEWS_360&size=96&type=FAVICON&fallback_opts=TYPE,SIZE,URL",
            "title": "I feel so guilty for dismissing my 10-year-old daughter's symptoms as 'just' a cough... but I wonder how much"
        },
        {
            "link": "https://news.google.com/articles/CBMia2h0dHBzOi8vd3d3LmRhaWx5bWFpbC5jby51ay9oZWFsdGgvYXJ0aWNsZS0xMzM2NTkzMS9TaW1wbGUtYnJlYWtmYXN0LWx1bmNoLWRpbm5lci10d2Vha3Mtc2F2ZS1jYWxvcmllcy5odG1s0gFvaHR0cHM6Ly93d3cuZGFpbHltYWlsLmNvLnVrL2hlYWx0aC9hcnRpY2xlLTEzMzY1OTMxL2FtcC9TaW1wbGUtYnJlYWtmYXN0LWx1bmNoLWRpbm5lci10d2Vha3Mtc2F2ZS1jYWxvcmllcy5odG1s?hl=en-US&gl=US&ceid=US%3Aen",
            "og": "https://encrypted-tbn3.gstatic.com/images?q=tbn:ANd9GcQiMKa6Ado1bD0pHyuYtj3Ry0XdI2yj27-OkFuXTphODb0odDSi2QPoEQdv5CFqKv2PAa6Qbufuw6XmlJLIoEiSajTz16v3OhjeEjV4w7p2juPZfg",
            "source": "Daily Mail",
            "source_icon": "https://encrypted-tbn1.gstatic.com/faviconV2?url=https://www.dailymail.co.uk&client=NEWS_360&size=96&type=FAVICON&fallback_opts=TYPE,SIZE,URL",
            "title": "Simple breakfast, lunch and dinner tweaks to save yourself 1,000 calories a day (and why you WON'T end up hati"
        },
        {
            "link": "https://news.google.com/articles/CBMiSGh0dHBzOi8vd3d3LmhlYWx0aHNob3RzLmNvbS93ZWItc3Rvcmllcy81LXJlYXNvbnMtdG8tY29uc3VtZS1waXN0YWNoaW9zL9IBSGh0dHBzOi8vd3d3LmhlYWx0aHNob3RzLmNvbS93ZWItc3Rvcmllcy81LXJlYXNvbnMtdG8tY29uc3VtZS1waXN0YWNoaW9zLw?hl=en-US&gl=US&ceid=US%3Aen",
            "og": "https://encrypted-tbn3.gstatic.com/images?q=tbn:ANd9GcSE7ggfepaIftiTilqXz0hoRlhPWsPv2rKshPbVmh2touNZLPz04cbe26L6w0TX3u8BVb5QOSeQxSC5ZnQU8C1TanOWghPqgvV_tF-Xx_t6BzmaYw",
            "source": "Health shots",
            "source_icon": "https://encrypted-tbn0.gstatic.com/faviconV2?url=https://www.healthshots.com&client=NEWS_360&size=96&type=FAVICON&fallback_opts=TYPE,SIZE,URL",
            "title": "5 reasons to consume pistachios"
        },
        {
            "link": "https://news.google.com/articles/CBMiXWh0dHBzOi8vd3d3LmV4cHJlc3MuY28udWsvbGlmZS1zdHlsZS9oZWFsdGgvMTg5Nzk5My92aXRhbWluLXN1cHBsZW1lbnQtY29tYmluYXRpb25zLWRhbmdlcm91c9IBYWh0dHBzOi8vd3d3LmV4cHJlc3MuY28udWsvbGlmZS1zdHlsZS9oZWFsdGgvMTg5Nzk5My92aXRhbWluLXN1cHBsZW1lbnQtY29tYmluYXRpb25zLWRhbmdlcm91cy9hbXA?hl=en-US&gl=US&ceid=US%3Aen",
            "og": "https://encrypted-tbn3.gstatic.com/images?q=tbn:ANd9GcT_AxBOsF7HsPExuPca-GJdr3VHFr7HhjQWy7zzF7RfQ2QeCBghfujmZLvMiGLhtuZ-fsr9J2mwGpOoE_iAzXPh_IjL_U2JomZAm1t8MnJhC_qVXQ",
            "source": "Express",
            "source_icon": "https://encrypted-tbn0.gstatic.com/faviconV2?url=https://www.express.co.uk&client=NEWS_360&size=96&type=FAVICON&fallback_opts=TYPE,SIZE,URL",
            "title": "Expert issues warning over supplements that 'should not be taken together'"
        },
        {
            "link": "https://news.google.com/articles/CBMiPmh0dHBzOi8vbmV1cm9zY2llbmNlbmV3cy5jb20vbmV1cm90ZWNoLXNwaW5hbC1jb3JkLXdyYXAtMjYwODgv0gEA?hl=en-US&gl=US&ceid=US%3Aen",
            "og": "https://encrypted-tbn3.gstatic.com/images?q=tbn:ANd9GcRLMgthaqPOCNn9dayNdgcjHD-cjQcRM4AEYKim-HX3kSwR7ttVOAxjPLEiLvwi82RSxll0vR11wcCiTGm28dtNvNQeCbI4qQT3YkAtRSTRHF50fg",
            "source": "Neuroscience News",
            "source_icon": "https://encrypted-tbn2.gstatic.com/faviconV2?url=https://neurosciencenews.com&client=NEWS_360&size=96&type=FAVICON&fallback_opts=TYPE,SIZE,URL",
            "title": "Wrap Around Spinal Cord Device May Transform Injury Treatment"
        },
        {
            "link": "https://news.google.com/articles/CBMiTGh0dHBzOi8vd3d3Lm1pcnJvci5jby51ay9uZXdzL3dvcmxkLW5ld3MvbGFzc2EtZmV2ZXItZWJvbGEtbGlrZS1idWctMzI3NjIyOTnSAVBodHRwczovL3d3dy5taXJyb3IuY28udWsvbmV3cy93b3JsZC1uZXdzL2xhc3NhLWZldmVyLWVib2xhLWxpa2UtYnVnLTMyNzYyMjk5LmFtcA?hl=en-US&gl=US&ceid=US%3Aen",
            "og": "https://encrypted-tbn2.gstatic.com/images?q=tbn:ANd9GcQAEbkAZlXWJUhhFObsRTp2ypUmeRWhtCx2z78MKUK_QRwBvOme7SH5lF-FMdBMg85bNTuBdnP1XmFwVduKfXOlfxOJfGwEQR79_24OmJIpFzwd8A",
            "source": "The Mirror",
            "source_icon": "https://encrypted-tbn3.gstatic.com/faviconV2?url=https://www.mirror.co.uk&client=NEWS_360&size=96&type=FAVICON&fallback_opts=TYPE,SIZE,URL",
            "title": "Lassa fever: Ebola-like bug that causes bleeding from the eyes and spread by rats found in Paris"
        },
        {
            "link": "https://news.google.com/articles/CBMiZmh0dHBzOi8vd3d3LmRhaWx5bWFpbC5jby51ay9oZWFsdGgvYXJ0aWNsZS0xMzQwMTAyMS9ESVktdHVya2V5LWJhc3Rlci1iYWJpZXMtcHJlZ25hbnQtQW1hem9uLWtpdHMuaHRtbNIBamh0dHBzOi8vd3d3LmRhaWx5bWFpbC5jby51ay9oZWFsdGgvYXJ0aWNsZS0xMzQwMTAyMS9hbXAvRElZLXR1cmtleS1iYXN0ZXItYmFiaWVzLXByZWduYW50LUFtYXpvbi1raXRzLmh0bWw?hl=en-US&gl=US&ceid=US%3Aen",
            "og": "https://encrypted-tbn2.gstatic.com/images?q=tbn:ANd9GcSMgx0F1QADMwb2vb1Zm0s3HClKCeZnkFaTs4NN8T6Xw7gayaAwHe1ImHQuAtPU0NeHVHewHCUhowRlimkGdXMhgvVgOeU7RlD0xS1icUMCCNuuew",
            "source": "Daily Mail",
            "source_icon": "https://encrypted-tbn1.gstatic.com/faviconV2?url=https://www.dailymail.co.uk&client=NEWS_360&size=96&type=FAVICON&fallback_opts=TYPE,SIZE,URL",
            "title": "I had two 'turkey baster babies' using DIY Amazon kits and a sperm donor...and it worked first time"
        },
        {
            "link": "https://news.google.com/articles/CBMikgFodHRwczovL3RpbWVzb2ZpbmRpYS5pbmRpYXRpbWVzLmNvbS9saWZlLXN0eWxlL2hlYWx0aC1maXRuZXNzL3dlYi1zdG9yaWVzLzktaG9tZS1leGVyY2lzZXMtdGhhdC1jYW4taGVscC1tYW5hZ2UtYmFjay1wYWluL3Bob3Rvc3RvcnkvMTA5OTI1NTIxLmNtc9IBkgFodHRwczovL3RpbWVzb2ZpbmRpYS5pbmRpYXRpbWVzLmNvbS9saWZlLXN0eWxlL2hlYWx0aC1maXRuZXNzL3dlYi1zdG9yaWVzLzktaG9tZS1leGVyY2lzZXMtdGhhdC1jYW4taGVscC1tYW5hZ2UtYmFjay1wYWluL3Bob3Rvc3RvcnkvMTA5OTI1NTIxLmNtcw?hl=en-US&gl=US&ceid=US%3Aen",
            "og": "https://encrypted-tbn1.gstatic.com/images?q=tbn:ANd9GcSmybjGRLZCv1ImYxHkpTpjD9nWZ839bQFMIiaKwX-DAggImf5nOFa0gl4uNXBSbiA0zm2MYPVp0ZYNN_B7wt-vaV2VoAAqCJUIaPUxC70LKd2BxQ",
            "source": "The Times of India",
            "source_icon": "https://encrypted-tbn2.gstatic.com/faviconV2?url=https://timesofindia.indiatimes.com&client=NEWS_360&size=96&type=FAVICON&fallback_opts=TYPE,SIZE,URL",
            "title": "9 home exercises that can help manage back pain"
        },
        {
            "link": "https://news.google.com/articles/CBMiOWh0dHBzOi8vd3d3LnluZXRuZXdzLmNvbS9oZWFsdGhfc2NpZW5jZS9hcnRpY2xlL2J5am9ndTBtMNIBAA?hl=en-US&gl=US&ceid=US%3Aen",
            "og": "https://encrypted-tbn2.gstatic.com/images?q=tbn:ANd9GcSnqmY_u1JGY519VlQcOX780AJMUkGFiSm2fnBiQpxWhic3cjRjENpeibvazX-TjjA",
            "source": "Ynetnews",
            "source_icon": "https://encrypted-tbn1.gstatic.com/faviconV2?url=https://www.ynetnews.com&client=NEWS_360&size=96&type=FAVICON&fallback_opts=TYPE,SIZE,URL",
            "title": "Broken heart syndrome: When sadness is overwhelming, it's like a heart attack"
        },
        {
            "link": "https://news.google.com/articles/CBMiS2h0dHBzOi8vY2Euc3R5bGUueWFob28uY29tL2Vhcmx5LWNhbmNlci1zeW1wdG9tLXRoYXRzLW1pc3NlZC0yMjMwMDA4MTkuaHRtbNIBAA?hl=en-US&gl=US&ceid=US%3Aen",
            "og": "https://encrypted-tbn2.gstatic.com/images?q=tbn:ANd9GcTcGXZH6OfQB2J4VVnWap9gGwS20KZsOdyq3J7zmiPg4SYVt3-R5m_byH3mne8c1Uilt8jFLFxlCXy3Cctho0JcWebnyFqtjgtJj5ufni-jgX76nQ",
            "source": "Yahoo Canada Shine On",
            "source_icon": "https://encrypted-tbn1.gstatic.com/faviconV2?url=https://ca.style.yahoo.com&client=NEWS_360&size=96&type=FAVICON&fallback_opts=TYPE,SIZE,URL",
            "title": "This Is the Early Cancer Symptom That's Missed the Most Often, According to Experts"
        },
        {
            "link": "https://news.google.com/articles/CBMiKGh0dHBzOi8vd3d3LmJiYy5jb20vbmV3cy9oZWFsdGgtNjg4MzU4MDfSASxodHRwczovL3d3dy5iYmMuY29tL25ld3MvaGVhbHRoLTY4ODM1ODA3LmFtcA?hl=en-US&gl=US&ceid=US%3Aen",
            "og": "https://encrypted-tbn0.gstatic.com/images?q=tbn:ANd9GcRvSAcp-zSyjiHyQYiUlc7KHGlrYHJ-BmqF0d2S7SLWDAr8s9iP4ytXVkT723K8Pp9SfuUMpSthaBMVqTwpmt3f2MmqNEnNUO-XmPCYvUCxUSFMFg",
            "source": "BBC.com",
            "source_icon": "https://encrypted-tbn2.gstatic.com/faviconV2?url=https://www.bbc.com&client=NEWS_360&size=96&type=FAVICON&fallback_opts=TYPE,SIZE,URL",
            "title": "I lost my mum, dad and baby sister to HIV in infected blood scandal"
        },
        {
            "link": "https://news.google.com/articles/CBMiqQFodHRwczovL3RpbWVzb2ZpbmRpYS5pbmRpYXRpbWVzLmNvbS9saWZlLXN0eWxlL2hlYWx0aC1maXRuZXNzL2hlYWx0aC1uZXdzLzktbW9ybmluZy1oYWJpdHMtdGhhdC1jYW4tYnJpbmctZG93bi1jaG9sZXN0ZXJvbC1sZXZlbHMtd2l0aGluLWEtbW9udGgvcGhvdG9zdG9yeS8xMTAwNTg2NDcuY21z0gGvAWh0dHBzOi8vdGltZXNvZmluZGlhLmluZGlhdGltZXMuY29tL2xpZmUtc3R5bGUvaGVhbHRoLWZpdG5lc3MvaGVhbHRoLW5ld3MvOS1tb3JuaW5nLWhhYml0cy10aGF0LWNhbi1icmluZy1kb3duLWNob2xlc3Rlcm9sLWxldmVscy13aXRoaW4tYS1tb250aC9hbXBfZXRwaG90b3N0b3J5LzExMDA1ODY0Ny5jbXM?hl=en-US&gl=US&ceid=US%3Aen",
            "og": "https://encrypted-tbn2.gstatic.com/images?q=tbn:ANd9GcRzUY199pVVHu5QsG3FVGlp_QHpaE6HoQrsjDxRgmuX1mpH2t88EE5GeidUYoQk9p_JKKyOwSR7sxbo9ExagxHcaMo2adGJtyWX_-4ynkq3WL_b7w",
            "source": "The Times of India",
            "source_icon": "https://encrypted-tbn2.gstatic.com/faviconV2?url=https://timesofindia.indiatimes.com&client=NEWS_360&size=96&type=FAVICON&fallback_opts=TYPE,SIZE,URL",
            "title": "9 morning habits that can bring down cholesterol levels within a month"
        },
        {
            "link": "https://news.google.com/articles/CBMikAFodHRwczovL3d3dy50aGVndWFyZGlhbi5jb20vc29jaWV0eS9hcnRpY2xlLzIwMjQvbWF5LzEyL2lzLXRoaXMtYWN0dWFsbHktcHRzZC1jbGluaWNpYW5zLWRpdmlkZWQtb3Zlci1yZWRlZmluaW5nLWJvcmRlcmxpbmUtcGVyc29uYWxpdHktZGlzb3JkZXLSAZABaHR0cHM6Ly9hbXAudGhlZ3VhcmRpYW4uY29tL3NvY2lldHkvYXJ0aWNsZS8yMDI0L21heS8xMi9pcy10aGlzLWFjdHVhbGx5LXB0c2QtY2xpbmljaWFucy1kaXZpZGVkLW92ZXItcmVkZWZpbmluZy1ib3JkZXJsaW5lLXBlcnNvbmFsaXR5LWRpc29yZGVy?hl=en-US&gl=US&ceid=US%3Aen",
            "og": "https://encrypted-tbn3.gstatic.com/images?q=tbn:ANd9GcShUVLz7MDHJ97JeupuNkFxzTkX6l3Ra6nTRFWkrdT7M44P6fw-A6oRbGnA1TnmbULt-4xMdUvuuhIMdrKDaF-OQU_xkYK4jnKMi28_wpj-5f3JhQ",
            "source": "The Guardian",
            "source_icon": "https://encrypted-tbn0.gstatic.com/faviconV2?url=https://www.theguardian.com&client=NEWS_360&size=96&type=FAVICON&fallback_opts=TYPE,SIZE,URL",
            "title": "Is this actually PTSD? Clinicians divided over redefining borderline personality disorder"
        },
        {
            "link": "https://news.google.com/articles/CBMiT2h0dHBzOi8vd3d3LmxhZGJpYmxlLmNvbS9uZXdzL2hlYWx0aC92YXBlLWVxdWl2YWxlbnQtY2lnYXJldHRlcy0yODY0MTMtMjAyNDA1MTHSAQA?hl=en-US&gl=US&ceid=US%3Aen",
            "og": "https://encrypted-tbn3.gstatic.com/images?q=tbn:ANd9GcS11OWxmSwuZleKXQd-y51f5ibv2ilRtjGl9tWSGe4K3SdfPRd_r1ds58uF0C6EyQmREDaLjXTSfMj0RGUrfe_kv1KrwjYrz-jTN36cBmku8Lf5Tg",
            "source": "LADbible",
            "source_icon": "https://encrypted-tbn1.gstatic.com/faviconV2?url=https://www.ladbible.com&client=NEWS_360&size=96&type=FAVICON&fallback_opts=TYPE,SIZE,URL",
            "title": "Doctor says smoking one vape is equivalent of disturbing amount of cigarettes"
        },
        {
            "link": "https://news.google.com/articles/CBMiZWh0dHBzOi8vd3d3LmluZGVwZW5kZW50LmNvLnVrL2hlYWx0aC1hbmQtd2VsbGJlaW5nL2xvbmctY292aWQtcmVzZWFyY2gtaGVhZGFjaGUtbXVzY2xlcy1iMjU0MzY1Mi5odG1s0gEA?hl=en-US&gl=US&ceid=US%3Aen",
            "og": "https://encrypted-tbn2.gstatic.com/images?q=tbn:ANd9GcTss3k98XN8U19Uffvosf_CWlkXqLD-rgnOvicp6GGUa0ZVkMJc2PfRAlkXWNHluqo4ot0sZI9jhxtLUeeW5RzKXH-5jLgMerl2xP19Ffi50dIGlw",
            "source": "The Independent",
            "source_icon": "https://encrypted-tbn1.gstatic.com/faviconV2?url=https://www.independent.co.uk&client=NEWS_360&size=96&type=FAVICON&fallback_opts=TYPE,SIZE,URL",
            "title": "International DJ forced to give up dream after being left bedridden for a year"
        },
        {
            "link": "https://news.google.com/articles/CBMie2h0dHBzOi8vd3d3LnN0YW5kYXJkbWVkaWEuY28ua2UvaGVhbHRoL2hlYWx0aC1zY2llbmNlL2FydGljbGUvMjAwMTQ5NDg5MC9teS1tb3RoZXItaGFkLXRvLWxpdmUtb24tdGhlLXN0cmVldHMtdG8tcHJvdGVjdC1tZdIBf2h0dHBzOi8vd3d3LnN0YW5kYXJkbWVkaWEuY28ua2UvaGVhbHRoL2FtcC9oZWFsdGgtc2NpZW5jZS9hcnRpY2xlLzIwMDE0OTQ4OTAvbXktbW90aGVyLWhhZC10by1saXZlLW9uLXRoZS1zdHJlZXRzLXRvLXByb3RlY3QtbWU?hl=en-US&gl=US&ceid=US%3Aen",
            "og": "https://encrypted-tbn1.gstatic.com/images?q=tbn:ANd9GcR4-ik24oZqjlu7f5w9V7ayqfFL_YqCngfTHnUL7XdbDbc0ojQpksxIwhJipc2IfSrz30Ir7QNCJac46jrQA9vJAB1Ods25oHkCyO-tNFQpdMa0hA",
            "source": "The Standard",
            "source_icon": "https://encrypted-tbn3.gstatic.com/faviconV2?url=https://www.standardmedia.co.ke&client=NEWS_360&size=96&type=FAVICON&fallback_opts=TYPE,SIZE,URL",
            "title": "'My mother had to live on the streets to protect me'"
        },
        {
            "link": "https://news.google.com/articles/CBMiswFodHRwczovL3d3dy5kYWlseW1haWwuY28udWsvZmVtYWlsL2FydGljbGUtMTMzNzgyMjUvTXktdGhyZWUteWVhci1vbGRzLWl0Y2h5LW1venppZS1iaXRlLW1lbGFub21hLVdBU05ULWNhdXNlZC1zdW4tRG9jdG9ycy1zYWlkLWltcG9zc2libGUtdGhpbmdzLXRvb2stdGVycmlmeWluZy10dXJuLW5vdC15ZXQuaHRtbNIBAA?hl=en-US&gl=US&ceid=US%3Aen",
            "og": "https://encrypted-tbn2.gstatic.com/images?q=tbn:ANd9GcTCYNIf_K0d7mG_EFdu3CoqATgXPSfbpYojDyN5E8azCAi_Gb5t2Gx9U99RRKq5tEeIscijbLNOyPH1XzIM1NoivF4sV6togTYzcje2LodL63Qv5A",
            "source": "Daily Mail",
            "source_icon": "https://encrypted-tbn1.gstatic.com/faviconV2?url=https://www.dailymail.co.uk&client=NEWS_360&size=96&type=FAVICON&fallback_opts=TYPE,SIZE,URL",
            "title": "My three-year-old's itchy 'mozzie bite' was melanoma and it WASN'T caused by the sun. Doctors said it was impo"
        }
    ],
    "Science": [
        {
            "link": "https://news.google.com/articles/CBMiemh0dHBzOi8vdGhlY29udmVyc2F0aW9uLmNvbS93aGF0LWNhdXNlcy10aGUtZGlmZmVyZW50LWNvbG91cnMtb2YtdGhlLWF1cm9yYS1hbi1leHBlcnQtZXhwbGFpbnMtdGhlLWVsZWN0cmljLXJhaW5ib3ctMjI5ODk50gEA?hl=en-US&gl=US&ceid=US%3Aen",
            "og": "https://encrypted-tbn2.gstatic.com/images?q=tbn:ANd9GcSfWMmDsRs9F0wOpvNJzXqL6OQoRTLl1ebm9GtIgwaYS87hA5Nj61-JUG_PFm5jb-0NNFM-3_S4gy1DuixA32g6",
            "source": "The Conversation",
            "source_icon": "https://encrypted-tbn0.gstatic.com/faviconV2?url=https://theconversation.com&client=NEWS_360&size=96&type=FAVICON&fallback_opts=TYPE,SIZE,URL",
            "title": "What causes the different colours of the aurora? An expert explains the electric rainbow"
        },
        {
            "link": "https://news.google.com/articles/CBMiN2h0dHBzOi8vd3d3LnNwYWNlLmNvbS9zcGFjZXgtc3RhcmxpbmstbGF1bmNoLWdyb3VwLTYtNTjSAQA?hl=en-US&gl=US&ceid=US%3Aen",
            "og": "https://encrypted-tbn0.gstatic.com/images?q=tbn:ANd9GcQyWlheoEwMu3zDef54VHCshOwPkza1kW-Jmwhwbx1Z4vBHhJF_JCic8NdhlQkI8GhPa6W-BMAIliDW0I8cl-Q23v7e",
            "source": "Space.com",
            "source_icon": "https://encrypted-tbn2.gstatic.com/faviconV2?url=https://www.space.com&client=NEWS_360&size=96&type=FAVICON&fallback_opts=TYPE,SIZE,URL",
            "title": "SpaceX launches 23 Starlink satellites from Florida"
        },
        {
            "link": "https://news.google.com/articles/CBMikwFodHRwczovL3RpbWVzb2ZpbmRpYS5pbmRpYXRpbWVzLmNvbS93b3JsZC91cy9uYXNhcy1zb2xhci1keW5hbWljcy1vYnNlcnZhdG9yeS1jYXB0dXJlcy1pbWFnZXMtb2Ytc3Vucy1zdHJvbmctc29sYXItZmxhcmVzL2FydGljbGVzaG93LzExMDA0ODA1OC5jbXPSAQA?hl=en-US&gl=US&ceid=US%3Aen",
            "og": "https://encrypted-tbn1.gstatic.com/images?q=tbn:ANd9GcSkpX-CvGwYI6Avdf9WFSZkXPC9H5G2ei0ebiOyJM9rJKKEpFySlA2N32qbZLyU0e1ssMc6dbBHDYh0xEfKMJHHnv9bBiaK_2O5KXZ1OqBk9a35NQ",
            "source": "The Times of India",
            "source_icon": "https://encrypted-tbn2.gstatic.com/faviconV2?url=https://timesofindia.indiatimes.com&client=NEWS_360&size=96&type=FAVICON&fallback_opts=TYPE,SIZE,URL",
            "title": "Nasa’s solar dynamics observatory captures images of 'Sun's strong solar flares'"
        },
        {
            "link": "https://news.google.com/articles/CBMiX2h0dHBzOi8vd2NjZnRlY2guY29tL3NwYWNleHMtZm91cnRoLXN0YXJzaGlwLXRlc3QtZGVsYXllZC10by1qdW5lLWlmdC00LWJvb3N0ZXItc2hpcHBlZC10by1wYWQv0gFjaHR0cHM6Ly93Y2NmdGVjaC5jb20vc3BhY2V4cy1mb3VydGgtc3RhcnNoaXAtdGVzdC1kZWxheWVkLXRvLWp1bmUtaWZ0LTQtYm9vc3Rlci1zaGlwcGVkLXRvLXBhZC9hbXAv?hl=en-US&gl=US&ceid=US%3Aen",
            "og": "https://encrypted-tbn2.gstatic.com/images?q=tbn:ANd9GcSHbXrPEwmGa-qQHC3CiCjo_nCcw6E_OEtwwgEX9-gTlCr1ilUHJBMZwbtMLsuhU8KjHyJ0MSHq5V30xU7sp1tdAKHWl9OUKY201f3Fmb9EvzJSbA",
            "source": "Wccftech",
            "source_icon": "https://encrypted-tbn2.gstatic.com/faviconV2?url=https://wccftech.com&client=NEWS_360&size=96&type=FAVICON&fallback_opts=TYPE,SIZE,URL",
            "title": "SpaceX’s Fourth Starship Test Delayed To June – IFT-4 Booster Shipped To Pad"
        },
        {
            "link": "https://news.google.com/articles/CBMiYWh0dHBzOi8vd3d3LmtzbC5jb20vYXJ0aWNsZS81MTAwNjIzOS9hc3Ryb25vbWVycy1maW5hbGx5LWRldGVjdC1hLXJvY2t5LXBsYW5ldC13aXRoLWFuLWF0bW9zcGhlcmXSAQA?hl=en-US&gl=US&ceid=US%3Aen",
            "og": "https://encrypted-tbn3.gstatic.com/images?q=tbn:ANd9GcT4WMpPA2RYfdwAKHb2grwfN1hK3bdKn1fydPYI4SGWTciclbTar0lR_gJUUjUJap-GmLPcF9Sv80N9eUsN5SCUOQlhSBntCQ39n4OdUEduh5Pq9w",
            "source": "KSL.com",
            "source_icon": "https://encrypted-tbn3.gstatic.com/faviconV2?url=https://www.ksl.com&client=NEWS_360&size=96&type=FAVICON&fallback_opts=TYPE,SIZE,URL",
            "title": "Astronomers finally detect a rocky planet with an atmosphere"
        },
        {
            "link": "https://news.google.com/articles/CBMiYmh0dHBzOi8vd3d3LnRlY2hzcG90LmNvbS9uZXdzLzEwMjk2NC1ncm91bmRicmVha2luZy0zZC1icmFpbi1zY2FuLWdlbmVyYXRlZC0xNC1wZXRhYnl0ZXMtZGF0YS5odG1s0gEA?hl=en-US&gl=US&ceid=US%3Aen",
            "og": "https://encrypted-tbn0.gstatic.com/images?q=tbn:ANd9GcSeZHJ8Dc2V7yA-jV6i5FeV7h-MLviOsI1BiRqrMgfAbRCMqzfJFxf91r78ZjeJNn91DKVE1MrvyxB2ut5Hqw6b1g-pMtc60DPOUKaGBAQCe_cVPA",
            "source": "TechSpot",
            "source_icon": "https://encrypted-tbn2.gstatic.com/faviconV2?url=https://www.techspot.com&client=NEWS_360&size=96&type=FAVICON&fallback_opts=TYPE,SIZE,URL",
            "title": "Groundbreaking 3D brain scan generated 1.4 petabytes of data from millimeter-sized sample"
        },
        {
            "link": "https://news.google.com/articles/CBMid2h0dHBzOi8vd3d3LmxpdmVzY2llbmNlLmNvbS9zcGFjZS9hc3Ryb25vbXkvc3BhY2UtcGhvdG8tb2YtdGhlLXdlZWstZ29kcy1oYW5kLWxlYXZlcy1hc3Ryb25vbWVycy1zY3JhdGNoaW5nLXRoZWlyLWhlYWRz0gEA?hl=en-US&gl=US&ceid=US%3Aen",
            "og": "https://encrypted-tbn2.gstatic.com/images?q=tbn:ANd9GcQcr7403yHy_M-pyfkkUST39IbcA6QnbbZ7X5r0Xxj4pRPVgLLF4wyFrsRI_pO3WtUkuDkPDvi1sbRVex0DAQpff_XYkhP728KaFMHDErgX7uLBqw",
            "source": "Livescience.com",
            "source_icon": "https://encrypted-tbn2.gstatic.com/faviconV2?url=https://www.livescience.com&client=NEWS_360&size=96&type=FAVICON&fallback_opts=TYPE,SIZE,URL",
            "title": "Space photo of the week: 'God's Hand' leaves astronomers scratching their heads"
        },
        {
            "link": "https://news.google.com/articles/CBMiZGh0dHBzOi8vbGVhcm5pbmdlbmdsaXNoLnZvYW5ld3MuY29tL2EvbmFzYS1kZXRhaWxzLXBsYW5zLWZvci1yYWlsd2F5LXN5c3RlbS1vbi10aGUtbW9vbi83NjA1MTEzLmh0bWzSAWZodHRwczovL2xlYXJuaW5nZW5nbGlzaC52b2FuZXdzLmNvbS9hbXAvbmFzYS1kZXRhaWxzLXBsYW5zLWZvci1yYWlsd2F5LXN5c3RlbS1vbi10aGUtbW9vbi83NjA1MTEzLmh0bWw?hl=en-US&gl=US&ceid=US%3Aen",
            "og": "https://encrypted-tbn2.gstatic.com/images?q=tbn:ANd9GcQDfq-V_ocYBEMlUXfIFv3ge40F7qKhztMy1O3JRd5XqQmgGiWEPgMFgqjDn3j570YZdVl3rhgATUPeQKrn8QszWMIMLZ_O6RXt0oMqbksib94ryg",
            "source": "VOA Learning English",
            "source_icon": "https://encrypted-tbn3.gstatic.com/faviconV2?url=https://learningenglish.voanews.com&client=NEWS_360&size=96&type=FAVICON&fallback_opts=TYPE,SIZE,URL",
            "title": "NASA Details Plans for Railway System on the Moon"
        },
        {
            "link": "https://news.google.com/articles/CBMiXmh0dHBzOi8vd3d3LmJiYy5jb20vZnV0dXJlL2FydGljbGUvMjAyNDA1MTAtY2hhbmdlLTYtaXMtanVzdC10aGUtdGlwLW9mLWNoaW5hcy1zcGFjZS1hbWJpdGlvbnPSAQA?hl=en-US&gl=US&ceid=US%3Aen",
            "og": "https://encrypted-tbn3.gstatic.com/images?q=tbn:ANd9GcRyVX4w_GzwZwLEM-eqjdIg3vgpHJnvd1j-S6jnJgtoWLh2qgT0MG3SrcuHm1JmAuJmkPXyQFLc5Kz0HZRUW3ko",
            "source": "BBC.com",
            "source_icon": "https://encrypted-tbn2.gstatic.com/faviconV2?url=https://www.bbc.com&client=NEWS_360&size=96&type=FAVICON&fallback_opts=TYPE,SIZE,URL",
            "title": "Chang'e-6 is just the tip of China's ambitions for the Solar System"
        },
        {
            "link": "https://news.google.com/articles/CBMiWWh0dHBzOi8vd3d3Lm5ld3Nlci5jb20vc3RvcnkvMzQ5OTY1L21heWFuLWludGVyY3JvcHBpbmctY291bGQtYmUta2V5LXRvLWZvb2Qtb24tbWFycy5odG1s0gEA?hl=en-US&gl=US&ceid=US%3Aen",
            "og": "https://encrypted-tbn2.gstatic.com/images?q=tbn:ANd9GcSZSrzYxeIBLZWWRuSjstfjF9zFejNXj57us1s3b5fci0iiQH6kOzGc_IERk_PUoxc",
            "source": "Newser",
            "source_icon": "https://encrypted-tbn2.gstatic.com/faviconV2?url=https://www.newser.com&client=NEWS_360&size=96&type=FAVICON&fallback_opts=TYPE,SIZE,URL",
            "title": "Mayan Intercropping Could Be Key to Food on Mars"
        },
        {
            "link": "https://news.google.com/articles/CBMiUmh0dHBzOi8vd3d3LnNlYXR0bGV0aW1lcy5jb20vbmF0aW9uLXdvcmxkL3dhcy10aGUtc3RvbmUtYWdlLWFjdHVhbGx5LXRoZS13b29kLWFnZS_SAQA?hl=en-US&gl=US&ceid=US%3Aen",
            "og": "https://encrypted-tbn1.gstatic.com/images?q=tbn:ANd9GcTOkGqKbz_skx3R78S7R-NVi93dQm_16pNqxV_ZlyPJ6wlxYS4OsRsJfSkfutBj12tpzh9Ok1GeGIn0MGs5ct4iTwEnOVsa-kqBIpte2KfJ8VjYQQ",
            "source": "The Seattle Times",
            "source_icon": "https://encrypted-tbn1.gstatic.com/faviconV2?url=https://www.seattletimes.com&client=NEWS_360&size=96&type=FAVICON&fallback_opts=TYPE,SIZE,URL",
            "title": "Was the Stone Age actually the Wood Age?"
        },
        {
            "link": "https://news.google.com/articles/CBMijgFodHRwczovL3d3dy5mb3JiZXMuY29tL3NpdGVzL2phbWllY2FydGVyZXVyb3BlLzIwMjQvMDUvMTEvYXByaWwtOHMtdG90YWwtc29sYXItZWNsaXBzZS13aWxsLXJlcGVhdC1leGFjdGx5LTU0LXllYXJzLXRvZGF5LWhlcmVzLXdoeS1hbmQtd2hlcmUv0gEA?hl=en-US&gl=US&ceid=US%3Aen",
            "og": "https://encrypted-tbn3.gstatic.com/images?q=tbn:ANd9GcQcziG9dDQNVKuGBzmS7RQcBuqyz7j9hQGxFSZiTemdYN5MmyWOYGG-qhSn5UqkIt8RS_ZTPEMpBwMZIaNXPLxD7F1Z-aJFY2TVKxs4ILoIc1XDIw",
            "source": "Forbes",
            "source_icon": "https://encrypted-tbn2.gstatic.com/faviconV2?url=https://www.forbes.com&client=NEWS_360&size=96&type=FAVICON&fallback_opts=TYPE,SIZE,URL",
            "title": "April 8's Total Solar Eclipse Will Repeat Exactly 54 Years From Today—Here's Why And Where"
        },
        {
            "link": "https://news.google.com/articles/CBMib2h0dHBzOi8vd3d3LnNjaWVuY2VhbGVydC5jb20vZ2lhbnQtc3RydWN0dXJlLWx1cmtpbmctaW4tZGVlcC1zcGFjZS1jaGFsbGVuZ2VzLW91ci11bmRlcnN0YW5kaW5nLW9mLXRoZS11bml2ZXJzZdIBAA?hl=en-US&gl=US&ceid=US%3Aen",
            "og": "https://encrypted-tbn1.gstatic.com/images?q=tbn:ANd9GcQo5Sc1YpvkTerC1BIp0KD5fgokl1W_c5LgW0Y2qSGWXbcAUaCqPoVGrLOAVz5ZSuc8AlrD4mIztskM6aOA4jZtC80f8J0RQfYOB4n4tiSMKmGuIg",
            "source": "ScienceAlert",
            "source_icon": "https://encrypted-tbn2.gstatic.com/faviconV2?url=https://www.sciencealert.com&client=NEWS_360&size=96&type=FAVICON&fallback_opts=TYPE,SIZE,URL",
            "title": "Giant Structure Lurking in Deep Space Challenges Our Understanding of The Universe"
        },
        {
            "link": "https://news.google.com/articles/CBMiXmh0dHBzOi8vaGFja2FkYXkuY29tLzIwMjQvMDUvMTIvaXJjYi1zNzMtNy1zYXRlbGxpdGUtZm91bmQtYWZ0ZXItZ29pbmctdW50cmFja2VkLWZvci0yNS15ZWFycy_SAQA?hl=en-US&gl=US&ceid=US%3Aen",
            "og": "https://encrypted-tbn1.gstatic.com/images?q=tbn:ANd9GcRojyHzAXzCdR-jtVo6JPqkpqTj8hMPmD12YrhLV-dJXsUHpSVBWKlWaQj12Yeng1PAe43z7LiNUw7rk2v19so7VvNKNut63wh7i9v8NAePkn8Xgw",
            "source": "Hackaday",
            "source_icon": "https://encrypted-tbn2.gstatic.com/faviconV2?url=https://hackaday.com&client=NEWS_360&size=96&type=FAVICON&fallback_opts=TYPE,SIZE,URL",
            "title": "IRCB S73-7 Satellite Found After Going Untracked For 25 Years"
        },
        {
            "link": "https://news.google.com/articles/CBMiamh0dHBzOi8vZW5nbGlzaC5lbHBhaXMuY29tL3NjaWVuY2UtdGVjaC8yMDI0LTA1LTEyL2hlbGl1bS0zLW1pbmluZy10aGUtZnVlbC1vZi10aGUtZnV0dXJlLW9uLXRoZS1tb29uLmh0bWzSAXlodHRwczovL2VuZ2xpc2guZWxwYWlzLmNvbS9zY2llbmNlLXRlY2gvMjAyNC0wNS0xMi9oZWxpdW0tMy1taW5pbmctdGhlLWZ1ZWwtb2YtdGhlLWZ1dHVyZS1vbi10aGUtbW9vbi5odG1sP291dHB1dFR5cGU9YW1w?hl=en-US&gl=US&ceid=US%3Aen",
            "og": "https://encrypted-tbn3.gstatic.com/images?q=tbn:ANd9GcQummT7MooMGjplE2YPRf7ymyBUaPubJjRY3AJ3khT_QI5qGttYXs1fz0n8P6j6gGLkdg1dOzsTv4Fi-T44SCusxDPJrxkbWvxGnY4uLSVVo15F7Q",
            "source": "EL PAÍS USA",
            "source_icon": "https://encrypted-tbn0.gstatic.com/faviconV2?url=https://english.elpais.com&client=NEWS_360&size=96&type=FAVICON&fallback_opts=TYPE,SIZE,URL",
            "title": "Helium-3: Mining the fuel of the future on the Moon"
        },
        {
            "link": "https://news.google.com/articles/CBMiT2h0dHBzOi8vd3d3LndpcmVkLmNvbS9zdG9yeS9wYXJrZXItc29sYXItcHJvYmUtc3VuLXNvbGFyLWVuZXJneS1tYWduZXRpc20td2luZC_SAQA?hl=en-US&gl=US&ceid=US%3Aen",
            "og": "https://encrypted-tbn1.gstatic.com/images?q=tbn:ANd9GcTcXYN5Un5cukcYfgc1iY9sCk1XfWyRmtvKrGBrlOl-Vz6UxsrD1qhr_j_d3RFEFgS8dZIpxZDZ6TwPx6dZCPesTesk7Fv0kwn8mi-mfrbPGuDq2A",
            "source": "WIRED",
            "source_icon": "https://encrypted-tbn2.gstatic.com/faviconV2?url=https://www.wired.com&client=NEWS_360&size=96&type=FAVICON&fallback_opts=TYPE,SIZE,URL",
            "title": "NASA's Quest to Touch the Sun"
        },
        {
            "link": "https://news.google.com/articles/CBMiSmh0dHBzOi8vZGFpbHlnYWxheHkuY29tLzIwMjQvMDUvbmFzYXMtY2hhbmRyYS1kZXRlY3RzLWVydXB0aW9uLWJsYWNrLWhvbGUv0gEA?hl=en-US&gl=US&ceid=US%3Aen",
            "og": "https://encrypted-tbn1.gstatic.com/images?q=tbn:ANd9GcQ2xYP-WajaGI2t2A2j2lM3dJFSMU6TELrYGGFUVUg-pbF3smUWplVUdN5FMYJLDLEAcz9vgd8FtmSksL5MSa0njtI9AE7vMbUo4wS6Kq5ZSlmUMw",
            "source": "The Daily Galaxy --Great Discoveries Channel",
            "source_icon": "https://encrypted-tbn0.gstatic.com/faviconV2?url=https://dailygalaxy.com&client=NEWS_360&size=96&type=FAVICON&fallback_opts=TYPE,SIZE,URL",
            "title": "NASA's Chandra Spacecraft Detects Eruption from Supermassive Black Hole at Milky Way's Core"
        },
        {
            "link": "https://news.google.com/articles/CBMiVGh0dHBzOi8vd3d3LmxpdmVzY2llbmNlLmNvbS9zcGFjZS9hc3Ryb25vbXkvd2h5LWNhbnQtd2Utc2VlLXRoZS1mYXItc2lkZS1vZi10aGUtbW9vbtIBAA?hl=en-US&gl=US&ceid=US%3Aen",
            "og": "https://encrypted-tbn1.gstatic.com/images?q=tbn:ANd9GcTqXU6-kmhnfd4oFuSLOx9PMPivKHWiB5fXp5lFiMNGG25uTO22nyj_3qA7_xGx7jsxmdDWD2pzDM9D86pc3jBYKAI7qofwzHQQkhkVCqcb0sPkQQ",
            "source": "Livescience.com",
            "source_icon": "https://encrypted-tbn2.gstatic.com/faviconV2?url=https://www.livescience.com&client=NEWS_360&size=96&type=FAVICON&fallback_opts=TYPE,SIZE,URL",
            "title": "Why can't we see the far side of the moon?"
        },
        {
            "link": "https://news.google.com/articles/CBMidWh0dHBzOi8vd3d3LnNwYWNlLmNvbS9lbnRlcnRhaW5tZW50L3NwYWNlLW1vdmllcy1zaG93cy90aGlzLXdlZWstaW4tc3BhY2UtcG9kY2FzdC1lcGlzb2RlLTExMC12b3lhZ2VyLTEtYnJ1c2gtc2NpZW5jZdIBAA?hl=en-US&gl=US&ceid=US%3Aen",
            "og": "https://encrypted-tbn1.gstatic.com/images?q=tbn:ANd9GcTgV6h8vLyxY_7fHlJ73CEWCj-QCA0LPrnyudCwW-9OHqdiG0_PDmhwfkXiXaxd55Un2-B38ePJTaTnkL4tvD7OqtWp",
            "source": "Space.com",
            "source_icon": "https://encrypted-tbn2.gstatic.com/faviconV2?url=https://www.space.com&client=NEWS_360&size=96&type=FAVICON&fallback_opts=TYPE,SIZE,URL",
            "title": "This Week In Space podcast: Episode 110 — Voyager 1's Brush with Silence"
        },
        {
            "link": "https://news.google.com/articles/CBMiQmh0dHBzOi8vZnV0dXJpc20uY29tL25hc2EtaW5zcGVjdG9yLWFsYXJtZWQtZGFtYWdlLWhlYXRzaGllbGQtbW9vbtIBAA?hl=en-US&gl=US&ceid=US%3Aen",
            "og": "https://encrypted-tbn2.gstatic.com/images?q=tbn:ANd9GcQB-FssR3tUUPuLFj50yt9EitnqeJ8HlwZ08TD8WOCbXXcToKTGcO39u8IJBsFCT-nV9heiDqEXTRGPVyTUljBs4GE-9US0WINSuCPaJe0Al_qg6g",
            "source": "Futurism",
            "source_icon": "https://encrypted-tbn3.gstatic.com/faviconV2?url=https://futurism.com&client=NEWS_360&size=96&type=FAVICON&fallback_opts=TYPE,SIZE,URL",
            "title": "NASA Inspector Alarmed by Extensive Damage to Heatshield of Astronaut Moon Vehicle"
        },
        {
            "link": "https://news.google.com/articles/CBMiQ2h0dHBzOi8vd3d3Lm5ld3NuYXRpb25ub3cuY29tL3NjaWVuY2UvZWFydGgtcGxhdGUtdGVjdG9uaWNzLXRoZW9yeS_SAUdodHRwczovL3d3dy5uZXdzbmF0aW9ubm93LmNvbS9zY2llbmNlL2VhcnRoLXBsYXRlLXRlY3Rvbmljcy10aGVvcnkvYW1wLw?hl=en-US&gl=US&ceid=US%3Aen",
            "og": "https://encrypted-tbn1.gstatic.com/images?q=tbn:ANd9GcQdnT7NVr_O07xpqf0mdvEaziADtzZnGkWIMFqJF2YWdxrCuktnySwNak8ycJEl9BJYLUEJWM-8a1-BTD4kjteS4IRVUHc66bMUMNX8",
            "source": "NewsNation Now",
            "source_icon": "https://encrypted-tbn2.gstatic.com/faviconV2?url=https://www.newsnationnow.com&client=NEWS_360&size=96&type=FAVICON&fallback_opts=TYPE,SIZE,URL",
            "title": "Scientists offer new theory on the origin of plate tectonics"
        },
        {
            "link": "https://news.google.com/articles/CBMiT2h0dHBzOi8vYXJzdGVjaG5pY2EuY29tL3NjaWVuY2UvMjAyNC8wNS9pcy1kYXJrLW1hdHRlcnMtbWFpbi1yaXZhbC10aGVvcnktZGVhZC_SAQA?hl=en-US&gl=US&ceid=US%3Aen",
            "og": "https://encrypted-tbn1.gstatic.com/images?q=tbn:ANd9GcTZYl-lDDL2hXKS0dd6aWCLkwrT-sFM1FY1U-MpcQlVdr287JMtioM-xwuSeQgv_q_xQXnzfsWCS8reR7Tp2Rys6PjTzDZCdc2B4ZLjSDgQzmNYew",
            "source": "Ars Technica",
            "source_icon": "https://encrypted-tbn0.gstatic.com/faviconV2?url=https://arstechnica.com&client=NEWS_360&size=96&type=FAVICON&fallback_opts=TYPE,SIZE,URL",
            "title": "Is dark matter's main rival theory dead?"
        },
        {
            "link": "https://news.google.com/articles/CBMiT2h0dHBzOi8vd3d3LmhvbWVzYW5kZ2FyZGVucy5jb20vZ2FyZGVucy9ob3ctdG8tdHJhaW4tYW5kLXRpZS1pbi13aXN0ZXJpYS1zaG9vdHPSAQA?hl=en-US&gl=US&ceid=US%3Aen",
            "og": "https://encrypted-tbn3.gstatic.com/images?q=tbn:ANd9GcREgGJH7ywx0DDuWTzaEgpUxZSJDmnPVDIjZLNSiHkgZLQtjzxYoJgLAyaCMAFsynNUh5Ayncaj6d_dBR8mABF12vkqwgChxOsR8bUakzOMQSnVjA",
            "source": "Homes & Gardens",
            "source_icon": "https://encrypted-tbn2.gstatic.com/faviconV2?url=https://www.homesandgardens.com&client=NEWS_360&size=96&type=FAVICON&fallback_opts=TYPE,SIZE,URL",
            "title": "How to train and tie in wisteria shoots – expert advice for this sweet-smelling vine"
        },
        {
            "link": "https://news.google.com/articles/CBMiXmh0dHBzOi8vd3d3LmJ1c2luZXNzaW5zaWRlci5jb20vYmVzdC10aGluZ3MtdG8tZG8taW4taWNlbGFuZC1pbnN0ZWFkLW9mLW5vcnRoZXJuLWxpZ2h0cy0yMDI0LTXSAWJodHRwczovL3d3dy5idXNpbmVzc2luc2lkZXIuY29tL2Jlc3QtdGhpbmdzLXRvLWRvLWluLWljZWxhbmQtaW5zdGVhZC1vZi1ub3J0aGVybi1saWdodHMtMjAyNC01P2FtcA?hl=en-US&gl=US&ceid=US%3Aen",
            "og": "https://encrypted-tbn0.gstatic.com/images?q=tbn:ANd9GcSC8GtaszkUbsZOWgBxFpTaAoCANwO8viYWH_X3789F6UKf_LG_I4eRwIAz7nNwQF0j8ies7pSyCH3J2QbE3-JrLbBZ5Vm1bDoGlJfB1XjPrpXFNw",
            "source": "Business Insider",
            "source_icon": "https://encrypted-tbn3.gstatic.com/faviconV2?url=https://www.businessinsider.com&client=NEWS_360&size=96&type=FAVICON&fallback_opts=TYPE,SIZE,URL",
            "title": "Best things I did in Iceland instead of seeing Northern Lights"
        },
        {
            "link": "https://news.google.com/articles/CBMiP2h0dHBzOi8vZWFydGhza3kub3JnL3NwYWNlL3JhcmUtbmV1dHJpbm9zLWRldGVjdGVkLWljZWN1YmUtdGF1L9IBAA?hl=en-US&gl=US&ceid=US%3Aen",
            "og": "https://encrypted-tbn0.gstatic.com/images?q=tbn:ANd9GcRKyiVPwi6P2cGruVGjUqmEEGJHeqIESmaKEAWIVBmEnVs58r1hHANnZAfg_Lgl5rI0Jg3C54K56GeNSz0_0bY9vzpiLp7tIeR71jlnKXjOk2bZ8g",
            "source": "EarthSky",
            "source_icon": "https://encrypted-tbn0.gstatic.com/faviconV2?url=https://earthsky.org&client=NEWS_360&size=96&type=FAVICON&fallback_opts=TYPE,SIZE,URL",
            "title": "Rare neutrinos detected from under Antarctic ice"
        },
        {
            "link": "https://news.google.com/articles/CBMiVGh0dHBzOi8vd3d3Lm5ld3Nlci5jb20vc3RvcnkvMzUwMDE1L2dpcmwtMTEtaGVscHMtZGlzY292ZXItbGFyZ2VzdC1ldmVyLXJlcHRpbGUuaHRtbNIBAA?hl=en-US&gl=US&ceid=US%3Aen",
            "og": "https://encrypted-tbn0.gstatic.com/images?q=tbn:ANd9GcR1mzd6kvPBE0ALu59fnuuqR2PJSSMwfwyNzKOlQ_-ntaX5sK1cRKqmg9E3N3QWo-E",
            "source": "Newser",
            "source_icon": "https://encrypted-tbn2.gstatic.com/faviconV2?url=https://www.newser.com&client=NEWS_360&size=96&type=FAVICON&fallback_opts=TYPE,SIZE,URL",
            "title": "Girl, 11, Helps Discover Largest Ever Reptile"
        },
        {
            "link": "https://news.google.com/articles/CBMiX2h0dHBzOi8vd3d3LnNjaWVuY2VhbGVydC5jb20veW91ci1mYWNlLW1heS1oYXZlLWJlZW4tc2hhcGVkLWJ5LXByZXNzdXJlLWluLXRoZS13b21iLXN0dWR5LWZpbmRz0gEA?hl=en-US&gl=US&ceid=US%3Aen",
            "og": "https://encrypted-tbn0.gstatic.com/images?q=tbn:ANd9GcQ5tpopLiRJdtpGjeXeIoljOMdPPfeNEAE-RMCRhgcm7iHdkr3-GLM88_1-NOVdHsPN-Y4YakYHQsp889CBtOMG64wR5aVxe_1mHkiKIGTEmuSYnA",
            "source": "ScienceAlert",
            "source_icon": "https://encrypted-tbn2.gstatic.com/faviconV2?url=https://www.sciencealert.com&client=NEWS_360&size=96&type=FAVICON&fallback_opts=TYPE,SIZE,URL",
            "title": "Your Face May Have Been Shaped by Pressure in The Womb, Study Finds"
        },
        {
            "link": "https://news.google.com/articles/CBMimQFodHRwczovL3d3dy5saXZlc2NpZW5jZS5jb20vcGh5c2ljcy1tYXRoZW1hdGljcy9kYXJrLW1hdHRlci9naWFudC1yb2d1ZS13YXZlcy1vZi1pbnZpc2libGUtbWF0dGVyLW1pZ2h0LWJlLWRpc3J1cHRpbmctdGhlLW9yYml0cy1vZi1zdGFycy1uZXctc3R1ZHktaGludHPSAQA?hl=en-US&gl=US&ceid=US%3Aen",
            "og": "https://encrypted-tbn3.gstatic.com/images?q=tbn:ANd9GcSo9JpMycvsN_lcb7fVEIy19-CVU4MQOL_tLyPFWH0_KN736l_4M9If49bCzBxTHzumo2s5kq_vSmnGzN71fFKhQlqRsYqbRtMGh-_Z3MHK1iu3eQ",
            "source": "Livescience.com",
            "source_icon": "https://encrypted-tbn2.gstatic.com/faviconV2?url=https://www.livescience.com&client=NEWS_360&size=96&type=FAVICON&fallback_opts=TYPE,SIZE,URL",
            "title": "Giant 'rogue waves' of invisible matter might be disrupting the orbits of stars, new study hints"
        },
        {
            "link": "https://news.google.com/articles/CBMiXGh0dHBzOi8vYXJzdGVjaG5pY2EuY29tL3NjaWVuY2UvMjAyNC8wNS9tb25zdGVyLWdhbGFjdGljLW91dGZsb3ctcG93ZXJlZC1ieS1leHBsb2Rpbmctc3RhcnMv0gEA?hl=en-US&gl=US&ceid=US%3Aen",
            "og": "https://encrypted-tbn1.gstatic.com/images?q=tbn:ANd9GcRco7rl0o9TxT8_ch6xpM9PRWXS6SyXa4UlQX95dPbPzAvZrkPN5cLPIY_Se1xu4TQIcCeYNm6R6kScf0Smv1E8H68KPy8YxqaSDgq9cC1iD_zGEg",
            "source": "Ars Technica",
            "source_icon": "https://encrypted-tbn0.gstatic.com/faviconV2?url=https://arstechnica.com&client=NEWS_360&size=96&type=FAVICON&fallback_opts=TYPE,SIZE,URL",
            "title": "Monster galactic outflow powered by exploding stars"
        },
        {
            "link": "https://news.google.com/articles/CBMirQFodHRwczovL3RpbWVzb2ZpbmRpYS5pbmRpYXRpbWVzLmNvbS9ob21lL3NjaWVuY2UvbmFzYS10ZWFtLWxlZC1ieS1pbmRpYW4tb3JpZ2luLXNjaWVudGlzdC11bnJhdmVscy13aGF0LWlzLWJlaGluZC1zdXBlcmhlYXRpbmctb2Ytc3Vucy1tb3NzeS1yZWdpb24vYXJ0aWNsZXNob3cvMTEwMDQxMDU1LmNtc9IBAA?hl=en-US&gl=US&ceid=US%3Aen",
            "og": "https://encrypted-tbn0.gstatic.com/images?q=tbn:ANd9GcTQydFXH7CsfKJwNXPS0qqIVX72U0x6R9xk4x8IKyOifEZmDOMdMHkP0plmyAppqd9x4BGvB85tpdQwF_UTTt89aEux_HSnzU0xZH2CdGHZmKD51g",
            "source": "The Times of India",
            "source_icon": "https://encrypted-tbn2.gstatic.com/faviconV2?url=https://timesofindia.indiatimes.com&client=NEWS_360&size=96&type=FAVICON&fallback_opts=TYPE,SIZE,URL",
            "title": "Nasa team led by Indian-origin scientist unravels what is behind superheating of Sun's mossy region"
        },
        {
            "link": "https://news.google.com/articles/CBMiWWh0dHBzOi8vd3d3LnNjaWVuY2VhbGVydC5jb20vdGhlLXVuaXZlcnNlLWNvdWxkLWJlLXNoYXBlZC1saWtlLWEtYml6YXJyZS10d2lzdGVkLWZ1bmhvdXNl0gEA?hl=en-US&gl=US&ceid=US%3Aen",
            "og": "https://encrypted-tbn2.gstatic.com/images?q=tbn:ANd9GcThzzAEBMPAPQFbM6qX5aVvMeSK84TY9mqmgNRFJvKpiWIYeIJcpwrys45ySEoN_FZbNn2wn11d9Jy7YP1bccKhSJtaF3IiJhIcQrfNkTA9MYnLFA",
            "source": "ScienceAlert",
            "source_icon": "https://encrypted-tbn2.gstatic.com/faviconV2?url=https://www.sciencealert.com&client=NEWS_360&size=96&type=FAVICON&fallback_opts=TYPE,SIZE,URL",
            "title": "The Universe Could Be Shaped Like a Bizarre, Twisted Funhouse"
        },
        {
            "link": "https://news.google.com/articles/CBMiP2h0dHBzOi8vcGh5cy5vcmcvbmV3cy8yMDI0LTA1LWNlbGx1bGFyLWhpbnRzLXJlY3ljbGluZy1kbmEuaHRtbNIBPmh0dHBzOi8vcGh5cy5vcmcvbmV3cy8yMDI0LTA1LWNlbGx1bGFyLWhpbnRzLXJlY3ljbGluZy1kbmEuYW1w?hl=en-US&gl=US&ceid=US%3Aen",
            "og": "https://encrypted-tbn0.gstatic.com/images?q=tbn:ANd9GcSsPk54IAs9OGfw-_DX22APq2E7wW91f-Sw66QpAyjmF_YplqjqDuXEj86FaFcGhQbMTA_TB4bdZTyDbaCirZQSI4grKKlu99tNTMkl-hYLWQnD7w",
            "source": "Phys.org",
            "source_icon": "https://encrypted-tbn2.gstatic.com/faviconV2?url=https://phys.org&client=NEWS_360&size=96&type=FAVICON&fallback_opts=TYPE,SIZE,URL",
            "title": "Study discovers cellular activity that hints recycling is in our DNA"
        },
        {
            "link": "https://news.google.com/articles/CBMiYGh0dHBzOi8vYmlndGhpbmsuY29tL3N0YXJ0cy13aXRoLWEtYmFuZy9zdGFydHMtd2l0aC1hLWJhbmctcG9kY2FzdC0xMDUtZGFyay1tYXR0ZXItYW5kLWdhbGF4aWVzL9IBAA?hl=en-US&gl=US&ceid=US%3Aen",
            "og": "https://encrypted-tbn3.gstatic.com/images?q=tbn:ANd9GcSk-PCCuMX5elOFw5gmR_hvCNQqlu9Yeo4jQwn6qg8EQDI0L6_07bkRhMnaKt2Vv8iXH7NIwyR9T8N59oFVWzopGaunYSi09FMF2j5-dTMljToLqw",
            "source": "Big Think",
            "source_icon": "https://encrypted-tbn1.gstatic.com/faviconV2?url=https://bigthink.com&client=NEWS_360&size=96&type=FAVICON&fallback_opts=TYPE,SIZE,URL",
            "title": "Starts With A Bang Podcast #105 - Dark Matter and Galaxies"
        },
        {
            "link": "https://news.google.com/articles/CBMiRmh0dHBzOi8vcGh5cy5vcmcvbmV3cy8yMDI0LTA1LWFuY2llbnQtZWd5cHRpYW4tZ29kZGVzcy1za3ktbW9kZXJuLmh0bWzSAUVodHRwczovL3BoeXMub3JnL25ld3MvMjAyNC0wNS1hbmNpZW50LWVneXB0aWFuLWdvZGRlc3Mtc2t5LW1vZGVybi5hbXA?hl=en-US&gl=US&ceid=US%3Aen",
            "og": "https://encrypted-tbn3.gstatic.com/images?q=tbn:ANd9GcRpTc-0u9xtRDwNJOKSVlNN2W-YscyXTva90MmlEWqBUzir6pNJ4-ByrBYAEhjR34G_tasIswQdnjIRE03iSABUZbwHjyjRqjP9bbS2Y7IRY_wwEw",
            "source": "Phys.org",
            "source_icon": "https://encrypted-tbn2.gstatic.com/faviconV2?url=https://phys.org&client=NEWS_360&size=96&type=FAVICON&fallback_opts=TYPE,SIZE,URL",
            "title": "The ancient Egyptian goddess of the sky: How a researcher used modern astronomy to explore her link with the Milky Way"
        },
        {
            "link": "https://news.google.com/articles/CBMiSmh0dHBzOi8vcGh5cy5vcmcvbmV3cy8yMDI0LTA1LXdlYWtlci1vY2Vhbi1jdXJyZW50cy1kZWNsaW5lLW51dHJpZW50cy5odG1s0gFJaHR0cHM6Ly9waHlzLm9yZy9uZXdzLzIwMjQtMDUtd2Vha2VyLW9jZWFuLWN1cnJlbnRzLWRlY2xpbmUtbnV0cmllbnRzLmFtcA?hl=en-US&gl=US&ceid=US%3Aen",
            "og": "https://encrypted-tbn3.gstatic.com/images?q=tbn:ANd9GcSzr7u0TIHli7lzLvprtH7vyGuj3M5JKgvb5Jkgqs6PXku80mUsmWioXu1XyHXBLTEV5yxGMgNKVrZmaFY0oGGK16t2Mizw3CiEBT2BY7WKnz35NA",
            "source": "Phys.org",
            "source_icon": "https://encrypted-tbn2.gstatic.com/faviconV2?url=https://phys.org&client=NEWS_360&size=96&type=FAVICON&fallback_opts=TYPE,SIZE,URL",
            "title": "Weaker ocean currents lead to decline in nutrients for North Atlantic ocean life during prehistoric climate change"
        },
        {
            "link": "https://news.google.com/articles/CBMiRGh0dHBzOi8vYXJzdGVjaG5pY2EuY29tL3NjaWVuY2UvMjAyNC8wNS9ob3ctdGhlLW1vb24tZ290LWEtbWFrZW92ZXIv0gEA?hl=en-US&gl=US&ceid=US%3Aen",
            "og": "https://encrypted-tbn3.gstatic.com/images?q=tbn:ANd9GcRkLt6swaxj4pw0oz14FmluCgMmvCm9rxgvzio5ic1FxRg4V_ilHtTn6WXsELo-3B1c4pAMc9oQviSP-SQhsnm-0QI6p1XR544R58XSnfPYBfWwuQ",
            "source": "Ars Technica",
            "source_icon": "https://encrypted-tbn0.gstatic.com/faviconV2?url=https://arstechnica.com&client=NEWS_360&size=96&type=FAVICON&fallback_opts=TYPE,SIZE,URL",
            "title": "How the Moon got a makeover"
        },
        {
            "link": "https://news.google.com/articles/CBMiamh0dHBzOi8vd3d3LmVhcnRoLmNvbS9uZXdzL3F1YW50dW0tY29tcHV0aW5nLWdpYW50LWxlYXAtZm9yd2FyZC1icmVha3Rocm91Z2gtdWx0cmEtcHVyZS1zaWxpY29uLWRpc2NvdmVyeS_SAQA?hl=en-US&gl=US&ceid=US%3Aen",
            "og": "https://encrypted-tbn1.gstatic.com/images?q=tbn:ANd9GcSi6jIt6yX3YlN6BjjYd4llieD9yBAC5QPbvBjRdH53AtAWddVAkmTQnLmjISlr-1w",
            "source": "Earth.com",
            "source_icon": "https://encrypted-tbn1.gstatic.com/faviconV2?url=https://www.earth.com&client=NEWS_360&size=96&type=FAVICON&fallback_opts=TYPE,SIZE,URL",
            "title": "Quantum computing takes a giant leap forward with breakthrough discovery"
        },
        {
            "link": "https://news.google.com/articles/CBMiXWh0dHBzOi8vd3d3LnRoZW5ld3MuY29tLnBrL2xhdGVzdC8xMTg3OTczLWxhcmdlc3QtYW5pbWFsLWxpdmVkLTEwMC1taWxsaW9uLXllYXJzLWFnby1vbi1lYXJ0aNIBWmh0dHBzOi8vd3d3LnRoZW5ld3MuY29tLnBrL2FtcC8xMTg3OTczLWxhcmdlc3QtYW5pbWFsLWxpdmVkLTEwMC1taWxsaW9uLXllYXJzLWFnby1vbi1lYXJ0aA?hl=en-US&gl=US&ceid=US%3Aen",
            "og": "https://encrypted-tbn1.gstatic.com/images?q=tbn:ANd9GcSETzqwOrJY4pG-y7lkYZVGXLcDmUYwvwzMH7sAa1M-kQsSiVUlhKLmOqjPp01hC3JRg34wZ5HuvcXn-sRtmxhL1zwVIpnv9FVf-hmtZ53uQcLyUQ",
            "source": "The News International",
            "source_icon": "https://encrypted-tbn3.gstatic.com/faviconV2?url=https://www.thenews.com.pk&client=NEWS_360&size=96&type=FAVICON&fallback_opts=TYPE,SIZE,URL",
            "title": "Largest animal lived 100 million years ago on Earth"
        },
        {
            "link": "https://news.google.com/articles/CBMiYWh0dHBzOi8vc2NpdGVjaGRhaWx5LmNvbS90aGUtY3JhdG9uLWVuaWdtYS1zY2llbnRpc3RzLXByb3Bvc2UtYS1uZXctY29udGluZW50YWwtZm9ybWF0aW9uLXRoZW9yeS_SAQA?hl=en-US&gl=US&ceid=US%3Aen",
            "og": "https://encrypted-tbn0.gstatic.com/images?q=tbn:ANd9GcT0z6p4mIICzaX4MFtJEf8zg5aRkouKAEPXWSPYU3uNym5l4LUunGu_24QPj2MoT-QA5PsXd1z7ZFrMeoPACqIOUqLwx3gPzTv5t_z0nf09iEZZ4A",
            "source": "SciTechDaily",
            "source_icon": "https://encrypted-tbn2.gstatic.com/faviconV2?url=https://scitechdaily.com&client=NEWS_360&size=96&type=FAVICON&fallback_opts=TYPE,SIZE,URL",
            "title": "The Craton Enigma: Scientists Propose a New Continental Formation Theory"
        },
        {
            "link": "https://news.google.com/articles/CBMiUGh0dHBzOi8vcGh5cy5vcmcvbmV3cy8yMDI0LTA1LWV4cGxvcmVzLXdheXMtbWl0aWdhdGUtZW52aXJvbm1lbnRhbC10b3hpY2l0eS5odG1s0gFPaHR0cHM6Ly9waHlzLm9yZy9uZXdzLzIwMjQtMDUtZXhwbG9yZXMtd2F5cy1taXRpZ2F0ZS1lbnZpcm9ubWVudGFsLXRveGljaXR5LmFtcA?hl=en-US&gl=US&ceid=US%3Aen",
            "og": "https://encrypted-tbn1.gstatic.com/images?q=tbn:ANd9GcQcQ4XKuCN3HFC9nYuJJiQm3OiKmVy-iXCVVxtca_X3GT57b_uHZDEv09IKHepGqUPd3USMX-7BAjC0tzAi4p9-h2nMJ6sLlU6QzWR5uNX_PIWt6g",
            "source": "Phys.org",
            "source_icon": "https://encrypted-tbn2.gstatic.com/faviconV2?url=https://phys.org&client=NEWS_360&size=96&type=FAVICON&fallback_opts=TYPE,SIZE,URL",
            "title": "Research explores ways to mitigate the environmental toxicity of ubiquitous silver nanoparticles"
        },
        {
            "link": "https://news.google.com/articles/CBMiX2h0dHBzOi8vd3d3LnNjaWVuY2VhbGVydC5jb20vcGh5c2ljaXN0cy1kZXRlY3QtaGludHMtb2YtYS1teXN0ZXJpb3VzLXBhcnRpY2xlLWNhbGxlZC1hLWdsdWViYWxs0gEA?hl=en-US&gl=US&ceid=US%3Aen",
            "og": "https://encrypted-tbn3.gstatic.com/images?q=tbn:ANd9GcRX7a290dLN1ppPc0ixC90STyjQo5poEduL02yjq82MAp5e5RW4iQbqNVsSoOJa3U2YY9Xnah13fwNDoA5sdyct7QXKqf5SkCaej_gH4zitkvWPhA",
            "source": "ScienceAlert",
            "source_icon": "https://encrypted-tbn2.gstatic.com/faviconV2?url=https://www.sciencealert.com&client=NEWS_360&size=96&type=FAVICON&fallback_opts=TYPE,SIZE,URL",
            "title": "Physicists Detect Hints of a Mysterious Particle Called a 'Glueball'"
        }
    ],
    "Sports": [
        {
            "link": "https://news.google.com/articles/CBMiYmh0dHBzOi8vd3d3LmVzcG4uY29tL25iYS9zdG9yeS9fL2lkLzQwMTM2MTg2L2RlbnZlci1udWdnZXRzLWV2ZW4tc2VyaWVzLW1pbm5lc290YS10aW1iZXJ3b2x2ZXMtMi0y0gEA?hl=en-US&gl=US&ceid=US%3Aen",
            "og": "https://encrypted-tbn0.gstatic.com/images?q=tbn:ANd9GcS1F_S4z4HRtgZ7eGW0B3PxLzAwQVguV0DeE1xGH3TsxCWPOkv7VnlRcMDfC7klBNRG_dfIOH6dltNptfc9ijli",
            "source": "ESPN",
            "source_icon": "https://encrypted-tbn2.gstatic.com/faviconV2?url=https://www.espn.com&client=NEWS_360&size=96&type=FAVICON&fallback_opts=TYPE,SIZE,URL",
            "title": "Denver Nuggets even series with Minnesota Timberwolves 2-2"
        },
        {
            "link": "https://news.google.com/articles/CBMiYWh0dHBzOi8vd3d3Lmhvb3BzcnVtb3JzLmNvbS8yMDI0LzA1L2Vhc3Rlcm4tbm90ZXMtaG9ybmV0cy1kcmFmdC1zcG9lbHN0cmEtYnVsbHMtZHJhZnQtbGF2aW5lLmh0bWzSAQA?hl=en-US&gl=US&ceid=US%3Aen",
            "og": "https://encrypted-tbn2.gstatic.com/images?q=tbn:ANd9GcQErJHvsWVvKtuxLsAgDB72ZgMJ3XuFixCDmL5R73Pk6i3-CtGkBcW2peI471ZopoXxxpgbTwgq7Wfbvsjpl0toz8nPwQxnv7EPNNcKqyj72TtiIQ",
            "source": "hoopsrumors.com",
            "source_icon": "https://encrypted-tbn3.gstatic.com/faviconV2?url=https://www.hoopsrumors.com&client=NEWS_360&size=96&type=FAVICON&fallback_opts=TYPE,SIZE,URL",
            "title": "Eastern Notes: Hornets Draft, Spoelstra, Bulls' Draft, LaVine"
        },
        {
            "link": "https://news.google.com/articles/CBMiY2h0dHBzOi8vd3d3LmJvc3Rvbi5jb20vc3BvcnRzL2Jvc3Rvbi1icnVpbnMvMjAyNC8wNS8xMi9icnVpbnMtYnJhZC1tYXJjaGFuZC1pbmp1cnktZ2FtZS00LXBhbnRoZXJzL9IBaWh0dHBzOi8vd3d3LmJvc3Rvbi5jb20vc3BvcnRzL2Jvc3Rvbi1icnVpbnMvMjAyNC8wNS8xMi9icnVpbnMtYnJhZC1tYXJjaGFuZC1pbmp1cnktZ2FtZS00LXBhbnRoZXJzLz9hbXA9MQ?hl=en-US&gl=US&ceid=US%3Aen",
            "og": "https://encrypted-tbn3.gstatic.com/images?q=tbn:ANd9GcSIh3PuVMCdCM1WoQnd31RMQc_eibVz1gxTSsYnaeypVpBV9M1u-C5qZggugz-Np6bSaDFLFAsaukfe6fDpYg8778UILZULobgnYkjpUiufXsHl5A",
            "source": "Boston.com",
            "source_icon": "https://encrypted-tbn3.gstatic.com/faviconV2?url=https://www.boston.com&client=NEWS_360&size=96&type=FAVICON&fallback_opts=TYPE,SIZE,URL",
            "title": "With Brad Marchand injured, Bruins pledge physical response vs. Panthers in Game 4"
        },
        {
            "link": "https://news.google.com/articles/CBMic2h0dHBzOi8vd3d3Lm5iY3Nwb3J0cy5jb20vbmFzY2FyL25ld3MvYnJhZC1rZXNlbG93c2tpLWNhcHR1cmVzLWZpcnN0LXdpbi1mb3ItcmtmLXJhY2luZy0zLXRha2Vhd2F5cy1mcm9tLWRhcmxpbmd0b27SAQA?hl=en-US&gl=US&ceid=US%3Aen",
            "og": "https://encrypted-tbn0.gstatic.com/images?q=tbn:ANd9GcTmswqv43qgZOavYVR4OXaApUSx0jJelmnDMjDWRzTrh5lEFPChPtj_6j_ibMHs0bBJA7OaYo6EuJejKYS7YcgS",
            "source": "NBC Sports",
            "source_icon": "https://encrypted-tbn1.gstatic.com/faviconV2?url=https://www.nbcsports.com&client=NEWS_360&size=96&type=FAVICON&fallback_opts=TYPE,SIZE,URL",
            "title": "Brad Keselowski captures first win for RFK Racing: 3 takeaways from Darlington"
        },
        {
            "link": "https://news.google.com/articles/CBMif2h0dHBzOi8vYmxlYWNoZXJyZXBvcnQuY29tL2FydGljbGVzLzEwMTIwNzcwLXR5cmVzZS1oYWxpYnVydG9ucy1wYWNlcnMtY3J1c2gta25pY2tzLXN0dW4tbmJhLWZhbnMtd2l0aC1nNC1ibG93b3V0LW9mLWJydW5zb24tbnnSAY8BaHR0cHM6Ly9zeW5kaWNhdGlvbi5ibGVhY2hlcnJlcG9ydC5jb20vYW1wLzEwMTIwNzcwLXR5cmVzZS1oYWxpYnVydG9ucy1wYWNlcnMtY3J1c2gta25pY2tzLXN0dW4tbmJhLWZhbnMtd2l0aC1nNC1ibG93b3V0LW9mLWJydW5zb24tbnkuYW1wLmh0bWw?hl=en-US&gl=US&ceid=US%3Aen",
            "og": "https://encrypted-tbn3.gstatic.com/images?q=tbn:ANd9GcT-Gg2-oKOG5r_s_tz2L2iqyQ_AjXVpO0Na0RLz7QBG7bAsa1NkMelpuefm7BOupFJ6pF4RORS-_Oi-7xaZn0GSBdHgRjuoc5wiVsQP7uaT3EKQfQ",
            "source": "Bleacher Report",
            "source_icon": "https://encrypted-tbn3.gstatic.com/faviconV2?url=https://bleacherreport.com&client=NEWS_360&size=96&type=FAVICON&fallback_opts=TYPE,SIZE,URL",
            "title": "Tyrese Haliburton's Pacers Crush Knicks, Stun NBA Fans with G4 Blowout of Brunson, NY"
        },
        {
            "link": "https://news.google.com/articles/CBMihgFodHRwczovL3d3dy5zdGFydHJpYnVuZS5jb20vdGltYmVyd29sdmVzLW51Z2dldHMtd2VzdGVybi1jb25mZXJlbmNlLXNlbWlmaW5hbHMtc2VyaWVzLXRpZWQtMi0yLWFudGhvbnktZWR3YXJkcy1uaWtvbGEtam9raWMvNjAwMzY1NDU5L9IBAA?hl=en-US&gl=US&ceid=US%3Aen",
            "og": "https://encrypted-tbn0.gstatic.com/images?q=tbn:ANd9GcQJPX7R2aE7nS0hbWiNM-Ceb9KuPPtZSmByLC0r9ZvsVlCblKmnrWt0KwYMGWSZp8fkJrKNqa1Z6QbDiHXI_L2c",
            "source": "Star Tribune",
            "source_icon": "https://encrypted-tbn0.gstatic.com/faviconV2?url=https://www.startribune.com&client=NEWS_360&size=96&type=FAVICON&fallback_opts=TYPE,SIZE,URL",
            "title": "Timberwolves done in by disastrous end of first half in Game 4 loss to Nuggets"
        },
        {
            "link": "https://news.google.com/articles/CBMibmh0dHBzOi8vbnlwb3N0LmNvbS8yMDI0LzA1LzEyL3Nwb3J0cy9rbmlja3MtamFsZW4tYnJ1bnNvbi1jbGVhcmx5LW5vdC1yaWdodC1kZXNwaXRlLXJlZnVzYWwtZm9yLWV4Y3VzZS1leGN1c2Uv0gFyaHR0cHM6Ly9ueXBvc3QuY29tLzIwMjQvMDUvMTIvc3BvcnRzL2tuaWNrcy1qYWxlbi1icnVuc29uLWNsZWFybHktbm90LXJpZ2h0LWRlc3BpdGUtcmVmdXNhbC1mb3ItZXhjdXNlLWV4Y3VzZS9hbXAv?hl=en-US&gl=US&ceid=US%3Aen",
            "og": "https://encrypted-tbn1.gstatic.com/images?q=tbn:ANd9GcTg-XJfiD32DEliIIJy0Cu_pIjjCY2LPQVapQVdf16gZmdhPY47VN7Eyvt77IgzS68_68Ae1JqEUDSi2BQ1U-TGG6uUkqq2L5OOy_SXtNbgaE0aeA",
            "source": "New York Post",
            "source_icon": "https://encrypted-tbn3.gstatic.com/faviconV2?url=https://nypost.com&client=NEWS_360&size=96&type=FAVICON&fallback_opts=TYPE,SIZE,URL",
            "title": "Knicks' Jalen Brunson clearly not right despite refusal to make excuse"
        },
        {
            "link": "https://news.google.com/articles/CBMiS2h0dHBzOi8vdGhlYXRobGV0aWMuY29tLzU0ODg1NzYvMjAyNC8wNS8xMy9jYW51Y2tzLW9pbGVycy1nYW1lLTMtdGFrZWF3YXlzL9IBAA?hl=en-US&gl=US&ceid=US%3Aen",
            "og": "https://encrypted-tbn2.gstatic.com/images?q=tbn:ANd9GcQePFGytfq6g_8zCaEuuckf_D0fDScgWh7JtFW9ZnI8tJWnrWuULLIAHHkE1EuOOweZIhEFPdWsTAgwhAnOvHeUXmmqCnXRyu4Xa4Q1MbmjHEMZoQ",
            "source": "The Athletic",
            "source_icon": "https://encrypted-tbn1.gstatic.com/faviconV2?url=https://theathletic.com&client=NEWS_360&size=96&type=FAVICON&fallback_opts=TYPE,SIZE,URL",
            "title": "How the Canucks, Brock Boeser contained Connor McDavid to win Game 3: 5 takeaways"
        },
        {
            "link": "https://news.google.com/articles/CBMiS2h0dHBzOi8vc3BvcnRzLnlhaG9vLmNvbS9nYW1lLTQtdGFrZWF3YXlzLWNvbnRyb3ZlcnNpYWwtY2FsbC0wMTM1MTYzNjYuaHRtbNIBAA?hl=en-US&gl=US&ceid=US%3Aen",
            "og": "https://encrypted-tbn2.gstatic.com/images?q=tbn:ANd9GcRx4qvz-lc7zafmBd6wJU7HZltLoA7FMoi6Llc1TUAKC4h3Y-ySRLy-7UBp7EwBuoOg_hbBsQPjYlodXFDqbtk0AqlS1A9UaqsWI8uiRG4UcXv_sA",
            "source": "Yahoo Sports",
            "source_icon": "https://encrypted-tbn3.gstatic.com/faviconV2?url=https://sports.yahoo.com&client=NEWS_360&size=96&type=FAVICON&fallback_opts=TYPE,SIZE,URL",
            "title": "Game 4 takeaways: Controversial call mars Bruins' 3-2 loss to Panthers"
        },
        {
            "link": "https://news.google.com/articles/CBMieGh0dHBzOi8vd3d3LnVzYXRvZGF5LmNvbS9zdG9yeS9zcG9ydHMvY29sbGVnZS9zb2Z0YmFsbC8yMDI0LzA1LzEyL25jYWEtc29mdGJhbGwtdG91cm5hbWVudC1icmFja2V0LXNjaGVkdWxlLzczNjQxMDQxMDA3L9IBAA?hl=en-US&gl=US&ceid=US%3Aen",
            "og": "https://encrypted-tbn3.gstatic.com/images?q=tbn:ANd9GcQUfOBV-EQh_9Ak4tLCw6u5HC-1g1Qzpz7nEhKgbj1ZKaN-NESSHYC0QDnzKkGJSVHlG-eBYmRe0tHTEV_UHT-ADzjfNDKikKlXFnMWHQ8EXiySQA",
            "source": "USA TODAY",
            "source_icon": "https://encrypted-tbn0.gstatic.com/faviconV2?url=https://www.usatoday.com&client=NEWS_360&size=96&type=FAVICON&fallback_opts=TYPE,SIZE,URL",
            "title": "NCAA softball tournament 2024: Bracket, schedule, times, TV, seeds"
        },
        {
            "link": "https://news.google.com/articles/CBMib2h0dHBzOi8vd3d3LnNibmF0aW9uLmNvbS9nb2xmLzIwMjQvNS8xMi8yNDE1NDk0OS9yb3J5LW1jaWxyb3ktYmxvd3Mtd2VsbHMtZmFyZ28tZmllbGQtMm5kLXN0cmFpZ2h0LXBnYS10b3VyLXdpbtIBAA?hl=en-US&gl=US&ceid=US%3Aen",
            "og": "https://encrypted-tbn1.gstatic.com/images?q=tbn:ANd9GcQRIxgqZwhLNcpWNtM1L9il54DeRIQ5wwkmYOJMAzTCPDI6FsZU-CaFeguhqIKyUN4xzjRs5qGnQlhVQc83U68oS0ybY2qefUR251ojWBM3naOUbA",
            "source": "SB Nation",
            "source_icon": "https://encrypted-tbn2.gstatic.com/faviconV2?url=https://www.sbnation.com&client=NEWS_360&size=96&type=FAVICON&fallback_opts=TYPE,SIZE,URL",
            "title": "Rory McIlroy blows Wells Fargo field away as \"stars align\" for 2nd straight PGA Tour win"
        },
        {
            "link": "https://news.google.com/articles/CBMijAFodHRwczovL3d3dy5jYnNzcG9ydHMuY29tL3Rlbm5pcy9uZXdzL25vdmFrLWRqb2tvdmljLWhlYWQtaW5qdXJ5LTI0LXRpbWUtZ3JhbmQtc2xhbS13aW5uZXItc3VmZmVycy11cHNldC1sb3NzLWFmdGVyLWdldHRpbmctaGl0LXdpdGgtYm90dGxlL9IBkAFodHRwczovL3d3dy5jYnNzcG9ydHMuY29tL3Rlbm5pcy9uZXdzL25vdmFrLWRqb2tvdmljLWhlYWQtaW5qdXJ5LTI0LXRpbWUtZ3JhbmQtc2xhbS13aW5uZXItc3VmZmVycy11cHNldC1sb3NzLWFmdGVyLWdldHRpbmctaGl0LXdpdGgtYm90dGxlL2FtcC8?hl=en-US&gl=US&ceid=US%3Aen",
            "og": "https://encrypted-tbn3.gstatic.com/images?q=tbn:ANd9GcQdJ8kESzxS-uAW8x_p419notwa5wzFXFg4YUEXJOIn3ClyUgNHW5h3LmpG1yecovkKw2_t2BL62a3ZRTrvtfxUdpbksTM-dOa6u8rSOPhcCOOJtA",
            "source": "CBS Sports",
            "source_icon": "https://encrypted-tbn2.gstatic.com/faviconV2?url=https://www.cbssports.com&client=NEWS_360&size=96&type=FAVICON&fallback_opts=TYPE,SIZE,URL",
            "title": "Novak Djokovic head injury: 24-time Grand Slam winner suffers upset loss after getting hit with bottle"
        },
        {
            "link": "https://news.google.com/articles/CBMicWh0dHBzOi8vd3d3Lm5iY3Nwb3J0c2JheWFyZWEuY29tL21sYi9zYW4tZnJhbmNpc2NvLWdpYW50cy9qdW5nLWhvby1sZWUtc2hvdWxkZXItaW5qdXJ5LXVwZGF0ZS1ib2ItbWVsdmluLzE3MzQzNDcv0gF3aHR0cHM6Ly93d3cubmJjc3BvcnRzYmF5YXJlYS5jb20vbWxiL3Nhbi1mcmFuY2lzY28tZ2lhbnRzL2p1bmctaG9vLWxlZS1zaG91bGRlci1pbmp1cnktdXBkYXRlLWJvYi1tZWx2aW4vMTczNDM0Ny8_YW1wPTE?hl=en-US&gl=US&ceid=US%3Aen",
            "og": "https://encrypted-tbn0.gstatic.com/images?q=tbn:ANd9GcS67GJ3IdRjCVS7SCyAJTLt9cmi23RrI83aLHOSX_j2Y4WxNcYe4yPOgnA68cndPj1l3UEY12sC4A0lNw9d4SdxwX0k6QYQaYri7ZOkiLQAS0xMdQ",
            "source": "NBC Sports Bay Area",
            "source_icon": "https://encrypted-tbn2.gstatic.com/faviconV2?url=https://www.nbcsportsbayarea.com&client=NEWS_360&size=96&type=FAVICON&fallback_opts=TYPE,SIZE,URL",
            "title": "Melvin provides Lee injury update after Giants outfielder exits game"
        },
        {
            "link": "https://news.google.com/articles/CBMiUWh0dHBzOi8vd3d3Lm1sYi5jb20vbmV3cy9qdWxpby1yb2RyaWd1ZXotaGl0cy1ob21lLXJ1bi1kb3VibGUtbWFyaW5lcnMtd2luLXZzLWEtc9IBAA?hl=en-US&gl=US&ceid=US%3Aen",
            "og": "https://encrypted-tbn0.gstatic.com/images?q=tbn:ANd9GcRwbaQajGZXrjGJs4clhaZ5jdA6_A1YV5Ve28gzhhsd-QRA-ta8q8NRmAciIKUYiNk",
            "source": "MLB.com",
            "source_icon": "https://encrypted-tbn0.gstatic.com/faviconV2?url=https://www.mlb.com&client=NEWS_360&size=96&type=FAVICON&fallback_opts=TYPE,SIZE,URL",
            "title": "Julio Rodríguez hits home run, double; Mariners win vs. A's"
        },
        {
            "link": "https://news.google.com/articles/CBMiRmh0dHBzOi8vd3d3Lm1sYi5jb20vbmV3cy9icmFuZG9uLW5pbW1vLXdhbGstb2ZmLWhyLXZzLWJyYXZlcy1vZmYtYmVuY2jSAQA?hl=en-US&gl=US&ceid=US%3Aen",
            "og": "https://encrypted-tbn1.gstatic.com/images?q=tbn:ANd9GcRqCrqKWGyFIAlgz4YHQqVDCdMQXqWOy7oMggxOeEnwc7UBaTGlzJWZUQYghnIeaPe-Uf_KULBmFAb6wmtnZR6k",
            "source": "MLB.com",
            "source_icon": "https://encrypted-tbn0.gstatic.com/faviconV2?url=https://www.mlb.com&client=NEWS_360&size=96&type=FAVICON&fallback_opts=TYPE,SIZE,URL",
            "title": "Brandon Nimmo hits walk-off HR vs. Braves off bench"
        },
        {
            "link": "https://news.google.com/articles/CBMiUGh0dHBzOi8vdGhlYXRobGV0aWMuY29tLzU0ODgzNzQvMjAyNC8wNS8xMi9uZWxseS1rb3JkYXMtcm9zZS16aGFuZy1mb3VuZGVycy1jdXAv0gEA?hl=en-US&gl=US&ceid=US%3Aen",
            "og": "https://encrypted-tbn2.gstatic.com/images?q=tbn:ANd9GcT1WwkXTJGH98tH0GevQGI1Vkcs18RgbeHLgcgj5Ii5HrCLTongrMI5nLrN5z0ANpnfhCvIPMOc5t3kR0S1NXdkCRm0CLfmY23684y8FD7JtyBA-w",
            "source": "The Athletic",
            "source_icon": "https://encrypted-tbn1.gstatic.com/faviconV2?url=https://theathletic.com&client=NEWS_360&size=96&type=FAVICON&fallback_opts=TYPE,SIZE,URL",
            "title": "Zhang wins Founders Cup; Korda's LPGA win streak ends"
        },
        {
            "link": "https://news.google.com/articles/CBMieGh0dHBzOi8vbW1hanVua2llLnVzYXRvZGF5LmNvbS9saXN0cy91ZmMtb24tZXNwbi01Ni10YWtlYXdheXMtcmVhY3Rpb24tcmVjYXAtZGVycmljay1sZXdpcy1rbm9ja291dC1kYW5hLXdoaXRlLWNyaXRpY2lzbdIBAA?hl=en-US&gl=US&ceid=US%3Aen",
            "og": "https://encrypted-tbn3.gstatic.com/images?q=tbn:ANd9GcRQqwnrx2NQjOFyvmiLwmieWKtCgmj0dBr6aLuWPFp5x_g-LHLpPwdmcIt1Pe3KmkRa0Bvn4qX0iUBgXf5hooyFhPlXBkQHz7Dm_JP-",
            "source": "MMA Junkie",
            "source_icon": "https://encrypted-tbn2.gstatic.com/faviconV2?url=https://mmajunkie.usatoday.com&client=NEWS_360&size=96&type=FAVICON&fallback_opts=TYPE,SIZE,URL",
            "title": "UFC on ESPN 56 takeaways: Derrick Lewis magic and Dana White criticism"
        },
        {
            "link": "https://news.google.com/articles/CBMibWh0dHBzOi8vd3d3LnBvdW5kaW5ndGhlcm9jay5jb20vMjAyNC81LzEyLzI0MTU1MDIwL3doYXQtdGhlLTIwMjQtbmJhLWRyYWZ0LWxvdHRlcnktcmVzdWx0cy1tZWFuLWZvci10aGUtc3B1cnPSAQA?hl=en-US&gl=US&ceid=US%3Aen",
            "og": "https://encrypted-tbn1.gstatic.com/images?q=tbn:ANd9GcQmg-WwqVqVbdnkm41wkhJn9GPBdBxk6bLDflcCmFqkh_vuc95jHmJw9ONJjD4Xlg6wEwLvYtjL5JLUUtA_JmO0NxsvhqCyMpWWfQtOwEL3qdZpMA",
            "source": "Pounding The Rock",
            "source_icon": "https://encrypted-tbn3.gstatic.com/faviconV2?url=https://www.poundingtherock.com&client=NEWS_360&size=96&type=FAVICON&fallback_opts=TYPE,SIZE,URL",
            "title": "What the 2024 NBA draft lottery results mean for the Spurs"
        },
        {
            "link": "https://news.google.com/articles/CBMiWWh0dHBzOi8vd3d3LnNpLmNvbS9uZmwvYnJvbmNvcy9uZXdzL3NlYW4tcGF5dG9uLWNvbW1lbnRzLWJvLW5peC10aHJvd2luZy1icm9uY29zLW1pbmljYW1w0gEA?hl=en-US&gl=US&ceid=US%3Aen",
            "og": "https://encrypted-tbn0.gstatic.com/images?q=tbn:ANd9GcSOLDzNFu0GotvX5RVXG8l14Moz-YOBOA3sSO9duU9UW5hz3OymtyC0GpqvbzDDI_b3egQXciYyI0LnjACSb-lpf_nzksZrgBk5EhLXn-5fZbpqrA",
            "source": "Sports Illustrated",
            "source_icon": "https://encrypted-tbn0.gstatic.com/faviconV2?url=https://www.si.com&client=NEWS_360&size=96&type=FAVICON&fallback_opts=TYPE,SIZE,URL",
            "title": "Broncos HC Sean Payton Compares Bo Nix's Throwing to Watching a 'Good Golfer'"
        },
        {
            "link": "https://news.google.com/articles/CBMiS2h0dHBzOi8vd3d3LnNvdW5kZXJhdGhlYXJ0LmNvbS8yMDI0LzA1L3NvdW5kZXJzLXRpbWJlcnMtcmVjYXAtamluZ2xlLWJlbGxzL9IBAA?hl=en-US&gl=US&ceid=US%3Aen",
            "og": "https://encrypted-tbn1.gstatic.com/images?q=tbn:ANd9GcQBJ5oHA2vfJZz134HvwKI3aIM0At0xof7UDbuTfHUjL2qZFBc6hrk0IsZdVoVzRV8",
            "source": "Sounder At Heart",
            "source_icon": "https://encrypted-tbn0.gstatic.com/faviconV2?url=https://www.sounderatheart.com&client=NEWS_360&size=96&type=FAVICON&fallback_opts=TYPE,SIZE,URL",
            "title": "Jingle Bells, Portland smells"
        },
        {
            "link": "https://news.google.com/articles/CBMiK2h0dHBzOi8vcGl0Y2hlcmxpc3QuY29tL3NwLXJvdW5kdXAtNS0xMS0yNC_SAQA?hl=en-US&gl=US&ceid=US%3Aen",
            "og": "https://encrypted-tbn3.gstatic.com/images?q=tbn:ANd9GcTwrVHysNEFpn803RYvUgc9jTEZTsFNqNPlr7dtwzHqYxMVzJAvQSvAl45DG4JKXo9I5oyh_TShWKFlUlHoILl51jYCt7xWOVWo93Xp",
            "source": "Pitcher List",
            "source_icon": "https://encrypted-tbn0.gstatic.com/faviconV2?url=https://pitcherlist.com&client=NEWS_360&size=96&type=FAVICON&fallback_opts=TYPE,SIZE,URL",
            "title": "Fantasy Baseball SP Roundup: Skenes From A Memory"
        },
        {
            "link": "https://news.google.com/articles/CBMiTGh0dHBzOi8vd3d3Lm1sYi5jb20vbmV3cy95dS1kYXJ2aXNoLWRvbWluYW50LWFzLXBhZHJlcy13aW4tc2VyaWVzLXZzLWRvZGdlcnPSAQA?hl=en-US&gl=US&ceid=US%3Aen",
            "og": "https://encrypted-tbn0.gstatic.com/images?q=tbn:ANd9GcRUeyPtxrogfA5lD2tl9O8Ydi8mSZAGGnWC447lS0SgcLSQWbmtImN7YbxSKHTvVSLQYwng4K9mVIhAMwQaar3Q",
            "source": "MLB.com",
            "source_icon": "https://encrypted-tbn0.gstatic.com/faviconV2?url=https://www.mlb.com&client=NEWS_360&size=96&type=FAVICON&fallback_opts=TYPE,SIZE,URL",
            "title": "Yu Darvish dominant as Padres win series vs. Dodgers"
        },
        {
            "link": "https://news.google.com/articles/CBMiU2h0dHBzOi8vbmVzbi5jb20vMjAyNC8wNS9qYXlsZW4tYnJvd24tcmlicy1jbGV2ZWxhbmQtYWZ0ZXItY2VsdGljcy1ib3VuY2UtYmFjay13aW4v0gFXaHR0cHM6Ly9uZXNuLmNvbS8yMDI0LzA1L2pheWxlbi1icm93bi1yaWJzLWNsZXZlbGFuZC1hZnRlci1jZWx0aWNzLWJvdW5jZS1iYWNrLXdpbi9hbXAv?hl=en-US&gl=US&ceid=US%3Aen",
            "og": "https://encrypted-tbn3.gstatic.com/images?q=tbn:ANd9GcSSCl4N3I6NiskzFFDUl_couPJ16bHNtWshc4lLFTvBh5eoJ60kJUzwjzWt0ojuki_fKzlPI4WOBQ-padZxTRZ0rZTR6roqD6ecmTT8",
            "source": "NESN",
            "source_icon": "https://encrypted-tbn2.gstatic.com/faviconV2?url=https://nesn.com&client=NEWS_360&size=96&type=FAVICON&fallback_opts=TYPE,SIZE,URL",
            "title": "Jaylen Brown Rips Cleveland After Celtics’ Bounce-Back Win"
        },
        {
            "link": "https://news.google.com/articles/CBMiigFodHRwczovL3d3dy5zaWx2ZXJzY3JlZW5hbmRyb2xsLmNvbS8yMDI0LzUvMTIvMjQxNTUwNTAvbGFrZXJzLXJ1bW9ycy1oZWFkLWNvYWNoLWludGVydmlldy1qai1yZWRpY2stdHktbHVlLW1pY2FoLW5vcmktZGF2aWQtYWRlbG1hbi1yZXBvcnTSAQA?hl=en-US&gl=US&ceid=US%3Aen",
            "og": "https://encrypted-tbn3.gstatic.com/images?q=tbn:ANd9GcS8LwLpDVteJ4hRkq968qFGgMJ0B6Oqg3fYqEHFqyyx4N2oNvr_4XnS6uJI75_ZWpus7E102x1NC9t4cQIdU7PPJ_92hIoj3iyN8iWO",
            "source": "Silver Screen and Roll",
            "source_icon": "https://encrypted-tbn3.gstatic.com/faviconV2?url=https://www.silverscreenandroll.com&client=NEWS_360&size=96&type=FAVICON&fallback_opts=TYPE,SIZE,URL",
            "title": "Lakers Rumors: Head coach interviews to begin this week"
        },
        {
            "link": "https://news.google.com/articles/CBMiW2h0dHBzOi8vd3d3Lm5qLmNvbS9ydXRnZXJzLzIwMjQvMDUvZXgtcnV0Z2Vycy1nb2xmZXItd2lucy0xc3QtcGdhLXRvdXItZXZlbnQtb2YtY2FyZWVyLmh0bWzSAWpodHRwczovL3d3dy5uai5jb20vcnV0Z2Vycy8yMDI0LzA1L2V4LXJ1dGdlcnMtZ29sZmVyLXdpbnMtMXN0LXBnYS10b3VyLWV2ZW50LW9mLWNhcmVlci5odG1sP291dHB1dFR5cGU9YW1w?hl=en-US&gl=US&ceid=US%3Aen",
            "og": "https://encrypted-tbn0.gstatic.com/images?q=tbn:ANd9GcQOuxPWB9ocNmSxPBxFHjJoG6bOl4r_BtJB3GVMgshBH-ih55EcRdjkxmJI_WnMGcPQrg-6TUBni_7JWg7mO7jZZLzRUueXqhx_l6WNPcdFxdVqVg",
            "source": "NJ.com",
            "source_icon": "https://encrypted-tbn2.gstatic.com/faviconV2?url=https://www.nj.com&client=NEWS_360&size=96&type=FAVICON&fallback_opts=TYPE,SIZE,URL",
            "title": "Ex-Rutgers golfer wins 1st PGA Tour event of career"
        },
        {
            "link": "https://news.google.com/articles/CBMiZGh0dHBzOi8vd3d3LmVzcG4uY29tL21sYi9zdG9yeS9fL2lkLzQwMTMzMDk4L2NhcmRpbmFscy1vbGl2ZXItbWFybW9sLWJlbmNoLWNvYWNoLWVqZWN0ZWQtcmVwbGF5LXdpbnPSAQA?hl=en-US&gl=US&ceid=US%3Aen",
            "og": "https://encrypted-tbn1.gstatic.com/images?q=tbn:ANd9GcTzUKLE9f7c7MTylRRkR7LNUNG6m9o1jYOKgL2GFxCIMlAyPqOIpVOkE3ab0vY5VBBlukYOrZMxHmyjbYMsppuz",
            "source": "ESPN",
            "source_icon": "https://encrypted-tbn2.gstatic.com/faviconV2?url=https://www.espn.com&client=NEWS_360&size=96&type=FAVICON&fallback_opts=TYPE,SIZE,URL",
            "title": "Cardinals' Oliver Marmol, bench coach ejected after replay wins"
        },
        {
            "link": "https://news.google.com/articles/CBMiW2h0dHBzOi8vdGhlYXRobGV0aWMuY29tLzU0ODQzNjgvMjAyNC8wNS8xMi9tYW5jaGVzdGVyLXVuaXRlZC1hcnNlbmFsLXJlc3VsdC1wcmVtaWVyLWxlYWd1ZS_SAQA?hl=en-US&gl=US&ceid=US%3Aen",
            "og": "https://encrypted-tbn0.gstatic.com/images?q=tbn:ANd9GcQ3uC02czGuDQ4Zrl137dHQ0p8lnWU4QjJ0-8L17eEN_EpRJM5StPt9QZdpeqK_QII8bQ2gwG9vxtuTHH1F-Mh26tWLraMaoq_GhSgqjpWTpk9cLA",
            "source": "The Athletic",
            "source_icon": "https://encrypted-tbn1.gstatic.com/faviconV2?url=https://theathletic.com&client=NEWS_360&size=96&type=FAVICON&fallback_opts=TYPE,SIZE,URL",
            "title": "The Briefing: Man Utd 0 Arsenal 1 - Title race still alive, Trossard key, Casemiro blunder"
        },
        {
            "link": "https://news.google.com/articles/CBMiZGh0dHBzOi8vbnlwb3N0LmNvbS8yMDI0LzA1LzEyL3Nwb3J0cy9kcmFrZS1tYXllLWdldHMtcG9pbnRlZC1tZXNzYWdlLWZyb20tcGF0cmlvdHMtY29hY2gtamVyb2QtbWF5by_SAWhodHRwczovL255cG9zdC5jb20vMjAyNC8wNS8xMi9zcG9ydHMvZHJha2UtbWF5ZS1nZXRzLXBvaW50ZWQtbWVzc2FnZS1mcm9tLXBhdHJpb3RzLWNvYWNoLWplcm9kLW1heW8vYW1wLw?hl=en-US&gl=US&ceid=US%3Aen",
            "og": "https://encrypted-tbn1.gstatic.com/images?q=tbn:ANd9GcStY6AAjTpmiB6RrqAiK3LxKuqt5AWKpFHgtzerL-e8TeeixTDRuhynY0q4ADLbD-p6LVo8ut35ioplJcN8AQjcDP8usP51F6eQwtGZ6G0LWWu6RQ",
            "source": "New York Post",
            "source_icon": "https://encrypted-tbn3.gstatic.com/faviconV2?url=https://nypost.com&client=NEWS_360&size=96&type=FAVICON&fallback_opts=TYPE,SIZE,URL",
            "title": "Drake Maye gets pointed message from Patriots coach Jerod Mayo during rookie minicamp"
        },
        {
            "link": "https://news.google.com/articles/CBMicWh0dHBzOi8vd3d3Lm5iY3Nwb3J0cy5jb20vbmJhL25ld3Mvd2lubmVycy1sb3NlcnMtZnJvbS0yMDI0LW5iYS1kcmFmdC1sb3R0ZXJ5LWRvLXRoZS1iYXNrZXRiYWxsLWdvZHMtaGF0ZS1kZXRyb2l00gEA?hl=en-US&gl=US&ceid=US%3Aen",
            "og": "https://encrypted-tbn2.gstatic.com/images?q=tbn:ANd9GcRqckpfVXc-K6fA4mCQnoAeowjUeyoAzfyk3nVu2wJQojDg_H05BEdiNl3Vw88ydplzQpPxqVsJVt3fEX4UP-NA",
            "source": "NBC Sports",
            "source_icon": "https://encrypted-tbn1.gstatic.com/faviconV2?url=https://www.nbcsports.com&client=NEWS_360&size=96&type=FAVICON&fallback_opts=TYPE,SIZE,URL",
            "title": "Winners, Losers from 2024 NBA Draft Lottery: Do the basketball gods hate Detroit?"
        },
        {
            "link": "https://news.google.com/articles/CBMiZWh0dHBzOi8vYXBuZXdzLmNvbS9hcnRpY2xlL21iYXBwZS1wc2ctZnJlbmNoLWxlYWd1ZS1tb25hY28tbWFyc2VpbGxlLTcyODkxOGY2YTU5ODc2MjVjNmNkMDdiOGFjMTQ3OGY30gEA?hl=en-US&gl=US&ceid=US%3Aen",
            "og": "https://encrypted-tbn1.gstatic.com/images?q=tbn:ANd9GcQOHkIQIEQiJVKX_SXYj0DDmniJeCjUxk5PVwMUQRC0h9pwCYLywmtztea5yviSTOU54eEW7AZ1-tvOcTc68vZHFyNdb5N2-ZRivOoBso8F6yvGzg",
            "source": "The Associated Press",
            "source_icon": "https://encrypted-tbn2.gstatic.com/faviconV2?url=https://apnews.com&client=NEWS_360&size=96&type=FAVICON&fallback_opts=TYPE,SIZE,URL",
            "title": "Goodbye goal: Mbappé gets mixed reception from fans in last PSG home game before scoring in 3-1 loss"
        },
        {
            "link": "https://news.google.com/articles/CBMiZGh0dHBzOi8vd3d3LmVzcG4uY29tL25iYS9zdG9yeS9fL2lkLzQwMTI3NzQzL2x1a2EtZG9uY2ljLWJhdHRsZXMta25lZS1reXJpZS1pcnZpbmctY2xvc2VzLXN0cm9uZy13aW7SAQA?hl=en-US&gl=US&ceid=US%3Aen",
            "og": "https://encrypted-tbn2.gstatic.com/images?q=tbn:ANd9GcRizN3AnF1QANBzLwjZDcRdVVtjVuMk0yTzV8Q6ALNmf-806boJJohVvpY2jndFKGXBF9ZTptARhnueM04-XNXQ",
            "source": "ESPN",
            "source_icon": "https://encrypted-tbn2.gstatic.com/faviconV2?url=https://www.espn.com&client=NEWS_360&size=96&type=FAVICON&fallback_opts=TYPE,SIZE,URL",
            "title": "Luka Doncic battles knee, Kyrie Irving closes strong in win"
        },
        {
            "link": "https://news.google.com/articles/CBMif2h0dHBzOi8vd3d3LnRoZW1hdC5jb20vbmV3cy8yMDI0L21heS8xMy9yZXRoZXJmb3JkLW1ha2VzLW1vc3Qtb2Ytc2Vjb25kLWNoYW5jZS1lYXJucy10cmlwLXRvLTIwMjQtb2x5bXBpYy1nYW1lcy1pbi1wYXJpcy1mcmFuY2XSAQA?hl=en-US&gl=US&ceid=US%3Aen",
            "og": "https://encrypted-tbn1.gstatic.com/images?q=tbn:ANd9GcR3jmJO7FoPhjBwVGpU7jz6m_aVBrWp6olNnGxcfS5DvBX_a0nmadkm8hMy_KWYzU1NXfFnRjjj5CBHFX438K8J",
            "source": "USA Wrestling",
            "source_icon": "https://encrypted-tbn3.gstatic.com/faviconV2?url=https://www.themat.com&client=NEWS_360&size=96&type=FAVICON&fallback_opts=TYPE,SIZE,URL",
            "title": "Retherford makes most of second chance, earns trip to 2024 Olympic Games in Paris, France"
        },
        {
            "link": "https://news.google.com/articles/CBMiUWh0dHBzOi8vdGhlYXRobGV0aWMuY29tLzU0ODcwMzYvMjAyNC8wNS8xMS9yYW5nZXJzLWh1cnJpY2FuZXMtYnJhZHktc2tqZWktZ2FtZS00L9IBAA?hl=en-US&gl=US&ceid=US%3Aen",
            "og": "https://encrypted-tbn1.gstatic.com/images?q=tbn:ANd9GcSt5UQ8gx2V_udoT1hTts7q8Tr6Zcq2BvBfZ4shyfsTttiUmsTvWNEtFz1tbnklF5mAYPhhQppTzNlk3smiht6yNF_2Px_Nszk_pBm8VNlXIhpBbA",
            "source": "The Athletic",
            "source_icon": "https://encrypted-tbn1.gstatic.com/faviconV2?url=https://theathletic.com&client=NEWS_360&size=96&type=FAVICON&fallback_opts=TYPE,SIZE,URL",
            "title": "Lazerus: Game 4 thriller plants seed of hope in Hurricanes, seed of doubt in Rangers"
        },
        {
            "link": "https://news.google.com/articles/CBMifWh0dHBzOi8vd3d3LmhvdXN0b25jaHJvbmljbGUuY29tL3RleGFzLXNwb3J0cy1uYXRpb24vcm9ja2V0cy9hcnRpY2xlL2hvdXN0b24tcm9ja2V0cy1uYmEtZHJhZnQtbm8tMy1waWNrLWxvdHRlcnktMTk0NTM1ODAucGhw0gEA?hl=en-US&gl=US&ceid=US%3Aen",
            "og": "https://encrypted-tbn1.gstatic.com/images?q=tbn:ANd9GcQOYQvulId6aZrx2xVMtsRaF9kQYoaydXSpo__yLf3n3f5g6i9domS1qtl-BKQDF7M",
            "source": "Houston Chronicle",
            "source_icon": "https://encrypted-tbn2.gstatic.com/faviconV2?url=https://www.houstonchronicle.com&client=NEWS_360&size=96&type=FAVICON&fallback_opts=TYPE,SIZE,URL",
            "title": "Rockets land third overall pick in 2024 NBA draft"
        },
        {
            "link": "https://news.google.com/articles/CBMicmh0dHBzOi8vbnlwb3N0LmNvbS8yMDI0LzA1LzEyL3Nwb3J0cy9yYW5nZXJzLXdpbGwtbmVlZC1hbGV4aXMtbGFmcmVuaWVyZXMtZ2FtZS00LXNlbGYtZm9yLXJlbWFpbmRlci1vZi1wb3N0c2Vhc29uL9IBdmh0dHBzOi8vbnlwb3N0LmNvbS8yMDI0LzA1LzEyL3Nwb3J0cy9yYW5nZXJzLXdpbGwtbmVlZC1hbGV4aXMtbGFmcmVuaWVyZXMtZ2FtZS00LXNlbGYtZm9yLXJlbWFpbmRlci1vZi1wb3N0c2Vhc29uL2FtcC8?hl=en-US&gl=US&ceid=US%3Aen",
            "og": "https://encrypted-tbn0.gstatic.com/images?q=tbn:ANd9GcQzTp0Llq5JJwUfq__Mz583lF49Q8cd_khpqudvqqWD9Gn_5sDkV6Oum757UN9bdDEa2dnfOkxC4jLvTX1De4_aIG13w_BdYCMK72Q0C1wJs2CqCw",
            "source": "New York Post",
            "source_icon": "https://encrypted-tbn3.gstatic.com/faviconV2?url=https://nypost.com&client=NEWS_360&size=96&type=FAVICON&fallback_opts=TYPE,SIZE,URL",
            "title": "Rangers will need Alexis Lafreniere's Game 4 self for remainder of postseason"
        },
        {
            "link": "https://news.google.com/articles/CBMikgFodHRwczovL3d3dy5tbWFmaWdodGluZy5jb20vMjAyNC81LzEyLzI0MTU0NjIyL2RhbmEtd2hpdGUtcmlwcy1zdGVwaGVuLWVzcGlub3phLXJldmVhbGluZy1jb25vci1tY2dyZWdvci1yZXR1cm4tc2V0LXRvLWdlbmVyYXRlLW92ZXItMjBtLWxpdmUtZ2F0ZdIBAA?hl=en-US&gl=US&ceid=US%3Aen",
            "og": "https://encrypted-tbn0.gstatic.com/images?q=tbn:ANd9GcQTRsd2y1ku8Wzs2VAgHb7nK2aQTrRt2unWA4IfmrXtZi5ucboJ9fp9BPaUsnWFRIzu0FT4LNSryXct-HTJ9me0hk0tdrKytWE1dxOEhyCGyiOw-w",
            "source": "MMA Fighting",
            "source_icon": "https://encrypted-tbn0.gstatic.com/faviconV2?url=https://www.mmafighting.com&client=NEWS_360&size=96&type=FAVICON&fallback_opts=TYPE,SIZE,URL",
            "title": "Dana White rips Stephen Espinoza, reveals Conor McGregor's return generating first $20M live gate for UFC"
        },
        {
            "link": "https://news.google.com/articles/CBMipAFodHRwczovL3d3dy5vZGRzY2hlY2tlci5jb20vdXMvcGlja3MtcGFybGF5cy9iYXNrZXRiYWxsL25iYS8yMDI0MDUxMi1uZXcteW9yay1rbmlja3MtdnMtaW5kaWFuYS1wYWNlcnMtcGxheWVyLXByb3AtcGljay1jYW4tZG9udGUtZGl2aW5jZW56by1wdXQtdXAtcG9pbnRzLWluLWdhbWUtNNIBAA?hl=en-US&gl=US&ceid=US%3Aen",
            "og": "https://encrypted-tbn3.gstatic.com/images?q=tbn:ANd9GcQbwmAF6Y4lIpiB9mzFq1ukIzLOri69KgehpzusU4G9ROEK5mrr5USh0Ver_FFMMsYZSux9P-BaoucFWigfCqMVppxF9AHDVrnPsjdAajrFYl5Eog",
            "source": "OddsChecker",
            "source_icon": "https://encrypted-tbn3.gstatic.com/faviconV2?url=https://www.oddschecker.com&client=NEWS_360&size=96&type=FAVICON&fallback_opts=TYPE,SIZE,URL",
            "title": "New York Knicks vs. Indiana Pacers Player Prop Pick: Can Donte DiVincenzo Put Up Points in Game 4?"
        },
        {
            "link": "https://news.google.com/articles/CBMimQFodHRwczovLzI0N3Nwb3J0cy5jb20vY29sbGVnZS9ub3J0aC1jYXJvbGluYS9hcnRpY2xlL3VuYy1iYXNlYmFsbC1saWdodHMtdXAtbG91aXN2aWxsZS1mb3Itc3dlZXAtY2xhaW1zLW91dHJpZ2h0LWRpdmlzaW9uLXRpdGxlLWx1a2Utc3RldmVuc29uLTIzMTY5NzI4Ni_SAZ0BaHR0cHM6Ly8yNDdzcG9ydHMuY29tL2NvbGxlZ2Uvbm9ydGgtY2Fyb2xpbmEvYXJ0aWNsZS91bmMtYmFzZWJhbGwtbGlnaHRzLXVwLWxvdWlzdmlsbGUtZm9yLXN3ZWVwLWNsYWltcy1vdXRyaWdodC1kaXZpc2lvbi10aXRsZS1sdWtlLXN0ZXZlbnNvbi0yMzE2OTcyODYvYW1wLw?hl=en-US&gl=US&ceid=US%3Aen",
            "og": "https://encrypted-tbn2.gstatic.com/images?q=tbn:ANd9GcRTpjtITylLP1OlvgVbThU5J5FqzWKxwAfNW3baB950ThpqYhsvfk-S5Vm7568jbI6v_wwWf9qknZrS4ETvnl_NxiZYWJfTjcJDHQUzp0vDV0DIhA",
            "source": "247Sports",
            "source_icon": "https://encrypted-tbn3.gstatic.com/faviconV2?url=https://247sports.com&client=NEWS_360&size=96&type=FAVICON&fallback_opts=TYPE,SIZE,URL",
            "title": "UNC Lights Up Louisville For Sweep, Claims Outright Division Title"
        },
        {
            "link": "https://news.google.com/articles/CBMiSWh0dHBzOi8vd3d3Lm1sYi5jb20vbmV3cy9jbGV2ZWxhbmQtZ3VhcmRpYW5zLXVudmVpbC1jaXR5LWNvbm5lY3QtdW5pZm9ybXPSAQA?hl=en-US&gl=US&ceid=US%3Aen",
            "og": "https://encrypted-tbn0.gstatic.com/images?q=tbn:ANd9GcRBcCYBNAPjGRzxTMRAh2qRIA3GGSgQY-pPjFZAlbXaJKGGF17UJfxSD6R3BiVOqxI",
            "source": "MLB.com",
            "source_icon": "https://encrypted-tbn0.gstatic.com/faviconV2?url=https://www.mlb.com&client=NEWS_360&size=96&type=FAVICON&fallback_opts=TYPE,SIZE,URL",
            "title": "Cleveland Guardians unveil City Connect uniforms"
        },
        {
            "link": "https://news.google.com/articles/CBMiVmh0dHBzOi8vd3d3LnNpLmNvbS9uZmwvYnJvbmNvcy9uZXdzL2Jyb25jb3Mtbm90LXNpZ25pbmctdHJ5b3V0LXBsYXllcnMtcm9va2llLW1pbmljYW1w0gEA?hl=en-US&gl=US&ceid=US%3Aen",
            "og": "https://encrypted-tbn1.gstatic.com/images?q=tbn:ANd9GcSMnrG6B8sbo5V3cNrm7EJ5yqB-TDcNxieD5Z8tEtexYTfTibbUgDcC5KpgUwptWoz6GABRTo93kh026_pFr885j7epuXEGOadJAMKG8tdRHeOhHw",
            "source": "Sports Illustrated",
            "source_icon": "https://encrypted-tbn0.gstatic.com/faviconV2?url=https://www.si.com&client=NEWS_360&size=96&type=FAVICON&fallback_opts=TYPE,SIZE,URL",
            "title": "Report: Broncos Not Signing Tryout Players After Rookie Camp"
        },
        {
            "link": "https://news.google.com/articles/CBMifmh0dHBzOi8vd3d3Lm5iY3Nwb3J0cy5jb20vZ29sZi9uZXdzL2Zyb20tc2NvdHRpZS1zY2hlZmZsZXItdG8tam9obi1kYWx5LXJhbmtpbmctYWxsLTE1Ni1wbGF5ZXJzLWluLXBnYS1jaGFtcGlvbnNoaXAtYXQtdmFoYWxsYdIBAA?hl=en-US&gl=US&ceid=US%3Aen",
            "og": "https://encrypted-tbn1.gstatic.com/images?q=tbn:ANd9GcT60hT40AnM5uMQvbBFgpn91sEAsLPXcSzxD3D7iT88ZjWwewI_6eeLW9Ui3y7s43KXz_Ofl8pWu2yfAOPwuWjv",
            "source": "NBC Sports",
            "source_icon": "https://encrypted-tbn1.gstatic.com/faviconV2?url=https://www.nbcsports.com&client=NEWS_360&size=96&type=FAVICON&fallback_opts=TYPE,SIZE,URL",
            "title": "From Scottie Scheffler to John Daly, ranking all 156 players in PGA Championship at Vahalla"
        },
        {
            "link": "https://news.google.com/articles/CBMicGh0dHBzOi8vd3d3Lm5obC5jb20vc3RhcnMvbmV3cy9oZWlrYS1zLXRha2UtZGFsbGFzLXN0YXJzLWZsZXgtcm9hZC1tdXNjbGVzLXdpbi1nYW1lLTMtYWdhaW5zdC1jb2xvcmFkby1hdmFsYW5jaGXSAQA?hl=en-US&gl=US&ceid=US%3Aen",
            "og": "https://encrypted-tbn1.gstatic.com/images?q=tbn:ANd9GcS5J1AvFRnJKfz-k4vGkz8ubLmEdsWWbsUzAZRjpxZCm7tV7plDmpfeCOHRz41MEJgeFA0QnAbglbZTtw9BFo-u",
            "source": "NHL.com",
            "source_icon": "https://encrypted-tbn1.gstatic.com/faviconV2?url=https://www.nhl.com&client=NEWS_360&size=96&type=FAVICON&fallback_opts=TYPE,SIZE,URL",
            "title": "Heika's Take: Stars flex road muscles, win Game 3 in Colorado | Dallas Stars"
        },
        {
            "link": "https://news.google.com/articles/CBMiZWh0dHBzOi8vd3d3LmxhdGltZXMuY29tL3Nwb3J0cy9kb2RnZXJzL3N0b3J5LzIwMjQtMDUtMTIvZG9kZ2Vycy1wYWRyZXMtbmwtd2VzdC1zaG9oZWktb2h0YW5pLWFuYWx5c2lz0gEA?hl=en-US&gl=US&ceid=US%3Aen",
            "og": "https://encrypted-tbn1.gstatic.com/images?q=tbn:ANd9GcRn4dVSw4HTW-BYFkimD2whbN38JWNtBA0dAA_sv9G5JBdxBv7rdTZ-nQ1tFe1yMTuzrayTNeOP25PvbX34lzY-0HWT-riu6cSOwAlm242hPeBikw",
            "source": "Los Angeles Times",
            "source_icon": "https://encrypted-tbn1.gstatic.com/faviconV2?url=https://www.latimes.com&client=NEWS_360&size=96&type=FAVICON&fallback_opts=TYPE,SIZE,URL",
            "title": "Column: Dave Roberts does his job: Protecting Shohei Ohtani from himself"
        },
        {
            "link": "https://news.google.com/articles/CBMilQFodHRwczovL3d3dy5wZ2F0b3VyLmNvbS9hcnRpY2xlL25ld3MvYmV0dGluZy1kZnMvMjAyNC8wNS8xMi9Qb2ludHMtYW5kLXBheW91dHMtd2VsbHMtZmFyZ28tY2hhbXBpb25zaGlwLXF1YWlsLWhvbGxvdy1yb3J5LW1jaWxyb3ktZmVkZXhjdXAtbW9uZXktbGlzdNIBAA?hl=en-US&gl=US&ceid=US%3Aen",
            "og": "https://encrypted-tbn0.gstatic.com/images?q=tbn:ANd9GcTW_Kva6roKEwV3GpxrS9KaLPHEk-pPfPLvpXVyhPHt9bii9DObwpgqOm67TBFRy70",
            "source": "PGA TOUR",
            "source_icon": "https://encrypted-tbn2.gstatic.com/faviconV2?url=https://www.pgatour.com&client=NEWS_360&size=96&type=FAVICON&fallback_opts=TYPE,SIZE,URL",
            "title": "Points and payouts: Rory McIlroy earns $3.6 million, 700 FedExCup points at Wells Fargo Championship - PGA TOUR"
        },
        {
            "link": "https://news.google.com/articles/CBMiZWh0dHBzOi8vYXRobG9uc3BvcnRzLmNvbS93bmJhL2VzcG4tYW5ub3VuY2VzLWV4Y2l0aW5nLWJyb2FkY2FzdC1kZWNpc2lvbi1vbi1jYWl0bGluLWNsYXJrcy13bmJhLWRlYnV00gEA?hl=en-US&gl=US&ceid=US%3Aen",
            "og": "https://encrypted-tbn0.gstatic.com/images?q=tbn:ANd9GcQ8FRPrYmSsFrG3iHJ4A75MAOAVVT7r1_L0erxzZizZ92ALbXnCPeugSqTSNgK6wNV3U9Nzekx4W0a_geA9OjtFuSxXfu8uhJHHjP7Ucthz-VigGg",
            "source": "Athlon Sports",
            "source_icon": "https://encrypted-tbn3.gstatic.com/faviconV2?url=https://athlonsports.com&client=NEWS_360&size=96&type=FAVICON&fallback_opts=TYPE,SIZE,URL",
            "title": "ESPN Announces Exciting Broadcast Decision on Caitlin Clark's WNBA Debut"
        },
        {
            "link": "https://news.google.com/articles/CBMiYWh0dHBzOi8vd3d3LmVzcG4uY29tL25iYS9zdG9yeS9fL2lkLzQwMTM2MzM3L2FudGhvbnktZWR3YXJkcy10ZWxscy1qYW1hbC1tdXJyYXktbG92ZS1rZWVwLXRhbGtpbmfSAQA?hl=en-US&gl=US&ceid=US%3Aen",
            "og": "https://encrypted-tbn0.gstatic.com/images?q=tbn:ANd9GcSp8mCnm68h-De7U-kwI5AYgqrYL7rZJBfGG-L5M-Xt_gERw8Fq0AgcCG1sIvxVng6E9v1CLfR5_3hxB69GT_cQ",
            "source": "ESPN",
            "source_icon": "https://encrypted-tbn2.gstatic.com/faviconV2?url=https://www.espn.com&client=NEWS_360&size=96&type=FAVICON&fallback_opts=TYPE,SIZE,URL",
            "title": "Anthony Edwards tells Jamal Murray: 'We love that; keep talking'"
        },
        {
            "link": "https://news.google.com/articles/CBMioQFodHRwczovL3d3dy5uYmNzcG9ydHNjaGljYWdvLmNvbS9uZmwvY2hpY2Fnby1iZWFycy9iZWFycy1hbmFseXNpcy9saWdodC15ZWFycy1haGVhZC1iZWFycy1zdWNjZXNzZnVsbHktbGF1bmNoLWNhbGViLXdpbGxpYW1zLWRldmVsb3BtZW50LXBsYW4tYXQtbWluaWNhbXAvNTYxNzAyL9IBpwFodHRwczovL3d3dy5uYmNzcG9ydHNjaGljYWdvLmNvbS9uZmwvY2hpY2Fnby1iZWFycy9iZWFycy1hbmFseXNpcy9saWdodC15ZWFycy1haGVhZC1iZWFycy1zdWNjZXNzZnVsbHktbGF1bmNoLWNhbGViLXdpbGxpYW1zLWRldmVsb3BtZW50LXBsYW4tYXQtbWluaWNhbXAvNTYxNzAyLz9hbXA9MQ?hl=en-US&gl=US&ceid=US%3Aen",
            "og": "https://encrypted-tbn0.gstatic.com/images?q=tbn:ANd9GcRtc2wgaCUKMIglJT984o9eLEW5mevUdu4-pi-EHaofbpwJmRYq1TJ0AqP3n06I66fYTGoidc4CgFWmkkDh1UHc98KFaUrQ1uYwUi8i6VxRlcZh6w",
            "source": "NBC Sports Chicago",
            "source_icon": "https://encrypted-tbn2.gstatic.com/faviconV2?url=https://www.nbcsportschicago.com&client=NEWS_360&size=96&type=FAVICON&fallback_opts=TYPE,SIZE,URL",
            "title": "‘Light years ahead:' Bears successfully launch Caleb Williams development plan at minicamp"
        },
        {
            "link": "https://news.google.com/articles/CBMiW2h0dHBzOi8vd3d3Lm1sYnRyYWRlcnVtb3JzLmNvbS8yMDI0LzA1L3JlZC1zb3gtYWN0aXZhdGUtYnJheWFuLWJlbGxvLWZyb20taW5qdXJlZC1saXN0Lmh0bWzSAQA?hl=en-US&gl=US&ceid=US%3Aen",
            "og": "https://encrypted-tbn2.gstatic.com/images?q=tbn:ANd9GcT98TJoQ9HGzyu2IjLV6KR1AjcYGkc9Ju4Bv7BcaBFswOvaOPKzf4BUnemFKvwn9FfeXLsW3axPATULmR31mspUKNVxmuHcjfMk6aFRsjo61xyBeg",
            "source": "MLB Trade Rumors",
            "source_icon": "https://encrypted-tbn3.gstatic.com/faviconV2?url=https://www.mlbtraderumors.com&client=NEWS_360&size=96&type=FAVICON&fallback_opts=TYPE,SIZE,URL",
            "title": "Red Sox Activate Brayan Bello From Injured List"
        },
        {
            "link": "https://news.google.com/articles/CBMihAFodHRwczovL3d3dy5zeXJhY3VzZS5jb20vb3JhbmdlbGFjcm9zc2UvMjAyNC8wNS9zeXJhY3VzZS1sYWNyb3NzZS12cy10b3dzb24tbmNhYS1jaGFtcGlvbnNoaXAtcm91bmQtMS1jaGFubmVsLXRpbWUtaG93LXRvLXdhdGNoLmh0bWzSAZMBaHR0cHM6Ly93d3cuc3lyYWN1c2UuY29tL29yYW5nZWxhY3Jvc3NlLzIwMjQvMDUvc3lyYWN1c2UtbGFjcm9zc2UtdnMtdG93c29uLW5jYWEtY2hhbXBpb25zaGlwLXJvdW5kLTEtY2hhbm5lbC10aW1lLWhvdy10by13YXRjaC5odG1sP291dHB1dFR5cGU9YW1w?hl=en-US&gl=US&ceid=US%3Aen",
            "og": "https://encrypted-tbn0.gstatic.com/images?q=tbn:ANd9GcRKOkX1Ye8iQL2oTxY6Ydu2tRSqiXQsGs5SBsk-RQIiQal89jtxCBzdab6hWkHjnQUY48hXX5fLbEbGZPmZHuAziOcAZhWJIE-Um6GRhhnrHgkR6w",
            "source": "syracuse.com",
            "source_icon": "https://encrypted-tbn0.gstatic.com/faviconV2?url=https://www.syracuse.com&client=NEWS_360&size=96&type=FAVICON&fallback_opts=TYPE,SIZE,URL",
            "title": "Syracuse lacrosse vs. Towson: NCAA championship Round 1 channel, time, how to watch"
        },
        {
            "link": "https://news.google.com/articles/CBMiemh0dHBzOi8vcGFja2Vyc3dpcmUudXNhdG9kYXkuY29tLzIwMjQvMDUvMTIvZm9ybWVyLXBhY2tlcnMtZXhlY3V0aXZlLWVsaW90LXdvbGYtbmFtZWQtdnAtb2YtcGxheWVyLXBlcnNvbm5lbC1mb3ItcGF0cmlvdHMv0gEA?hl=en-US&gl=US&ceid=US%3Aen",
            "og": "https://encrypted-tbn1.gstatic.com/images?q=tbn:ANd9GcTX83eo3XWUmUNaN01h3RCV5lXvAejnUpYK-boqo3MQnqg0eDPa4HdxI6H0l9i2fRDVAN_-MssR_SCQZMoAtm_B4oagHCRkqzFvu_58z0RMnEPvqg",
            "source": "Packers Wire",
            "source_icon": "https://encrypted-tbn1.gstatic.com/faviconV2?url=https://packerswire.usatoday.com&client=NEWS_360&size=96&type=FAVICON&fallback_opts=TYPE,SIZE,URL",
            "title": "Former Packers executive Eliot Wolf named VP of player personnel for Patriots"
        },
        {
            "link": "https://news.google.com/articles/CBMieWh0dHBzOi8vd3d3LmN5Y2xpbmduZXdzLmNvbS9uZXdzL2dpcm8tZGl0YWxpYS1tYWdsaWEtcm9zYS10YWRlai1wb2dhY2FyLWRlZmVuZHMtbmFwbGVzLWxlYWRvdXQtZm9yLWp1YW4tc2ViYXN0aWFuLW1vbGFuby_SAQA?hl=en-US&gl=US&ceid=US%3Aen",
            "og": "https://encrypted-tbn3.gstatic.com/images?q=tbn:ANd9GcSL-LmztMn__WnMZoMMV4zrvzaQQyZ_NeR6isK1kmHnHXqrETQAMEoxiYBOuI4Jwacf5eYNBy7dyADQcHtqPkV0vR73",
            "source": "Cyclingnews",
            "source_icon": "https://encrypted-tbn3.gstatic.com/faviconV2?url=https://www.cyclingnews.com&client=NEWS_360&size=96&type=FAVICON&fallback_opts=TYPE,SIZE,URL",
            "title": "Giro d'Italia maglia rosa Tadej Pogačar defends Naples leadout for Juan Sebastian Molano"
        },
        {
            "link": "https://news.google.com/articles/CBMiTWh0dHBzOi8vd3d3LmRlbnZlcnBvc3QuY29tLzIwMjQvMDUvMTIva3Jpcy1icnlhbnQtcm9ja2llcy1jYXJlZXItZnJ1c3RyYXRpb24v0gFRaHR0cHM6Ly93d3cuZGVudmVycG9zdC5jb20vMjAyNC8wNS8xMi9rcmlzLWJyeWFudC1yb2NraWVzLWNhcmVlci1mcnVzdHJhdGlvbi9hbXAv?hl=en-US&gl=US&ceid=US%3Aen",
            "og": "https://encrypted-tbn2.gstatic.com/images?q=tbn:ANd9GcTxgAl9opJYt9Uu5UmKf5tqrGpANW32DdRMOKKqzLmz52xFZJMrhIMAgyb9GCWdadwioambJYVSSECc8n03Q0pCWqkrmrzwI97rzUYS8efHJ6bf7A",
            "source": "The Denver Post",
            "source_icon": "https://encrypted-tbn0.gstatic.com/faviconV2?url=https://www.denverpost.com&client=NEWS_360&size=96&type=FAVICON&fallback_opts=TYPE,SIZE,URL",
            "title": "As Kris Bryant attempts to resurrect Rockies career, former MVP can’t hide his frustration: “It’s through the roof”"
        },
        {
            "link": "https://news.google.com/articles/CBMicmh0dHBzOi8vd3d3Lm5iY3Nwb3J0cy5jb20vbmZsL3Byb2Zvb3RiYWxsdGFsay9ydW1vci1taWxsL25ld3MvZm9ybWVyLWNoYXJnZXJzLWdlbmVyYWwtbWFuYWdlci1hLWotc21pdGgtZGllcy1hdC03NdIBAA?hl=en-US&gl=US&ceid=US%3Aen",
            "og": "https://encrypted-tbn2.gstatic.com/images?q=tbn:ANd9GcTRktksbnOVx2PcSQC1Hpjma3b8MA00KpFQy336WQB4v5lQgnnQNcYGeWl38kV0Vob4ghJkchiUXIAha8ci5M0s",
            "source": "NBC Sports",
            "source_icon": "https://encrypted-tbn1.gstatic.com/faviconV2?url=https://www.nbcsports.com&client=NEWS_360&size=96&type=FAVICON&fallback_opts=TYPE,SIZE,URL",
            "title": "Former Chargers General Manager A.J. Smith dies at 75"
        },
        {
            "link": "https://news.google.com/articles/CBMiaGh0dHBzOi8vd3d3LmNuYmMuY29tLzIwMjQvMDUvMTIvZnJvbS10eXNvbi1wYXVsLWZpZ2h0LXRvLW5mbC1uZXRmbGl4LWxpdmUtc3BvcnRzLWludGVyZXN0LWlzLXJpc2luZy5odG1s0gFsaHR0cHM6Ly93d3cuY25iYy5jb20vYW1wLzIwMjQvMDUvMTIvZnJvbS10eXNvbi1wYXVsLWZpZ2h0LXRvLW5mbC1uZXRmbGl4LWxpdmUtc3BvcnRzLWludGVyZXN0LWlzLXJpc2luZy5odG1s?hl=en-US&gl=US&ceid=US%3Aen",
            "og": "https://encrypted-tbn3.gstatic.com/images?q=tbn:ANd9GcQA3TxW2rhYz5v7NnLvFyZSmRJTOxTBvchrhQJxHd6ytrLWJasY_wTTJ9lwlzLaSgZBB4mHNtUeS31Pyb_W8h7v-Yaw-ZOFfL1rUjHOQci2JoExPA",
            "source": "CNBC",
            "source_icon": "https://encrypted-tbn0.gstatic.com/faviconV2?url=https://www.cnbc.com&client=NEWS_360&size=96&type=FAVICON&fallback_opts=TYPE,SIZE,URL",
            "title": "From Mike Tyson-Jake Paul fight to NFL games, Netflix interest in live sports is rising"
        },
        {
            "link": "https://news.google.com/articles/CBMic2h0dHBzOi8vd3d3Lm5iY3Nwb3J0cy5jb20vZmFudGFzeS9iYXNlYmFsbC9uZXdzL3dhaXZlci13aXJlLXdhdGNoLXRhai1icmFkbGV5LWRlYnV0cy13aWxsc29uLWNvbnRyZXJhcy1yZXBsYWNlbWVudHPSAQA?hl=en-US&gl=US&ceid=US%3Aen",
            "og": "https://encrypted-tbn3.gstatic.com/images?q=tbn:ANd9GcRRF5-4GAd5M4_IdocBhr7OiCTbviwnj_XkfLQytFM6z7cpwXSPG6n77OHrbR_HvJ3QpZmUpjaflaZhPRRBpicg",
            "source": "NBC Sports",
            "source_icon": "https://encrypted-tbn1.gstatic.com/faviconV2?url=https://www.nbcsports.com&client=NEWS_360&size=96&type=FAVICON&fallback_opts=TYPE,SIZE,URL",
            "title": "Waiver Wire Watch: Taj Bradley debuts, Willson Contreras replacements"
        },
        {
            "link": "https://news.google.com/articles/CBMiU2h0dHBzOi8vdGhlYXRobGV0aWMuY29tLzU0ODg1NDYvMjAyNC8wNS8xMi9wYW50aGVycy1icnVpbnMtZ2FtZS00LXJlc3VsdC10YWtlYXdheXMv0gEA?hl=en-US&gl=US&ceid=US%3Aen",
            "og": "https://encrypted-tbn2.gstatic.com/images?q=tbn:ANd9GcRT1elqRgCqUSFzwvVvekl2QSa0Lmu380jyqmGoXmMdtHglpbVryebKRXI2-QU-LRZBHxgQpNK-6c-uGhpO_XXnmTqGslYigNdVqBedK_4JL_UETQ",
            "source": "The Athletic",
            "source_icon": "https://encrypted-tbn1.gstatic.com/faviconV2?url=https://theathletic.com&client=NEWS_360&size=96&type=FAVICON&fallback_opts=TYPE,SIZE,URL",
            "title": "How a disputed Panthers goal helped put the Bruins in a 3-1 series hole: 5 takeaways"
        },
        {
            "link": "https://news.google.com/articles/CBMijwFodHRwczovL3Nwb3J0cy55YWhvby5jb20vbmJhLXBsYXlvZmZzLW51Z2dldHMtc3R1bi10aW1iZXJ3b2x2ZXMtd2l0aC1qYW1hbC1tdXJyYXktcHJheWVyLXRpZS1zZXJpZXMtcmVjbGFpbS1ob21lLWNvdXJ0LWFkdmFudGFnZS0wMjMwMjE1NDUuaHRtbNIBAA?hl=en-US&gl=US&ceid=US%3Aen",
            "og": "https://encrypted-tbn1.gstatic.com/images?q=tbn:ANd9GcRdTE9yZotVdHR0LN8OCMvOrXLYx1VJ8chu6hHFrdF9suI0kayVdIjJDnraSdrujIPyq3hD8abaeDMmu3VeR26VAAkRHUNUDwXROt95PyzTBZKRtA",
            "source": "Yahoo Sports",
            "source_icon": "https://encrypted-tbn3.gstatic.com/faviconV2?url=https://sports.yahoo.com&client=NEWS_360&size=96&type=FAVICON&fallback_opts=TYPE,SIZE,URL",
            "title": "NBA playoffs: Nuggets stun Timberwolves with Jamal Murray prayer; tie series, reclaim home-court advantage"
        }
    ],
    "Technology": [
        {
            "link": "https://news.google.com/articles/CBMibGh0dHBzOi8vYXJzdGVjaG5pY2EuY29tL2NhcnMvMjAyNC8wNS90aGUtMjAyNS1hc3Rvbi1tYXJ0aW4tdmFudGFnZS1nZXRzLWEtYm9sZC1uZXctYm9keS1hbmQtYmlnLXBvd2VyLWJvb3N0L9IBAA?hl=en-US&gl=US&ceid=US%3Aen",
            "og": "https://encrypted-tbn3.gstatic.com/images?q=tbn:ANd9GcRX6ynVfSI-uD_MXInDmLHO_Y_CA8SZ4Y6DnMjIYYlX4dcWfG6AMJodzXQI9Ui4dgSn1LiE_yqYOoXgLntiP4KZp99mTLDNKwQVwgiWTRBI-vNuYg",
            "source": "Ars Technica",
            "source_icon": "https://encrypted-tbn0.gstatic.com/faviconV2?url=https://arstechnica.com&client=NEWS_360&size=96&type=FAVICON&fallback_opts=TYPE,SIZE,URL",
            "title": "The 2025 Aston Martin Vantage gets a bold new body and big power boost"
        },
        {
            "link": "https://news.google.com/articles/CBMiemh0dHBzOi8vd3d3LnRoZXZlcmdlLmNvbS8yMDI0LzUvMTEvMjQxNTQyMTkvZ29vZ2xlLWktby0yMDI0LXdoYXQtdG8tZXhwZWN0LXdoZXJlLXdhdGNoLWxpdmVzdHJlYW0tYWktYW5kcm9pZC1zZWFyY2gtZ2VtaW5p0gEA?hl=en-US&gl=US&ceid=US%3Aen",
            "og": "https://encrypted-tbn3.gstatic.com/images?q=tbn:ANd9GcQBEXx8oG4wjgHsWxsMkUv0C6erZOlmILiJmTnZOTVWUBQjGDllNIQK7znz3Xw0ZaPCpcPk4rvRZ9vCQSZd0QimbHDTRMSUUwedY2_jJtK4VMdfpQ",
            "source": "The Verge",
            "source_icon": "https://encrypted-tbn2.gstatic.com/faviconV2?url=https://www.theverge.com&client=NEWS_360&size=96&type=FAVICON&fallback_opts=TYPE,SIZE,URL",
            "title": "Google I/O 2024 will be all about AI again"
        },
        {
            "link": "https://news.google.com/articles/CBMidmh0dHBzOi8vd3d3LnB1c2hzcXVhcmUuY29tL25ld3MvMjAyNC8wNS9zb255LWRlbGlzdHMtZ2hvc3Qtb2YtdHN1c2hpbWEtcGMtZnJvbS1zdGVhbS1yZWdpb25zLWluLWxpbmUtd2l0aC1oZWxsZGl2ZXJzLTLSAQA?hl=en-US&gl=US&ceid=US%3Aen",
            "og": "https://encrypted-tbn2.gstatic.com/images?q=tbn:ANd9GcQ5bp-BiqWPnm9KxlnSPLuxVuIUoi6MyER3wFRdruqkHbrj3rDKpDEMyoMlMmCns24sHNXGwu0MzPvttKNYZGmccEEkUNPVz0JfluGNps8rejxSJw",
            "source": "Push Square",
            "source_icon": "https://encrypted-tbn2.gstatic.com/faviconV2?url=https://www.pushsquare.com&client=NEWS_360&size=96&type=FAVICON&fallback_opts=TYPE,SIZE,URL",
            "title": "Sony Delists Ghost of Tsushima PC from Steam Regions in Line with Helldivers 2"
        },
        {
            "link": "https://news.google.com/articles/CBMibWh0dHBzOi8vd3d3Lm5vdGVib29rY2hlY2submV0L1hpYW9taS1NaXgtRm9sZC00LWFuZC1NaXgtRmxpcC1zbGF0ZWQtdG8tbGF1bmNoLWFoZWFkLW9mLXNjaGVkdWxlLjgzNjM1Mi4wLmh0bWzSAQA?hl=en-US&gl=US&ceid=US%3Aen",
            "og": "https://encrypted-tbn2.gstatic.com/images?q=tbn:ANd9GcS97DueEuCxktRPaoDToThrDu52igCTfb7roM81BKdn2VWxr3NYvEpF5P6_qOTIVDEyubygyC4zWijXr4P20fUyIps4GAfdGDbsMr3fN4lnJEXItw",
            "source": "Notebookcheck.net",
            "source_icon": "https://encrypted-tbn3.gstatic.com/faviconV2?url=https://www.notebookcheck.net&client=NEWS_360&size=96&type=FAVICON&fallback_opts=TYPE,SIZE,URL",
            "title": "Xiaomi Mix Fold 4 and Mix Flip slated to launch ahead of schedule"
        },
        {
            "link": "https://news.google.com/articles/CBMiTmh0dHBzOi8vY2hyb21ldW5ib3hlZC5jb20vc3BhdGlhbC1hdWRpby1tYXktYmUtb24tdGhlLXdheS1mb3IteW91ci1jaHJvbWVib29rL9IBAA?hl=en-US&gl=US&ceid=US%3Aen",
            "og": "https://encrypted-tbn1.gstatic.com/images?q=tbn:ANd9GcRwN45_ETLOYuvKqJIFA0wEK2joxJDTUIeefrAwKrlbVRCZqtDQfkFbjOADGY58mzn_kOzcbvo1ol4U2IT63Wku93u5Scwx1SaVBOQKgAJk7HcO-Q",
            "source": "Chrome Unboxed",
            "source_icon": "https://encrypted-tbn0.gstatic.com/faviconV2?url=https://chromeunboxed.com&client=NEWS_360&size=96&type=FAVICON&fallback_opts=TYPE,SIZE,URL",
            "title": "Spatial Audio may be on the way for your Chromebook"
        },
        {
            "link": "https://news.google.com/articles/CBMiWWh0dHBzOi8vd2NjZnRlY2guY29tL3NhbXN1bmctYnJpbmdpbmctYmF0dGVyeS1haS1iZWZvcmUtaXQtbGF1bmNoZXMtZ2FsYXh5LXMyNS1uZXh0LXllYXIv0gFdaHR0cHM6Ly93Y2NmdGVjaC5jb20vc2Ftc3VuZy1icmluZ2luZy1iYXR0ZXJ5LWFpLWJlZm9yZS1pdC1sYXVuY2hlcy1nYWxheHktczI1LW5leHQteWVhci9hbXAv?hl=en-US&gl=US&ceid=US%3Aen",
            "og": "https://encrypted-tbn2.gstatic.com/images?q=tbn:ANd9GcTVpkPVDFRq7M3eg4UwmkJrjPtAEyeQ-oKY0me55V68udtnH9rq25K0M1YZzepIuv6PAIrN6MSmvx2ZRN9aUwhNEXLX1vN9Zjgwcl9F8YtnbhPPBQ",
            "source": "Wccftech",
            "source_icon": "https://encrypted-tbn2.gstatic.com/faviconV2?url=https://wccftech.com&client=NEWS_360&size=96&type=FAVICON&fallback_opts=TYPE,SIZE,URL",
            "title": "Samsung Rumored To Introduce Its ‘Battery AI’ Feature Before The Galaxy S25 Lineup Launches Next Year, Will Be Supported On Older Models"
        },
        {
            "link": "https://news.google.com/articles/CBMiiwFodHRwczovL3d3dy5mb3JiZXMuY29tL3NpdGVzL2RhdmlkcGhlbGFuLzIwMjQvMDUvMTIvaW9zLTE4LXRyYWlsYmxhemluZy1haS1pcGhvbmUtdXBncmFkZXMtanVzdC13ZWVrcy1hd2F5LXJlcG9ydC1jbGFpbXMtaXBob25lLTE2LXByby1tYXgv0gEA?hl=en-US&gl=US&ceid=US%3Aen",
            "og": "https://encrypted-tbn0.gstatic.com/images?q=tbn:ANd9GcTGK0aPwSJfJKse1LARB5BSd11s9QVnD8naQwSNABVNOfS_KBhXby4AgsBaRh3LS3xz7ZcD0dR2yVU9QQf85_FYGrrV351bvpPq1982mFNDDO41iQ",
            "source": "Forbes",
            "source_icon": "https://encrypted-tbn2.gstatic.com/faviconV2?url=https://www.forbes.com&client=NEWS_360&size=96&type=FAVICON&fallback_opts=TYPE,SIZE,URL",
            "title": "iOS 18: Trailblazing AI iPhone Upgrades Just Weeks Away, Report Claims"
        },
        {
            "link": "https://news.google.com/articles/CBMiXmh0dHBzOi8vd3d3LnRvbXNndWlkZS5jb20vYWkvY2hhdGdwdC9vcGVuYWktY29uZmlybXMtY2hhdGdwdC1ldmVudC1mb3ItbW9uZGF5LWZlZWxzLWxpa2UtbWFnaWPSAQA?hl=en-US&gl=US&ceid=US%3Aen",
            "og": "https://encrypted-tbn1.gstatic.com/images?q=tbn:ANd9GcRCNWByfhsiXLOXWv8rM_TccUVJfakgajceBCIfQf5kVFGxSO0PxYyRPAOdukI4jB-1V1TnZ2MCEhxA0vYObCEMvpD-PqYxUWm7J8g3E8SOEmHV8w",
            "source": "Tom's Guide",
            "source_icon": "https://encrypted-tbn0.gstatic.com/faviconV2?url=https://www.tomsguide.com&client=NEWS_360&size=96&type=FAVICON&fallback_opts=TYPE,SIZE,URL",
            "title": "OpenAI confirms ChatGPT event for today — 'feels like magic'"
        },
        {
            "link": "https://news.google.com/articles/CBMif2h0dHBzOi8vd3d3LmZvcmJlcy5jb20vc2l0ZXMva3Jpc2hvbHQvMjAyNC8wNS8xMi90b2RheXMtbnl0LXN0cmFuZHMtaGludHMtc3BhbmdyYW0tYW5kLWFuc3dlcnMtZm9yLW1vbmRheS1tYXktMTMtYmVzdC1pbi1jbGFzcy_SAQA?hl=en-US&gl=US&ceid=US%3Aen",
            "og": "https://encrypted-tbn3.gstatic.com/images?q=tbn:ANd9GcSCLtv7dHOuk_M7eNjKZ-s0EE9_5SsrOO404F2SedX05KjD-I6QoLjKAfHz8olojsXGtmsGJEGrQvgQuvUY2OtXxQr_DHW77wq06uQVUilabEDCxQ",
            "source": "Forbes",
            "source_icon": "https://encrypted-tbn2.gstatic.com/faviconV2?url=https://www.forbes.com&client=NEWS_360&size=96&type=FAVICON&fallback_opts=TYPE,SIZE,URL",
            "title": "Today's NYT 'Strands' Hints, Spangram And Answers For Monday, May 13"
        },
        {
            "link": "https://news.google.com/articles/CBMiSmh0dHBzOi8vOXRvNW1hYy5jb20vMjAyNC8wNS8xMi9pcGFkLXByby10aGluLXJlZGVzaWduZWQtY2hhc3Npcy1zdHJ1Y3R1cmUv0gEA?hl=en-US&gl=US&ceid=US%3Aen",
            "og": "https://encrypted-tbn3.gstatic.com/images?q=tbn:ANd9GcSRqAJeome2CaIkjtjG6xuh6vyL3OsqUHSQOlVvwNwsroomdyfzBohpUlt4G2ei_J3-77J4JFWnZU_KHCAWiMunD7SZK6X1O-z5cMnPYq1VJ9mfyw",
            "source": "9to5Mac",
            "source_icon": "https://encrypted-tbn0.gstatic.com/faviconV2?url=https://9to5mac.com&client=NEWS_360&size=96&type=FAVICON&fallback_opts=TYPE,SIZE,URL",
            "title": "Ultra-thin M4 iPad Pro features new internal structure to improve stiffness and heat dissipation"
        },
        {
            "link": "https://news.google.com/articles/CBMic2h0dHBzOi8vd3d3LmZvcmJlcy5jb20vc2l0ZXMvZGF2aWRwaGVsYW4vMjAyNC8wNS8xMi9hcHBsZS1pcGhvbmUtMTYtcHJvLW5ldy1sZWFrLXJldmVhbHMtcmFkaWNhbGx5LXVwZ3JhZGVkLWRlc2lnbi_SAQA?hl=en-US&gl=US&ceid=US%3Aen",
            "og": "https://encrypted-tbn0.gstatic.com/images?q=tbn:ANd9GcSLUjhyO-gz3SjcnM6LlKVj-YQXzyz62GGWgIWCcBpYQh2h9sPZCoRmZQo20gqvYCtJi9pv-wyjule3imrkmtW5uUOJr1ITN_0DHZe1YS69rI9LYw",
            "source": "Forbes",
            "source_icon": "https://encrypted-tbn2.gstatic.com/faviconV2?url=https://www.forbes.com&client=NEWS_360&size=96&type=FAVICON&fallback_opts=TYPE,SIZE,URL",
            "title": "Apple iPhone 16 Pro: Design Upgrade Shines In New Leak"
        },
        {
            "link": "https://news.google.com/articles/CBMid2h0dHBzOi8vd3d3LmZvcmJlcy5jb20vc2l0ZXMvbWlrZXN0dWJicy8yMDI0LzA1LzEyL2VzY2FwZS1mcm9tLXRhcmtvdi1ldmVudC1icmluZ3MtZmxlYS1tYXJrZXQtY2hhbmdlcy1tYWtlcy1sYWJzLWZyZWUv0gEA?hl=en-US&gl=US&ceid=US%3Aen",
            "og": "https://encrypted-tbn0.gstatic.com/images?q=tbn:ANd9GcQbDxDaVrdXKkv9HEkT5qtXCtX_BtK7yKzatL0H4bpowzUUC0c6wMp9tcD041mZ8V8zQvrYrZhWetHch7Jp7JQ_oFo2KYLpCosViARx9qEMGEDJhA",
            "source": "Forbes",
            "source_icon": "https://encrypted-tbn2.gstatic.com/faviconV2?url=https://www.forbes.com&client=NEWS_360&size=96&type=FAVICON&fallback_opts=TYPE,SIZE,URL",
            "title": "'Escape From Tarkov' Event Brings Flea Market Changes, Makes Labs Free"
        },
        {
            "link": "https://news.google.com/articles/CBMibGh0dHBzOi8vd3d3LnVzYXRvZGF5LmNvbS9zdG9yeS90ZWNoL25ld3MvMjAyNC8wNS8xMS9uZXVyYWxpbmstbWFsZnVuY3Rpb24tcmVzb2x2ZWQtYnBzLWltcHJvdmVkLzczNjQ3NzE5MDA3L9IBAA?hl=en-US&gl=US&ceid=US%3Aen",
            "og": "https://encrypted-tbn0.gstatic.com/images?q=tbn:ANd9GcQwlNq-Kg-dQEhUx8ILap5aoNtrDrKGdMWfb7KTw4s7-i-Yen-tNUis-KbR-mYi8rCeEBHlKMHBsYx0japzvmr3NA45OPIzN6QoHcROOiMxjxYvvQ",
            "source": "USA TODAY",
            "source_icon": "https://encrypted-tbn0.gstatic.com/faviconV2?url=https://www.usatoday.com&client=NEWS_360&size=96&type=FAVICON&fallback_opts=TYPE,SIZE,URL",
            "title": "Neuralink: Chip adjustment after malfunction improved cursor movement"
        },
        {
            "link": "https://news.google.com/articles/CBMiaGh0dHBzOi8vd3d3LmJ1c2luZXNzaW5zaWRlci5jb20vdGltLWNvb2stcG90ZW50aWFsLXN1Y2Nlc3NvcnMtY2VvLWFwcGxlLWpvaG4tdGVybnVzLWplZmYtd2lsbGlhbXMtMjAyNC010gFsaHR0cHM6Ly93d3cuYnVzaW5lc3NpbnNpZGVyLmNvbS90aW0tY29vay1wb3RlbnRpYWwtc3VjY2Vzc29ycy1jZW8tYXBwbGUtam9obi10ZXJudXMtamVmZi13aWxsaWFtcy0yMDI0LTU_YW1w?hl=en-US&gl=US&ceid=US%3Aen",
            "og": "https://encrypted-tbn2.gstatic.com/images?q=tbn:ANd9GcSz3hDZIiLkmZp89AvuoH79Ec5cKAkhfu12pNo5lZKbnCVcVOu-2riLTqykuY_D3RIGYXqQATD7tfNi8QntR6pEY6wKZErWzMN6KrVI",
            "source": "Business Insider",
            "source_icon": "https://encrypted-tbn3.gstatic.com/faviconV2?url=https://www.businessinsider.com&client=NEWS_360&size=96&type=FAVICON&fallback_opts=TYPE,SIZE,URL",
            "title": "Apple execs that could replace CEO Tim Cook: Bloomberg"
        },
        {
            "link": "https://news.google.com/articles/CBMibGh0dHBzOi8vd3d3LmdhZGdldHMzNjAuY29tL2FwcHMvbmV3cy9nb29nbGUtY2hyb21lLXVwZGF0ZS1wYXRjaC16ZXJvLWRheS12dWxuZXJhYmlsaXR5LWhvdy10by11cGRhdGUtNTY0MTExOdIBcGh0dHBzOi8vd3d3LmdhZGdldHMzNjAuY29tL2FwcHMvbmV3cy9nb29nbGUtY2hyb21lLXVwZGF0ZS1wYXRjaC16ZXJvLWRheS12dWxuZXJhYmlsaXR5LWhvdy10by11cGRhdGUtNTY0MTExOS9hbXA?hl=en-US&gl=US&ceid=US%3Aen",
            "og": "https://encrypted-tbn3.gstatic.com/images?q=tbn:ANd9GcRGwXncIkBk2daXzayQprh300BQC0ro0uaSN_F8CHRJmxs1D7duRe2rZ9Bzh5_WxpY3EK-mpWKAQKF6cfC3p3ubW3DranwukQz8nu3tEmW5EIQSmQ",
            "source": "Gadgets 360",
            "source_icon": "https://encrypted-tbn1.gstatic.com/faviconV2?url=https://www.gadgets360.com&client=NEWS_360&size=96&type=FAVICON&fallback_opts=TYPE,SIZE,URL",
            "title": "Google Chrome Updated With Patch for Nasty Zero-Day Vulnerability Exploited by Attackers"
        },
        {
            "link": "https://news.google.com/articles/CBMiZ2h0dHBzOi8vd3d3LmdzbWFyZW5hLmNvbS9waXhlbF84YV9vbGVkX2lwYWRfcHJvc19tNF9pcGFkX2FpcnNfb2ZmaWNpYWxfd2Vla18xOV9pbl9yZXZpZXctbmV3cy02MjgxNC5waHDSAWRodHRwczovL20uZ3NtYXJlbmEuY29tL3BpeGVsXzhhX29sZWRfaXBhZF9wcm9zX200X2lwYWRfYWlyc19vZmZpY2lhbF93ZWVrXzE5X2luX3Jldmlldy1hbXAtNjI4MTQucGhw?hl=en-US&gl=US&ceid=US%3Aen",
            "og": "https://encrypted-tbn2.gstatic.com/images?q=tbn:ANd9GcSfpd7ZkC0MM3YY7LKpzoOLps4BSgquFFv9l0BEfC0OOQsJ5THj5FDdgJEAXpp8xi6jJIURxjKPcRoI5IGPtXo3eloa8YNG-QPceXLy0vFU9qqong",
            "source": "GSMArena.com",
            "source_icon": "https://encrypted-tbn1.gstatic.com/faviconV2?url=https://www.gsmarena.com&client=NEWS_360&size=96&type=FAVICON&fallback_opts=TYPE,SIZE,URL",
            "title": "Pixel 8a, OLED iPad Pros, M4 iPad Airs official, Week 19 in review - GSMArena.com news"
        },
        {
            "link": "https://news.google.com/articles/CBMiRWh0dHBzOi8vd3d3Lm55dGltZXMuY29tLzIwMjQvMDUvMTMvY3Jvc3N3b3Jkcy9zcGVsbGluZy1iZWUtZm9ydW0uaHRtbNIBAA?hl=en-US&gl=US&ceid=US%3Aen",
            "og": "https://encrypted-tbn1.gstatic.com/images?q=tbn:ANd9GcQ5grjpsd56LVzyE3fvmN86t_cUG-be0XmRf1Vy3AVsPkQvFNapmxXeddYeRsGLgdoZdFh2d143rJyIbzT8NM2cF7ZlV37isM6-VGrhOWkkjJchMw",
            "source": "The New York Times",
            "source_icon": "https://encrypted-tbn2.gstatic.com/faviconV2?url=https://www.nytimes.com&client=NEWS_360&size=96&type=FAVICON&fallback_opts=TYPE,SIZE,URL",
            "title": "NYT Spelling Bee Answers for May 13, 2024"
        },
        {
            "link": "https://news.google.com/articles/CBMie2h0dHBzOi8vd3d3LnB1c2hzcXVhcmUuY29tL25ld3MvMjAyNC8wNS9mYW5zLXBvc2l0aXZlbHktcmV2aWV3LWJvbWItaGktZmktcnVzaC1pbi13YWtlLW9mLXhib3hycy1jbG9zdXJlLW9mLXRhbmdvLWdhbWV3b3Jrc9IBAA?hl=en-US&gl=US&ceid=US%3Aen",
            "og": "https://encrypted-tbn3.gstatic.com/images?q=tbn:ANd9GcRQ4WF2BfiIh3M2jm5uwK9iLSIQq2fKQ7BQ1PMxTqXy0-ZLRgSOy6SeLRw7zjnhBZtjx8ScfLL3ejKmpuI2T2p22k3YWoOzdfykZjifg-H0AT5aIQ",
            "source": "Push Square",
            "source_icon": "https://encrypted-tbn2.gstatic.com/faviconV2?url=https://www.pushsquare.com&client=NEWS_360&size=96&type=FAVICON&fallback_opts=TYPE,SIZE,URL",
            "title": "Fans Positively Review Bomb Hi-Fi Rush in Wake of Xbox's Closure of Tango Gameworks"
        },
        {
            "link": "https://news.google.com/articles/CBMigwFodHRwczovL3d3dy5pZ24uY29tL2FydGljbGVzL2ZpbmFsLWZhbnRhc3ktbWFrZXItc3F1YXJlLWVuaXgtd2lsbC1hZ2dyZXNzaXZlbHktcHVyc3VlLWEtbXVsdGlwbGF0Zm9ybS1zdHJhdGVneS1hZnRlci1wcm9maXRzLXR1bWJsZdIBAA?hl=en-US&gl=US&ceid=US%3Aen",
            "og": "https://encrypted-tbn1.gstatic.com/images?q=tbn:ANd9GcTFyaViGjfRhSaZXWi11OOV_bSMTGSetwe8NUxWy1J7FIWmdpTojHzV_hSf5TKmpE2HLOAAXiag7eKvwCt4sxEGqzAm9epJJbMtBxym9Nya2ClPzA",
            "source": "IGN",
            "source_icon": "https://encrypted-tbn1.gstatic.com/faviconV2?url=https://www.ign.com&client=NEWS_360&size=96&type=FAVICON&fallback_opts=TYPE,SIZE,URL",
            "title": "Final Fantasy Maker Square Enix Will Aggressively Pursue a Multiplatform Strategy After Profits Tumble"
        },
        {
            "link": "https://news.google.com/articles/CBMihAFodHRwczovL3d3dy5rYXJlMTEuY29tL2FydGljbGUvd2VhdGhlci9ob3ctdG8tcGhvdG9ncmFwaC1ub3J0aGVybi1saWdodHMtbWlubmVzb3RhLXdpc2NvbnNpbi84OS0wN2U3YmNlNS03ZGIzLTQyZmYtYWEyMS02MzJlOWY2MjY3YWbSAQA?hl=en-US&gl=US&ceid=US%3Aen",
            "og": "https://encrypted-tbn0.gstatic.com/images?q=tbn:ANd9GcSI1R-NrE3zz6GFHsnu8wnhqD9H1yt4Ns1Gl8H7pQkI-RI5Q75Bxhb4kMSo1d5V-pcIRZ2HwPNF-bzWF_8X0nLNNTHDndPjY5Qb_Q1kATvVvtG6vg",
            "source": "KARE11.com",
            "source_icon": "https://encrypted-tbn2.gstatic.com/faviconV2?url=https://www.kare11.com&client=NEWS_360&size=96&type=FAVICON&fallback_opts=TYPE,SIZE,URL",
            "title": "How to take the best pictures of the Northern Lights"
        },
        {
            "link": "https://news.google.com/articles/CBMiUmh0dHBzOi8vd3d3LnNhbW1vYmlsZS5jb20vbmV3cy9nYWxheHktczIxLW9uZS11aS02LTEtdXBkYXRlLXJlbGVhc2VkLXVzYS11bmxvY2tlZC_SAQA?hl=en-US&gl=US&ceid=US%3Aen",
            "og": "https://encrypted-tbn2.gstatic.com/images?q=tbn:ANd9GcSspzzV4WLHqhmFlSmlphU6BCu6XWO-ANmYYhbKINzqVuJDBO--rykVUEtS5rkcCC7R-fx6NtB3pWBM2eaI6Xvhaiy1iYwOhcyldETCG3XjdevUxg",
            "source": "SamMobile - Samsung news",
            "source_icon": "https://encrypted-tbn3.gstatic.com/faviconV2?url=https://www.sammobile.com&client=NEWS_360&size=96&type=FAVICON&fallback_opts=TYPE,SIZE,URL",
            "title": "Samsung Galaxy S21 gets One UI 6.1 update in the USA"
        },
        {
            "link": "https://news.google.com/articles/CBMijgFodHRwczovL3d3dy5mb3JiZXMuY29tL3NpdGVzL3BhdWx0YXNzaS8yMDI0LzA1LzEyL3NvbnktaXMtZ29pbmctdG8tZGVzdHJveS1pdHMtcGMtcGxheXN0YXRpb24tZXhwYW5zaW9uLWJlZm9yZS1pdC1zdGFydHMtd2l0aC1wc24tcmVxdWlyZW1lbnQv0gEA?hl=en-US&gl=US&ceid=US%3Aen",
            "og": "https://encrypted-tbn0.gstatic.com/images?q=tbn:ANd9GcSePwJLXSB2JagCLexy5Av8_uFfqiCqrWiNQ5jQO-muCq75Nnpo4u-fuYkxTyqdFKa7C87GCB7uIPXeTJo1JhVjoZG4pMzKuQDPH4NWEyA9uEQIJg",
            "source": "Forbes",
            "source_icon": "https://encrypted-tbn2.gstatic.com/faviconV2?url=https://www.forbes.com&client=NEWS_360&size=96&type=FAVICON&fallback_opts=TYPE,SIZE,URL",
            "title": "Sony Is Going To Destroy Its PC PlayStation Expansion Before It Starts With PSN Requirement"
        },
        {
            "link": "https://news.google.com/articles/CBMiSmh0dHBzOi8vd3d3LmRpZ2l0YWx0cmVuZHMuY29tL2dhbWluZy9uaW50ZW5kby1zd2l0Y2gtaXMtaW4taXRzLWZpbGxlci1lcmEv0gFOaHR0cHM6Ly93d3cuZGlnaXRhbHRyZW5kcy5jb20vZ2FtaW5nL25pbnRlbmRvLXN3aXRjaC1pcy1pbi1pdHMtZmlsbGVyLWVyYS8_YW1w?hl=en-US&gl=US&ceid=US%3Aen",
            "og": "https://encrypted-tbn1.gstatic.com/images?q=tbn:ANd9GcTpZ5LAnXhVDygtXvnJTLAHrt5nba9lY05GL824eZ2zYJ3aqKe8u8yriCTTdiLR4LGsrnmMfQL9cY_yJrrVq9AR7ugVd8wkZBPCZlxcQ7RqNurWoQ",
            "source": "Digital Trends",
            "source_icon": "https://encrypted-tbn2.gstatic.com/faviconV2?url=https://www.digitaltrends.com&client=NEWS_360&size=96&type=FAVICON&fallback_opts=TYPE,SIZE,URL",
            "title": "The Nintendo Switch is in its filler era"
        },
        {
            "link": "https://news.google.com/articles/CBMiV2h0dHBzOi8vd3d3Lndzai5jb20vbGlmZXN0eWxlL3JlbGF0aW9uc2hpcHMvYWktZXRoaWNzLW1vcmFscy1kZWFkLXBlb3BsZS1ncmllZi1mOGUzYzdmN9IBAA?hl=en-US&gl=US&ceid=US%3Aen",
            "og": "https://encrypted-tbn1.gstatic.com/images?q=tbn:ANd9GcQTiiXAqoQgTLN8Z0zgiyautGa0LDxGlBxD1GOMd1pI9Ds80fZE2j-mdbyRmC2_l76cBTu2dQF4P1Su4ipKxFnF8EJQgrxqZm26XDecsSrd9X8U7g",
            "source": "The Wall Street Journal",
            "source_icon": "https://encrypted-tbn1.gstatic.com/faviconV2?url=https://www.wsj.com&client=NEWS_360&size=96&type=FAVICON&fallback_opts=TYPE,SIZE,URL",
            "title": "Should We Use AI to Resurrect Loved Ones? Breaking Down the Ethical and Moral Implications - WSJ"
        },
        {
            "link": "https://news.google.com/articles/CBMigAFodHRwczovL3d3dy5hb2wuY29tL2xpZmVzdHlsZS93aGF0LXRvLXNob3AtYXQtYW1hem9uLXRoaXMtd2Vla2VuZC1zYXZlLXVwLXRvLTgwLW9uLW1vcmUtdGhhbi00MC1vZi10aGUtYmVzdC1kZWFscy0xMzE2NDkwNzAuaHRtbNIBAA?hl=en-US&gl=US&ceid=US%3Aen",
            "og": "https://encrypted-tbn1.gstatic.com/images?q=tbn:ANd9GcT0hc8bozg2Sp8-BLDoE78cSD7K_hRU5OhJClN4CF4x5Pc6D0bYpw8bHe3aVeEQYpk",
            "source": "AOL",
            "source_icon": "https://encrypted-tbn2.gstatic.com/faviconV2?url=https://www.aol.com&client=NEWS_360&size=96&type=FAVICON&fallback_opts=TYPE,SIZE,URL",
            "title": "What to shop at Amazon this weekend: Save up to 80% on more than 40 of the best deals"
        },
        {
            "link": "https://news.google.com/articles/CBMid2h0dHBzOi8vd3d3LnB1c2hzcXVhcmUuY29tL25ld3MvMjAyNC8wNS9zaW5nbGUtcGxheWVyLWFuaW1hbC13ZWxsLWhhcy1hLXNlY3JldC1wdXp6bGUtdGhhdC1yZXF1aXJlcy01MC1wbGF5ZXJzLXRvLXNvbHZl0gEA?hl=en-US&gl=US&ceid=US%3Aen",
            "og": "https://encrypted-tbn1.gstatic.com/images?q=tbn:ANd9GcT8fE_-zLdY9Qe67dPH3W9UxCbMUfl3aJ13nzRIsjAtamul34fPby02P3KD4Ub4GD0Gf3AP1yfVP0tv74O21dXMAHPXXjXxZaem9B4tMQVnUNdXHw",
            "source": "Push Square",
            "source_icon": "https://encrypted-tbn2.gstatic.com/faviconV2?url=https://www.pushsquare.com&client=NEWS_360&size=96&type=FAVICON&fallback_opts=TYPE,SIZE,URL",
            "title": "Single Player Animal Well Has a Secret Puzzle that Requires 50 Players to Solve"
        },
        {
            "link": "https://news.google.com/articles/CBMiqQFodHRwczovL3d3dy5ub3RlYm9va2NoZWNrLm5ldC9Bc3VzLXdhcnJhbnR5LWRlamEtdnUtZm9yLWJyb2tlbi1ST0ctQWxseS10aHVtYi1zdGljay1Zb3VUdWJlci1jYXRjaGVzLUFzdXMtYXR0ZW1wdGluZy10by1kb2RnZS1yZXBhaXItcmVxdWVzdC1vdmVyLXRpbnktbWFyay44MzYxOTEuMC5odG1s0gEA?hl=en-US&gl=US&ceid=US%3Aen",
            "og": "https://encrypted-tbn0.gstatic.com/images?q=tbn:ANd9GcTVv6OYMJGV0bj8dxyYD301xhUGCXN13FBFBV7eBNo5mPJbrDeYcjilj_r4Kz866eqsPX3F7-2Jg671og1GDY5RKx1Yp3Rpgb9lTy6cT_KNJfKSiA",
            "source": "Notebookcheck.net",
            "source_icon": "https://encrypted-tbn3.gstatic.com/faviconV2?url=https://www.notebookcheck.net&client=NEWS_360&size=96&type=FAVICON&fallback_opts=TYPE,SIZE,URL",
            "title": "Asus warranty déjà vu for broken ROG Ally thumb stick — YouTuber catches Asus attempting to dodge repair request over \"tiny\" mark"
        },
        {
            "link": "https://news.google.com/articles/CBMiPWh0dHBzOi8vd3d3LmNic25ld3MuY29tL3ZpZGVvL3doYXQtaGFwcGVuZWQtdG8tc2ltcGxlLWRlc2lnbi_SAQA?hl=en-US&gl=US&ceid=US%3Aen",
            "og": "https://encrypted-tbn2.gstatic.com/images?q=tbn:ANd9GcT4_5dx89yQJgyyBgAZw8zgBCHnf22l09MpuKf4jeuOWnIcWFX-kqQaT-_xz6Ours_WFgNnCF1OqH2PPYc8nmpFEsP31AMYyB22p8DU",
            "source": "CBS News",
            "source_icon": "https://encrypted-tbn0.gstatic.com/faviconV2?url=https://www.cbsnews.com&client=NEWS_360&size=96&type=FAVICON&fallback_opts=TYPE,SIZE,URL",
            "title": "What happened to \"simple\" design?"
        },
        {
            "link": "https://news.google.com/articles/CBMifGh0dHBzOi8vd3d3LmdhbWVzcG90LmNvbS9hcnRpY2xlcy90aGUtbWFnaWMtb2YtemVsZGEtdGVhcnMtb2YtdGhlLWtpbmdkb20tb25lLXllYXItbGF0ZXItaXMtaW4tZXhwZXJpbWVudGF0aW9uLzExMDAtNjUyMzM2My_SAQA?hl=en-US&gl=US&ceid=US%3Aen",
            "og": "https://encrypted-tbn1.gstatic.com/images?q=tbn:ANd9GcSdVIsFE3i8Re7hBmSm7USJiOelAWhKfCK2g7Ty7BPzIW8NV44KCRLVNZXDMcc_FuuY3tj9WxFn1IWGBAVmdCJu9KzBTIUARsIIdfdn87uIgBBrrg",
            "source": "GameSpot",
            "source_icon": "https://encrypted-tbn1.gstatic.com/faviconV2?url=https://www.gamespot.com&client=NEWS_360&size=96&type=FAVICON&fallback_opts=TYPE,SIZE,URL",
            "title": "The Magic Of Zelda: Tears Of The Kingdom One Year Later Is In Experimentation"
        },
        {
            "link": "https://news.google.com/articles/CBMiSmh0dHBzOi8vd3d3Lm55dGltZXMuY29tLzIwMjQvMDUvMTIvc2NpZW5jZS9wYXJyb3RzLWxhbmd1YWdlLWNvZ25pdGlvbi5odG1s0gEA?hl=en-US&gl=US&ceid=US%3Aen",
            "og": "https://encrypted-tbn2.gstatic.com/images?q=tbn:ANd9GcRMQTykQSuSWoog0QLtv689ipPqvXaDtkVtB-TRLLlgOSsMADDn36JstXx4bcIhAxvw5aodqryu1quD-s35kryvszXetbQD2Q0xbp6COKID2c3cfA",
            "source": "The New York Times",
            "source_icon": "https://encrypted-tbn2.gstatic.com/faviconV2?url=https://www.nytimes.com&client=NEWS_360&size=96&type=FAVICON&fallback_opts=TYPE,SIZE,URL",
            "title": "Can Parrots Converse? Polly Says That's the Wrong Question."
        },
        {
            "link": "https://news.google.com/articles/CBMicmh0dHBzOi8vd3d3LmZvcmJlcy5jb20vc2l0ZXMvcGF1bHRhc3NpLzIwMjQvMDUvMTIvYS1sb25nLWxpc3Qtb2YtbGVha2VkLW1hcnZlbC1yaXZhbHMtaGVyb2VzLWFuZC12aWxsYWlucy10by1jb21lL9IBAA?hl=en-US&gl=US&ceid=US%3Aen",
            "og": "https://encrypted-tbn3.gstatic.com/images?q=tbn:ANd9GcRiTZI0LY64e6wTgOHyPA8VJef7PwgUn4rZ7s1qqfH0LERB_S93EhPugQKmjXki-1E0Vxl17Ow4o6bI-NP2E6beMVOJyyL2wIzFZrTYk2TlREZ4wg",
            "source": "Forbes",
            "source_icon": "https://encrypted-tbn2.gstatic.com/faviconV2?url=https://www.forbes.com&client=NEWS_360&size=96&type=FAVICON&fallback_opts=TYPE,SIZE,URL",
            "title": "A Long List Of Leaked 'Marvel Rivals' Heroes And Villains To Come"
        },
        {
            "link": "https://news.google.com/articles/CBMicmh0dHBzOi8vd3d3LmZvcmJlcy5jb20vc2l0ZXMvZGF2aWRwaGVsYW4vMjAyNC8wNS8xMS9hcHBsZS1pcGFkLWFpci1tMS1qdXN0LWRyb3BwZWQtdG8tcmVjb3JkLWxvdy1wcmljZXMtcmlnaHQtbm93L9IBAA?hl=en-US&gl=US&ceid=US%3Aen",
            "og": "https://encrypted-tbn3.gstatic.com/images?q=tbn:ANd9GcQEhUg7T58sppuJazwix8ehMZ8YMZpLGOhGGFWR2Qn3v439k2bkuTKk1JxWzHLy4Pdo_O8WeBMJ9qkmSUBKikeK1WfDl-B7sTldSV55okTtUbzHtw",
            "source": "Forbes",
            "source_icon": "https://encrypted-tbn2.gstatic.com/faviconV2?url=https://www.forbes.com&client=NEWS_360&size=96&type=FAVICON&fallback_opts=TYPE,SIZE,URL",
            "title": "Apple iPad Air (M1) Just Dropped To Record Low Prices"
        },
        {
            "link": "https://news.google.com/articles/CBMiTWh0dHBzOi8vd3d3LmRpZ2l0YWx0cmVuZHMuY29tL21vdmllcy93YXRjaC1uZXRmbGl4LXNjaS1maS1tb3ZpZXMtaW4tbWF5LTIwMjQv0gFRaHR0cHM6Ly93d3cuZGlnaXRhbHRyZW5kcy5jb20vbW92aWVzL3dhdGNoLW5ldGZsaXgtc2NpLWZpLW1vdmllcy1pbi1tYXktMjAyNC8_YW1w?hl=en-US&gl=US&ceid=US%3Aen",
            "og": "https://encrypted-tbn2.gstatic.com/images?q=tbn:ANd9GcTpgjFyeJyASKv8nzYRRz7lLgW6tD7msyDbmNi62dO65hYTPDDg7uRclQD5ImzvKM1_ZAWzan_c5OufLfE2ZrKsKjmFZyvNXx5cJGKgnbiIOMPGkA",
            "source": "Digital Trends",
            "source_icon": "https://encrypted-tbn2.gstatic.com/faviconV2?url=https://www.digitaltrends.com&client=NEWS_360&size=96&type=FAVICON&fallback_opts=TYPE,SIZE,URL",
            "title": "5 sci-fi movies on Netflix you need to watch in May 2024"
        },
        {
            "link": "https://news.google.com/articles/CBMiYWh0dHBzOi8vd3d3LnZpZGVvZ2FtZXIuY29tL25ld3MvbmV3LWhlbGxkaXZlcnMtMi1sZWFrLWdpdmVzLXVzLWEtY2xvc2UtdXAtbG9vay1hdC10aGUtaWxsdW1pbmF0ZS_SAQA?hl=en-US&gl=US&ceid=US%3Aen",
            "og": "https://encrypted-tbn2.gstatic.com/images?q=tbn:ANd9GcSqcQetFiaU8PDnvawbEZy63M4k5TRrrTju7TVm6d9jDYJEpyhQjtxxVDeJGk27tVqFITbu1iWgtewklLGDtpUhdlZuvBCaVN_woDIBUNonK7zrUg",
            "source": "Video Gamer",
            "source_icon": "https://encrypted-tbn2.gstatic.com/faviconV2?url=https://www.videogamer.com&client=NEWS_360&size=96&type=FAVICON&fallback_opts=TYPE,SIZE,URL",
            "title": "New Helldivers 2 leak gives us a close-up look at the Illuminate"
        },
        {
            "link": "https://news.google.com/articles/CBMiUmh0dHBzOi8vd3d3Lm55dGltZXMuY29tLzIwMjQvMDUvMTIvYnVzaW5lc3MvcmVsYXRpb25zaGlwcy10cmVsbG8tc2xhY2stbm90aW9uLmh0bWzSAQA?hl=en-US&gl=US&ceid=US%3Aen",
            "og": "https://encrypted-tbn1.gstatic.com/images?q=tbn:ANd9GcRLm5SFIUQn36CSurmQQVI74kH03Avt1oKSt83Mlqx3VX--67cknPEb4qN6MGpz_GmEMfSDWMhfXXNow58nZJ2rLPpk5gC7uNmmVUu3p9EOAWKVsA",
            "source": "The New York Times",
            "source_icon": "https://encrypted-tbn2.gstatic.com/faviconV2?url=https://www.nytimes.com&client=NEWS_360&size=96&type=FAVICON&fallback_opts=TYPE,SIZE,URL",
            "title": "Honey, I Love You. Didn't You See My Slack About It?"
        },
        {
            "link": "https://news.google.com/articles/CBMiTGh0dHBzOi8vd3d3LnBob25lYXJlbmEuY29tL25ld3Mvd2Vla2x5LXRlY2gtZGVhbHMtdW5kZXItMTAwLWRvbGxhcnNfaWQxNTgxODfSAQA?hl=en-US&gl=US&ceid=US%3Aen",
            "og": "https://encrypted-tbn2.gstatic.com/images?q=tbn:ANd9GcS2-pGYHpOwMWWcQyDG9G6d4EZ8KIYMRm78F7f5RI51kqN4BFUM_Tr11Ms8tGHRryxgfw7bjcf_18iIl8rtlK5p0aiWBX_oepeADYReokMFGm9yuQ",
            "source": "PhoneArena",
            "source_icon": "https://encrypted-tbn1.gstatic.com/faviconV2?url=https://www.phonearena.com&client=NEWS_360&size=96&type=FAVICON&fallback_opts=TYPE,SIZE,URL",
            "title": "Weekly deals under $100: Awesome Apple AirPods 2, Galaxy Watch 4 Classic and more exciting offers"
        },
        {
            "link": "https://news.google.com/articles/CBMiWGh0dHBzOi8vd3d3LmJ1enpmZWVkLmNvbS95aXlhbmcvZ29yZ2VvdXMtdGFyZ2V0LXVwZ3JhZGVzLXRoYXRsbC1tYWtlLXlvdS1mZWVsLWxpa2UteW91cmXSAQA?hl=en-US&gl=US&ceid=US%3Aen",
            "og": "https://encrypted-tbn2.gstatic.com/images?q=tbn:ANd9GcR2sUmdtjmtGYM3tCc3ZZ2Ll__xTwlnNK0cx9qNwBO97yL5NcTch9pgV8hyUBW0oPAyFdSq5ii8slRlJONRxQ8HJ6--_RCInSRXN8KyvFVmUbWuBg",
            "source": "BuzzFeed",
            "source_icon": "https://encrypted-tbn2.gstatic.com/faviconV2?url=https://www.buzzfeed.com&client=NEWS_360&size=96&type=FAVICON&fallback_opts=TYPE,SIZE,URL",
            "title": "20 Gorgeous Target Upgrades That'll Make You Feel Like You're Living Your Best Life"
        },
        {
            "link": "https://news.google.com/articles/CBMiWmh0dHBzOi8vd3d3LmdlbWF0c3UuY29tLzIwMjQvMDUvc2hpbi1tZWdhbWktdGVuc2VpLXYtYW5kLWFsbC1kbGMtdG8tYmUtZGVsaXN0ZWQtb24tanVuZS0xM9IBAA?hl=en-US&gl=US&ceid=US%3Aen",
            "og": "https://encrypted-tbn1.gstatic.com/images?q=tbn:ANd9GcQERg91yjmYPqN0IEfUXpi7oV09FtWFK2UOxfaJGTKKqul2v22jW-8qfTOBqCkyny9ZuMqR6kiHUf42wxjrtj4B",
            "source": "Gematsu",
            "source_icon": "https://encrypted-tbn0.gstatic.com/faviconV2?url=https://www.gematsu.com&client=NEWS_360&size=96&type=FAVICON&fallback_opts=TYPE,SIZE,URL",
            "title": "Shin Megami Tensei V and all DLC to be delisted on June 13"
        },
        {
            "link": "https://news.google.com/articles/CBMiXWh0dHBzOi8vd3d3LmhvdXNlZGlnZXN0LmNvbS8xNTc5NDY5L2ZyYW1lbGVzcy1nbGFzcy1zaG93ZXItZG9vcnMtZGF0ZWQtdHJ5LWNvenktYXJjaC1mcmFtaW5nL9IBAA?hl=en-US&gl=US&ceid=US%3Aen",
            "og": "https://encrypted-tbn3.gstatic.com/images?q=tbn:ANd9GcRGF--f_Z1j0GGJW_QQwni1cwGJSoiNTGKTWn45QG-DivJHLFR7XTitjie_wTmTPV22atW-KvW5piUOxeHoFAnn3b02ThTgpArIVYrFBUI0d6pPhw",
            "source": "House Digest",
            "source_icon": "https://encrypted-tbn2.gstatic.com/faviconV2?url=https://www.housedigest.com&client=NEWS_360&size=96&type=FAVICON&fallback_opts=TYPE,SIZE,URL",
            "title": "Leave the frameless shower door trend in the past & try this cozy idea"
        },
        {
            "link": "https://news.google.com/articles/CBMiVGh0dHBzOi8vd3d3LnlhaG9vLmNvbS9saWZlc3R5bGUvZ29vZ2xlLWRldmljZS1uZXR3b3JrLXVzZWZ1bC1zdGFsa2luZy0xNzM0MTkzMTcuaHRtbNIBAA?hl=en-US&gl=US&ceid=US%3Aen",
            "og": "https://encrypted-tbn0.gstatic.com/images?q=tbn:ANd9GcTGjrStTEV_wZ3yLJAyao5yzKTe0gE8lQYbdWeHOqE12L_-d5OGNaPpT6Vh51Ijcm7EwnMg3mtsL__y0_bf5A4lOWJB-TFEag2WhgUxEqnXSilttA",
            "source": "Yahoo Life",
            "source_icon": "https://encrypted-tbn1.gstatic.com/faviconV2?url=https://www.yahoo.com&client=NEWS_360&size=96&type=FAVICON&fallback_opts=TYPE,SIZE,URL",
            "title": "Google's new 'Find My' device network is useful but a stalking risk"
        },
        {
            "link": "https://news.google.com/articles/CBMiOmh0dHBzOi8vd3d3LmVhdGluZ3dlbGwuY29tL2Jlc3QtZHJpbmtzLWZvci1hbnhpZXR5LTg2NDU5NDPSAQA?hl=en-US&gl=US&ceid=US%3Aen",
            "og": "https://encrypted-tbn3.gstatic.com/images?q=tbn:ANd9GcRYDRO5siXvyyPv6GfI64-RGNhsXNteWhLWDKrrwPguLbMf-JrXPacpsmPqQNdv1IfcnJbp-S5j8z78PUEuQvsHsJ4plzZ_srYN8LpoCj00OgcSSA",
            "source": "EatingWell",
            "source_icon": "https://encrypted-tbn3.gstatic.com/faviconV2?url=https://www.eatingwell.com&client=NEWS_360&size=96&type=FAVICON&fallback_opts=TYPE,SIZE,URL",
            "title": "4 Best Drinks for Lower Anxiety, Recommended by Dietitians"
        },
        {
            "link": "https://news.google.com/articles/CBMic2h0dHBzOi8vd3d3LmZvcmJlcy5jb20vc2l0ZXMvcGF1bHRhc3NpLzIwMjQvMDUvMTEvd2F0Y2gta2FpLWNlbmF0LXRha2Utc2l4LWhvdXJzLXRvLWJlYXQtZWxkZW4tcmluZ3MtdHJlZS1zZW50aW5lbC_SAQA?hl=en-US&gl=US&ceid=US%3Aen",
            "og": "https://encrypted-tbn0.gstatic.com/images?q=tbn:ANd9GcSvX14gy0OEu3PFZwj0RWsQ6KmAk7Dpo5gDI__1SH3RP4XRBD7hiCKaKHKMnUhjRg877SyE464YQNnczsrTpa8EO8acrLOS-rxbTnLJPMN1D5ySyg",
            "source": "Forbes",
            "source_icon": "https://encrypted-tbn2.gstatic.com/faviconV2?url=https://www.forbes.com&client=NEWS_360&size=96&type=FAVICON&fallback_opts=TYPE,SIZE,URL",
            "title": "Watch Kai Cenat Take Six Hours To Beat Elden Ring's Tree Sentinel"
        },
        {
            "link": "https://news.google.com/articles/CBMiX2h0dHBzOi8vd3d3Lm1vdG9ncC5jb20vZW4vdmlkZW9zLzIwMjQvMDUvMTIvc3VuZGF5LXByZXNzLWNvbmZlcmVuY2UtZ3JhbmQtcHJpeC1kZS1mcmFuY2UvNDk4NDMz0gEA?hl=en-US&gl=US&ceid=US%3Aen",
            "og": "https://encrypted-tbn3.gstatic.com/images?q=tbn:ANd9GcQVGosFl8kOVeFuMHJTNOQhydNl0GaS2QlZMN5cMB2LoALLOZLa9BlbSzxjKVk99yc",
            "source": "motogp.com",
            "source_icon": "https://encrypted-tbn1.gstatic.com/faviconV2?url=https://www.motogp.com&client=NEWS_360&size=96&type=FAVICON&fallback_opts=TYPE,SIZE,URL",
            "title": "Sunday Press Conference: Grand Prix de France"
        },
        {
            "link": "https://news.google.com/articles/CBMiUGh0dHBzOi8vd3d3LmV2ZW50aHVicy5jb20vbmV3cy8yMDI0L21heS8xMi9kaXNhc3Ryb3VzLXR3aXR0ZXItc2Y2LWJhbGFuY2UtcGF0Y2gv0gEA?hl=en-US&gl=US&ceid=US%3Aen",
            "og": "https://encrypted-tbn3.gstatic.com/images?q=tbn:ANd9GcQECGTeWgeVK4fOFdok0nPS2XmBHsZA5EyRnUecSWlrhme4YvImL7yJbHrhOWnCxG-jEfBNcDjfXqRViOwOPV72fe2F3QYPFWG0Tc4R7oo41YRooA",
            "source": "EventHubs",
            "source_icon": "https://encrypted-tbn2.gstatic.com/faviconV2?url=https://www.eventhubs.com&client=NEWS_360&size=96&type=FAVICON&fallback_opts=TYPE,SIZE,URL",
            "title": "How disastrous things would be if Twitter was put in charge of Street Fighter 6's balance patch"
        },
        {
            "link": "https://news.google.com/articles/CBMibWh0dHBzOi8vd3d3LmhvdXN0b25jaHJvbmljbGUuY29tL25laWdoYm9yaG9vZC9iYXlhcmVhL2FydGljbGUvc2VhYnJvb2stbW9kZXJuLW1pbmltYWxpc3QtbWFuc2lvbi0xOTQzNjQ3MS5waHDSAQA?hl=en-US&gl=US&ceid=US%3Aen",
            "og": "https://encrypted-tbn1.gstatic.com/images?q=tbn:ANd9GcRob8y1KbUb5z_kXwdtH8Bpxe2rbbHbTVAg5Tb7rsCrYwXxqRIAzks4jP0KZBAFVIa7_HlscZiirVhk5jz_cQQteMdoY77cy7c49a0GCvai2sqhgQ",
            "source": "Houston Chronicle",
            "source_icon": "https://encrypted-tbn2.gstatic.com/faviconV2?url=https://www.houstonchronicle.com&client=NEWS_360&size=96&type=FAVICON&fallback_opts=TYPE,SIZE,URL",
            "title": "Seabrook TX home listed for $8.9 million is a \"work of art\""
        },
        {
            "link": "https://news.google.com/articles/CBMiX2h0dHBzOi8vd3d3Lm5pbnRlbmRvbGlmZS5jb20vZmVhdHVyZXMvaGFuZHMtb24taGFkZXMtMi1pcy1hLWhlbGwtb2YtYS10aW1lLWV2ZW4taW4tZWFybHktYWNjZXNz0gEA?hl=en-US&gl=US&ceid=US%3Aen",
            "og": "https://encrypted-tbn3.gstatic.com/images?q=tbn:ANd9GcR2aDBpbElS0v-BxciMIsikqrPZmvyGCpu2BxZgeDalrgm-AkZHsdkWL2DwPE6sH5nTHvyeqguS0l2ZYUD6TB5x2oL9Ix7-efOeMcifu6d3a7eicg",
            "source": "Nintendo Life",
            "source_icon": "https://encrypted-tbn1.gstatic.com/faviconV2?url=https://www.nintendolife.com&client=NEWS_360&size=96&type=FAVICON&fallback_opts=TYPE,SIZE,URL",
            "title": "Hands On: Hades 2 Is A Hell Of A Time, Even In Early Access"
        },
        {
            "link": "https://news.google.com/articles/CBMiOGh0dHBzOi8vd3d3LmNyZWF0aXZlYmxvcS5jb20vbmV3cy9hcHBsZS1wZW5jaWwtcGFja2FnaW5n0gEA?hl=en-US&gl=US&ceid=US%3Aen",
            "og": "https://encrypted-tbn1.gstatic.com/images?q=tbn:ANd9GcTtyfQQ3MDeA2hrcp76kNtwja9hFZFPWmcyPTDIOiQJkvBralkLASMTNiHHryI-LK-RvfEENkf4pOZUpLFEfp9_-1RK",
            "source": "Creative Bloq",
            "source_icon": "https://encrypted-tbn1.gstatic.com/faviconV2?url=https://www.creativebloq.com&client=NEWS_360&size=96&type=FAVICON&fallback_opts=TYPE,SIZE,URL",
            "title": "I'm obsessed with the new Apple Pencil Pro packaging"
        },
        {
            "link": "https://news.google.com/articles/CBMifGh0dHBzOi8vd3d3LmNhcnNjb29wcy5jb20vMjAyNC8wNS9mb3JkLXN1cGVyLWR1dHktZHJpdmVyLXB1bGxzLWRhbmdlcm91cy1zdHVudC1ieS1nZXR0aW5nLWludG8tYmFjay1zZWF0LXdoaWxlLWRvaW5nLTgwLW1waC_SAQA?hl=en-US&gl=US&ceid=US%3Aen",
            "og": "https://encrypted-tbn2.gstatic.com/images?q=tbn:ANd9GcToUhG70qS3tewEK7L5y_pW4ctqcD2HPAlKHEgZ_Yv66FG8cLHp07j3S6X7BmQo6M2d84eWwmZ0fWsttVEn5wFdMjD-ctVtLPm6sAS70WWfLJHK3g",
            "source": "CarScoops",
            "source_icon": "https://encrypted-tbn3.gstatic.com/faviconV2?url=https://www.carscoops.com&client=NEWS_360&size=96&type=FAVICON&fallback_opts=TYPE,SIZE,URL",
            "title": "Ford Pickup Truck Driver Takes A Back Seat (Literally) At 80 MPH On Cruise Control"
        },
        {
            "link": "https://news.google.com/articles/CBMiemh0dHBzOi8vd3d3LmV1cm9nYW1lci5uZXQvbWFydmVsLXJpdmFscy10b3MtY29udGFpbnMtYS1ub24tZGlzcGFyYWdlbWVudC1jbGF1c2UtdG8tcHJldmVudC1wbGF5ZXJzLWdpdmluZy1uZWdhdGl2ZS1yZXZpZXdz0gEA?hl=en-US&gl=US&ceid=US%3Aen",
            "og": "https://encrypted-tbn3.gstatic.com/images?q=tbn:ANd9GcSPb4ULWCQASgaZdZM_TVP0--blZkp6J_LsNjT1ZZofO5DOb4PfBqNAbdsQc9c_Jw_5MozbXH9V68khDIMU59r8BfHBoZa3NavQ2oDwG0-qAWytCA",
            "source": "Eurogamer.net",
            "source_icon": "https://encrypted-tbn0.gstatic.com/faviconV2?url=https://www.eurogamer.net&client=NEWS_360&size=96&type=FAVICON&fallback_opts=TYPE,SIZE,URL",
            "title": "Marvel Rivals' ToS contains a \"non-disparagement\" clause to prevent players giving \"negative reviews\""
        },
        {
            "link": "https://news.google.com/articles/CBMiZGh0dHBzOi8vc3BhY2VuZXdzLmNvbS9sdW5hci1sYW5kZXItY29tcGFueS1pc3BhY2Utc2Vlcy1vcHBvcnR1bml0aWVzLWluLWphcGFuLXUtcy1hcnRlbWlzLWFncmVlbWVudC_SAQA?hl=en-US&gl=US&ceid=US%3Aen",
            "og": "https://encrypted-tbn2.gstatic.com/images?q=tbn:ANd9GcT06erwM19bTNnEGEKVmRubOOCuT9HxOaeAWI0jZ444j8FhthmU6xHk9lj0-F7iBp8H_lL22RP1MlrM_CGjQFQxyLtQSVJFeEA2MnERyT4ISp3oFw",
            "source": "SpaceNews",
            "source_icon": "https://encrypted-tbn1.gstatic.com/faviconV2?url=https://spacenews.com&client=NEWS_360&size=96&type=FAVICON&fallback_opts=TYPE,SIZE,URL",
            "title": "Lunar lander company ispace sees opportunities in Japan-U.S. Artemis agreement"
        },
        {
            "link": "https://news.google.com/articles/CBMicmh0dHBzOi8vd3d3Lm5pbnRlbmRvbGlmZS5jb20vbmV3cy8yMDI0LzA1L3ZpZGVvLW5pbnRlbmRvLXdvcmxkLWNoYW1waW9uc2hpcHMtamFwYW5lc2UtZ2FtZXBsYXktb2ZmaWNpYWxseS1yZXZlYWxlZNIBAA?hl=en-US&gl=US&ceid=US%3Aen",
            "og": "https://encrypted-tbn0.gstatic.com/images?q=tbn:ANd9GcQLzaJ9vOAAsTwlxXBbttlu4DQsvP7uEdTRIUhjVkv4hXrTVknpLBTikRMxfMdazgwph-_YAxcSHwz_ooQ4rQpoWinlCMZOwN6ltbD83LUld_APNw",
            "source": "Nintendo Life",
            "source_icon": "https://encrypted-tbn1.gstatic.com/faviconV2?url=https://www.nintendolife.com&client=NEWS_360&size=96&type=FAVICON&fallback_opts=TYPE,SIZE,URL",
            "title": "Video: Nintendo World Championships Japanese Gameplay Officially Revealed"
        },
        {
            "link": "https://news.google.com/articles/CBMiiwFodHRwczovL3d3dy5saXZlc2NpZW5jZS5jb20vdGVjaG5vbG9neS92aXJ0dWFsLXJlYWxpdHkvbWV0YS1qdXN0LXN0dWNrLWl0cy1haS1zb21ld2hlcmUteW91LWRpZG50LWV4cGVjdC1pdC1hLXBhaXItb2YtcmF5LWJhbi1zbWFydC1nbGFzc2Vz0gEA?hl=en-US&gl=US&ceid=US%3Aen",
            "og": "https://encrypted-tbn0.gstatic.com/images?q=tbn:ANd9GcRLrRjzynGOHltvHK2gHW9jJYfRK3dm7v5_jT6oYzX-sA9INIboyPP7f5jouWlUWl8lIWmJLwcTEzA0FJ_R-A-3KYxl",
            "source": "Livescience.com",
            "source_icon": "https://encrypted-tbn2.gstatic.com/faviconV2?url=https://www.livescience.com&client=NEWS_360&size=96&type=FAVICON&fallback_opts=TYPE,SIZE,URL",
            "title": "Meta just stuck its AI somewhere you didn't expect it — a pair of Ray-Ban smart glasses"
        },
        {
            "link": "https://news.google.com/articles/CBMiX2h0dHBzOi8vd3d3LmJ1c2luZXNzaW5zaWRlci5jb20vYXJ0LW9mLWFuaW1hdGlvbi1yZXNvcnQtd29ydGgtaXQtZm9yLWFkdWx0cy1kaXNuZXktd29ybGQtMjAyNC010gFjaHR0cHM6Ly93d3cuYnVzaW5lc3NpbnNpZGVyLmNvbS9hcnQtb2YtYW5pbWF0aW9uLXJlc29ydC13b3J0aC1pdC1mb3ItYWR1bHRzLWRpc25leS13b3JsZC0yMDI0LTU_YW1w?hl=en-US&gl=US&ceid=US%3Aen",
            "og": "https://encrypted-tbn2.gstatic.com/images?q=tbn:ANd9GcTgyI3g36MEvjg-oC1Ba3UixCzkiGFcxz4E8N6u_PN6De_651DKTjYR_F0uuvsr_aENTc4o32k1lpS_5mgIV0f2gBkYTdgfPmdBiQ-bgd0zLmRYUw",
            "source": "Business Insider",
            "source_icon": "https://encrypted-tbn3.gstatic.com/faviconV2?url=https://www.businessinsider.com&client=NEWS_360&size=96&type=FAVICON&fallback_opts=TYPE,SIZE,URL",
            "title": "Staying at Disney's Art of Animation as an adult, worth it for $265"
        },
        {
            "link": "https://news.google.com/articles/CBMiRGh0dHBzOi8vd3d3LnRoZXZlcmdlLmNvbS8yNDE1MzQ3OC9jcm93LWNvdW50cnktcmV2aWV3LXN0ZWFtLXBzNS14Ym940gEA?hl=en-US&gl=US&ceid=US%3Aen",
            "og": "https://encrypted-tbn0.gstatic.com/images?q=tbn:ANd9GcSuJJLs22jZPD2xttcSpVDt3KvbbenaY3GBx8VmU2wNGM9fpSfu_OA1qfr6e7ZJbAjQBpqy6laT1nkNt5EjgQlB5zcLqPp5iXnVLA0i0zXGGPxvMA",
            "source": "The Verge",
            "source_icon": "https://encrypted-tbn2.gstatic.com/faviconV2?url=https://www.theverge.com&client=NEWS_360&size=96&type=FAVICON&fallback_opts=TYPE,SIZE,URL",
            "title": "Crow Country is a gloriously grimy revival of '90s survival horror"
        },
        {
            "link": "https://news.google.com/articles/CBMidGh0dHBzOi8vd3d3LmZvcmJlcy5jb20vc2l0ZXMvb2xsaWViYXJkZXIvMjAyNC8wNS8xMS90aGUtbGlmZS1zaXplLXByb3BsaWNhLW1hc3Rlci1zd29yZC1mcm9tLXplbGRhLWxvb2tzLWluY3JlZGlibGUv0gEA?hl=en-US&gl=US&ceid=US%3Aen",
            "og": "https://encrypted-tbn0.gstatic.com/images?q=tbn:ANd9GcTB_4Mv6N8QAbOO9s0A0-CyoUJ7u5hjYAh53unyvV-7lbpZFFoChpq2HF9AAfhOtS6FkTozIIv3wwtnKtyVKy711wYF2KoXRUkxWl7gMkIz11mG2A",
            "source": "Forbes",
            "source_icon": "https://encrypted-tbn2.gstatic.com/faviconV2?url=https://www.forbes.com&client=NEWS_360&size=96&type=FAVICON&fallback_opts=TYPE,SIZE,URL",
            "title": "The Life-Size Proplica Master Sword From 'Zelda' Looks Incredible"
        },
        {
            "link": "https://news.google.com/articles/CBMiTmh0dHBzOi8vd3d3LmdhbWluZ2JpYmxlLmNvbS9uZXdzL2ZhbGxvdXQtNC1wbGF5ZXJzLWhpZGRlbi1hcmVhLTU5MTc1MC0yMDI0MDUwOdIBAA?hl=en-US&gl=US&ceid=US%3Aen",
            "og": "https://encrypted-tbn3.gstatic.com/images?q=tbn:ANd9GcSoe9jUS0HYRgw07KTROUQduV4Zydgkfn13pag_yQxh3XlI0e15_Z9U0ewEETYwgCnlxaT3ljKPFVxbNJm9TKfl-K8-4PP8uFMoponx",
            "source": "GAMINGbible",
            "source_icon": "https://encrypted-tbn3.gstatic.com/faviconV2?url=https://www.gamingbible.com&client=NEWS_360&size=96&type=FAVICON&fallback_opts=TYPE,SIZE,URL",
            "title": "New Fallout 4 players urged to check out creepy hidden 'Saw maze'"
        },
        {
            "link": "https://news.google.com/articles/CBMiemh0dHBzOi8vd3d3Lm5vdGVib29rY2hlY2submV0L0xlYWtlci1yZXZlYWxzLXNwZWNzLWFuZC1sYXVuY2gtcHJpY2luZy1mb3ItbmV4dC1BU1VTLVJPRy1BbGx5LWdhbWluZy1oYW5kaGVsZC44MzY2OTIuMC5odG1s0gEA?hl=en-US&gl=US&ceid=US%3Aen",
            "og": "https://encrypted-tbn1.gstatic.com/images?q=tbn:ANd9GcRDyoJX6Yzeu5EAebIlN5v2zVwFqyzgDKbjJ1CxTg0DedO5IYKv4pmsBleIjv61ljSEDhxzeJVNypGfR4Gquz8RBzsMOhxTd1LSiWtIW2xzRw8JfA",
            "source": "Notebookcheck.net",
            "source_icon": "https://encrypted-tbn3.gstatic.com/faviconV2?url=https://www.notebookcheck.net&client=NEWS_360&size=96&type=FAVICON&fallback_opts=TYPE,SIZE,URL",
            "title": "Leaker reveals specs and launch pricing for next ASUS ROG Ally gaming handheld"
        },
        {
            "link": "https://news.google.com/articles/CBMiTGh0dHBzOi8vd3d3LnRoZXZlcmdlLmNvbS8yMDI0LzUvMTEvMjQxNTI5NzcvYW5kcm9pZC1haS1nb29nbGUtaW8tMjAyNC1nZW1pbmnSAQA?hl=en-US&gl=US&ceid=US%3Aen",
            "og": "https://encrypted-tbn0.gstatic.com/images?q=tbn:ANd9GcQgM4P53YV5brD1sX7dY0a2ZkGhQGJMAV5cpIQYPhSC0BmQuCm0DVh-pcNIyIzXwVpvWgHCaqAtNjHfGcAZTBkKZyFe6DmwypNrWZV3H-A8DDkhUQ",
            "source": "The Verge",
            "source_icon": "https://encrypted-tbn2.gstatic.com/faviconV2?url=https://www.theverge.com&client=NEWS_360&size=96&type=FAVICON&fallback_opts=TYPE,SIZE,URL",
            "title": "Android in the time of AI"
        },
        {
            "link": "https://news.google.com/articles/CBMiUmh0dHBzOi8vd3d3LmFuZHJvaWRwb2xpY2UuY29tL2JyaW5nLXRoZS1zMjQtdWx0cmFzLWJlc3QtZmVhdHVyZS10by1hbnktczI0LW9yLXMyNC_SAQA?hl=en-US&gl=US&ceid=US%3Aen",
            "og": "https://encrypted-tbn2.gstatic.com/images?q=tbn:ANd9GcQB1GEo61KWbxZltKMYLrrwQ9paDeQlK91HvA8tqyVFnua9J4-oEzcgnETMCqxcnGJ-g8yWbjY_1Fk77o4U1qR7TdQ7ErNiytgjX8KUiveZUjBTZw",
            "source": "Android Police",
            "source_icon": "https://encrypted-tbn1.gstatic.com/faviconV2?url=https://www.androidpolice.com&client=NEWS_360&size=96&type=FAVICON&fallback_opts=TYPE,SIZE,URL",
            "title": "Why I'd spend $30 to get the Galaxy S24 Ultra's best feature on any other S24 model"
        },
        {
            "link": "https://news.google.com/articles/CBMiWWh0dHBzOi8vaW50ZXJlc3RpbmdlbmdpbmVlcmluZy5jb20vaW5ub3ZhdGlvbi9uZXctd2FycC1kcml2ZS1vZmZlcnMtbGlnaHRuaW5nLWZhc3QtdHJhdmVs0gEA?hl=en-US&gl=US&ceid=US%3Aen",
            "og": "https://encrypted-tbn2.gstatic.com/images?q=tbn:ANd9GcTYLP3Wchu4VqSlVtBRzI6GxFrKvv3JPCfSCv3pqWRtEZHCYPGaSI78q3h8As-iVAXi929C_Y3Dbgt7jd1kuI2A877ViY-iZEpRDXrgDy8MFVkvyw",
            "source": "Interesting Engineering",
            "source_icon": "https://encrypted-tbn3.gstatic.com/faviconV2?url=https://interestingengineering.com&client=NEWS_360&size=96&type=FAVICON&fallback_opts=TYPE,SIZE,URL",
            "title": "First-of-its-kind model makes wrap drives feasible for space travel"
        },
        {
            "link": "https://news.google.com/articles/CBMiWWh0dHBzOi8vd3d3Lm5lb3dpbi5uZXQvbmV3cy9mb3VyLXRoaW5ncy1hcHBsZS1raWxsZWQtdGhpcy13ZWVrLWFmdGVyLWl0cy1sZXQtbG9vc2UtZXZlbnQv0gFYaHR0cHM6Ly93d3cubmVvd2luLm5ldC9hbXAvZm91ci10aGluZ3MtYXBwbGUta2lsbGVkLXRoaXMtd2Vlay1hZnRlci1pdHMtbGV0LWxvb3NlLWV2ZW50Lw?hl=en-US&gl=US&ceid=US%3Aen",
            "og": "https://encrypted-tbn3.gstatic.com/images?q=tbn:ANd9GcTyc9FcVlxOZazpVPEaoqma4R9k-Iz17VARonBTxojL9Fvcwh0e9qLOkpJ5z-QQm7RP5nv5Lza8hTcKZoAOM7goEBF01k5v8__x_ZoYikmoluAHYQ",
            "source": "Neowin",
            "source_icon": "https://encrypted-tbn1.gstatic.com/faviconV2?url=https://www.neowin.net&client=NEWS_360&size=96&type=FAVICON&fallback_opts=TYPE,SIZE,URL",
            "title": "Four things Apple killed this week after its 'Let Loose' event"
        },
        {
            "link": "https://news.google.com/articles/CBMiPWh0dHBzOi8vd3d3LmJ1enpmZWVkLmNvbS9hYmJ5a2Fzcy9vdmVyY29tZS1hdm9pZGFuY2UtcHJvZHVjdHPSAQA?hl=en-US&gl=US&ceid=US%3Aen",
            "og": "https://encrypted-tbn1.gstatic.com/images?q=tbn:ANd9GcRbLmmg04X-ihsfqiANuXEQkuL5WevUTXbWXwQeeCatQSO-0w3iPC8_YqBpviNvqNUivizys1EmpECAasr_uTtwd-0WlMbi1pP6g4T9LIp2SFHeFg",
            "source": "BuzzFeed",
            "source_icon": "https://encrypted-tbn2.gstatic.com/faviconV2?url=https://www.buzzfeed.com&client=NEWS_360&size=96&type=FAVICON&fallback_opts=TYPE,SIZE,URL",
            "title": "33 Products Will Help You Overcome Tasks You Avoid"
        },
        {
            "link": "https://news.google.com/articles/CBMiR2h0dHBzOi8vd3d3LnZnMjQ3LmNvbS9mYWxsb3V0LTQtbmV4dC1nZW4tdXBkYXRlLWdldHRpbmctZml4ZXMtbmV4dC13ZWVr0gEA?hl=en-US&gl=US&ceid=US%3Aen",
            "og": "https://encrypted-tbn2.gstatic.com/images?q=tbn:ANd9GcTuTkPU2kgLs3B1ekH1zIteY_D8HCGt4_HenIHnYKrxPA9HqIsC1u9Xg2RqlZo0E7t2gaKoPrTVMFQJRq_z9C1id6s0iNJX4EHe-6AhVL54z_ieZg",
            "source": "VG247",
            "source_icon": "https://encrypted-tbn0.gstatic.com/faviconV2?url=https://www.vg247.com&client=NEWS_360&size=96&type=FAVICON&fallback_opts=TYPE,SIZE,URL",
            "title": "Fallout 4's next-gen update is broken, but don't worry, some fixes are coming next week"
        },
        {
            "link": "https://news.google.com/articles/CBMiT2h0dHBzOi8vcm9hZC5jYy9jb250ZW50L3RlY2gtbmV3cy9iaWtlLWxpZ2h0LWdldC15b3Utc2Vlbi01LXRpbWVzLXNvb25lci0zMDgyNzXSAQA?hl=en-US&gl=US&ceid=US%3Aen",
            "og": "https://encrypted-tbn3.gstatic.com/images?q=tbn:ANd9GcTHHaa1uTiSW7gRJ0bx-Wo6wr_cCUhmo5aM9fJnOcsqpT4Ovp97OxAn00Nrr0bSlcLYn1flPUsA4nBnw20d8wywEW6h1rzjq-RjSCW1H8UVaRldpg",
            "source": "road.cc",
            "source_icon": "https://encrypted-tbn2.gstatic.com/faviconV2?url=https://road.cc&client=NEWS_360&size=96&type=FAVICON&fallback_opts=TYPE,SIZE,URL",
            "title": "A bike light that promises to get you seen \"5.5 times sooner\", plus a hologram-powered smart bike, propeller-powered Seabike + loads more tech news from 3T, Oakley, Continental + more"
        },
        {
            "link": "https://news.google.com/articles/CBMihAFodHRwczovL3d3dy5yb2NrcGFwZXJzaG90Z3VuLmNvbS93YXJuZXItYnJvcy1hcmUtcmV0dXJuaW5nLXNvbWUtYWR1bHQtc3dpbS1wdWJsaXNoZWQtc3RlYW0tc3RvcmUtcGFnZXMtdG8tdGhlaXItZGV2ZWxvcGVycy1hZnRlci1hbGzSAQA?hl=en-US&gl=US&ceid=US%3Aen",
            "og": "https://encrypted-tbn1.gstatic.com/images?q=tbn:ANd9GcTtP2le1fuyUAPiTPk8YgDNhxO0yZsCtwD_xiNuRUP9MyYb8H1Wsj7f1Oku987ppg08K49tkDJzvf1zusm8G0r_Z04WY5Apopt7t6kEDKJXoIJbiQ",
            "source": "Rock Paper Shotgun",
            "source_icon": "https://encrypted-tbn3.gstatic.com/faviconV2?url=https://www.rockpapershotgun.com&client=NEWS_360&size=96&type=FAVICON&fallback_opts=TYPE,SIZE,URL",
            "title": "Warner Bros. are returning some Adult Swim-published Steam store pages to their developers after all"
        },
        {
            "link": "https://news.google.com/articles/CBMiQWh0dHBzOi8vd3d3LndpcmVkLmNvbS9zdG9yeS9wZW9wbGUtZG8tbm90LWxpa2UtdGhlLW5ldy1zb25vcy1hcHAv0gEA?hl=en-US&gl=US&ceid=US%3Aen",
            "og": "https://encrypted-tbn2.gstatic.com/images?q=tbn:ANd9GcTN4F9GxgQQkpWKoFx26an6k8eX5eFljHNDp0C6mWfXgqKoOk23jP8f86CmAU404VrQ8qcaNxf0EPMH4Qzbt1v-62XvrVEUew9s8FWUjVK60Z-Baw",
            "source": "WIRED",
            "source_icon": "https://encrypted-tbn2.gstatic.com/faviconV2?url=https://www.wired.com&client=NEWS_360&size=96&type=FAVICON&fallback_opts=TYPE,SIZE,URL",
            "title": "Many People Do Not Like the New Sonos App"
        }
    ],
    "US": [
        {
            "link": "https://news.google.com/articles/CBMiUmh0dHBzOi8vd3d3LmNubi5jb20vMjAyNC8wNS8xMy9wb2xpdGljcy9ib2ItbWVuZW5kZXotd2hhdC10by1rbm93LXRyaWFsL2luZGV4Lmh0bWzSAUtodHRwczovL2FtcC5jbm4uY29tL2Nubi8yMDI0LzA1LzEzL3BvbGl0aWNzL2JvYi1tZW5lbmRlei13aGF0LXRvLWtub3ctdHJpYWw?hl=en-US&gl=US&ceid=US%3Aen",
            "og": "https://encrypted-tbn3.gstatic.com/images?q=tbn:ANd9GcTiKBcWi7d_XRUJh3Mu3pG_aujxiqkZGNtZSL3M6Q_gfasWga8bbSJh-M7cd_RpYOHLM3e9qumoN8GMMZadu3f3XQ-iFmpICyTlD2ZlE8p-wLc5iA",
            "source": "CNN",
            "source_icon": "https://encrypted-tbn2.gstatic.com/faviconV2?url=https://www.cnn.com&client=NEWS_360&size=96&type=FAVICON&fallback_opts=TYPE,SIZE,URL",
            "title": "What to know about New Jersey Democratic Sen. Bob Menendez’s trial"
        },
        {
            "link": "https://news.google.com/articles/CBMib2h0dHBzOi8vYXBuZXdzLmNvbS9hcnRpY2xlL3RydW1wLXRyaWFsLXN0b3JteS1kYW5pZWxzLW1pY2hhZWwtY29oZW4taHVzaC1tb25leS1mOTZkZDcyODljZjk1MjE0NWNkZDY3MzdiMjlhZGQzZNIBAA?hl=en-US&gl=US&ceid=US%3Aen",
            "og": "https://encrypted-tbn0.gstatic.com/images?q=tbn:ANd9GcSIgx5YEGR0-dcmceEfiY-GLGBIwSWJE3QibT_kU8GIzOdSdd-bdEFQNicDW_cLyVw10yGqMKfYlhEVP9gfznh4WEpitfLQ63PLSwLyZ3OakfUW_A",
            "source": "The Associated Press",
            "source_icon": "https://encrypted-tbn2.gstatic.com/faviconV2?url=https://apnews.com&client=NEWS_360&size=96&type=FAVICON&fallback_opts=TYPE,SIZE,URL",
            "title": "Trump hush money trial: Star witness Michael Cohen set to testify"
        },
        {
            "link": "https://news.google.com/articles/CBMiYmh0dHBzOi8vYWJjbmV3cy5nby5jb20vVVMvZW5naW5lZXJzLXNldC1vZmYtZXhwbG9zaXZlcy1mcmFuY2lzLXNjb3R0LWtleS1icmlkZ2Uvc3Rvcnk_aWQ9MTEwMTMyOTcw0gFmaHR0cHM6Ly9hYmNuZXdzLmdvLmNvbS9hbXAvVVMvZW5naW5lZXJzLXNldC1vZmYtZXhwbG9zaXZlcy1mcmFuY2lzLXNjb3R0LWtleS1icmlkZ2Uvc3Rvcnk_aWQ9MTEwMTMyOTcw?hl=en-US&gl=US&ceid=US%3Aen",
            "og": "https://encrypted-tbn1.gstatic.com/images?q=tbn:ANd9GcR5iDCJoZdCle0EUg25lRAM3nlezEl0payGtsJx5DPaOUiMUQNoBcSHoEzw6C4bm_X6tf41OGbzfFi2N2niNYAkoyDadXKS0ZiwPv-qOMtUi097Lw",
            "source": "ABC News",
            "source_icon": "https://encrypted-tbn3.gstatic.com/faviconV2?url=https://abcnews.go.com&client=NEWS_360&size=96&type=FAVICON&fallback_opts=TYPE,SIZE,URL",
            "title": "Removal of Francis Scott Key Bridge wreckage rescheduled due to lightning"
        },
        {
            "link": "https://news.google.com/articles/CBMibmh0dHBzOi8vd3d3LmluZGVwZW5kZW50LmNvLnVrL2FydHMtZW50ZXJ0YWlubWVudC90di9uZXdzL2plcnJ5LXNlaW5mZWxkLXNwZWVjaC1wcm90ZXN0LXBhbGVzdGluZS1iMjU0Mzk1My5odG1s0gEA?hl=en-US&gl=US&ceid=US%3Aen",
            "og": "https://encrypted-tbn2.gstatic.com/images?q=tbn:ANd9GcS-7HemhMkfQmu8jJZ3vIOVLdsBfgM071_GXEGc03PZtczSc5oG35Sf20kdaMcKc6XmCcu5dHmNZjWNNfPKond70ycVwdNkH7Rvtx81dFoKKUTlFA",
            "source": "The Independent",
            "source_icon": "https://encrypted-tbn1.gstatic.com/faviconV2?url=https://www.independent.co.uk&client=NEWS_360&size=96&type=FAVICON&fallback_opts=TYPE,SIZE,URL",
            "title": "Jerry Seinfeld: University students stage walkout over comedian’s Israel support"
        },
        {
            "link": "https://news.google.com/articles/CBMidGh0dHBzOi8vbnlwb3N0LmNvbS8yMDI0LzA1LzEzL3VzLW5ld3MvYW50b255LWJsaW5rZW4tZGVsaXZlcnMtc3Ryb25nZXN0LXB1YmxpYy1yZWJ1a2Utb2YtaXNyYWVsLXlldC1nZXQtb3V0LW9mLWdhemEv0gF4aHR0cHM6Ly9ueXBvc3QuY29tLzIwMjQvMDUvMTMvdXMtbmV3cy9hbnRvbnktYmxpbmtlbi1kZWxpdmVycy1zdHJvbmdlc3QtcHVibGljLXJlYnVrZS1vZi1pc3JhZWwteWV0LWdldC1vdXQtb2YtZ2F6YS9hbXAv?hl=en-US&gl=US&ceid=US%3Aen",
            "og": "https://encrypted-tbn2.gstatic.com/images?q=tbn:ANd9GcQ_XI_SlROhzjNTV-NxK0Y7lBLfp9fsite_kQ4Emdc2lCJofjYJgtloHKOj1eBtIOdOUh5UzUCMpDGNwTSdQzlfZJHdmfBHnEMkgzyf1Uh-lvIU5w",
            "source": "New York Post",
            "source_icon": "https://encrypted-tbn3.gstatic.com/faviconV2?url=https://nypost.com&client=NEWS_360&size=96&type=FAVICON&fallback_opts=TYPE,SIZE,URL",
            "title": "Blinken delivers strongest public rebuke of Israel yet: 'Get out of Gaza'"
        },
        {
            "link": "https://news.google.com/articles/CBMiVWh0dHBzOi8vZm94OC5jb20vbmV3cy9oZS1pcy1teS1oZXJvLW1vdGhlci1vZi1mYWxsZW4tZXVjbGlkLW9mZmljZXItc3BlYWtzLWFib3V0LXNvbi_SAVlodHRwczovL2ZveDguY29tL25ld3MvaGUtaXMtbXktaGVyby1tb3RoZXItb2YtZmFsbGVuLWV1Y2xpZC1vZmZpY2VyLXNwZWFrcy1hYm91dC1zb24vYW1wLw?hl=en-US&gl=US&ceid=US%3Aen",
            "og": "https://encrypted-tbn2.gstatic.com/images?q=tbn:ANd9GcSHPOaKkeUM7486o1o2iRioNjLsX04wU123C4lPleO0_JNmv01nHLORnY16ZUEFeqM",
            "source": "WJW FOX 8 News Cleveland",
            "source_icon": "https://encrypted-tbn3.gstatic.com/faviconV2?url=https://fox8.com&client=NEWS_360&size=96&type=FAVICON&fallback_opts=TYPE,SIZE,URL",
            "title": "‘He is my hero’: Mother of fallen Euclid officer speaks about son"
        },
        {
            "link": "https://news.google.com/articles/CBMiT2h0dHBzOi8vd3d3Lm5wci5vcmcvMjAyNC8wNS8xMi8xMjUwODM1MTEzL3BpZy1raWRuZXktdHJhbnNwbGFudC1yaWNoYXJkLXNsYXltYW7SAQA?hl=en-US&gl=US&ceid=US%3Aen",
            "og": "https://encrypted-tbn3.gstatic.com/images?q=tbn:ANd9GcRl0HIaKCsjP7WrBDMywtOvkl_EJb4IiBumCB57_RghhOO7QwZkhHiCIr5Qnp3K9TwcBzBoWbt4pO3E7fXqrc00_l5U55q7BAGE3J8Wz8480nG_cw",
            "source": "NPR",
            "source_icon": "https://encrypted-tbn1.gstatic.com/faviconV2?url=https://www.npr.org&client=NEWS_360&size=96&type=FAVICON&fallback_opts=TYPE,SIZE,URL",
            "title": "The first person to receive a genetically modified pig kidney transplant has died"
        },
        {
            "link": "https://news.google.com/articles/CBMijgFodHRwczovL3d3dy5sYXRpbWVzLmNvbS9jYWxpZm9ybmlhL3N0b3J5LzIwMjQtMDUtMTIvYWZ0ZXItcHJvdGVzdGVycy1zZXQtdXAtY2FtcC1vbi1zdGFnZS1wb21vbmEtY29sbGVnZS1tb3ZlZC1jZXJlbW9ueS1kZW1vbnN0cmF0b3JzLWZvbGxvd2Vk0gEA?hl=en-US&gl=US&ceid=US%3Aen",
            "og": "https://encrypted-tbn0.gstatic.com/images?q=tbn:ANd9GcQ8hs4dCe-8r8SvzNoIMKAGcJae5HLnBuzqmMi1XwNE_pqjc2EgQUfe4bz5VzUx-78WNtyzp9Hl7IJRnmtAZobBgf2IeUsbvhpsg8Z257GPkUn_RA",
            "source": "Los Angeles Times",
            "source_icon": "https://encrypted-tbn1.gstatic.com/faviconV2?url=https://www.latimes.com&client=NEWS_360&size=96&type=FAVICON&fallback_opts=TYPE,SIZE,URL",
            "title": "Pomona College moved graduation to Shrine, and protesters followed"
        },
        {
            "link": "https://news.google.com/articles/CBMic2h0dHBzOi8vd3d3LmNiczE3LmNvbS9uZXdzL2xvY2FsLW5ld3Mvc3RpbGwtY2hhbmNlcy10by12aWV3LW5vcnRoZXJuLWxpZ2h0cy1zdW5kYXktbmlnaHQtaW4tY2VudHJhbC1ub3J0aC1jYXJvbGluYS_SAQA?hl=en-US&gl=US&ceid=US%3Aen",
            "og": "https://encrypted-tbn3.gstatic.com/images?q=tbn:ANd9GcTtkueR-jTOmo1fnEfUQxLrklrormFE9gCvOvvHNyYUNUaKm9uODWHHqFWGAJAby4tdgeK3Pb_pTy9B8Wczx6kv7bUtUx_A5qpoEgp4wv2gg-JFDw",
            "source": "CBS17.com",
            "source_icon": "https://encrypted-tbn1.gstatic.com/faviconV2?url=https://www.cbs17.com&client=NEWS_360&size=96&type=FAVICON&fallback_opts=TYPE,SIZE,URL",
            "title": "Still chances to view Northern Lights Sunday night in central North Carolina"
        },
        {
            "link": "https://news.google.com/articles/CBMic2h0dHBzOi8vd3d3LmluZGVwZW5kZW50LmNvLnVrL25ld3Mvd29ybGQvYW1lcmljYXMvdXMtcG9saXRpY3MvZG9uYWxkLXRydW1wLW5ldy1qZXJzZXktYmlkZW4tZmF0LWFsdmluLWIyNTQzNzIzLmh0bWzSAQA?hl=en-US&gl=US&ceid=US%3Aen",
            "og": "https://encrypted-tbn2.gstatic.com/images?q=tbn:ANd9GcQ8e42qxYzJXRer9fX2sG-QIBNSd5tUNGCOry-K-lRZLM-zFetS1R9C3nYSA3DxWrBQ6L2jXXUYbK4U02hG--Mw16wZ",
            "source": "The Independent",
            "source_icon": "https://encrypted-tbn1.gstatic.com/faviconV2?url=https://www.independent.co.uk&client=NEWS_360&size=96&type=FAVICON&fallback_opts=TYPE,SIZE,URL",
            "title": "Trump gets nasty in New Jersey, dubs Biden a 'total moron' and DA Bragg 'fat Alvin'"
        },
        {
            "link": "https://news.google.com/articles/CBMicWh0dHBzOi8vYWJjbmV3cy5nby5jb20vSW50ZXJuYXRpb25hbC9zbW9rZS1jYW5hZGlhbi13aWxkZmlyZXMtcmVhY2hlcy11cy1taW5uZXNvdGEtYWlyLXF1YWxpdHkvc3Rvcnk_aWQ9MTEwMTQ5OTI50gF1aHR0cHM6Ly9hYmNuZXdzLmdvLmNvbS9hbXAvSW50ZXJuYXRpb25hbC9zbW9rZS1jYW5hZGlhbi13aWxkZmlyZXMtcmVhY2hlcy11cy1taW5uZXNvdGEtYWlyLXF1YWxpdHkvc3Rvcnk_aWQ9MTEwMTQ5OTI5?hl=en-US&gl=US&ceid=US%3Aen",
            "og": "https://encrypted-tbn1.gstatic.com/images?q=tbn:ANd9GcROkWnXCCVAsinvHtqbMkX0AAn-n9Rsc_aMJ-HscOv0MIb1_LEh7NKXsozDnZbKxcobt6jnqJqAwn5I-3n1nDuQOyzZZ3UXhTLeauIkd98-Qe1zgA",
            "source": "ABC News",
            "source_icon": "https://encrypted-tbn3.gstatic.com/faviconV2?url=https://abcnews.go.com&client=NEWS_360&size=96&type=FAVICON&fallback_opts=TYPE,SIZE,URL",
            "title": "Smoke from Canadian wildfires reaches US, Minnesota under air quality alert"
        },
        {
            "link": "https://news.google.com/articles/CBMiUmh0dHBzOi8vd3d3LmZveG5ld3MuY29tL3VzL2FsYWJhbWEtcGFydHktc2hvb3RpbmctbGVhdmVzLTMtZGVhZC1vdmVyLWRvemVuLWluanVyZWTSAVZodHRwczovL3d3dy5mb3huZXdzLmNvbS91cy9hbGFiYW1hLXBhcnR5LXNob290aW5nLWxlYXZlcy0zLWRlYWQtb3Zlci1kb3plbi1pbmp1cmVkLmFtcA?hl=en-US&gl=US&ceid=US%3Aen",
            "og": "https://encrypted-tbn3.gstatic.com/images?q=tbn:ANd9GcRSO7_b9X9IH7H8xQgIy8ecbPnHiUdYnFThlZn638KiUyKXLKD5ecGqlqV4ZcYsjDD8GqoCAg6Zo7RNMHTD-MrDbROmiJCqqd8_tYWxMSAoF7eh5w",
            "source": "Fox News",
            "source_icon": "https://encrypted-tbn3.gstatic.com/faviconV2?url=https://www.foxnews.com&client=NEWS_360&size=96&type=FAVICON&fallback_opts=TYPE,SIZE,URL",
            "title": "Alabama party shooting leaves 3 dead, over a dozen injured"
        },
        {
            "link": "https://news.google.com/articles/CBMikwFodHRwczovL3R1cm50bzEwLmNvbS9uZXdzL2xvY2FsL2JlbGxpbmdoYW0tMTYteWVhci1vbGQtZGVhZC1pbi1ub3J0aGJvcm91Z2gtaG91c2UtcGFydHktZGlzdHJpY3Qtd29yY2VzdGVyLWNvdW50eS1hdHRvcm5leS1qb3NlcGgtZWFybHktbWF5LTEyLTIwMjTSAZcBaHR0cHM6Ly90dXJudG8xMC5jb20vYW1wL25ld3MvbG9jYWwvYmVsbGluZ2hhbS0xNi15ZWFyLW9sZC1kZWFkLWluLW5vcnRoYm9yb3VnaC1ob3VzZS1wYXJ0eS1kaXN0cmljdC13b3JjZXN0ZXItY291bnR5LWF0dG9ybmV5LWpvc2VwaC1lYXJseS1tYXktMTItMjAyNA?hl=en-US&gl=US&ceid=US%3Aen",
            "og": "https://encrypted-tbn1.gstatic.com/images?q=tbn:ANd9GcQVRhE8B41aZXAQJu06M_MRe8VS0UulmKzBzywTYNyKWpWNytY6_WGGdxpUhCdQ_IsNSZmTst6O1NGWxhKF_EmV1yOUgzfVyeBfyMKcjY4Fujy18g",
            "source": "Turn to 10",
            "source_icon": "https://encrypted-tbn0.gstatic.com/faviconV2?url=https://turnto10.com&client=NEWS_360&size=96&type=FAVICON&fallback_opts=TYPE,SIZE,URL",
            "title": "Bellingham 16-year-old shot dead at Northborough house party"
        },
        {
            "link": "https://news.google.com/articles/CBMiWmh0dHBzOi8vd3d3Lmtob24yLmNvbS9sb2NhbC1uZXdzL253cy1lc3RhYmxpc2hlcy1mbGFzaC1mbG9vZC1hZHZpc29yeS1mb3ItaG9ub2x1bHUtY291bnR5L9IBXmh0dHBzOi8vd3d3Lmtob24yLmNvbS9sb2NhbC1uZXdzL253cy1lc3RhYmxpc2hlcy1mbGFzaC1mbG9vZC1hZHZpc29yeS1mb3ItaG9ub2x1bHUtY291bnR5L2FtcC8?hl=en-US&gl=US&ceid=US%3Aen",
            "og": "https://encrypted-tbn3.gstatic.com/images?q=tbn:ANd9GcQkKQcK58MFfdJnO5MVg4X5cKUE7bx_MfBe7voUNGv6pXD0krMtDLdlTj_ciJYAMAakUwhaa0HjVyGSvQKgULx6tij0eOAUXUB1EYiVtsIljsLrPg",
            "source": "KHON2",
            "source_icon": "https://encrypted-tbn2.gstatic.com/faviconV2?url=https://www.khon2.com&client=NEWS_360&size=96&type=FAVICON&fallback_opts=TYPE,SIZE,URL",
            "title": "Statewide flood watch for expected Kona Low"
        },
        {
            "link": "https://news.google.com/articles/CBMiRWh0dHBzOi8vd3d3LmJhbHRpbW9yZXN1bi5jb20vMjAyNC8wNS8xMi9qb2hucy1ob3BraW5zLWVuY2FtcG1lbnQtZW5kL9IBAA?hl=en-US&gl=US&ceid=US%3Aen",
            "og": "https://encrypted-tbn3.gstatic.com/images?q=tbn:ANd9GcTdEqHMgdXDSrC0DywMz8b1gmygTn1fxAezmjbSNJFqx1zyUl4aAS3oAoj-G6CMAHuC6iDvyt09CFdfH2zqGpCZyWLm",
            "source": "Baltimore Sun",
            "source_icon": "https://encrypted-tbn0.gstatic.com/faviconV2?url=https://www.baltimoresun.com&client=NEWS_360&size=96&type=FAVICON&fallback_opts=TYPE,SIZE,URL",
            "title": "The Johns Hopkins encampment is being disbanded"
        },
        {
            "link": "https://news.google.com/articles/CBMiQGh0dHBzOi8vd3d3Lnd0YWUuY29tL2FydGljbGUvZmlubGV5dmlsbGUtdG9ybmFkby1kYW1hZ2UvNjA3Njg0NzXSAQA?hl=en-US&gl=US&ceid=US%3Aen",
            "og": "https://encrypted-tbn2.gstatic.com/images?q=tbn:ANd9GcRcx1q-BNPoc2ZWfVnGj4CtVvsgDkkGMH287YUfJ1x22QUpX4xi8KJNNBp5DA72KertsZDjBBbb-tvJrMfoY0T7",
            "source": "WTAE Pittsburgh",
            "source_icon": "https://encrypted-tbn1.gstatic.com/faviconV2?url=https://www.wtae.com&client=NEWS_360&size=96&type=FAVICON&fallback_opts=TYPE,SIZE,URL",
            "title": "Finleyville tornado may have been EF2, NWS says"
        },
        {
            "link": "https://news.google.com/articles/CBMiR2h0dHBzOi8vd3d3Lm55dGltZXMuY29tLzIwMjQvMDUvMTIvdXMvZG9uYWxkLXRydW1wLWhhbm5pYmFsLWxlY3Rlci5odG1s0gEA?hl=en-US&gl=US&ceid=US%3Aen",
            "og": "https://encrypted-tbn1.gstatic.com/images?q=tbn:ANd9GcSIcWLB9NRm1FqA-bEGGQClclkJqAiUr__6EQZGlQp2PQgoy7o1qQPOMlkGI2NsamcOZhOSkX0isrnxyACxbWTcrXJJnpuD3uWfVf0nEJJ-a9rq0g",
            "source": "The New York Times",
            "source_icon": "https://encrypted-tbn2.gstatic.com/faviconV2?url=https://www.nytimes.com&client=NEWS_360&size=96&type=FAVICON&fallback_opts=TYPE,SIZE,URL",
            "title": "Trump, Bashing Migrants, Likens Them to Hannibal Lecter, Movie Cannibal"
        },
        {
            "link": "https://news.google.com/articles/CBMiiAFodHRwczovL3d3dy5kaXNwYXRjaC5jb20vc3RvcnkvbmV3cy9jcmltZS8yMDI0LzA1LzEyL2FjdGl2ZS1zaG9vdGVyLWNvbHVtYnVzLW9oaW8tYW1hem9uLXBvbGljZS1vZmZpY2VyLXNob3QtbWFkaXNvbi1jb3VudHkvNzM2NjYxMDMwMDcv0gEA?hl=en-US&gl=US&ceid=US%3Aen",
            "og": "https://encrypted-tbn1.gstatic.com/images?q=tbn:ANd9GcR1N2SC7WN6Yh6rgniXM7Vmqn4bby5AYYIFbm6Omc9LBHiLAkt7018CcSZsWndaYfW4eI-cb2MC_XGsZYxod4p7mbvwnzaI8aDcMCMqXQ3KKZhqFQ",
            "source": "The Columbus Dispatch",
            "source_icon": "https://encrypted-tbn0.gstatic.com/faviconV2?url=https://www.dispatch.com&client=NEWS_360&size=96&type=FAVICON&fallback_opts=TYPE,SIZE,URL",
            "title": "Suspected Amazon shooter killed by Columbus police; officer shot in vest"
        },
        {
            "link": "https://news.google.com/articles/CBMikgFodHRwczovL3d3dy50YWxsYWhhc3NlZS5jb20vc3RvcnkvbmV3cy9sb2NhbC8yMDI0LzA1LzEyL3RhbGxhaGFzc2VlLXRvcm5hZG8tdXBkYXRlcy0zMDAwMC1zdGlsbC1vdXQtb2YtcG93ZXItY2xlYW51cC1jb250aW51ZXMtb3V0YWdlLzczNjU4MDEwMDA3L9IBAA?hl=en-US&gl=US&ceid=US%3Aen",
            "og": "https://encrypted-tbn3.gstatic.com/images?q=tbn:ANd9GcSBpVmSNXPk6B5IQGYE_tQMQlu6WBBYMew_9U3UAIAe4GT1A_O_z8wb0KaFfQSopOuMpOMx5GhgW6LQSHX4DZmCa4njd35o2_DCROoSjCBn7eeDhw",
            "source": "Tallahassee Democrat",
            "source_icon": "https://encrypted-tbn2.gstatic.com/faviconV2?url=https://www.tallahassee.com&client=NEWS_360&size=96&type=FAVICON&fallback_opts=TYPE,SIZE,URL",
            "title": "Tallahassee tornado updates: 30,000 still out of power; cleanup continues"
        },
        {
            "link": "https://news.google.com/articles/CBMiZGh0dHBzOi8vMTN3aGFtLmNvbS9uZXdzL2xvY2FsL3JvY2hlc3Rlci1wb2xpY2Utb2ZmaWNlci1pbnZvbHZlZC1pbi1tdWx0aS12ZWhpY2xlLWNyYXNoLW9uLWpheS1zdHJlZXTSAWhodHRwczovLzEzd2hhbS5jb20vYW1wL25ld3MvbG9jYWwvcm9jaGVzdGVyLXBvbGljZS1vZmZpY2VyLWludm9sdmVkLWluLW11bHRpLXZlaGljbGUtY3Jhc2gtb24tamF5LXN0cmVldA?hl=en-US&gl=US&ceid=US%3Aen",
            "og": "https://encrypted-tbn0.gstatic.com/images?q=tbn:ANd9GcQVe563zooRUv_EFhkPaDPGKeSjJZA_x2L5Oh8Bk1xcgzmBVCKzkn9-l4C2CWAZ611IEhRzkj3z3lgsCnMIk49Qx_ZOq8pv3TnwmVM4ueBG1JrsyQ",
            "source": "13WHAM-TV",
            "source_icon": "https://encrypted-tbn3.gstatic.com/faviconV2?url=https://13wham.com&client=NEWS_360&size=96&type=FAVICON&fallback_opts=TYPE,SIZE,URL",
            "title": "RPD car hit on Jay Street; second RPD crash within a day"
        },
        {
            "link": "https://news.google.com/articles/CBMiXmh0dHBzOi8vd3d3LmZveDEwcGhvZW5peC5jb20vbmV3cy9pLTE3LWNsb3N1cmUtaW4tbm9ydGgtcGhvZW5peC1jYXVzZXMtbWFzc2l2ZS10cmFmZmljLWJhY2t1cHPSAWJodHRwczovL3d3dy5mb3gxMHBob2VuaXguY29tL25ld3MvaS0xNy1jbG9zdXJlLWluLW5vcnRoLXBob2VuaXgtY2F1c2VzLW1hc3NpdmUtdHJhZmZpYy1iYWNrdXBzLmFtcA?hl=en-US&gl=US&ceid=US%3Aen",
            "og": "https://encrypted-tbn1.gstatic.com/images?q=tbn:ANd9GcRfce9uHXQ27-PJyu9YCoLtWHrtPibc5OCNtdB31Gbzo65C6FDg6SnOGR9JmCcmPBt3ZdgUkvf_QWQJk9f_C3dO6m_6qMcV6lzmlSotDVVIJ_kMpw",
            "source": "FOX 10 News Phoenix",
            "source_icon": "https://encrypted-tbn1.gstatic.com/faviconV2?url=https://www.fox10phoenix.com&client=NEWS_360&size=96&type=FAVICON&fallback_opts=TYPE,SIZE,URL",
            "title": "I-17 closure in north Phoenix causes massive traffic backups"
        },
        {
            "link": "https://news.google.com/articles/CBMiU2h0dHBzOi8vd3d3LmZveG5ld3MuY29tL3VzL3ZjdS1zdHVkZW50cy13YWxrLW91dC1nbGVubi15b3VuZ2tpbi1jb21tZW5jZW1lbnQtc3BlZWNo0gFXaHR0cHM6Ly93d3cuZm94bmV3cy5jb20vdXMvdmN1LXN0dWRlbnRzLXdhbGstb3V0LWdsZW5uLXlvdW5na2luLWNvbW1lbmNlbWVudC1zcGVlY2guYW1w?hl=en-US&gl=US&ceid=US%3Aen",
            "og": "https://encrypted-tbn3.gstatic.com/images?q=tbn:ANd9GcSUZFHVDHPPKSQwI3fwff_HJ_8JU1J4kzJzJFU_nfJDfZVA3yI1-ZCUHQKlw9GaXQtEKUOW2OPLoq7WNTvpUP7K47LOPcvQsnxSHYVTUUcRrm-ncQ",
            "source": "Fox News",
            "source_icon": "https://encrypted-tbn3.gstatic.com/faviconV2?url=https://www.foxnews.com&client=NEWS_360&size=96&type=FAVICON&fallback_opts=TYPE,SIZE,URL",
            "title": "VCU students walk out of Gov Youngkin's commencement speech"
        },
        {
            "link": "https://news.google.com/articles/CBMipgFodHRwczovL3d3dy53ZHJiLmNvbS9uZXdzL2NyaW1lLXJlcG9ydHMvd2hlbi1pcy1pdC1nb2luZy10by1zdG9wLTUtcGVvcGxlLWtpbGxlZC1pbi1zaG9vdGluZ3Mtb24tbW90aGVycy1kYXktd2Vla2VuZC9hcnRpY2xlXzU5MGVmY2I2LTEwYjYtMTFlZi05N2VhLTIzM2E2MjJhNDgyYS5odG1s0gEA?hl=en-US&gl=US&ceid=US%3Aen",
            "og": "https://encrypted-tbn0.gstatic.com/images?q=tbn:ANd9GcTRZYEr7FltkSfB4VGnqXm6FnT627k-_sRWBF42EyqLLEx3Hsbf5ePb3vL_MH6bRGsVHHc3iYIbjsii0um2JEndmMM1uYxc6Bt5evE4cf-hoxdE1g",
            "source": "WDRB",
            "source_icon": "https://encrypted-tbn2.gstatic.com/faviconV2?url=https://www.wdrb.com&client=NEWS_360&size=96&type=FAVICON&fallback_opts=TYPE,SIZE,URL",
            "title": "'When is it going to stop' | 5 people killed in shootings on Mother's Day weekend in Louisville"
        },
        {
            "link": "https://news.google.com/articles/CBMiV2h0dHBzOi8vd3d3LmZveHdlYXRoZXIuY29tL3dlYXRoZXItbmV3cy9zb3V0aC1zZXZlcmUtd2VhdGhlci1mbG9vZGluZy1mb3JlY2FzdC1tYXktMjAyNNIBW2h0dHBzOi8vd3d3LmZveHdlYXRoZXIuY29tL3dlYXRoZXItbmV3cy9zb3V0aC1zZXZlcmUtd2VhdGhlci1mbG9vZGluZy1mb3JlY2FzdC1tYXktMjAyNC5hbXA?hl=en-US&gl=US&ceid=US%3Aen",
            "og": "https://encrypted-tbn0.gstatic.com/images?q=tbn:ANd9GcRgHHc-yRKSe6HC84F-qmPEm3FCzl76sOIS9moz5h3os7-qTwX6tj0c7UVCm-MCGjGJhiv7h4RO6uOZwZo1KkzkX2sSMFlniQmRi6IJQgpmz30-JQ",
            "source": "Fox Weather",
            "source_icon": "https://encrypted-tbn3.gstatic.com/faviconV2?url=https://www.foxweather.com&client=NEWS_360&size=96&type=FAVICON&fallback_opts=TYPE,SIZE,URL",
            "title": "Millions brace for severe weather, 75 mph gusts and hen egg size hail Monday"
        },
        {
            "link": "https://news.google.com/articles/CBMidWh0dHBzOi8vd3d3LndyYWwuY29tL3N0b3J5L2plcnJ5LXNlaW5maWVsZC10by1zcGVhay10by1uZWFybHktNy0wMDAtZ3JhZHVhdGVzLWF0LWR1a2UtY29tbWVuY2VtZW50LWNlcmVtb255LzIxNDI3MzQxL9IBImh0dHBzOi8vd3d3LndyYWwuY29tL2FtcC8yMTQyNzM0MS8?hl=en-US&gl=US&ceid=US%3Aen",
            "og": "https://encrypted-tbn0.gstatic.com/images?q=tbn:ANd9GcTBqD7B6Xgp3luENPWePgoaLa-fToVbxlAMJbn0yFRdQOHCm4IIbeOIJ_kW6mL0XRjgk_B-BnqzxbqGbsqa7Hdy5Kuw_ic6dwYBHDgrmKMok2bU5w",
            "source": "WRAL News",
            "source_icon": "https://encrypted-tbn2.gstatic.com/faviconV2?url=https://www.wral.com&client=NEWS_360&size=96&type=FAVICON&fallback_opts=TYPE,SIZE,URL",
            "title": "'Just swing the bat and pray': Seinfeld shares 3 keys to life with nearly 7,000 graduating Duke students"
        },
        {
            "link": "https://news.google.com/articles/CBMiUGh0dHBzOi8vd3d3Lndhc2hpbmd0b25wb3N0LmNvbS93ZWF0aGVyLzIwMjQvMDUvMTIvZGMtZm9yZWNhc3QtbW9uZGF5LXN1bm55LXdhcm0v0gEA?hl=en-US&gl=US&ceid=US%3Aen",
            "og": "https://encrypted-tbn3.gstatic.com/images?q=tbn:ANd9GcS0XkDSQq0g2g2bTvBbnckoRX_93Mq7yCGFVF-CYml5R2x_TGfH_VpHC99wFB5Cv69fRE110PsbERspga0xfamx-Xx9-ihEvg3_ZDWfWbGnOPWIbw",
            "source": "The Washington Post",
            "source_icon": "https://encrypted-tbn3.gstatic.com/faviconV2?url=https://www.washingtonpost.com&client=NEWS_360&size=96&type=FAVICON&fallback_opts=TYPE,SIZE,URL",
            "title": "PM Update: Dry by dark Sunday, then a sunny, warm Monday"
        },
        {
            "link": "https://news.google.com/articles/CBMicmh0dHBzOi8vYXBuZXdzLmNvbS9hcnRpY2xlL3NjaG9vbC1zYWZldHktZ3Vucy1hcnRpZmljaWFsLWludGVsbGlnZW5jZS1sZWdpc2xhdGlvbi0zMzZiOWVjMzRkZjUzOGQ5M2Q0ZjA2ZTM0YjExYzliMdIBAA?hl=en-US&gl=US&ceid=US%3Aen",
            "og": "https://encrypted-tbn3.gstatic.com/images?q=tbn:ANd9GcQlbKrlO8mTWK4xfU1oWj1UIwjT-S9AU80P3v7bATASUkcadvDb970aZnnrY_ib95NAFuLFaW6nwHsaRwk7DK7ex85o-1Ts2tRlCfleaJFjKh7_lg",
            "source": "The Associated Press",
            "source_icon": "https://encrypted-tbn2.gstatic.com/faviconV2?url=https://apnews.com&client=NEWS_360&size=96&type=FAVICON&fallback_opts=TYPE,SIZE,URL",
            "title": "Schools turn to artificial intelligence to spot guns as companies press lawmakers for state funds"
        },
        {
            "link": "https://news.google.com/articles/CBMib2h0dHBzOi8vd3d3LmluZGVwZW5kZW50LmNvLnVrL25ld3Mvd29ybGQvYW1lcmljYXMvdXMtcG9saXRpY3MvdHJ1bXAtYnVyZ3VtLWhhbGV5LW5ldy1qZXJzZXktcmFsbHktYjI1NDM3MTQuaHRtbNIBAA?hl=en-US&gl=US&ceid=US%3Aen",
            "og": "https://encrypted-tbn0.gstatic.com/images?q=tbn:ANd9GcRob09z6FhaZBEdfN6PjONwKKOnrPIait-wQDHRe99BC-Sxxqz4XC81TmrsoP201K-OvemM-BOox6z-vHDJsMtLfuPrjVveZl6jXe6R",
            "source": "The Independent",
            "source_icon": "https://encrypted-tbn1.gstatic.com/faviconV2?url=https://www.independent.co.uk&client=NEWS_360&size=96&type=FAVICON&fallback_opts=TYPE,SIZE,URL",
            "title": "Potential VP pick flies with Trump to wild Jersey rally after he nixed another"
        },
        {
            "link": "https://news.google.com/articles/CBMiywFodHRwczovL3d3dy5sb2NhbDEyLmNvbS9uZXdzL25hdGlvbi13b3JsZC9hbnRpLWlzcmFlbC1kZW1vbnN0cmF0b3JzLWdhdGhlci1hZnRlci11dC1hdXN0aW4tY29tbWVuY2VtZW50LWNlcmVtb255LXVuaXZlcnNpdHktb2YtdGV4YXMtYXQtYXVzdGluLWRlcGFydG1lbnQtb2YtcHVibGljLXNhZmV0eS1kcHMtaXNyYWVsLWhhbWFzLXdhci1taWRkbGUtZWFzdNIBywFodHRwczovL2xvY2FsMTIuY29tL2FtcC9uZXdzL25hdGlvbi13b3JsZC9hbnRpLWlzcmFlbC1kZW1vbnN0cmF0b3JzLWdhdGhlci1hZnRlci11dC1hdXN0aW4tY29tbWVuY2VtZW50LWNlcmVtb255LXVuaXZlcnNpdHktb2YtdGV4YXMtYXQtYXVzdGluLWRlcGFydG1lbnQtb2YtcHVibGljLXNhZmV0eS1kcHMtaXNyYWVsLWhhbWFzLXdhci1taWRkbGUtZWFzdA?hl=en-US&gl=US&ceid=US%3Aen",
            "og": "https://encrypted-tbn2.gstatic.com/images?q=tbn:ANd9GcTlDN-Jvxec-aXf-AtMvrkWZABpbP7JJEgz9jNgzMWK5pcYP1s0WzSsmBXxfoTcBlTIIXOt93h6p5gA8h5zgPWROhIBzzckN2hM7RaC2nIB3v5mqw",
            "source": "WKRC TV Cincinnati",
            "source_icon": "https://encrypted-tbn0.gstatic.com/faviconV2?url=https://www.local12.com&client=NEWS_360&size=96&type=FAVICON&fallback_opts=TYPE,SIZE,URL",
            "title": "Anti-Israel demonstrators gather after UT Austin commencement"
        },
        {
            "link": "https://news.google.com/articles/CBMizgFodHRwczovL2xvY2FsMTIuY29tL25ld3MvbmF0aW9uLXdvcmxkL2tlbnR1Y2t5LWdvdmVybm9yLWRpc2N1c3Nlcy1uZXh0LXN0ZXBzLXJlZ2FyZGluZy1tZWRpY2FsLW1hcmlqdWFuYS11c2FnZS13ZWVkLWd1bW1pZXMtZGVsdGEtOC1kZWx0YS05LWVkaWJsZXMtcmVjcmVhdGlvbmFsLWhlYWx0aC1hbmR5LWJlc2hlYXItZHJ1Zy1yZWNsYXNzaWZpY2F0aW9uLWRlYdIB0gFodHRwczovL2xvY2FsMTIuY29tL2FtcC9uZXdzL25hdGlvbi13b3JsZC9rZW50dWNreS1nb3Zlcm5vci1kaXNjdXNzZXMtbmV4dC1zdGVwcy1yZWdhcmRpbmctbWVkaWNhbC1tYXJpanVhbmEtdXNhZ2Utd2VlZC1ndW1taWVzLWRlbHRhLTgtZGVsdGEtOS1lZGlibGVzLXJlY3JlYXRpb25hbC1oZWFsdGgtYW5keS1iZXNoZWFyLWRydWctcmVjbGFzc2lmaWNhdGlvbi1kZWE?hl=en-US&gl=US&ceid=US%3Aen",
            "og": "https://encrypted-tbn0.gstatic.com/images?q=tbn:ANd9GcQTjBZkWOKILrakUoc5VWi0cIsBw0udRpNqE45-HwDiVtv45T8p9OkBQ7Xr_5W0v3LIDMcvepyE_2RZn4Ktay1Y9QK-dB47uvWPMzbiT3_SBA_tjg",
            "source": "WKRC TV Cincinnati",
            "source_icon": "https://encrypted-tbn1.gstatic.com/faviconV2?url=https://local12.com&client=NEWS_360&size=96&type=FAVICON&fallback_opts=TYPE,SIZE,URL",
            "title": "Kentucky governor discusses next steps regarding medical marijuana usage"
        },
        {
            "link": "https://news.google.com/articles/CBMiTWh0dHBzOi8vd3d3Lm5ld3N3ZWVrLmNvbS9iZXJuaWUtc2FuZGVycy1pc3N1ZXMtc2NhdGhpbmctcmVidWtlLWlzcmFlbC0xODk5NjU50gEA?hl=en-US&gl=US&ceid=US%3Aen",
            "og": "https://encrypted-tbn3.gstatic.com/images?q=tbn:ANd9GcRCpAYESTBXsDx6X_tVPg-s09caog7m0DSRZXi4tw_q69u4MpUSBfEr9qnn-qmcpnE2ZWTw7f320NicBruGvjcOqulS6RcM9FFL0kTsf1nZFuvDbw",
            "source": "Newsweek",
            "source_icon": "https://encrypted-tbn3.gstatic.com/faviconV2?url=https://www.newsweek.com&client=NEWS_360&size=96&type=FAVICON&fallback_opts=TYPE,SIZE,URL",
            "title": "Bernie Sanders Issues Scathing Rebuke of Israel"
        },
        {
            "link": "https://news.google.com/articles/CBMicWh0dHBzOi8vdGhlaGlsbC5jb20vcmVndWxhdGlvbi9jb3VydC1iYXR0bGVzLzQ2NTg1MTgtbWFyeS10cnVtcC1hYnN1cmQtdG8tdGhpbmstdHJ1bXAtd291bGQtd2lsbGluZ2x5LWdvLXRvLWphaWwv0gF1aHR0cHM6Ly90aGVoaWxsLmNvbS9yZWd1bGF0aW9uL2NvdXJ0LWJhdHRsZXMvNDY1ODUxOC1tYXJ5LXRydW1wLWFic3VyZC10by10aGluay10cnVtcC13b3VsZC13aWxsaW5nbHktZ28tdG8tamFpbC9hbXAv?hl=en-US&gl=US&ceid=US%3Aen",
            "og": "https://encrypted-tbn2.gstatic.com/images?q=tbn:ANd9GcRAoQXJwwC5IX-Uo4T9XFvtRiBc80KF-L7UqcPozcNM7pYm5SHChrisFpFg3eWwki6J2cQ5JQ_PAQPwfXS9i0Axlhq7g1p5OGosemmrkHASORuTuQ",
            "source": "The Hill",
            "source_icon": "https://encrypted-tbn2.gstatic.com/faviconV2?url=https://thehill.com&client=NEWS_360&size=96&type=FAVICON&fallback_opts=TYPE,SIZE,URL",
            "title": "Mary Trump: ‘Absurd’ to think Trump would willingly go to jail"
        },
        {
            "link": "https://news.google.com/articles/CBMibWh0dHBzOi8vd3d3Lm5iY25ld3MuY29tL25ld3MvZ2VvcmdpYS1tb3RoZXItZmF0YWxseS1tYXVsZWQtZG9ncy1hdHRhY2tlZC1jaGlsZHJlbi1kYXlzLW1vdGhlcnMtZGF5LXJjbmExNTE4NjXSAStodHRwczovL3d3dy5uYmNuZXdzLmNvbS9uZXdzL2FtcC9yY25hMTUxODY1?hl=en-US&gl=US&ceid=US%3Aen",
            "og": "https://encrypted-tbn3.gstatic.com/images?q=tbn:ANd9GcTuvcNeY2nImKTXx5oobNE5bx-ipmNiDhtOWc1THNSLyvmjU8Po3dL3lh5n-E2AVPVj9zYKQ4rdf9woXOOoRn22SIeXMhch6h_7OW0_sMTpGHvyXQ",
            "source": "NBC News",
            "source_icon": "https://encrypted-tbn1.gstatic.com/faviconV2?url=https://www.nbcnews.com&client=NEWS_360&size=96&type=FAVICON&fallback_opts=TYPE,SIZE,URL",
            "title": "Georgia mother fatally mauled by dogs who attacked her and her children days before Mother's Day"
        },
        {
            "link": "https://news.google.com/articles/CBMiX2h0dHBzOi8vd3d3Lm5iY25ld3MuY29tL3BvbGl0aWNzL2VsZWN0aW9ucy93aXNjb25zaW4tc3VwcmVtZS1jb3VydC1iYWxsb3QtZHJvcC1ib3hlcy1yY25hMTUxNDIy0gEraHR0cHM6Ly93d3cubmJjbmV3cy5jb20vbmV3cy9hbXAvcmNuYTE1MTQyMg?hl=en-US&gl=US&ceid=US%3Aen",
            "og": "https://encrypted-tbn0.gstatic.com/images?q=tbn:ANd9GcReSastdJpVQJgSyBMhMzPCG_zg0Koz3f32CAGCvFLv-W2wj7P3ZQAK4DKIpPQ0VfLIkM0Kzbubo8zKvjBR9boiOHhjIiquVft96uVYRuS6qJ5NhA",
            "source": "NBC News",
            "source_icon": "https://encrypted-tbn1.gstatic.com/faviconV2?url=https://www.nbcnews.com&client=NEWS_360&size=96&type=FAVICON&fallback_opts=TYPE,SIZE,URL",
            "title": "Wisconsin Supreme Court to revisit ruling that banned most ballot drop boxes"
        },
        {
            "link": "https://news.google.com/articles/CBMicmh0dHBzOi8vd3d3LmtjcmEuY29tL2FydGljbGUvc2hlLWxlZnQtYXMtaGVyby1ib2R5LW1pc3NpbmctMzAteWVhci1vbGQtbW90aGVyLXJlY292ZXJlZC1zYW4tam9hcXVpbi1yaXZlci82MDc2NzAzNNIBAA?hl=en-US&gl=US&ceid=US%3Aen",
            "og": "https://encrypted-tbn2.gstatic.com/images?q=tbn:ANd9GcTTknQYuxzh55UZo7ai_uGYf0kxMzl0jXXoCtyJFnVzbFOLmMHpTYh0mfqyaWyIuMcikodpJ3TcGgF99Uh0AsI9duo0S8Q6_9tOrEQ89MbhJMCTiw",
            "source": "KCRA Sacramento",
            "source_icon": "https://encrypted-tbn3.gstatic.com/faviconV2?url=https://www.kcra.com&client=NEWS_360&size=96&type=FAVICON&fallback_opts=TYPE,SIZE,URL",
            "title": "Body of missing 30-year-old mother recovered from San Joaquin River"
        },
        {
            "link": "https://news.google.com/articles/CBMiSGh0dHBzOi8vd3d3Lndvb2R0di5jb20vbmV3cy9uYXRpb25hbC90b3AtdGhyaWxsLTItY2xvc2VkLWF0LWNlZGFyLXBvaW50L9IBTGh0dHBzOi8vd3d3Lndvb2R0di5jb20vbmV3cy9uYXRpb25hbC90b3AtdGhyaWxsLTItY2xvc2VkLWF0LWNlZGFyLXBvaW50L2FtcC8?hl=en-US&gl=US&ceid=US%3Aen",
            "og": "https://encrypted-tbn2.gstatic.com/images?q=tbn:ANd9GcRLFbXRLJ295QTD_WtgjRmnA5IOl8Gmnqz_RdT7Kfv_Y22OQvvfYSERE5FTb1DpbCUx9hG30VjNs3u2sV-RHa0aD1Y52Z56Kl2ZzxC7cy5d2or6EA",
            "source": "WOODTV.com",
            "source_icon": "https://encrypted-tbn1.gstatic.com/faviconV2?url=https://www.woodtv.com&client=NEWS_360&size=96&type=FAVICON&fallback_opts=TYPE,SIZE,URL",
            "title": "Top Thrill 2 closed at Cedar Point"
        },
        {
            "link": "https://news.google.com/articles/CBMiZWh0dHBzOi8vYWJjbmV3cy5nby5jb20vVVMvd2lyZVN0b3J5L2V4cGVydHMtZ3VuLWp1c3RpZnktZGVhZGx5LWZvcmNlLWZhdGFsLXNob290aW5nLWZsb3JpZGEtMTEwMTM3MDAy0gFpaHR0cHM6Ly9hYmNuZXdzLmdvLmNvbS9hbXAvVVMvd2lyZVN0b3J5L2V4cGVydHMtZ3VuLWp1c3RpZnktZGVhZGx5LWZvcmNlLWZhdGFsLXNob290aW5nLWZsb3JpZGEtMTEwMTM3MDAy?hl=en-US&gl=US&ceid=US%3Aen",
            "og": "https://encrypted-tbn3.gstatic.com/images?q=tbn:ANd9GcQCQCJkogZPNO5RAJUwDASmuRSapmvVSOhlMDPTKLRRX5uX0U7IzhA9x3HQzFvpjH011aS099pBudmwfSdhq-zJUK3TUoENoaUFXHaprT_PS27K1A",
            "source": "ABC News",
            "source_icon": "https://encrypted-tbn3.gstatic.com/faviconV2?url=https://abcnews.go.com&client=NEWS_360&size=96&type=FAVICON&fallback_opts=TYPE,SIZE,URL",
            "title": "Experts say gun alone doesn't justify deadly force in fatal shooting of Florida airman"
        },
        {
            "link": "https://news.google.com/articles/CBMiY2h0dHBzOi8vd3d3LnVzYXRvZGF5LmNvbS9zdG9yeS9uZXdzL25hdGlvbi8yMDI0LzA1LzEyL21pbm5lc290YS11bmZ1cmxzLW5ldy1zdGF0ZS1mbGFnLzczNjY0MjQwMDA3L9IBAA?hl=en-US&gl=US&ceid=US%3Aen",
            "og": "https://encrypted-tbn1.gstatic.com/images?q=tbn:ANd9GcSkOgZsB8bp55KjNMt6Vbl-LBaMDOWFqNwtgnmLEXzcyomSGVmmt0CJClfjX781yxXRr-m4B61IYh1pinhaLRUBvG7RFflVRId9tZGo9-5mc5yhxw",
            "source": "USA TODAY",
            "source_icon": "https://encrypted-tbn0.gstatic.com/faviconV2?url=https://www.usatoday.com&client=NEWS_360&size=96&type=FAVICON&fallback_opts=TYPE,SIZE,URL",
            "title": "Minnesota unfurls new state flag, see unused submissions"
        },
        {
            "link": "https://news.google.com/articles/CBMiZGh0dHBzOi8va3RsYS5jb20vbmV3cy9sb2NhbC1uZXdzL2JveS0xNy1yaWRpbmctYS1zY29vdGVyLWtpbGxlZC1ieS1oaXQtYW5kLXJ1bi1kcml2ZXItaW4tbG9uZy1iZWFjaC_SAWhodHRwczovL2t0bGEuY29tL25ld3MvbG9jYWwtbmV3cy9ib3ktMTctcmlkaW5nLWEtc2Nvb3Rlci1raWxsZWQtYnktaGl0LWFuZC1ydW4tZHJpdmVyLWluLWxvbmctYmVhY2gvYW1wLw?hl=en-US&gl=US&ceid=US%3Aen",
            "og": "https://encrypted-tbn3.gstatic.com/images?q=tbn:ANd9GcRSwZ39IYfT5bYS75Yp2bYt42ePzfv6mc7CjHHhyJ_zeXs_D0GyjJ-6JaxPYbdmDj85mXKJmvRfxdar5X995hFRSQ7qcd6wxcFNbpwm6aWS5FHFuA",
            "source": "KTLA Los Angeles",
            "source_icon": "https://encrypted-tbn2.gstatic.com/faviconV2?url=https://ktla.com&client=NEWS_360&size=96&type=FAVICON&fallback_opts=TYPE,SIZE,URL",
            "title": "Boy riding a scooter, 17, killed by hit-and-run driver in Long Beach"
        },
        {
            "link": "https://news.google.com/articles/CBMiU2h0dHBzOi8vd3d3LnNoZWtub3dzLmNvbS9wYXJlbnRpbmcvYXJ0aWNsZXMvMzAyMjc0OC9iYXJyb24tdHJ1bXAtdm9pY2UtdmlyYWwtdmlkZW8v0gFXaHR0cHM6Ly93d3cuc2hla25vd3MuY29tL3BhcmVudGluZy9hcnRpY2xlcy8zMDIyNzQ4L2JhcnJvbi10cnVtcC12b2ljZS12aXJhbC12aWRlby9hbXAv?hl=en-US&gl=US&ceid=US%3Aen",
            "og": "https://encrypted-tbn2.gstatic.com/images?q=tbn:ANd9GcSqB8MJrVtTwOqTk9K1HdfKXPSggDw3sykUs1Z6yqxlMEVVpaQqXIAlobG0Mtb3rvMByzcdiB9z-OKThBf1EWGZGXCQz58TQf9qzUpWyrcZvtJD_Q",
            "source": "SheKnows",
            "source_icon": "https://encrypted-tbn2.gstatic.com/faviconV2?url=https://www.sheknows.com&client=NEWS_360&size=96&type=FAVICON&fallback_opts=TYPE,SIZE,URL",
            "title": "A Super-Rare Clip of Barron Trump’s Voice Has the Internet Comparing Him to This Family Member"
        },
        {
            "link": "https://news.google.com/articles/CBMigQFodHRwczovL3d3dy51c2F0b2RheS5jb20vc3RvcnkvbmV3cy9uYXRpb24vMjAyNC8wNS8xMi9mcmFuY2lzLXNjb3R0LWtleS1icmlkZ2UtY29sbGFwc2UtcmVhY3Rpb24tb24tYm9keS1jYW0tZm9vdGFnZS83MzY2NDAyOTAwNy_SAQA?hl=en-US&gl=US&ceid=US%3Aen",
            "og": "https://encrypted-tbn0.gstatic.com/images?q=tbn:ANd9GcQuHSCBQhSdeGwgzxbrFOuH6nJGSZ29VsT00JT0RI2m_mIStrroD8OBcQT_ZzUlJIU1eo8xCkkxMhnyPZCGbLwrZXKqjLPjTP7MUzyYogCedO8Sgg",
            "source": "USA TODAY",
            "source_icon": "https://encrypted-tbn0.gstatic.com/faviconV2?url=https://www.usatoday.com&client=NEWS_360&size=96&type=FAVICON&fallback_opts=TYPE,SIZE,URL",
            "title": "Francis Scott Key Bridge: First responder's reaction captured on body cam"
        },
        {
            "link": "https://news.google.com/articles/CBMiYWh0dHBzOi8vd3d3Lndhc2hpbmd0b25wb3N0LmNvbS9kYy1tZC12YS8yMDI0LzA1LzEyL21hcnlsYW5kLWRlbWNyYXRpYy1zZW5hdGUtcHJpbWFyeS1yYWNlLWdlbmRlci_SAQA?hl=en-US&gl=US&ceid=US%3Aen",
            "og": "https://encrypted-tbn2.gstatic.com/images?q=tbn:ANd9GcRltI46S7R5no_21mqLDkKUvEJC7toLa0oxBGycRTQ54agZuZvb7uBJuAiMaQCjBOTkmfCGAKZTOArWyhRBdmqw0HhYrIBT9WnPmpsB7hZOLAxj6Q",
            "source": "The Washington Post",
            "source_icon": "https://encrypted-tbn3.gstatic.com/faviconV2?url=https://www.washingtonpost.com&client=NEWS_360&size=96&type=FAVICON&fallback_opts=TYPE,SIZE,URL",
            "title": "Maryland’s consequential Democratic U.S. Senate primary is May 14."
        },
        {
            "link": "https://news.google.com/articles/CBMiamh0dHBzOi8vd3d3Lm5ld3N3ZWVrLmNvbS9haWxlZW4tY2Fubm9uLW92ZXJzZWVpbmctdHJ1bXAtY2FzZS1nb3Zlcm5tZW50YWwtaW5zYW5pdHktZ2xlbm4ta2lyc2NobmVyLTE4OTk2NDDSAQA?hl=en-US&gl=US&ceid=US%3Aen",
            "og": "https://encrypted-tbn2.gstatic.com/images?q=tbn:ANd9GcQfR3Yl1dqkH1vNiLw3CqiUkD8AsKuQtqdYVO7L2kNOOGfp_mWA7dgJiWw5fM1ifU_V7hfziX9Lbm7oX9M_1Te57EW3AAageY65GCF3IhlS6LFQ0g",
            "source": "Newsweek",
            "source_icon": "https://encrypted-tbn3.gstatic.com/faviconV2?url=https://www.newsweek.com&client=NEWS_360&size=96&type=FAVICON&fallback_opts=TYPE,SIZE,URL",
            "title": "Aileen Cannon Overseeing Trump Case Is 'Governmental Insanity'—Attorney"
        },
        {
            "link": "https://news.google.com/articles/CBMiS2h0dHBzOi8vd3d3Lm55dGltZXMuY29tLzIwMjQvMDUvMTIvdXMvamltLWp1c3RpY2Utd2VzdC12aXJnaW5pYS1zZW5hdGUuaHRtbNIBAA?hl=en-US&gl=US&ceid=US%3Aen",
            "og": "https://encrypted-tbn1.gstatic.com/images?q=tbn:ANd9GcSov774Rd9EihbBFIMPY6HaM3jVCi2-lTNjSEur6Ra7RiYTl-HXp23hpiu9Gg8Lenhfu9bDEC60MNpUJCIIEs7PvgN4g-3mG3t2V3KQH9q7xvO1aw",
            "source": "The New York Times",
            "source_icon": "https://encrypted-tbn2.gstatic.com/faviconV2?url=https://www.nytimes.com&client=NEWS_360&size=96&type=FAVICON&fallback_opts=TYPE,SIZE,URL",
            "title": "Gov. Jim Justice Faces Heavy Business Debts as He Seeks Senate Seat"
        }
    ],
    "World": [
        {
            "link": "https://news.google.com/articles/CBMiaWh0dHBzOi8vd3d3LmNubi5jb20vMjAyNC8wNS8xMi9ldXJvcGUvc2VyZ2VpLXNob2lndS1wdXRpbi1yZXBsYWNlcy1kZWZlbnNlLW1pbmlzdGVyLWludGwtbGF0YW0vaW5kZXguaHRtbNIBYmh0dHBzOi8vYW1wLmNubi5jb20vY25uLzIwMjQvMDUvMTIvZXVyb3BlL3NlcmdlaS1zaG9pZ3UtcHV0aW4tcmVwbGFjZXMtZGVmZW5zZS1taW5pc3Rlci1pbnRsLWxhdGFt?hl=en-US&gl=US&ceid=US%3Aen",
            "og": "https://encrypted-tbn0.gstatic.com/images?q=tbn:ANd9GcT7XT86gxn1tHWBwjPcF3Y0PoSLKBSXWYHk1ZWN3QAg2Czg7Diz79zR6MovJq5krwA07lbTs1EvrCnvrnlPxpEs2DR0c_vAbFPRf-V2CZfZySKttQ",
            "source": "CNN",
            "source_icon": "https://encrypted-tbn2.gstatic.com/faviconV2?url=https://www.cnn.com&client=NEWS_360&size=96&type=FAVICON&fallback_opts=TYPE,SIZE,URL",
            "title": "Putin replaces Russia’s defense minister with a civilian as Ukraine war rages and defense spending spirals"
        },
        {
            "link": "https://news.google.com/articles/CBMibGh0dHBzOi8vd3d3LnJldXRlcnMuY29tL3dvcmxkL21pZGRsZS1lYXN0L2lzcmFlbGktZm9yY2VzLXN0ZXAtdXAtYXR0YWNrcy1qYWJhbGlhLWNhbXAtcmFmYWgtZ2F6YS0yMDI0LTA1LTEzL9IBAA?hl=en-US&gl=US&ceid=US%3Aen",
            "og": "https://encrypted-tbn1.gstatic.com/images?q=tbn:ANd9GcTi7RKN245HQ0evTDmBH0Pi8pYYTgYEIc3-H53fcGuACd9UJ6em17JclUQr1_QgB4mB4dSZIaz6o7BpcxcsZw33uUyeewe4ibyqoQOaNZC5cb0yBg",
            "source": "Reuters",
            "source_icon": "https://encrypted-tbn2.gstatic.com/faviconV2?url=https://www.reuters.com&client=NEWS_360&size=96&type=FAVICON&fallback_opts=TYPE,SIZE,URL",
            "title": "Israeli forces step up attacks on Jabalia camp and Rafah in Gaza"
        },
        {
            "link": "https://news.google.com/articles/CBMiS2h0dHBzOi8vd3d3Lm55dGltZXMuY29tLzIwMjQvMDUvMTIvd29ybGQvZXVyb3BlL3NwYWluLWNhdGFsYW4tZWxlY3Rpb24uaHRtbNIBAA?hl=en-US&gl=US&ceid=US%3Aen",
            "og": "https://encrypted-tbn0.gstatic.com/images?q=tbn:ANd9GcSk2Go0MSFE11Y-fe3FicSrnfEGoevjAgWTlDmgF6nDR-yozinmJKReNviiFp-OIbbjUpzBJKXx5IOG6Pgffo17VMnhFJMqrOdiP6Jp",
            "source": "The New York Times",
            "source_icon": "https://encrypted-tbn2.gstatic.com/faviconV2?url=https://www.nytimes.com&client=NEWS_360&size=96&type=FAVICON&fallback_opts=TYPE,SIZE,URL",
            "title": "Spain's Socialists Win Catalan Vote Dominated by Amnesty for Separatists"
        },
        {
            "link": "https://news.google.com/articles/CBMiYmh0dHBzOi8vd3d3LnJldXRlcnMuY29tL3dvcmxkL2FzaWEtcGFjaWZpYy9pbmRvbmVzaWFzLW10LWlidS1lcnVwdHMtc3Bld2luZy1hc2gtY2xvdWRzLTIwMjQtMDUtMTMv0gEA?hl=en-US&gl=US&ceid=US%3Aen",
            "og": "https://encrypted-tbn3.gstatic.com/images?q=tbn:ANd9GcTDns9uYmBfvm6rgYX_PBIo7fW8R4GOb3_vP4Ms2lQhGhO0IQP3PYtQ10AzqX5ZCtunYdYLwMSwStGF66lplNfMO56277hyLV0xguu-rn7v_Y5DjQ",
            "source": "Reuters",
            "source_icon": "https://encrypted-tbn2.gstatic.com/faviconV2?url=https://www.reuters.com&client=NEWS_360&size=96&type=FAVICON&fallback_opts=TYPE,SIZE,URL",
            "title": "Indonesia's Mt Ibu erupts, spewing ash clouds"
        },
        {
            "link": "https://news.google.com/articles/CBMiLmh0dHBzOi8vd3d3LmJiYy5jb20vbmV3cy9hcnRpY2xlcy9jNzJwMHh4NDEweG_SATJodHRwczovL3d3dy5iYmMuY29tL25ld3MvYXJ0aWNsZXMvYzcycDB4eDQxMHhvLmFtcA?hl=en-US&gl=US&ceid=US%3Aen",
            "og": "https://encrypted-tbn0.gstatic.com/images?q=tbn:ANd9GcQQHN25-KEvPlhchsXtBfd6qjc_iyRGEotbFDaf9zhBoSnAf-nWbzQTbklDYQlzAjm4r7YBdL0LNNtL_YyzE0oghl3-BBCHmqoKeNAeLVj_tB5pXA",
            "source": "BBC.com",
            "source_icon": "https://encrypted-tbn2.gstatic.com/faviconV2?url=https://www.bbc.com&client=NEWS_360&size=96&type=FAVICON&fallback_opts=TYPE,SIZE,URL",
            "title": "Russians simply walked in, Ukraine troops in Kharkiv tell BBC"
        },
        {
            "link": "https://news.google.com/articles/CBMiZGh0dHBzOi8vYXBuZXdzLmNvbS9hcnRpY2xlL2lzcmFlbC1nYXphLXdhci1mYWxsZW4tc29sZGllcnMtbWVtb3JpYWwtOWU1ZTM1ZWY2MzUyYzc5YWI1OWU3ZjNiOGE3ZjdhMWLSAQA?hl=en-US&gl=US&ceid=US%3Aen",
            "og": "https://encrypted-tbn1.gstatic.com/images?q=tbn:ANd9GcQBcH5UhTH2OG5PXRb45xfk_TpOvwl06LV1TmIkeKAorvexA3QgYL-VANBPqQax4bLWRXmVCEIin_ZkPS1S5WqlYIwIYA9LgIigclPwCoVbLDE6aQ",
            "source": "The Associated Press",
            "source_icon": "https://encrypted-tbn2.gstatic.com/faviconV2?url=https://apnews.com&client=NEWS_360&size=96&type=FAVICON&fallback_opts=TYPE,SIZE,URL",
            "title": "Profound sadness, anger grips Israel on Memorial Day"
        },
        {
            "link": "https://news.google.com/articles/CBMiVmh0dHBzOi8vYXBuZXdzLmNvbS9hcnRpY2xlL2Rlbm1hcmstY29pbi1hdWN0aW9uLWJydXVuLTQ5MzU5ZDlmM2U1YzBkMzAxNzcxYjE4YTI1NDY0MDU20gEA?hl=en-US&gl=US&ceid=US%3Aen",
            "og": "https://encrypted-tbn1.gstatic.com/images?q=tbn:ANd9GcR6BrSjtiZohBUQQY8ml2TG3bEBuvHJ_ByTdwSfqG1tSpDghKGxOKpPNy7cz79nUNr4TKzhwZUNXYThYtOe_e4wYOqBzwQVQ6KY6e1i1jn_zbd87g",
            "source": "The Associated Press",
            "source_icon": "https://encrypted-tbn2.gstatic.com/faviconV2?url=https://apnews.com&client=NEWS_360&size=96&type=FAVICON&fallback_opts=TYPE,SIZE,URL",
            "title": "Danish butter tycoon's big coin collection could fetch up to $72 million"
        },
        {
            "link": "https://news.google.com/articles/CBMia2h0dHBzOi8vd3d3LmNuYmMuY29tLzIwMjQvMDUvMTMvcmlzaGktc3VuYWstd2FybnMtYnJpdGFpbi1pcy1hdC1hLWNyb3Nzcm9hZHMtYWhlYWQtb2YtZ2VuZXJhbC1lbGVjdGlvbi5odG1s0gEA?hl=en-US&gl=US&ceid=US%3Aen",
            "og": "https://encrypted-tbn1.gstatic.com/images?q=tbn:ANd9GcTm5WK58fCiJlevbIeEOfbLRVx70k2vEY7EXuX_6WSTw_oosDV5PU6xbd-AKKwEZ8WyEGyk576R_gTxP6iUo0GfBaOL-2sBReYIAK-dVBb124ssiA",
            "source": "CNBC",
            "source_icon": "https://encrypted-tbn0.gstatic.com/faviconV2?url=https://www.cnbc.com&client=NEWS_360&size=96&type=FAVICON&fallback_opts=TYPE,SIZE,URL",
            "title": "Rishi Sunak warns Britain is at a crossroads ahead of general election"
        },
        {
            "link": "https://news.google.com/articles/CBMicWh0dHBzOi8vd3d3LmFsamF6ZWVyYS5jb20vbmV3cy8yMDI0LzUvMTMvdGhvdXNhbmRzLW9mLWdlb3JnaWFucy1kZWZ5LXdhcm5pbmdzLXRvLWpvaW4tcHJvdGVzdC1hZ2FpbnN0LXJ1c3NpYS1iaWxs0gEA?hl=en-US&gl=US&ceid=US%3Aen",
            "og": "https://encrypted-tbn1.gstatic.com/images?q=tbn:ANd9GcR39NALIUksWoE3cGV8jVOltxGHMTDC7MRpf3WRk1_I66Dt0Zp8wGh1brMFchtrhUqOacOx10ZoagQVeKutZqRmeoFVqbUHMD-iWXyI-bijPcD8wg",
            "source": "Al Jazeera English",
            "source_icon": "https://encrypted-tbn0.gstatic.com/faviconV2?url=https://www.aljazeera.com&client=NEWS_360&size=96&type=FAVICON&fallback_opts=TYPE,SIZE,URL",
            "title": "Thousands of Georgians defy warnings to join protest against 'Russia' bill"
        },
        {
            "link": "https://news.google.com/articles/CBMiLWh0dHBzOi8vd3d3LmJiYy5jb20vbmV3cy91ay1wb2xpdGljcy02ODk5OTIxMtIBMWh0dHBzOi8vd3d3LmJiYy5jb20vbmV3cy91ay1wb2xpdGljcy02ODk5OTIxMi5hbXA?hl=en-US&gl=US&ceid=US%3Aen",
            "og": "https://encrypted-tbn3.gstatic.com/images?q=tbn:ANd9GcTcscNKMbyPsrUJ1G9O7VL0ApxqK0YP9Itfi74nxqXIeNLWalvLmkMdgJjelKlcpj16N0ZlCiWFwiOmMiFnEjnvx2Ehh2T0fmopFoLf_nHwo29ZlQ",
            "source": "BBC.com",
            "source_icon": "https://encrypted-tbn2.gstatic.com/faviconV2?url=https://www.bbc.com&client=NEWS_360&size=96&type=FAVICON&fallback_opts=TYPE,SIZE,URL",
            "title": "UK ban on selling arms to Israel would strengthen Hamas, says Cameron"
        },
        {
            "link": "https://news.google.com/articles/CBMiLmh0dHBzOi8vd3d3LmJiYy5jb20vbmV3cy9hcnRpY2xlcy9jeTl4enp5NTdseW_SATJodHRwczovL3d3dy5iYmMuY29tL25ld3MvYXJ0aWNsZXMvY3k5eHp6eTU3bHlvLmFtcA?hl=en-US&gl=US&ceid=US%3Aen",
            "og": "https://encrypted-tbn2.gstatic.com/images?q=tbn:ANd9GcTWUs5c4ATt4ZaO8sZPp4fxqvcBsninYqpME629sTLTnOpBh-OFITYCEp0kdnrDfSdtnXb5H8V0IdRoGT9z-ayOU0-qtuR9CzHmjYbvZJBLLv4r9g",
            "source": "BBC.com",
            "source_icon": "https://encrypted-tbn2.gstatic.com/faviconV2?url=https://www.bbc.com&client=NEWS_360&size=96&type=FAVICON&fallback_opts=TYPE,SIZE,URL",
            "title": "Indonesia: Floods and cold lava from Marapi volcano kill 41"
        },
        {
            "link": "https://news.google.com/articles/CBMiVmh0dHBzOi8vd3d3Lm5ld3N3ZWVrLmNvbS9saW5kc2V5LWdyYWhhbXMtbnVjbGVhci1ib21icy10YW50cnVtLXNwYXJrcy1iYWNrbGFzaC0xODk5NjY40gEA?hl=en-US&gl=US&ceid=US%3Aen",
            "og": "https://encrypted-tbn1.gstatic.com/images?q=tbn:ANd9GcRGZ5i5qHHWkVb9mdOQ-T8_Wng5iTflN72Jvnv7kLvqu1W9KWBq9ST2kno4zaXQLcVxLU-ptAoeSW5GfbW-Fs93ku_4eEjJKhIXHTnup6bT7h9Ncw",
            "source": "Newsweek",
            "source_icon": "https://encrypted-tbn3.gstatic.com/faviconV2?url=https://www.newsweek.com&client=NEWS_360&size=96&type=FAVICON&fallback_opts=TYPE,SIZE,URL",
            "title": "Lindsey Graham's Nuclear Bombs 'Tantrum' Sparks Backlash"
        },
        {
            "link": "https://news.google.com/articles/CBMinQFodHRwczovL255cG9zdC5jb20vMjAyNC8wNS8xMi93b3JsZC1uZXdzL3VrcmFpbmlhbi1haXJzdHJpa2Uta2lsbHMtYXQtbGVhc3QtOS1pbi1vbmUtb2Yta3lpdnMtb3duLWFwYXJ0bWVudC1ibG9ja3MtaW4tcnVzc2lhbi1jb250cm9sbGVkLWNpdHkta3JlbWxpbi1jbGFpbXMv0gGhAWh0dHBzOi8vbnlwb3N0LmNvbS8yMDI0LzA1LzEyL3dvcmxkLW5ld3MvdWtyYWluaWFuLWFpcnN0cmlrZS1raWxscy1hdC1sZWFzdC05LWluLW9uZS1vZi1reWl2cy1vd24tYXBhcnRtZW50LWJsb2Nrcy1pbi1ydXNzaWFuLWNvbnRyb2xsZWQtY2l0eS1rcmVtbGluLWNsYWltcy9hbXAv?hl=en-US&gl=US&ceid=US%3Aen",
            "og": "https://encrypted-tbn3.gstatic.com/images?q=tbn:ANd9GcTTDVHxW0cPfdmU7TXUPpwuFxllgRDyT_i_Zf2b3mfl_LRRRVeXCI118rRJk1chTO8G7ZvHeC03s8kK6IgxfacxTfNjdulZY0LAl1uzXqOwNRkhgQ",
            "source": "New York Post",
            "source_icon": "https://encrypted-tbn3.gstatic.com/faviconV2?url=https://nypost.com&client=NEWS_360&size=96&type=FAVICON&fallback_opts=TYPE,SIZE,URL",
            "title": "Ukrainian airstrike kills at least 9 in one of Kyiv's own apartment blocks in Russian-controlled city, Kremlin claims"
        },
        {
            "link": "https://news.google.com/articles/CBMidGh0dHBzOi8vd3d3LnJldXRlcnMuY29tL3dvcmxkL2FzaWEtcGFjaWZpYy9hdXN0cmFsaWFuLWNvdXJ0LWxpZnRzLW9yZGVyLWJsb2NraW5nLXgtY2h1cmNoLXN0YWJiaW5nLXZpZGVvLTIwMjQtMDUtMTMv0gEA?hl=en-US&gl=US&ceid=US%3Aen",
            "og": "https://encrypted-tbn3.gstatic.com/images?q=tbn:ANd9GcR_CzzHAM-IHSlajM0Mn2R6leSq5RRX_RgMq4B2EK1wZxcVka_5qzOiKn8Qo90nu7jaHUHvYKhqWcDUi6AHxogD-ep92Ic4h4vR8hlC8rsav-v4VQ",
            "source": "Reuters",
            "source_icon": "https://encrypted-tbn2.gstatic.com/faviconV2?url=https://www.reuters.com&client=NEWS_360&size=96&type=FAVICON&fallback_opts=TYPE,SIZE,URL",
            "title": "Australian court lifts order blocking X on church stabbing video"
        },
        {
            "link": "https://news.google.com/articles/CBMiaGh0dHBzOi8vd3d3LmNubi5jb20vMjAyNC8wNS8xMi90cmF2ZWwvdWstbW91bnRhaW5lZXItbmVwYWxpLWxvZ3MtbW9zdC1ldmVyZXN0LWNsaW1icy1pbnRsLWhuay9pbmRleC5odG1s0gFhaHR0cHM6Ly9hbXAuY25uLmNvbS9jbm4vMjAyNC8wNS8xMi90cmF2ZWwvdWstbW91bnRhaW5lZXItbmVwYWxpLWxvZ3MtbW9zdC1ldmVyZXN0LWNsaW1icy1pbnRsLWhuaw?hl=en-US&gl=US&ceid=US%3Aen",
            "og": "https://encrypted-tbn2.gstatic.com/images?q=tbn:ANd9GcRYc8iHUkllevhFCqLxtWOc0rOfV_jA0I2IeqbGUPMfqCppSBAFYu-H6YDBQ9jAvvMoYczA_CO_mI5Th0vuv-XOk8ELQem8147kYaDyfU_LOd5S6w",
            "source": "CNN",
            "source_icon": "https://encrypted-tbn2.gstatic.com/faviconV2?url=https://www.cnn.com&client=NEWS_360&size=96&type=FAVICON&fallback_opts=TYPE,SIZE,URL",
            "title": "Nepali and British climbers break their own records once more with successful Everest ascents"
        },
        {
            "link": "https://news.google.com/articles/CBMicGh0dHBzOi8vd3d3Lm5iY25ld3MuY29tL25ld3Mvd29ybGQvd2VzdGVybi1jYW5hZGEtYmxhemVzLWNhdXNlLWV2YWN1YXRpb24tb3JkZXJzLWFpci1xdWFsaXR5LWNvbmNlcm5zLXJjbmExNTE4ODPSAStodHRwczovL3d3dy5uYmNuZXdzLmNvbS9uZXdzL2FtcC9yY25hMTUxODgz?hl=en-US&gl=US&ceid=US%3Aen",
            "og": "https://encrypted-tbn2.gstatic.com/images?q=tbn:ANd9GcSCJJlwtVBryJBqsbjGgyqVZ2uxYvPsuA6ura-gxHSx5x7qtV7P2cUJ-mIqHIlAfze-r6GQ32S-rnBoWCr0VqSnxJQ25leSRzyRYvftAmkUuioF0Q",
            "source": "NBC News",
            "source_icon": "https://encrypted-tbn1.gstatic.com/faviconV2?url=https://www.nbcnews.com&client=NEWS_360&size=96&type=FAVICON&fallback_opts=TYPE,SIZE,URL",
            "title": "Western Canada blazes cause evacuation orders, air quality concerns"
        },
        {
            "link": "https://news.google.com/articles/CBMicmh0dHBzOi8vd3d3LmFsamF6ZWVyYS5jb20vbmV3cy8yMDI0LzUvMTIvZWd5cHQtc2F5cy1pdC13aWxsLWpvaW4tc291dGgtYWZyaWNhcy1nZW5vY2lkZS1jYXNlLWFnYWluc3QtaXNyYWVsLWF0LWljatIBdmh0dHBzOi8vd3d3LmFsamF6ZWVyYS5jb20vYW1wL25ld3MvMjAyNC81LzEyL2VneXB0LXNheXMtaXQtd2lsbC1qb2luLXNvdXRoLWFmcmljYXMtZ2Vub2NpZGUtY2FzZS1hZ2FpbnN0LWlzcmFlbC1hdC1pY2o?hl=en-US&gl=US&ceid=US%3Aen",
            "og": "https://encrypted-tbn2.gstatic.com/images?q=tbn:ANd9GcRyh4xmEUikVgEYsK8kPmYuMd4zjJkCSG1zIttHWv1k_JRiG_3_Tu5h7Kk-s5rKHcRWfFfGJjdIgpiM67aZJbtnwajc_XXHPd74GX9S2OTJ3p9yKQ",
            "source": "Al Jazeera English",
            "source_icon": "https://encrypted-tbn0.gstatic.com/faviconV2?url=https://www.aljazeera.com&client=NEWS_360&size=96&type=FAVICON&fallback_opts=TYPE,SIZE,URL",
            "title": "Egypt says it will join South Africa’s genocide case against Israel at ICJ"
        },
        {
            "link": "https://news.google.com/articles/CBMigAFodHRwczovL3RoZWhpbGwuY29tL3BvbGljeS9kZWZlbnNlLzQ2NTk0ODAtbXktbGlmZS1pcy1pbi1kYW5nZXItc2F5cy1tYXJpbmUtdmV0LXdoby10cmllZC10by1oZWxwLW5vcnRoLWtvcmVhbi1kaXBsb21hdHMtZGVmZWN0L9IBhAFodHRwczovL3RoZWhpbGwuY29tL3BvbGljeS9kZWZlbnNlLzQ2NTk0ODAtbXktbGlmZS1pcy1pbi1kYW5nZXItc2F5cy1tYXJpbmUtdmV0LXdoby10cmllZC10by1oZWxwLW5vcnRoLWtvcmVhbi1kaXBsb21hdHMtZGVmZWN0L2FtcC8?hl=en-US&gl=US&ceid=US%3Aen",
            "og": "https://encrypted-tbn3.gstatic.com/images?q=tbn:ANd9GcRDbUa1ta-tkMHxaAruqql9ibmMWTaye7w4vPbbRsOBri9wvgelgqZ0Rd5l_YtgKXmQVhIV1QatSnAG03Bwg-oA2GKrHfHCFvcwS0U5UplTCFWuSA",
            "source": "The Hill",
            "source_icon": "https://encrypted-tbn2.gstatic.com/faviconV2?url=https://thehill.com&client=NEWS_360&size=96&type=FAVICON&fallback_opts=TYPE,SIZE,URL",
            "title": "‘My life is in danger,’ says marine vet who tried to help North Korean diplomats defect"
        },
        {
            "link": "https://news.google.com/articles/CBMibWh0dHBzOi8vd3d3LmJhcnJvbnMuY29tL25ld3MvZG9ncy1ob3JzZXMtcmFiYml0cy1tb3JlLXRoYW4tMTAtMDAwLWFuaW1hbHMtcmVzY3VlZC1mcm9tLWJyYXppbC1mbG9vZHMtZmJiYTI1ZDXSAXFodHRwczovL3d3dy5iYXJyb25zLmNvbS9hbXAvbmV3cy9kb2dzLWhvcnNlcy1yYWJiaXRzLW1vcmUtdGhhbi0xMC0wMDAtYW5pbWFscy1yZXNjdWVkLWZyb20tYnJhemlsLWZsb29kcy1mYmJhMjVkNQ?hl=en-US&gl=US&ceid=US%3Aen",
            "og": "https://encrypted-tbn1.gstatic.com/images?q=tbn:ANd9GcQHOrCIPL15KZFx941d5wBzTWLvgfp81PfloiAaJDqMqJrxKa693eN9WsRl6hfcG7NrjN1TU0OI8fw44Bw_mA",
            "source": "Barron's",
            "source_icon": "https://encrypted-tbn1.gstatic.com/faviconV2?url=https://www.barrons.com&client=NEWS_360&size=96&type=FAVICON&fallback_opts=TYPE,SIZE,URL",
            "title": "Dogs, Horses, Rabbits: More Than 10,000 Animals Rescued From Brazil Floods"
        },
        {
            "link": "https://news.google.com/articles/CBMieGh0dHBzOi8vd3d3LnJldXRlcnMuY29tL3dvcmxkL2FzaWEtcGFjaWZpYy90YWxpYmFuLW1pbmlzdHJ5LWRlYXRoLXRvbGwtZmxvb2RzLW5vcnRoZXJuLWFmZ2hhbmlzdGFuLXJpc2VzLTMxNS0yMDI0LTA1LTEyL9IBAA?hl=en-US&gl=US&ceid=US%3Aen",
            "og": "https://encrypted-tbn0.gstatic.com/images?q=tbn:ANd9GcTQLWGinNoBmfIzZt5deJJefF1OICz5gIquMNtpgYeQKRSwZJxPFAK1fo9NhiAeLcHBRKr-qXGeSMFxjLD9B_1ugmwwN6zsBdaUrSjcyItZ3SZY_g",
            "source": "Reuters",
            "source_icon": "https://encrypted-tbn2.gstatic.com/faviconV2?url=https://www.reuters.com&client=NEWS_360&size=96&type=FAVICON&fallback_opts=TYPE,SIZE,URL",
            "title": "Afghanistan floods devastate villages, killing 315"
        },
        {
            "link": "https://news.google.com/articles/CBMicWh0dHBzOi8vd3d3LmFsamF6ZWVyYS5jb20vbmV3cy8yMDI0LzUvMTIvbGl0aHVhbmlhLXZvdGVzLXRvLWVsZWN0LXByZXNpZGVudC1hbWlkLWNvbmNlcm5zLW92ZXItcnVzc2lhLXVrcmFpbmUtd2Fy0gF1aHR0cHM6Ly93d3cuYWxqYXplZXJhLmNvbS9hbXAvbmV3cy8yMDI0LzUvMTIvbGl0aHVhbmlhLXZvdGVzLXRvLWVsZWN0LXByZXNpZGVudC1hbWlkLWNvbmNlcm5zLW92ZXItcnVzc2lhLXVrcmFpbmUtd2Fy?hl=en-US&gl=US&ceid=US%3Aen",
            "og": "https://encrypted-tbn2.gstatic.com/images?q=tbn:ANd9GcTbULYMhBy2CIUaSIXk9yflE3eVbx_tC0ZnMYF1RkLFp-OpasXtC42CWAOfEG4FSwQB3kxpCQVTQQ-niugXHf-cqbNfITzzCpRj9VMuytknIjC83A",
            "source": "Al Jazeera English",
            "source_icon": "https://encrypted-tbn0.gstatic.com/faviconV2?url=https://www.aljazeera.com&client=NEWS_360&size=96&type=FAVICON&fallback_opts=TYPE,SIZE,URL",
            "title": "Lithuania holds presidential election amid concerns over Russia-Ukraine war"
        },
        {
            "link": "https://news.google.com/articles/CBMiW2h0dHBzOi8vd3d3LmNubi5jb20vMjAyNC8wNS8xMy90cmF2ZWwvYXVzdHJhbGlhLXBsYW5lLXdoZWVscy11cC1sYW5kaW5nLWludGwtaG5rL2luZGV4Lmh0bWzSAVRodHRwczovL2FtcC5jbm4uY29tL2Nubi8yMDI0LzA1LzEzL3RyYXZlbC9hdXN0cmFsaWEtcGxhbmUtd2hlZWxzLXVwLWxhbmRpbmctaW50bC1obms?hl=en-US&gl=US&ceid=US%3Aen",
            "og": "https://encrypted-tbn0.gstatic.com/images?q=tbn:ANd9GcTFJowbuO34cGjHztMN_gJ9tiCnBY4ifrRhUmuJGsmMddTYitQ0nrmAF4HuxvizxKeGwHfOcC1tSGVaz3tLAt6K0YW3Zw92HdIdSetHc5xOAb8o_g",
            "source": "CNN",
            "source_icon": "https://encrypted-tbn2.gstatic.com/faviconV2?url=https://www.cnn.com&client=NEWS_360&size=96&type=FAVICON&fallback_opts=TYPE,SIZE,URL",
            "title": "Plane makes successful wheels-up emergency landing in Australia after circling airport for hours"
        },
        {
            "link": "https://news.google.com/articles/CBMic2h0dHBzOi8vd3d3Lm5iY25ld3MuY29tL21lZXQtdGhlLXByZXNzL3ZpZGVvL21heS0xMi1zZWMtYmxpbmtlbi1zZW5zLWJlcm5pZS1zYW5kZXJzLWFuZC1saW5kc2V5LWdyYWhhbS0yMTA3NTkyMzc1ODnSATdodHRwczovL3d3dy5uYmNuZXdzLmNvbS9uZXdzL2FtcC12aWRlby9tbXZvMjEwNzU5MjM3NTg5?hl=en-US&gl=US&ceid=US%3Aen",
            "og": "https://encrypted-tbn2.gstatic.com/images?q=tbn:ANd9GcSwJ_oz1qLBrxgToDT90GHizjYGfeatsB_O-J5mEpDyyzuspxZmHoqp2FFNgt8chZF9vfY5YXplFOpApjdA5W6aX7TLO0mjnYPYUn9r-9pP18uVRg",
            "source": "NBC News",
            "source_icon": "https://encrypted-tbn1.gstatic.com/faviconV2?url=https://www.nbcnews.com&client=NEWS_360&size=96&type=FAVICON&fallback_opts=TYPE,SIZE,URL",
            "title": "May 12 — Sec. Blinken, Sens. Bernie Sanders and Lindsey Graham"
        },
        {
            "link": "https://news.google.com/articles/CBMiVGh0dHBzOi8vd3d3LnBvbGl0aWNvLmNvbS9uZXdzLzIwMjQvMDUvMTIvY2hyaXMtY29vbnMtbmV0YW55YWh1LWlzcmFlbC1iaWRlbi0wMDE1NzQ5MNIBAA?hl=en-US&gl=US&ceid=US%3Aen",
            "og": "https://encrypted-tbn3.gstatic.com/images?q=tbn:ANd9GcRK2Vgwv799OLnl9UUH9Qwd7oaXiu-pPIYlRyRKQf8eK4varHbCAyqNi8GQ22GNM48",
            "source": "POLITICO",
            "source_icon": "https://encrypted-tbn1.gstatic.com/faviconV2?url=https://www.politico.com&client=NEWS_360&size=96&type=FAVICON&fallback_opts=TYPE,SIZE,URL",
            "title": "Netanyahu needs to consider his legacy, Chris Coons says"
        },
        {
            "link": "https://news.google.com/articles/CBMiSGh0dHBzOi8vd3d3Lndhc2hpbmd0b25wb3N0LmNvbS93b3JsZC8yMDI0LzA1LzEyL3N1ZGFuLXdhci1yc2YtZWwtZmFzaGlyL9IBAA?hl=en-US&gl=US&ceid=US%3Aen",
            "og": "https://encrypted-tbn1.gstatic.com/images?q=tbn:ANd9GcQzQ-Zcg53EkefesDv9Sr9idlfKWDFjVwQ9TWx400lrBQPG7TlgXRahPveSGPrja82ix9nU6QYF_pXrYYZ9TFoPrjr-cRrRqrg9dKfR2Nc1GNYFTA",
            "source": "The Washington Post",
            "source_icon": "https://encrypted-tbn3.gstatic.com/faviconV2?url=https://www.washingtonpost.com&client=NEWS_360&size=96&type=FAVICON&fallback_opts=TYPE,SIZE,URL",
            "title": "Hospitals overflowing in Sudan’s El Fashir as final battle looms"
        },
        {
            "link": "https://news.google.com/articles/CBMiW2h0dHBzOi8vd3d3LmZveG5ld3MuY29tL21lZGlhL2JpZGVuLXBvbGljeS1lbnN1cmluZy1oYW1hcy1zdGF5cy1zdHJvbmctbWFyaW5lLWNvcnBzLXZldGVyYW7SAV9odHRwczovL3d3dy5mb3huZXdzLmNvbS9tZWRpYS9iaWRlbi1wb2xpY3ktZW5zdXJpbmctaGFtYXMtc3RheXMtc3Ryb25nLW1hcmluZS1jb3Jwcy12ZXRlcmFuLmFtcA?hl=en-US&gl=US&ceid=US%3Aen",
            "og": "https://encrypted-tbn1.gstatic.com/images?q=tbn:ANd9GcSK5QWigWBxlwqlrpK1bup3kCqbLzLtpSBYm5D04Yt42srwIkLUDAYPR7uvLfw19ISIdq7LQ_rP9iLd3oHwAp7DpNR12U7JLcPWtRAdXWeP8FzpCg",
            "source": "Fox News",
            "source_icon": "https://encrypted-tbn3.gstatic.com/faviconV2?url=https://www.foxnews.com&client=NEWS_360&size=96&type=FAVICON&fallback_opts=TYPE,SIZE,URL",
            "title": "Biden policy is ensuring that Hamas 'stays strong': Marine Corps veteran"
        },
        {
            "link": "https://news.google.com/articles/CBMiaWh0dHBzOi8vYXBuZXdzLmNvbS9hcnRpY2xlL2lzcmFlbC1wYWxlc3RpbmlhbnMtaGFtYXMtd2FyLW5ld3MtMDUtMTItMjAyNC1jNjFmYmUwNmJjNWMxYTdjODVhYzE4YTU0MmU4Nzc2ZdIBAA?hl=en-US&gl=US&ceid=US%3Aen",
            "og": "https://encrypted-tbn2.gstatic.com/images?q=tbn:ANd9GcQLSC0t6UmV9T3Xei_cPzsMI_waInzCc6k8e9_QFzDj-23cNjfkBqb9VA4o3ieR6EgwoKWwdaqeKLS1GPwQ9p6Z74BrnnibKzIvKA6dBwzRpponaA",
            "source": "The Associated Press",
            "source_icon": "https://encrypted-tbn2.gstatic.com/faviconV2?url=https://apnews.com&client=NEWS_360&size=96&type=FAVICON&fallback_opts=TYPE,SIZE,URL",
            "title": "Israel-Hamas war: Israel pushes deeper into Rafah"
        },
        {
            "link": "https://news.google.com/articles/CBMibGh0dHBzOi8vd3d3LnBvbGl0aWNvLmV1L2FydGljbGUvbm9ydGgtbWFjZWRvbmlhLXByZXNpZGVudC1lbGVjdC1zcGFya3Mtcm93LXdpdGgtZ3JlZWNlLXN3ZWFyaW5nLWluLWNlcmVtb255L9IBAA?hl=en-US&gl=US&ceid=US%3Aen",
            "og": "https://encrypted-tbn2.gstatic.com/images?q=tbn:ANd9GcTOqaJnFVUbvurY4ntaHw46dY7mfm0VXSv429EEiBanc3Lcv3r-Mrm9uIrRY5h6zO8tNVleUPKFIesPvePIcyw-uJWXDqvirMWfD1Zsijo_F9P6SA",
            "source": "POLITICO Europe",
            "source_icon": "https://encrypted-tbn2.gstatic.com/faviconV2?url=https://www.politico.eu&client=NEWS_360&size=96&type=FAVICON&fallback_opts=TYPE,SIZE,URL",
            "title": "North Macedonia president-elect sparks row with Greece at swearing-in"
        },
        {
            "link": "https://news.google.com/articles/CBMijAFodHRwczovL255cG9zdC5jb20vMjAyNC8wNS8xMy93b3JsZC1uZXdzL3VzLXNvbGRpZXItZ29yZG9uLWJsYWNrLWdvdC1pbi1ibG9vZHktZmlnaHQtd2l0aC1ydXNzaWFuLWdpcmxmcmllbmQtbW9udGhzLWJlZm9yZS1hcnJlc3QtaW4tcnVzc2lhL9IBkAFodHRwczovL255cG9zdC5jb20vMjAyNC8wNS8xMy93b3JsZC1uZXdzL3VzLXNvbGRpZXItZ29yZG9uLWJsYWNrLWdvdC1pbi1ibG9vZHktZmlnaHQtd2l0aC1ydXNzaWFuLWdpcmxmcmllbmQtbW9udGhzLWJlZm9yZS1hcnJlc3QtaW4tcnVzc2lhL2FtcC8?hl=en-US&gl=US&ceid=US%3Aen",
            "og": "https://encrypted-tbn2.gstatic.com/images?q=tbn:ANd9GcRDG6uw9K_RuQKVkp0UDaTgjiQ6J-RA4u_DJuNVIQd784LwpnBSF42zM6Sfx_WfhCSfi2NGTjoB5hoV60nPNQGJ_45Bn3E40Hm1Mm3ID8fryMUgjQ",
            "source": "New York Post",
            "source_icon": "https://encrypted-tbn3.gstatic.com/faviconV2?url=https://nypost.com&client=NEWS_360&size=96&type=FAVICON&fallback_opts=TYPE,SIZE,URL",
            "title": "US soldier detained in Russia was stabbed by girlfriend during on-camera fight in front of his wife, daughter: 'had blood on his face'"
        },
        {
            "link": "https://news.google.com/articles/CBMiTGh0dHBzOi8vd3d3LnBvbGl0aWNvLmNvbS9uZXdzLzIwMjQvMDUvMTIvY2FuYWRhLWluZGlhLXNpa2gta2lsbGluZ3MtMDAxNTc0OTPSAQA?hl=en-US&gl=US&ceid=US%3Aen",
            "og": "https://encrypted-tbn1.gstatic.com/images?q=tbn:ANd9GcTKiZUFg6t-27eRQIuWNU_wwz_yDRBCxCiGsqUDDJEr-egB80itge4rDUzBXXqKXL8",
            "source": "POLITICO",
            "source_icon": "https://encrypted-tbn1.gstatic.com/faviconV2?url=https://www.politico.com&client=NEWS_360&size=96&type=FAVICON&fallback_opts=TYPE,SIZE,URL",
            "title": "Canadian police announce arrest of 4th Indian suspect in killing of Sikh activist"
        },
        {
            "link": "https://news.google.com/articles/CBMibWh0dHBzOi8vd3d3LnRpbWVzb2Zpc3JhZWwuY29tL2JpZGVuLXNheXMtdGhlcmUtd291bGQtYmUtYS1jZWFzZWZpcmUtaW4tZ2F6YS10b21vcnJvdy1pZi1oYW1hcy1mcmVlcy1ob3N0YWdlcy_SAXFodHRwczovL3d3dy50aW1lc29maXNyYWVsLmNvbS9iaWRlbi1zYXlzLXRoZXJlLXdvdWxkLWJlLWEtY2Vhc2VmaXJlLWluLWdhemEtdG9tb3Jyb3ctaWYtaGFtYXMtZnJlZXMtaG9zdGFnZXMvYW1wLw?hl=en-US&gl=US&ceid=US%3Aen",
            "og": "https://encrypted-tbn3.gstatic.com/images?q=tbn:ANd9GcTkzhe0I4Lko7bWPJrUC3hde35MUwNxIgsnSxBmsagYmuIb1YN5DpGWbSzKgDOlhUZucj5wezbRavLW_kUx8K9VSgcQ2eRLV3Y13pn3lL_YbiK-SA",
            "source": "The Times of Israel",
            "source_icon": "https://encrypted-tbn3.gstatic.com/faviconV2?url=https://www.timesofisrael.com&client=NEWS_360&size=96&type=FAVICON&fallback_opts=TYPE,SIZE,URL",
            "title": "Biden says there would be a ceasefire in Gaza ‘tomorrow’ if Hamas frees hostages"
        },
        {
            "link": "https://news.google.com/articles/CBMigwFodHRwczovL3d3dy5wb2xpdGljby5jb20vbmV3cy8yMDI0LzA1LzEyL3Bvb3Ita2VueWFucy1mZWVsLWRldmFzdGF0ZWQtYnktZmxvb2RzLWFuZC1icnV0YWxpemVkLWJ5LXRoZS1nb3Zlcm5tZW50cy1yZXNwb25zZS0wMDE1NzQ4NdIBAA?hl=en-US&gl=US&ceid=US%3Aen",
            "og": "https://encrypted-tbn1.gstatic.com/images?q=tbn:ANd9GcQ9g_joSXWH6SaAR9msps1CNtI1e7mjCx4qSCA6iuOq10bqxtZ3Kojth0dNmwVGCJ4",
            "source": "POLITICO",
            "source_icon": "https://encrypted-tbn1.gstatic.com/faviconV2?url=https://www.politico.com&client=NEWS_360&size=96&type=FAVICON&fallback_opts=TYPE,SIZE,URL",
            "title": "Poor Kenyans feel devastated by floods and brutalized by the government's response"
        },
        {
            "link": "https://news.google.com/articles/CBMibGh0dHBzOi8vd3d3Lm5iY25ld3MuY29tL25ld3Mvd29ybGQvbWFnbml0dWRlLTY0LWVhcnRocXVha2Utc3RyaWtlLXJhdHRsZXMtbWV4aWNvLWd1YXRlbWFsYS1ib3JkZXItcmNuYTE1MTg2MdIBK2h0dHBzOi8vd3d3Lm5iY25ld3MuY29tL25ld3MvYW1wL3JjbmExNTE4NjE?hl=en-US&gl=US&ceid=US%3Aen",
            "og": "https://encrypted-tbn0.gstatic.com/images?q=tbn:ANd9GcQHRuUzKKmMjeB2x2pFNCfrG0c72XiGUL-Sgr23IpKZivDnycsQqI1hCq7AcWrAMC3F2FWnqZLbE6LwAyFwoZ03RyoFA6Gb0MRGDoED2ypPR_Sssg",
            "source": "NBC News",
            "source_icon": "https://encrypted-tbn1.gstatic.com/faviconV2?url=https://www.nbcnews.com&client=NEWS_360&size=96&type=FAVICON&fallback_opts=TYPE,SIZE,URL",
            "title": "Magnitude-6.4 earthquake strike rattles Mexico-Guatemala border"
        },
        {
            "link": "https://news.google.com/articles/CBMicmh0dHBzOi8vd3d3LmJsb29tYmVyZy5jb20vbmV3cy9hcnRpY2xlcy8yMDI0LTA1LTEyL2lzcmFlbC1tYXJrcy03NnRoLWluZGVwZW5kZW5jZS1kYXktd29ycmllZC1hbmQtZGVlcGx5LWZyYWN0dXJlZNIBAA?hl=en-US&gl=US&ceid=US%3Aen",
            "og": "https://encrypted-tbn1.gstatic.com/images?q=tbn:ANd9GcTiVjYULnInh9p2zSG2clShVxdYIjpmbuwrU-WYayXnfZtG3IkXLSwDTS3-PlGwqECOkFYrIjC1bQzPcK1dT0glZrBeeMu16fVW5HiqetrLI8UsHQ",
            "source": "Bloomberg",
            "source_icon": "https://encrypted-tbn1.gstatic.com/faviconV2?url=https://www.bloomberg.com&client=NEWS_360&size=96&type=FAVICON&fallback_opts=TYPE,SIZE,URL",
            "title": "Israel-Hamas War: Israel Deeply Fractured as it Marks 76th Independence Day"
        },
        {
            "link": "https://news.google.com/articles/CBMiYWh0dHBzOi8vd3d3LmZveG5ld3MuY29tL3BvbGl0aWNzL2JpZGVuLWFkbWluaXN0cmF0aW9uLXB1c2hpbmctYXZvaWQtaXNyYWVsaS1pbnZhc2lvbi1yYWZhaC1yZXBvcnTSAWVodHRwczovL3d3dy5mb3huZXdzLmNvbS9wb2xpdGljcy9iaWRlbi1hZG1pbmlzdHJhdGlvbi1wdXNoaW5nLWF2b2lkLWlzcmFlbGktaW52YXNpb24tcmFmYWgtcmVwb3J0LmFtcA?hl=en-US&gl=US&ceid=US%3Aen",
            "og": "https://encrypted-tbn0.gstatic.com/images?q=tbn:ANd9GcTXQ4KM1nF2QXICGqt6myWpFMAwtrWa0bubOafLNtoxQUHBTFDG1zbzn0iNxclv-phxNoY2ptO4kF8mcjZbQWdC_LQ_G7hUGlJwM6rzCGB8UYKb0w",
            "source": "Fox News",
            "source_icon": "https://encrypted-tbn3.gstatic.com/faviconV2?url=https://www.foxnews.com&client=NEWS_360&size=96&type=FAVICON&fallback_opts=TYPE,SIZE,URL",
            "title": "US offers Israel intel on Hamas leaders for pledge to hold back on Rafah"
        },
        {
            "link": "https://news.google.com/articles/CBMipgFodHRwczovL3d3dy5oYWFyZXR6LmNvbS9pc3JhZWwtbmV3cy8yMDI0LTA1LTEyL3R5LWFydGljbGUvLnByZW1pdW0vd2h5LWlzcmFlbHMtZ2VuZXJhbHMtYXJlLW5vdy1vcGVubHktYnJpZWZpbmctYWdhaW5zdC1uZXRhbnlhaHUvMDAwMDAxOGYtNmQxNS1kOGM5LWEzY2YtNmQ1ZGViNWIwMDAw0gEA?hl=en-US&gl=US&ceid=US%3Aen",
            "og": "https://encrypted-tbn0.gstatic.com/images?q=tbn:ANd9GcR4JLH1GGNuoftEdTZNVdVPCUpMbvYuxo2KwzY0WnAm1ouQS2V75R6UrkVC5aeT8yJeoEYOQ_z0iiCBRa1qqjwoT8pkNxs5NYEHxsAN",
            "source": "Haaretz",
            "source_icon": "https://encrypted-tbn3.gstatic.com/faviconV2?url=https://www.haaretz.com&client=NEWS_360&size=96&type=FAVICON&fallback_opts=TYPE,SIZE,URL",
            "title": "Why Israel's Generals Are Now Openly Briefing Against Netanyahu - Israel News"
        },
        {
            "link": "https://news.google.com/articles/CBMiX2h0dHBzOi8vd3d3LnBvbGl0aWNvLmV1L2FydGljbGUvaXNyYWVsLWdhemEtamFiYWxpYS1yYWZhaC1taWxpdGFyeS1vcGVyYXRpb25zLWNlYXNlLWZpcmUtY2FsbHMv0gEA?hl=en-US&gl=US&ceid=US%3Aen",
            "og": "https://encrypted-tbn2.gstatic.com/images?q=tbn:ANd9GcRNk73TO9FfBUEn7QlRlIiVgB6pEvWwHE6CM97FmLsKrA3DEwP2uSXkqwBaTU491JntShI-3uh0Pqs72Xk2hBepLcz5mrV__zxRsolp757EgqkTmg",
            "source": "POLITICO Europe",
            "source_icon": "https://encrypted-tbn2.gstatic.com/faviconV2?url=https://www.politico.eu&client=NEWS_360&size=96&type=FAVICON&fallback_opts=TYPE,SIZE,URL",
            "title": "Cease-fire calls mount as Israel ramps up military operations in Gaza"
        }
    ]
}
Request URI:	https://ok.surf/api/v1/cors/news-section-names
HTTP/1.1 200 OK
[
    "US",
    "World",
    "Business",
    "Technology",
    "Entertainment",
    "Sports",
    "Science",
    "Health"
]
]]></system-out>
  <system-err><![CDATA[]]></system-err>
</testsuite>
